#========================================================================================
#                     Free energy perturbation    
#----------------------------------------------------------------------------------------
#forward/backward          λ              ΔΔA                 ΔA                  δε   
#                                                 
#----------------------------------------------------------------------------------------
forward:               0.0000              0.0000              0.0000              0.0000  
forward:               0.0500              2.0741              2.0741              0.0315  
forward:               0.1000              1.1156              3.1897              0.0384  
forward:               0.1500              0.5596              3.7493              0.0407  
forward:               0.2000              0.2679              4.0172              0.0419  
forward:               0.2500              0.1371              4.1543              0.0427  
forward:               0.3000              0.0454              4.1997              0.0432  
forward:               0.3500             -0.0103              4.1894              0.0438  
forward:               0.4000             -0.0745              4.1149              0.0441  
forward:               0.4500             -0.1047              4.0102              0.0444  
forward:               0.5000             -0.1172              3.8930              0.0447  
forward:               0.5500             -0.2442              3.6489              0.0452  
forward:               0.6000             -0.4686              3.1803              0.0456  
forward:               0.6500             -0.6742              2.5061              0.0461  
forward:               0.7000             -0.8471              1.6589              0.0467  
forward:               0.7500             -0.9723              0.6867              0.0471  
forward:               0.8000             -1.0657             -0.3791              0.0475  
forward:               0.8500             -1.0842             -1.4632              0.0478  
forward:               0.9000             -1.0841             -2.5473              0.0481  
forward:               0.9500             -1.0632             -3.6105              0.0484  
forward:               1.0000             -1.0411             -4.6516              0.0486  
backward:              1.0000              0.0000             -4.6516              0.0000  
backward:              0.9500              1.0587             -3.5928              0.0061  
backward:              0.9000              1.0562             -2.5367              0.0095  
backward:              0.8500              1.0817             -1.4550              0.0114  
backward:              0.8000              1.0850             -0.3700              0.0127  
backward:              0.7500              1.0583              0.6883              0.0144  
backward:              0.7000              0.9754              1.6637              0.0164  
backward:              0.6500              0.8578              2.5215              0.0180  
backward:              0.6000              0.6673              3.1888              0.0191  
backward:              0.5500              0.4682              3.6570              0.0209  
backward:              0.5000              0.2420              3.8990              0.0218  
backward:              0.4500              0.1300              4.0290              0.0226  
backward:              0.4000              0.0974              4.1264              0.0233  
backward:              0.3500              0.0663              4.1927              0.0242  
backward:              0.3000              0.0164              4.2091              0.0259  
backward:              0.2500             -0.0336              4.1756              0.0271  
backward:              0.2000             -0.1087              4.0668              0.0295  
backward:              0.1500             -0.2632              3.8036              0.0317  
backward:              0.1000             -0.5639              3.2397              0.0365  
backward:              0.0500             -1.0517              2.1881              0.0505  
backward:              0.0000             -2.0159              0.1722              0.0655  
Inaccuracy estimation
======================================================================================================
                   i        i+δi          P0_overlap_P1   δε(forward)/ε   δε(backward)/ε
======================================================================================================
inaccuracy:  0.00000        0.05000           29.78           -0.00            2.45
inaccuracy:  0.05000        0.10000           39.28           -0.07            1.43
inaccuracy:  0.10000        0.15000           52.52           -0.03            0.70
inaccuracy:  0.15000        0.20000           61.23           -0.02            0.38
inaccuracy:  0.20000        0.25000           62.96           -0.03            0.26
inaccuracy:  0.25000        0.30000           66.53           -0.02            0.20
inaccuracy:  0.30000        0.35000           68.55           -0.02            0.16
inaccuracy:  0.35000        0.40000           71.63           -0.02            0.13
inaccuracy:  0.40000        0.45000           71.90           -0.02            0.12
inaccuracy:  0.45000        0.50000           70.68           -0.02            0.12
inaccuracy:  0.50000        0.55000           64.57           -0.10            0.15
inaccuracy:  0.55000        0.60000           64.61           -0.12            0.12
inaccuracy:  0.60000        0.65000           64.85           -0.13            0.09
inaccuracy:  0.65000        0.70000           64.08           -0.14            0.07
inaccuracy:  0.70000        0.75000           64.64           -0.13            0.06
inaccuracy:  0.75000        0.80000           66.12           -0.12            0.05
inaccuracy:  0.80000        0.85000           65.30           -0.13            0.05
inaccuracy:  0.85000        0.90000           65.12           -0.13            0.05
inaccuracy:  0.90000        0.95000           65.02           -0.09            0.06
inaccuracy:  0.95000        1.00000           62.98           -0.11            0.06
===================================================================================================================================
                BAR        
-----------------------------------------------------------------------------------------------------------------------------------
BAR-estimator:         λ             λ+δλ          ΔΔA             ΔA            C               Δδe            δe       
                          
-----------------------------------------------------------------------------------------------------------------------------------
BAR-estimator:      0.00000        0.05000        2.0623         2.0623         2.0623         0.0141         0.0141 
BAR-estimator:      0.05000        0.10000        1.0920         3.1543         1.0920         0.0117         0.0183 
BAR-estimator:      0.10000        0.15000        0.5644         3.7187         0.5644         0.0085         0.0202 
BAR-estimator:      0.15000        0.20000        0.2737         3.9925         0.2737         0.0064         0.0212 
BAR-estimator:      0.20000        0.25000        0.1209         4.1134         0.1209         0.0052         0.0218 
BAR-estimator:      0.25000        0.30000        0.0389         4.1523         0.0389         0.0047         0.0223 
BAR-estimator:      0.30000        0.35000       -0.0168         4.1355        -0.0168         0.0050         0.0228 
BAR-estimator:      0.35000        0.40000       -0.0702         4.0653        -0.0702         0.0035         0.0231 
BAR-estimator:      0.40000        0.45000       -0.1007         3.9646        -0.1007         0.0033         0.0233 
BAR-estimator:      0.45000        0.50000       -0.1238         3.8407        -0.1238         0.0034         0.0236 
BAR-estimator:      0.50000        0.55000       -0.2461         3.5947        -0.2461         0.0040         0.0239 
BAR-estimator:      0.55000        0.60000       -0.4698         3.1248        -0.4698         0.0036         0.0242 
BAR-estimator:      0.60000        0.65000       -0.6710         2.4538        -0.6710         0.0041         0.0245 
BAR-estimator:      0.65000        0.70000       -0.8511         1.6027        -0.8511         0.0043         0.0249 
BAR-estimator:      0.70000        0.75000       -0.9753         0.6274        -0.9753         0.0042         0.0253 
BAR-estimator:      0.75000        0.80000       -1.0628        -0.4354        -1.0628         0.0045         0.0257 
BAR-estimator:      0.80000        0.85000       -1.0851        -1.5205        -1.0851         0.0041         0.0260 
BAR-estimator:      0.85000        0.90000       -1.0868        -2.6072        -1.0868         0.0044         0.0264 
BAR-estimator:      0.90000        0.95000       -1.0590        -3.6662        -1.0590         0.0043         0.0267 
BAR-estimator:      0.95000        1.00000       -1.0506        -4.7168        -1.0506         0.0043         0.0270 
BAR-estimator: total free energy change is -4.716806460025894 , total error is 0.027039354806276596
