#========================================================================================
#                     Free energy perturbation    
#----------------------------------------------------------------------------------------
#forward/backward          λ              ΔΔA                 ΔA                  δε   
#                                                 
#----------------------------------------------------------------------------------------
forward:               0.0000              0.0000              0.0000              0.0000  
forward:               0.0500              1.8764              1.8764              0.0284  
forward:               0.1000              1.0358              2.9122              0.0331  
forward:               0.1500              0.5759              3.4881              0.0354  
forward:               0.2000              0.3357              3.8238              0.0367  
forward:               0.2500              0.1952              4.0190              0.0375  
forward:               0.3000              0.1069              4.1259              0.0382  
forward:               0.3500              0.0406              4.1665              0.0387  
forward:               0.4000             -0.0091              4.1574              0.0393  
forward:               0.4500             -0.0390              4.1184              0.0396  
forward:               0.5000             -0.0598              4.0586              0.0398  
forward:               0.5500             -0.0987              3.9599              0.0401  
forward:               0.6000             -0.1557              3.8041              0.0404  
forward:               0.6500             -0.1903              3.6139              0.0406  
forward:               0.7000             -0.2283              3.3856              0.0409  
forward:               0.7500             -0.2620              3.1236              0.0411  
forward:               0.8000             -0.2789              2.8448              0.0413  
forward:               0.8500             -0.3005              2.5442              0.0415  
forward:               0.9000             -0.3199              2.2243              0.0417  
forward:               0.9500             -0.3225              1.9018              0.0419  
forward:               1.0000             -0.3445              1.5573              0.0420  
backward:              1.0000              0.0000              1.5573              0.0000  
backward:              0.9500              0.3441              1.9013              0.0045  
backward:              0.9000              0.3333              2.2346              0.0063  
backward:              0.8500              0.3246              2.5592              0.0078  
backward:              0.8000              0.3057              2.8648              0.0086  
backward:              0.7500              0.2817              3.1465              0.0097  
backward:              0.7000              0.2565              3.4030              0.0108  
backward:              0.6500              0.2318              3.6349              0.0118  
backward:              0.6000              0.1815              3.8164              0.0130  
backward:              0.5500              0.1541              3.9705              0.0142  
backward:              0.5000              0.0997              4.0703              0.0154  
backward:              0.4500              0.0649              4.1352              0.0164  
backward:              0.4000              0.0293              4.1645              0.0176  
backward:              0.3500              0.0057              4.1702              0.0186  
backward:              0.3000             -0.0464              4.1238              0.0201  
backward:              0.2500             -0.1018              4.0219              0.0222  
backward:              0.2000             -0.1854              3.8365              0.0240  
backward:              0.1500             -0.3246              3.5119              0.0278  
backward:              0.1000             -0.5934              2.9185              0.0335  
backward:              0.0500             -0.9619              1.9566              0.0400  
backward:              0.0000             -1.7960              0.1606              0.0597  
Inaccuracy estimation
======================================================================================================
                   i        i+δi          P0_overlap_P1   δε(forward)/ε   δε(backward)/ε
======================================================================================================
inaccuracy:  0.00000        0.05000           30.70           -0.03            2.69
inaccuracy:  0.05000        0.10000           43.16           -0.05            1.16
inaccuracy:  0.10000        0.15000           54.69           -0.03            0.61
inaccuracy:  0.15000        0.20000           60.26           -0.03            0.38
inaccuracy:  0.20000        0.25000           65.04           -0.03            0.28
inaccuracy:  0.25000        0.30000           66.34           -0.03            0.20
inaccuracy:  0.30000        0.35000           69.09           -0.02            0.17
inaccuracy:  0.35000        0.40000           71.00           -0.02            0.14
inaccuracy:  0.40000        0.45000           72.31           -0.02            0.12
inaccuracy:  0.45000        0.50000           71.10           -0.02            0.12
inaccuracy:  0.50000        0.55000           70.27           -0.03            0.12
inaccuracy:  0.55000        0.60000           71.29           -0.02            0.11
inaccuracy:  0.60000        0.65000           72.50           -0.03            0.10
inaccuracy:  0.65000        0.70000           71.87           -0.03            0.10
inaccuracy:  0.70000        0.75000           72.79           -0.03            0.09
inaccuracy:  0.75000        0.80000           71.89           -0.03            0.10
inaccuracy:  0.80000        0.85000           71.85           -0.03            0.09
inaccuracy:  0.85000        0.90000           71.83           -0.03            0.09
inaccuracy:  0.90000        0.95000           71.24           -0.04            0.09
inaccuracy:  0.95000        1.00000           71.61           -0.04            0.09
===================================================================================================================================
                BAR        
-----------------------------------------------------------------------------------------------------------------------------------
BAR-estimator:         λ             λ+δλ          ΔΔA             ΔA            C               Δδe            δe       
                          
-----------------------------------------------------------------------------------------------------------------------------------
BAR-estimator:      0.00000        0.05000        1.8536         1.8536         1.8536         0.0065         0.0065 
BAR-estimator:      0.05000        0.10000        1.0155         2.8692         1.0155         0.0098         0.0118 
BAR-estimator:      0.10000        0.15000        0.5819         3.4510         0.5819         0.0075         0.0140 
BAR-estimator:      0.15000        0.20000        0.3328         3.7838         0.3328         0.0061         0.0152 
BAR-estimator:      0.20000        0.25000        0.1937         3.9775         0.1937         0.0051         0.0161 
BAR-estimator:      0.25000        0.30000        0.1007         4.0782         0.1007         0.0047         0.0168 
BAR-estimator:      0.30000        0.35000        0.0408         4.1190         0.0408         0.0040         0.0172 
BAR-estimator:      0.35000        0.40000       -0.0082         4.1108        -0.0082         0.0043         0.0178 
BAR-estimator:      0.40000        0.45000       -0.0365         4.0743        -0.0365         0.0032         0.0180 
BAR-estimator:      0.45000        0.50000       -0.0607         4.0136        -0.0607         0.0033         0.0183 
BAR-estimator:      0.50000        0.55000       -0.0987         3.9150        -0.0987         0.0036         0.0187 
BAR-estimator:      0.55000        0.60000       -0.1542         3.7607        -0.1542         0.0032         0.0190 
BAR-estimator:      0.60000        0.65000       -0.1861         3.5746        -0.1861         0.0038         0.0193 
BAR-estimator:      0.65000        0.70000       -0.2292         3.3454        -0.2292         0.0035         0.0197 
BAR-estimator:      0.70000        0.75000       -0.2586         3.0868        -0.2586         0.0028         0.0199 
BAR-estimator:      0.75000        0.80000       -0.2784         2.8085        -0.2784         0.0031         0.0201 
BAR-estimator:      0.80000        0.85000       -0.3015         2.5070        -0.3015         0.0032         0.0204 
BAR-estimator:      0.85000        0.90000       -0.3213         2.1857        -0.3213         0.0031         0.0206 
BAR-estimator:      0.90000        0.95000       -0.3260         1.8597        -0.3260         0.0031         0.0208 
BAR-estimator:      0.95000        1.00000       -0.3451         1.5146        -0.3451         0.0030         0.0211 
BAR-estimator: total free energy change is 1.514639082554673 , total error is 0.021054802168115012
