#========================================================================================
#                     Free energy perturbation    
#----------------------------------------------------------------------------------------
#forward/backward          λ              ΔΔA                 ΔA                  δε   
#                                                 
#----------------------------------------------------------------------------------------
forward:               0.0000              0.0000              0.0000              0.0000  
forward:               0.0500              1.2823              1.2823              0.0192  
forward:               0.1000              0.7840              2.0663              0.0238  
forward:               0.1500              0.4375              2.5038              0.0264  
forward:               0.2000              0.2578              2.7615              0.0281  
forward:               0.2500              0.1576              2.9192              0.0292  
forward:               0.3000              0.0814              3.0005              0.0301  
forward:               0.3500              0.0487              3.0492              0.0304  
forward:               0.4000              0.0178              3.0670              0.0307  
forward:               0.4500              0.0093              3.0764              0.0309  
forward:               0.5000             -0.0192              3.0572              0.0312  
forward:               0.5500             -0.1210              2.9362              0.0318  
forward:               0.6000             -0.2891              2.6470              0.0324  
forward:               0.6500             -0.4555              2.1915              0.0331  
forward:               0.7000             -0.5855              1.6060              0.0340  
forward:               0.7500             -0.6850              0.9210              0.0347  
forward:               0.8000             -0.7244              0.1966              0.0351  
forward:               0.8500             -0.7254             -0.5289              0.0356  
forward:               0.9000             -0.6982             -1.2271              0.0361  
forward:               0.9500             -0.6684             -1.8955              0.0365  
forward:               1.0000             -0.6404             -2.5359              0.0368  
backward:              1.0000              0.0000             -2.5359              0.0000  
backward:              0.9500              0.6447             -1.8913              0.0055  
backward:              0.9000              0.6757             -1.2156              0.0077  
backward:              0.8500              0.7107             -0.5049              0.0097  
backward:              0.8000              0.7153              0.2104              0.0117  
backward:              0.7500              0.7226              0.9330              0.0142  
backward:              0.7000              0.6938              1.6267              0.0164  
backward:              0.6500              0.6079              2.2346              0.0190  
backward:              0.6000              0.4561              2.6907              0.0204  
backward:              0.5500              0.2859              2.9766              0.0213  
backward:              0.5000              0.1125              3.0891              0.0222  
backward:              0.4500              0.0324              3.1216              0.0228  
backward:              0.4000              0.0079              3.1295              0.0235  
backward:              0.3500             -0.0263              3.1032              0.0243  
backward:              0.3000             -0.0533              3.0499              0.0251  
backward:              0.2500             -0.0891              2.9608              0.0273  
backward:              0.2000             -0.1575              2.8034              0.0292  
backward:              0.1500             -0.3510              2.4524              0.0996  
backward:              0.1000             -0.4257              2.0267              0.1010  
backward:              0.0500             -0.7579              1.2688              0.1029  
backward:              0.0000             -1.2944             -0.0256              0.1102  
Inaccuracy estimation
======================================================================================================
                   i        i+δi          P0_overlap_P1   δε(forward)/ε   δε(backward)/ε
======================================================================================================
inaccuracy:  0.00000        0.05000           42.91           -0.03            1.18
inaccuracy:  0.05000        0.10000           49.14           -0.04            0.85
inaccuracy:  0.10000        0.15000           59.42           -0.02            0.47
inaccuracy:  0.15000        0.20000           64.75           -0.01            0.29
inaccuracy:  0.20000        0.25000           68.66           -0.01            0.19
inaccuracy:  0.25000        0.30000           71.59           -0.01            0.15
inaccuracy:  0.30000        0.35000           72.85           -0.01            0.13
inaccuracy:  0.35000        0.40000           73.97           -0.01            0.11
inaccuracy:  0.40000        0.45000           73.02           -0.02            0.12
inaccuracy:  0.45000        0.50000           73.54           -0.02            0.11
inaccuracy:  0.50000        0.55000           69.02           -0.06            0.14
inaccuracy:  0.55000        0.60000           69.54           -0.09            0.10
inaccuracy:  0.60000        0.65000           67.85           -0.10            0.09
inaccuracy:  0.65000        0.70000           65.94           -0.11            0.08
inaccuracy:  0.70000        0.75000           66.41           -0.09            0.07
inaccuracy:  0.75000        0.80000           67.82           -0.08            0.07
inaccuracy:  0.80000        0.85000           68.80           -0.06            0.07
inaccuracy:  0.85000        0.90000           67.05           -0.07            0.08
inaccuracy:  0.90000        0.95000           66.04           -0.08            0.09
inaccuracy:  0.95000        1.00000           66.55           -0.09            0.10
===================================================================================================================================
                BAR        
-----------------------------------------------------------------------------------------------------------------------------------
BAR-estimator:         λ             λ+δλ          ΔΔA             ΔA            C               Δδe            δe       
                          
-----------------------------------------------------------------------------------------------------------------------------------
BAR-estimator:      0.00000        0.05000        1.2890         1.2890         1.2890         0.0108         0.0108 
BAR-estimator:      0.05000        0.10000        0.7783         2.0673         0.7783         0.0083         0.0136 
BAR-estimator:      0.10000        0.15000        0.4316         2.4989         0.4316         0.0074         0.0155 
BAR-estimator:      0.15000        0.20000        0.2565         2.7554         0.2565         0.0041         0.0160 
BAR-estimator:      0.20000        0.25000        0.1561         2.9115         0.1561         0.0052         0.0168 
BAR-estimator:      0.25000        0.30000        0.0818         2.9933         0.0818         0.0053         0.0176 
BAR-estimator:      0.30000        0.35000        0.0490         3.0422         0.0490         0.0047         0.0183 
BAR-estimator:      0.35000        0.40000        0.0197         3.0619         0.0197         0.0039         0.0187 
BAR-estimator:      0.40000        0.45000        0.0019         3.0638         0.0019         0.0030         0.0189 
BAR-estimator:      0.45000        0.50000       -0.0234         3.0404        -0.0234         0.0032         0.0192 
BAR-estimator:      0.50000        0.55000       -0.1171         2.9233        -0.1171         0.0037         0.0195 
BAR-estimator:      0.55000        0.60000       -0.2885         2.6348        -0.2885         0.0040         0.0199 
BAR-estimator:      0.60000        0.65000       -0.4536         2.1812        -0.4536         0.0042         0.0204 
BAR-estimator:      0.65000        0.70000       -0.5962         1.5850        -0.5962         0.0046         0.0209 
BAR-estimator:      0.70000        0.75000       -0.6898         0.8953        -0.6898         0.0047         0.0214 
BAR-estimator:      0.75000        0.80000       -0.7276         0.1677        -0.7276         0.0049         0.0220 
BAR-estimator:      0.80000        0.85000       -0.7198        -0.5522        -0.7198         0.0039         0.0223 
BAR-estimator:      0.85000        0.90000       -0.7010        -1.2532        -0.7010         0.0041         0.0227 
BAR-estimator:      0.90000        0.95000       -0.6734        -1.9266        -0.6734         0.0043         0.0231 
BAR-estimator:      0.95000        1.00000       -0.6451        -2.5718        -0.6451         0.0044         0.0235 
BAR-estimator: total free energy change is -2.5717618612200392 , total error is 0.023480981243614255
