#========================================================================================
#                     Free energy perturbation    
#----------------------------------------------------------------------------------------
#forward/backward          λ              ΔΔA                 ΔA                  δε   
#                                                 
#----------------------------------------------------------------------------------------
forward:               0.0000              0.0000              0.0000              0.0000  
forward:               0.0500              1.6086              1.6086              0.0256  
forward:               0.1000              0.8100              2.4186              0.0297  
forward:               0.1500              0.4715              2.8901              0.0314  
forward:               0.2000              0.2570              3.1471              0.0326  
forward:               0.2500              0.1659              3.3130              0.0334  
forward:               0.3000              0.0915              3.4044              0.0335  
forward:               0.3500              0.0388              3.4432              0.0341  
forward:               0.4000              0.0050              3.4482              0.0343  
forward:               0.4500             -0.0203              3.4279              0.0347  
forward:               0.5000             -0.0553              3.3726              0.0350  
forward:               0.5500             -0.0924              3.2802              0.0354  
forward:               0.6000             -0.1783              3.1019              0.0357  
forward:               0.6500             -0.2319              2.8701              0.0359  
forward:               0.7000             -0.2782              2.5919              0.0361  
forward:               0.7500             -0.3143              2.2776              0.0363  
forward:               0.8000             -0.3535              1.9241              0.0365  
forward:               0.8500             -0.3843              1.5398              0.0367  
forward:               0.9000             -0.4141              1.1257              0.0368  
forward:               0.9500             -0.4381              0.6876              0.0370  
forward:               1.0000             -0.4587              0.2289              0.0372  
backward:              1.0000              0.0000              0.2289              0.0000  
backward:              0.9500              0.4620              0.6909              0.0041  
backward:              0.9000              0.4411              1.1319              0.0057  
backward:              0.8500              0.4107              1.5426              0.0074  
backward:              0.8000              0.3834              1.9261              0.0087  
backward:              0.7500              0.3510              2.2770              0.0099  
backward:              0.7000              0.3068              2.5838              0.0110  
backward:              0.6500              0.2757              2.8595              0.0122  
backward:              0.6000              0.2285              3.0881              0.0131  
backward:              0.5500              0.1655              3.2536              0.0140  
backward:              0.5000              0.0846              3.3382              0.0151  
backward:              0.4500              0.0403              3.3784              0.0159  
backward:              0.4000              0.0218              3.4002              0.0167  
backward:              0.3500             -0.0074              3.3928              0.0179  
backward:              0.3000             -0.0439              3.3489              0.0191  
backward:              0.2500             -0.0653              3.2836              0.0203  
backward:              0.2000             -0.1579              3.1256              0.0221  
backward:              0.1500             -0.2559              2.8698              0.0248  
backward:              0.1000             -0.4778              2.3920              0.0296  
backward:              0.0500             -0.8035              1.5885              0.0354  
backward:              0.0000             -1.5458              0.0427              0.0526  
Inaccuracy estimation
======================================================================================================
                   i        i+δi          P0_overlap_P1   δε(forward)/ε   δε(backward)/ε
======================================================================================================
inaccuracy:  0.00000        0.05000           33.11           -0.04            2.85
inaccuracy:  0.05000        0.10000           49.97           -0.03            0.89
inaccuracy:  0.10000        0.15000           59.34           -0.02            0.46
inaccuracy:  0.15000        0.20000           65.61           -0.02            0.28
inaccuracy:  0.20000        0.25000           68.47           -0.01            0.20
inaccuracy:  0.25000        0.30000           69.45           -0.02            0.16
inaccuracy:  0.30000        0.35000           73.46           -0.02            0.13
inaccuracy:  0.35000        0.40000           73.73           -0.01            0.11
inaccuracy:  0.40000        0.45000           75.04           -0.01            0.10
inaccuracy:  0.45000        0.50000           76.83           -0.01            0.09
inaccuracy:  0.50000        0.55000           72.79           -0.03            0.10
inaccuracy:  0.55000        0.60000           74.28           -0.03            0.08
inaccuracy:  0.60000        0.65000           74.51           -0.03            0.08
inaccuracy:  0.65000        0.70000           73.92           -0.03            0.07
inaccuracy:  0.70000        0.75000           74.49           -0.03            0.07
inaccuracy:  0.75000        0.80000           74.16           -0.04            0.07
inaccuracy:  0.80000        0.85000           74.18           -0.03            0.07
inaccuracy:  0.85000        0.90000           74.69           -0.03            0.06
inaccuracy:  0.90000        0.95000           74.24           -0.03            0.07
inaccuracy:  0.95000        1.00000           73.32           -0.04            0.06
===================================================================================================================================
                BAR        
-----------------------------------------------------------------------------------------------------------------------------------
BAR-estimator:         λ             λ+δλ          ΔΔA             ΔA            C               Δδe            δe       
                          
-----------------------------------------------------------------------------------------------------------------------------------
BAR-estimator:      0.00000        0.05000        1.6125         1.6125         1.6125         0.0139         0.0139 
BAR-estimator:      0.05000        0.10000        0.8101         2.4226         0.8101         0.0091         0.0166 
BAR-estimator:      0.10000        0.15000        0.4731         2.8956         0.4731         0.0064         0.0178 
BAR-estimator:      0.15000        0.20000        0.2575         3.1531         0.2575         0.0057         0.0187 
BAR-estimator:      0.20000        0.25000        0.1624         3.3155         0.1624         0.0047         0.0193 
BAR-estimator:      0.25000        0.30000        0.0816         3.3971         0.0816         0.0042         0.0197 
BAR-estimator:      0.30000        0.35000        0.0411         3.4382         0.0411         0.0042         0.0201 
BAR-estimator:      0.35000        0.40000        0.0054         3.4436         0.0054         0.0036         0.0205 
BAR-estimator:      0.40000        0.45000       -0.0203         3.4233        -0.0203         0.0034         0.0207 
BAR-estimator:      0.45000        0.50000       -0.0480         3.3753        -0.0480         0.0034         0.0210 
BAR-estimator:      0.50000        0.55000       -0.0904         3.2849        -0.0904         0.0036         0.0213 
BAR-estimator:      0.55000        0.60000       -0.1754         3.1095        -0.1754         0.0030         0.0215 
BAR-estimator:      0.60000        0.65000       -0.2314         2.8781        -0.2314         0.0031         0.0217 
BAR-estimator:      0.65000        0.70000       -0.2807         2.5974        -0.2807         0.0032         0.0220 
BAR-estimator:      0.70000        0.75000       -0.3130         2.2844        -0.3130         0.0032         0.0222 
BAR-estimator:      0.75000        0.80000       -0.3538         1.9305        -0.3538         0.0030         0.0224 
BAR-estimator:      0.80000        0.85000       -0.3861         1.5444        -0.3861         0.0031         0.0226 
BAR-estimator:      0.85000        0.90000       -0.4127         1.1317        -0.4127         0.0030         0.0228 
BAR-estimator:      0.90000        0.95000       -0.4378         0.6940        -0.4378         0.0031         0.0230 
BAR-estimator:      0.95000        1.00000       -0.4597         0.2342        -0.4597         0.0028         0.0232 
BAR-estimator: total free energy change is 0.2342445939455698 , total error is 0.023198430509526354
