#========================================================================================
#                     Free energy perturbation    
#----------------------------------------------------------------------------------------
#forward/backward          λ              ΔΔA                 ΔA                  δε   
#                                                 
#----------------------------------------------------------------------------------------
forward:               0.0000              0.0000              0.0000              0.0000  
forward:               0.0500              0.9470              0.9470              0.0182  
forward:               0.1000              0.5891              1.5360              0.0210  
forward:               0.1500              0.3634              1.8994              0.0226  
forward:               0.2000              0.2551              2.1545              0.0237  
forward:               0.2500              0.1922              2.3467              0.0245  
forward:               0.3000              0.1292              2.4758              0.0253  
forward:               0.3500              0.1004              2.5763              0.0257  
forward:               0.4000              0.0698              2.6461              0.0260  
forward:               0.4500              0.0539              2.7000              0.0264  
forward:               0.5000              0.0352              2.7352              0.0268  
forward:               0.5500              0.0021              2.7373              0.0271  
forward:               0.6000             -0.0655              2.6718              0.0274  
forward:               0.6500             -0.1109              2.5609              0.0277  
forward:               0.7000             -0.1539              2.4070              0.0279  
forward:               0.7500             -0.1712              2.2359              0.0281  
forward:               0.8000             -0.2007              2.0352              0.0283  
forward:               0.8500             -0.2195              1.8157              0.0285  
forward:               0.9000             -0.2294              1.5863              0.0287  
forward:               0.9500             -0.2514              1.3348              0.0289  
forward:               1.0000             -0.2627              1.0722              0.0291  
backward:              1.0000              0.0000              1.0722              0.0000  
backward:              0.9500              0.2640              1.3362              0.0034  
backward:              0.9000              0.2464              1.5826              0.0051  
backward:              0.8500              0.2275              1.8101              0.0064  
backward:              0.8000              0.2158              2.0259              0.0077  
backward:              0.7500              0.2041              2.2300              0.0086  
backward:              0.7000              0.1705              2.4005              0.0098  
backward:              0.6500              0.1450              2.5456              0.0107  
backward:              0.6000              0.1091              2.6547              0.0116  
backward:              0.5500              0.0630              2.7178              0.0125  
backward:              0.5000              0.0112              2.7289              0.0134  
backward:              0.4500             -0.0385              2.6904              0.0140  
backward:              0.4000             -0.0620              2.6284              0.0150  
backward:              0.3500             -0.0676              2.5608              0.0158  
backward:              0.3000             -0.0943              2.4665              0.0168  
backward:              0.2500             -0.1318              2.3347              0.0175  
backward:              0.2000             -0.1817              2.1530              0.0187  
backward:              0.1500             -0.2470              1.9059              0.0203  
backward:              0.1000             -0.3892              1.5168              0.0232  
backward:              0.0500             -0.5773              0.9395              0.0285  
backward:              0.0000             -0.9820             -0.0426              0.0376  
Inaccuracy estimation
======================================================================================================
                   i        i+δi          P0_overlap_P1   δε(forward)/ε   δε(backward)/ε
======================================================================================================
inaccuracy:  0.00000        0.05000           50.13           -0.02            0.98
inaccuracy:  0.05000        0.10000           58.46           -0.01            0.53
inaccuracy:  0.10000        0.15000           67.98           -0.01            0.29
inaccuracy:  0.15000        0.20000           70.41           -0.01            0.19
inaccuracy:  0.20000        0.25000           72.69           -0.01            0.16
inaccuracy:  0.25000        0.30000           75.71           -0.01            0.12
inaccuracy:  0.30000        0.35000           75.81           -0.01            0.10
inaccuracy:  0.35000        0.40000           77.08           -0.00            0.09
inaccuracy:  0.40000        0.45000           78.30           -0.01            0.08
inaccuracy:  0.45000        0.50000           78.85           -0.01            0.08
inaccuracy:  0.50000        0.55000           74.09           -0.02            0.09
inaccuracy:  0.55000        0.60000           75.87           -0.01            0.07
inaccuracy:  0.60000        0.65000           77.59           -0.02            0.07
inaccuracy:  0.65000        0.70000           78.25           -0.02            0.06
inaccuracy:  0.70000        0.75000           77.34           -0.02            0.06
inaccuracy:  0.75000        0.80000           77.12           -0.02            0.06
inaccuracy:  0.80000        0.85000           77.98           -0.02            0.06
inaccuracy:  0.85000        0.90000           77.47           -0.02            0.06
inaccuracy:  0.90000        0.95000           77.43           -0.02            0.06
inaccuracy:  0.95000        1.00000           76.89           -0.02            0.06
===================================================================================================================================
                BAR        
-----------------------------------------------------------------------------------------------------------------------------------
BAR-estimator:         λ             λ+δλ          ΔΔA             ΔA            C               Δδe            δe       
                          
-----------------------------------------------------------------------------------------------------------------------------------
BAR-estimator:      0.00000        0.05000        0.9740         0.9740         0.9740         0.0108         0.0108 
BAR-estimator:      0.05000        0.10000        0.5874         1.5613         0.5874         0.0069         0.0128 
BAR-estimator:      0.10000        0.15000        0.3746         1.9360         0.3746         0.0057         0.0141 
BAR-estimator:      0.15000        0.20000        0.2511         2.1871         0.2511         0.0049         0.0149 
BAR-estimator:      0.20000        0.25000        0.1887         2.3758         0.1887         0.0043         0.0155 
BAR-estimator:      0.25000        0.30000        0.1314         2.5072         0.1314         0.0042         0.0160 
BAR-estimator:      0.30000        0.35000        0.0976         2.6048         0.0976         0.0031         0.0163 
BAR-estimator:      0.35000        0.40000        0.0680         2.6727         0.0680         0.0030         0.0166 
BAR-estimator:      0.40000        0.45000        0.0556         2.7283         0.0556         0.0031         0.0169 
BAR-estimator:      0.45000        0.50000        0.0366         2.7649         0.0366         0.0031         0.0172 
BAR-estimator:      0.50000        0.55000       -0.0033         2.7616        -0.0033         0.0027         0.0174 
BAR-estimator:      0.55000        0.60000       -0.0657         2.6959        -0.0657         0.0030         0.0177 
BAR-estimator:      0.60000        0.65000       -0.1096         2.5863        -0.1096         0.0028         0.0179 
BAR-estimator:      0.65000        0.70000       -0.1504         2.4359        -0.1504         0.0026         0.0181 
BAR-estimator:      0.70000        0.75000       -0.1715         2.2643        -0.1715         0.0027         0.0183 
BAR-estimator:      0.75000        0.80000       -0.2023         2.0621        -0.2023         0.0027         0.0185 
BAR-estimator:      0.80000        0.85000       -0.2181         1.8439        -0.2181         0.0025         0.0186 
BAR-estimator:      0.85000        0.90000       -0.2282         1.6157        -0.2282         0.0027         0.0188 
BAR-estimator:      0.90000        0.95000       -0.2498         1.3659        -0.2498         0.0030         0.0191 
BAR-estimator:      0.95000        1.00000       -0.2639         1.1020        -0.2639         0.0029         0.0193 
BAR-estimator: total free energy change is 1.1019592113885848 , total error is 0.01929427950209022
