#========================================================================================
#                     Free energy perturbation    
#----------------------------------------------------------------------------------------
#forward/backward          λ              ΔΔA                 ΔA                  δε   
#                                                 
#----------------------------------------------------------------------------------------
forward:               0.0000              0.0000              0.0000              0.0000  
forward:               0.0500              0.9097              0.9097              0.0182  
forward:               0.1000              0.5019              1.4117              0.0211  
forward:               0.1500              0.3153              1.7270              0.0223  
forward:               0.2000              0.1923              1.9193              0.0231  
forward:               0.2500              0.1400              2.0593              0.0239  
forward:               0.3000              0.0921              2.1514              0.0245  
forward:               0.3500              0.0564              2.2077              0.0250  
forward:               0.4000              0.0348              2.2425              0.0253  
forward:               0.4500              0.0177              2.2602              0.0256  
forward:               0.5000             -0.0049              2.2553              0.0260  
forward:               0.5500             -0.1617              2.0936              0.0266  
forward:               0.6000             -0.4440              1.6496              0.0273  
forward:               0.6500             -0.7305              0.9190              0.0280  
forward:               0.7000             -0.9525             -0.0335              0.0287  
forward:               0.7500             -1.1443             -1.1778              0.0293  
forward:               0.8000             -1.2761             -2.4539              0.0299  
forward:               0.8500             -1.3633             -3.8172              0.0304  
forward:               0.9000             -1.4145             -5.2318              0.0308  
forward:               0.9500             -1.4501             -6.6818              0.0312  
forward:               1.0000             -1.4573             -8.1392              0.0316  
backward:              1.0000              0.0000             -8.1392              0.0000  
backward:              0.9500              1.4717             -6.6675              0.0057  
backward:              0.9000              1.4347             -5.2328              0.0085  
backward:              0.8500              1.4209             -3.8119              0.0105  
backward:              0.8000              1.3538             -2.4581              0.0125  
backward:              0.7500              1.2744             -1.1837              0.0138  
backward:              0.7000              1.1450             -0.0387              0.0152  
backward:              0.6500              0.9633              0.9246              0.0164  
backward:              0.6000              0.7161              1.6407              0.0178  
backward:              0.5500              0.4507              2.0914              0.0189  
backward:              0.5000              0.1531              2.2445              0.0199  
backward:              0.4500              0.0066              2.2512              0.0205  
backward:              0.4000             -0.0202              2.2309              0.0210  
backward:              0.3500             -0.0320              2.1990              0.0216  
backward:              0.3000             -0.0596              2.1394              0.0227  
backward:              0.2500             -0.0777              2.0617              0.0233  
backward:              0.2000             -0.1292              1.9325              0.0246  
backward:              0.1500             -0.1916              1.7409              0.0271  
backward:              0.1000             -0.3084              1.4325              0.0291  
backward:              0.0500             -0.4897              0.9428              0.0319  
backward:              0.0000             -0.9105              0.0323              0.0405  
Inaccuracy estimation
======================================================================================================
                   i        i+δi          P0_overlap_P1   δε(forward)/ε   δε(backward)/ε
======================================================================================================
inaccuracy:  0.00000        0.05000           48.55           -0.02            0.98
inaccuracy:  0.05000        0.10000           59.57           -0.01            0.48
inaccuracy:  0.10000        0.15000           65.89           -0.01            0.28
inaccuracy:  0.15000        0.20000           71.95           -0.01            0.19
inaccuracy:  0.20000        0.25000           72.39           -0.01            0.15
inaccuracy:  0.25000        0.30000           73.93           -0.01            0.12
inaccuracy:  0.30000        0.35000           76.03           -0.01            0.10
inaccuracy:  0.35000        0.40000           77.05           -0.01            0.09
inaccuracy:  0.40000        0.45000           77.62           -0.01            0.09
inaccuracy:  0.45000        0.50000           77.99           -0.01            0.08
inaccuracy:  0.50000        0.55000           66.82           -0.08            0.12
inaccuracy:  0.55000        0.60000           66.02           -0.12            0.09
inaccuracy:  0.60000        0.65000           65.91           -0.13            0.06
inaccuracy:  0.65000        0.70000           65.97           -0.13            0.04
inaccuracy:  0.70000        0.75000           66.69           -0.13            0.02
inaccuracy:  0.75000        0.80000           67.43           -0.14            0.01
inaccuracy:  0.80000        0.85000           67.12           -0.13            0.01
inaccuracy:  0.85000        0.90000           67.06           -0.14            0.00
inaccuracy:  0.90000        0.95000           67.35           -0.13            0.00
inaccuracy:  0.95000        1.00000           64.77           -0.14            0.01
===================================================================================================================================
                BAR        
-----------------------------------------------------------------------------------------------------------------------------------
BAR-estimator:         λ             λ+δλ          ΔΔA             ΔA            C               Δδe            δe       
                          
-----------------------------------------------------------------------------------------------------------------------------------
BAR-estimator:      0.00000        0.05000        0.9093         0.9093         0.9093         0.0113         0.0113 
BAR-estimator:      0.05000        0.10000        0.5005         1.4099         0.5005         0.0064         0.0130 
BAR-estimator:      0.10000        0.15000        0.3092         1.7190         0.3092         0.0053         0.0140 
BAR-estimator:      0.15000        0.20000        0.1916         1.9107         0.1916         0.0041         0.0146 
BAR-estimator:      0.20000        0.25000        0.1346         2.0453         0.1346         0.0041         0.0152 
BAR-estimator:      0.25000        0.30000        0.0877         2.1330         0.0877         0.0036         0.0156 
BAR-estimator:      0.30000        0.35000        0.0549         2.1879         0.0549         0.0034         0.0160 
BAR-estimator:      0.35000        0.40000        0.0334         2.2213         0.0334         0.0029         0.0163 
BAR-estimator:      0.40000        0.45000        0.0186         2.2399         0.0186         0.0028         0.0165 
BAR-estimator:      0.45000        0.50000       -0.0051         2.2349        -0.0051         0.0030         0.0168 
BAR-estimator:      0.50000        0.55000       -0.1557         2.0792        -0.1557         0.0035         0.0171 
BAR-estimator:      0.55000        0.60000       -0.4486         1.6306        -0.4486         0.0037         0.0175 
BAR-estimator:      0.60000        0.65000       -0.7268         0.9038        -0.7268         0.0032         0.0178 
BAR-estimator:      0.65000        0.70000       -0.9559        -0.0521        -0.9559         0.0045         0.0184 
BAR-estimator:      0.70000        0.75000       -1.1440        -1.1961        -1.1440         0.0040         0.0188 
BAR-estimator:      0.75000        0.80000       -1.2754        -2.4715        -1.2754         0.0043         0.0193 
BAR-estimator:      0.80000        0.85000       -1.3611        -3.8326        -1.3611         0.0039         0.0197 
BAR-estimator:      0.85000        0.90000       -1.4161        -5.2487        -1.4161         0.0040         0.0201 
BAR-estimator:      0.90000        0.95000       -1.4427        -6.6914        -1.4427         0.0041         0.0205 
BAR-estimator:      0.95000        1.00000       -1.4661        -8.1575        -1.4661         0.0042         0.0209 
BAR-estimator: total free energy change is -8.157473855014524 , total error is 0.020938077948015287
