#========================================================================================
#                     Free energy perturbation    
#----------------------------------------------------------------------------------------
#forward/backward          λ              ΔΔA                 ΔA                  δε   
#                                                 
#----------------------------------------------------------------------------------------
forward:               0.0000              0.0000              0.0000              0.0000  
forward:               0.0500              1.2585              1.2585              0.0151  
forward:               0.1000              0.7171              1.9755              0.0191  
forward:               0.1500              0.4081              2.3837              0.0216  
forward:               0.2000              0.2301              2.6138              0.0229  
forward:               0.2500              0.1291              2.7429              0.0235  
forward:               0.3000              0.0616              2.8046              0.0240  
forward:               0.3500              0.0122              2.8168              0.0244  
forward:               0.4000             -0.0197              2.7970              0.0250  
forward:               0.4500             -0.0479              2.7491              0.0253  
forward:               0.5000             -0.0691              2.6800              0.0257  
forward:               0.5500             -0.1346              2.5454              0.0260  
forward:               0.6000             -0.2244              2.3210              0.0263  
forward:               0.6500             -0.2860              2.0349              0.0266  
forward:               0.7000             -0.3407              1.6942              0.0269  
forward:               0.7500             -0.3855              1.3086              0.0273  
forward:               0.8000             -0.4247              0.8839              0.0276  
forward:               0.8500             -0.4618              0.4221              0.0278  
forward:               0.9000             -0.4837             -0.0616              0.0280  
forward:               0.9500             -0.5082             -0.5698              0.0283  
forward:               1.0000             -0.5257             -1.0955              0.0285  
backward:              1.0000              0.0000             -1.0955              0.0000  
backward:              0.9500              0.5256             -0.5699              0.0048  
backward:              0.9000              0.5113             -0.0586              0.0064  
backward:              0.8500              0.4825              0.4239              0.0081  
backward:              0.8000              0.4525              0.8764              0.0092  
backward:              0.7500              0.4220              1.2984              0.0103  
backward:              0.7000              0.3894              1.6878              0.0111  
backward:              0.6500              0.3455              2.0333              0.0121  
backward:              0.6000              0.2866              2.3199              0.0130  
backward:              0.5500              0.2146              2.5345              0.0142  
backward:              0.5000              0.1376              2.6721              0.0151  
backward:              0.4500              0.0754              2.7475              0.0159  
backward:              0.4000              0.0429              2.7904              0.0172  
backward:              0.3500              0.0249              2.8153              0.0181  
backward:              0.3000             -0.0175              2.7978              0.0194  
backward:              0.2500             -0.0759              2.7220              0.0209  
backward:              0.2000             -0.1162              2.6058              0.0222  
backward:              0.1500             -0.2562              2.3495              0.0246  
backward:              0.1000             -0.4190              1.9305              0.0281  
backward:              0.0500             -0.7710              1.1596              0.0497  
backward:              0.0000             -1.2896             -0.1300              0.0585  
Inaccuracy estimation
======================================================================================================
                   i        i+δi          P0_overlap_P1   δε(forward)/ε   δε(backward)/ε
======================================================================================================
inaccuracy:  0.00000        0.05000           41.94           -0.04            1.25
inaccuracy:  0.05000        0.10000           52.36           -0.03            0.74
inaccuracy:  0.10000        0.15000           60.68           -0.02            0.46
inaccuracy:  0.15000        0.20000           65.40           -0.01            0.28
inaccuracy:  0.20000        0.25000           67.46           -0.01            0.21
inaccuracy:  0.25000        0.30000           71.26           -0.02            0.16
inaccuracy:  0.30000        0.35000           71.81           -0.01            0.13
inaccuracy:  0.35000        0.40000           72.68           -0.02            0.13
inaccuracy:  0.40000        0.45000           73.70           -0.02            0.11
inaccuracy:  0.45000        0.50000           73.33           -0.01            0.11
inaccuracy:  0.50000        0.55000           70.78           -0.04            0.11
inaccuracy:  0.55000        0.60000           72.41           -0.04            0.10
inaccuracy:  0.60000        0.65000           72.34           -0.04            0.09
inaccuracy:  0.65000        0.70000           72.36           -0.05            0.08
inaccuracy:  0.70000        0.75000           72.75           -0.04            0.08
inaccuracy:  0.75000        0.80000           73.20           -0.04            0.07
inaccuracy:  0.80000        0.85000           73.06           -0.04            0.07
inaccuracy:  0.85000        0.90000           71.99           -0.04            0.07
inaccuracy:  0.90000        0.95000           71.82           -0.05            0.06
inaccuracy:  0.95000        1.00000           72.09           -0.05            0.07
===================================================================================================================================
                BAR        
-----------------------------------------------------------------------------------------------------------------------------------
BAR-estimator:         λ             λ+δλ          ΔΔA             ΔA            C               Δδe            δe       
                          
-----------------------------------------------------------------------------------------------------------------------------------
BAR-estimator:      0.00000        0.05000        1.2610         1.2610         1.2610         0.0083         0.0083 
BAR-estimator:      0.05000        0.10000        0.7298         1.9908         0.7298         0.0071         0.0109 
BAR-estimator:      0.10000        0.15000        0.4182         2.4090         0.4182         0.0064         0.0127 
BAR-estimator:      0.15000        0.20000        0.2386         2.6476         0.2386         0.0050         0.0136 
BAR-estimator:      0.20000        0.25000        0.1294         2.7770         0.1294         0.0035         0.0141 
BAR-estimator:      0.25000        0.30000        0.0662         2.8432         0.0662         0.0031         0.0144 
BAR-estimator:      0.30000        0.35000        0.0117         2.8550         0.0117         0.0032         0.0148 
BAR-estimator:      0.35000        0.40000       -0.0201         2.8348        -0.0201         0.0037         0.0152 
BAR-estimator:      0.40000        0.45000       -0.0472         2.7877        -0.0472         0.0031         0.0155 
BAR-estimator:      0.45000        0.50000       -0.0714         2.7163        -0.0714         0.0029         0.0158 
BAR-estimator:      0.50000        0.55000       -0.1373         2.5790        -0.1373         0.0030         0.0161 
BAR-estimator:      0.55000        0.60000       -0.2219         2.3571        -0.2219         0.0031         0.0164 
BAR-estimator:      0.60000        0.65000       -0.2858         2.0713        -0.2858         0.0030         0.0167 
BAR-estimator:      0.65000        0.70000       -0.3421         1.7292        -0.3421         0.0028         0.0169 
BAR-estimator:      0.70000        0.75000       -0.3856         1.3436        -0.3856         0.0039         0.0173 
BAR-estimator:      0.75000        0.80000       -0.4235         0.9200        -0.4235         0.0029         0.0176 
BAR-estimator:      0.80000        0.85000       -0.4588         0.4613        -0.4588         0.0029         0.0178 
BAR-estimator:      0.85000        0.90000       -0.4834        -0.0222        -0.4834         0.0034         0.0181 
BAR-estimator:      0.90000        0.95000       -0.5106        -0.5327        -0.5106         0.0030         0.0184 
BAR-estimator:      0.95000        1.00000       -0.5260        -1.0588        -0.5260         0.0030         0.0186 
BAR-estimator: total free energy change is -1.0587710586287646 , total error is 0.01862447915891903
