#========================================================================================
#                     Free energy perturbation    
#----------------------------------------------------------------------------------------
#forward/backward          λ              ΔΔA                 ΔA                  δε   
#                                                 
#----------------------------------------------------------------------------------------
forward:               0.0000              0.0000              0.0000              0.0000  
forward:               0.0500              3.3148              3.3148              0.0421  
forward:               0.1000              1.7201              5.0349              0.0539  
forward:               0.1500              0.7217              5.7566              0.0564  
forward:               0.2000              0.2775              6.0341              0.0576  
forward:               0.2500              0.0742              6.1083              0.0580  
forward:               0.3000             -0.0598              6.0484              0.0582  
forward:               0.3500             -0.1190              5.9295              0.0585  
forward:               0.4000             -0.1912              5.7382              0.0587  
forward:               0.4500             -0.2278              5.5105              0.0588  
forward:               0.5000             -0.2789              5.2316              0.0591  
forward:               0.5500             -0.3016              4.9300              0.0592  
forward:               0.6000             -0.3361              4.5939              0.0594  
forward:               0.6500             -0.3575              4.2364              0.0595  
forward:               0.7000             -0.3892              3.8472              0.0596  
forward:               0.7500             -0.4071              3.4401              0.0598  
forward:               0.8000             -0.4281              3.0121              0.0599  
forward:               0.8500             -0.4398              2.5723              0.0600  
forward:               0.9000             -0.4624              2.1099              0.0601  
forward:               0.9500             -0.4720              1.6378              0.0602  
forward:               1.0000             -0.4974              1.1405              0.0603  
backward:              1.0000              0.0000              1.1405              0.0000  
backward:              0.9500              0.4891              1.6295              0.0039  
backward:              0.9000              0.4696              2.0991              0.0056  
backward:              0.8500              0.4701              2.5692              0.0068  
backward:              0.8000              0.4442              3.0135              0.0079  
backward:              0.7500              0.4276              3.4411              0.0088  
backward:              0.7000              0.4078              3.8489              0.0096  
backward:              0.6500              0.3903              4.2392              0.0103  
backward:              0.6000              0.3537              4.5929              0.0113  
backward:              0.5500              0.3384              4.9313              0.0122  
backward:              0.5000              0.2980              5.2293              0.0131  
backward:              0.4500              0.2690              5.4983              0.0140  
backward:              0.4000              0.2278              5.7261              0.0154  
backward:              0.3500              0.1931              5.9192              0.0165  
backward:              0.3000              0.1380              6.0572              0.0180  
backward:              0.2500              0.0524              6.1096              0.0205  
backward:              0.2000             -0.0658              6.0438              0.0259  
backward:              0.1500             -0.2522              5.7916              0.0284  
backward:              0.1000             -0.6823              5.1092              0.0375  
backward:              0.0500             -1.7544              3.3548              0.1029  
backward:              0.0000             -3.1368              0.2180              0.1174  
Inaccuracy estimation
======================================================================================================
                   i        i+δi          P0_overlap_P1   δε(forward)/ε   δε(backward)/ε
======================================================================================================
inaccuracy:  0.00000        0.05000           19.24            0.33            5.18
inaccuracy:  0.05000        0.10000           30.31           -0.07            2.37
inaccuracy:  0.10000        0.15000           46.04           -0.05            1.04
inaccuracy:  0.15000        0.20000           58.29           -0.03            0.48
inaccuracy:  0.20000        0.25000           63.43           -0.02            0.24
inaccuracy:  0.25000        0.30000           68.44           -0.03            0.16
inaccuracy:  0.30000        0.35000           69.05           -0.03            0.14
inaccuracy:  0.35000        0.40000           72.19           -0.03            0.11
inaccuracy:  0.40000        0.45000           72.75           -0.03            0.09
inaccuracy:  0.45000        0.50000           75.32           -0.01            0.08
inaccuracy:  0.50000        0.55000           74.62           -0.02            0.07
inaccuracy:  0.55000        0.60000           74.12           -0.02            0.07
inaccuracy:  0.60000        0.65000           74.99           -0.03            0.06
inaccuracy:  0.65000        0.70000           75.24           -0.03            0.06
inaccuracy:  0.70000        0.75000           75.34           -0.03            0.06
inaccuracy:  0.75000        0.80000           75.36           -0.03            0.06
inaccuracy:  0.80000        0.85000           74.74           -0.03            0.05
inaccuracy:  0.85000        0.90000           74.32           -0.03            0.05
inaccuracy:  0.90000        0.95000           74.84           -0.03            0.05
inaccuracy:  0.95000        1.00000           75.91           -0.03            0.05
===================================================================================================================================
                BAR        
-----------------------------------------------------------------------------------------------------------------------------------
BAR-estimator:         λ             λ+δλ          ΔΔA             ΔA            C               Δδe            δe       
                          
-----------------------------------------------------------------------------------------------------------------------------------
BAR-estimator:      0.00000        0.05000        3.3166         3.3166         3.3166         0.0170         0.0170 
BAR-estimator:      0.05000        0.10000        1.7071         5.0237         1.7071         0.0142         0.0222 
BAR-estimator:      0.10000        0.15000        0.7180         5.7417         0.7180         0.0103         0.0244 
BAR-estimator:      0.15000        0.20000        0.2796         6.0213         0.2796         0.0079         0.0257 
BAR-estimator:      0.20000        0.25000        0.0693         6.0907         0.0693         0.0049         0.0261 
BAR-estimator:      0.25000        0.30000       -0.0619         6.0287        -0.0619         0.0042         0.0265 
BAR-estimator:      0.30000        0.35000       -0.1265         5.9022        -0.1265         0.0032         0.0267 
BAR-estimator:      0.35000        0.40000       -0.1922         5.7100        -0.1922         0.0033         0.0269 
BAR-estimator:      0.40000        0.45000       -0.2280         5.4820        -0.2280         0.0034         0.0271 
BAR-estimator:      0.45000        0.50000       -0.2726         5.2094        -0.2726         0.0033         0.0273 
BAR-estimator:      0.50000        0.55000       -0.2982         4.9112        -0.2982         0.0030         0.0275 
BAR-estimator:      0.55000        0.60000       -0.3372         4.5740        -0.3372         0.0029         0.0276 
BAR-estimator:      0.60000        0.65000       -0.3554         4.2185        -0.3554         0.0028         0.0277 
BAR-estimator:      0.65000        0.70000       -0.3896         3.8290        -0.3896         0.0030         0.0279 
BAR-estimator:      0.70000        0.75000       -0.4063         3.4227        -0.4063         0.0030         0.0281 
BAR-estimator:      0.75000        0.80000       -0.4275         2.9952        -0.4275         0.0036         0.0283 
BAR-estimator:      0.80000        0.85000       -0.4415         2.5537        -0.4415         0.0028         0.0284 
BAR-estimator:      0.85000        0.90000       -0.4663         2.0874        -0.4663         0.0032         0.0286 
BAR-estimator:      0.90000        0.95000       -0.4720         1.6153        -0.4720         0.0030         0.0288 
BAR-estimator:      0.95000        1.00000       -0.4938         1.1215        -0.4938         0.0030         0.0289 
BAR-estimator: total free energy change is 1.1215360182774787 , total error is 0.02892000971223542
