#========================================================================================
#                     Free energy perturbation    
#----------------------------------------------------------------------------------------
#forward/backward          λ              ΔΔA                 ΔA                  δε   
#                                                 
#----------------------------------------------------------------------------------------
forward:               0.0000              0.0000              0.0000              0.0000  
forward:               0.0500              1.7867              1.7867              0.0243  
forward:               0.1000              0.9935              2.7802              0.0298  
forward:               0.1500              0.5157              3.2959              0.0324  
forward:               0.2000              0.2742              3.5701              0.0339  
forward:               0.2500              0.1483              3.7184              0.0369  
forward:               0.3000              0.0810              3.7994              0.0375  
forward:               0.3500              0.0240              3.8234              0.0380  
forward:               0.4000             -0.0310              3.7924              0.0384  
forward:               0.4500             -0.0467              3.7457              0.0387  
forward:               0.5000             -0.0731              3.6726              0.0390  
forward:               0.5500             -0.2060              3.4666              0.0395  
forward:               0.6000             -0.4545              3.0121              0.0398  
forward:               0.6500             -0.6781              2.3340              0.0405  
forward:               0.7000             -0.8467              1.4873              0.0411  
forward:               0.7500             -0.9598              0.5275              0.0419  
forward:               0.8000             -1.0053             -0.4778              0.0424  
forward:               0.8500             -1.0078             -1.4857              0.0428  
forward:               0.9000             -1.0006             -2.4862              0.0431  
forward:               0.9500             -0.9759             -3.4621              0.0434  
forward:               1.0000             -0.9531             -4.4153              0.0437  
backward:              1.0000              0.0000             -4.4153              0.0000  
backward:              0.9500              0.9464             -3.4688              0.0061  
backward:              0.9000              0.9620             -2.5069              0.0088  
backward:              0.8500              0.9946             -1.5123              0.0109  
backward:              0.8000              0.9967             -0.5156              0.0133  
backward:              0.7500              1.0123              0.4967              0.0149  
backward:              0.7000              0.9563              1.4530              0.0173  
backward:              0.6500              0.8452              2.2981              0.0197  
backward:              0.6000              0.6649              2.9630              0.0206  
backward:              0.5500              0.4445              3.4075              0.0221  
backward:              0.5000              0.2125              3.6200              0.0232  
backward:              0.4500              0.0832              3.7033              0.0238  
backward:              0.4000              0.0521              3.7554              0.0245  
backward:              0.3500              0.0291              3.7845              0.0253  
backward:              0.3000             -0.0226              3.7619              0.0262  
backward:              0.2500             -0.0838              3.6781              0.0276  
backward:              0.2000             -0.1485              3.5297              0.0288  
backward:              0.1500             -0.2793              3.2504              0.0305  
backward:              0.1000             -0.5149              2.7355              0.0334  
backward:              0.0500             -1.0113              1.7243              0.0436  
backward:              0.0000             -1.8296             -0.1054              0.0886  
Inaccuracy estimation
======================================================================================================
                   i        i+δi          P0_overlap_P1   δε(forward)/ε   δε(backward)/ε
======================================================================================================
inaccuracy:  0.00000        0.05000           33.60           -0.02            1.98
inaccuracy:  0.05000        0.10000           45.34           -0.04            1.18
inaccuracy:  0.10000        0.15000           56.12           -0.02            0.59
inaccuracy:  0.15000        0.20000           63.06           -0.02            0.34
inaccuracy:  0.20000        0.25000           66.85           -0.02            0.22
inaccuracy:  0.25000        0.30000           68.50           -0.01            0.18
inaccuracy:  0.30000        0.35000           70.35           -0.02            0.16
inaccuracy:  0.35000        0.40000           71.91           -0.01            0.12
inaccuracy:  0.40000        0.45000           72.39           -0.02            0.12
inaccuracy:  0.45000        0.50000           72.70           -0.02            0.11
inaccuracy:  0.50000        0.55000           64.02           -0.10            0.17
inaccuracy:  0.55000        0.60000           65.99           -0.12            0.10
inaccuracy:  0.60000        0.65000           65.69           -0.13            0.08
inaccuracy:  0.65000        0.70000           64.89           -0.14            0.06
inaccuracy:  0.70000        0.75000           65.69           -0.11            0.05
inaccuracy:  0.75000        0.80000           65.25           -0.12            0.05
inaccuracy:  0.80000        0.85000           65.93           -0.11            0.06
inaccuracy:  0.85000        0.90000           65.60           -0.10            0.06
inaccuracy:  0.90000        0.95000           65.56           -0.09            0.07
inaccuracy:  0.95000        1.00000           64.97           -0.11            0.08
===================================================================================================================================
                BAR        
-----------------------------------------------------------------------------------------------------------------------------------
BAR-estimator:         λ             λ+δλ          ΔΔA             ΔA            C               Δδe            δe       
                          
-----------------------------------------------------------------------------------------------------------------------------------
BAR-estimator:      0.00000        0.05000        1.7864         1.7864         1.7864         0.0120         0.0120 
BAR-estimator:      0.05000        0.10000        1.0011         2.7875         1.0011         0.0103         0.0158 
BAR-estimator:      0.10000        0.15000        0.5280         3.3155         0.5280         0.0081         0.0177 
BAR-estimator:      0.15000        0.20000        0.2827         3.5982         0.2827         0.0064         0.0189 
BAR-estimator:      0.20000        0.25000        0.1515         3.7497         0.1515         0.0056         0.0197 
BAR-estimator:      0.25000        0.30000        0.0798         3.8295         0.0798         0.0061         0.0206 
BAR-estimator:      0.30000        0.35000        0.0259         3.8554         0.0259         0.0046         0.0211 
BAR-estimator:      0.35000        0.40000       -0.0323         3.8230        -0.0323         0.0042         0.0215 
BAR-estimator:      0.40000        0.45000       -0.0484         3.7746        -0.0484         0.0036         0.0218 
BAR-estimator:      0.45000        0.50000       -0.0750         3.6996        -0.0750         0.0034         0.0221 
BAR-estimator:      0.50000        0.55000       -0.2085         3.4910        -0.2085         0.0041         0.0225 
BAR-estimator:      0.55000        0.60000       -0.4530         3.0381        -0.4530         0.0044         0.0229 
BAR-estimator:      0.60000        0.65000       -0.6695         2.3686        -0.6695         0.0046         0.0233 
BAR-estimator:      0.65000        0.70000       -0.8452         1.5234        -0.8452         0.0052         0.0239 
BAR-estimator:      0.70000        0.75000       -0.9579         0.5655        -0.9579         0.0052         0.0245 
BAR-estimator:      0.75000        0.80000       -1.0085        -0.4430        -1.0085         0.0044         0.0249 
BAR-estimator:      0.80000        0.85000       -1.0042        -1.4472        -1.0042         0.0038         0.0252 
BAR-estimator:      0.85000        0.90000       -0.9992        -2.4464        -0.9992         0.0044         0.0255 
BAR-estimator:      0.90000        0.95000       -0.9687        -3.4150        -0.9687         0.0047         0.0260 
BAR-estimator:      0.95000        1.00000       -0.9482        -4.3633        -0.9482         0.0041         0.0263 
BAR-estimator: total free energy change is -4.363272514582867 , total error is 0.02630003973738017
