#========================================================================================
#                     Free energy perturbation    
#----------------------------------------------------------------------------------------
#forward/backward          λ              ΔΔA                 ΔA                  δε   
#                                                 
#----------------------------------------------------------------------------------------
forward:               0.0000              0.0000              0.0000              0.0000  
forward:               0.0500              1.5812              1.5812              0.0243  
forward:               0.1000              0.8913              2.4725              0.0292  
forward:               0.1500              0.4435              2.9160              0.0312  
forward:               0.2000              0.2265              3.1425              0.0322  
forward:               0.2500              0.1129              3.2554              0.0328  
forward:               0.3000              0.0358              3.2912              0.0334  
forward:               0.3500             -0.0048              3.2864              0.0339  
forward:               0.4000             -0.0539              3.2325              0.0342  
forward:               0.4500             -0.0754              3.1571              0.0345  
forward:               0.5000             -0.1055              3.0516              0.0348  
forward:               0.5500             -0.3366              2.7150              0.0353  
forward:               0.6000             -0.7084              2.0066              0.0363  
forward:               0.6500             -1.0342              0.9724              0.0373  
forward:               0.7000             -1.3424             -0.3700              0.0386  
forward:               0.7500             -1.5310             -1.9009              0.0395  
forward:               0.8000             -1.5940             -3.4950              0.0403  
forward:               0.8500             -1.5915             -5.0865              0.0407  
forward:               0.9000             -1.5886             -6.6751              0.0410  
forward:               0.9500             -1.5732             -8.2483              0.0414  
forward:               1.0000             -1.5486             -9.7969              0.0417  
backward:              1.0000              0.0000             -9.7969              0.0000  
backward:              0.9500              1.5354             -8.2616              0.0091  
backward:              0.9000              1.5658             -6.6958              0.0118  
backward:              0.8500              1.5952             -5.1006              0.0137  
backward:              0.8000              1.5946             -3.5060              0.0162  
backward:              0.7500              1.5900             -1.9160              0.0182  
backward:              0.7000              1.4989             -0.4172              0.0205  
backward:              0.6500              1.3295              0.9123              0.0229  
backward:              0.6000              1.0240              1.9363              0.0248  
backward:              0.5500              0.7225              2.6588              0.0265  
backward:              0.5000              0.3254              2.9842              0.0276  
backward:              0.4500              0.1016              3.0858              0.0280  
backward:              0.4000              0.0758              3.1616              0.0284  
backward:              0.3500              0.0448              3.2065              0.0298  
backward:              0.3000              0.0129              3.2193              0.0304  
backward:              0.2500             -0.0430              3.1763              0.0311  
backward:              0.2000             -0.1149              3.0614              0.0319  
backward:              0.1500             -0.2416              2.8199              0.0336  
backward:              0.1000             -0.4992              2.3206              0.0411  
backward:              0.0500             -0.8932              1.4275              0.0514  
backward:              0.0000             -1.5337             -0.1062              0.0562  
Inaccuracy estimation
======================================================================================================
                   i        i+δi          P0_overlap_P1   δε(forward)/ε   δε(backward)/ε
======================================================================================================
inaccuracy:  0.00000        0.05000           36.01           -0.04            1.61
inaccuracy:  0.05000        0.10000           46.74           -0.04            1.05
inaccuracy:  0.10000        0.15000           58.74           -0.02            0.47
inaccuracy:  0.15000        0.20000           65.23           -0.02            0.29
inaccuracy:  0.20000        0.25000           69.57           -0.01            0.20
inaccuracy:  0.25000        0.30000           71.95           -0.01            0.16
inaccuracy:  0.30000        0.35000           72.11           -0.02            0.13
inaccuracy:  0.35000        0.40000           74.75           -0.01            0.11
inaccuracy:  0.40000        0.45000           74.25           -0.01            0.10
inaccuracy:  0.45000        0.50000           75.34           -0.01            0.09
inaccuracy:  0.50000        0.55000           61.68           -0.11            0.20
inaccuracy:  0.55000        0.60000           61.53           -0.20            0.10
inaccuracy:  0.60000        0.65000           61.62           -0.23            0.05
inaccuracy:  0.65000        0.70000           62.00           -0.21            0.02
inaccuracy:  0.70000        0.75000           63.65           -0.17            0.00
inaccuracy:  0.75000        0.80000           62.90           -0.17           -0.01
inaccuracy:  0.80000        0.85000           62.48           -0.21            0.00
inaccuracy:  0.85000        0.90000           61.55           -0.17            0.01
inaccuracy:  0.90000        0.95000           61.46           -0.16            0.02
inaccuracy:  0.95000        1.00000           60.91           -0.18            0.02
===================================================================================================================================
                BAR        
-----------------------------------------------------------------------------------------------------------------------------------
BAR-estimator:         λ             λ+δλ          ΔΔA             ΔA            C               Δδe            δe       
                          
-----------------------------------------------------------------------------------------------------------------------------------
BAR-estimator:      0.00000        0.05000        1.5740         1.5740         1.5740         0.0121         0.0121 
BAR-estimator:      0.05000        0.10000        0.8890         2.4630         0.8890         0.0095         0.0154 
BAR-estimator:      0.10000        0.15000        0.4517         2.9147         0.4517         0.0071         0.0169 
BAR-estimator:      0.15000        0.20000        0.2311         3.1459         0.2311         0.0049         0.0176 
BAR-estimator:      0.20000        0.25000        0.1188         3.2647         0.1188         0.0047         0.0183 
BAR-estimator:      0.25000        0.30000        0.0402         3.3049         0.0402         0.0045         0.0188 
BAR-estimator:      0.30000        0.35000       -0.0061         3.2987        -0.0061         0.0043         0.0193 
BAR-estimator:      0.35000        0.40000       -0.0484         3.2504        -0.0484         0.0038         0.0197 
BAR-estimator:      0.40000        0.45000       -0.0751         3.1753        -0.0751         0.0035         0.0200 
BAR-estimator:      0.45000        0.50000       -0.1033         3.0720        -0.1033         0.0030         0.0202 
BAR-estimator:      0.50000        0.55000       -0.3273         2.7447        -0.3273         0.0044         0.0207 
BAR-estimator:      0.55000        0.60000       -0.7169         2.0278        -0.7169         0.0045         0.0212 
BAR-estimator:      0.60000        0.65000       -1.0340         0.9939        -1.0340         0.0051         0.0218 
BAR-estimator:      0.65000        0.70000       -1.3378        -0.3439        -1.3378         0.0052         0.0224 
BAR-estimator:      0.70000        0.75000       -1.5164        -1.8603        -1.5164         0.0050         0.0229 
BAR-estimator:      0.75000        0.80000       -1.5913        -3.4516        -1.5913         0.0044         0.0233 
BAR-estimator:      0.80000        0.85000       -1.5942        -5.0458        -1.5942         0.0042         0.0237 
BAR-estimator:      0.85000        0.90000       -1.5956        -6.6414        -1.5956         0.0046         0.0242 
BAR-estimator:      0.90000        0.95000       -1.5685        -8.2098        -1.5685         0.0049         0.0247 
BAR-estimator:      0.95000        1.00000       -1.5461        -9.7559        -1.5461         0.0047         0.0251 
BAR-estimator: total free energy change is -9.755942655369303 , total error is 0.02510646468746475
