#========================================================================================
#                     Free energy perturbation    
#----------------------------------------------------------------------------------------
#forward/backward          λ              ΔΔA                 ΔA                  δε   
#                                                 
#----------------------------------------------------------------------------------------
forward:               0.0000              0.0000              0.0000              0.0000  
forward:               0.0500              1.4607              1.4607              0.0237  
forward:               0.1000              0.8424              2.3031              0.0298  
forward:               0.1500              0.4406              2.7436              0.0325  
forward:               0.2000              0.2480              2.9917              0.0334  
forward:               0.2500              0.1229              3.1146              0.0343  
forward:               0.3000              0.0496              3.1642              0.0348  
forward:               0.3500              0.0107              3.1749              0.0354  
forward:               0.4000             -0.0445              3.1303              0.0358  
forward:               0.4500             -0.0646              3.0657              0.0362  
forward:               0.5000             -0.0919              2.9739              0.0365  
forward:               0.5500             -0.3373              2.6365              0.0372  
forward:               0.6000             -0.7898              1.8467              0.0382  
forward:               0.6500             -1.2134              0.6334              0.0393  
forward:               0.7000             -1.5588             -0.9254              0.0398  
forward:               0.7500             -1.7425             -2.6679              0.0408  
forward:               0.8000             -1.8381             -4.5061              0.0414  
forward:               0.8500             -1.9032             -6.4093              0.0419  
forward:               0.9000             -1.9203             -8.3296              0.0424  
forward:               0.9500             -1.9284            -10.2580              0.0429  
forward:               1.0000             -1.9044            -12.1623              0.0433  
backward:              1.0000              0.0000            -12.1623              0.0000  
backward:              0.9500              1.8814            -10.2810              0.0113  
backward:              0.9000              1.9032             -8.3778              0.0153  
backward:              0.8500              1.9247             -6.4531              0.0178  
backward:              0.8000              1.9033             -4.5498              0.0208  
backward:              0.7500              1.8487             -2.7011              0.0224  
backward:              0.7000              1.7301             -0.9710              0.0242  
backward:              0.6500              1.5317              0.5607              0.0279  
backward:              0.6000              1.2121              1.7727              0.0299  
backward:              0.5500              0.7722              2.5450              0.0313  
backward:              0.5000              0.3122              2.8572              0.0331  
backward:              0.4500              0.0986              2.9558              0.0335  
backward:              0.4000              0.0582              3.0139              0.0342  
backward:              0.3500              0.0423              3.0562              0.0348  
backward:              0.3000              0.0084              3.0647              0.0354  
backward:              0.2500             -0.0465              3.0182              0.0364  
backward:              0.2000             -0.1139              2.9042              0.0375  
backward:              0.1500             -0.2377              2.6666              0.0393  
backward:              0.1000             -0.4613              2.2053              0.0434  
backward:              0.0500             -0.7918              1.4135              0.0551  
backward:              0.0000             -1.5278             -0.1143              0.0834  
Inaccuracy estimation
======================================================================================================
                   i        i+δi          P0_overlap_P1   δε(forward)/ε   δε(backward)/ε
======================================================================================================
inaccuracy:  0.00000        0.05000           36.43           -0.04            1.87
inaccuracy:  0.05000        0.10000           46.88           -0.04            0.97
inaccuracy:  0.10000        0.15000           57.66           -0.03            0.50
inaccuracy:  0.15000        0.20000           62.33           -0.02            0.31
inaccuracy:  0.20000        0.25000           67.02           -0.02            0.21
inaccuracy:  0.25000        0.30000           69.30           -0.02            0.18
inaccuracy:  0.30000        0.35000           69.39           -0.02            0.16
inaccuracy:  0.35000        0.40000           71.95           -0.01            0.14
inaccuracy:  0.40000        0.45000           72.92           -0.02            0.11
inaccuracy:  0.45000        0.50000           72.72           -0.02            0.11
inaccuracy:  0.50000        0.55000           60.14           -0.17            0.16
inaccuracy:  0.55000        0.60000           59.30           -0.25            0.11
inaccuracy:  0.60000        0.65000           56.82           -0.28            0.05
inaccuracy:  0.65000        0.70000           60.73           -0.23            0.01
inaccuracy:  0.70000        0.75000           61.26           -0.23           -0.02
inaccuracy:  0.75000        0.80000           59.69           -0.23           -0.03
inaccuracy:  0.80000        0.85000           59.92           -0.25           -0.03
inaccuracy:  0.85000        0.90000           58.69           -0.23           -0.04
inaccuracy:  0.90000        0.95000           60.01           -0.24           -0.03
inaccuracy:  0.95000        1.00000           59.63           -0.22           -0.02
===================================================================================================================================
                BAR        
-----------------------------------------------------------------------------------------------------------------------------------
BAR-estimator:         λ             λ+δλ          ΔΔA             ΔA            C               Δδe            δe       
                          
-----------------------------------------------------------------------------------------------------------------------------------
BAR-estimator:      0.00000        0.05000        1.4683         1.4683         1.4683         0.0124         0.0124 
BAR-estimator:      0.05000        0.10000        0.8293         2.2976         0.8293         0.0097         0.0157 
BAR-estimator:      0.10000        0.15000        0.4514         2.7490         0.4514         0.0081         0.0177 
BAR-estimator:      0.15000        0.20000        0.2414         2.9904         0.2414         0.0055         0.0186 
BAR-estimator:      0.20000        0.25000        0.1192         3.1096         0.1192         0.0051         0.0193 
BAR-estimator:      0.25000        0.30000        0.0492         3.1588         0.0492         0.0044         0.0197 
BAR-estimator:      0.30000        0.35000        0.0038         3.1626         0.0038         0.0042         0.0202 
BAR-estimator:      0.35000        0.40000       -0.0430         3.1196        -0.0430         0.0041         0.0206 
BAR-estimator:      0.40000        0.45000       -0.0644         3.0553        -0.0644         0.0038         0.0209 
BAR-estimator:      0.45000        0.50000       -0.0943         2.9610        -0.0943         0.0032         0.0212 
BAR-estimator:      0.50000        0.55000       -0.3282         2.6328        -0.3282         0.0049         0.0217 
BAR-estimator:      0.55000        0.60000       -0.7810         1.8518        -0.7810         0.0051         0.0223 
BAR-estimator:      0.60000        0.65000       -1.2158         0.6359        -1.2158         0.0052         0.0229 
BAR-estimator:      0.65000        0.70000       -1.5518        -0.9159        -1.5518         0.0039         0.0232 
BAR-estimator:      0.70000        0.75000       -1.7422        -2.6581        -1.7422         0.0057         0.0239 
BAR-estimator:      0.75000        0.80000       -1.8443        -4.5024        -1.8443         0.0048         0.0244 
BAR-estimator:      0.80000        0.85000       -1.9063        -6.4088        -1.9063         0.0053         0.0250 
BAR-estimator:      0.85000        0.90000       -1.9230        -8.3317        -1.9230         0.0051         0.0255 
BAR-estimator:      0.90000        0.95000       -1.9210       -10.2527        -1.9210         0.0054         0.0261 
BAR-estimator:      0.95000        1.00000       -1.8968       -12.1495        -1.8968         0.0049         0.0265 
BAR-estimator: total free energy change is -12.149530773187548 , total error is 0.02651393596299951
