#========================================================================================
#                     Free energy perturbation    
#----------------------------------------------------------------------------------------
#forward/backward          λ              ΔΔA                 ΔA                  δε   
#                                                 
#----------------------------------------------------------------------------------------
forward:               0.0000              0.0000              0.0000              0.0000  
forward:               0.0500              0.8891              0.8891              0.0182  
forward:               0.1000              0.5265              1.4157              0.0213  
forward:               0.1500              0.3175              1.7332              0.0230  
forward:               0.2000              0.1856              1.9187              0.0239  
forward:               0.2500              0.1220              2.0407              0.0251  
forward:               0.3000              0.0685              2.1092              0.0255  
forward:               0.3500              0.0385              2.1477              0.0260  
forward:               0.4000              0.0150              2.1627              0.0264  
forward:               0.4500             -0.0079              2.1549              0.0268  
forward:               0.5000             -0.0249              2.1300              0.0271  
forward:               0.5500             -0.1532              1.9768              0.0279  
forward:               0.6000             -0.4150              1.5618              0.0286  
forward:               0.6500             -0.6471              0.9147              0.0295  
forward:               0.7000             -0.8550              0.0596              0.0302  
forward:               0.7500             -1.0102             -0.9506              0.0306  
forward:               0.8000             -1.0872             -2.0378              0.0310  
forward:               0.8500             -1.1475             -3.1853              0.0314  
forward:               0.9000             -1.1968             -4.3820              0.0318  
forward:               0.9500             -1.2056             -5.5876              0.0321  
forward:               1.0000             -1.2223             -6.8099              0.0325  
backward:              1.0000              0.0000             -6.8099              0.0000  
backward:              0.9500              1.2125             -5.5974              0.0062  
backward:              0.9000              1.2040             -4.3935              0.0089  
backward:              0.8500              1.1897             -3.2037              0.0112  
backward:              0.8000              1.1377             -2.0660              0.0130  
backward:              0.7500              1.0837             -0.9824              0.0145  
backward:              0.7000              0.9915              0.0091              0.0159  
backward:              0.6500              0.8534              0.8625              0.0172  
backward:              0.6000              0.6358              1.4983              0.0187  
backward:              0.5500              0.3967              1.8950              0.0198  
backward:              0.5000              0.1594              2.0543              0.0210  
backward:              0.4500              0.0274              2.0817              0.0216  
backward:              0.4000              0.0045              2.0863              0.0222  
backward:              0.3500             -0.0136              2.0726              0.0230  
backward:              0.3000             -0.0456              2.0271              0.0237  
backward:              0.2500             -0.0744              1.9527              0.0245  
backward:              0.2000             -0.1235              1.8292              0.0257  
backward:              0.1500             -0.1956              1.6336              0.0272  
backward:              0.1000             -0.3148              1.3188              0.0296  
backward:              0.0500             -0.4936              0.8252              0.0334  
backward:              0.0000             -0.9029             -0.0778              0.0410  
Inaccuracy estimation
======================================================================================================
                   i        i+δi          P0_overlap_P1   δε(forward)/ε   δε(backward)/ε
======================================================================================================
inaccuracy:  0.00000        0.05000           48.70           -0.02            0.81
inaccuracy:  0.05000        0.10000           57.32           -0.02            0.51
inaccuracy:  0.10000        0.15000           65.43           -0.02            0.32
inaccuracy:  0.15000        0.20000           71.17           -0.01            0.20
inaccuracy:  0.20000        0.25000           72.90           -0.01            0.15
inaccuracy:  0.25000        0.30000           75.02           -0.01            0.12
inaccuracy:  0.30000        0.35000           76.35           -0.01            0.11
inaccuracy:  0.35000        0.40000           76.05           -0.01            0.09
inaccuracy:  0.40000        0.45000           77.38           -0.01            0.09
inaccuracy:  0.45000        0.50000           77.25           -0.01            0.08
inaccuracy:  0.50000        0.55000           66.56           -0.08            0.13
inaccuracy:  0.55000        0.60000           67.94           -0.10            0.09
inaccuracy:  0.60000        0.65000           65.98           -0.11            0.07
inaccuracy:  0.65000        0.70000           66.71           -0.12            0.05
inaccuracy:  0.70000        0.75000           68.97           -0.12            0.04
inaccuracy:  0.75000        0.80000           68.20           -0.11            0.03
inaccuracy:  0.80000        0.85000           68.62           -0.11            0.03
inaccuracy:  0.85000        0.90000           67.62           -0.10            0.03
inaccuracy:  0.90000        0.95000           67.29           -0.12            0.03
inaccuracy:  0.95000        1.00000           66.70           -0.12            0.03
===================================================================================================================================
                BAR        
-----------------------------------------------------------------------------------------------------------------------------------
BAR-estimator:         λ             λ+δλ          ΔΔA             ΔA            C               Δδe            δe       
                          
-----------------------------------------------------------------------------------------------------------------------------------
BAR-estimator:      0.00000        0.05000        0.8879         0.8879         0.8879         0.0104         0.0104 
BAR-estimator:      0.05000        0.10000        0.5163         1.4043         0.5163         0.0070         0.0126 
BAR-estimator:      0.10000        0.15000        0.3208         1.7251         0.3208         0.0060         0.0139 
BAR-estimator:      0.15000        0.20000        0.1891         1.9142         0.1891         0.0046         0.0146 
BAR-estimator:      0.20000        0.25000        0.1208         2.0349         0.1208         0.0042         0.0152 
BAR-estimator:      0.25000        0.30000        0.0710         2.1059         0.0710         0.0033         0.0156 
BAR-estimator:      0.30000        0.35000        0.0432         2.1492         0.0432         0.0035         0.0160 
BAR-estimator:      0.35000        0.40000        0.0133         2.1625         0.0133         0.0038         0.0164 
BAR-estimator:      0.40000        0.45000       -0.0064         2.1561        -0.0064         0.0029         0.0167 
BAR-estimator:      0.45000        0.50000       -0.0259         2.1302        -0.0259         0.0028         0.0169 
BAR-estimator:      0.50000        0.55000       -0.1568         1.9734        -0.1568         0.0043         0.0175 
BAR-estimator:      0.55000        0.60000       -0.4068         1.5666        -0.4068         0.0039         0.0179 
BAR-estimator:      0.60000        0.65000       -0.6448         0.9218        -0.6448         0.0054         0.0187 
BAR-estimator:      0.65000        0.70000       -0.8535         0.0683        -0.8535         0.0047         0.0193 
BAR-estimator:      0.70000        0.75000       -1.0022        -0.9340        -1.0022         0.0036         0.0196 
BAR-estimator:      0.75000        0.80000       -1.0866        -2.0206        -1.0866         0.0040         0.0200 
BAR-estimator:      0.80000        0.85000       -1.1426        -3.1632        -1.1426         0.0038         0.0204 
BAR-estimator:      0.85000        0.90000       -1.1920        -4.3552        -1.1920         0.0041         0.0208 
BAR-estimator:      0.90000        0.95000       -1.2048        -5.5599        -1.2048         0.0026         0.0210 
BAR-estimator:      0.95000        1.00000       -1.2210        -6.7809        -1.2210         0.0040         0.0213 
BAR-estimator: total free energy change is -6.78091903754569 , total error is 0.021338010915601557
