#========================================================================================
#                     Free energy perturbation    
#----------------------------------------------------------------------------------------
#forward/backward          λ              ΔΔA                 ΔA                  δε   
#                                                 
#----------------------------------------------------------------------------------------
forward:               0.0000              0.0000              0.0000              0.0000  
forward:               0.0500              1.2319              1.2319              0.0178  
forward:               0.1000              0.7433              1.9752              0.0239  
forward:               0.1500              0.4411              2.4163              0.0264  
forward:               0.2000              0.2722              2.6885              0.0280  
forward:               0.2500              0.1744              2.8628              0.0289  
forward:               0.3000              0.1035              2.9663              0.0296  
forward:               0.3500              0.0628              3.0292              0.0302  
forward:               0.4000              0.0321              3.0613              0.0310  
forward:               0.4500              0.0200              3.0813              0.0313  
forward:               0.5000             -0.0080              3.0733              0.0319  
forward:               0.5500             -0.1083              2.9650              0.0323  
forward:               0.6000             -0.2739              2.6911              0.0328  
forward:               0.6500             -0.4435              2.2476              0.0334  
forward:               0.7000             -0.5779              1.6697              0.0339  
forward:               0.7500             -0.6597              1.0100              0.0343  
forward:               0.8000             -0.7483              0.2616              0.0347  
forward:               0.8500             -0.7706             -0.5089              0.0350  
forward:               0.9000             -0.8083             -1.3173              0.0353  
forward:               0.9500             -0.8118             -2.1291              0.0355  
forward:               1.0000             -0.8238             -2.9529              0.0358  
backward:              1.0000              0.0000             -2.9529              0.0000  
backward:              0.9500              0.8248             -2.1281              0.0058  
backward:              0.9000              0.7967             -1.3314              0.0094  
backward:              0.8500              0.8060             -0.5254              0.0112  
backward:              0.8000              0.7673              0.2419              0.0131  
backward:              0.7500              0.7247              0.9666              0.0145  
backward:              0.7000              0.6731              1.6396              0.0158  
backward:              0.6500              0.5721              2.2118              0.0173  
backward:              0.6000              0.4240              2.6358              0.0188  
backward:              0.5500              0.2713              2.9071              0.0195  
backward:              0.5000              0.1054              3.0125              0.0207  
backward:              0.4500              0.0082              3.0207              0.0216  
backward:              0.4000             -0.0097              3.0111              0.0226  
backward:              0.3500             -0.0371              2.9739              0.0237  
backward:              0.3000             -0.0712              2.9027              0.0247  
backward:              0.2500             -0.1045              2.7983              0.0258  
backward:              0.2000             -0.1766              2.6217              0.0285  
backward:              0.1500             -0.2694              2.3524              0.0310  
backward:              0.1000             -0.4369              1.9154              0.0335  
backward:              0.0500             -0.8322              1.0833              0.0490  
backward:              0.0000             -1.2159             -0.1326              0.0552  
Inaccuracy estimation
======================================================================================================
                   i        i+δi          P0_overlap_P1   δε(forward)/ε   δε(backward)/ε
======================================================================================================
inaccuracy:  0.00000        0.05000           43.28           -0.04            1.12
inaccuracy:  0.05000        0.10000           52.83           -0.02            0.73
inaccuracy:  0.10000        0.15000           59.87           -0.01            0.41
inaccuracy:  0.15000        0.20000           65.27           -0.02            0.30
inaccuracy:  0.20000        0.25000           69.12           -0.02            0.20
inaccuracy:  0.25000        0.30000           71.80           -0.01            0.16
inaccuracy:  0.30000        0.35000           72.76           -0.01            0.14
inaccuracy:  0.35000        0.40000           73.78           -0.01            0.12
inaccuracy:  0.40000        0.45000           73.20           -0.01            0.11
inaccuracy:  0.45000        0.50000           74.35           -0.01            0.10
inaccuracy:  0.50000        0.55000           69.01           -0.06            0.12
inaccuracy:  0.55000        0.60000           68.95           -0.07            0.10
inaccuracy:  0.60000        0.65000           69.34           -0.06            0.08
inaccuracy:  0.65000        0.70000           69.13           -0.08            0.07
inaccuracy:  0.70000        0.75000           67.93           -0.08            0.07
inaccuracy:  0.75000        0.80000           70.19           -0.07            0.05
inaccuracy:  0.80000        0.85000           68.99           -0.08            0.06
inaccuracy:  0.85000        0.90000           69.36           -0.07            0.06
inaccuracy:  0.90000        0.95000           68.87           -0.07            0.06
inaccuracy:  0.95000        1.00000           68.33           -0.07            0.06
===================================================================================================================================
                BAR        
-----------------------------------------------------------------------------------------------------------------------------------
BAR-estimator:         λ             λ+δλ          ΔΔA             ΔA            C               Δδe            δe       
                          
-----------------------------------------------------------------------------------------------------------------------------------
BAR-estimator:      0.00000        0.05000        1.2234         1.2234         1.2234         0.0097         0.0097 
BAR-estimator:      0.05000        0.10000        0.7631         1.9866         0.7631         0.0097         0.0137 
BAR-estimator:      0.10000        0.15000        0.4385         2.4251         0.4385         0.0076         0.0157 
BAR-estimator:      0.15000        0.20000        0.2743         2.6994         0.2743         0.0061         0.0168 
BAR-estimator:      0.20000        0.25000        0.1737         2.8731         0.1737         0.0051         0.0176 
BAR-estimator:      0.25000        0.30000        0.1075         2.9806         0.1075         0.0044         0.0181 
BAR-estimator:      0.30000        0.35000        0.0647         3.0453         0.0647         0.0042         0.0186 
BAR-estimator:      0.35000        0.40000        0.0345         3.0798         0.0345         0.0040         0.0190 
BAR-estimator:      0.40000        0.45000        0.0157         3.0955         0.0157         0.0031         0.0193 
BAR-estimator:      0.45000        0.50000       -0.0101         3.0854        -0.0101         0.0040         0.0197 
BAR-estimator:      0.50000        0.55000       -0.1085         2.9769        -0.1085         0.0036         0.0200 
BAR-estimator:      0.55000        0.60000       -0.2747         2.7022        -0.2747         0.0041         0.0204 
BAR-estimator:      0.60000        0.65000       -0.4338         2.2683        -0.4338         0.0042         0.0209 
BAR-estimator:      0.65000        0.70000       -0.5772         1.6912        -0.5772         0.0038         0.0212 
BAR-estimator:      0.70000        0.75000       -0.6646         1.0265        -0.6646         0.0039         0.0216 
BAR-estimator:      0.75000        0.80000       -0.7382         0.2883        -0.7382         0.0039         0.0219 
BAR-estimator:      0.80000        0.85000       -0.7715        -0.4832        -0.7715         0.0035         0.0222 
BAR-estimator:      0.85000        0.90000       -0.8069        -1.2901        -0.8069         0.0036         0.0225 
BAR-estimator:      0.90000        0.95000       -0.8089        -2.0990        -0.8089         0.0032         0.0227 
BAR-estimator:      0.95000        1.00000       -0.8241        -2.9232        -0.8241         0.0039         0.0230 
BAR-estimator: total free energy change is -2.923163953154753 , total error is 0.02304763552797129
