#========================================================================================
#                     Free energy perturbation    
#----------------------------------------------------------------------------------------
#forward/backward          λ              ΔΔA                 ΔA                  δε   
#                                                 
#----------------------------------------------------------------------------------------
forward:               0.0000              0.0000              0.0000              0.0000  
forward:               0.0500              1.4984              1.4984              0.0218  
forward:               0.1000              0.8916              2.3900              0.0317  
forward:               0.1500              0.4619              2.8519              0.0348  
forward:               0.2000              0.2861              3.1380              0.0356  
forward:               0.2500              0.1668              3.3048              0.0365  
forward:               0.3000              0.0856              3.3905              0.0371  
forward:               0.3500              0.0434              3.4338              0.0376  
forward:               0.4000             -0.0024              3.4314              0.0379  
forward:               0.4500             -0.0151              3.4163              0.0383  
forward:               0.5000             -0.0366              3.3797              0.0386  
forward:               0.5500             -0.1309              3.2488              0.0390  
forward:               0.6000             -0.3091              2.9397              0.0395  
forward:               0.6500             -0.4642              2.4756              0.0400  
forward:               0.7000             -0.6028              1.8728              0.0405  
forward:               0.7500             -0.7030              1.1698              0.0408  
forward:               0.8000             -0.7709              0.3989              0.0412  
forward:               0.8500             -0.8074             -0.4085              0.0415  
forward:               0.9000             -0.8419             -1.2505              0.0417  
forward:               0.9500             -0.8478             -2.0983              0.0420  
forward:               1.0000             -0.8606             -2.9588              0.0422  
backward:              1.0000              0.0000             -2.9588              0.0000  
backward:              0.9500              0.8553             -2.1035              0.0061  
backward:              0.9000              0.8387             -1.2648              0.0081  
backward:              0.8500              0.8379             -0.4269              0.0105  
backward:              0.8000              0.8058              0.3789              0.0123  
backward:              0.7500              0.7702              1.1491              0.0137  
backward:              0.7000              0.7100              1.8591              0.0152  
backward:              0.6500              0.6030              2.4621              0.0170  
backward:              0.6000              0.4777              2.9399              0.0186  
backward:              0.5500              0.2973              3.2372              0.0199  
backward:              0.5000              0.1340              3.3712              0.0209  
backward:              0.4500              0.0390              3.4102              0.0218  
backward:              0.4000              0.0274              3.4375              0.0226  
backward:              0.3500             -0.0039              3.4336              0.0235  
backward:              0.3000             -0.0445              3.3891              0.0243  
backward:              0.2500             -0.0990              3.2901              0.0258  
backward:              0.2000             -0.1540              3.1361              0.0269  
backward:              0.1500             -0.3056              2.8305              0.0387  
backward:              0.1000             -0.5156              2.3149              0.0432  
backward:              0.0500             -0.9151              1.3998              0.0584  
backward:              0.0000             -1.5213             -0.1215              0.0669  
Inaccuracy estimation
======================================================================================================
                   i        i+δi          P0_overlap_P1   δε(forward)/ε   δε(backward)/ε
======================================================================================================
inaccuracy:  0.00000        0.05000           39.58           -0.03            1.36
inaccuracy:  0.05000        0.10000           47.01           -0.04            1.00
inaccuracy:  0.10000        0.15000           59.38           -0.02            0.51
inaccuracy:  0.15000        0.20000           62.10           -0.01            0.33
inaccuracy:  0.20000        0.25000           66.93           -0.02            0.23
inaccuracy:  0.25000        0.30000           70.63           -0.01            0.17
inaccuracy:  0.30000        0.35000           71.85           -0.01            0.14
inaccuracy:  0.35000        0.40000           73.41           -0.02            0.13
inaccuracy:  0.40000        0.45000           72.24           -0.01            0.12
inaccuracy:  0.45000        0.50000           73.50           -0.02            0.11
inaccuracy:  0.50000        0.55000           67.78           -0.07            0.13
inaccuracy:  0.55000        0.60000           68.25           -0.08            0.11
inaccuracy:  0.60000        0.65000           66.70           -0.09            0.09
inaccuracy:  0.65000        0.70000           66.98           -0.08            0.08
inaccuracy:  0.70000        0.75000           67.88           -0.09            0.06
inaccuracy:  0.75000        0.80000           68.80           -0.08            0.06
inaccuracy:  0.80000        0.85000           68.39           -0.08            0.06
inaccuracy:  0.85000        0.90000           68.72           -0.08            0.06
inaccuracy:  0.90000        0.95000           68.61           -0.08            0.06
inaccuracy:  0.95000        1.00000           67.67           -0.08            0.06
===================================================================================================================================
                BAR        
-----------------------------------------------------------------------------------------------------------------------------------
BAR-estimator:         λ             λ+δλ          ΔΔA             ΔA            C               Δδe            δe       
                          
-----------------------------------------------------------------------------------------------------------------------------------
BAR-estimator:      0.00000        0.05000        1.4858         1.4858         1.4858         0.0111         0.0111 
BAR-estimator:      0.05000        0.10000        0.8955         2.3814         0.8955         0.0126         0.0168 
BAR-estimator:      0.10000        0.15000        0.4837         2.8651         0.4837         0.0081         0.0186 
BAR-estimator:      0.15000        0.20000        0.2783         3.1433         0.2783         0.0054         0.0194 
BAR-estimator:      0.20000        0.25000        0.1659         3.3092         0.1659         0.0052         0.0201 
BAR-estimator:      0.25000        0.30000        0.0903         3.3995         0.0903         0.0049         0.0207 
BAR-estimator:      0.30000        0.35000        0.0437         3.4432         0.0437         0.0041         0.0211 
BAR-estimator:      0.35000        0.40000        0.0015         3.4448         0.0015         0.0039         0.0214 
BAR-estimator:      0.40000        0.45000       -0.0207         3.4241        -0.0207         0.0035         0.0217 
BAR-estimator:      0.45000        0.50000       -0.0378         3.3863        -0.0378         0.0032         0.0220 
BAR-estimator:      0.50000        0.55000       -0.1314         3.2549        -0.1314         0.0040         0.0223 
BAR-estimator:      0.55000        0.60000       -0.3070         2.9479        -0.3070         0.0040         0.0227 
BAR-estimator:      0.60000        0.65000       -0.4695         2.4785        -0.4695         0.0044         0.0231 
BAR-estimator:      0.65000        0.70000       -0.6044         1.8740        -0.6044         0.0043         0.0235 
BAR-estimator:      0.70000        0.75000       -0.7063         1.1677        -0.7063         0.0039         0.0238 
BAR-estimator:      0.75000        0.80000       -0.7705         0.3972        -0.7705         0.0038         0.0241 
BAR-estimator:      0.80000        0.85000       -0.8070        -0.4099        -0.8070         0.0045         0.0245 
BAR-estimator:      0.85000        0.90000       -0.8403        -1.2501        -0.8403         0.0041         0.0249 
BAR-estimator:      0.90000        0.95000       -0.8459        -2.0960        -0.8459         0.0040         0.0252 
BAR-estimator:      0.95000        1.00000       -0.8597        -2.9558        -0.8597         0.0043         0.0255 
BAR-estimator: total free energy change is -2.955775580448004 , total error is 0.025544514730363576
