#========================================================================================
#                     Free energy perturbation    
#----------------------------------------------------------------------------------------
#forward/backward          λ              ΔΔA                 ΔA                  δε   
#                                                 
#----------------------------------------------------------------------------------------
forward:               0.0000              0.0000              0.0000              0.0000  
forward:               0.0500              1.6002              1.6002              0.0223  
forward:               0.1000              0.8765              2.4767              0.0282  
forward:               0.1500              0.5029              2.9795              0.0303  
forward:               0.2000              0.2754              3.2550              0.0313  
forward:               0.2500              0.1697              3.4247              0.0320  
forward:               0.3000              0.0901              3.5148              0.0327  
forward:               0.3500              0.0410              3.5559              0.0331  
forward:               0.4000             -0.0022              3.5537              0.0335  
forward:               0.4500             -0.0236              3.5301              0.0338  
forward:               0.5000             -0.0494              3.4807              0.0341  
forward:               0.5500             -0.1111              3.3696              0.0344  
forward:               0.6000             -0.1933              3.1763              0.0347  
forward:               0.6500             -0.2605              2.9158              0.0350  
forward:               0.7000             -0.3090              2.6068              0.0352  
forward:               0.7500             -0.3391              2.2676              0.0354  
forward:               0.8000             -0.3765              1.8911              0.0356  
forward:               0.8500             -0.3937              1.4974              0.0357  
forward:               0.9000             -0.4134              1.0840              0.0359  
forward:               0.9500             -0.4332              0.6508              0.0361  
forward:               1.0000             -0.4479              0.2030              0.0363  
backward:              1.0000              0.0000              0.2030              0.0000  
backward:              0.9500              0.4449              0.6478              0.0041  
backward:              0.9000              0.4320              1.0798              0.0062  
backward:              0.8500              0.4190              1.4988              0.0073  
backward:              0.8000              0.3933              1.8921              0.0085  
backward:              0.7500              0.3738              2.2659              0.0095  
backward:              0.7000              0.3418              2.6077              0.0104  
backward:              0.6500              0.3055              2.9132              0.0114  
backward:              0.6000              0.2497              3.1629              0.0126  
backward:              0.5500              0.1920              3.3548              0.0131  
backward:              0.5000              0.1118              3.4666              0.0140  
backward:              0.4500              0.0570              3.5236              0.0148  
backward:              0.4000              0.0344              3.5580              0.0156  
backward:              0.3500             -0.0098              3.5482              0.0168  
backward:              0.3000             -0.0435              3.5047              0.0182  
backward:              0.2500             -0.0883              3.4164              0.0197  
backward:              0.2000             -0.1659              3.2505              0.0213  
backward:              0.1500             -0.2786              2.9719              0.0235  
backward:              0.1000             -0.5203              2.4516              0.0292  
backward:              0.0500             -0.8978              1.5538              0.0347  
backward:              0.0000             -1.5789             -0.0251              0.0482  
Inaccuracy estimation
======================================================================================================
                   i        i+δi          P0_overlap_P1   δε(forward)/ε   δε(backward)/ε
======================================================================================================
inaccuracy:  0.00000        0.05000           36.35           -0.03            1.95
inaccuracy:  0.05000        0.10000           48.89           -0.03            0.92
inaccuracy:  0.10000        0.15000           58.56           -0.02            0.52
inaccuracy:  0.15000        0.20000           65.32           -0.02            0.28
inaccuracy:  0.20000        0.25000           68.91           -0.02            0.20
inaccuracy:  0.25000        0.30000           70.88           -0.01            0.16
inaccuracy:  0.30000        0.35000           73.15           -0.02            0.13
inaccuracy:  0.35000        0.40000           74.69           -0.01            0.12
inaccuracy:  0.40000        0.45000           73.97           -0.01            0.11
inaccuracy:  0.45000        0.50000           74.55           -0.02            0.09
inaccuracy:  0.50000        0.55000           72.48           -0.03            0.11
inaccuracy:  0.55000        0.60000           72.80           -0.03            0.09
inaccuracy:  0.60000        0.65000           74.32           -0.03            0.08
inaccuracy:  0.65000        0.70000           74.09           -0.03            0.07
inaccuracy:  0.70000        0.75000           74.10           -0.03            0.07
inaccuracy:  0.75000        0.80000           73.82           -0.04            0.07
inaccuracy:  0.80000        0.85000           74.17           -0.03            0.07
inaccuracy:  0.85000        0.90000           74.09           -0.04            0.07
inaccuracy:  0.90000        0.95000           74.28           -0.03            0.06
inaccuracy:  0.95000        1.00000           73.87           -0.03            0.07
===================================================================================================================================
                BAR        
-----------------------------------------------------------------------------------------------------------------------------------
BAR-estimator:         λ             λ+δλ          ΔΔA             ΔA            C               Δδe            δe       
                          
-----------------------------------------------------------------------------------------------------------------------------------
BAR-estimator:      0.00000        0.05000        1.6044         1.6044         1.6044         0.0118         0.0118 
BAR-estimator:      0.05000        0.10000        0.8884         2.4928         0.8884         0.0096         0.0152 
BAR-estimator:      0.10000        0.15000        0.5100         3.0028         0.5100         0.0070         0.0167 
BAR-estimator:      0.15000        0.20000        0.2805         3.2833         0.2805         0.0048         0.0174 
BAR-estimator:      0.20000        0.25000        0.1718         3.4551         0.1718         0.0047         0.0180 
BAR-estimator:      0.25000        0.30000        0.0927         3.5478         0.0927         0.0043         0.0185 
BAR-estimator:      0.30000        0.35000        0.0416         3.5894         0.0416         0.0035         0.0189 
BAR-estimator:      0.35000        0.40000        0.0033         3.5927         0.0033         0.0037         0.0192 
BAR-estimator:      0.40000        0.45000       -0.0261         3.5667        -0.0261         0.0031         0.0195 
BAR-estimator:      0.45000        0.50000       -0.0532         3.5135        -0.0532         0.0030         0.0197 
BAR-estimator:      0.50000        0.55000       -0.1109         3.4026        -0.1109         0.0033         0.0200 
BAR-estimator:      0.55000        0.60000       -0.1939         3.2087        -0.1939         0.0033         0.0203 
BAR-estimator:      0.60000        0.65000       -0.2576         2.9512        -0.2576         0.0029         0.0205 
BAR-estimator:      0.65000        0.70000       -0.3077         2.6434        -0.3077         0.0028         0.0206 
BAR-estimator:      0.70000        0.75000       -0.3391         2.3044        -0.3391         0.0031         0.0209 
BAR-estimator:      0.75000        0.80000       -0.3763         1.9281        -0.3763         0.0029         0.0211 
BAR-estimator:      0.80000        0.85000       -0.3925         1.5356        -0.3925         0.0027         0.0213 
BAR-estimator:      0.85000        0.90000       -0.4150         1.1206        -0.4150         0.0033         0.0215 
BAR-estimator:      0.90000        0.95000       -0.4318         0.6887        -0.4318         0.0032         0.0217 
BAR-estimator:      0.95000        1.00000       -0.4465         0.2422        -0.4465         0.0032         0.0220 
BAR-estimator: total free energy change is 0.2422276111211017 , total error is 0.021968791785839503
