#========================================================================================
#                     Free energy perturbation    
#----------------------------------------------------------------------------------------
#forward/backward          λ              ΔΔA                 ΔA                  δε   
#                                                 
#----------------------------------------------------------------------------------------
forward:               0.0000              0.0000              0.0000              0.0000  
forward:               0.0500              4.5536              4.5536              0.0614  
forward:               0.1000              2.3677              6.9214              0.0736  
forward:               0.1500              0.9734              7.8947              0.0771  
forward:               0.2000              0.4055              8.3002              0.0783  
forward:               0.2500              0.0994              8.3996              0.0788  
forward:               0.3000             -0.0624              8.3372              0.0793  
forward:               0.3500             -0.1792              8.1580              0.0796  
forward:               0.4000             -0.2637              7.8943              0.0799  
forward:               0.4500             -0.3156              7.5787              0.0801  
forward:               0.5000             -0.3640              7.2147              0.0803  
forward:               0.5500             -0.4338              6.7809              0.0806  
forward:               0.6000             -0.5562              6.2247              0.0807  
forward:               0.6500             -0.6198              5.6048              0.0809  
forward:               0.7000             -0.6711              4.9337              0.0810  
forward:               0.7500             -0.7207              4.2130              0.0812  
forward:               0.8000             -0.7651              3.4479              0.0813  
forward:               0.8500             -0.7877              2.6602              0.0814  
forward:               0.9000             -0.8304              1.8298              0.0815  
forward:               0.9500             -0.8484              0.9814              0.0816  
forward:               1.0000             -0.8706              0.1108              0.0817  
backward:              1.0000              0.0000              0.1108              0.0000  
backward:              0.9500              0.8753              0.9861              0.0047  
backward:              0.9000              0.8463              1.8324              0.0079  
backward:              0.8500              0.8239              2.6562              0.0097  
backward:              0.8000              0.7967              3.4530              0.0113  
backward:              0.7500              0.7679              4.2208              0.0127  
backward:              0.7000              0.7320              4.9529              0.0137  
backward:              0.6500              0.6878              5.6407              0.0157  
backward:              0.6000              0.6145              6.2552              0.0167  
backward:              0.5500              0.5502              6.8054              0.0178  
backward:              0.5000              0.4303              7.2356              0.0190  
backward:              0.4500              0.3588              7.5944              0.0200  
backward:              0.4000              0.3128              7.9073              0.0210  
backward:              0.3500              0.2662              8.1735              0.0221  
backward:              0.3000              0.1884              8.3619              0.0234  
backward:              0.2500              0.0778              8.4397              0.0250  
backward:              0.2000             -0.1146              8.3251              0.0312  
backward:              0.1500             -0.3767              7.9484              0.0358  
backward:              0.1000             -1.0556              6.8928              0.0485  
backward:              0.0500             -2.4649              4.4279              0.0973  
backward:              0.0000             -4.1590              0.2689              0.1201  
Inaccuracy estimation
======================================================================================================
                   i        i+δi          P0_overlap_P1   δε(forward)/ε   δε(backward)/ε
======================================================================================================
inaccuracy:  0.00000        0.05000           12.64            1.04            7.59
inaccuracy:  0.05000        0.10000           23.28           -0.01            3.67
inaccuracy:  0.10000        0.15000           39.37           -0.10            1.45
inaccuracy:  0.15000        0.20000           49.88           -0.07            0.69
inaccuracy:  0.20000        0.25000           58.00           -0.04            0.36
inaccuracy:  0.25000        0.30000           61.78           -0.04            0.25
inaccuracy:  0.30000        0.35000           64.00           -0.05            0.19
inaccuracy:  0.35000        0.40000           66.62           -0.04            0.15
inaccuracy:  0.40000        0.45000           67.93           -0.04            0.13
inaccuracy:  0.45000        0.50000           68.99           -0.04            0.11
inaccuracy:  0.50000        0.55000           66.37           -0.07            0.12
inaccuracy:  0.55000        0.60000           67.48           -0.06            0.09
inaccuracy:  0.60000        0.65000           68.60           -0.07            0.08
inaccuracy:  0.65000        0.70000           67.42           -0.07            0.07
inaccuracy:  0.70000        0.75000           68.01           -0.06            0.07
inaccuracy:  0.75000        0.80000           68.93           -0.07            0.06
inaccuracy:  0.80000        0.85000           68.44           -0.07            0.06
inaccuracy:  0.85000        0.90000           69.20           -0.06            0.05
inaccuracy:  0.90000        0.95000           68.72           -0.08            0.05
inaccuracy:  0.95000        1.00000           68.14           -0.08            0.05
===================================================================================================================================
                BAR        
-----------------------------------------------------------------------------------------------------------------------------------
BAR-estimator:         λ             λ+δλ          ΔΔA             ΔA            C               Δδe            δe       
                          
-----------------------------------------------------------------------------------------------------------------------------------
BAR-estimator:      0.00000        0.05000        4.5049         4.5049         4.5049         0.0209         0.0209 
BAR-estimator:      0.05000        0.10000        2.3453         6.8502         2.3453         0.0168         0.0268 
BAR-estimator:      0.10000        0.15000        1.0038         7.8540         1.0038         0.0124         0.0295 
BAR-estimator:      0.15000        0.20000        0.3974         8.2515         0.3974         0.0086         0.0308 
BAR-estimator:      0.20000        0.25000        0.1026         8.3540         0.1026         0.0058         0.0313 
BAR-estimator:      0.25000        0.30000       -0.0661         8.2879        -0.0661         0.0053         0.0317 
BAR-estimator:      0.30000        0.35000       -0.1806         8.1073        -0.1806         0.0049         0.0321 
BAR-estimator:      0.35000        0.40000       -0.2614         7.8459        -0.2614         0.0043         0.0324 
BAR-estimator:      0.40000        0.45000       -0.3123         7.5336        -0.3123         0.0040         0.0326 
BAR-estimator:      0.45000        0.50000       -0.3588         7.1747        -0.3588         0.0037         0.0329 
BAR-estimator:      0.50000        0.55000       -0.4321         6.7426        -0.4321         0.0046         0.0332 
BAR-estimator:      0.55000        0.60000       -0.5537         6.1889        -0.5537         0.0036         0.0334 
BAR-estimator:      0.60000        0.65000       -0.6200         5.5688        -0.6200         0.0027         0.0335 
BAR-estimator:      0.65000        0.70000       -0.6775         4.8913        -0.6775         0.0033         0.0336 
BAR-estimator:      0.70000        0.75000       -0.7225         4.1688        -0.7225         0.0033         0.0338 
BAR-estimator:      0.75000        0.80000       -0.7665         3.4024        -0.7665         0.0035         0.0340 
BAR-estimator:      0.80000        0.85000       -0.7907         2.6116        -0.7907         0.0040         0.0342 
BAR-estimator:      0.85000        0.90000       -0.8272         1.7845        -0.8272         0.0040         0.0344 
BAR-estimator:      0.90000        0.95000       -0.8477         0.9368        -0.8477         0.0037         0.0346 
BAR-estimator:      0.95000        1.00000       -0.8751         0.0616        -0.8751         0.0030         0.0348 
BAR-estimator: total free energy change is 0.06164810224988404 , total error is 0.03476789117453156
