#========================================================================================
#                     Free energy perturbation    
#----------------------------------------------------------------------------------------
#forward/backward          λ              ΔΔA                 ΔA                  δε   
#                                                 
#----------------------------------------------------------------------------------------
forward:               0.0000              0.0000              0.0000              0.0000  
forward:               0.0500              0.3447              0.3447              0.0082  
forward:               0.1000              0.2283              0.5729              0.0099  
forward:               0.1500              0.1661              0.7390              0.0112  
forward:               0.2000              0.1202              0.8593              0.0118  
forward:               0.2500              0.1061              0.9654              0.0124  
forward:               0.3000              0.0842              1.0496              0.0129  
forward:               0.3500              0.0744              1.1239              0.0133  
forward:               0.4000              0.0573              1.1812              0.0135  
forward:               0.4500              0.0473              1.2285              0.0138  
forward:               0.5000              0.0343              1.2628              0.0141  
forward:               0.5500             -0.1244              1.1384              0.0154  
forward:               0.6000             -0.4378              0.7006              0.0167  
forward:               0.6500             -0.6941              0.0065              0.0186  
forward:               0.7000             -0.9096             -0.9031              0.0201  
forward:               0.7500             -1.0360             -1.9391              0.0210  
forward:               0.8000             -1.0956             -3.0347              0.0218  
forward:               0.8500             -1.0851             -4.1198              0.0221  
forward:               0.9000             -1.0538             -5.1735              0.0226  
forward:               0.9500             -0.9940             -6.1675              0.0230  
forward:               1.0000             -0.9548             -7.1224              0.0234  
backward:              1.0000              0.0000             -7.1224              0.0000  
backward:              0.9500              0.9389             -6.1834              0.0070  
backward:              0.9000              1.0000             -5.1835              0.0089  
backward:              0.8500              1.0380             -4.1454              0.0107  
backward:              0.8000              1.0728             -3.0727              0.0121  
backward:              0.7500              1.0993             -1.9734              0.0141  
backward:              0.7000              1.0328             -0.9406              0.0158  
backward:              0.6500              0.9139             -0.0267              0.0181  
backward:              0.6000              0.6824              0.6557              0.0201  
backward:              0.5500              0.4264              1.0821              0.0209  
backward:              0.5000              0.1388              1.2208              0.0221  
backward:              0.4500             -0.0391              1.1817              0.0224  
backward:              0.4000             -0.0483              1.1334              0.0226  
backward:              0.3500             -0.0569              1.0766              0.0229  
backward:              0.3000             -0.0695              1.0071              0.0233  
backward:              0.2500             -0.0732              0.9339              0.0236  
backward:              0.2000             -0.0970              0.8369              0.0239  
backward:              0.1500             -0.1224              0.7145              0.0247  
backward:              0.1000             -0.1688              0.5457              0.0259  
backward:              0.0500             -0.2382              0.3075              0.0292  
backward:              0.0000             -0.3534             -0.0459              0.0309  
Inaccuracy estimation
======================================================================================================
                   i        i+δi          P0_overlap_P1   δε(forward)/ε   δε(backward)/ε
======================================================================================================
inaccuracy:  0.00000        0.05000           71.09           -0.00            0.30
inaccuracy:  0.05000        0.10000           75.12           -0.00            0.17
inaccuracy:  0.10000        0.15000           79.56           -0.00            0.12
inaccuracy:  0.15000        0.20000           81.10           -0.00            0.09
inaccuracy:  0.20000        0.25000           81.06           -0.00            0.08
inaccuracy:  0.25000        0.30000           81.61           -0.00            0.07
inaccuracy:  0.30000        0.35000           83.00           -0.00            0.06
inaccuracy:  0.35000        0.40000           83.97           -0.00            0.05
inaccuracy:  0.40000        0.45000           84.38           -0.00            0.05
inaccuracy:  0.45000        0.50000           85.21           -0.00            0.04
inaccuracy:  0.50000        0.55000           67.10           -0.08            0.14
inaccuracy:  0.55000        0.60000           70.09           -0.10            0.06
inaccuracy:  0.60000        0.65000           68.63           -0.12            0.04
inaccuracy:  0.65000        0.70000           67.80           -0.12            0.02
inaccuracy:  0.70000        0.75000           70.34           -0.11            0.02
inaccuracy:  0.75000        0.80000           70.48           -0.10            0.02
inaccuracy:  0.80000        0.85000           71.64           -0.09            0.02
inaccuracy:  0.85000        0.90000           70.94           -0.07            0.04
inaccuracy:  0.90000        0.95000           68.92           -0.08            0.05
inaccuracy:  0.95000        1.00000           69.32           -0.07            0.06
===================================================================================================================================
                BAR        
-----------------------------------------------------------------------------------------------------------------------------------
BAR-estimator:         λ             λ+δλ          ΔΔA             ΔA            C               Δδe            δe       
                          
-----------------------------------------------------------------------------------------------------------------------------------
BAR-estimator:      0.00000        0.05000        0.3523         0.3523         0.3523         0.0055         0.0055 
BAR-estimator:      0.05000        0.10000        0.2268         0.5791         0.2268         0.0038         0.0067 
BAR-estimator:      0.10000        0.15000        0.1681         0.7472         0.1681         0.0033         0.0075 
BAR-estimator:      0.15000        0.20000        0.1211         0.8683         0.1211         0.0027         0.0079 
BAR-estimator:      0.20000        0.25000        0.1030         0.9714         0.1030         0.0030         0.0085 
BAR-estimator:      0.25000        0.30000        0.0807         1.0521         0.0807         0.0026         0.0089 
BAR-estimator:      0.30000        0.35000        0.0724         1.1245         0.0724         0.0034         0.0095 
BAR-estimator:      0.35000        0.40000        0.0574         1.1819         0.0574         0.0023         0.0098 
BAR-estimator:      0.40000        0.45000        0.0475         1.2294         0.0475         0.0021         0.0100 
BAR-estimator:      0.45000        0.50000        0.0365         1.2659         0.0365         0.0019         0.0102 
BAR-estimator:      0.50000        0.55000       -0.1309         1.1350        -0.1309         0.0038         0.0109 
BAR-estimator:      0.55000        0.60000       -0.4317         0.7032        -0.4317         0.0042         0.0117 
BAR-estimator:      0.60000        0.65000       -0.6900         0.0133        -0.6900         0.0045         0.0125 
BAR-estimator:      0.65000        0.70000       -0.9104        -0.8971        -0.9104         0.0046         0.0134 
BAR-estimator:      0.70000        0.75000       -1.0348        -1.9318        -1.0348         0.0041         0.0140 
BAR-estimator:      0.75000        0.80000       -1.0947        -3.0265        -1.0947         0.0040         0.0145 
BAR-estimator:      0.80000        0.85000       -1.0771        -4.1036        -1.0771         0.0034         0.0149 
BAR-estimator:      0.85000        0.90000       -1.0452        -5.1488        -1.0452         0.0044         0.0155 
BAR-estimator:      0.90000        0.95000       -0.9954        -6.1442        -0.9954         0.0035         0.0159 
BAR-estimator:      0.95000        1.00000       -0.9498        -7.0940        -0.9498         0.0034         0.0163 
BAR-estimator: total free energy change is -7.094008355469956 , total error is 0.01628326041114438
