#========================================================================================
#                     Free energy perturbation    
#----------------------------------------------------------------------------------------
#forward/backward          λ              ΔΔA                 ΔA                  δε   
#                                                 
#----------------------------------------------------------------------------------------
forward:               0.0000              0.0000              0.0000              0.0000  
forward:               0.0500              3.2483              3.2483              0.0603  
forward:               0.1000              1.7784              5.0267              0.0716  
forward:               0.1500              0.8098              5.8365              0.0745  
forward:               0.2000              0.3707              6.2072              0.0756  
forward:               0.2500              0.1046              6.3118              0.0763  
forward:               0.3000             -0.0400              6.2718              0.0768  
forward:               0.3500             -0.1290              6.1428              0.0771  
forward:               0.4000             -0.2026              5.9401              0.0773  
forward:               0.4500             -0.2460              5.6941              0.0777  
forward:               0.5000             -0.2856              5.4085              0.0779  
forward:               0.5500             -0.5149              4.8936              0.0784  
forward:               0.6000             -0.9586              3.9350              0.0789  
forward:               0.6500             -1.3783              2.5567              0.0798  
forward:               0.7000             -1.7269              0.8297              0.0802  
forward:               0.7500             -1.9846             -1.1549              0.0807  
forward:               0.8000             -2.1484             -3.3032              0.0812  
forward:               0.8500             -2.2257             -5.5290              0.0816  
forward:               0.9000             -2.2790             -7.8080              0.0819  
forward:               0.9500             -2.2819            -10.0898              0.0823  
forward:               1.0000             -2.2898            -12.3797              0.0826  
backward:              1.0000              0.0000            -12.3797              0.0000  
backward:              0.9500              2.2534            -10.1263              0.0146  
backward:              0.9000              2.2863             -7.8400              0.0191  
backward:              0.8500              2.2511             -5.5889              0.0220  
backward:              0.8000              2.2211             -3.3678              0.0238  
backward:              0.7500              2.1483             -1.2196              0.0257  
backward:              0.7000              1.9757              0.7562              0.0278  
backward:              0.6500              1.7072              2.4634              0.0299  
backward:              0.6000              1.3725              3.8359              0.0315  
backward:              0.5500              0.9725              4.8085              0.0330  
backward:              0.5000              0.5354              5.3439              0.0344  
backward:              0.4500              0.2848              5.6286              0.0354  
backward:              0.4000              0.2308              5.8594              0.0363  
backward:              0.3500              0.1871              6.0465              0.0373  
backward:              0.3000              0.1247              6.1712              0.0386  
backward:              0.2500              0.0485              6.2196              0.0394  
backward:              0.2000             -0.1031              6.1166              0.0419  
backward:              0.1500             -0.3408              5.7757              0.0489  
backward:              0.1000             -0.8087              4.9670              0.0555  
backward:              0.0500             -1.7655              3.2015              0.0726  
backward:              0.0000             -3.1499              0.0516              0.0960  
Inaccuracy estimation
======================================================================================================
                   i        i+δi          P0_overlap_P1   δε(forward)/ε   δε(backward)/ε
======================================================================================================
inaccuracy:  0.00000        0.05000           19.36            0.29            4.51
inaccuracy:  0.05000        0.10000           28.87           -0.09            2.72
inaccuracy:  0.10000        0.15000           41.56           -0.10            1.29
inaccuracy:  0.15000        0.20000           49.02           -0.08            0.67
inaccuracy:  0.20000        0.25000           56.86           -0.06            0.40
inaccuracy:  0.25000        0.30000           60.22           -0.06            0.29
inaccuracy:  0.30000        0.35000           62.35           -0.06            0.23
inaccuracy:  0.35000        0.40000           65.94           -0.05            0.21
inaccuracy:  0.40000        0.45000           65.49           -0.05            0.17
inaccuracy:  0.45000        0.50000           65.32           -0.04            0.16
inaccuracy:  0.50000        0.55000           53.99           -0.24            0.23
inaccuracy:  0.55000        0.60000           54.44           -0.31            0.13
inaccuracy:  0.60000        0.65000           54.39           -0.30            0.07
inaccuracy:  0.65000        0.70000           55.43           -0.31            0.01
inaccuracy:  0.70000        0.75000           55.91           -0.34           -0.03
inaccuracy:  0.75000        0.80000           56.14           -0.35           -0.06
inaccuracy:  0.80000        0.85000           55.56           -0.37           -0.07
inaccuracy:  0.85000        0.90000           56.31           -0.37           -0.08
inaccuracy:  0.90000        0.95000           54.29           -0.36           -0.08
inaccuracy:  0.95000        1.00000           54.37           -0.35           -0.07
===================================================================================================================================
                BAR        
-----------------------------------------------------------------------------------------------------------------------------------
BAR-estimator:         λ             λ+δλ          ΔΔA             ΔA            C               Δδe            δe       
                          
-----------------------------------------------------------------------------------------------------------------------------------
BAR-estimator:      0.00000        0.05000        3.2314         3.2314         3.2314         0.0201         0.0201 
BAR-estimator:      0.05000        0.10000        1.8085         5.0400         1.8085         0.0155         0.0254 
BAR-estimator:      0.10000        0.15000        0.8289         5.8689         0.8289         0.0116         0.0280 
BAR-estimator:      0.15000        0.20000        0.3445         6.2134         0.3445         0.0078         0.0290 
BAR-estimator:      0.20000        0.25000        0.1028         6.3162         0.1028         0.0067         0.0298 
BAR-estimator:      0.25000        0.30000       -0.0421         6.2741        -0.0421         0.0060         0.0304 
BAR-estimator:      0.30000        0.35000       -0.1306         6.1435        -0.1306         0.0049         0.0308 
BAR-estimator:      0.35000        0.40000       -0.1929         5.9506        -0.1929         0.0045         0.0311 
BAR-estimator:      0.40000        0.45000       -0.2364         5.7142        -0.2364         0.0045         0.0314 
BAR-estimator:      0.45000        0.50000       -0.2872         5.4270        -0.2872         0.0041         0.0317 
BAR-estimator:      0.50000        0.55000       -0.5225         4.9046        -0.5225         0.0050         0.0321 
BAR-estimator:      0.55000        0.60000       -0.9668         3.9378        -0.9668         0.0045         0.0324 
BAR-estimator:      0.60000        0.65000       -1.3654         2.5723        -1.3654         0.0062         0.0330 
BAR-estimator:      0.65000        0.70000       -1.7075         0.8649        -1.7075         0.0062         0.0336 
BAR-estimator:      0.70000        0.75000       -1.9773        -1.1124        -1.9773         0.0056         0.0340 
BAR-estimator:      0.75000        0.80000       -2.1418        -3.2543        -2.1418         0.0054         0.0345 
BAR-estimator:      0.80000        0.85000       -2.2263        -5.4805        -2.2263         0.0056         0.0349 
BAR-estimator:      0.85000        0.90000       -2.2707        -7.7512        -2.2707         0.0055         0.0354 
BAR-estimator:      0.90000        0.95000       -2.2825       -10.0337        -2.2825         0.0058         0.0358 
BAR-estimator:      0.95000        1.00000       -2.2808       -12.3145        -2.2808         0.0054         0.0362 
BAR-estimator: total free energy change is -12.314495382907614 , total error is 0.03622327848670038
