#========================================================================================
#                     Free energy perturbation    
#----------------------------------------------------------------------------------------
#forward/backward          λ              ΔΔA                 ΔA                  δε   
#                                                 
#----------------------------------------------------------------------------------------
forward:               0.0000              0.0000              0.0000              0.0000  
forward:               0.0500              2.1058              2.1058              0.0292  
forward:               0.1000              1.1291              3.2349              0.0391  
forward:               0.1500              0.5148              3.7497              0.0414  
forward:               0.2000              0.2283              3.9780              0.0425  
forward:               0.2500              0.0911              4.0691              0.0431  
forward:               0.3000              0.0051              4.0741              0.0437  
forward:               0.3500             -0.0514              4.0228              0.0440  
forward:               0.4000             -0.0776              3.9452              0.0443  
forward:               0.4500             -0.1130              3.8322              0.0446  
forward:               0.5000             -0.1480              3.6842              0.0447  
forward:               0.5500             -0.3050              3.3792              0.0452  
forward:               0.6000             -0.6109              2.7683              0.0457  
forward:               0.6500             -0.8779              1.8904              0.0464  
forward:               0.7000             -1.1382              0.7522              0.0475  
forward:               0.7500             -1.2729             -0.5207              0.0483  
forward:               0.8000             -1.3460             -1.8666              0.0488  
forward:               0.8500             -1.3920             -3.2586              0.0491  
forward:               0.9000             -1.3909             -4.6496              0.0494  
forward:               0.9500             -1.3696             -6.0192              0.0496  
forward:               1.0000             -1.3676             -7.3868              0.0499  
backward:              1.0000              0.0000             -7.3868              0.0000  
backward:              0.9500              1.3464             -6.0403              0.0069  
backward:              0.9000              1.3609             -4.6794              0.0100  
backward:              0.8500              1.3937             -3.2857              0.0120  
backward:              0.8000              1.3618             -1.9239              0.0145  
backward:              0.7500              1.3370             -0.5868              0.0156  
backward:              0.7000              1.2814              0.6945              0.0164  
backward:              0.6500              1.1217              1.8162              0.0227  
backward:              0.6000              0.8827              2.6989              0.0244  
backward:              0.5500              0.6264              3.3253              0.0255  
backward:              0.5000              0.3037              3.6290              0.0275  
backward:              0.4500              0.1481              3.7770              0.0280  
backward:              0.4000              0.1037              3.8808              0.0285  
backward:              0.3500              0.0709              3.9517              0.0293  
backward:              0.3000              0.0447              3.9963              0.0301  
backward:              0.2500             -0.0127              3.9836              0.0309  
backward:              0.2000             -0.1049              3.8787              0.0321  
backward:              0.1500             -0.2407              3.6379              0.0384  
backward:              0.1000             -0.5349              3.1030              0.0420  
backward:              0.0500             -1.1551              1.9480              0.0570  
backward:              0.0000             -2.0565             -0.1085              0.0705  
Inaccuracy estimation
======================================================================================================
                   i        i+δi          P0_overlap_P1   δε(forward)/ε   δε(backward)/ε
======================================================================================================
inaccuracy:  0.00000        0.05000           30.80            0.01            2.42
inaccuracy:  0.05000        0.10000           39.51           -0.05            1.49
inaccuracy:  0.10000        0.15000           54.65           -0.03            0.64
inaccuracy:  0.15000        0.20000           62.58           -0.02            0.33
inaccuracy:  0.20000        0.25000           67.37           -0.02            0.21
inaccuracy:  0.25000        0.30000           70.10           -0.02            0.17
inaccuracy:  0.30000        0.35000           72.02           -0.01            0.13
inaccuracy:  0.35000        0.40000           72.17           -0.02            0.12
inaccuracy:  0.40000        0.45000           73.29           -0.02            0.11
inaccuracy:  0.45000        0.50000           73.62           -0.02            0.10
inaccuracy:  0.50000        0.55000           62.18           -0.14            0.19
inaccuracy:  0.55000        0.60000           63.21           -0.15            0.11
inaccuracy:  0.60000        0.65000           62.48           -0.17            0.07
inaccuracy:  0.65000        0.70000           63.68           -0.17            0.04
inaccuracy:  0.70000        0.75000           62.87           -0.17            0.02
inaccuracy:  0.75000        0.80000           64.12           -0.15            0.02
inaccuracy:  0.80000        0.85000           65.65           -0.14            0.02
inaccuracy:  0.85000        0.90000           62.83           -0.15            0.02
inaccuracy:  0.90000        0.95000           63.14           -0.16            0.03
inaccuracy:  0.95000        1.00000           63.33           -0.15            0.04
===================================================================================================================================
                BAR        
-----------------------------------------------------------------------------------------------------------------------------------
BAR-estimator:         λ             λ+δλ          ΔΔA             ΔA            C               Δδe            δe       
                          
-----------------------------------------------------------------------------------------------------------------------------------
BAR-estimator:      0.00000        0.05000        2.0969         2.0969         2.0969         0.0139         0.0139 
BAR-estimator:      0.05000        0.10000        1.1261         3.2230         1.1261         0.0136         0.0194 
BAR-estimator:      0.10000        0.15000        0.5273         3.7503         0.5273         0.0086         0.0212 
BAR-estimator:      0.15000        0.20000        0.2306         3.9809         0.2306         0.0064         0.0222 
BAR-estimator:      0.20000        0.25000        0.0952         4.0761         0.0952         0.0049         0.0227 
BAR-estimator:      0.25000        0.30000        0.0111         4.0872         0.0111         0.0050         0.0232 
BAR-estimator:      0.30000        0.35000       -0.0470         4.0401        -0.0470         0.0060         0.0240 
BAR-estimator:      0.35000        0.40000       -0.0768         3.9633        -0.0768         0.0039         0.0243 
BAR-estimator:      0.40000        0.45000       -0.1103         3.8530        -0.1103         0.0037         0.0246 
BAR-estimator:      0.45000        0.50000       -0.1465         3.7065        -0.1465         0.0025         0.0247 
BAR-estimator:      0.50000        0.55000       -0.3098         3.3967        -0.3098         0.0042         0.0251 
BAR-estimator:      0.55000        0.60000       -0.6174         2.7793        -0.6174         0.0043         0.0254 
BAR-estimator:      0.60000        0.65000       -0.8817         1.8976        -0.8817         0.0047         0.0259 
BAR-estimator:      0.65000        0.70000       -1.1307         0.7669        -1.1307         0.0054         0.0264 
BAR-estimator:      0.70000        0.75000       -1.2762        -0.5092        -1.2762         0.0049         0.0269 
BAR-estimator:      0.75000        0.80000       -1.3453        -1.8545        -1.3453         0.0044         0.0272 
BAR-estimator:      0.80000        0.85000       -1.3771        -3.2316        -1.3771         0.0044         0.0276 
BAR-estimator:      0.85000        0.90000       -1.3924        -4.6240        -1.3924         0.0040         0.0279 
BAR-estimator:      0.90000        0.95000       -1.3694        -5.9933        -1.3694         0.0046         0.0283 
BAR-estimator:      0.95000        1.00000       -1.3610        -7.3544        -1.3610         0.0045         0.0286 
BAR-estimator: total free energy change is -7.354353429331871 , total error is 0.028611382392019484
