#========================================================================================
#                     Free energy perturbation    
#----------------------------------------------------------------------------------------
#forward/backward          λ              ΔΔA                 ΔA                  δε   
#                                                 
#----------------------------------------------------------------------------------------
forward:               0.0000              0.0000              0.0000              0.0000  
forward:               0.0500              1.5241              1.5241              0.0245  
forward:               0.1000              0.7631              2.2872              0.0285  
forward:               0.1500              0.3794              2.6666              0.0299  
forward:               0.2000              0.1752              2.8417              0.0307  
forward:               0.2500              0.0694              2.9112              0.0309  
forward:               0.3000              0.0090              2.9202              0.0315  
forward:               0.3500             -0.0329              2.8873              0.0319  
forward:               0.4000             -0.0698              2.8176              0.0323  
forward:               0.4500             -0.1020              2.7156              0.0325  
forward:               0.5000             -0.1234              2.5922              0.0328  
forward:               0.5500             -0.2424              2.3498              0.0332  
forward:               0.6000             -0.4331              1.9167              0.0336  
forward:               0.6500             -0.5941              1.3226              0.0340  
forward:               0.7000             -0.7243              0.5983              0.0345  
forward:               0.7500             -0.8267             -0.2284              0.0348  
forward:               0.8000             -0.9054             -1.1338              0.0352  
forward:               0.8500             -0.9515             -2.0853              0.0355  
forward:               0.9000             -0.9825             -3.0678              0.0358  
forward:               0.9500             -0.9863             -4.0540              0.0360  
forward:               1.0000             -0.9991             -5.0532              0.0362  
backward:              1.0000              0.0000             -5.0532              0.0000  
backward:              0.9500              1.0050             -4.0481              0.0042  
backward:              0.9000              0.9890             -3.0592              0.0069  
backward:              0.8500              0.9750             -2.0842              0.0086  
backward:              0.8000              0.9465             -1.1377              0.0108  
backward:              0.7500              0.9051             -0.2326              0.0122  
backward:              0.7000              0.8198              0.5872              0.0134  
backward:              0.6500              0.7192              1.3065              0.0152  
backward:              0.6000              0.5912              1.8976              0.0163  
backward:              0.5500              0.4267              2.3243              0.0173  
backward:              0.5000              0.2330              2.5573              0.0186  
backward:              0.4500              0.1227              2.6800              0.0192  
backward:              0.4000              0.0973              2.7774              0.0198  
backward:              0.3500              0.0791              2.8564              0.0205  
backward:              0.3000              0.0371              2.8935              0.0214  
backward:              0.2500             -0.0086              2.8850              0.0224  
backward:              0.2000             -0.0748              2.8102              0.0236  
backward:              0.1500             -0.1756              2.6346              0.0254  
backward:              0.1000             -0.3422              2.2924              0.0282  
backward:              0.0500             -0.7114              1.5810              0.0385  
backward:              0.0000             -1.6766             -0.0957              0.1039  
Inaccuracy estimation
======================================================================================================
                   i        i+δi          P0_overlap_P1   δε(forward)/ε   δε(backward)/ε
======================================================================================================
inaccuracy:  0.00000        0.05000           35.37           -0.04            1.82
inaccuracy:  0.05000        0.10000           47.47           -0.04            0.97
inaccuracy:  0.10000        0.15000           58.22           -0.02            0.44
inaccuracy:  0.15000        0.20000           66.93           -0.02            0.23
inaccuracy:  0.20000        0.25000           70.50           -0.01            0.17
inaccuracy:  0.25000        0.30000           72.15           -0.01            0.14
inaccuracy:  0.30000        0.35000           73.05           -0.01            0.11
inaccuracy:  0.35000        0.40000           74.17           -0.02            0.10
inaccuracy:  0.40000        0.45000           76.51           -0.01            0.09
inaccuracy:  0.45000        0.50000           76.37           -0.01            0.08
inaccuracy:  0.50000        0.55000           67.86           -0.07            0.11
inaccuracy:  0.55000        0.60000           69.53           -0.07            0.08
inaccuracy:  0.60000        0.65000           69.78           -0.07            0.06
inaccuracy:  0.65000        0.70000           70.23           -0.08            0.05
inaccuracy:  0.70000        0.75000           70.69           -0.07            0.04
inaccuracy:  0.75000        0.80000           69.92           -0.08            0.04
inaccuracy:  0.80000        0.85000           70.61           -0.09            0.03
inaccuracy:  0.85000        0.90000           71.14           -0.08            0.03
inaccuracy:  0.90000        0.95000           68.99           -0.08            0.04
inaccuracy:  0.95000        1.00000           68.92           -0.08            0.04
===================================================================================================================================
                BAR        
-----------------------------------------------------------------------------------------------------------------------------------
BAR-estimator:         λ             λ+δλ          ΔΔA             ΔA            C               Δδe            δe       
                          
-----------------------------------------------------------------------------------------------------------------------------------
BAR-estimator:      0.00000        0.05000        1.5303         1.5303         1.5303         0.0125         0.0125 
BAR-estimator:      0.05000        0.10000        0.7575         2.2878         0.7575         0.0088         0.0153 
BAR-estimator:      0.10000        0.15000        0.3689         2.6567         0.3689         0.0062         0.0165 
BAR-estimator:      0.15000        0.20000        0.1728         2.8295         0.1728         0.0046         0.0171 
BAR-estimator:      0.20000        0.25000        0.0718         2.9013         0.0718         0.0044         0.0177 
BAR-estimator:      0.25000        0.30000        0.0085         2.9098         0.0085         0.0041         0.0182 
BAR-estimator:      0.30000        0.35000       -0.0352         2.8746        -0.0352         0.0036         0.0185 
BAR-estimator:      0.35000        0.40000       -0.0730         2.8016        -0.0730         0.0038         0.0189 
BAR-estimator:      0.40000        0.45000       -0.0988         2.7028        -0.0988         0.0029         0.0191 
BAR-estimator:      0.45000        0.50000       -0.1229         2.5798        -0.1229         0.0029         0.0193 
BAR-estimator:      0.50000        0.55000       -0.2435         2.3363        -0.2435         0.0037         0.0197 
BAR-estimator:      0.55000        0.60000       -0.4315         1.9048        -0.4315         0.0036         0.0200 
BAR-estimator:      0.60000        0.65000       -0.5950         1.3098        -0.5950         0.0034         0.0203 
BAR-estimator:      0.65000        0.70000       -0.7207         0.5891        -0.7207         0.0035         0.0206 
BAR-estimator:      0.70000        0.75000       -0.8233        -0.2342        -0.8233         0.0036         0.0209 
BAR-estimator:      0.75000        0.80000       -0.9042        -1.1384        -0.9042         0.0035         0.0212 
BAR-estimator:      0.80000        0.85000       -0.9485        -2.0869        -0.9485         0.0037         0.0215 
BAR-estimator:      0.85000        0.90000       -0.9779        -3.0649        -0.9779         0.0035         0.0218 
BAR-estimator:      0.90000        0.95000       -0.9894        -4.0542        -0.9894         0.0036         0.0221 
BAR-estimator:      0.95000        1.00000       -1.0026        -5.0568        -1.0026         0.0036         0.0224 
BAR-estimator: total free energy change is -5.056803613916092 , total error is 0.022386549305477364
