#========================================================================================
#                     Free energy perturbation    
#----------------------------------------------------------------------------------------
#forward/backward          λ              ΔΔA                 ΔA                  δε   
#                                                 
#----------------------------------------------------------------------------------------
forward:               0.0000              0.0000              0.0000              0.0000  
forward:               0.0500              1.3244              1.3244              0.0201  
forward:               0.1000              0.7253              2.0497              0.0237  
forward:               0.1500              0.4033              2.4529              0.0257  
forward:               0.2000              0.2634              2.7163              0.0267  
forward:               0.2500              0.1579              2.8742              0.0275  
forward:               0.3000              0.0975              2.9717              0.0280  
forward:               0.3500              0.0619              3.0335              0.0285  
forward:               0.4000              0.0274              3.0609              0.0288  
forward:               0.4500              0.0074              3.0683              0.0291  
forward:               0.5000             -0.0143              3.0540              0.0294  
forward:               0.5500             -0.0934              2.9606              0.0297  
forward:               0.6000             -0.1705              2.7901              0.0300  
forward:               0.6500             -0.2097              2.5804              0.0302  
forward:               0.7000             -0.2526              2.3278              0.0304  
forward:               0.7500             -0.2649              2.0629              0.0306  
forward:               0.8000             -0.2917              1.7712              0.0308  
forward:               0.8500             -0.3064              1.4648              0.0310  
forward:               0.9000             -0.3209              1.1439              0.0311  
forward:               0.9500             -0.3292              0.8147              0.0313  
forward:               1.0000             -0.3492              0.4656              0.0314  
backward:              1.0000              0.0000              0.4656              0.0000  
backward:              0.9500              0.3387              0.8043              0.0036  
backward:              0.9000              0.3351              1.1394              0.0050  
backward:              0.8500              0.3259              1.4653              0.0061  
backward:              0.8000              0.3048              1.7701              0.0073  
backward:              0.7500              0.2937              2.0638              0.0087  
backward:              0.7000              0.2778              2.3417              0.0095  
backward:              0.6500              0.2412              2.5829              0.0108  
backward:              0.6000              0.2147              2.7976              0.0119  
backward:              0.5500              0.1691              2.9667              0.0127  
backward:              0.5000              0.0957              3.0624              0.0135  
backward:              0.4500              0.0074              3.0698              0.0143  
backward:              0.4000             -0.0170              3.0528              0.0152  
backward:              0.3500             -0.0349              3.0179              0.0161  
backward:              0.3000             -0.0690              2.9489              0.0172  
backward:              0.2500             -0.1015              2.8474              0.0195  
backward:              0.2000             -0.1729              2.6745              0.0209  
backward:              0.1500             -0.2464              2.4281              0.0230  
backward:              0.1000             -0.4571              1.9710              0.0264  
backward:              0.0500             -0.7297              1.2413              0.0325  
backward:              0.0000             -1.3396             -0.0983              0.0654  
Inaccuracy estimation
======================================================================================================
                   i        i+δi          P0_overlap_P1   δε(forward)/ε   δε(backward)/ε
======================================================================================================
inaccuracy:  0.00000        0.05000           42.97           -0.03            1.53
inaccuracy:  0.05000        0.10000           53.66           -0.02            0.71
inaccuracy:  0.10000        0.15000           64.92           -0.01            0.36
inaccuracy:  0.15000        0.20000           66.99           -0.01            0.22
inaccuracy:  0.20000        0.25000           72.71           -0.01            0.15
inaccuracy:  0.25000        0.30000           74.00           -0.01            0.12
inaccuracy:  0.30000        0.35000           76.08           -0.01            0.11
inaccuracy:  0.35000        0.40000           77.17           -0.01            0.09
inaccuracy:  0.40000        0.45000           78.60           -0.01            0.08
inaccuracy:  0.45000        0.50000           78.29           -0.01            0.07
inaccuracy:  0.50000        0.55000           74.48           -0.03            0.10
inaccuracy:  0.55000        0.60000           76.05           -0.03            0.07
inaccuracy:  0.60000        0.65000           76.07           -0.03            0.06
inaccuracy:  0.65000        0.70000           77.08           -0.02            0.05
inaccuracy:  0.70000        0.75000           75.92           -0.03            0.06
inaccuracy:  0.75000        0.80000           76.35           -0.03            0.06
inaccuracy:  0.80000        0.85000           76.82           -0.03            0.06
inaccuracy:  0.85000        0.90000           76.03           -0.02            0.05
inaccuracy:  0.90000        0.95000           75.96           -0.03            0.06
inaccuracy:  0.95000        1.00000           77.52           -0.02            0.05
===================================================================================================================================
                BAR        
-----------------------------------------------------------------------------------------------------------------------------------
BAR-estimator:         λ             λ+δλ          ΔΔA             ΔA            C               Δδe            δe       
                          
-----------------------------------------------------------------------------------------------------------------------------------
BAR-estimator:      0.00000        0.05000        1.3150         1.3150         1.3150         0.0118         0.0118 
BAR-estimator:      0.05000        0.10000        0.7286         2.0435         0.7286         0.0080         0.0143 
BAR-estimator:      0.10000        0.15000        0.4242         2.4677         0.4242         0.0063         0.0156 
BAR-estimator:      0.15000        0.20000        0.2552         2.7229         0.2552         0.0048         0.0163 
BAR-estimator:      0.20000        0.25000        0.1619         2.8848         0.1619         0.0043         0.0169 
BAR-estimator:      0.25000        0.30000        0.0957         2.9805         0.0957         0.0034         0.0172 
BAR-estimator:      0.30000        0.35000        0.0652         3.0457         0.0652         0.0034         0.0176 
BAR-estimator:      0.35000        0.40000        0.0302         3.0759         0.0302         0.0033         0.0179 
BAR-estimator:      0.40000        0.45000        0.0115         3.0874         0.0115         0.0028         0.0181 
BAR-estimator:      0.45000        0.50000       -0.0120         3.0753        -0.0120         0.0027         0.0183 
BAR-estimator:      0.50000        0.55000       -0.0930         2.9823        -0.0930         0.0031         0.0186 
BAR-estimator:      0.55000        0.60000       -0.1691         2.8132        -0.1691         0.0031         0.0188 
BAR-estimator:      0.60000        0.65000       -0.2133         2.5999        -0.2133         0.0028         0.0190 
BAR-estimator:      0.65000        0.70000       -0.2516         2.3483        -0.2516         0.0028         0.0192 
BAR-estimator:      0.70000        0.75000       -0.2685         2.0798        -0.2685         0.0029         0.0194 
BAR-estimator:      0.75000        0.80000       -0.2927         1.7871        -0.2927         0.0027         0.0196 
BAR-estimator:      0.80000        0.85000       -0.3076         1.4796        -0.3076         0.0028         0.0198 
BAR-estimator:      0.85000        0.90000       -0.3231         1.1565        -0.3231         0.0027         0.0200 
BAR-estimator:      0.90000        0.95000       -0.3316         0.8249        -0.3316         0.0028         0.0202 
BAR-estimator:      0.95000        1.00000       -0.3438         0.4811        -0.3438         0.0027         0.0204 
BAR-estimator: total free energy change is 0.48111267085601467 , total error is 0.020390079674391236
