#========================================================================================
#                     Free energy perturbation    
#----------------------------------------------------------------------------------------
#forward/backward          λ              ΔΔA                 ΔA                  δε   
#                                                 
#----------------------------------------------------------------------------------------
forward:               0.0000              0.0000              0.0000              0.0000  
forward:               0.0500              4.1623              4.1623              0.0730  
forward:               0.1000              2.0630              6.2253              0.0884  
forward:               0.1500              0.8217              7.0469              0.0895  
forward:               0.2000              0.2654              7.3124              0.0906  
forward:               0.2500              0.0234              7.3358              0.0913  
forward:               0.3000             -0.1554              7.1804              0.0917  
forward:               0.3500             -0.2312              6.9492              0.0920  
forward:               0.4000             -0.2920              6.6572              0.0923  
forward:               0.4500             -0.3325              6.3246              0.0925  
forward:               0.5000             -0.3843              5.9403              0.0927  
forward:               0.5500             -0.7152              5.2251              0.0932  
forward:               0.6000             -1.2710              3.9541              0.0937  
forward:               0.6500             -1.7428              2.2113              0.0944  
forward:               0.7000             -2.1362              0.0752              0.0951  
forward:               0.7500             -2.4092             -2.3341              0.0955  
forward:               0.8000             -2.6029             -4.9370              0.0958  
forward:               0.8500             -2.6962             -7.6332              0.0961  
forward:               0.9000             -2.7679            -10.4011              0.0964  
forward:               0.9500             -2.8164            -13.2175              0.0966  
forward:               1.0000             -2.8361            -16.0536              0.0968  
backward:              1.0000              0.0000            -16.0536              0.0000  
backward:              0.9500              2.8336            -13.2199              0.0092  
backward:              0.9000              2.8203            -10.3997              0.0122  
backward:              0.8500              2.7492             -7.6504              0.0167  
backward:              0.8000              2.6780             -4.9725              0.0201  
backward:              0.7500              2.6019             -2.3706              0.0219  
backward:              0.7000              2.4154              0.0448              0.0242  
backward:              0.6500              2.1477              2.1924              0.0265  
backward:              0.6000              1.7358              3.9282              0.0293  
backward:              0.5500              1.2689              5.1971              0.0309  
backward:              0.5000              0.6969              5.8940              0.0328  
backward:              0.4500              0.3806              6.2746              0.0333  
backward:              0.4000              0.3471              6.6217              0.0340  
backward:              0.3500              0.2989              6.9206              0.0349  
backward:              0.3000              0.2359              7.1565              0.0359  
backward:              0.2500              0.1374              7.2939              0.0384  
backward:              0.2000              0.0132              7.3071              0.0401  
backward:              0.1500             -0.2634              7.0437              0.0461  
backward:              0.1000             -0.8982              6.1455              0.0596  
backward:              0.0500             -2.0912              4.0543              0.0931  
backward:              0.0000             -3.7666              0.2877              0.1231  
Inaccuracy estimation
======================================================================================================
                   i        i+δi          P0_overlap_P1   δε(forward)/ε   δε(backward)/ε
======================================================================================================
inaccuracy:  0.00000        0.05000           12.95            0.72            7.09
inaccuracy:  0.05000        0.10000           25.34           -0.08            3.21
inaccuracy:  0.10000        0.15000           39.99           -0.09            1.45
inaccuracy:  0.15000        0.20000           50.91           -0.07            0.66
inaccuracy:  0.20000        0.25000           57.25           -0.06            0.38
inaccuracy:  0.25000        0.30000           62.69           -0.05            0.24
inaccuracy:  0.30000        0.35000           64.11           -0.05            0.18
inaccuracy:  0.35000        0.40000           65.55           -0.04            0.16
inaccuracy:  0.40000        0.45000           66.02           -0.04            0.15
inaccuracy:  0.45000        0.50000           67.61           -0.03            0.13
inaccuracy:  0.50000        0.55000           52.86           -0.26            0.22
inaccuracy:  0.55000        0.60000           53.76           -0.34            0.09
inaccuracy:  0.60000        0.65000           54.00           -0.39            0.01
inaccuracy:  0.65000        0.70000           54.47           -0.40           -0.06
inaccuracy:  0.70000        0.75000           55.32           -0.40           -0.10
inaccuracy:  0.75000        0.80000           56.81           -0.36           -0.12
inaccuracy:  0.80000        0.85000           56.20           -0.42           -0.13
inaccuracy:  0.85000        0.90000           56.09           -0.36           -0.16
inaccuracy:  0.90000        0.95000           55.61           -0.37           -0.18
inaccuracy:  0.95000        1.00000           54.92           -0.44           -0.18
===================================================================================================================================
                BAR        
-----------------------------------------------------------------------------------------------------------------------------------
BAR-estimator:         λ             λ+δλ          ΔΔA             ΔA            C               Δδe            δe       
                          
-----------------------------------------------------------------------------------------------------------------------------------
BAR-estimator:      0.00000        0.05000        4.1266         4.1266         4.1266         0.0209         0.0209 
BAR-estimator:      0.05000        0.10000        2.1062         6.2327         2.1062         0.0178         0.0275 
BAR-estimator:      0.10000        0.15000        0.8701         7.1029         0.8701         0.0141         0.0309 
BAR-estimator:      0.15000        0.20000        0.2678         7.3706         0.2678         0.0095         0.0323 
BAR-estimator:      0.20000        0.25000        0.0224         7.3931         0.0224         0.0064         0.0330 
BAR-estimator:      0.25000        0.30000       -0.1483         7.2448        -0.1483         0.0054         0.0334 
BAR-estimator:      0.30000        0.35000       -0.2351         7.0096        -0.2351         0.0053         0.0338 
BAR-estimator:      0.35000        0.40000       -0.2926         6.7170        -0.2926         0.0046         0.0341 
BAR-estimator:      0.40000        0.45000       -0.3362         6.3808        -0.3362         0.0041         0.0344 
BAR-estimator:      0.45000        0.50000       -0.3810         5.9997        -0.3810         0.0039         0.0346 
BAR-estimator:      0.50000        0.55000       -0.6991         5.3007        -0.6991         0.0046         0.0349 
BAR-estimator:      0.55000        0.60000       -1.2611         4.0395        -1.2611         0.0059         0.0354 
BAR-estimator:      0.60000        0.65000       -1.7398         2.2998        -1.7398         0.0059         0.0359 
BAR-estimator:      0.65000        0.70000       -2.1445         0.1553        -2.1445         0.0061         0.0364 
BAR-estimator:      0.70000        0.75000       -2.4184        -2.2631        -2.4184         0.0058         0.0369 
BAR-estimator:      0.75000        0.80000       -2.6013        -4.8644        -2.6013         0.0051         0.0372 
BAR-estimator:      0.80000        0.85000       -2.6978        -7.5623        -2.6978         0.0056         0.0376 
BAR-estimator:      0.85000        0.90000       -2.7665       -10.3288        -2.7665         0.0064         0.0382 
BAR-estimator:      0.90000        0.95000       -2.8140       -13.1428        -2.8140         0.0066         0.0387 
BAR-estimator:      0.95000        1.00000       -2.8364       -15.9792        -2.8364         0.0051         0.0391 
BAR-estimator: total free energy change is -15.979199639323328 , total error is 0.039065629070201426
