#========================================================================================
#                     Free energy perturbation    
#----------------------------------------------------------------------------------------
#forward/backward          λ              ΔΔA                 ΔA                  δε   
#                                                 
#----------------------------------------------------------------------------------------
forward:               0.0000              0.0000              0.0000              0.0000  
forward:               0.0500              1.7523              1.7523              0.0192  
forward:               0.1000              1.0369              2.7892              0.0239  
forward:               0.1500              0.5791              3.3683              0.0264  
forward:               0.2000              0.3560              3.7242              0.0279  
forward:               0.2500              0.2098              3.9341              0.0287  
forward:               0.3000              0.1213              4.0554              0.0294  
forward:               0.3500              0.0604              4.1158              0.0296  
forward:               0.4000              0.0214              4.1372              0.0301  
forward:               0.4500             -0.0053              4.1319              0.0305  
forward:               0.5000             -0.0311              4.1009              0.0308  
forward:               0.5500             -0.0722              4.0287              0.0312  
forward:               0.6000             -0.1315              3.8971              0.0314  
forward:               0.6500             -0.1853              3.7118              0.0316  
forward:               0.7000             -0.2093              3.5025              0.0319  
forward:               0.7500             -0.2359              3.2666              0.0322  
forward:               0.8000             -0.2735              2.9930              0.0324  
forward:               0.8500             -0.2815              2.7116              0.0326  
forward:               0.9000             -0.3009              2.4107              0.0329  
forward:               0.9500             -0.3164              2.0943              0.0331  
forward:               1.0000             -0.3342              1.7601              0.0333  
backward:              1.0000              0.0000              1.7601              0.0000  
backward:              0.9500              0.3234              2.0834              0.0045  
backward:              0.9000              0.3197              2.4032              0.0064  
backward:              0.8500              0.3050              2.7082              0.0082  
backward:              0.8000              0.2761              2.9843              0.0132  
backward:              0.7500              0.2699              3.2543              0.0138  
backward:              0.7000              0.2410              3.4953              0.0145  
backward:              0.6500              0.2072              3.7025              0.0154  
backward:              0.6000              0.1726              3.8751              0.0161  
backward:              0.5500              0.1335              4.0086              0.0173  
backward:              0.5000              0.0827              4.0914              0.0183  
backward:              0.4500              0.0308              4.1221              0.0189  
backward:              0.4000              0.0124              4.1345              0.0196  
backward:              0.3500             -0.0273              4.1072              0.0206  
backward:              0.3000             -0.0576              4.0496              0.0223  
backward:              0.2500             -0.1208              3.9289              0.0236  
backward:              0.2000             -0.2144              3.7145              0.0254  
backward:              0.1500             -0.3823              3.3322              0.0327  
backward:              0.1000             -0.5803              2.7518              0.0356  
backward:              0.0500             -1.0387              1.7131              0.0459  
backward:              0.0000             -1.7356             -0.0225              0.0584  
Inaccuracy estimation
======================================================================================================
                   i        i+δi          P0_overlap_P1   δε(forward)/ε   δε(backward)/ε
======================================================================================================
inaccuracy:  0.00000        0.05000           34.95           -0.02            2.01
inaccuracy:  0.05000        0.10000           44.52           -0.04            1.11
inaccuracy:  0.10000        0.15000           54.82           -0.02            0.60
inaccuracy:  0.15000        0.20000           61.45           -0.03            0.37
inaccuracy:  0.20000        0.25000           66.11           -0.02            0.26
inaccuracy:  0.25000        0.30000           68.33           -0.02            0.20
inaccuracy:  0.30000        0.35000           69.42           -0.02            0.17
inaccuracy:  0.35000        0.40000           70.65           -0.01            0.14
inaccuracy:  0.40000        0.45000           71.18           -0.01            0.14
inaccuracy:  0.45000        0.50000           72.57           -0.02            0.12
inaccuracy:  0.50000        0.55000           70.07           -0.03            0.14
inaccuracy:  0.55000        0.60000           71.72           -0.03            0.11
inaccuracy:  0.60000        0.65000           73.07           -0.03            0.09
inaccuracy:  0.65000        0.70000           72.87           -0.03            0.10
inaccuracy:  0.70000        0.75000           72.68           -0.03            0.09
inaccuracy:  0.75000        0.80000           73.08           -0.03            0.09
inaccuracy:  0.80000        0.85000           72.51           -0.03            0.09
inaccuracy:  0.85000        0.90000           71.69           -0.04            0.09
inaccuracy:  0.90000        0.95000           72.21           -0.03            0.08
inaccuracy:  0.95000        1.00000           73.18           -0.03            0.08
===================================================================================================================================
                BAR        
-----------------------------------------------------------------------------------------------------------------------------------
BAR-estimator:         λ             λ+δλ          ΔΔA             ΔA            C               Δδe            δe       
                          
-----------------------------------------------------------------------------------------------------------------------------------
BAR-estimator:      0.00000        0.05000        1.7408         1.7408         1.7408         0.0095         0.0095 
BAR-estimator:      0.05000        0.10000        1.0357         2.7764         1.0357         0.0084         0.0127 
BAR-estimator:      0.10000        0.15000        0.5869         3.3633         0.5869         0.0069         0.0145 
BAR-estimator:      0.15000        0.20000        0.3606         3.7239         0.3606         0.0060         0.0156 
BAR-estimator:      0.20000        0.25000        0.2127         3.9366         0.2127         0.0032         0.0160 
BAR-estimator:      0.25000        0.30000        0.1214         4.0580         0.1214         0.0046         0.0166 
BAR-estimator:      0.30000        0.35000        0.0598         4.1178         0.0598         0.0030         0.0169 
BAR-estimator:      0.35000        0.40000        0.0239         4.1417         0.0239         0.0035         0.0172 
BAR-estimator:      0.40000        0.45000       -0.0069         4.1348        -0.0069         0.0038         0.0177 
BAR-estimator:      0.45000        0.50000       -0.0305         4.1043        -0.0305         0.0032         0.0179 
BAR-estimator:      0.50000        0.55000       -0.0751         4.0292        -0.0751         0.0031         0.0182 
BAR-estimator:      0.55000        0.60000       -0.1331         3.8961        -0.1331         0.0029         0.0184 
BAR-estimator:      0.60000        0.65000       -0.1808         3.7153        -0.1808         0.0028         0.0186 
BAR-estimator:      0.65000        0.70000       -0.2081         3.5072        -0.2081         0.0031         0.0189 
BAR-estimator:      0.70000        0.75000       -0.2363         3.2709        -0.2363         0.0030         0.0191 
BAR-estimator:      0.75000        0.80000       -0.2694         3.0015        -0.2694         0.0032         0.0194 
BAR-estimator:      0.80000        0.85000       -0.2815         2.7200        -0.2815         0.0031         0.0196 
BAR-estimator:      0.85000        0.90000       -0.3028         2.4172        -0.3028         0.0031         0.0199 
BAR-estimator:      0.90000        0.95000       -0.3182         2.0990        -0.3182         0.0030         0.0201 
BAR-estimator:      0.95000        1.00000       -0.3309         1.7681        -0.3309         0.0030         0.0203 
BAR-estimator: total free energy change is 1.768106311939152 , total error is 0.02032475315311885
