#========================================================================================
#                     Free energy perturbation    
#----------------------------------------------------------------------------------------
#forward/backward          λ              ΔΔA                 ΔA                  δε   
#                                                 
#----------------------------------------------------------------------------------------
forward:               0.0000              0.0000              0.0000              0.0000  
forward:               0.0500              1.6822              1.6822              0.0101  
forward:               0.1000              0.8868              2.5690              0.0230  
forward:               0.1500              0.3517              2.9206              0.0283  
forward:               0.2000              0.1313              3.0519              0.0294  
forward:               0.2500              0.0143              3.0662              0.0306  
forward:               0.3000             -0.0639              3.0023              0.0315  
forward:               0.3500             -0.1092              2.8931              0.0320  
forward:               0.4000             -0.1356              2.7575              0.0326  
forward:               0.4500             -0.1787              2.5788              0.0330  
forward:               0.5000             -0.1964              2.3825              0.0332  
forward:               0.5500             -0.6247              1.7577              0.0347  
forward:               0.6000             -1.3300              0.4278              0.0371  
forward:               0.6500             -1.9483             -1.5206              0.0399  
forward:               0.7000             -2.4436             -3.9642              0.0424  
forward:               0.7500             -2.7193             -6.6835              0.0453  
forward:               0.8000             -2.6954             -9.3789              0.0465  
forward:               0.8500             -2.6046            -11.9835              0.0473  
forward:               0.9000             -2.4161            -14.3996              0.0477  
forward:               0.9500             -2.2564            -16.6561              0.0484  
forward:               1.0000             -2.1269            -18.7830              0.0487  
backward:              1.0000              0.0000            -18.7830              0.0000  
backward:              0.9500              2.0955            -16.6875              0.0112  
backward:              0.9000              2.2427            -14.4448              0.0189  
backward:              0.8500              2.4205            -12.0243              0.0223  
backward:              0.8000              2.6013             -9.4230              0.0244  
backward:              0.7500              2.7007             -6.7223              0.0268  
backward:              0.7000              2.7023             -4.0200              0.0318  
backward:              0.6500              2.4522             -1.5678              0.0366  
backward:              0.6000              1.9907              0.4229              0.0390  
backward:              0.5500              1.3087              1.7316              0.0409  
backward:              0.5000              0.6217              2.3533              0.0429  
backward:              0.4500              0.1957              2.5490              0.0432  
backward:              0.4000              0.1633              2.7123              0.0436  
backward:              0.3500              0.1529              2.8652              0.0439  
backward:              0.3000              0.1179              2.9831              0.0443  
backward:              0.2500              0.0692              3.0523              0.0451  
backward:              0.2000             -0.0229              3.0294              0.0460  
backward:              0.1500             -0.1272              2.9022              0.0472  
backward:              0.1000             -0.3586              2.5435              0.0503  
backward:              0.0500             -0.8306              1.7130              0.0584  
backward:              0.0000             -1.6864              0.0266              0.0802  
Inaccuracy estimation
======================================================================================================
                   i        i+δi          P0_overlap_P1   δε(forward)/ε   δε(backward)/ε
======================================================================================================
inaccuracy:  0.00000        0.05000           34.30           -0.05            1.79
inaccuracy:  0.05000        0.10000           41.92           -0.07            1.25
inaccuracy:  0.10000        0.15000           57.00           -0.04            0.53
inaccuracy:  0.15000        0.20000           63.80           -0.02            0.30
inaccuracy:  0.20000        0.25000           68.39           -0.02            0.20
inaccuracy:  0.25000        0.30000           69.70           -0.01            0.15
inaccuracy:  0.30000        0.35000           71.46           -0.02            0.13
inaccuracy:  0.35000        0.40000           71.39           -0.02            0.12
inaccuracy:  0.40000        0.45000           75.37           -0.01            0.10
inaccuracy:  0.45000        0.50000           74.23           -0.02            0.09
inaccuracy:  0.50000        0.55000           52.93           -0.32            0.27
inaccuracy:  0.55000        0.60000           53.51           -0.45            0.07
inaccuracy:  0.60000        0.65000           50.11           -0.66           -0.04
inaccuracy:  0.65000        0.70000           50.76           -0.63           -0.12
inaccuracy:  0.70000        0.75000           53.81           -0.49           -0.14
inaccuracy:  0.75000        0.80000           53.07           -0.50           -0.14
inaccuracy:  0.80000        0.85000           53.29           -0.40           -0.14
inaccuracy:  0.85000        0.90000           51.69           -0.43           -0.10
inaccuracy:  0.90000        0.95000           51.13           -0.38           -0.06
inaccuracy:  0.95000        1.00000           51.34           -0.36           -0.00
===================================================================================================================================
                BAR        
-----------------------------------------------------------------------------------------------------------------------------------
BAR-estimator:         λ             λ+δλ          ΔΔA             ΔA            C               Δδe            δe       
                          
-----------------------------------------------------------------------------------------------------------------------------------
BAR-estimator:      0.00000        0.05000        1.6724         1.6724         1.6724         0.0124         0.0124 
BAR-estimator:      0.05000        0.10000        0.8730         2.5453         0.8730         0.0115         0.0169 
BAR-estimator:      0.10000        0.15000        0.3532         2.8985         0.3532         0.0077         0.0186 
BAR-estimator:      0.15000        0.20000        0.1337         3.0322         0.1337         0.0054         0.0194 
BAR-estimator:      0.20000        0.25000        0.0157         3.0480         0.0157         0.0056         0.0201 
BAR-estimator:      0.25000        0.30000       -0.0684         2.9796        -0.0684         0.0050         0.0208 
BAR-estimator:      0.30000        0.35000       -0.1120         2.8675        -0.1120         0.0045         0.0212 
BAR-estimator:      0.35000        0.40000       -0.1429         2.7246        -0.1429         0.0048         0.0218 
BAR-estimator:      0.40000        0.45000       -0.1712         2.5534        -0.1712         0.0037         0.0221 
BAR-estimator:      0.45000        0.50000       -0.1969         2.3565        -0.1969         0.0029         0.0223 
BAR-estimator:      0.50000        0.55000       -0.6240         1.7324        -0.6240         0.0055         0.0229 
BAR-estimator:      0.55000        0.60000       -1.3150         0.4174        -1.3150         0.0063         0.0238 
BAR-estimator:      0.60000        0.65000       -1.9696        -1.5522        -1.9696         0.0076         0.0250 
BAR-estimator:      0.65000        0.70000       -2.4567        -4.0089        -2.4567         0.0072         0.0260 
BAR-estimator:      0.70000        0.75000       -2.7081        -6.7170        -2.7081         0.0067         0.0268 
BAR-estimator:      0.75000        0.80000       -2.7008        -9.4178        -2.7008         0.0062         0.0276 
BAR-estimator:      0.80000        0.85000       -2.5951       -12.0129        -2.5951         0.0059         0.0282 
BAR-estimator:      0.85000        0.90000       -2.4234       -14.4363        -2.4234         0.0059         0.0288 
BAR-estimator:      0.90000        0.95000       -2.2494       -16.6857        -2.2494         0.0061         0.0294 
BAR-estimator:      0.95000        1.00000       -2.1118       -18.7975        -2.1118         0.0062         0.0301 
BAR-estimator: total free energy change is -18.79746282367424 , total error is 0.030067010954455787
