#========================================================================================
#                     Free energy perturbation    
#----------------------------------------------------------------------------------------
#forward/backward          λ              ΔΔA                 ΔA                  δε   
#                                                 
#----------------------------------------------------------------------------------------
forward:               0.0000              0.0000              0.0000              0.0000  
forward:               0.0500              1.8026              1.8026              0.0300  
forward:               0.1000              0.9840              2.7866              0.0342  
forward:               0.1500              0.4888              3.2754              0.0367  
forward:               0.2000              0.2021              3.4775              0.0376  
forward:               0.2500              0.0826              3.5601              0.0383  
forward:               0.3000             -0.0069              3.5532              0.0388  
forward:               0.3500             -0.0605              3.4927              0.0391  
forward:               0.4000             -0.0949              3.3978              0.0394  
forward:               0.4500             -0.1214              3.2764              0.0397  
forward:               0.5000             -0.1555              3.1209              0.0400  
forward:               0.5500             -0.2197              2.9012              0.0403  
forward:               0.6000             -0.3475              2.5537              0.0407  
forward:               0.6500             -0.4476              2.1061              0.0411  
forward:               0.7000             -0.5157              1.5904              0.0413  
forward:               0.7500             -0.5855              1.0048              0.0416  
forward:               0.8000             -0.6458              0.3590              0.0418  
forward:               0.8500             -0.6811             -0.3221              0.0421  
forward:               0.9000             -0.7231             -1.0452              0.0423  
forward:               0.9500             -0.7482             -1.7934              0.0425  
forward:               1.0000             -0.7705             -2.5639              0.0427  
backward:              1.0000              0.0000             -2.5639              0.0000  
backward:              0.9500              0.7742             -1.7897              0.0054  
backward:              0.9000              0.7474             -1.0423              0.0074  
backward:              0.8500              0.7180             -0.3243              0.0089  
backward:              0.8000              0.6637              0.3394              0.0106  
backward:              0.7500              0.6352              0.9746              0.0124  
backward:              0.7000              0.5852              1.5599              0.0135  
backward:              0.6500              0.5169              2.0768              0.0148  
backward:              0.6000              0.4363              2.5130              0.0157  
backward:              0.5500              0.3520              2.8650              0.0166  
backward:              0.5000              0.2154              3.0804              0.0180  
backward:              0.4500              0.1547              3.2352              0.0191  
backward:              0.4000              0.1106              3.3457              0.0200  
backward:              0.3500              0.1017              3.4474              0.0208  
backward:              0.3000              0.0544              3.5018              0.0222  
backward:              0.2500             -0.0060              3.4959              0.0233  
backward:              0.2000             -0.0832              3.4127              0.0248  
backward:              0.1500             -0.2139              3.1988              0.0275  
backward:              0.1000             -0.4755              2.7233              0.0354  
backward:              0.0500             -1.0113              1.7120              0.0464  
backward:              0.0000             -1.9885             -0.2766              0.2103  
Inaccuracy estimation
======================================================================================================
                   i        i+δi          P0_overlap_P1   δε(forward)/ε   δε(backward)/ε
======================================================================================================
inaccuracy:  0.00000        0.05000           33.40           -0.02            1.88
inaccuracy:  0.05000        0.10000           44.16           -0.05            1.20
inaccuracy:  0.10000        0.15000           54.06           -0.03            0.62
inaccuracy:  0.15000        0.20000           63.03           -0.01            0.31
inaccuracy:  0.20000        0.25000           66.31           -0.01            0.22
inaccuracy:  0.25000        0.30000           70.35           -0.02            0.16
inaccuracy:  0.30000        0.35000           71.65           -0.02            0.13
inaccuracy:  0.35000        0.40000           71.62           -0.01            0.11
inaccuracy:  0.40000        0.45000           73.72           -0.02            0.10
inaccuracy:  0.45000        0.50000           73.15           -0.01            0.10
inaccuracy:  0.50000        0.55000           68.57           -0.05            0.12
inaccuracy:  0.55000        0.60000           69.70           -0.06            0.10
inaccuracy:  0.60000        0.65000           71.85           -0.06            0.08
inaccuracy:  0.65000        0.70000           70.98           -0.06            0.07
inaccuracy:  0.70000        0.75000           71.40           -0.06            0.06
inaccuracy:  0.75000        0.80000           71.73           -0.05            0.06
inaccuracy:  0.80000        0.85000           71.78           -0.05            0.06
inaccuracy:  0.85000        0.90000           71.84           -0.06            0.05
inaccuracy:  0.90000        0.95000           70.72           -0.06            0.05
inaccuracy:  0.95000        1.00000           70.26           -0.07            0.05
===================================================================================================================================
                BAR        
-----------------------------------------------------------------------------------------------------------------------------------
BAR-estimator:         λ             λ+δλ          ΔΔA             ΔA            C               Δδe            δe       
                          
-----------------------------------------------------------------------------------------------------------------------------------
BAR-estimator:      0.00000        0.05000        1.7763         1.7763         1.7763         0.0127         0.0127 
BAR-estimator:      0.05000        0.10000        0.9955         2.7718         0.9955         0.0102         0.0163 
BAR-estimator:      0.10000        0.15000        0.4883         3.2601         0.4883         0.0083         0.0183 
BAR-estimator:      0.15000        0.20000        0.2036         3.4637         0.2036         0.0059         0.0192 
BAR-estimator:      0.20000        0.25000        0.0787         3.5424         0.0787         0.0049         0.0198 
BAR-estimator:      0.25000        0.30000       -0.0031         3.5394        -0.0031         0.0040         0.0202 
BAR-estimator:      0.30000        0.35000       -0.0592         3.4801        -0.0592         0.0037         0.0206 
BAR-estimator:      0.35000        0.40000       -0.0981         3.3820        -0.0981         0.0034         0.0209 
BAR-estimator:      0.40000        0.45000       -0.1193         3.2626        -0.1193         0.0032         0.0211 
BAR-estimator:      0.45000        0.50000       -0.1571         3.1055        -0.1571         0.0032         0.0213 
BAR-estimator:      0.50000        0.55000       -0.2184         2.8871        -0.2184         0.0038         0.0217 
BAR-estimator:      0.55000        0.60000       -0.3496         2.5375        -0.3496         0.0039         0.0220 
BAR-estimator:      0.60000        0.65000       -0.4432         2.0943        -0.4432         0.0036         0.0223 
BAR-estimator:      0.65000        0.70000       -0.5174         1.5769        -0.5174         0.0033         0.0226 
BAR-estimator:      0.70000        0.75000       -0.5854         0.9915        -0.5854         0.0035         0.0228 
BAR-estimator:      0.75000        0.80000       -0.6408         0.3507        -0.6408         0.0032         0.0231 
BAR-estimator:      0.80000        0.85000       -0.6735        -0.3228        -0.6735         0.0038         0.0234 
BAR-estimator:      0.85000        0.90000       -0.7192        -1.0420        -0.7192         0.0034         0.0236 
BAR-estimator:      0.90000        0.95000       -0.7466        -1.7886        -0.7466         0.0039         0.0239 
BAR-estimator:      0.95000        1.00000       -0.7743        -2.5629        -0.7743         0.0032         0.0241 
BAR-estimator: total free energy change is -2.5628563652822054 , total error is 0.024149989285905265
