#========================================================================================
#                     Free energy perturbation    
#----------------------------------------------------------------------------------------
#forward/backward          λ              ΔΔA                 ΔA                  δε   
#                                                 
#----------------------------------------------------------------------------------------
forward:               0.0000              0.0000              0.0000              0.0000  
forward:               0.0500              0.5869              0.5869              0.0122  
forward:               0.1000              0.3796              0.9665              0.0154  
forward:               0.1500              0.2344              1.2009              0.0168  
forward:               0.2000              0.1705              1.3714              0.0180  
forward:               0.2500              0.1370              1.5084              0.0189  
forward:               0.3000              0.0896              1.5980              0.0194  
forward:               0.3500              0.0837              1.6817              0.0198  
forward:               0.4000              0.0629              1.7446              0.0204  
forward:               0.4500              0.0415              1.7861              0.0208  
forward:               0.5000              0.0301              1.8162              0.0211  
forward:               0.5500             -0.0480              1.7682              0.0218  
forward:               0.6000             -0.2221              1.5461              0.0228  
forward:               0.6500             -0.3952              1.1509              0.0247  
forward:               0.7000             -0.5663              0.5847              0.0255  
forward:               0.7500             -0.6731             -0.0885              0.0265  
forward:               0.8000             -0.7001             -0.7886              0.0270  
forward:               0.8500             -0.6700             -1.4586              0.0274  
forward:               0.9000             -0.6350             -2.0936              0.0276  
forward:               0.9500             -0.5920             -2.6856              0.0279  
forward:               1.0000             -0.5678             -3.2534              0.0281  
backward:              1.0000              0.0000             -3.2534              0.0000  
backward:              0.9500              0.5667             -2.6867              0.0049  
backward:              0.9000              0.5890             -2.0977              0.0070  
backward:              0.8500              0.6401             -1.4576              0.0085  
backward:              0.8000              0.6683             -0.7893              0.0102  
backward:              0.7500              0.6973             -0.0920              0.0130  
backward:              0.7000              0.6682              0.5762              0.0153  
backward:              0.6500              0.5837              1.1599              0.0174  
backward:              0.6000              0.3780              1.5379              0.0190  
backward:              0.5500              0.2227              1.7606              0.0198  
backward:              0.5000              0.0480              1.8085              0.0213  
backward:              0.4500             -0.0266              1.7819              0.0216  
backward:              0.4000             -0.0465              1.7354              0.0220  
backward:              0.3500             -0.0643              1.6711              0.0224  
backward:              0.3000             -0.0830              1.5881              0.0230  
backward:              0.2500             -0.0976              1.4905              0.0235  
backward:              0.2000             -0.1420              1.3485              0.0248  
backward:              0.1500             -0.1799              1.1686              0.0263  
backward:              0.1000             -0.2361              0.9325              0.0277  
backward:              0.0500             -0.3670              0.5655              0.0295  
backward:              0.0000             -0.6086             -0.0431              0.0367  
Inaccuracy estimation
======================================================================================================
                   i        i+δi          P0_overlap_P1   δε(forward)/ε   δε(backward)/ε
======================================================================================================
inaccuracy:  0.00000        0.05000           58.56           -0.01            0.53
inaccuracy:  0.05000        0.10000           65.80           -0.00            0.32
inaccuracy:  0.10000        0.15000           71.88           -0.00            0.21
inaccuracy:  0.15000        0.20000           75.34           -0.00            0.14
inaccuracy:  0.20000        0.25000           76.14           -0.00            0.12
inaccuracy:  0.25000        0.30000           78.35           -0.00            0.10
inaccuracy:  0.30000        0.35000           78.08           -0.01            0.09
inaccuracy:  0.35000        0.40000           78.56           -0.00            0.08
inaccuracy:  0.40000        0.45000           80.05           -0.00            0.08
inaccuracy:  0.45000        0.50000           79.49           -0.00            0.07
inaccuracy:  0.50000        0.55000           72.45           -0.05            0.11
inaccuracy:  0.55000        0.60000           71.04           -0.07            0.08
inaccuracy:  0.60000        0.65000           70.51           -0.08            0.07
inaccuracy:  0.65000        0.70000           67.66           -0.07            0.06
inaccuracy:  0.70000        0.75000           71.50           -0.06            0.05
inaccuracy:  0.75000        0.80000           71.87           -0.04            0.05
inaccuracy:  0.80000        0.85000           72.45           -0.05            0.05
inaccuracy:  0.85000        0.90000           72.25           -0.05            0.06
inaccuracy:  0.90000        0.95000           71.73           -0.05            0.07
inaccuracy:  0.95000        1.00000           71.13           -0.05            0.07
===================================================================================================================================
                BAR        
-----------------------------------------------------------------------------------------------------------------------------------
BAR-estimator:         λ             λ+δλ          ΔΔA             ΔA            C               Δδe            δe       
                          
-----------------------------------------------------------------------------------------------------------------------------------
BAR-estimator:      0.00000        0.05000        0.5856         0.5856         0.5856         0.0087         0.0087 
BAR-estimator:      0.05000        0.10000        0.3782         0.9638         0.3782         0.0072         0.0113 
BAR-estimator:      0.10000        0.15000        0.2382         1.2020         0.2382         0.0044         0.0121 
BAR-estimator:      0.15000        0.20000        0.1734         1.3754         0.1734         0.0043         0.0129 
BAR-estimator:      0.20000        0.25000        0.1372         1.5126         0.1372         0.0042         0.0135 
BAR-estimator:      0.25000        0.30000        0.0932         1.6058         0.0932         0.0035         0.0140 
BAR-estimator:      0.30000        0.35000        0.0824         1.6882         0.0824         0.0033         0.0144 
BAR-estimator:      0.35000        0.40000        0.0623         1.7505         0.0623         0.0037         0.0148 
BAR-estimator:      0.40000        0.45000        0.0435         1.7940         0.0435         0.0028         0.0151 
BAR-estimator:      0.45000        0.50000        0.0289         1.8230         0.0289         0.0027         0.0153 
BAR-estimator:      0.50000        0.55000       -0.0471         1.7758        -0.0471         0.0033         0.0157 
BAR-estimator:      0.55000        0.60000       -0.2202         1.5557        -0.2202         0.0032         0.0160 
BAR-estimator:      0.60000        0.65000       -0.3851         1.1706        -0.3851         0.0041         0.0165 
BAR-estimator:      0.65000        0.70000       -0.5735         0.5971        -0.5735         0.0041         0.0170 
BAR-estimator:      0.70000        0.75000       -0.6724        -0.0753        -0.6724         0.0041         0.0175 
BAR-estimator:      0.75000        0.80000       -0.7003        -0.7756        -0.7003         0.0038         0.0179 
BAR-estimator:      0.80000        0.85000       -0.6695        -1.4451        -0.6695         0.0034         0.0183 
BAR-estimator:      0.85000        0.90000       -0.6372        -2.0823        -0.6372         0.0034         0.0186 
BAR-estimator:      0.90000        0.95000       -0.5898        -2.6721        -0.5898         0.0031         0.0188 
BAR-estimator:      0.95000        1.00000       -0.5690        -3.2411        -0.5690         0.0034         0.0191 
BAR-estimator: total free energy change is -3.241141738959271 , total error is 0.019136719549685977
