#========================================================================================
#                     Free energy perturbation    
#----------------------------------------------------------------------------------------
#forward/backward          λ              ΔΔA                 ΔA                  δε   
#                                                 
#----------------------------------------------------------------------------------------
forward:               0.0000              0.0000              0.0000              0.0000  
forward:               0.0500              1.3215              1.3215              0.0147  
forward:               0.1000              0.8201              2.1416              0.0207  
forward:               0.1500              0.5242              2.6658              0.0228  
forward:               0.2000              0.3381              3.0039              0.0243  
forward:               0.2500              0.2158              3.2197              0.0244  
forward:               0.3000              0.1562              3.3759              0.0250  
forward:               0.3500              0.1090              3.4849              0.0255  
forward:               0.4000              0.0665              3.5514              0.0259  
forward:               0.4500              0.0431              3.5945              0.0262  
forward:               0.5000              0.0202              3.6147              0.0268  
forward:               0.5500              0.0115              3.6262              0.0272  
forward:               0.6000             -0.0296              3.5967              0.0275  
forward:               0.6500             -0.0462              3.5504              0.0279  
forward:               0.7000             -0.0603              3.4901              0.0281  
forward:               0.7500             -0.0794              3.4107              0.0286  
forward:               0.8000             -0.0984              3.3123              0.0288  
forward:               0.8500             -0.1026              3.2097              0.0290  
forward:               0.9000             -0.1091              3.1006              0.0292  
forward:               0.9500             -0.1157              2.9849              0.0294  
forward:               1.0000             -0.1207              2.8642              0.0295  
backward:              1.0000              0.0000              2.8642              0.0000  
backward:              0.9500              0.1183              2.9825              0.0039  
backward:              0.9000              0.1130              3.0955              0.0057  
backward:              0.8500              0.0994              3.1949              0.0074  
backward:              0.8000              0.1031              3.2979              0.0088  
backward:              0.7500              0.0917              3.3896              0.0097  
backward:              0.7000              0.0758              3.4654              0.0103  
backward:              0.6500              0.0578              3.5232              0.0122  
backward:              0.6000              0.0533              3.5764              0.0130  
backward:              0.5500              0.0327              3.6091              0.0140  
backward:              0.5000             -0.0077              3.6014              0.0151  
backward:              0.4500             -0.0198              3.5816              0.0159  
backward:              0.4000             -0.0418              3.5398              0.0169  
backward:              0.3500             -0.0736              3.4662              0.0182  
backward:              0.3000             -0.1211              3.3451              0.0194  
backward:              0.2500             -0.1506              3.1945              0.0201  
backward:              0.2000             -0.2251              2.9694              0.0217  
backward:              0.1500             -0.3309              2.6386              0.0244  
backward:              0.1000             -0.6085              2.0301              0.0889  
backward:              0.0500             -0.8735              1.1566              0.0935  
backward:              0.0000             -1.3364             -0.1798              0.0982  
Inaccuracy estimation
======================================================================================================
                   i        i+δi          P0_overlap_P1   δε(forward)/ε   δε(backward)/ε
======================================================================================================
inaccuracy:  0.00000        0.05000           41.71           -0.03            1.33
inaccuracy:  0.05000        0.10000           51.86           -0.03            0.78
inaccuracy:  0.10000        0.15000           58.01           -0.02            0.51
inaccuracy:  0.15000        0.20000           63.39           -0.01            0.32
inaccuracy:  0.20000        0.25000           69.04           -0.01            0.23
inaccuracy:  0.25000        0.30000           69.55           -0.01            0.18
inaccuracy:  0.30000        0.35000           71.91           -0.02            0.15
inaccuracy:  0.35000        0.40000           73.14           -0.02            0.13
inaccuracy:  0.40000        0.45000           72.90           -0.02            0.12
inaccuracy:  0.45000        0.50000           73.60           -0.01            0.12
inaccuracy:  0.50000        0.55000           72.47           -0.02            0.11
inaccuracy:  0.55000        0.60000           73.88           -0.02            0.10
inaccuracy:  0.60000        0.65000           73.12           -0.02            0.10
inaccuracy:  0.65000        0.70000           73.76           -0.02            0.10
inaccuracy:  0.70000        0.75000           74.24           -0.02            0.09
inaccuracy:  0.75000        0.80000           74.84           -0.02            0.09
inaccuracy:  0.80000        0.85000           74.74           -0.02            0.09
inaccuracy:  0.85000        0.90000           74.40           -0.02            0.09
inaccuracy:  0.90000        0.95000           74.34           -0.02            0.09
inaccuracy:  0.95000        1.00000           74.36           -0.01            0.09
===================================================================================================================================
                BAR        
-----------------------------------------------------------------------------------------------------------------------------------
BAR-estimator:         λ             λ+δλ          ΔΔA             ΔA            C               Δδe            δe       
                          
-----------------------------------------------------------------------------------------------------------------------------------
BAR-estimator:      0.00000        0.05000        1.3334         1.3334         1.3334         0.0079         0.0079 
BAR-estimator:      0.05000        0.10000        0.8279         2.1614         0.8279         0.0084         0.0115 
BAR-estimator:      0.10000        0.15000        0.5269         2.6883         0.5269         0.0063         0.0131 
BAR-estimator:      0.15000        0.20000        0.3396         3.0279         0.3396         0.0058         0.0144 
BAR-estimator:      0.20000        0.25000        0.2212         3.2491         0.2212         0.0019         0.0145 
BAR-estimator:      0.25000        0.30000        0.1522         3.4014         0.1522         0.0039         0.0150 
BAR-estimator:      0.30000        0.35000        0.1134         3.5148         0.1134         0.0035         0.0154 
BAR-estimator:      0.35000        0.40000        0.0675         3.5822         0.0675         0.0031         0.0157 
BAR-estimator:      0.40000        0.45000        0.0407         3.6229         0.0407         0.0032         0.0160 
BAR-estimator:      0.45000        0.50000        0.0192         3.6422         0.0192         0.0037         0.0164 
BAR-estimator:      0.50000        0.55000        0.0093         3.6515         0.0093         0.0034         0.0168 
BAR-estimator:      0.55000        0.60000       -0.0299         3.6216        -0.0299         0.0029         0.0170 
BAR-estimator:      0.60000        0.65000       -0.0496         3.5720        -0.0496         0.0030         0.0173 
BAR-estimator:      0.65000        0.70000       -0.0628         3.5092        -0.0628         0.0029         0.0175 
BAR-estimator:      0.70000        0.75000       -0.0801         3.4291        -0.0801         0.0029         0.0178 
BAR-estimator:      0.75000        0.80000       -0.0948         3.3343        -0.0948         0.0028         0.0180 
BAR-estimator:      0.80000        0.85000       -0.1024         3.2319        -0.1024         0.0029         0.0182 
BAR-estimator:      0.85000        0.90000       -0.1084         3.1234        -0.1084         0.0028         0.0184 
BAR-estimator:      0.90000        0.95000       -0.1149         3.0085        -0.1149         0.0029         0.0187 
BAR-estimator:      0.95000        1.00000       -0.1194         2.8891        -0.1194         0.0026         0.0189 
BAR-estimator: total free energy change is 2.8890929702487624 , total error is 0.01886296769247306
