#========================================================================================
#                     Free energy perturbation    
#----------------------------------------------------------------------------------------
#forward/backward          λ              ΔΔA                 ΔA                  δε   
#                                                 
#----------------------------------------------------------------------------------------
forward:               0.0000              0.0000              0.0000              0.0000  
forward:               0.0500              1.2724              1.2724              0.0259  
forward:               0.1000              0.7229              1.9954              0.0291  
forward:               0.1500              0.3947              2.3901              0.0306  
forward:               0.2000              0.2269              2.6170              0.0314  
forward:               0.2500              0.1454              2.7623              0.0321  
forward:               0.3000              0.0915              2.8538              0.0325  
forward:               0.3500              0.0570              2.9108              0.0329  
forward:               0.4000              0.0310              2.9418              0.0332  
forward:               0.4500              0.0133              2.9551              0.0334  
forward:               0.5000             -0.0115              2.9435              0.0336  
forward:               0.5500             -0.0512              2.8923              0.0340  
forward:               0.6000             -0.1468              2.7456              0.0344  
forward:               0.6500             -0.2006              2.5450              0.0346  
forward:               0.7000             -0.2525              2.2925              0.0348  
forward:               0.7500             -0.2881              2.0044              0.0352  
forward:               0.8000             -0.3241              1.6802              0.0355  
forward:               0.8500             -0.3423              1.3380              0.0357  
forward:               0.9000             -0.3739              0.9641              0.0359  
forward:               0.9500             -0.3816              0.5825              0.0362  
forward:               1.0000             -0.3985              0.1840              0.0363  
backward:              1.0000              0.0000              0.1840              0.0000  
backward:              0.9500              0.3986              0.5826              0.0048  
backward:              0.9000              0.3792              0.9618              0.0062  
backward:              0.8500              0.3644              1.3262              0.0065  
backward:              0.8000              0.3433              1.6695              0.0077  
backward:              0.7500              0.3251              1.9946              0.0093  
backward:              0.7000              0.2857              2.2803              0.0106  
backward:              0.6500              0.2525              2.5328              0.0118  
backward:              0.6000              0.2024              2.7352              0.0127  
backward:              0.5500              0.1465              2.8818              0.0135  
backward:              0.5000              0.0357              2.9175              0.0145  
backward:              0.4500              0.0089              2.9264              0.0153  
backward:              0.4000             -0.0142              2.9122              0.0161  
backward:              0.3500             -0.0271              2.8851              0.0171  
backward:              0.3000             -0.0650              2.8201              0.0180  
backward:              0.2500             -0.0965              2.7235              0.0181  
backward:              0.2000             -0.1452              2.5784              0.0197  
backward:              0.1500             -0.2365              2.3418              0.0224  
backward:              0.1000             -0.3880              1.9539              0.0245  
backward:              0.0500             -0.8430              1.1109              0.0998  
backward:              0.0000             -1.3169             -0.2060              0.1104  
Inaccuracy estimation
======================================================================================================
                   i        i+δi          P0_overlap_P1   δε(forward)/ε   δε(backward)/ε
======================================================================================================
inaccuracy:  0.00000        0.05000           42.36           -0.03            1.14
inaccuracy:  0.05000        0.10000           51.61           -0.02            0.77
inaccuracy:  0.10000        0.15000           62.97           -0.01            0.39
inaccuracy:  0.15000        0.20000           69.17           -0.01            0.23
inaccuracy:  0.20000        0.25000           71.47           -0.00            0.17
inaccuracy:  0.25000        0.30000           74.38           -0.01            0.14
inaccuracy:  0.30000        0.35000           75.90           -0.01            0.11
inaccuracy:  0.35000        0.40000           75.78           -0.01            0.10
inaccuracy:  0.40000        0.45000           76.33           -0.01            0.09
inaccuracy:  0.45000        0.50000           76.77           -0.01            0.08
inaccuracy:  0.50000        0.55000           74.46           -0.02            0.10
inaccuracy:  0.55000        0.60000           74.22           -0.03            0.09
inaccuracy:  0.60000        0.65000           74.99           -0.03            0.08
inaccuracy:  0.65000        0.70000           74.19           -0.03            0.07
inaccuracy:  0.70000        0.75000           75.57           -0.03            0.07
inaccuracy:  0.75000        0.80000           75.15           -0.03            0.07
inaccuracy:  0.80000        0.85000           74.92           -0.03            0.06
inaccuracy:  0.85000        0.90000           76.08           -0.03            0.06
inaccuracy:  0.90000        0.95000           74.97           -0.04            0.06
inaccuracy:  0.95000        1.00000           74.59           -0.03            0.06
===================================================================================================================================
                BAR        
-----------------------------------------------------------------------------------------------------------------------------------
BAR-estimator:         λ             λ+δλ          ΔΔA             ΔA            C               Δδe            δe       
                          
-----------------------------------------------------------------------------------------------------------------------------------
BAR-estimator:      0.00000        0.05000        1.2867         1.2867         1.2867         0.0114         0.0114 
BAR-estimator:      0.05000        0.10000        0.7131         1.9998         0.7131         0.0087         0.0143 
BAR-estimator:      0.10000        0.15000        0.3990         2.3987         0.3990         0.0075         0.0161 
BAR-estimator:      0.15000        0.20000        0.2296         2.6283         0.2296         0.0048         0.0168 
BAR-estimator:      0.20000        0.25000        0.1460         2.7744         0.1460         0.0044         0.0174 
BAR-estimator:      0.25000        0.30000        0.0938         2.8681         0.0938         0.0035         0.0177 
BAR-estimator:      0.30000        0.35000        0.0588         2.9269         0.0588         0.0035         0.0181 
BAR-estimator:      0.35000        0.40000        0.0292         2.9561         0.0292         0.0029         0.0183 
BAR-estimator:      0.40000        0.45000        0.0123         2.9684         0.0123         0.0026         0.0185 
BAR-estimator:      0.45000        0.50000       -0.0120         2.9564        -0.0120         0.0027         0.0187 
BAR-estimator:      0.50000        0.55000       -0.0435         2.9129        -0.0435         0.0033         0.0190 
BAR-estimator:      0.55000        0.60000       -0.1447         2.7682        -0.1447         0.0036         0.0193 
BAR-estimator:      0.60000        0.65000       -0.2018         2.5663        -0.2018         0.0032         0.0196 
BAR-estimator:      0.65000        0.70000       -0.2531         2.3132        -0.2531         0.0028         0.0198 
BAR-estimator:      0.70000        0.75000       -0.2864         2.0268        -0.2864         0.0031         0.0200 
BAR-estimator:      0.75000        0.80000       -0.3248         1.7020        -0.3248         0.0031         0.0203 
BAR-estimator:      0.80000        0.85000       -0.3430         1.3590        -0.3430         0.0031         0.0205 
BAR-estimator:      0.85000        0.90000       -0.3693         0.9897        -0.3693         0.0030         0.0207 
BAR-estimator:      0.90000        0.95000       -0.3807         0.6090        -0.3807         0.0028         0.0209 
BAR-estimator:      0.95000        1.00000       -0.3992         0.2098        -0.3992         0.0033         0.0212 
BAR-estimator: total free energy change is 0.20981478107564389 , total error is 0.021183234510396463
