#========================================================================================
#                     Free energy perturbation    
#----------------------------------------------------------------------------------------
#forward/backward          λ              ΔΔA                 ΔA                  δε   
#                                                 
#----------------------------------------------------------------------------------------
forward:               0.0000              0.0000              0.0000              0.0000  
forward:               0.0500              2.8289              2.8289              0.0398  
forward:               0.1000              1.5297              4.3586              0.0481  
forward:               0.1500              0.7459              5.1046              0.0507  
forward:               0.2000              0.3753              5.4798              0.0522  
forward:               0.2500              0.1260              5.6058              0.0529  
forward:               0.3000              0.0175              5.6234              0.0535  
forward:               0.3500             -0.0814              5.5419              0.0539  
forward:               0.4000             -0.1352              5.4067              0.0542  
forward:               0.4500             -0.1891              5.2176              0.0547  
forward:               0.5000             -0.2175              5.0001              0.0550  
forward:               0.5500             -0.4474              4.5527              0.0555  
forward:               0.6000             -0.8117              3.7410              0.0560  
forward:               0.6500             -1.1303              2.6107              0.0567  
forward:               0.7000             -1.4221              1.1886              0.0574  
forward:               0.7500             -1.6214             -0.4328              0.0579  
forward:               0.8000             -1.7659             -2.1987              0.0584  
forward:               0.8500             -1.8638             -4.0625              0.0588  
forward:               0.9000             -1.9273             -5.9898              0.0592  
forward:               0.9500             -1.9711             -7.9609              0.0595  
forward:               1.0000             -2.0003             -9.9612              0.0598  
backward:              1.0000              0.0000             -9.9612              0.0000  
backward:              0.9500              1.9725             -7.9887              0.0196  
backward:              0.9000              1.9702             -6.0185              0.0211  
backward:              0.8500              1.9070             -4.1115              0.0225  
backward:              0.8000              1.8643             -2.2472              0.0239  
backward:              0.7500              1.7687             -0.4786              0.0253  
backward:              0.7000              1.6064              1.1279              0.0272  
backward:              0.6500              1.4209              2.5488              0.0289  
backward:              0.6000              1.1555              3.7043              0.0303  
backward:              0.5500              0.7934              4.4978              0.0315  
backward:              0.5000              0.4333              4.9311              0.0325  
backward:              0.4500              0.2137              5.1447              0.0331  
backward:              0.4000              0.1757              5.3204              0.0337  
backward:              0.3500              0.1313              5.4517              0.0345  
backward:              0.3000              0.0652              5.5169              0.0353  
backward:              0.2500             -0.0311              5.4858              0.0365  
backward:              0.2000             -0.1256              5.3602              0.0380  
backward:              0.1500             -0.3431              5.0172              0.0409  
backward:              0.1000             -0.7182              4.2990              0.0464  
backward:              0.0500             -1.5379              2.7611              0.0715  
backward:              0.0000             -2.9551             -0.1940              0.1509  
Inaccuracy estimation
======================================================================================================
                   i        i+δi          P0_overlap_P1   δε(forward)/ε   δε(backward)/ε
======================================================================================================
inaccuracy:  0.00000        0.05000           22.64            0.16            4.01
inaccuracy:  0.05000        0.10000           34.02           -0.08            2.05
inaccuracy:  0.10000        0.15000           46.22           -0.06            0.99
inaccuracy:  0.15000        0.20000           53.49           -0.05            0.52
inaccuracy:  0.20000        0.25000           61.72           -0.03            0.30
inaccuracy:  0.25000        0.30000           65.27           -0.04            0.22
inaccuracy:  0.30000        0.35000           68.00           -0.02            0.17
inaccuracy:  0.35000        0.40000           68.53           -0.03            0.16
inaccuracy:  0.40000        0.45000           71.13           -0.02            0.13
inaccuracy:  0.45000        0.50000           70.02           -0.02            0.12
inaccuracy:  0.50000        0.55000           60.27           -0.15            0.20
inaccuracy:  0.55000        0.60000           60.17           -0.19            0.11
inaccuracy:  0.60000        0.65000           58.40           -0.22            0.06
inaccuracy:  0.65000        0.70000           60.41           -0.23            0.02
inaccuracy:  0.70000        0.75000           61.04           -0.23           -0.00
inaccuracy:  0.75000        0.80000           60.50           -0.22           -0.02
inaccuracy:  0.80000        0.85000           60.80           -0.22           -0.04
inaccuracy:  0.85000        0.90000           61.44           -0.23           -0.03
inaccuracy:  0.90000        0.95000           59.84           -0.20           -0.04
inaccuracy:  0.95000        1.00000           59.61           -0.23           -0.03
===================================================================================================================================
                BAR        
-----------------------------------------------------------------------------------------------------------------------------------
BAR-estimator:         λ             λ+δλ          ΔΔA             ΔA            C               Δδe            δe       
                          
-----------------------------------------------------------------------------------------------------------------------------------
BAR-estimator:      0.00000        0.05000        2.8141         2.8141         2.8141         0.0170         0.0170 
BAR-estimator:      0.05000        0.10000        1.5224         4.3364         1.5224         0.0135         0.0217 
BAR-estimator:      0.10000        0.15000        0.7493         5.0857         0.7493         0.0098         0.0238 
BAR-estimator:      0.15000        0.20000        0.3585         5.4442         0.3585         0.0078         0.0251 
BAR-estimator:      0.20000        0.25000        0.1289         5.5731         0.1289         0.0056         0.0257 
BAR-estimator:      0.25000        0.30000        0.0214         5.5945         0.0214         0.0054         0.0263 
BAR-estimator:      0.30000        0.35000       -0.0752         5.5193        -0.0752         0.0047         0.0267 
BAR-estimator:      0.35000        0.40000       -0.1343         5.3849        -0.1343         0.0043         0.0271 
BAR-estimator:      0.40000        0.45000       -0.1805         5.2044        -0.1805         0.0047         0.0275 
BAR-estimator:      0.45000        0.50000       -0.2173         4.9871        -0.2173         0.0045         0.0278 
BAR-estimator:      0.50000        0.55000       -0.4401         4.5470        -0.4401         0.0048         0.0282 
BAR-estimator:      0.55000        0.60000       -0.8015         3.7455        -0.8015         0.0044         0.0286 
BAR-estimator:      0.60000        0.65000       -1.1423         2.6032        -1.1423         0.0050         0.0290 
BAR-estimator:      0.65000        0.70000       -1.4225         1.1808        -1.4225         0.0053         0.0295 
BAR-estimator:      0.70000        0.75000       -1.6166        -0.4359        -1.6166         0.0042         0.0298 
BAR-estimator:      0.75000        0.80000       -1.7634        -2.1993        -1.7634         0.0050         0.0302 
BAR-estimator:      0.80000        0.85000       -1.8633        -4.0626        -1.8633         0.0050         0.0306 
BAR-estimator:      0.85000        0.90000       -1.9165        -5.9792        -1.9165         0.0050         0.0310 
BAR-estimator:      0.90000        0.95000       -1.9697        -7.9489        -1.9697         0.0050         0.0314 
BAR-estimator:      0.95000        1.00000       -1.9958        -9.9447        -1.9958         0.0051         0.0318 
BAR-estimator: total free energy change is -9.944682886999034 , total error is 0.03182143344314759
