#========================================================================================
#                     Free energy perturbation    
#----------------------------------------------------------------------------------------
#forward/backward          λ              ΔΔA                 ΔA                  δε   
#                                                 
#----------------------------------------------------------------------------------------
forward:               0.0000              0.0000              0.0000              0.0000  
forward:               0.0500              1.9034              1.9034              0.0252  
forward:               0.1000              1.0994              3.0028              0.0332  
forward:               0.1500              0.6180              3.6208              0.0366  
forward:               0.2000              0.3305              3.9512              0.0383  
forward:               0.2500              0.1802              4.1315              0.0392  
forward:               0.3000              0.0904              4.2219              0.0398  
forward:               0.3500              0.0486              4.2704              0.0403  
forward:               0.4000              0.0088              4.2793              0.0407  
forward:               0.4500             -0.0309              4.2484              0.0411  
forward:               0.5000             -0.0572              4.1912              0.0415  
forward:               0.5500             -0.0546              4.1366              0.0418  
forward:               0.6000             -0.0777              4.0589              0.0420  
forward:               0.6500             -0.0926              3.9664              0.0423  
forward:               0.7000             -0.0979              3.8684              0.0425  
forward:               0.7500             -0.1116              3.7568              0.0426  
forward:               0.8000             -0.1229              3.6339              0.0428  
forward:               0.8500             -0.1307              3.5032              0.0430  
forward:               0.9000             -0.1371              3.3661              0.0431  
forward:               0.9500             -0.1409              3.2252              0.0433  
forward:               1.0000             -0.1496              3.0755              0.0434  
backward:              1.0000              0.0000              3.0755              0.0000  
backward:              0.9500              0.1510              3.2266              0.0043  
backward:              0.9000              0.1348              3.3613              0.0073  
backward:              0.8500              0.1324              3.4937              0.0173  
backward:              0.8000              0.1262              3.6200              0.0182  
backward:              0.7500              0.1102              3.7302              0.0189  
backward:              0.7000              0.1031              3.8333              0.0197  
backward:              0.6500              0.0981              3.9314              0.0205  
backward:              0.6000              0.0982              4.0297              0.0214  
backward:              0.5500              0.0772              4.1068              0.0220  
backward:              0.5000              0.0610              4.1679              0.0228  
backward:              0.4500              0.0632              4.2311              0.0235  
backward:              0.4000              0.0310              4.2621              0.0243  
backward:              0.3500             -0.0013              4.2608              0.0254  
backward:              0.3000             -0.0489              4.2119              0.0272  
backward:              0.2500             -0.0881              4.1238              0.0283  
backward:              0.2000             -0.1797              3.9441              0.0301  
backward:              0.1500             -0.3276              3.6164              0.0329  
backward:              0.1000             -0.6186              2.9979              0.0402  
backward:              0.0500             -1.1622              1.8357              0.0625  
backward:              0.0000             -1.9173             -0.0816              0.0895  
Inaccuracy estimation
======================================================================================================
                   i        i+δi          P0_overlap_P1   δε(forward)/ε   δε(backward)/ε
======================================================================================================
inaccuracy:  0.00000        0.05000           33.01           -0.01            2.06
inaccuracy:  0.05000        0.10000           42.33           -0.05            1.31
inaccuracy:  0.10000        0.15000           51.31           -0.03            0.74
inaccuracy:  0.15000        0.20000           59.81           -0.02            0.39
inaccuracy:  0.20000        0.25000           64.18           -0.02            0.28
inaccuracy:  0.25000        0.30000           67.56           -0.02            0.23
inaccuracy:  0.30000        0.35000           68.65           -0.02            0.18
inaccuracy:  0.35000        0.40000           68.91           -0.02            0.16
inaccuracy:  0.40000        0.45000           71.20           -0.02            0.14
inaccuracy:  0.45000        0.50000           71.38           -0.02            0.13
inaccuracy:  0.50000        0.55000           71.30           -0.02            0.13
inaccuracy:  0.55000        0.60000           72.02           -0.03            0.12
inaccuracy:  0.60000        0.65000           71.64           -0.02            0.12
inaccuracy:  0.65000        0.70000           72.38           -0.02            0.11
inaccuracy:  0.70000        0.75000           72.71           -0.02            0.10
inaccuracy:  0.75000        0.80000           73.17           -0.02            0.10
inaccuracy:  0.80000        0.85000           73.03           -0.02            0.10
inaccuracy:  0.85000        0.90000           72.77           -0.03            0.10
inaccuracy:  0.90000        0.95000           72.77           -0.02            0.10
inaccuracy:  0.95000        1.00000           72.40           -0.02            0.10
===================================================================================================================================
                BAR        
-----------------------------------------------------------------------------------------------------------------------------------
BAR-estimator:         λ             λ+δλ          ΔΔA             ΔA            C               Δδe            δe       
                          
-----------------------------------------------------------------------------------------------------------------------------------
BAR-estimator:      0.00000        0.05000        1.8865         1.8865         1.8865         0.0125         0.0125 
BAR-estimator:      0.05000        0.10000        1.1158         3.0023         1.1158         0.0118         0.0172 
BAR-estimator:      0.10000        0.15000        0.6108         3.6130         0.6108         0.0098         0.0198 
BAR-estimator:      0.15000        0.20000        0.3301         3.9431         0.3301         0.0070         0.0210 
BAR-estimator:      0.20000        0.25000        0.1848         4.1280         0.1848         0.0058         0.0218 
BAR-estimator:      0.25000        0.30000        0.0941         4.2221         0.0941         0.0051         0.0224 
BAR-estimator:      0.30000        0.35000        0.0478         4.2699         0.0478         0.0042         0.0228 
BAR-estimator:      0.35000        0.40000        0.0047         4.2745         0.0047         0.0040         0.0231 
BAR-estimator:      0.40000        0.45000       -0.0286         4.2459        -0.0286         0.0036         0.0234 
BAR-estimator:      0.45000        0.50000       -0.0569         4.1890        -0.0569         0.0038         0.0237 
BAR-estimator:      0.50000        0.55000       -0.0550         4.1340        -0.0550         0.0039         0.0240 
BAR-estimator:      0.55000        0.60000       -0.0781         4.0559        -0.0781         0.0030         0.0242 
BAR-estimator:      0.60000        0.65000       -0.0945         3.9614        -0.0945         0.0032         0.0244 
BAR-estimator:      0.65000        0.70000       -0.0996         3.8618        -0.0996         0.0036         0.0247 
BAR-estimator:      0.70000        0.75000       -0.1098         3.7520        -0.1098         0.0031         0.0249 
BAR-estimator:      0.75000        0.80000       -0.1214         3.6307        -0.1214         0.0033         0.0251 
BAR-estimator:      0.80000        0.85000       -0.1302         3.5005        -0.1302         0.0032         0.0253 
BAR-estimator:      0.85000        0.90000       -0.1380         3.3625        -0.1380         0.0029         0.0255 
BAR-estimator:      0.90000        0.95000       -0.1394         3.2231        -0.1394         0.0038         0.0257 
BAR-estimator:      0.95000        1.00000       -0.1482         3.0749        -0.1482         0.0030         0.0259 
BAR-estimator: total free energy change is 3.0748876771968865 , total error is 0.025916299893329407
