#========================================================================================
#                     Free energy perturbation    
#----------------------------------------------------------------------------------------
#forward/backward          λ              ΔΔA                 ΔA                  δε   
#                                                 
#----------------------------------------------------------------------------------------
forward:               0.0000              0.0000              0.0000              0.0000  
forward:               0.0500              2.9529              2.9529              0.0394  
forward:               0.1000              1.7579              4.7108              0.0493  
forward:               0.1500              0.8286              5.5394              0.0528  
forward:               0.2000              0.3240              5.8634              0.0542  
forward:               0.2500              0.1123              5.9757              0.0549  
forward:               0.3000             -0.0392              5.9365              0.0554  
forward:               0.3500             -0.1235              5.8130              0.0557  
forward:               0.4000             -0.1735              5.6395              0.0559  
forward:               0.4500             -0.2188              5.4207              0.0563  
forward:               0.5000             -0.2612              5.1594              0.0565  
forward:               0.5500             -0.4842              4.6753              0.0569  
forward:               0.6000             -0.8129              3.8623              0.0572  
forward:               0.6500             -1.0984              2.7639              0.0576  
forward:               0.7000             -1.3265              1.4374              0.0582  
forward:               0.7500             -1.5168             -0.0795              0.0585  
forward:               0.8000             -1.6448             -1.7242              0.0589  
forward:               0.8500             -1.7027             -3.4270              0.0593  
forward:               0.9000             -1.7385             -5.1655              0.0597  
forward:               0.9500             -1.7422             -6.9077              0.0601  
forward:               1.0000             -1.7450             -8.6527              0.0603  
backward:              1.0000              0.0000             -8.6527              0.0000  
backward:              0.9500              1.7568             -6.8959              0.0078  
backward:              0.9000              1.7370             -5.1589              0.0115  
backward:              0.8500              1.7296             -3.4292              0.0146  
backward:              0.8000              1.6849             -1.7443              0.0225  
backward:              0.7500              1.6483             -0.0960              0.0240  
backward:              0.7000              1.5350              1.4390              0.0254  
backward:              0.6500              1.3172              2.7561              0.0270  
backward:              0.6000              1.1043              3.8605              0.0280  
backward:              0.5500              0.8128              4.6733              0.0291  
backward:              0.5000              0.4709              5.1441              0.0303  
backward:              0.4500              0.2628              5.4070              0.0310  
backward:              0.4000              0.2278              5.6348              0.0315  
backward:              0.3500              0.1763              5.8110              0.0322  
backward:              0.3000              0.1201              5.9311              0.0332  
backward:              0.2500              0.0254              5.9565              0.0347  
backward:              0.2000             -0.0912              5.8653              0.0384  
backward:              0.1500             -0.3416              5.5238              0.0445  
backward:              0.1000             -0.7874              4.7363              0.0519  
backward:              0.0500             -1.6812              3.0551              0.0703  
backward:              0.0000             -2.8743              0.1808              0.0943  
Inaccuracy estimation
======================================================================================================
                   i        i+δi          P0_overlap_P1   δε(forward)/ε   δε(backward)/ε
======================================================================================================
inaccuracy:  0.00000        0.05000           22.81            0.20            4.10
inaccuracy:  0.05000        0.10000           30.63           -0.08            2.35
inaccuracy:  0.10000        0.15000           42.56           -0.08            1.17
inaccuracy:  0.15000        0.20000           54.77           -0.04            0.54
inaccuracy:  0.20000        0.25000           59.55           -0.03            0.35
inaccuracy:  0.25000        0.30000           65.12           -0.03            0.22
inaccuracy:  0.30000        0.35000           66.70           -0.03            0.17
inaccuracy:  0.35000        0.40000           68.22           -0.03            0.15
inaccuracy:  0.40000        0.45000           68.47           -0.03            0.13
inaccuracy:  0.45000        0.50000           69.67           -0.03            0.11
inaccuracy:  0.50000        0.55000           60.10           -0.15            0.17
inaccuracy:  0.55000        0.60000           60.93           -0.19            0.10
inaccuracy:  0.60000        0.65000           61.10           -0.20            0.06
inaccuracy:  0.65000        0.70000           60.88           -0.28            0.03
inaccuracy:  0.70000        0.75000           60.02           -0.25            0.01
inaccuracy:  0.75000        0.80000           60.42           -0.26           -0.01
inaccuracy:  0.80000        0.85000           59.71           -0.21           -0.01
inaccuracy:  0.85000        0.90000           60.56           -0.19           -0.01
inaccuracy:  0.90000        0.95000           59.01           -0.26            0.00
inaccuracy:  0.95000        1.00000           58.49           -0.25           -0.00
===================================================================================================================================
                BAR        
-----------------------------------------------------------------------------------------------------------------------------------
BAR-estimator:         λ             λ+δλ          ΔΔA             ΔA            C               Δδe            δe       
                          
-----------------------------------------------------------------------------------------------------------------------------------
BAR-estimator:      0.00000        0.05000        2.9657         2.9657         2.9657         0.0132         0.0132 
BAR-estimator:      0.05000        0.10000        1.7152         4.6809         1.7152         0.0132         0.0187 
BAR-estimator:      0.10000        0.15000        0.8201         5.5009         0.8201         0.0110         0.0216 
BAR-estimator:      0.15000        0.20000        0.3329         5.8338         0.3329         0.0075         0.0229 
BAR-estimator:      0.20000        0.25000        0.1035         5.9373         0.1035         0.0059         0.0237 
BAR-estimator:      0.25000        0.30000       -0.0340         5.9033        -0.0340         0.0050         0.0242 
BAR-estimator:      0.30000        0.35000       -0.1248         5.7786        -0.1248         0.0043         0.0246 
BAR-estimator:      0.35000        0.40000       -0.1730         5.6056        -0.1730         0.0040         0.0249 
BAR-estimator:      0.40000        0.45000       -0.2217         5.3839        -0.2217         0.0042         0.0252 
BAR-estimator:      0.45000        0.50000       -0.2641         5.1198        -0.2641         0.0032         0.0254 
BAR-estimator:      0.50000        0.55000       -0.4779         4.6419        -0.4779         0.0042         0.0258 
BAR-estimator:      0.55000        0.60000       -0.8131         3.8288        -0.8131         0.0039         0.0261 
BAR-estimator:      0.60000        0.65000       -1.0915         2.7373        -1.0915         0.0043         0.0264 
BAR-estimator:      0.65000        0.70000       -1.3332         1.4041        -1.3332         0.0045         0.0268 
BAR-estimator:      0.70000        0.75000       -1.5262        -0.1220        -1.5262         0.0047         0.0272 
BAR-estimator:      0.75000        0.80000       -1.6437        -1.7658        -1.6437         0.0051         0.0277 
BAR-estimator:      0.80000        0.85000       -1.7002        -3.4660        -1.7002         0.0048         0.0281 
BAR-estimator:      0.85000        0.90000       -1.7307        -5.1967        -1.7307         0.0050         0.0285 
BAR-estimator:      0.90000        0.95000       -1.7459        -6.9426        -1.7459         0.0062         0.0292 
BAR-estimator:      0.95000        1.00000       -1.7496        -8.6922        -1.7496         0.0046         0.0296 
BAR-estimator: total free energy change is -8.692181388079351 , total error is 0.029551044732818568
