#========================================================================================
#                     Free energy perturbation    
#----------------------------------------------------------------------------------------
#forward/backward          λ              ΔΔA                 ΔA                  δε   
#                                                 
#----------------------------------------------------------------------------------------
forward:               0.0000              0.0000              0.0000              0.0000  
forward:               0.0500              2.0912              2.0912              0.0316  
forward:               0.1000              1.3091              3.4003              0.0425  
forward:               0.1500              0.6834              4.0837              0.0448  
forward:               0.2000              0.3966              4.4803              0.0463  
forward:               0.2500              0.2241              4.7045              0.0471  
forward:               0.3000              0.1193              4.8238              0.0476  
forward:               0.3500              0.0456              4.8694              0.0481  
forward:               0.4000              0.0184              4.8877              0.0485  
forward:               0.4500             -0.0161              4.8717              0.0488  
forward:               0.5000             -0.0580              4.8137              0.0492  
forward:               0.5500             -0.0687              4.7449              0.0494  
forward:               0.6000             -0.0993              4.6456              0.0496  
forward:               0.6500             -0.1034              4.5422              0.0498  
forward:               0.7000             -0.1244              4.4178              0.0500  
forward:               0.7500             -0.1266              4.2912              0.0501  
forward:               0.8000             -0.1404              4.1508              0.0503  
forward:               0.8500             -0.1428              4.0080              0.0505  
forward:               0.9000             -0.1501              3.8579              0.0506  
forward:               0.9500             -0.1528              3.7051              0.0508  
forward:               1.0000             -0.1598              3.5453              0.0509  
backward:              1.0000              0.0000              3.5453              0.0000  
backward:              0.9500              0.1592              3.7045              0.0050  
backward:              0.9000              0.1596              3.8641              0.0067  
backward:              0.8500              0.1384              4.0025              0.0086  
backward:              0.8000              0.1477              4.1502              0.0099  
backward:              0.7500              0.1368              4.2871              0.0111  
backward:              0.7000              0.1223              4.4093              0.0122  
backward:              0.6500              0.1225              4.5319              0.0133  
backward:              0.6000              0.1055              4.6374              0.0143  
backward:              0.5500              0.0805              4.7179              0.0154  
backward:              0.5000              0.0598              4.7777              0.0167  
backward:              0.4500              0.0513              4.8290              0.0180  
backward:              0.4000              0.0184              4.8474              0.0193  
backward:              0.3500             -0.0175              4.8298              0.0215  
backward:              0.3000             -0.0672              4.7627              0.0226  
backward:              0.2500             -0.1112              4.6515              0.0245  
backward:              0.2000             -0.2519              4.3996              0.0274  
backward:              0.1500             -0.4003              3.9992              0.0316  
backward:              0.1000             -0.7766              3.2227              0.0603  
backward:              0.0500             -1.3652              1.8575              0.0740  
backward:              0.0000             -2.0671             -0.2096              0.0815  
Inaccuracy estimation
======================================================================================================
                   i        i+δi          P0_overlap_P1   δε(forward)/ε   δε(backward)/ε
======================================================================================================
inaccuracy:  0.00000        0.05000           30.70           -0.00            2.39
inaccuracy:  0.05000        0.10000           39.00           -0.06            1.48
inaccuracy:  0.10000        0.15000           50.04           -0.05            0.84
inaccuracy:  0.15000        0.20000           56.81           -0.04            0.48
inaccuracy:  0.20000        0.25000           62.35           -0.03            0.32
inaccuracy:  0.25000        0.30000           64.15           -0.03            0.25
inaccuracy:  0.30000        0.35000           68.18           -0.02            0.19
inaccuracy:  0.35000        0.40000           67.38           -0.02            0.19
inaccuracy:  0.40000        0.45000           67.89           -0.03            0.16
inaccuracy:  0.45000        0.50000           70.49           -0.02            0.14
inaccuracy:  0.50000        0.55000           71.01           -0.02            0.14
inaccuracy:  0.55000        0.60000           72.15           -0.03            0.12
inaccuracy:  0.60000        0.65000           70.71           -0.03            0.12
inaccuracy:  0.65000        0.70000           71.48           -0.02            0.12
inaccuracy:  0.70000        0.75000           71.68           -0.03            0.12
inaccuracy:  0.75000        0.80000           70.90           -0.03            0.12
inaccuracy:  0.80000        0.85000           70.66           -0.02            0.12
inaccuracy:  0.85000        0.90000           71.19           -0.03            0.11
inaccuracy:  0.90000        0.95000           70.55           -0.03            0.12
inaccuracy:  0.95000        1.00000           70.52           -0.03            0.12
===================================================================================================================================
                BAR        
-----------------------------------------------------------------------------------------------------------------------------------
BAR-estimator:         λ             λ+δλ          ΔΔA             ΔA            C               Δδe            δe       
                          
-----------------------------------------------------------------------------------------------------------------------------------
BAR-estimator:      0.00000        0.05000        2.1259         2.1259         2.1259         0.0115         0.0115 
BAR-estimator:      0.05000        0.10000        1.3164         3.4423         1.3164         0.0110         0.0159 
BAR-estimator:      0.10000        0.15000        0.6961         4.1384         0.6961         0.0090         0.0183 
BAR-estimator:      0.15000        0.20000        0.3909         4.5293         0.3909         0.0065         0.0194 
BAR-estimator:      0.20000        0.25000        0.2326         4.7618         0.2326         0.0055         0.0202 
BAR-estimator:      0.25000        0.30000        0.1161         4.8779         0.1161         0.0045         0.0207 
BAR-estimator:      0.30000        0.35000        0.0512         4.9291         0.0512         0.0044         0.0211 
BAR-estimator:      0.35000        0.40000        0.0171         4.9462         0.0171         0.0047         0.0217 
BAR-estimator:      0.40000        0.45000       -0.0169         4.9293        -0.0169         0.0039         0.0220 
BAR-estimator:      0.45000        0.50000       -0.0554         4.8739        -0.0554         0.0033         0.0223 
BAR-estimator:      0.50000        0.55000       -0.0643         4.8095        -0.0643         0.0047         0.0227 
BAR-estimator:      0.55000        0.60000       -0.0911         4.7184        -0.0911         0.0032         0.0230 
BAR-estimator:      0.60000        0.65000       -0.1050         4.6134        -0.1050         0.0032         0.0232 
BAR-estimator:      0.65000        0.70000       -0.1218         4.4916        -0.1218         0.0033         0.0234 
BAR-estimator:      0.70000        0.75000       -0.1241         4.3675        -0.1241         0.0033         0.0237 
BAR-estimator:      0.75000        0.80000       -0.1388         4.2287        -0.1388         0.0030         0.0239 
BAR-estimator:      0.80000        0.85000       -0.1432         4.0855        -0.1432         0.0033         0.0241 
BAR-estimator:      0.85000        0.90000       -0.1472         3.9383        -0.1472         0.0029         0.0243 
BAR-estimator:      0.90000        0.95000       -0.1527         3.7856        -0.1527         0.0032         0.0245 
BAR-estimator:      0.95000        1.00000       -0.1594         3.6262        -0.1594         0.0030         0.0247 
BAR-estimator: total free energy change is 3.6261899292925355 , total error is 0.024659299773032557
