#========================================================================================
#                     Free energy perturbation    
#----------------------------------------------------------------------------------------
#forward/backward          λ              ΔΔA                 ΔA                  δε   
#                                                 
#----------------------------------------------------------------------------------------
forward:               0.0000              0.0000              0.0000              0.0000  
forward:               0.0500              1.9918              1.9918              0.0216  
forward:               0.1000              1.1426              3.1344              0.0264  
forward:               0.1500              0.5769              3.7113              0.0294  
forward:               0.2000              0.2972              4.0084              0.0309  
forward:               0.2500              0.1617              4.1701              0.0321  
forward:               0.3000              0.0773              4.2474              0.0326  
forward:               0.3500              0.0133              4.2607              0.0330  
forward:               0.4000             -0.0396              4.2212              0.0334  
forward:               0.4500             -0.0583              4.1629              0.0338  
forward:               0.5000             -0.0932              4.0697              0.0341  
forward:               0.5500             -0.2237              3.8460              0.0346  
forward:               0.6000             -0.4693              3.3767              0.0351  
forward:               0.6500             -0.6945              2.6822              0.0359  
forward:               0.7000             -0.8962              1.7860              0.0399  
forward:               0.7500             -1.0664              0.7196              0.0410  
forward:               0.8000             -1.1413             -0.4217              0.0417  
forward:               0.8500             -1.1732             -1.5949              0.0423  
forward:               0.9000             -1.1852             -2.7801              0.0427  
forward:               0.9500             -1.1527             -3.9328              0.0434  
forward:               1.0000             -1.1515             -5.0843              0.0437  
backward:              1.0000              0.0000             -5.0843              0.0000  
backward:              0.9500              1.1403             -3.9439              0.0066  
backward:              0.9000              1.1603             -2.7837              0.0104  
backward:              0.8500              1.1608             -1.6229              0.0130  
backward:              0.8000              1.1613             -0.4616              0.0152  
backward:              0.7500              1.1207              0.6591              0.0208  
backward:              0.7000              1.0418              1.7009              0.0225  
backward:              0.6500              0.9176              2.6185              0.0247  
backward:              0.6000              0.6842              3.3026              0.0260  
backward:              0.5500              0.4611              3.7637              0.0270  
backward:              0.5000              0.2170              3.9807              0.0278  
backward:              0.4500              0.0864              4.0672              0.0285  
backward:              0.4000              0.0775              4.1447              0.0290  
backward:              0.3500              0.0309              4.1755              0.0297  
backward:              0.3000             -0.0026              4.1729              0.0305  
backward:              0.2500             -0.0643              4.1086              0.0315  
backward:              0.2000             -0.1575              3.9511              0.0330  
backward:              0.1500             -0.3168              3.6343              0.0351  
backward:              0.1000             -0.6043              3.0300              0.0403  
backward:              0.0500             -1.1669              1.8631              0.0531  
backward:              0.0000             -1.8996             -0.0366              0.0610  
Inaccuracy estimation
======================================================================================================
                   i        i+δi          P0_overlap_P1   δε(forward)/ε   δε(backward)/ε
======================================================================================================
inaccuracy:  0.00000        0.05000           31.63           -0.01            2.29
inaccuracy:  0.05000        0.10000           42.13           -0.06            1.31
inaccuracy:  0.10000        0.15000           54.18           -0.04            0.68
inaccuracy:  0.15000        0.20000           60.78           -0.02            0.38
inaccuracy:  0.20000        0.25000           64.69           -0.02            0.26
inaccuracy:  0.25000        0.30000           66.04           -0.02            0.20
inaccuracy:  0.30000        0.35000           69.12           -0.02            0.17
inaccuracy:  0.35000        0.40000           71.15           -0.02            0.14
inaccuracy:  0.40000        0.45000           70.13           -0.02            0.14
inaccuracy:  0.45000        0.50000           71.72           -0.01            0.11
inaccuracy:  0.50000        0.55000           64.80           -0.10            0.16
inaccuracy:  0.55000        0.60000           64.61           -0.14            0.11
inaccuracy:  0.60000        0.65000           64.94           -0.14            0.09
inaccuracy:  0.65000        0.70000           61.72           -0.17            0.07
inaccuracy:  0.70000        0.75000           64.60           -0.16            0.05
inaccuracy:  0.75000        0.80000           65.28           -0.15            0.05
inaccuracy:  0.80000        0.85000           64.34           -0.14            0.05
inaccuracy:  0.85000        0.90000           64.57           -0.13            0.05
inaccuracy:  0.90000        0.95000           62.23           -0.15            0.06
inaccuracy:  0.95000        1.00000           63.27           -0.15            0.07
===================================================================================================================================
                BAR        
-----------------------------------------------------------------------------------------------------------------------------------
BAR-estimator:         λ             λ+δλ          ΔΔA             ΔA            C               Δδe            δe       
                          
-----------------------------------------------------------------------------------------------------------------------------------
BAR-estimator:      0.00000        0.05000        1.9849         1.9849         1.9849         0.0097         0.0097 
BAR-estimator:      0.05000        0.10000        1.1376         3.1225         1.1376         0.0097         0.0137 
BAR-estimator:      0.10000        0.15000        0.5885         3.7110         0.5885         0.0085         0.0161 
BAR-estimator:      0.15000        0.20000        0.3088         4.0199         0.3088         0.0069         0.0175 
BAR-estimator:      0.20000        0.25000        0.1587         4.1785         0.1587         0.0070         0.0189 
BAR-estimator:      0.25000        0.30000        0.0725         4.2510         0.0725         0.0041         0.0193 
BAR-estimator:      0.30000        0.35000        0.0104         4.2614         0.0104         0.0041         0.0198 
BAR-estimator:      0.35000        0.40000       -0.0362         4.2252        -0.0362         0.0049         0.0204 
BAR-estimator:      0.40000        0.45000       -0.0640         4.1612        -0.0640         0.0046         0.0209 
BAR-estimator:      0.45000        0.50000       -0.0916         4.0695        -0.0916         0.0031         0.0211 
BAR-estimator:      0.50000        0.55000       -0.2217         3.8478        -0.2217         0.0039         0.0215 
BAR-estimator:      0.55000        0.60000       -0.4692         3.3786        -0.4692         0.0035         0.0218 
BAR-estimator:      0.60000        0.65000       -0.6829         2.6956        -0.6829         0.0047         0.0223 
BAR-estimator:      0.65000        0.70000       -0.9068         1.7889        -0.9068         0.0089         0.0240 
BAR-estimator:      0.70000        0.75000       -1.0587         0.7302        -1.0587         0.0056         0.0246 
BAR-estimator:      0.75000        0.80000       -1.1310        -0.4008        -1.1310         0.0050         0.0251 
BAR-estimator:      0.80000        0.85000       -1.1647        -1.5656        -1.1647         0.0050         0.0256 
BAR-estimator:      0.85000        0.90000       -1.1728        -2.7383        -1.1728         0.0041         0.0260 
BAR-estimator:      0.90000        0.95000       -1.1563        -3.8947        -1.1563         0.0046         0.0264 
BAR-estimator:      0.95000        1.00000       -1.1434        -5.0380        -1.1434         0.0040         0.0267 
BAR-estimator: total free energy change is -5.038042175185419 , total error is 0.026670135043472182
