#========================================================================================
#                     Free energy perturbation    
#----------------------------------------------------------------------------------------
#forward/backward          λ              ΔΔA                 ΔA                  δε   
#                                                 
#----------------------------------------------------------------------------------------
forward:               0.0000              0.0000              0.0000              0.0000  
forward:               0.0500              2.4324              2.4324              0.0249  
forward:               0.1000              1.4506              3.8830              0.0327  
forward:               0.1500              0.7192              4.6022              0.0377  
forward:               0.2000              0.3654              4.9676              0.0395  
forward:               0.2500              0.1700              5.1376              0.0408  
forward:               0.3000              0.0553              5.1929              0.0414  
forward:               0.3500             -0.0299              5.1631              0.0418  
forward:               0.4000             -0.0681              5.0950              0.0422  
forward:               0.4500             -0.1096              4.9854              0.0426  
forward:               0.5000             -0.1372              4.8482              0.0428  
forward:               0.5500             -0.2476              4.6006              0.0432  
forward:               0.6000             -0.5173              4.0833              0.0437  
forward:               0.6500             -0.7508              3.3325              0.0444  
forward:               0.7000             -0.9578              2.3746              0.0451  
forward:               0.7500             -1.0367              1.3379              0.0455  
forward:               0.8000             -1.1673              0.1706              0.0460  
forward:               0.8500             -1.1914             -1.0207              0.0464  
forward:               0.9000             -1.2117             -2.2324              0.0467  
forward:               0.9500             -1.2761             -3.5085              0.0471  
forward:               1.0000             -1.2683             -4.7768              0.0474  
backward:              1.0000              0.0000             -4.7768              0.0000  
backward:              0.9500              1.2472             -3.5296              0.0069  
backward:              0.9000              1.2209             -2.3088              0.0108  
backward:              0.8500              1.2221             -1.0866              0.0132  
backward:              0.8000              1.2420              0.1553              0.0152  
backward:              0.7500              1.1221              1.2775              0.0168  
backward:              0.7000              1.0658              2.3433              0.0186  
backward:              0.6500              0.9311              3.2745              0.0213  
backward:              0.6000              0.7123              3.9867              0.0226  
backward:              0.5500              0.4978              4.4846              0.0260  
backward:              0.5000              0.2582              4.7428              0.0267  
backward:              0.4500              0.1405              4.8833              0.0275  
backward:              0.4000              0.1053              4.9886              0.0284  
backward:              0.3500              0.0649              5.0535              0.0293  
backward:              0.3000              0.0183              5.0717              0.0303  
backward:              0.2500             -0.0317              5.0400              0.0315  
backward:              0.2000             -0.1990              4.8410              0.0335  
backward:              0.1500             -0.3552              4.4858              0.0365  
backward:              0.1000             -0.8082              3.6776              0.0699  
backward:              0.0500             -1.4996              2.1780              0.0921  
backward:              0.0000             -2.3598             -0.1818              0.0999  
Inaccuracy estimation
======================================================================================================
                   i        i+δi          P0_overlap_P1   δε(forward)/ε   δε(backward)/ε
======================================================================================================
inaccuracy:  0.00000        0.05000           28.35            0.07            2.71
inaccuracy:  0.05000        0.10000           35.81           -0.07            1.78
inaccuracy:  0.10000        0.15000           46.61           -0.06            0.89
inaccuracy:  0.15000        0.20000           55.40           -0.04            0.50
inaccuracy:  0.20000        0.25000           62.47           -0.03            0.31
inaccuracy:  0.25000        0.30000           63.47           -0.04            0.24
inaccuracy:  0.30000        0.35000           67.57           -0.03            0.18
inaccuracy:  0.35000        0.40000           68.41           -0.03            0.15
inaccuracy:  0.40000        0.45000           69.34           -0.02            0.14
inaccuracy:  0.45000        0.50000           69.13           -0.03            0.13
inaccuracy:  0.50000        0.55000           61.26           -0.11            0.19
inaccuracy:  0.55000        0.60000           62.68           -0.13            0.13
inaccuracy:  0.60000        0.65000           64.59           -0.12            0.10
inaccuracy:  0.65000        0.70000           63.59           -0.13            0.07
inaccuracy:  0.70000        0.75000           61.26           -0.16            0.06
inaccuracy:  0.75000        0.80000           66.58           -0.13            0.05
inaccuracy:  0.80000        0.85000           59.94           -0.19            0.05
inaccuracy:  0.85000        0.90000           62.25           -0.15            0.05
inaccuracy:  0.90000        0.95000           64.70           -0.10            0.05
inaccuracy:  0.95000        1.00000           63.26           -0.12            0.05
===================================================================================================================================
                BAR        
-----------------------------------------------------------------------------------------------------------------------------------
BAR-estimator:         λ             λ+δλ          ΔΔA             ΔA            C               Δδe            δe       
                          
-----------------------------------------------------------------------------------------------------------------------------------
BAR-estimator:      0.00000        0.05000        2.3953         2.3953         2.3953         0.0109         0.0109 
BAR-estimator:      0.05000        0.10000        1.4452         3.8405         1.4452         0.0116         0.0159 
BAR-estimator:      0.10000        0.15000        0.7220         4.5624         0.7220         0.0105         0.0191 
BAR-estimator:      0.15000        0.20000        0.3612         4.9236         0.3612         0.0082         0.0208 
BAR-estimator:      0.20000        0.25000        0.1800         5.1036         0.1800         0.0065         0.0218 
BAR-estimator:      0.25000        0.30000        0.0466         5.1502         0.0466         0.0048         0.0223 
BAR-estimator:      0.30000        0.35000       -0.0258         5.1244        -0.0258         0.0043         0.0227 
BAR-estimator:      0.35000        0.40000       -0.0678         5.0566        -0.0678         0.0037         0.0230 
BAR-estimator:      0.40000        0.45000       -0.1077         4.9489        -0.1077         0.0031         0.0232 
BAR-estimator:      0.45000        0.50000       -0.1372         4.8117        -0.1372         0.0034         0.0234 
BAR-estimator:      0.50000        0.55000       -0.2501         4.5616        -0.2501         0.0041         0.0238 
BAR-estimator:      0.55000        0.60000       -0.5165         4.0451        -0.5165         0.0041         0.0242 
BAR-estimator:      0.60000        0.65000       -0.7260         3.3191        -0.7260         0.0039         0.0245 
BAR-estimator:      0.65000        0.70000       -0.9435         2.3756        -0.9435         0.0043         0.0249 
BAR-estimator:      0.70000        0.75000       -1.0525         1.3231        -1.0525         0.0040         0.0252 
BAR-estimator:      0.75000        0.80000       -1.1451         0.1780        -1.1451         0.0047         0.0256 
BAR-estimator:      0.80000        0.85000       -1.2165        -1.0385        -1.2165         0.0046         0.0260 
BAR-estimator:      0.85000        0.90000       -1.2179        -2.2564        -1.2179         0.0049         0.0265 
BAR-estimator:      0.90000        0.95000       -1.2497        -3.5061        -1.2497         0.0042         0.0268 
BAR-estimator:      0.95000        1.00000       -1.2527        -4.7587        -1.2527         0.0041         0.0271 
BAR-estimator: total free energy change is -4.758744793458508 , total error is 0.027107048043372002
