#========================================================================================
#                     Free energy perturbation    
#----------------------------------------------------------------------------------------
#forward/backward          λ              ΔΔA                 ΔA                  δε   
#                                                 
#----------------------------------------------------------------------------------------
forward:               0.0000              0.0000              0.0000              0.0000  
forward:               0.0500              3.7681              3.7681              0.0526  
forward:               0.1000              2.0092              5.7773              0.0700  
forward:               0.1500              0.8295              6.6068              0.0734  
forward:               0.2000              0.3335              6.9403              0.0745  
forward:               0.2500              0.1030              7.0433              0.0750  
forward:               0.3000             -0.0275              7.0158              0.0753  
forward:               0.3500             -0.1002              6.9156              0.0756  
forward:               0.4000             -0.1688              6.7468              0.0758  
forward:               0.4500             -0.2005              6.5463              0.0760  
forward:               0.5000             -0.2338              6.3125              0.0761  
forward:               0.5500             -0.3111              6.0014              0.0764  
forward:               0.6000             -0.4599              5.5415              0.0766  
forward:               0.6500             -0.5478              4.9937              0.0769  
forward:               0.7000             -0.6236              4.3701              0.0770  
forward:               0.7500             -0.6788              3.6913              0.0772  
forward:               0.8000             -0.7367              2.9546              0.0773  
forward:               0.8500             -0.7795              2.1751              0.0774  
forward:               0.9000             -0.8122              1.3629              0.0776  
forward:               0.9500             -0.8393              0.5236              0.0776  
forward:               1.0000             -0.8635             -0.3399              0.0777  
backward:              1.0000              0.0000             -0.3399              0.0000  
backward:              0.9500              0.8659              0.5260              0.0054  
backward:              0.9000              0.8420              1.3680              0.0078  
backward:              0.8500              0.8020              2.1700              0.0099  
backward:              0.8000              0.7793              2.9494              0.0112  
backward:              0.7500              0.7291              3.6784              0.0136  
backward:              0.7000              0.6848              4.3632              0.0150  
backward:              0.6500              0.6252              4.9885              0.0160  
backward:              0.6000              0.5427              5.5311              0.0171  
backward:              0.5500              0.4601              5.9912              0.0187  
backward:              0.5000              0.3035              6.2947              0.0202  
backward:              0.4500              0.2392              6.5340              0.0210  
backward:              0.4000              0.2023              6.7363              0.0223  
backward:              0.3500              0.1682              6.9045              0.0230  
backward:              0.3000              0.1070              7.0115              0.0244  
backward:              0.2500              0.0215              7.0330              0.0255  
backward:              0.2000             -0.1096              6.9235              0.0287  
backward:              0.1500             -0.3321              6.5914              0.0368  
backward:              0.1000             -0.8247              5.7667              0.0504  
backward:              0.0500             -2.0643              3.7023              0.0763  
backward:              0.0000             -3.6879              0.0145              0.1506  
Inaccuracy estimation
======================================================================================================
                   i        i+δi          P0_overlap_P1   δε(forward)/ε   δε(backward)/ε
======================================================================================================
inaccuracy:  0.00000        0.05000           16.94            0.54            5.93
inaccuracy:  0.05000        0.10000           27.49           -0.06            2.86
inaccuracy:  0.10000        0.15000           41.98           -0.07            1.28
inaccuracy:  0.15000        0.20000           54.23           -0.04            0.55
inaccuracy:  0.20000        0.25000           61.36           -0.02            0.31
inaccuracy:  0.25000        0.30000           65.77           -0.02            0.22
inaccuracy:  0.30000        0.35000           66.11           -0.03            0.18
inaccuracy:  0.35000        0.40000           69.18           -0.03            0.14
inaccuracy:  0.40000        0.45000           69.43           -0.03            0.13
inaccuracy:  0.45000        0.50000           70.00           -0.03            0.11
inaccuracy:  0.50000        0.55000           66.56           -0.06            0.13
inaccuracy:  0.55000        0.60000           67.74           -0.06            0.10
inaccuracy:  0.60000        0.65000           68.29           -0.06            0.08
inaccuracy:  0.65000        0.70000           68.94           -0.07            0.07
inaccuracy:  0.70000        0.75000           68.30           -0.06            0.07
inaccuracy:  0.75000        0.80000           69.35           -0.07            0.06
inaccuracy:  0.80000        0.85000           69.41           -0.06            0.06
inaccuracy:  0.85000        0.90000           69.35           -0.08            0.05
inaccuracy:  0.90000        0.95000           68.59           -0.09            0.05
inaccuracy:  0.95000        1.00000           68.27           -0.07            0.05
===================================================================================================================================
                BAR        
-----------------------------------------------------------------------------------------------------------------------------------
BAR-estimator:         λ             λ+δλ          ΔΔA             ΔA            C               Δδe            δe       
                          
-----------------------------------------------------------------------------------------------------------------------------------
BAR-estimator:      0.00000        0.05000        3.7771         3.7771         3.7771         0.0189         0.0189 
BAR-estimator:      0.05000        0.10000        2.0264         5.8035         2.0264         0.0164         0.0250 
BAR-estimator:      0.10000        0.15000        0.8398         6.6433         0.8398         0.0132         0.0283 
BAR-estimator:      0.15000        0.20000        0.3351         6.9785         0.3351         0.0076         0.0293 
BAR-estimator:      0.20000        0.25000        0.1051         7.0836         0.1051         0.0056         0.0298 
BAR-estimator:      0.25000        0.30000       -0.0224         7.0611        -0.0224         0.0053         0.0303 
BAR-estimator:      0.30000        0.35000       -0.1043         6.9568        -0.1043         0.0043         0.0306 
BAR-estimator:      0.35000        0.40000       -0.1666         6.7902        -0.1666         0.0038         0.0308 
BAR-estimator:      0.40000        0.45000       -0.2033         6.5870        -0.2033         0.0036         0.0311 
BAR-estimator:      0.45000        0.50000       -0.2348         6.3522        -0.2348         0.0033         0.0312 
BAR-estimator:      0.50000        0.55000       -0.3074         6.0448        -0.3074         0.0037         0.0315 
BAR-estimator:      0.55000        0.60000       -0.4592         5.5856        -0.4592         0.0038         0.0317 
BAR-estimator:      0.60000        0.65000       -0.5458         5.0398        -0.5458         0.0033         0.0319 
BAR-estimator:      0.65000        0.70000       -0.6253         4.4146        -0.6253         0.0037         0.0321 
BAR-estimator:      0.70000        0.75000       -0.6818         3.7327        -0.6818         0.0036         0.0323 
BAR-estimator:      0.75000        0.80000       -0.7347         2.9980        -0.7347         0.0036         0.0325 
BAR-estimator:      0.80000        0.85000       -0.7783         2.2197        -0.7783         0.0037         0.0327 
BAR-estimator:      0.85000        0.90000       -0.8101         1.4096        -0.8101         0.0041         0.0329 
BAR-estimator:      0.90000        0.95000       -0.8412         0.5684        -0.8412         0.0045         0.0332 
BAR-estimator:      0.95000        1.00000       -0.8638        -0.2953        -0.8638         0.0031         0.0334 
BAR-estimator: total free energy change is -0.29531677830689584 , total error is 0.0333893468720862
