#========================================================================================
#                     Free energy perturbation    
#----------------------------------------------------------------------------------------
#forward/backward          λ              ΔΔA                 ΔA                  δε   
#                                                 
#----------------------------------------------------------------------------------------
forward:               0.0000              0.0000              0.0000              0.0000  
forward:               0.0500              2.3862              2.3862              0.0407  
forward:               0.1000              1.4339              3.8201              0.0481  
forward:               0.1500              0.6903              4.5104              0.0511  
forward:               0.2000              0.3046              4.8150              0.0523  
forward:               0.2500              0.1317              4.9467              0.0531  
forward:               0.3000              0.0353              4.9820              0.0537  
forward:               0.3500             -0.0365              4.9455              0.0540  
forward:               0.4000             -0.0978              4.8476              0.0544  
forward:               0.4500             -0.1225              4.7251              0.0546  
forward:               0.5000             -0.1434              4.5817              0.0549  
forward:               0.5500             -0.2544              4.3273              0.0553  
forward:               0.6000             -0.5139              3.8134              0.0558  
forward:               0.6500             -0.7407              3.0727              0.0563  
forward:               0.7000             -0.9444              2.1282              0.0568  
forward:               0.7500             -1.0692              1.0590              0.0573  
forward:               0.8000             -1.1339             -0.0749              0.0576  
forward:               0.8500             -1.1642             -1.2391              0.0578  
forward:               0.9000             -1.1883             -2.4274              0.0581  
forward:               0.9500             -1.1707             -3.5981              0.0583  
forward:               1.0000             -1.1577             -4.7558              0.0587  
backward:              1.0000              0.0000             -4.7558              0.0000  
backward:              0.9500              1.1553             -3.6006              0.0067  
backward:              0.9000              1.1764             -2.4242              0.0101  
backward:              0.8500              1.1742             -1.2500              0.0126  
backward:              0.8000              1.1671             -0.0829              0.0143  
backward:              0.7500              1.1339              1.0510              0.0179  
backward:              0.7000              1.0685              2.1195              0.0197  
backward:              0.6500              0.9383              3.0578              0.0219  
backward:              0.6000              0.7389              3.7966              0.0237  
backward:              0.5500              0.5129              4.3096              0.0255  
backward:              0.5000              0.2652              4.5748              0.0269  
backward:              0.4500              0.1498              4.7246              0.0276  
backward:              0.4000              0.1256              4.8502              0.0285  
backward:              0.3500              0.0896              4.9399              0.0302  
backward:              0.3000              0.0450              4.9849              0.0313  
backward:              0.2500             -0.0267              4.9582              0.0331  
backward:              0.2000             -0.1275              4.8306              0.0351  
backward:              0.1500             -0.3515              4.4791              0.0402  
backward:              0.1000             -0.6991              3.7800              0.0516  
backward:              0.0500             -1.3636              2.4164              0.0649  
backward:              0.0000             -2.5983             -0.1818              0.1723  
Inaccuracy estimation
======================================================================================================
                   i        i+δi          P0_overlap_P1   δε(forward)/ε   δε(backward)/ε
======================================================================================================
inaccuracy:  0.00000        0.05000           27.41            0.05            2.90
inaccuracy:  0.05000        0.10000           34.40           -0.09            1.88
inaccuracy:  0.10000        0.15000           46.90           -0.06            0.94
inaccuracy:  0.15000        0.20000           58.38           -0.03            0.44
inaccuracy:  0.20000        0.25000           62.53           -0.03            0.30
inaccuracy:  0.25000        0.30000           64.43           -0.02            0.24
inaccuracy:  0.30000        0.35000           66.91           -0.02            0.19
inaccuracy:  0.35000        0.40000           69.26           -0.02            0.16
inaccuracy:  0.40000        0.45000           68.89           -0.02            0.14
inaccuracy:  0.45000        0.50000           69.52           -0.03            0.13
inaccuracy:  0.50000        0.55000           60.93           -0.11            0.19
inaccuracy:  0.55000        0.60000           62.11           -0.13            0.13
inaccuracy:  0.60000        0.65000           62.25           -0.13            0.09
inaccuracy:  0.65000        0.70000           63.37           -0.14            0.07
inaccuracy:  0.70000        0.75000           64.27           -0.13            0.05
inaccuracy:  0.75000        0.80000           63.80           -0.14            0.05
inaccuracy:  0.80000        0.85000           64.11           -0.13            0.05
inaccuracy:  0.85000        0.90000           64.33           -0.14            0.05
inaccuracy:  0.90000        0.95000           62.87           -0.15            0.06
inaccuracy:  0.95000        1.00000           63.38           -0.12            0.06
===================================================================================================================================
                BAR        
-----------------------------------------------------------------------------------------------------------------------------------
BAR-estimator:         λ             λ+δλ          ΔΔA             ΔA            C               Δδe            δe       
                          
-----------------------------------------------------------------------------------------------------------------------------------
BAR-estimator:      0.00000        0.05000        2.4124         2.4124         2.4124         0.0110         0.0110 
BAR-estimator:      0.05000        0.10000        1.4092         3.8216         1.4092         0.0135         0.0174 
BAR-estimator:      0.10000        0.15000        0.6838         4.5054         0.6838         0.0102         0.0202 
BAR-estimator:      0.15000        0.20000        0.3073         4.8127         0.3073         0.0072         0.0214 
BAR-estimator:      0.20000        0.25000        0.1305         4.9432         0.1305         0.0061         0.0223 
BAR-estimator:      0.25000        0.30000        0.0312         4.9744         0.0312         0.0053         0.0229 
BAR-estimator:      0.30000        0.35000       -0.0388         4.9356        -0.0388         0.0044         0.0233 
BAR-estimator:      0.35000        0.40000       -0.0938         4.8417        -0.0938         0.0045         0.0237 
BAR-estimator:      0.40000        0.45000       -0.1234         4.7183        -0.1234         0.0037         0.0240 
BAR-estimator:      0.45000        0.50000       -0.1453         4.5730        -0.1453         0.0036         0.0243 
BAR-estimator:      0.50000        0.55000       -0.2566         4.3164        -0.2566         0.0047         0.0248 
BAR-estimator:      0.55000        0.60000       -0.5167         3.7997        -0.5167         0.0043         0.0251 
BAR-estimator:      0.60000        0.65000       -0.7425         3.0572        -0.7425         0.0046         0.0255 
BAR-estimator:      0.65000        0.70000       -0.9404         2.1167        -0.9404         0.0046         0.0260 
BAR-estimator:      0.70000        0.75000       -1.0674         1.0493        -1.0674         0.0044         0.0263 
BAR-estimator:      0.75000        0.80000       -1.1367        -0.0874        -1.1367         0.0053         0.0269 
BAR-estimator:      0.80000        0.85000       -1.1649        -1.2523        -1.1649         0.0042         0.0272 
BAR-estimator:      0.85000        0.90000       -1.1826        -2.4349        -1.1826         0.0045         0.0276 
BAR-estimator:      0.90000        0.95000       -1.1732        -3.6081        -1.1732         0.0038         0.0278 
BAR-estimator:      0.95000        1.00000       -1.1543        -4.7624        -1.1543         0.0047         0.0282 
BAR-estimator: total free energy change is -4.7623554132256105 , total error is 0.02821253135872984
