#========================================================================================
#                     Free energy perturbation    
#----------------------------------------------------------------------------------------
#forward/backward          λ              ΔΔA                 ΔA                  δε   
#                                                 
#----------------------------------------------------------------------------------------
forward:               0.0000              0.0000              0.0000              0.0000  
forward:               0.0500              1.1458              1.1458              0.0191  
forward:               0.1000              0.6895              1.8353              0.0232  
forward:               0.1500              0.4041              2.2394              0.0249  
forward:               0.2000              0.2435              2.4829              0.0262  
forward:               0.2500              0.1342              2.6171              0.0271  
forward:               0.3000              0.0741              2.6911              0.0276  
forward:               0.3500              0.0335              2.7246              0.0281  
forward:               0.4000             -0.0045              2.7201              0.0293  
forward:               0.4500             -0.0319              2.6882              0.0296  
forward:               0.5000             -0.0479              2.6403              0.0299  
forward:               0.5500             -0.1636              2.4766              0.0303  
forward:               0.6000             -0.3542              2.1224              0.0308  
forward:               0.6500             -0.4960              1.6264              0.0312  
forward:               0.7000             -0.6304              0.9960              0.0316  
forward:               0.7500             -0.7146              0.2814              0.0320  
forward:               0.8000             -0.7782             -0.4967              0.0327  
forward:               0.8500             -0.7989             -1.2956              0.0329  
forward:               0.9000             -0.8229             -2.1186              0.0333  
forward:               0.9500             -0.8277             -2.9463              0.0335  
forward:               1.0000             -0.8354             -3.7817              0.0338  
backward:              1.0000              0.0000             -3.7817              0.0000  
backward:              0.9500              0.8288             -2.9528              0.0053  
backward:              0.9000              0.8345             -2.1184              0.0073  
backward:              0.8500              0.8248             -1.2936              0.0089  
backward:              0.8000              0.8005             -0.4931              0.0101  
backward:              0.7500              0.7761              0.2830              0.0117  
backward:              0.7000              0.7185              1.0015              0.0129  
backward:              0.6500              0.6256              1.6271              0.0137  
backward:              0.6000              0.4913              2.1184              0.0148  
backward:              0.5500              0.3514              2.4698              0.0163  
backward:              0.5000              0.1707              2.6405              0.0172  
backward:              0.4500              0.0498              2.6903              0.0178  
backward:              0.4000              0.0281              2.7183              0.0184  
backward:              0.3500              0.0036              2.7219              0.0192  
backward:              0.3000             -0.0385              2.6834              0.0201  
backward:              0.2500             -0.0746              2.6089              0.0217  
backward:              0.2000             -0.1562              2.4527              0.0233  
backward:              0.1500             -0.2412              2.2115              0.0255  
backward:              0.1000             -0.4006              1.8109              0.0293  
backward:              0.0500             -0.6922              1.1187              0.0335  
backward:              0.0000             -1.1451             -0.0264              0.0426  
Inaccuracy estimation
======================================================================================================
                   i        i+δi          P0_overlap_P1   δε(forward)/ε   δε(backward)/ε
======================================================================================================
inaccuracy:  0.00000        0.05000           44.08           -0.03            1.21
inaccuracy:  0.05000        0.10000           55.03           -0.02            0.70
inaccuracy:  0.10000        0.15000           62.08           -0.02            0.37
inaccuracy:  0.15000        0.20000           67.09           -0.01            0.24
inaccuracy:  0.20000        0.25000           71.10           -0.01            0.16
inaccuracy:  0.25000        0.30000           72.20           -0.01            0.14
inaccuracy:  0.30000        0.35000           74.36           -0.01            0.12
inaccuracy:  0.35000        0.40000           75.55           -0.01            0.10
inaccuracy:  0.40000        0.45000           77.04           -0.01            0.09
inaccuracy:  0.45000        0.50000           76.70           -0.01            0.08
inaccuracy:  0.50000        0.55000           68.22           -0.07            0.12
inaccuracy:  0.55000        0.60000           69.83           -0.06            0.09
inaccuracy:  0.60000        0.65000           70.11           -0.08            0.07
inaccuracy:  0.65000        0.70000           70.10           -0.07            0.05
inaccuracy:  0.70000        0.75000           70.12           -0.07            0.05
inaccuracy:  0.75000        0.80000           71.02           -0.07            0.04
inaccuracy:  0.80000        0.85000           70.44           -0.07            0.05
inaccuracy:  0.85000        0.90000           69.98           -0.06            0.05
inaccuracy:  0.90000        0.95000           69.70           -0.08            0.05
inaccuracy:  0.95000        1.00000           69.83           -0.07            0.05
===================================================================================================================================
                BAR        
-----------------------------------------------------------------------------------------------------------------------------------
BAR-estimator:         λ             λ+δλ          ΔΔA             ΔA            C               Δδe            δe       
                          
-----------------------------------------------------------------------------------------------------------------------------------
BAR-estimator:      0.00000        0.05000        1.1544         1.1544         1.1544         0.0107         0.0107 
BAR-estimator:      0.05000        0.10000        0.6969         1.8513         0.6969         0.0080         0.0134 
BAR-estimator:      0.10000        0.15000        0.4025         2.2538         0.4025         0.0059         0.0146 
BAR-estimator:      0.15000        0.20000        0.2407         2.4945         0.2407         0.0053         0.0156 
BAR-estimator:      0.20000        0.25000        0.1375         2.6320         0.1375         0.0043         0.0162 
BAR-estimator:      0.25000        0.30000        0.0712         2.7033         0.0712         0.0037         0.0166 
BAR-estimator:      0.30000        0.35000        0.0366         2.7399         0.0366         0.0038         0.0170 
BAR-estimator:      0.35000        0.40000       -0.0030         2.7369        -0.0030         0.0037         0.0174 
BAR-estimator:      0.40000        0.45000       -0.0286         2.7083        -0.0286         0.0030         0.0177 
BAR-estimator:      0.45000        0.50000       -0.0484         2.6599        -0.0484         0.0028         0.0179 
BAR-estimator:      0.50000        0.55000       -0.1668         2.4931        -0.1668         0.0036         0.0182 
BAR-estimator:      0.55000        0.60000       -0.3538         2.1394        -0.3538         0.0037         0.0186 
BAR-estimator:      0.60000        0.65000       -0.4951         1.6442        -0.4951         0.0036         0.0189 
BAR-estimator:      0.65000        0.70000       -0.6304         1.0139        -0.6304         0.0035         0.0193 
BAR-estimator:      0.70000        0.75000       -0.7145         0.2994        -0.7145         0.0034         0.0196 
BAR-estimator:      0.75000        0.80000       -0.7771        -0.4778        -0.7771         0.0039         0.0200 
BAR-estimator:      0.80000        0.85000       -0.8003        -1.2781        -0.8003         0.0038         0.0203 
BAR-estimator:      0.85000        0.90000       -0.8200        -2.0981        -0.8200         0.0042         0.0207 
BAR-estimator:      0.90000        0.95000       -0.8292        -2.9274        -0.8292         0.0034         0.0210 
BAR-estimator:      0.95000        1.00000       -0.8338        -3.7612        -0.8338         0.0035         0.0213 
BAR-estimator: total free energy change is -3.761162335953927 , total error is 0.021291602123811648
