#========================================================================================
#                     Free energy perturbation    
#----------------------------------------------------------------------------------------
#forward/backward          λ              ΔΔA                 ΔA                  δε   
#                                                 
#----------------------------------------------------------------------------------------
forward:               0.0000              0.0000              0.0000              0.0000  
forward:               0.0500              1.3034              1.3034              0.0200  
forward:               0.1000              0.7853              2.0886              0.0256  
forward:               0.1500              0.4956              2.5843              0.0284  
forward:               0.2000              0.3126              2.8969              0.0301  
forward:               0.2500              0.1881              3.0850              0.0309  
forward:               0.3000              0.1099              3.1949              0.0320  
forward:               0.3500              0.0654              3.2603              0.0324  
forward:               0.4000              0.0158              3.2762              0.0332  
forward:               0.4500             -0.0041              3.2720              0.0336  
forward:               0.5000             -0.0235              3.2485              0.0339  
forward:               0.5500             -0.1189              3.1296              0.0344  
forward:               0.6000             -0.3183              2.8113              0.0347  
forward:               0.6500             -0.4843              2.3270              0.0353  
forward:               0.7000             -0.6254              1.7016              0.0357  
forward:               0.7500             -0.7034              0.9982              0.0361  
forward:               0.8000             -0.7561              0.2421              0.0365  
forward:               0.8500             -0.7778             -0.5357              0.0367  
forward:               0.9000             -0.7878             -1.3234              0.0371  
forward:               0.9500             -0.7785             -2.1020              0.0373  
forward:               1.0000             -0.7686             -2.8706              0.0376  
backward:              1.0000              0.0000             -2.8706              0.0000  
backward:              0.9500              0.7731             -2.0974              0.0056  
backward:              0.9000              0.7778             -1.3196              0.0083  
backward:              0.8500              0.7851             -0.5345              0.0104  
backward:              0.8000              0.7789              0.2443              0.0133  
backward:              0.7500              0.7421              0.9864              0.0148  
backward:              0.7000              0.6981              1.6845              0.0162  
backward:              0.6500              0.6148              2.2993              0.0183  
backward:              0.6000              0.4638              2.7631              0.0195  
backward:              0.5500              0.3079              3.0709              0.0206  
backward:              0.5000              0.1257              3.1967              0.0222  
backward:              0.4500              0.0257              3.2223              0.0231  
backward:              0.4000             -0.0070              3.2154              0.0232  
backward:              0.3500             -0.0191              3.1963              0.0241  
backward:              0.3000             -0.0687              3.1276              0.0273  
backward:              0.2500             -0.1133              3.0144              0.0285  
backward:              0.2000             -0.1937              2.8207              0.0301  
backward:              0.1500             -0.2848              2.5358              0.0321  
backward:              0.1000             -0.4731              2.0627              0.0344  
backward:              0.0500             -0.8177              1.2450              0.0633  
backward:              0.0000             -1.2732             -0.0281              0.0706  
Inaccuracy estimation
======================================================================================================
                   i        i+δi          P0_overlap_P1   δε(forward)/ε   δε(backward)/ε
======================================================================================================
inaccuracy:  0.00000        0.05000           41.57           -0.04            1.30
inaccuracy:  0.05000        0.10000           50.73           -0.03            0.83
inaccuracy:  0.10000        0.15000           56.75           -0.02            0.51
inaccuracy:  0.15000        0.20000           61.82           -0.02            0.33
inaccuracy:  0.20000        0.25000           67.14           -0.02            0.23
inaccuracy:  0.25000        0.30000           69.33           -0.02            0.17
inaccuracy:  0.30000        0.35000           70.14           -0.01            0.16
inaccuracy:  0.35000        0.40000           72.15           -0.01            0.13
inaccuracy:  0.40000        0.45000           73.35           -0.02            0.12
inaccuracy:  0.45000        0.50000           72.67           -0.01            0.11
inaccuracy:  0.50000        0.55000           65.75           -0.08            0.15
inaccuracy:  0.55000        0.60000           67.63           -0.08            0.10
inaccuracy:  0.60000        0.65000           68.23           -0.09            0.09
inaccuracy:  0.65000        0.70000           67.37           -0.08            0.08
inaccuracy:  0.70000        0.75000           67.55           -0.08            0.07
inaccuracy:  0.75000        0.80000           68.69           -0.08            0.06
inaccuracy:  0.80000        0.85000           67.75           -0.09            0.06
inaccuracy:  0.85000        0.90000           68.02           -0.09            0.07
inaccuracy:  0.90000        0.95000           67.34           -0.08            0.07
inaccuracy:  0.95000        1.00000           66.03           -0.08            0.08
===================================================================================================================================
                BAR        
-----------------------------------------------------------------------------------------------------------------------------------
BAR-estimator:         λ             λ+δλ          ΔΔA             ΔA            C               Δδe            δe       
                          
-----------------------------------------------------------------------------------------------------------------------------------
BAR-estimator:      0.00000        0.05000        1.3053         1.3053         1.3053         0.0107         0.0107 
BAR-estimator:      0.05000        0.10000        0.7949         2.1002         0.7949         0.0092         0.0141 
BAR-estimator:      0.10000        0.15000        0.4933         2.5935         0.4933         0.0076         0.0160 
BAR-estimator:      0.15000        0.20000        0.3030         2.8965         0.3030         0.0060         0.0171 
BAR-estimator:      0.20000        0.25000        0.1873         3.0837         0.1873         0.0046         0.0177 
BAR-estimator:      0.25000        0.30000        0.1100         3.1937         0.1100         0.0053         0.0185 
BAR-estimator:      0.30000        0.35000        0.0613         3.2550         0.0613         0.0039         0.0189 
BAR-estimator:      0.35000        0.40000        0.0167         3.2716         0.0167         0.0036         0.0192 
BAR-estimator:      0.40000        0.45000       -0.0008         3.2708        -0.0008         0.0035         0.0195 
BAR-estimator:      0.45000        0.50000       -0.0250         3.2459        -0.0250         0.0033         0.0198 
BAR-estimator:      0.50000        0.55000       -0.1272         3.1187        -0.1272         0.0042         0.0202 
BAR-estimator:      0.55000        0.60000       -0.3160         2.8027        -0.3160         0.0035         0.0205 
BAR-estimator:      0.60000        0.65000       -0.4750         2.3277        -0.4750         0.0039         0.0209 
BAR-estimator:      0.65000        0.70000       -0.6218         1.7059        -0.6218         0.0037         0.0212 
BAR-estimator:      0.70000        0.75000       -0.7009         1.0050        -0.7009         0.0039         0.0216 
BAR-estimator:      0.75000        0.80000       -0.7509         0.2541        -0.7509         0.0039         0.0219 
BAR-estimator:      0.80000        0.85000       -0.7807        -0.5266        -0.7807         0.0037         0.0222 
BAR-estimator:      0.85000        0.90000       -0.7860        -1.3126        -0.7860         0.0034         0.0225 
BAR-estimator:      0.90000        0.95000       -0.7803        -2.0929        -0.7803         0.0039         0.0228 
BAR-estimator:      0.95000        1.00000       -0.7708        -2.8637        -0.7708         0.0040         0.0232 
BAR-estimator: total free energy change is -2.8636843273698487 , total error is 0.023197281310516557
