#========================================================================================
#                     Free energy perturbation    
#----------------------------------------------------------------------------------------
#forward/backward          λ              ΔΔA                 ΔA                  δε   
#                                                 
#----------------------------------------------------------------------------------------
forward:               0.0000              0.0000              0.0000              0.0000  
forward:               0.0500              1.5048              1.5048              0.0204  
forward:               0.1000              0.9924              2.4972              0.0264  
forward:               0.1500              0.6049              3.1021              0.0311  
forward:               0.2000              0.3638              3.4659              0.0334  
forward:               0.2500              0.2062              3.6721              0.0345  
forward:               0.3000              0.1253              3.7974              0.0352  
forward:               0.3500              0.0650              3.8624              0.0357  
forward:               0.4000              0.0317              3.8942              0.0362  
forward:               0.4500             -0.0052              3.8890              0.0369  
forward:               0.5000             -0.0252              3.8638              0.0371  
forward:               0.5500             -0.1145              3.7492              0.0377  
forward:               0.6000             -0.3029              3.4464              0.0384  
forward:               0.6500             -0.5007              2.9457              0.0393  
forward:               0.7000             -0.6172              2.3285              0.0399  
forward:               0.7500             -0.7416              1.5869              0.0405  
forward:               0.8000             -0.8133              0.7735              0.0407  
forward:               0.8500             -0.8644             -0.0908              0.0411  
forward:               0.9000             -0.8818             -0.9727              0.0415  
forward:               0.9500             -0.8750             -1.8477              0.0419  
forward:               1.0000             -0.8845             -2.7322              0.0421  
backward:              1.0000              0.0000             -2.7322              0.0000  
backward:              0.9500              0.8777             -1.8545              0.0054  
backward:              0.9000              0.8917             -0.9628              0.0085  
backward:              0.8500              0.8782             -0.0846              0.0107  
backward:              0.8000              0.8536              0.7690              0.0129  
backward:              0.7500              0.8136              1.5826              0.0147  
backward:              0.7000              0.7368              2.3195              0.0165  
backward:              0.6500              0.6336              2.9530              0.0197  
backward:              0.6000              0.4802              3.4333              0.0213  
backward:              0.5500              0.2933              3.7266              0.0228  
backward:              0.5000              0.1158              3.8424              0.0235  
backward:              0.4500              0.0243              3.8666              0.0242  
backward:              0.4000              0.0057              3.8723              0.0249  
backward:              0.3500             -0.0282              3.8441              0.0261  
backward:              0.3000             -0.0746              3.7695              0.0268  
backward:              0.2500             -0.1243              3.6453              0.0284  
backward:              0.2000             -0.2223              3.4229              0.0301  
backward:              0.1500             -0.3563              3.0667              0.0326  
backward:              0.1000             -0.6250              2.4416              0.0432  
backward:              0.0500             -0.9495              1.4921              0.0509  
backward:              0.0000             -1.5462             -0.0541              0.0633  
Inaccuracy estimation
======================================================================================================
                   i        i+δi          P0_overlap_P1   δε(forward)/ε   δε(backward)/ε
======================================================================================================
inaccuracy:  0.00000        0.05000           38.64           -0.03            1.62
inaccuracy:  0.05000        0.10000           45.20           -0.05            1.04
inaccuracy:  0.10000        0.15000           54.16           -0.04            0.59
inaccuracy:  0.15000        0.20000           59.99           -0.03            0.38
inaccuracy:  0.20000        0.25000           65.73           -0.02            0.26
inaccuracy:  0.25000        0.30000           67.40           -0.02            0.20
inaccuracy:  0.30000        0.35000           69.91           -0.02            0.18
inaccuracy:  0.35000        0.40000           69.29           -0.02            0.15
inaccuracy:  0.40000        0.45000           70.63           -0.02            0.14
inaccuracy:  0.45000        0.50000           71.40           -0.02            0.13
inaccuracy:  0.50000        0.55000           65.44           -0.08            0.16
inaccuracy:  0.55000        0.60000           65.85           -0.09            0.13
inaccuracy:  0.60000        0.65000           66.51           -0.08            0.10
inaccuracy:  0.65000        0.70000           64.25           -0.10            0.10
inaccuracy:  0.70000        0.75000           65.77           -0.09            0.08
inaccuracy:  0.75000        0.80000           66.20           -0.10            0.07
inaccuracy:  0.80000        0.85000           66.93           -0.08            0.07
inaccuracy:  0.85000        0.90000           66.46           -0.10            0.07
inaccuracy:  0.90000        0.95000           65.24           -0.09            0.07
inaccuracy:  0.95000        1.00000           66.73           -0.09            0.07
===================================================================================================================================
                BAR        
-----------------------------------------------------------------------------------------------------------------------------------
BAR-estimator:         λ             λ+δλ          ΔΔA             ΔA            C               Δδe            δe       
                          
-----------------------------------------------------------------------------------------------------------------------------------
BAR-estimator:      0.00000        0.05000        1.5309         1.5309         1.5309         0.0125         0.0125 
BAR-estimator:      0.05000        0.10000        0.9710         2.5018         0.9710         0.0091         0.0155 
BAR-estimator:      0.10000        0.15000        0.6001         3.1020         0.6001         0.0099         0.0184 
BAR-estimator:      0.15000        0.20000        0.3610         3.4630         0.3610         0.0076         0.0199 
BAR-estimator:      0.20000        0.25000        0.2132         3.6762         0.2132         0.0057         0.0207 
BAR-estimator:      0.25000        0.30000        0.1273         3.8035         0.1273         0.0049         0.0212 
BAR-estimator:      0.30000        0.35000        0.0704         3.8739         0.0704         0.0047         0.0218 
BAR-estimator:      0.35000        0.40000        0.0273         3.9011         0.0273         0.0040         0.0221 
BAR-estimator:      0.40000        0.45000       -0.0054         3.8957        -0.0054         0.0040         0.0225 
BAR-estimator:      0.45000        0.50000       -0.0263         3.8694        -0.0263         0.0033         0.0227 
BAR-estimator:      0.50000        0.55000       -0.1135         3.7559        -0.1135         0.0035         0.0230 
BAR-estimator:      0.55000        0.60000       -0.3012         3.4547        -0.3012         0.0045         0.0234 
BAR-estimator:      0.60000        0.65000       -0.4899         2.9648        -0.4899         0.0053         0.0240 
BAR-estimator:      0.65000        0.70000       -0.6241         2.3407        -0.6241         0.0043         0.0244 
BAR-estimator:      0.70000        0.75000       -0.7424         1.5983        -0.7424         0.0046         0.0248 
BAR-estimator:      0.75000        0.80000       -0.8136         0.7848        -0.8136         0.0044         0.0252 
BAR-estimator:      0.80000        0.85000       -0.8602        -0.0755        -0.8602         0.0047         0.0256 
BAR-estimator:      0.85000        0.90000       -0.8784        -0.9538        -0.8784         0.0043         0.0260 
BAR-estimator:      0.90000        0.95000       -0.8787        -1.8325        -0.8787         0.0045         0.0264 
BAR-estimator:      0.95000        1.00000       -0.8795        -2.7120        -0.8795         0.0043         0.0267 
BAR-estimator: total free energy change is -2.712018239727657 , total error is 0.026725025769285312
