#========================================================================================
#                     Free energy perturbation    
#----------------------------------------------------------------------------------------
#forward/backward          λ              ΔΔA                 ΔA                  δε   
#                                                 
#----------------------------------------------------------------------------------------
forward:               0.0000              0.0000              0.0000              0.0000  
forward:               0.0500              0.2844              0.2844              0.0071  
forward:               0.1000              0.2042              0.4887              0.0089  
forward:               0.1500              0.1690              0.6577              0.0103  
forward:               0.2000              0.1348              0.7925              0.0113  
forward:               0.2500              0.1183              0.9108              0.0119  
forward:               0.3000              0.0916              1.0024              0.0123  
forward:               0.3500              0.0900              1.0924              0.0128  
forward:               0.4000              0.0787              1.1711              0.0132  
forward:               0.4500              0.0755              1.2466              0.0137  
forward:               0.5000              0.0699              1.3165              0.0140  
forward:               0.5500             -0.0321              1.2844              0.0146  
forward:               0.6000             -0.1823              1.1021              0.0151  
forward:               0.6500             -0.2999              0.8022              0.0156  
forward:               0.7000             -0.4110              0.3912              0.0162  
forward:               0.7500             -0.4919             -0.1007              0.0167  
forward:               0.8000             -0.5503             -0.6509              0.0170  
forward:               0.8500             -0.5857             -1.2367              0.0173  
forward:               0.9000             -0.6072             -1.8439              0.0179  
forward:               0.9500             -0.6162             -2.4600              0.0183  
forward:               1.0000             -0.6263             -3.0863              0.0186  
backward:              1.0000              0.0000             -3.0863              0.0000  
backward:              0.9500              0.6319             -2.4544              0.0040  
backward:              0.9000              0.5992             -1.8552              0.0056  
backward:              0.8500              0.6030             -1.2522              0.0074  
backward:              0.8000              0.5798             -0.6724              0.0082  
backward:              0.7500              0.5544             -0.1180              0.0091  
backward:              0.7000              0.4943              0.3763              0.0102  
backward:              0.6500              0.4092              0.7855              0.0116  
backward:              0.6000              0.3057              1.0912              0.0125  
backward:              0.5500              0.1765              1.2678              0.0131  
backward:              0.5000              0.0225              1.2902              0.0141  
backward:              0.4500             -0.0651              1.2251              0.0145  
backward:              0.4000             -0.0731              1.1520              0.0149  
backward:              0.3500             -0.0802              1.0718              0.0153  
backward:              0.3000             -0.0885              0.9833              0.0158  
backward:              0.2500             -0.1046              0.8787              0.0163  
backward:              0.2000             -0.1192              0.7595              0.0169  
backward:              0.1500             -0.1319              0.6276              0.0175  
backward:              0.1000             -0.1770              0.4506              0.0190  
backward:              0.0500             -0.2110              0.2396              0.0205  
backward:              0.0000             -0.2854             -0.0458              0.0227  
Inaccuracy estimation
======================================================================================================
                   i        i+δi          P0_overlap_P1   δε(forward)/ε   δε(backward)/ε
======================================================================================================
inaccuracy:  0.00000        0.05000           72.92           -0.00            0.22
inaccuracy:  0.05000        0.10000           77.74           -0.00            0.15
inaccuracy:  0.10000        0.15000           78.58           -0.00            0.10
inaccuracy:  0.15000        0.20000           80.18           -0.00            0.09
inaccuracy:  0.20000        0.25000           82.08           -0.00            0.08
inaccuracy:  0.25000        0.30000           84.43           -0.00            0.06
inaccuracy:  0.30000        0.35000           83.09           -0.00            0.07
inaccuracy:  0.35000        0.40000           83.83           -0.00            0.06
inaccuracy:  0.40000        0.45000           83.30           -0.00            0.06
inaccuracy:  0.45000        0.50000           82.73           -0.00            0.06
inaccuracy:  0.50000        0.55000           75.56           -0.04            0.08
inaccuracy:  0.55000        0.60000           76.60           -0.04            0.06
inaccuracy:  0.60000        0.65000           74.82           -0.05            0.05
inaccuracy:  0.65000        0.70000           75.82           -0.05            0.04
inaccuracy:  0.70000        0.75000           75.77           -0.05            0.04
inaccuracy:  0.75000        0.80000           75.95           -0.05            0.04
inaccuracy:  0.80000        0.85000           76.50           -0.05            0.04
inaccuracy:  0.85000        0.90000           76.54           -0.04            0.04
inaccuracy:  0.90000        0.95000           76.52           -0.04            0.04
inaccuracy:  0.95000        1.00000           74.43           -0.05            0.04
===================================================================================================================================
                BAR        
-----------------------------------------------------------------------------------------------------------------------------------
BAR-estimator:         λ             λ+δλ          ΔΔA             ΔA            C               Δδe            δe       
                          
-----------------------------------------------------------------------------------------------------------------------------------
BAR-estimator:      0.00000        0.05000        0.2868         0.2868         0.2868         0.0049         0.0049 
BAR-estimator:      0.05000        0.10000        0.2059         0.4927         0.2059         0.0036         0.0061 
BAR-estimator:      0.10000        0.15000        0.1684         0.6611         0.1684         0.0036         0.0071 
BAR-estimator:      0.15000        0.20000        0.1343         0.7954         0.1343         0.0030         0.0077 
BAR-estimator:      0.20000        0.25000        0.1186         0.9140         0.1186         0.0026         0.0081 
BAR-estimator:      0.25000        0.30000        0.0965         1.0105         0.0965         0.0024         0.0085 
BAR-estimator:      0.30000        0.35000        0.0912         1.1017         0.0912         0.0026         0.0089 
BAR-estimator:      0.35000        0.40000        0.0796         1.1813         0.0796         0.0023         0.0091 
BAR-estimator:      0.40000        0.45000        0.0756         1.2570         0.0756         0.0024         0.0095 
BAR-estimator:      0.45000        0.50000        0.0687         1.3257         0.0687         0.0023         0.0097 
BAR-estimator:      0.50000        0.55000       -0.0270         1.2987        -0.0270         0.0029         0.0101 
BAR-estimator:      0.55000        0.60000       -0.1795         1.1193        -0.1795         0.0028         0.0105 
BAR-estimator:      0.60000        0.65000       -0.3034         0.8158        -0.3034         0.0029         0.0109 
BAR-estimator:      0.65000        0.70000       -0.4092         0.4067        -0.4092         0.0030         0.0113 
BAR-estimator:      0.70000        0.75000       -0.4924        -0.0857        -0.4924         0.0029         0.0117 
BAR-estimator:      0.75000        0.80000       -0.5500        -0.6357        -0.5500         0.0028         0.0120 
BAR-estimator:      0.80000        0.85000       -0.5817        -1.2174        -0.5817         0.0024         0.0123 
BAR-estimator:      0.85000        0.90000       -0.6046        -1.8220        -0.6046         0.0025         0.0125 
BAR-estimator:      0.90000        0.95000       -0.6110        -2.4330        -0.6110         0.0027         0.0128 
BAR-estimator:      0.95000        1.00000       -0.6289        -3.0619        -0.6289         0.0029         0.0131 
BAR-estimator: total free energy change is -3.061912589707693 , total error is 0.013138386450568768
