#========================================================================================
#                     Free energy perturbation    
#----------------------------------------------------------------------------------------
#forward/backward          λ              ΔΔA                 ΔA                  δε   
#                                                 
#----------------------------------------------------------------------------------------
forward:               0.0000              0.0000              0.0000              0.0000  
forward:               0.0500              3.1046              3.1046              0.0360  
forward:               0.1000              1.7633              4.8679              0.0454  
forward:               0.1500              0.8545              5.7224              0.0483  
forward:               0.2000              0.3796              6.1020              0.0496  
forward:               0.2500              0.1198              6.2218              0.0503  
forward:               0.3000              0.0001              6.2219              0.0509  
forward:               0.3500             -0.0953              6.1266              0.0512  
forward:               0.4000             -0.1577              5.9689              0.0515  
forward:               0.4500             -0.2116              5.7573              0.0518  
forward:               0.5000             -0.2548              5.5025              0.0521  
forward:               0.5500             -0.4905              5.0120              0.0525  
forward:               0.6000             -0.7992              4.2128              0.0529  
forward:               0.6500             -1.0501              3.1626              0.0534  
forward:               0.7000             -1.2637              1.8989              0.0540  
forward:               0.7500             -1.3868              0.5121              0.0544  
forward:               0.8000             -1.3566             -0.8445              0.0551  
forward:               0.8500             -1.2829             -2.1274              0.0554  
forward:               0.9000             -1.2500             -3.3773              0.0556  
forward:               0.9500             -1.3460             -4.7233              0.0642  
forward:               1.0000             -1.3618             -6.0851              0.0714  
backward:              1.0000              0.0000             -6.0851              0.0000  
backward:              0.9500              1.2754             -4.8097              0.0082  
backward:              0.9000              1.2851             -3.5246              0.0130  
backward:              0.8500              1.3449             -2.1797              0.0169  
backward:              0.8000              1.4175             -0.7623              0.0181  
backward:              0.7500              1.4197              0.6575              0.0209  
backward:              0.7000              1.3809              2.0384              0.0218  
backward:              0.6500              1.2578              3.2962              0.0229  
backward:              0.6000              1.0647              4.3609              0.0241  
backward:              0.5500              0.7850              5.1460              0.0252  
backward:              0.5000              0.4965              5.6425              0.0263  
backward:              0.4500              0.2547              5.8972              0.0270  
backward:              0.4000              0.2024              6.0995              0.0280  
backward:              0.3500              0.1667              6.2662              0.0287  
backward:              0.3000              0.0907              6.3569              0.0301  
backward:              0.2500              0.0076              6.3645              0.0315  
backward:              0.2000             -0.1275              6.2370              0.0345  
backward:              0.1500             -0.3679              5.8691              0.0377  
backward:              0.1000             -0.8575              5.0116              0.0461  
backward:              0.0500             -1.7490              3.2626              0.0616  
backward:              0.0000             -3.1725              0.0902              0.1336  
Inaccuracy estimation
======================================================================================================
                   i        i+δi          P0_overlap_P1   δε(forward)/ε   δε(backward)/ε
======================================================================================================
inaccuracy:  0.00000        0.05000           21.36            0.25            4.10
inaccuracy:  0.05000        0.10000           29.85           -0.08            2.50
inaccuracy:  0.10000        0.15000           42.96           -0.08            1.13
inaccuracy:  0.15000        0.20000           52.89           -0.05            0.59
inaccuracy:  0.20000        0.25000           59.55           -0.03            0.35
inaccuracy:  0.25000        0.30000           63.12           -0.03            0.26
inaccuracy:  0.30000        0.35000           65.24           -0.03            0.19
inaccuracy:  0.35000        0.40000           66.33           -0.02            0.16
inaccuracy:  0.40000        0.45000           68.13           -0.03            0.14
inaccuracy:  0.45000        0.50000           68.63           -0.04            0.12
inaccuracy:  0.50000        0.55000           59.37           -0.15            0.18
inaccuracy:  0.55000        0.60000           61.41           -0.17            0.11
inaccuracy:  0.60000        0.65000           59.96           -0.22            0.07
inaccuracy:  0.65000        0.70000           61.26           -0.20            0.04
inaccuracy:  0.70000        0.75000           61.25           -0.21            0.03
inaccuracy:  0.75000        0.80000           57.51           -0.28            0.03
inaccuracy:  0.80000        0.85000           53.76           -0.32            0.04
inaccuracy:  0.85000        0.90000           55.23           -0.31            0.06
inaccuracy:  0.90000        0.95000           60.23           -0.28            0.06
inaccuracy:  0.95000        1.00000           61.13           -0.24            0.07
===================================================================================================================================
                BAR        
-----------------------------------------------------------------------------------------------------------------------------------
BAR-estimator:         λ             λ+δλ          ΔΔA             ΔA            C               Δδe            δe       
                          
-----------------------------------------------------------------------------------------------------------------------------------
BAR-estimator:      0.00000        0.05000        3.1099         3.1099         3.1099         0.0364         0.0364 
BAR-estimator:      0.05000        0.10000        1.7522         4.8621         1.7522         0.0221         0.0426 
BAR-estimator:      0.10000        0.15000        0.8512         5.7132         0.8512         0.0092         0.0435 
BAR-estimator:      0.15000        0.20000        0.3788         6.0921         0.3788         0.0061         0.0440 
BAR-estimator:      0.20000        0.25000        0.1245         6.2165         0.1245         0.0062         0.0444 
BAR-estimator:      0.25000        0.30000       -0.0019         6.2146        -0.0019         0.0052         0.0447 
BAR-estimator:      0.30000        0.35000       -0.0957         6.1189        -0.0957         0.0035         0.0449 
BAR-estimator:      0.35000        0.40000       -0.1610         5.9579        -0.1610         0.0039         0.0450 
BAR-estimator:      0.40000        0.45000       -0.2063         5.7516        -0.2063         0.0035         0.0452 
BAR-estimator:      0.45000        0.50000       -0.2547         5.4969        -0.2547         0.0035         0.0453 
BAR-estimator:      0.50000        0.55000       -0.4859         5.0110        -0.4859         0.0043         0.0455 
BAR-estimator:      0.55000        0.60000       -0.7939         4.2172        -0.7939         0.0043         0.0457 
BAR-estimator:      0.60000        0.65000       -1.0569         3.1603        -1.0569         0.0042         0.0459 
BAR-estimator:      0.65000        0.70000       -1.2585         1.9018        -1.2585         0.0045         0.0461 
BAR-estimator:      0.70000        0.75000       -1.3863         0.5155        -1.3863         0.0043         0.0463 
BAR-estimator:      0.75000        0.80000       -1.3942        -0.8787        -1.3942         0.0047         0.0465 
BAR-estimator:      0.80000        0.85000       -1.3548        -2.2335        -1.3548         0.0042         0.0467 
BAR-estimator:      0.85000        0.90000       -1.3056        -3.5391        -1.3056         0.0044         0.0469 
BAR-estimator:      0.90000        0.95000       -1.3155        -4.8546        -1.3155         0.0113         0.0483 
BAR-estimator:      0.95000        1.00000       -1.3119        -6.1665        -1.3119         0.0125         0.0499 
BAR-estimator: total free energy change is -6.166536916333084 , total error is 0.049873588953210105
