#========================================================================================
#                     Free energy perturbation    
#----------------------------------------------------------------------------------------
#forward/backward          λ              ΔΔA                 ΔA                  δε   
#                                                 
#----------------------------------------------------------------------------------------
forward:               0.0000              0.0000              0.0000              0.0000  
forward:               0.0500              2.2017              2.2017              0.0316  
forward:               0.1000              1.2505              3.4522              0.0391  
forward:               0.1500              0.7259              4.1781              0.0425  
forward:               0.2000              0.3753              4.5534              0.0440  
forward:               0.2500              0.2101              4.7635              0.0450  
forward:               0.3000              0.0941              4.8576              0.0459  
forward:               0.3500              0.0120              4.8695              0.0464  
forward:               0.4000             -0.0406              4.8289              0.0468  
forward:               0.4500             -0.0762              4.7527              0.0472  
forward:               0.5000             -0.1175              4.6352              0.0475  
forward:               0.5500             -0.3303              4.3048              0.0482  
forward:               0.6000             -0.7837              3.5211              0.0492  
forward:               0.6500             -1.2604              2.2608              0.0504  
forward:               0.7000             -1.5997              0.6611              0.0511  
forward:               0.7500             -1.7728             -1.1118              0.0529  
forward:               0.8000             -1.8363             -2.9480              0.0536  
forward:               0.8500             -1.8845             -4.8326              0.0542  
forward:               0.9000             -1.9082             -6.7407              0.0546  
forward:               0.9500             -1.8843             -8.6250              0.0551  
forward:               1.0000             -1.8736            -10.4986              0.0555  
backward:              1.0000              0.0000            -10.4986              0.0000  
backward:              0.9500              1.8611             -8.6375              0.0115  
backward:              0.9000              1.8829             -6.7545              0.0154  
backward:              0.8500              1.8944             -4.8601              0.0187  
backward:              0.8000              1.8674             -2.9927              0.0239  
backward:              0.7500              1.8504             -1.1423              0.0254  
backward:              0.7000              1.7536              0.6113              0.0268  
backward:              0.6500              1.5951              2.2064              0.0291  
backward:              0.6000              1.2561              3.4625              0.0308  
backward:              0.5500              0.7822              4.2446              0.0323  
backward:              0.5000              0.3438              4.5885              0.0333  
backward:              0.4500              0.0999              4.6884              0.0340  
backward:              0.4000              0.0793              4.7677              0.0348  
backward:              0.3500              0.0383              4.8061              0.0353  
backward:              0.3000             -0.0014              4.8047              0.0380  
backward:              0.2500             -0.0920              4.7127              0.0393  
backward:              0.2000             -0.2079              4.5047              0.0413  
backward:              0.1500             -0.4159              4.0888              0.0457  
backward:              0.1000             -0.7712              3.3177              0.0592  
backward:              0.0500             -1.2390              2.0786              0.0646  
backward:              0.0000             -2.0767              0.0019              0.0748  
Inaccuracy estimation
======================================================================================================
                   i        i+δi          P0_overlap_P1   δε(forward)/ε   δε(backward)/ε
======================================================================================================
inaccuracy:  0.00000        0.05000           28.03           -0.00            3.03
inaccuracy:  0.05000        0.10000           38.90           -0.06            1.50
inaccuracy:  0.10000        0.15000           47.41           -0.05            0.85
inaccuracy:  0.15000        0.20000           56.67           -0.04            0.48
inaccuracy:  0.20000        0.25000           60.42           -0.04            0.34
inaccuracy:  0.25000        0.30000           63.15           -0.04            0.25
inaccuracy:  0.30000        0.35000           64.54           -0.03            0.22
inaccuracy:  0.35000        0.40000           67.10           -0.03            0.18
inaccuracy:  0.40000        0.45000           68.08           -0.03            0.16
inaccuracy:  0.45000        0.50000           69.90           -0.03            0.14
inaccuracy:  0.50000        0.55000           56.66           -0.21            0.22
inaccuracy:  0.55000        0.60000           55.37           -0.28            0.15
inaccuracy:  0.60000        0.65000           53.85           -0.28            0.08
inaccuracy:  0.65000        0.70000           57.57           -0.29            0.02
inaccuracy:  0.70000        0.75000           59.47           -0.28           -0.00
inaccuracy:  0.75000        0.80000           57.45           -0.28           -0.02
inaccuracy:  0.80000        0.85000           56.94           -0.25           -0.01
inaccuracy:  0.85000        0.90000           56.98           -0.24           -0.01
inaccuracy:  0.90000        0.95000           55.51           -0.27           -0.01
inaccuracy:  0.95000        1.00000           56.59           -0.32           -0.00
===================================================================================================================================
                BAR        
-----------------------------------------------------------------------------------------------------------------------------------
BAR-estimator:         λ             λ+δλ          ΔΔA             ΔA            C               Δδe            δe       
                          
-----------------------------------------------------------------------------------------------------------------------------------
BAR-estimator:      0.00000        0.05000        2.1888         2.1888         2.1888         0.0137         0.0137 
BAR-estimator:      0.05000        0.10000        1.2556         3.4444         1.2556         0.0087         0.0162 
BAR-estimator:      0.10000        0.15000        0.7255         4.1699         0.7255         0.0095         0.0188 
BAR-estimator:      0.15000        0.20000        0.3843         4.5541         0.3843         0.0072         0.0201 
BAR-estimator:      0.20000        0.25000        0.2096         4.7637         0.2096         0.0061         0.0210 
BAR-estimator:      0.25000        0.30000        0.0923         4.8561         0.0923         0.0060         0.0219 
BAR-estimator:      0.30000        0.35000        0.0080         4.8641         0.0080         0.0048         0.0224 
BAR-estimator:      0.35000        0.40000       -0.0393         4.8248        -0.0393         0.0055         0.0231 
BAR-estimator:      0.40000        0.45000       -0.0770         4.7478        -0.0770         0.0040         0.0234 
BAR-estimator:      0.45000        0.50000       -0.1111         4.6367        -0.1111         0.0039         0.0237 
BAR-estimator:      0.50000        0.55000       -0.3360         4.3008        -0.3360         0.0050         0.0243 
BAR-estimator:      0.55000        0.60000       -0.7801         3.5207        -0.7801         0.0053         0.0248 
BAR-estimator:      0.60000        0.65000       -1.2521         2.2686        -1.2521         0.0059         0.0255 
BAR-estimator:      0.65000        0.70000       -1.5977         0.6710        -1.5977         0.0054         0.0261 
BAR-estimator:      0.70000        0.75000       -1.7603        -1.0894        -1.7603         0.0052         0.0266 
BAR-estimator:      0.75000        0.80000       -1.8413        -2.9307        -1.8413         0.0055         0.0272 
BAR-estimator:      0.80000        0.85000       -1.8815        -4.8121        -1.8815         0.0060         0.0278 
BAR-estimator:      0.85000        0.90000       -1.9015        -6.7137        -1.9015         0.0054         0.0283 
BAR-estimator:      0.90000        0.95000       -1.8848        -8.5984        -1.8848         0.0057         0.0289 
BAR-estimator:      0.95000        1.00000       -1.8732       -10.4716        -1.8732         0.0052         0.0294 
BAR-estimator: total free energy change is -10.471640653076145 , total error is 0.02937439557871237
