#========================================================================================
#                     Free energy perturbation    
#----------------------------------------------------------------------------------------
#forward/backward          λ              ΔΔA                 ΔA                  δε   
#                                                 
#----------------------------------------------------------------------------------------
forward:               0.0000              0.0000              0.0000              0.0000  
forward:               0.0500              1.3498              1.3498              0.0163  
forward:               0.1000              0.8553              2.2051              0.0198  
forward:               0.1500              0.5323              2.7374              0.0221  
forward:               0.2000              0.3222              3.0596              0.0234  
forward:               0.2500              0.2182              3.2778              0.0244  
forward:               0.3000              0.1421              3.4200              0.0262  
forward:               0.3500              0.0934              3.5133              0.0268  
forward:               0.4000              0.0380              3.5514              0.0272  
forward:               0.4500              0.0140              3.5654              0.0276  
forward:               0.5000             -0.0075              3.5578              0.0282  
forward:               0.5500             -0.1209              3.4369              0.0287  
forward:               0.6000             -0.2975              3.1394              0.0291  
forward:               0.6500             -0.4452              2.6942              0.0295  
forward:               0.7000             -0.5913              2.1028              0.0299  
forward:               0.7500             -0.6938              1.4090              0.0305  
forward:               0.8000             -0.7591              0.6499              0.0309  
forward:               0.8500             -0.8021             -0.1522              0.0313  
forward:               0.9000             -0.8471             -0.9992              0.0316  
forward:               0.9500             -0.8602             -1.8594              0.0319  
forward:               1.0000             -0.8788             -2.7382              0.0323  
backward:              1.0000              0.0000             -2.7382              0.0000  
backward:              0.9500              0.8815             -1.8568              0.0060  
backward:              0.9000              0.8594             -0.9974              0.0082  
backward:              0.8500              0.8286             -0.1688              0.0099  
backward:              0.8000              0.8099              0.6411              0.0113  
backward:              0.7500              0.7474              1.3885              0.0125  
backward:              0.7000              0.6850              2.0735              0.0136  
backward:              0.6500              0.5921              2.6655              0.0147  
backward:              0.6000              0.4492              3.1147              0.0157  
backward:              0.5500              0.2901              3.4048              0.0167  
backward:              0.5000              0.1070              3.5118              0.0178  
backward:              0.4500             -0.0005              3.5113              0.0187  
backward:              0.4000             -0.0171              3.4942              0.0197  
backward:              0.3500             -0.0459              3.4483              0.0207  
backward:              0.3000             -0.0834              3.3650              0.0218  
backward:              0.2500             -0.1447              3.2203              0.0230  
backward:              0.2000             -0.2065              3.0138              0.0242  
backward:              0.1500             -0.3136              2.7001              0.0260  
backward:              0.1000             -0.5119              2.1882              0.0317  
backward:              0.0500             -0.8213              1.3669              0.0361  
backward:              0.0000             -1.3717             -0.0048              0.0466  
Inaccuracy estimation
======================================================================================================
                   i        i+δi          P0_overlap_P1   δε(forward)/ε   δε(backward)/ε
======================================================================================================
inaccuracy:  0.00000        0.05000           41.04           -0.03            1.39
inaccuracy:  0.05000        0.10000           49.78           -0.03            0.81
inaccuracy:  0.10000        0.15000           56.50           -0.03            0.50
inaccuracy:  0.15000        0.20000           63.28           -0.02            0.32
inaccuracy:  0.20000        0.25000           66.33           -0.01            0.23
inaccuracy:  0.25000        0.30000           69.02           -0.02            0.19
inaccuracy:  0.30000        0.35000           69.93           -0.01            0.15
inaccuracy:  0.35000        0.40000           73.00           -0.01            0.13
inaccuracy:  0.40000        0.45000           72.77           -0.02            0.12
inaccuracy:  0.45000        0.50000           73.12           -0.01            0.11
inaccuracy:  0.50000        0.55000           67.78           -0.06            0.13
inaccuracy:  0.55000        0.60000           68.39           -0.07            0.11
inaccuracy:  0.60000        0.65000           67.57           -0.09            0.09
inaccuracy:  0.65000        0.70000           68.23           -0.09            0.08
inaccuracy:  0.70000        0.75000           68.74           -0.08            0.07
inaccuracy:  0.75000        0.80000           69.30           -0.07            0.06
inaccuracy:  0.80000        0.85000           67.29           -0.08            0.06
inaccuracy:  0.85000        0.90000           69.51           -0.07            0.06
inaccuracy:  0.90000        0.95000           67.73           -0.08            0.06
inaccuracy:  0.95000        1.00000           67.17           -0.09            0.06
===================================================================================================================================
                BAR        
-----------------------------------------------------------------------------------------------------------------------------------
BAR-estimator:         λ             λ+δλ          ΔΔA             ΔA            C               Δδe            δe       
                          
-----------------------------------------------------------------------------------------------------------------------------------
BAR-estimator:      0.00000        0.05000        1.3632         1.3632         1.3632         0.0085         0.0085 
BAR-estimator:      0.05000        0.10000        0.8478         2.2110         0.8478         0.0061         0.0105 
BAR-estimator:      0.10000        0.15000        0.5191         2.7301         0.5191         0.0065         0.0123 
BAR-estimator:      0.15000        0.20000        0.3229         3.0530         0.3229         0.0050         0.0133 
BAR-estimator:      0.20000        0.25000        0.2159         3.2689         0.2159         0.0047         0.0141 
BAR-estimator:      0.25000        0.30000        0.1429         3.4118         0.1429         0.0043         0.0147 
BAR-estimator:      0.30000        0.35000        0.0888         3.5006         0.0888         0.0037         0.0152 
BAR-estimator:      0.35000        0.40000        0.0412         3.5417         0.0412         0.0034         0.0156 
BAR-estimator:      0.40000        0.45000        0.0147         3.5565         0.0147         0.0038         0.0160 
BAR-estimator:      0.45000        0.50000       -0.0056         3.5509        -0.0056         0.0038         0.0165 
BAR-estimator:      0.50000        0.55000       -0.1171         3.4338        -0.1171         0.0035         0.0168 
BAR-estimator:      0.55000        0.60000       -0.2945         3.1393        -0.2945         0.0034         0.0172 
BAR-estimator:      0.60000        0.65000       -0.4465         2.6928        -0.4465         0.0034         0.0175 
BAR-estimator:      0.65000        0.70000       -0.5924         2.1004        -0.5924         0.0035         0.0178 
BAR-estimator:      0.70000        0.75000       -0.6904         1.4099        -0.6904         0.0042         0.0183 
BAR-estimator:      0.75000        0.80000       -0.7547         0.6552        -0.7547         0.0038         0.0187 
BAR-estimator:      0.80000        0.85000       -0.8034        -0.1482        -0.8034         0.0036         0.0191 
BAR-estimator:      0.85000        0.90000       -0.8403        -0.9885        -0.8403         0.0034         0.0194 
BAR-estimator:      0.90000        0.95000       -0.8591        -1.8475        -0.8591         0.0038         0.0197 
BAR-estimator:      0.95000        1.00000       -0.8791        -2.7266        -0.8791         0.0033         0.0200 
BAR-estimator: total free energy change is -2.7266160479851385 , total error is 0.02000770665847787
