#========================================================================================
#                     Free energy perturbation    
#----------------------------------------------------------------------------------------
#forward/backward          λ              ΔΔA                 ΔA                  δε   
#                                                 
#----------------------------------------------------------------------------------------
forward:               0.0000              0.0000              0.0000              0.0000  
forward:               0.0500              2.3502              2.3502              0.0255  
forward:               0.1000              1.3174              3.6677              0.0333  
forward:               0.1500              0.7356              4.4033              0.0368  
forward:               0.2000              0.4113              4.8145              0.0382  
forward:               0.2500              0.2156              5.0301              0.0395  
forward:               0.3000              0.1060              5.1361              0.0401  
forward:               0.3500              0.0384              5.1745              0.0405  
forward:               0.4000             -0.0292              5.1453              0.0409  
forward:               0.4500             -0.0614              5.0840              0.0413  
forward:               0.5000             -0.1017              4.9822              0.0416  
forward:               0.5500             -0.1430              4.8393              0.0419  
forward:               0.6000             -0.1980              4.6412              0.0421  
forward:               0.6500             -0.2446              4.3966              0.0424  
forward:               0.7000             -0.2729              4.1237              0.0426  
forward:               0.7500             -0.3039              3.8199              0.0429  
forward:               0.8000             -0.3267              3.4931              0.0430  
forward:               0.8500             -0.3602              3.1329              0.0432  
forward:               0.9000             -0.3711              2.7618              0.0435  
forward:               0.9500             -0.3867              2.3751              0.0436  
forward:               1.0000             -0.4080              1.9671              0.0438  
backward:              1.0000              0.0000              1.9671              0.0000  
backward:              0.9500              0.4079              2.3750              0.0051  
backward:              0.9000              0.3994              2.7744              0.0071  
backward:              0.8500              0.3680              3.1424              0.0096  
backward:              0.8000              0.3382              3.4806              0.0110  
backward:              0.7500              0.3349              3.8154              0.0122  
backward:              0.7000              0.3092              4.1246              0.0136  
backward:              0.6500              0.2732              4.3979              0.0146  
backward:              0.6000              0.2364              4.6342              0.0158  
backward:              0.5500              0.2009              4.8351              0.0171  
backward:              0.5000              0.1399              4.9750              0.0197  
backward:              0.4500              0.1091              5.0841              0.0201  
backward:              0.4000              0.0657              5.1497              0.0211  
backward:              0.3500              0.0146              5.1644              0.0259  
backward:              0.3000             -0.0218              5.1426              0.0271  
backward:              0.2500             -0.0901              5.0524              0.0287  
backward:              0.2000             -0.2029              4.8496              0.0305  
backward:              0.1500             -0.4148              4.4348              0.0337  
backward:              0.1000             -0.7028              3.7320              0.0380  
backward:              0.0500             -1.2847              2.4473              0.0454  
backward:              0.0000             -2.2405              0.2068              0.0589  
Inaccuracy estimation
======================================================================================================
                   i        i+δi          P0_overlap_P1   δε(forward)/ε   δε(backward)/ε
======================================================================================================
inaccuracy:  0.00000        0.05000           26.93            0.04            3.35
inaccuracy:  0.05000        0.10000           38.03           -0.06            1.59
inaccuracy:  0.10000        0.15000           47.45           -0.05            0.89
inaccuracy:  0.15000        0.20000           56.46           -0.04            0.49
inaccuracy:  0.20000        0.25000           60.40           -0.04            0.32
inaccuracy:  0.25000        0.30000           63.17           -0.03            0.24
inaccuracy:  0.30000        0.35000           64.52           -0.03            0.22
inaccuracy:  0.35000        0.40000           67.73           -0.03            0.17
inaccuracy:  0.40000        0.45000           68.44           -0.02            0.16
inaccuracy:  0.45000        0.50000           68.68           -0.02            0.15
inaccuracy:  0.50000        0.55000           68.11           -0.04            0.14
inaccuracy:  0.55000        0.60000           68.55           -0.04            0.14
inaccuracy:  0.60000        0.65000           69.69           -0.04            0.11
inaccuracy:  0.65000        0.70000           69.39           -0.04            0.11
inaccuracy:  0.70000        0.75000           68.98           -0.05            0.11
inaccuracy:  0.75000        0.80000           69.07           -0.03            0.11
inaccuracy:  0.80000        0.85000           70.96           -0.03            0.09
inaccuracy:  0.85000        0.90000           69.49           -0.05            0.10
inaccuracy:  0.90000        0.95000           69.66           -0.04            0.11
inaccuracy:  0.95000        1.00000           69.92           -0.04            0.10
===================================================================================================================================
                BAR        
-----------------------------------------------------------------------------------------------------------------------------------
BAR-estimator:         λ             λ+δλ          ΔΔA             ΔA            C               Δδe            δe       
                          
-----------------------------------------------------------------------------------------------------------------------------------
BAR-estimator:      0.00000        0.05000        2.3284         2.3284         2.3284         0.0136         0.0136 
BAR-estimator:      0.05000        0.10000        1.3278         3.6562         1.3278         0.0110         0.0175 
BAR-estimator:      0.10000        0.15000        0.7354         4.3916         0.7354         0.0088         0.0196 
BAR-estimator:      0.15000        0.20000        0.4159         4.8075         0.4159         0.0069         0.0208 
BAR-estimator:      0.20000        0.25000        0.2126         5.0201         0.2126         0.0063         0.0217 
BAR-estimator:      0.25000        0.30000        0.0983         5.1184         0.0983         0.0045         0.0222 
BAR-estimator:      0.30000        0.35000        0.0321         5.1505         0.0321         0.0044         0.0226 
BAR-estimator:      0.35000        0.40000       -0.0285         5.1219        -0.0285         0.0040         0.0229 
BAR-estimator:      0.40000        0.45000       -0.0620         5.0599        -0.0620         0.0037         0.0232 
BAR-estimator:      0.45000        0.50000       -0.1046         4.9553        -0.1046         0.0034         0.0235 
BAR-estimator:      0.50000        0.55000       -0.1431         4.8122        -0.1431         0.0036         0.0238 
BAR-estimator:      0.55000        0.60000       -0.1990         4.6132        -0.1990         0.0034         0.0240 
BAR-estimator:      0.60000        0.65000       -0.2409         4.3723        -0.2409         0.0036         0.0243 
BAR-estimator:      0.65000        0.70000       -0.2742         4.0981        -0.2742         0.0030         0.0245 
BAR-estimator:      0.70000        0.75000       -0.3084         3.7896        -0.3084         0.0035         0.0247 
BAR-estimator:      0.75000        0.80000       -0.3302         3.4594        -0.3302         0.0032         0.0249 
BAR-estimator:      0.80000        0.85000       -0.3514         3.1080        -0.3514         0.0034         0.0252 
BAR-estimator:      0.85000        0.90000       -0.3713         2.7367        -0.3713         0.0036         0.0254 
BAR-estimator:      0.90000        0.95000       -0.3899         2.3468        -0.3899         0.0036         0.0257 
BAR-estimator:      0.95000        1.00000       -0.4069         1.9399        -0.4069         0.0032         0.0259 
BAR-estimator: total free energy change is 1.939893592903152 , total error is 0.025857822883804404
