#========================================================================================
#                     Free energy perturbation    
#----------------------------------------------------------------------------------------
#forward/backward          λ              ΔΔA                 ΔA                  δε   
#                                                 
#----------------------------------------------------------------------------------------
forward:               0.0000              0.0000              0.0000              0.0000  
forward:               0.0500              2.0626              2.0626              0.0268  
forward:               0.1000              1.2133              3.2759              0.0317  
forward:               0.1500              0.6882              3.9641              0.0343  
forward:               0.2000              0.3922              4.3563              0.0360  
forward:               0.2500              0.2290              4.5852              0.0370  
forward:               0.3000              0.1298              4.7150              0.0377  
forward:               0.3500              0.0498              4.7648              0.0383  
forward:               0.4000             -0.0071              4.7576              0.0387  
forward:               0.4500             -0.0396              4.7181              0.0390  
forward:               0.5000             -0.0670              4.6511              0.0393  
forward:               0.5500             -0.1839              4.4672              0.0397  
forward:               0.6000             -0.3556              4.1116              0.0402  
forward:               0.6500             -0.5555              3.5562              0.0408  
forward:               0.7000             -0.7119              2.8442              0.0414  
forward:               0.7500             -0.8339              2.0103              0.0420  
forward:               0.8000             -0.8573              1.1530              0.0424  
forward:               0.8500             -0.8331              0.3200              0.0429  
forward:               0.9000             -0.8036             -0.4836              0.0431  
forward:               0.9500             -0.7735             -1.2572              0.0434  
forward:               1.0000             -0.7693             -2.0264              0.0437  
backward:              1.0000              0.0000             -2.0264              0.0000  
backward:              0.9500              0.7544             -1.2720              0.0071  
backward:              0.9000              0.7620             -0.5101              0.0118  
backward:              0.8500              0.8005              0.2905              0.0158  
backward:              0.8000              0.8301              1.1206              0.0172  
backward:              0.7500              0.8409              1.9615              0.0193  
backward:              0.7000              0.8384              2.7999              0.0205  
backward:              0.6500              0.7217              3.5216              0.0220  
backward:              0.6000              0.5542              4.0757              0.0234  
backward:              0.5500              0.3684              4.4441              0.0249  
backward:              0.5000              0.1738              4.6179              0.0264  
backward:              0.4500              0.0695              4.6874              0.0272  
backward:              0.4000              0.0189              4.7063              0.0283  
backward:              0.3500             -0.0018              4.7045              0.0295  
backward:              0.3000             -0.0433              4.6611              0.0303  
backward:              0.2500             -0.1213              4.5398              0.0315  
backward:              0.2000             -0.2340              4.3059              0.0330  
backward:              0.1500             -0.4216              3.8843              0.0391  
backward:              0.1000             -0.7356              3.1487              0.0499  
backward:              0.0500             -1.2007              1.9480              0.0566  
backward:              0.0000             -2.0779             -0.1299              0.0691  
Inaccuracy estimation
======================================================================================================
                   i        i+δi          P0_overlap_P1   δε(forward)/ε   δε(backward)/ε
======================================================================================================
inaccuracy:  0.00000        0.05000           30.89            0.00            2.29
inaccuracy:  0.05000        0.10000           40.36           -0.05            1.40
inaccuracy:  0.10000        0.15000           50.65           -0.05            0.74
inaccuracy:  0.15000        0.20000           57.71           -0.04            0.45
inaccuracy:  0.20000        0.25000           60.94           -0.03            0.32
inaccuracy:  0.25000        0.30000           64.20           -0.02            0.27
inaccuracy:  0.30000        0.35000           66.09           -0.03            0.20
inaccuracy:  0.35000        0.40000           68.33           -0.02            0.17
inaccuracy:  0.40000        0.45000           70.02           -0.03            0.15
inaccuracy:  0.45000        0.50000           69.22           -0.03            0.15
inaccuracy:  0.50000        0.55000           64.52           -0.08            0.17
inaccuracy:  0.55000        0.60000           64.29           -0.13            0.14
inaccuracy:  0.60000        0.65000           63.67           -0.15            0.11
inaccuracy:  0.65000        0.70000           61.80           -0.13            0.10
inaccuracy:  0.70000        0.75000           63.62           -0.10            0.09
inaccuracy:  0.75000        0.80000           64.70           -0.10            0.08
inaccuracy:  0.80000        0.85000           63.74           -0.09            0.09
inaccuracy:  0.85000        0.90000           63.60           -0.11            0.10
inaccuracy:  0.90000        0.95000           63.49           -0.11            0.11
inaccuracy:  0.95000        1.00000           62.64           -0.10            0.12
===================================================================================================================================
                BAR        
-----------------------------------------------------------------------------------------------------------------------------------
BAR-estimator:         λ             λ+δλ          ΔΔA             ΔA            C               Δδe            δe       
                          
-----------------------------------------------------------------------------------------------------------------------------------
BAR-estimator:      0.00000        0.05000        2.0432         2.0432         2.0432         0.0094         0.0094 
BAR-estimator:      0.05000        0.10000        1.2160         3.2592         1.2160         0.0091         0.0131 
BAR-estimator:      0.10000        0.15000        0.6951         3.9543         0.6951         0.0080         0.0153 
BAR-estimator:      0.15000        0.20000        0.3950         4.3493         0.3950         0.0063         0.0166 
BAR-estimator:      0.20000        0.25000        0.2273         4.5766         0.2273         0.0055         0.0175 
BAR-estimator:      0.25000        0.30000        0.1305         4.7071         0.1305         0.0048         0.0181 
BAR-estimator:      0.30000        0.35000        0.0461         4.7532         0.0461         0.0046         0.0187 
BAR-estimator:      0.35000        0.40000       -0.0044         4.7488        -0.0044         0.0041         0.0191 
BAR-estimator:      0.40000        0.45000       -0.0340         4.7148        -0.0340         0.0039         0.0195 
BAR-estimator:      0.45000        0.50000       -0.0688         4.6460        -0.0688         0.0034         0.0198 
BAR-estimator:      0.50000        0.55000       -0.1802         4.4658        -0.1802         0.0039         0.0202 
BAR-estimator:      0.55000        0.60000       -0.3631         4.1027        -0.3631         0.0039         0.0206 
BAR-estimator:      0.60000        0.65000       -0.5586         3.5442        -0.5586         0.0044         0.0210 
BAR-estimator:      0.65000        0.70000       -0.7164         2.8277        -0.7164         0.0043         0.0215 
BAR-estimator:      0.70000        0.75000       -0.8336         1.9941        -0.8336         0.0044         0.0219 
BAR-estimator:      0.75000        0.80000       -0.8538         1.1403        -0.8538         0.0040         0.0223 
BAR-estimator:      0.80000        0.85000       -0.8343         0.3060        -0.8343         0.0049         0.0228 
BAR-estimator:      0.85000        0.90000       -0.8052        -0.4992        -0.8052         0.0043         0.0232 
BAR-estimator:      0.90000        0.95000       -0.7741        -1.2733        -0.7741         0.0039         0.0235 
BAR-estimator:      0.95000        1.00000       -0.7612        -2.0344        -0.7612         0.0037         0.0238 
BAR-estimator: total free energy change is -2.0344276674509363 , total error is 0.023813819170815584
