#========================================================================================
#                     Free energy perturbation    
#----------------------------------------------------------------------------------------
#forward/backward          λ              ΔΔA                 ΔA                  δε   
#                                                 
#----------------------------------------------------------------------------------------
forward:               0.0000              0.0000              0.0000              0.0000  
forward:               0.0500              1.9371              1.9371              0.0273  
forward:               0.1000              1.1385              3.0756              0.0372  
forward:               0.1500              0.6842              3.7598              0.0390  
forward:               0.2000              0.3779              4.1378              0.0400  
forward:               0.2500              0.2327              4.3704              0.0410  
forward:               0.3000              0.1212              4.4916              0.0416  
forward:               0.3500              0.0619              4.5534              0.0422  
forward:               0.4000              0.0279              4.5814              0.0426  
forward:               0.4500             -0.0223              4.5591              0.0430  
forward:               0.5000             -0.0445              4.5146              0.0433  
forward:               0.5500             -0.0510              4.4636              0.0436  
forward:               0.6000             -0.0782              4.3855              0.0439  
forward:               0.6500             -0.0891              4.2964              0.0441  
forward:               0.7000             -0.1023              4.1941              0.0443  
forward:               0.7500             -0.1018              4.0923              0.0446  
forward:               0.8000             -0.1244              3.9679              0.0448  
forward:               0.8500             -0.1279              3.8400              0.0450  
forward:               0.9000             -0.1405              3.6995              0.0452  
forward:               0.9500             -0.1453              3.5542              0.0453  
forward:               1.0000             -0.1564              3.3978              0.0455  
backward:              1.0000              0.0000              3.3978              0.0000  
backward:              0.9500              0.1454              3.5432              0.0061  
backward:              0.9000              0.1506              3.6938              0.0079  
backward:              0.8500              0.1385              3.8322              0.0092  
backward:              0.8000              0.1249              3.9572              0.0107  
backward:              0.7500              0.1204              4.0776              0.0119  
backward:              0.7000              0.0970              4.1746              0.0132  
backward:              0.6500              0.1093              4.2839              0.0142  
backward:              0.6000              0.0802              4.3641              0.0156  
backward:              0.5500              0.0689              4.4330              0.0166  
backward:              0.5000              0.0500              4.4830              0.0177  
backward:              0.4500              0.0368              4.5198              0.0188  
backward:              0.4000             -0.0067              4.5131              0.0204  
backward:              0.3500             -0.0125              4.5006              0.0216  
backward:              0.3000             -0.0656              4.4350              0.0229  
backward:              0.2500             -0.1241              4.3110              0.0244  
backward:              0.2000             -0.2039              4.1071              0.0267  
backward:              0.1500             -0.3877              3.7194              0.0337  
backward:              0.1000             -0.6468              3.0726              0.0383  
backward:              0.0500             -1.1231              1.9495              0.0480  
backward:              0.0000             -1.8038              0.1457              0.0673  
Inaccuracy estimation
======================================================================================================
                   i        i+δi          P0_overlap_P1   δε(forward)/ε   δε(backward)/ε
======================================================================================================
inaccuracy:  0.00000        0.05000           31.47           -0.01            2.27
inaccuracy:  0.05000        0.10000           42.43           -0.06            1.33
inaccuracy:  0.10000        0.15000           50.26           -0.05            0.72
inaccuracy:  0.15000        0.20000           58.53           -0.02            0.45
inaccuracy:  0.20000        0.25000           61.74           -0.04            0.30
inaccuracy:  0.25000        0.30000           65.93           -0.02            0.22
inaccuracy:  0.30000        0.35000           68.18           -0.02            0.19
inaccuracy:  0.35000        0.40000           68.14           -0.03            0.18
inaccuracy:  0.40000        0.45000           71.72           -0.02            0.14
inaccuracy:  0.45000        0.50000           71.13           -0.02            0.13
inaccuracy:  0.50000        0.55000           70.44           -0.02            0.14
inaccuracy:  0.55000        0.60000           71.25           -0.02            0.12
inaccuracy:  0.60000        0.65000           71.39           -0.02            0.12
inaccuracy:  0.65000        0.70000           70.87           -0.02            0.12
inaccuracy:  0.70000        0.75000           71.42           -0.02            0.12
inaccuracy:  0.75000        0.80000           71.85           -0.02            0.12
inaccuracy:  0.80000        0.85000           71.44           -0.03            0.11
inaccuracy:  0.85000        0.90000           71.21           -0.02            0.11
inaccuracy:  0.90000        0.95000           70.90           -0.02            0.12
inaccuracy:  0.95000        1.00000           71.88           -0.03            0.12
===================================================================================================================================
                BAR        
-----------------------------------------------------------------------------------------------------------------------------------
BAR-estimator:         λ             λ+δλ          ΔΔA             ΔA            C               Δδe            δe       
                          
-----------------------------------------------------------------------------------------------------------------------------------
BAR-estimator:      0.00000        0.05000        1.9034         1.9034         1.9034         0.0125         0.0125 
BAR-estimator:      0.05000        0.10000        1.1427         3.0461         1.1427         0.0131         0.0181 
BAR-estimator:      0.10000        0.15000        0.6748         3.7209         0.6748         0.0088         0.0201 
BAR-estimator:      0.15000        0.20000        0.3790         4.0998         0.3790         0.0072         0.0214 
BAR-estimator:      0.20000        0.25000        0.2254         4.3252         0.2254         0.0058         0.0221 
BAR-estimator:      0.25000        0.30000        0.1236         4.4488         0.1236         0.0048         0.0227 
BAR-estimator:      0.30000        0.35000        0.0653         4.5141         0.0653         0.0047         0.0231 
BAR-estimator:      0.35000        0.40000        0.0249         4.5390         0.0249         0.0042         0.0235 
BAR-estimator:      0.40000        0.45000       -0.0115         4.5275        -0.0115         0.0037         0.0238 
BAR-estimator:      0.45000        0.50000       -0.0409         4.4866        -0.0409         0.0037         0.0241 
BAR-estimator:      0.50000        0.55000       -0.0517         4.4348        -0.0517         0.0035         0.0243 
BAR-estimator:      0.55000        0.60000       -0.0773         4.3576        -0.0773         0.0035         0.0246 
BAR-estimator:      0.60000        0.65000       -0.0877         4.2698        -0.0877         0.0036         0.0249 
BAR-estimator:      0.65000        0.70000       -0.1062         4.1636        -0.1062         0.0029         0.0250 
BAR-estimator:      0.70000        0.75000       -0.1007         4.0629        -0.1007         0.0035         0.0253 
BAR-estimator:      0.75000        0.80000       -0.1231         3.9398        -0.1231         0.0034         0.0255 
BAR-estimator:      0.80000        0.85000       -0.1279         3.8118        -0.1279         0.0035         0.0257 
BAR-estimator:      0.85000        0.90000       -0.1398         3.6721        -0.1398         0.0035         0.0260 
BAR-estimator:      0.90000        0.95000       -0.1468         3.5253        -0.1468         0.0034         0.0262 
BAR-estimator:      0.95000        1.00000       -0.1524         3.3729        -0.1524         0.0037         0.0265 
BAR-estimator: total free energy change is 3.3728512910344373 , total error is 0.02645069988344244
