#========================================================================================
#                     Free energy perturbation    
#----------------------------------------------------------------------------------------
#forward/backward          λ              ΔΔA                 ΔA                  δε   
#                                                 
#----------------------------------------------------------------------------------------
forward:               0.0000              0.0000              0.0000              0.0000  
forward:               0.0500              1.0339              1.0339              0.0111  
forward:               0.1000              0.6650              1.6989              0.0155  
forward:               0.1500              0.4079              2.1068              0.0176  
forward:               0.2000              0.2626              2.3694              0.0188  
forward:               0.2500              0.1604              2.5298              0.0199  
forward:               0.3000              0.1052              2.6350              0.0204  
forward:               0.3500              0.0633              2.6984              0.0210  
forward:               0.4000              0.0221              2.7205              0.0215  
forward:               0.4500              0.0072              2.7277              0.0218  
forward:               0.5000             -0.0246              2.7031              0.0221  
forward:               0.5500             -0.1271              2.5760              0.0227  
forward:               0.6000             -0.3196              2.2564              0.0235  
forward:               0.6500             -0.4772              1.7791              0.0239  
forward:               0.7000             -0.6087              1.1704              0.0244  
forward:               0.7500             -0.7034              0.4670              0.0249  
forward:               0.8000             -0.7511             -0.2841              0.0252  
forward:               0.8500             -0.7711             -1.0552              0.0255  
forward:               0.9000             -0.7876             -1.8428              0.0259  
forward:               0.9500             -0.7870             -2.6298              0.0261  
forward:               1.0000             -0.7723             -3.4021              0.0263  
backward:              1.0000              0.0000             -3.4021              0.0000  
backward:              0.9500              0.7607             -2.6414              0.0055  
backward:              0.9000              0.7737             -1.8677              0.0076  
backward:              0.8500              0.7830             -1.0847              0.0091  
backward:              0.8000              0.7721             -0.3126              0.0109  
backward:              0.7500              0.7500              0.4374              0.0134  
backward:              0.7000              0.6945              1.1319              0.0148  
backward:              0.6500              0.6125              1.7444              0.0161  
backward:              0.6000              0.4824              2.2267              0.0170  
backward:              0.5500              0.3246              2.5514              0.0178  
backward:              0.5000              0.1371              2.6884              0.0189  
backward:              0.4500              0.0174              2.7059              0.0196  
backward:              0.4000              0.0004              2.7063              0.0202  
backward:              0.3500             -0.0326              2.6736              0.0209  
backward:              0.3000             -0.0543              2.6194              0.0218  
backward:              0.2500             -0.1022              2.5172              0.0228  
backward:              0.2000             -0.1683              2.3488              0.0241  
backward:              0.1500             -0.2590              2.0899              0.0255  
backward:              0.1000             -0.4280              1.6619              0.0281  
backward:              0.0500             -0.6202              1.0417              0.0309  
backward:              0.0000             -1.0006              0.0411              0.0364  
Inaccuracy estimation
======================================================================================================
                   i        i+δi          P0_overlap_P1   δε(forward)/ε   δε(backward)/ε
======================================================================================================
inaccuracy:  0.00000        0.05000           46.63           -0.03            0.97
inaccuracy:  0.05000        0.10000           53.24           -0.03            0.63
inaccuracy:  0.10000        0.15000           62.28           -0.01            0.38
inaccuracy:  0.15000        0.20000           65.81           -0.01            0.26
inaccuracy:  0.20000        0.25000           70.03           -0.01            0.19
inaccuracy:  0.25000        0.30000           71.87           -0.01            0.15
inaccuracy:  0.30000        0.35000           72.09           -0.01            0.13
inaccuracy:  0.35000        0.40000           75.60           -0.01            0.11
inaccuracy:  0.40000        0.45000           74.32           -0.01            0.11
inaccuracy:  0.45000        0.50000           75.82           -0.01            0.10
inaccuracy:  0.50000        0.55000           67.13           -0.07            0.14
inaccuracy:  0.55000        0.60000           68.52           -0.08            0.10
inaccuracy:  0.60000        0.65000           68.55           -0.08            0.08
inaccuracy:  0.65000        0.70000           68.18           -0.08            0.07
inaccuracy:  0.70000        0.75000           69.98           -0.09            0.06
inaccuracy:  0.75000        0.80000           68.72           -0.08            0.06
inaccuracy:  0.80000        0.85000           68.93           -0.08            0.06
inaccuracy:  0.85000        0.90000           69.71           -0.08            0.06
inaccuracy:  0.90000        0.95000           69.00           -0.07            0.07
inaccuracy:  0.95000        1.00000           68.49           -0.07            0.07
===================================================================================================================================
                BAR        
-----------------------------------------------------------------------------------------------------------------------------------
BAR-estimator:         λ             λ+δλ          ΔΔA             ΔA            C               Δδe            δe       
                          
-----------------------------------------------------------------------------------------------------------------------------------
BAR-estimator:      0.00000        0.05000        1.0317         1.0317         1.0317         0.0065         0.0065 
BAR-estimator:      0.05000        0.10000        0.6554         1.6870         0.6554         0.0065         0.0093 
BAR-estimator:      0.10000        0.15000        0.4181         2.1052         0.4181         0.0055         0.0108 
BAR-estimator:      0.15000        0.20000        0.2609         2.3661         0.2609         0.0045         0.0117 
BAR-estimator:      0.20000        0.25000        0.1635         2.5295         0.1635         0.0042         0.0124 
BAR-estimator:      0.25000        0.30000        0.1044         2.6339         0.1044         0.0032         0.0128 
BAR-estimator:      0.30000        0.35000        0.0600         2.6939         0.0600         0.0036         0.0133 
BAR-estimator:      0.35000        0.40000        0.0253         2.7192         0.0253         0.0031         0.0136 
BAR-estimator:      0.40000        0.45000        0.0035         2.7227         0.0035         0.0024         0.0139 
BAR-estimator:      0.45000        0.50000       -0.0230         2.6997        -0.0230         0.0026         0.0141 
BAR-estimator:      0.50000        0.55000       -0.1330         2.5667        -0.1330         0.0031         0.0144 
BAR-estimator:      0.55000        0.60000       -0.3203         2.2465        -0.3203         0.0035         0.0149 
BAR-estimator:      0.60000        0.65000       -0.4807         1.7657        -0.4807         0.0032         0.0152 
BAR-estimator:      0.65000        0.70000       -0.6115         1.1542        -0.6115         0.0034         0.0156 
BAR-estimator:      0.70000        0.75000       -0.7022         0.4520        -0.7022         0.0034         0.0159 
BAR-estimator:      0.75000        0.80000       -0.7533        -0.3013        -0.7533         0.0032         0.0163 
BAR-estimator:      0.80000        0.85000       -0.7727        -1.0741        -0.7727         0.0033         0.0166 
BAR-estimator:      0.85000        0.90000       -0.7856        -1.8597        -0.7856         0.0033         0.0169 
BAR-estimator:      0.90000        0.95000       -0.7798        -2.6394        -0.7798         0.0031         0.0172 
BAR-estimator:      0.95000        1.00000       -0.7710        -3.4105        -0.7710         0.0032         0.0175 
BAR-estimator: total free energy change is -3.410470837801048 , total error is 0.017502950127254415
