#========================================================================================
#                     Free energy perturbation    
#----------------------------------------------------------------------------------------
#forward/backward          λ              ΔΔA                 ΔA                  δε   
#                                                 
#----------------------------------------------------------------------------------------
forward:               0.0000              0.0000              0.0000              0.0000  
forward:               0.0500              1.4376              1.4376              0.0173  
forward:               0.1000              0.9386              2.3762              0.0221  
forward:               0.1500              0.5609              2.9371              0.0245  
forward:               0.2000              0.3471              3.2842              0.0263  
forward:               0.2500              0.2308              3.5149              0.0273  
forward:               0.3000              0.1310              3.6459              0.0281  
forward:               0.3500              0.0861              3.7319              0.0287  
forward:               0.4000              0.0564              3.7883              0.0292  
forward:               0.4500              0.0227              3.8110              0.0296  
forward:               0.5000             -0.0083              3.8027              0.0300  
forward:               0.5500             -0.0556              3.7471              0.0304  
forward:               0.6000             -0.1544              3.5927              0.0307  
forward:               0.6500             -0.2427              3.3499              0.0312  
forward:               0.7000             -0.3201              3.0298              0.0316  
forward:               0.7500             -0.3777              2.6521              0.0321  
forward:               0.8000             -0.4273              2.2248              0.0324  
forward:               0.8500             -0.4449              1.7799              0.0328  
forward:               0.9000             -0.4571              1.3228              0.0331  
forward:               0.9500             -0.4537              0.8690              0.0334  
forward:               1.0000             -0.4436              0.4254              0.0337  
backward:              1.0000              0.0000              0.4254              0.0000  
backward:              0.9500              0.4444              0.8698              0.0081  
backward:              0.9000              0.4336              1.3035              0.0105  
backward:              0.8500              0.4555              1.7590              0.0119  
backward:              0.8000              0.4396              2.1986              0.0133  
backward:              0.7500              0.4227              2.6213              0.0150  
backward:              0.7000              0.3869              3.0082              0.0161  
backward:              0.6500              0.3258              3.3340              0.0174  
backward:              0.6000              0.2398              3.5739              0.0184  
backward:              0.5500              0.1400              3.7139              0.0194  
backward:              0.5000              0.0583              3.7721              0.0203  
backward:              0.4500             -0.0032              3.7690              0.0215  
backward:              0.4000             -0.0255              3.7435              0.0225  
backward:              0.3500             -0.0359              3.7076              0.0233  
backward:              0.3000             -0.0872              3.6204              0.0245  
backward:              0.2500             -0.1350              3.4854              0.0258  
backward:              0.2000             -0.2275              3.2578              0.0275  
backward:              0.1500             -0.3596              2.8983              0.0302  
backward:              0.1000             -0.5787              2.3195              0.0561  
backward:              0.0500             -0.9324              1.3872              0.0802  
backward:              0.0000             -1.4787             -0.0916              0.0909  
Inaccuracy estimation
======================================================================================================
                   i        i+δi          P0_overlap_P1   δε(forward)/ε   δε(backward)/ε
======================================================================================================
inaccuracy:  0.00000        0.05000           39.75           -0.03            1.47
inaccuracy:  0.05000        0.10000           47.42           -0.04            0.99
inaccuracy:  0.10000        0.15000           54.97           -0.03            0.57
inaccuracy:  0.15000        0.20000           62.19           -0.02            0.36
inaccuracy:  0.20000        0.25000           64.87           -0.02            0.27
inaccuracy:  0.25000        0.30000           68.22           -0.01            0.20
inaccuracy:  0.30000        0.35000           69.97           -0.02            0.17
inaccuracy:  0.35000        0.40000           68.87           -0.01            0.16
inaccuracy:  0.40000        0.45000           71.32           -0.02            0.14
inaccuracy:  0.45000        0.50000           72.37           -0.02            0.12
inaccuracy:  0.50000        0.55000           69.21           -0.05            0.14
inaccuracy:  0.55000        0.60000           69.59           -0.05            0.12
inaccuracy:  0.60000        0.65000           69.08           -0.06            0.11
inaccuracy:  0.65000        0.70000           68.36           -0.07            0.11
inaccuracy:  0.70000        0.75000           68.64           -0.05            0.10
inaccuracy:  0.75000        0.80000           69.14           -0.06            0.09
inaccuracy:  0.80000        0.85000           69.09           -0.05            0.09
inaccuracy:  0.85000        0.90000           69.00           -0.05            0.10
inaccuracy:  0.90000        0.95000           68.97           -0.04            0.09
inaccuracy:  0.95000        1.00000           68.08           -0.05            0.10
===================================================================================================================================
                BAR        
-----------------------------------------------------------------------------------------------------------------------------------
BAR-estimator:         λ             λ+δλ          ΔΔA             ΔA            C               Δδe            δe       
                          
-----------------------------------------------------------------------------------------------------------------------------------
BAR-estimator:      0.00000        0.05000        1.4451         1.4451         1.4451         0.0094         0.0094 
BAR-estimator:      0.05000        0.10000        0.9285         2.3736         0.9285         0.0084         0.0126 
BAR-estimator:      0.10000        0.15000        0.5534         2.9269         0.5534         0.0069         0.0144 
BAR-estimator:      0.15000        0.20000        0.3510         3.2780         0.3510         0.0061         0.0156 
BAR-estimator:      0.20000        0.25000        0.2310         3.5089         0.2310         0.0047         0.0163 
BAR-estimator:      0.25000        0.30000        0.1348         3.6438         0.1348         0.0043         0.0169 
BAR-estimator:      0.30000        0.35000        0.0863         3.7300         0.0863         0.0040         0.0173 
BAR-estimator:      0.35000        0.40000        0.0497         3.7798         0.0497         0.0039         0.0178 
BAR-estimator:      0.40000        0.45000        0.0230         3.8028         0.0230         0.0039         0.0182 
BAR-estimator:      0.45000        0.50000       -0.0051         3.7977        -0.0051         0.0034         0.0185 
BAR-estimator:      0.50000        0.55000       -0.0542         3.7434        -0.0542         0.0038         0.0189 
BAR-estimator:      0.55000        0.60000       -0.1497         3.5937        -0.1497         0.0034         0.0192 
BAR-estimator:      0.60000        0.65000       -0.2408         3.3529        -0.2408         0.0037         0.0195 
BAR-estimator:      0.65000        0.70000       -0.3252         3.0277        -0.3252         0.0036         0.0199 
BAR-estimator:      0.70000        0.75000       -0.3788         2.6489        -0.3788         0.0037         0.0202 
BAR-estimator:      0.75000        0.80000       -0.4275         2.2214        -0.4275         0.0034         0.0205 
BAR-estimator:      0.80000        0.85000       -0.4439         1.7776        -0.4439         0.0036         0.0208 
BAR-estimator:      0.85000        0.90000       -0.4548         1.3228        -0.4548         0.0029         0.0210 
BAR-estimator:      0.90000        0.95000       -0.4510         0.8717        -0.4510         0.0034         0.0213 
BAR-estimator:      0.95000        1.00000       -0.4471         0.4246        -0.4471         0.0035         0.0216 
BAR-estimator: total free energy change is 0.424593608656512 , total error is 0.021558219818889144
