#========================================================================================
#                     Free energy perturbation    
#----------------------------------------------------------------------------------------
#forward/backward          λ              ΔΔA                 ΔA                  δε   
#                                                 
#----------------------------------------------------------------------------------------
forward:               0.0000              0.0000              0.0000              0.0000  
forward:               0.0500              3.0952              3.0952              0.0572  
forward:               0.1000              1.6308              4.7261              0.0655  
forward:               0.1500              0.8216              5.5477              0.0681  
forward:               0.2000              0.3260              5.8737              0.0699  
forward:               0.2500              0.1025              5.9762              0.0705  
forward:               0.3000             -0.0475              5.9287              0.0709  
forward:               0.3500             -0.1331              5.7955              0.0712  
forward:               0.4000             -0.2070              5.5885              0.0715  
forward:               0.4500             -0.2575              5.3311              0.0717  
forward:               0.5000             -0.2947              5.0364              0.0719  
forward:               0.5500             -0.5245              4.5119              0.0725  
forward:               0.6000             -0.9076              3.6043              0.0728  
forward:               0.6500             -1.2117              2.3926              0.0731  
forward:               0.7000             -1.4574              0.9352              0.0735  
forward:               0.7500             -1.6398             -0.7046              0.0738  
forward:               0.8000             -1.7831             -2.4877              0.0741  
forward:               0.8500             -1.8742             -4.3620              0.0745  
forward:               0.9000             -1.9342             -6.2961              0.0747  
forward:               0.9500             -1.9713             -8.2675              0.0749  
forward:               1.0000             -1.9980            -10.2655              0.0751  
backward:              1.0000              0.0000            -10.2655              0.0000  
backward:              0.9500              2.0009             -8.2646              0.0075  
backward:              0.9000              1.9459             -6.3187              0.0151  
backward:              0.8500              1.9328             -4.3859              0.0175  
backward:              0.8000              1.8605             -2.5254              0.0206  
backward:              0.7500              1.7662             -0.7592              0.0223  
backward:              0.7000              1.6335              0.8743              0.0235  
backward:              0.6500              1.4572              2.3315              0.0246  
backward:              0.6000              1.2002              3.5317              0.0266  
backward:              0.5500              0.9080              4.4397              0.0278  
backward:              0.5000              0.5115              4.9512              0.0296  
backward:              0.4500              0.2957              5.2469              0.0303  
backward:              0.4000              0.2470              5.4939              0.0311  
backward:              0.3500              0.2219              5.7158              0.0320  
backward:              0.3000              0.1110              5.8268              0.0367  
backward:              0.2500              0.0557              5.8825              0.0377  
backward:              0.2000             -0.0841              5.7984              0.0400  
backward:              0.1500             -0.3419              5.4565              0.0450  
backward:              0.1000             -0.7991              4.6574              0.0520  
backward:              0.0500             -1.6030              3.0544              0.0631  
backward:              0.0000             -3.0813             -0.0269              0.1252  
Inaccuracy estimation
======================================================================================================
                   i        i+δi          P0_overlap_P1   δε(forward)/ε   δε(backward)/ε
======================================================================================================
inaccuracy:  0.00000        0.05000           19.09            0.23            4.93
inaccuracy:  0.05000        0.10000           31.56           -0.09            2.32
inaccuracy:  0.10000        0.15000           42.45           -0.07            1.10
inaccuracy:  0.15000        0.20000           52.46           -0.06            0.58
inaccuracy:  0.20000        0.25000           58.22           -0.05            0.37
inaccuracy:  0.25000        0.30000           62.50           -0.04            0.25
inaccuracy:  0.30000        0.35000           65.43           -0.05            0.19
inaccuracy:  0.35000        0.40000           65.31           -0.04            0.18
inaccuracy:  0.40000        0.45000           67.87           -0.03            0.14
inaccuracy:  0.45000        0.50000           68.54           -0.03            0.13
inaccuracy:  0.50000        0.55000           56.65           -0.18            0.21
inaccuracy:  0.55000        0.60000           58.87           -0.20            0.12
inaccuracy:  0.60000        0.65000           59.79           -0.20            0.06
inaccuracy:  0.65000        0.70000           60.08           -0.20            0.02
inaccuracy:  0.70000        0.75000           60.79           -0.24           -0.00
inaccuracy:  0.75000        0.80000           60.99           -0.21           -0.02
inaccuracy:  0.80000        0.85000           60.74           -0.23           -0.03
inaccuracy:  0.85000        0.90000           60.03           -0.28           -0.04
inaccuracy:  0.90000        0.95000           60.05           -0.23           -0.03
inaccuracy:  0.95000        1.00000           59.01           -0.24           -0.04
===================================================================================================================================
                BAR        
-----------------------------------------------------------------------------------------------------------------------------------
BAR-estimator:         λ             λ+δλ          ΔΔA             ΔA            C               Δδe            δe       
                          
-----------------------------------------------------------------------------------------------------------------------------------
BAR-estimator:      0.00000        0.05000        3.1132         3.1132         3.1132         0.0182         0.0182 
BAR-estimator:      0.05000        0.10000        1.6488         4.7620         1.6488         0.0150         0.0236 
BAR-estimator:      0.10000        0.15000        0.8191         5.5812         0.8191         0.0128         0.0268 
BAR-estimator:      0.15000        0.20000        0.3320         5.9132         0.3320         0.0091         0.0283 
BAR-estimator:      0.20000        0.25000        0.0986         6.0117         0.0986         0.0060         0.0290 
BAR-estimator:      0.25000        0.30000       -0.0481         5.9637        -0.0481         0.0053         0.0294 
BAR-estimator:      0.30000        0.35000       -0.1326         5.8311        -0.1326         0.0045         0.0298 
BAR-estimator:      0.35000        0.40000       -0.2103         5.6207        -0.2103         0.0042         0.0301 
BAR-estimator:      0.40000        0.45000       -0.2545         5.3662        -0.2545         0.0039         0.0303 
BAR-estimator:      0.45000        0.50000       -0.2920         5.0742        -0.2920         0.0039         0.0306 
BAR-estimator:      0.50000        0.55000       -0.5187         4.5555        -0.5187         0.0051         0.0310 
BAR-estimator:      0.55000        0.60000       -0.9039         3.6516        -0.9039         0.0044         0.0313 
BAR-estimator:      0.60000        0.65000       -1.2096         2.4420        -1.2096         0.0044         0.0316 
BAR-estimator:      0.65000        0.70000       -1.4535         0.9885        -1.4535         0.0047         0.0320 
BAR-estimator:      0.70000        0.75000       -1.6360        -0.6475        -1.6360         0.0044         0.0323 
BAR-estimator:      0.75000        0.80000       -1.7773        -2.4248        -1.7773         0.0052         0.0327 
BAR-estimator:      0.80000        0.85000       -1.8711        -4.2959        -1.8711         0.0050         0.0331 
BAR-estimator:      0.85000        0.90000       -1.9371        -6.2330        -1.9371         0.0053         0.0335 
BAR-estimator:      0.90000        0.95000       -1.9675        -8.2005        -1.9675         0.0042         0.0338 
BAR-estimator:      0.95000        1.00000       -1.9981       -10.1986        -1.9981         0.0043         0.0340 
BAR-estimator: total free energy change is -10.198634557863059 , total error is 0.034044045785908986
