#========================================================================================
#                     Free energy perturbation    
#----------------------------------------------------------------------------------------
#forward/backward          λ              ΔΔA                 ΔA                  δε   
#                                                 
#----------------------------------------------------------------------------------------
forward:               0.0000              0.0000              0.0000              0.0000  
forward:               0.0500              2.3018              2.3018              0.0374  
forward:               0.1000              1.3365              3.6383              0.0415  
forward:               0.1500              0.6686              4.3069              0.0448  
forward:               0.2000              0.3146              4.6215              0.0462  
forward:               0.2500              0.1476              4.7691              0.0466  
forward:               0.3000              0.0236              4.7927              0.0472  
forward:               0.3500             -0.0255              4.7672              0.0477  
forward:               0.4000             -0.0736              4.6936              0.0480  
forward:               0.4500             -0.1115              4.5821              0.0484  
forward:               0.5000             -0.1471              4.4350              0.0487  
forward:               0.5500             -0.3105              4.1245              0.0492  
forward:               0.6000             -0.6066              3.5179              0.0498  
forward:               0.6500             -0.8929              2.6249              0.0504  
forward:               0.7000             -1.1448              1.4801              0.0508  
forward:               0.7500             -1.3138              0.1663              0.0512  
forward:               0.8000             -1.4283             -1.2620              0.0518  
forward:               0.8500             -1.5041             -2.7661              0.0525  
forward:               0.9000             -1.5542             -4.3203              0.0527  
forward:               0.9500             -1.5800             -5.9003              0.0530  
forward:               1.0000             -1.6056             -7.5058              0.0534  
backward:              1.0000              0.0000             -7.5058              0.0000  
backward:              0.9500              1.5985             -5.9074              0.0096  
backward:              0.9000              1.5719             -4.3355              0.0127  
backward:              0.8500              1.5592             -2.7764              0.0153  
backward:              0.8000              1.4983             -1.2781              0.0169  
backward:              0.7500              1.4295              0.1514              0.0189  
backward:              0.7000              1.3202              1.4716              0.0204  
backward:              0.6500              1.1344              2.6060              0.0221  
backward:              0.6000              0.8884              3.4944              0.0246  
backward:              0.5500              0.6043              4.0987              0.0259  
backward:              0.5000              0.2929              4.3917              0.0271  
backward:              0.4500              0.1368              4.5285              0.0275  
backward:              0.4000              0.0954              4.6238              0.0293  
backward:              0.3500              0.0977              4.7215              0.0300  
backward:              0.3000              0.0134              4.7349              0.0313  
backward:              0.2500             -0.0532              4.6817              0.0339  
backward:              0.2000             -0.1733              4.5084              0.0368  
backward:              0.1500             -0.3004              4.2080              0.0403  
backward:              0.1000             -0.6642              3.5438              0.0458  
backward:              0.0500             -1.3312              2.2126              0.0616  
backward:              0.0000             -2.4214             -0.2088              0.0864  
Inaccuracy estimation
======================================================================================================
                   i        i+δi          P0_overlap_P1   δε(forward)/ε   δε(backward)/ε
======================================================================================================
inaccuracy:  0.00000        0.05000           29.09            0.05            2.72
inaccuracy:  0.05000        0.10000           36.11           -0.07            1.74
inaccuracy:  0.10000        0.15000           48.65           -0.04            0.89
inaccuracy:  0.15000        0.20000           56.97           -0.03            0.45
inaccuracy:  0.20000        0.25000           63.72           -0.04            0.29
inaccuracy:  0.25000        0.30000           66.68           -0.03            0.21
inaccuracy:  0.30000        0.35000           67.97           -0.03            0.18
inaccuracy:  0.35000        0.40000           67.36           -0.03            0.17
inaccuracy:  0.40000        0.45000           69.62           -0.02            0.14
inaccuracy:  0.45000        0.50000           70.59           -0.02            0.13
inaccuracy:  0.50000        0.55000           61.83           -0.13            0.18
inaccuracy:  0.55000        0.60000           61.10           -0.17            0.13
inaccuracy:  0.60000        0.65000           60.23           -0.19            0.09
inaccuracy:  0.65000        0.70000           61.66           -0.17            0.06
inaccuracy:  0.70000        0.75000           61.38           -0.19            0.03
inaccuracy:  0.75000        0.80000           61.71           -0.16            0.02
inaccuracy:  0.80000        0.85000           62.38           -0.19            0.02
inaccuracy:  0.85000        0.90000           61.10           -0.19            0.01
inaccuracy:  0.90000        0.95000           61.63           -0.18            0.01
inaccuracy:  0.95000        1.00000           60.65           -0.18            0.01
===================================================================================================================================
                BAR        
-----------------------------------------------------------------------------------------------------------------------------------
BAR-estimator:         λ             λ+δλ          ΔΔA             ΔA            C               Δδe            δe       
                          
-----------------------------------------------------------------------------------------------------------------------------------
BAR-estimator:      0.00000        0.05000        2.3200         2.3200         2.3200         0.0145         0.0145 
BAR-estimator:      0.05000        0.10000        1.3182         3.6382         1.3182         0.0118         0.0187 
BAR-estimator:      0.10000        0.15000        0.6698         4.3080         0.6698         0.0095         0.0210 
BAR-estimator:      0.15000        0.20000        0.3162         4.6242         0.3162         0.0076         0.0223 
BAR-estimator:      0.20000        0.25000        0.1535         4.7777         0.1535         0.0057         0.0230 
BAR-estimator:      0.25000        0.30000        0.0314         4.8091         0.0314         0.0030         0.0232 
BAR-estimator:      0.30000        0.35000       -0.0213         4.7878        -0.0213         0.0044         0.0236 
BAR-estimator:      0.35000        0.40000       -0.0808         4.7070        -0.0808         0.0039         0.0240 
BAR-estimator:      0.40000        0.45000       -0.1094         4.5976        -0.1094         0.0041         0.0243 
BAR-estimator:      0.45000        0.50000       -0.1447         4.4529        -0.1447         0.0037         0.0246 
BAR-estimator:      0.50000        0.55000       -0.2999         4.1530        -0.2999         0.0045         0.0250 
BAR-estimator:      0.55000        0.60000       -0.6080         3.5450        -0.6080         0.0048         0.0254 
BAR-estimator:      0.60000        0.65000       -0.8981         2.6469        -0.8981         0.0047         0.0259 
BAR-estimator:      0.65000        0.70000       -1.1413         1.5056        -1.1413         0.0045         0.0263 
BAR-estimator:      0.70000        0.75000       -1.3166         0.1890        -1.3166         0.0045         0.0266 
BAR-estimator:      0.75000        0.80000       -1.4299        -1.2408        -1.4299         0.0048         0.0271 
BAR-estimator:      0.80000        0.85000       -1.5026        -2.7435        -1.5026         0.0051         0.0276 
BAR-estimator:      0.85000        0.90000       -1.5609        -4.3044        -1.5609         0.0049         0.0280 
BAR-estimator:      0.90000        0.95000       -1.5803        -5.8847        -1.5803         0.0046         0.0284 
BAR-estimator:      0.95000        1.00000       -1.6045        -7.4892        -1.6045         0.0047         0.0287 
BAR-estimator: total free energy change is -7.489180913709184 , total error is 0.028743797752349202
