#========================================================================================
#                     Free energy perturbation    
#----------------------------------------------------------------------------------------
#forward/backward          λ              ΔΔA                 ΔA                  δε   
#                                                 
#----------------------------------------------------------------------------------------
forward:               0.0000              0.0000              0.0000              0.0000  
forward:               0.0500              3.2486              3.2486              0.0714  
forward:               0.1000              1.8455              5.0941              0.0811  
forward:               0.1500              0.8855              5.9796              0.0838  
forward:               0.2000              0.4165              6.3961              0.0848  
forward:               0.2500              0.1639              6.5601              0.0854  
forward:               0.3000              0.0042              6.5642              0.0858  
forward:               0.3500             -0.0801              6.4841              0.0860  
forward:               0.4000             -0.1514              6.3328              0.0863  
forward:               0.4500             -0.1965              6.1363              0.0865  
forward:               0.5000             -0.2473              5.8890              0.0866  
forward:               0.5500             -0.4834              5.4056              0.0871  
forward:               0.6000             -0.9035              4.5021              0.0875  
forward:               0.6500             -1.2797              3.2224              0.0884  
forward:               0.7000             -1.5812              1.6412              0.0894  
forward:               0.7500             -1.7546             -0.1135              0.0898  
forward:               0.8000             -1.7767             -1.8902              0.0901  
forward:               0.8500             -1.7849             -3.6751              0.0904  
forward:               0.9000             -1.7462             -5.4213              0.0907  
forward:               0.9500             -1.7006             -7.1219              0.0909  
forward:               1.0000             -1.6660             -8.7878              0.0911  
backward:              1.0000              0.0000             -8.7878              0.0000  
backward:              0.9500              1.6447             -7.1432              0.0090  
backward:              0.9000              1.7028             -5.4404              0.0132  
backward:              0.8500              1.7248             -3.7156              0.0173  
backward:              0.8000              1.7764             -1.9391              0.0186  
backward:              0.7500              1.7752             -0.1639              0.0217  
backward:              0.7000              1.7264              1.5625              0.0247  
backward:              0.6500              1.5801              3.1426              0.0270  
backward:              0.6000              1.2625              4.4051              0.0299  
backward:              0.5500              0.8724              5.2775              0.0321  
backward:              0.5000              0.4953              5.7728              0.0341  
backward:              0.4500              0.2443              6.0171              0.0346  
backward:              0.4000              0.1930              6.2101              0.0355  
backward:              0.3500              0.1553              6.3654              0.0364  
backward:              0.3000              0.0738              6.4391              0.0375  
backward:              0.2500             -0.0309              6.4082              0.0402  
backward:              0.2000             -0.1207              6.2875              0.0418  
backward:              0.1500             -0.3950              5.8926              0.0453  
backward:              0.1000             -0.8481              5.0444              0.0540  
backward:              0.0500             -1.8515              3.1929              0.0730  
backward:              0.0000             -3.3111             -0.1182              0.1071  
Inaccuracy estimation
======================================================================================================
                   i        i+δi          P0_overlap_P1   δε(forward)/ε   δε(backward)/ε
======================================================================================================
inaccuracy:  0.00000        0.05000           19.11            0.33            4.74
inaccuracy:  0.05000        0.10000           28.84           -0.08            2.79
inaccuracy:  0.10000        0.15000           41.37           -0.09            1.30
inaccuracy:  0.15000        0.20000           50.59           -0.06            0.65
inaccuracy:  0.20000        0.25000           56.76           -0.06            0.40
inaccuracy:  0.25000        0.30000           62.20           -0.05            0.27
inaccuracy:  0.30000        0.35000           64.69           -0.04            0.21
inaccuracy:  0.35000        0.40000           65.45           -0.04            0.18
inaccuracy:  0.40000        0.45000           66.51           -0.04            0.15
inaccuracy:  0.45000        0.50000           68.27           -0.04            0.14
inaccuracy:  0.50000        0.55000           55.48           -0.19            0.25
inaccuracy:  0.55000        0.60000           57.84           -0.25            0.12
inaccuracy:  0.60000        0.65000           56.28           -0.30            0.07
inaccuracy:  0.65000        0.70000           56.52           -0.27            0.02
inaccuracy:  0.70000        0.75000           58.40           -0.28           -0.00
inaccuracy:  0.75000        0.80000           57.67           -0.29           -0.00
inaccuracy:  0.80000        0.85000           57.74           -0.26            0.00
inaccuracy:  0.85000        0.90000           57.04           -0.23            0.02
inaccuracy:  0.90000        0.95000           56.37           -0.23            0.02
inaccuracy:  0.95000        1.00000           56.09           -0.24            0.03
===================================================================================================================================
                BAR        
-----------------------------------------------------------------------------------------------------------------------------------
BAR-estimator:         λ             λ+δλ          ΔΔA             ΔA            C               Δδe            δe       
                          
-----------------------------------------------------------------------------------------------------------------------------------
BAR-estimator:      0.00000        0.05000        3.3736         3.3736         3.3736         0.0175         0.0175 
BAR-estimator:      0.05000        0.10000        1.8789         5.2525         1.8789         0.0156         0.0234 
BAR-estimator:      0.10000        0.15000        0.8877         6.1403         0.8877         0.0120         0.0263 
BAR-estimator:      0.15000        0.20000        0.4097         6.5500         0.4097         0.0081         0.0275 
BAR-estimator:      0.20000        0.25000        0.1528         6.7028         0.1528         0.0068         0.0284 
BAR-estimator:      0.25000        0.30000        0.0065         6.7094         0.0065         0.0058         0.0290 
BAR-estimator:      0.30000        0.35000       -0.0772         6.6321        -0.0772         0.0053         0.0294 
BAR-estimator:      0.35000        0.40000       -0.1528         6.4794        -0.1528         0.0050         0.0299 
BAR-estimator:      0.40000        0.45000       -0.1981         6.2813        -0.1981         0.0043         0.0302 
BAR-estimator:      0.45000        0.50000       -0.2453         6.0360        -0.2453         0.0034         0.0304 
BAR-estimator:      0.50000        0.55000       -0.4864         5.5496        -0.4864         0.0049         0.0307 
BAR-estimator:      0.55000        0.60000       -0.8914         4.6582        -0.8914         0.0049         0.0311 
BAR-estimator:      0.60000        0.65000       -1.2657         3.3925        -1.2657         0.0086         0.0323 
BAR-estimator:      0.65000        0.70000       -1.5691         1.8234        -1.5691         0.0068         0.0330 
BAR-estimator:      0.70000        0.75000       -1.7391         0.0842        -1.7391         0.0054         0.0335 
BAR-estimator:      0.75000        0.80000       -1.7844        -1.7002        -1.7844         0.0061         0.0340 
BAR-estimator:      0.80000        0.85000       -1.7771        -3.4773        -1.7771         0.0058         0.0345 
BAR-estimator:      0.85000        0.90000       -1.7401        -5.2174        -1.7401         0.0055         0.0349 
BAR-estimator:      0.90000        0.95000       -1.6957        -6.9131        -1.6957         0.0057         0.0354 
BAR-estimator:      0.95000        1.00000       -1.6562        -8.5693        -1.6562         0.0048         0.0357 
BAR-estimator: total free energy change is -8.56926667299173 , total error is 0.0357360402430465
