#========================================================================================
#                     Free energy perturbation    
#----------------------------------------------------------------------------------------
#forward/backward          λ              ΔΔA                 ΔA                  δε   
#                                                 
#----------------------------------------------------------------------------------------
forward:               0.0000              0.0000              0.0000              0.0000  
forward:               0.0500              0.8557              0.8557              0.0137  
forward:               0.1000              0.5217              1.3774              0.0175  
forward:               0.1500              0.3423              1.7197              0.0195  
forward:               0.2000              0.2142              1.9339              0.0207  
forward:               0.2500              0.1291              2.0629              0.0215  
forward:               0.3000              0.0935              2.1564              0.0221  
forward:               0.3500              0.0502              2.2066              0.0225  
forward:               0.4000              0.0239              2.2306              0.0229  
forward:               0.4500              0.0164              2.2469              0.0233  
forward:               0.5000             -0.0144              2.2325              0.0237  
forward:               0.5500             -0.1794              2.0531              0.0246  
forward:               0.6000             -0.4929              1.5602              0.0260  
forward:               0.6500             -0.7734              0.7867              0.0273  
forward:               0.7000             -1.0258             -0.2390              0.0287  
forward:               0.7500             -1.1627             -1.4017              0.0301  
forward:               0.8000             -1.2624             -2.6641              0.0308  
forward:               0.8500             -1.2763             -3.9404              0.0312  
forward:               0.9000             -1.2850             -5.2253              0.0316  
forward:               0.9500             -1.2707             -6.4960              0.0320  
forward:               1.0000             -1.2466             -7.7427              0.0323  
backward:              1.0000              0.0000             -7.7427              0.0000  
backward:              0.9500              1.2430             -6.4996              0.0066  
backward:              0.9000              1.2625             -5.2371              0.0091  
backward:              0.8500              1.2785             -3.9586              0.0117  
backward:              0.8000              1.2805             -2.6780              0.0135  
backward:              0.7500              1.2525             -1.4255              0.0143  
backward:              0.7000              1.1762             -0.2493              0.0171  
backward:              0.6500              1.0105              0.7612              0.0191  
backward:              0.6000              0.7687              1.5299              0.0208  
backward:              0.5500              0.4789              2.0088              0.0225  
backward:              0.5000              0.1689              2.1777              0.0238  
backward:              0.4500              0.0161              2.1938              0.0243  
backward:              0.4000             -0.0060              2.1878              0.0248  
backward:              0.3500             -0.0298              2.1581              0.0253  
backward:              0.3000             -0.0552              2.1029              0.0261  
backward:              0.2500             -0.0841              2.0188              0.0268  
backward:              0.2000             -0.1439              1.8750              0.0278  
backward:              0.1500             -0.2004              1.6745              0.0292  
backward:              0.1000             -0.3432              1.3313              0.0309  
backward:              0.0500             -0.5309              0.8004              0.0344  
backward:              0.0000             -0.8635             -0.0630              0.0406  
Inaccuracy estimation
======================================================================================================
                   i        i+δi          P0_overlap_P1   δε(forward)/ε   δε(backward)/ε
======================================================================================================
inaccuracy:  0.00000        0.05000           50.32           -0.02            0.75
inaccuracy:  0.05000        0.10000           59.36           -0.02            0.48
inaccuracy:  0.10000        0.15000           64.95           -0.01            0.31
inaccuracy:  0.15000        0.20000           68.11           -0.01            0.22
inaccuracy:  0.20000        0.25000           73.54           -0.01            0.14
inaccuracy:  0.25000        0.30000           73.95           -0.01            0.14
inaccuracy:  0.30000        0.35000           76.11           -0.01            0.11
inaccuracy:  0.35000        0.40000           76.71           -0.01            0.10
inaccuracy:  0.40000        0.45000           75.78           -0.01            0.10
inaccuracy:  0.45000        0.50000           76.35           -0.01            0.09
inaccuracy:  0.50000        0.55000           65.24           -0.09            0.16
inaccuracy:  0.55000        0.60000           65.29           -0.12            0.10
inaccuracy:  0.60000        0.65000           64.63           -0.14            0.07
inaccuracy:  0.65000        0.70000           65.37           -0.14            0.04
inaccuracy:  0.70000        0.75000           64.38           -0.16            0.03
inaccuracy:  0.75000        0.80000           66.66           -0.15            0.02
inaccuracy:  0.80000        0.85000           65.64           -0.14            0.02
inaccuracy:  0.85000        0.90000           66.08           -0.13            0.03
inaccuracy:  0.90000        0.95000           65.00           -0.15            0.03
inaccuracy:  0.95000        1.00000           64.02           -0.14            0.04
===================================================================================================================================
                BAR        
-----------------------------------------------------------------------------------------------------------------------------------
BAR-estimator:         λ             λ+δλ          ΔΔA             ΔA            C               Δδe            δe       
                          
-----------------------------------------------------------------------------------------------------------------------------------
BAR-estimator:      0.00000        0.05000        0.8534         0.8534         0.8534         0.0095         0.0095 
BAR-estimator:      0.05000        0.10000        0.5242         1.3775         0.5242         0.0068         0.0117 
BAR-estimator:      0.10000        0.15000        0.3445         1.7220         0.3445         0.0058         0.0130 
BAR-estimator:      0.15000        0.20000        0.2101         1.9321         0.2101         0.0047         0.0138 
BAR-estimator:      0.20000        0.25000        0.1348         2.0669         0.1348         0.0038         0.0143 
BAR-estimator:      0.25000        0.30000        0.0931         2.1601         0.0931         0.0041         0.0149 
BAR-estimator:      0.30000        0.35000        0.0517         2.2118         0.0517         0.0028         0.0152 
BAR-estimator:      0.35000        0.40000        0.0259         2.2377         0.0259         0.0023         0.0153 
BAR-estimator:      0.40000        0.45000        0.0132         2.2509         0.0132         0.0032         0.0157 
BAR-estimator:      0.45000        0.50000       -0.0142         2.2367        -0.0142         0.0028         0.0159 
BAR-estimator:      0.50000        0.55000       -0.1776         2.0591        -0.1776         0.0042         0.0165 
BAR-estimator:      0.55000        0.60000       -0.4895         1.5697        -0.4895         0.0047         0.0171 
BAR-estimator:      0.60000        0.65000       -0.7692         0.8005        -0.7692         0.0046         0.0177 
BAR-estimator:      0.65000        0.70000       -1.0170        -0.2166        -1.0170         0.0055         0.0186 
BAR-estimator:      0.70000        0.75000       -1.1726        -1.3891        -1.1726         0.0055         0.0194 
BAR-estimator:      0.75000        0.80000       -1.2583        -2.6474        -1.2583         0.0046         0.0199 
BAR-estimator:      0.80000        0.85000       -1.2790        -3.9264        -1.2790         0.0043         0.0204 
BAR-estimator:      0.85000        0.90000       -1.2820        -5.2085        -1.2820         0.0039         0.0207 
BAR-estimator:      0.90000        0.95000       -1.2687        -6.4772        -1.2687         0.0043         0.0212 
BAR-estimator:      0.95000        1.00000       -1.2504        -7.7276        -1.2504         0.0042         0.0216 
BAR-estimator: total free energy change is -7.727629330426946 , total error is 0.021589788019086592
