#========================================================================================
#                     Free energy perturbation    
#----------------------------------------------------------------------------------------
#forward/backward          λ              ΔΔA                 ΔA                  δε   
#                                                 
#----------------------------------------------------------------------------------------
forward:               0.0000              0.0000              0.0000              0.0000  
forward:               0.0500              1.3125              1.3125              0.0151  
forward:               0.1000              0.8136              2.1261              0.0196  
forward:               0.1500              0.4719              2.5980              0.0222  
forward:               0.2000              0.2774              2.8754              0.0239  
forward:               0.2500              0.1707              3.0461              0.0248  
forward:               0.3000              0.1045              3.1506              0.0255  
forward:               0.3500              0.0556              3.2062              0.0260  
forward:               0.4000              0.0129              3.2190              0.0264  
forward:               0.4500             -0.0193              3.1997              0.0268  
forward:               0.5000             -0.0303              3.1694              0.0271  
forward:               0.5500             -0.1442              3.0252              0.0275  
forward:               0.6000             -0.3361              2.6891              0.0278  
forward:               0.6500             -0.4893              2.1999              0.0283  
forward:               0.7000             -0.6181              1.5817              0.0287  
forward:               0.7500             -0.7208              0.8610              0.0291  
forward:               0.8000             -0.7633              0.0977              0.0293  
forward:               0.8500             -0.7872             -0.6895              0.0296  
forward:               0.9000             -0.8015             -1.4911              0.0299  
forward:               0.9500             -0.7895             -2.2805              0.0301  
forward:               1.0000             -0.7842             -3.0647              0.0305  
backward:              1.0000              0.0000             -3.0647              0.0000  
backward:              0.9500              0.7757             -2.2890              0.0058  
backward:              0.9000              0.7858             -1.5032              0.0079  
backward:              0.8500              0.7803             -0.7229              0.0103  
backward:              0.8000              0.7703              0.0474              0.0163  
backward:              0.7500              0.7584              0.8058              0.0172  
backward:              0.7000              0.7033              1.5091              0.0181  
backward:              0.6500              0.6180              2.1271              0.0190  
backward:              0.6000              0.4934              2.6205              0.0201  
backward:              0.5500              0.3267              2.9472              0.0216  
backward:              0.5000              0.1480              3.0952              0.0225  
backward:              0.4500              0.0362              3.1315              0.0230  
backward:              0.4000              0.0196              3.1511              0.0236  
backward:              0.3500             -0.0052              3.1458              0.0241  
backward:              0.3000             -0.0448              3.1011              0.0249  
backward:              0.2500             -0.0928              3.0083              0.0260  
backward:              0.2000             -0.1757              2.8326              0.0276  
backward:              0.1500             -0.2865              2.5461              0.0298  
backward:              0.1000             -0.4559              2.0902              0.0337  
backward:              0.0500             -0.7980              1.2922              0.0387  
backward:              0.0000             -1.2732              0.0190              0.0468  
Inaccuracy estimation
======================================================================================================
                   i        i+δi          P0_overlap_P1   δε(forward)/ε   δε(backward)/ε
======================================================================================================
inaccuracy:  0.00000        0.05000           42.14           -0.04            1.26
inaccuracy:  0.05000        0.10000           50.05           -0.04            0.84
inaccuracy:  0.10000        0.15000           57.29           -0.02            0.47
inaccuracy:  0.15000        0.20000           64.22           -0.01            0.31
inaccuracy:  0.20000        0.25000           67.27           -0.01            0.22
inaccuracy:  0.25000        0.30000           68.60           -0.01            0.17
inaccuracy:  0.30000        0.35000           70.46           -0.01            0.15
inaccuracy:  0.35000        0.40000           72.41           -0.02            0.13
inaccuracy:  0.40000        0.45000           73.59           -0.01            0.11
inaccuracy:  0.45000        0.50000           73.48           -0.01            0.11
inaccuracy:  0.50000        0.55000           66.95           -0.08            0.15
inaccuracy:  0.55000        0.60000           68.42           -0.09            0.09
inaccuracy:  0.60000        0.65000           67.35           -0.08            0.09
inaccuracy:  0.65000        0.70000           68.58           -0.10            0.08
inaccuracy:  0.70000        0.75000           69.01           -0.08            0.06
inaccuracy:  0.75000        0.80000           68.79           -0.08            0.06
inaccuracy:  0.80000        0.85000           68.90           -0.07            0.06
inaccuracy:  0.85000        0.90000           69.43           -0.08            0.06
inaccuracy:  0.90000        0.95000           67.98           -0.07            0.07
inaccuracy:  0.95000        1.00000           67.53           -0.07            0.08
===================================================================================================================================
                BAR        
-----------------------------------------------------------------------------------------------------------------------------------
BAR-estimator:         λ             λ+δλ          ΔΔA             ΔA            C               Δδe            δe       
                          
-----------------------------------------------------------------------------------------------------------------------------------
BAR-estimator:      0.00000        0.05000        1.2948         1.2948         1.2948         0.0074         0.0074 
BAR-estimator:      0.05000        0.10000        0.8173         2.1121         0.8173         0.0075         0.0105 
BAR-estimator:      0.10000        0.15000        0.4631         2.5752         0.4631         0.0067         0.0125 
BAR-estimator:      0.15000        0.20000        0.2814         2.8566         0.2814         0.0058         0.0138 
BAR-estimator:      0.20000        0.25000        0.1692         3.0258         0.1692         0.0044         0.0144 
BAR-estimator:      0.25000        0.30000        0.0994         3.1252         0.0994         0.0042         0.0150 
BAR-estimator:      0.30000        0.35000        0.0511         3.1763         0.0511         0.0034         0.0154 
BAR-estimator:      0.35000        0.40000        0.0117         3.1880         0.0117         0.0031         0.0157 
BAR-estimator:      0.40000        0.45000       -0.0186         3.1693        -0.0186         0.0032         0.0160 
BAR-estimator:      0.45000        0.50000       -0.0320         3.1373        -0.0320         0.0030         0.0163 
BAR-estimator:      0.50000        0.55000       -0.1482         2.9891        -0.1482         0.0036         0.0167 
BAR-estimator:      0.55000        0.60000       -0.3362         2.6529        -0.3362         0.0032         0.0170 
BAR-estimator:      0.60000        0.65000       -0.4897         2.1632        -0.4897         0.0034         0.0174 
BAR-estimator:      0.65000        0.70000       -0.6172         1.5460        -0.6172         0.0035         0.0177 
BAR-estimator:      0.70000        0.75000       -0.7144         0.8316        -0.7144         0.0036         0.0181 
BAR-estimator:      0.75000        0.80000       -0.7611         0.0705        -0.7611         0.0033         0.0184 
BAR-estimator:      0.80000        0.85000       -0.7831        -0.7127        -0.7831         0.0033         0.0187 
BAR-estimator:      0.85000        0.90000       -0.7938        -1.5064        -0.7938         0.0036         0.0190 
BAR-estimator:      0.90000        0.95000       -0.7889        -2.2953        -0.7889         0.0037         0.0194 
BAR-estimator:      0.95000        1.00000       -0.7816        -3.0769        -0.7816         0.0034         0.0197 
BAR-estimator: total free energy change is -3.0769485434380677 , total error is 0.019661358601067158
