#========================================================================================
#                     Free energy perturbation    
#----------------------------------------------------------------------------------------
#forward/backward          λ              ΔΔA                 ΔA                  δε   
#                                                 
#----------------------------------------------------------------------------------------
forward:               0.0000              0.0000              0.0000              0.0000  
forward:               0.0500              1.6124              1.6124              0.0088  
forward:               0.1000              0.9982              2.6106              0.0173  
forward:               0.1500              0.5919              3.2025              0.0194  
forward:               0.2000              0.3658              3.5682              0.0212  
forward:               0.2500              0.2388              3.8070              0.0226  
forward:               0.3000              0.1288              3.9359              0.0236  
forward:               0.3500              0.0830              4.0189              0.0244  
forward:               0.4000              0.0456              4.0645              0.0250  
forward:               0.4500              0.0074              4.0719              0.0256  
forward:               0.5000             -0.0063              4.0656              0.0259  
forward:               0.5500             -0.0236              4.0420              0.0263  
forward:               0.6000             -0.0455              3.9965              0.0266  
forward:               0.6500             -0.0575              3.9390              0.0270  
forward:               0.7000             -0.0679              3.8711              0.0273  
forward:               0.7500             -0.0777              3.7934              0.0275  
forward:               0.8000             -0.0888              3.7047              0.0277  
forward:               0.8500             -0.0929              3.6117              0.0279  
forward:               0.9000             -0.1049              3.5068              0.0281  
forward:               0.9500             -0.1049              3.4019              0.0283  
forward:               1.0000             -0.1157              3.2863              0.0285  
backward:              1.0000              0.0000              3.2863              0.0000  
backward:              0.9500              0.1169              3.4031              0.0045  
backward:              0.9000              0.1094              3.5126              0.0065  
backward:              0.8500              0.1022              3.6148              0.0081  
backward:              0.8000              0.0870              3.7018              0.0095  
backward:              0.7500              0.0927              3.7945              0.0105  
backward:              0.7000              0.0797              3.8741              0.0117  
backward:              0.6500              0.0749              3.9490              0.0127  
backward:              0.6000              0.0600              4.0090              0.0137  
backward:              0.5500              0.0497              4.0587              0.0147  
backward:              0.5000              0.0260              4.0847              0.0156  
backward:              0.4500              0.0174              4.1021              0.0168  
backward:              0.4000             -0.0068              4.0953              0.0178  
backward:              0.3500             -0.0424              4.0529              0.0190  
backward:              0.3000             -0.0944              3.9585              0.0202  
backward:              0.2500             -0.1435              3.8150              0.0219  
backward:              0.2000             -0.2246              3.5904              0.0236  
backward:              0.1500             -0.3477              3.2427              0.0248  
backward:              0.1000             -0.6276              2.6152              0.0462  
backward:              0.0500             -1.0742              1.5410              0.0564  
backward:              0.0000             -1.5739             -0.0329              0.0608  
Inaccuracy estimation
======================================================================================================
                   i        i+δi          P0_overlap_P1   δε(forward)/ε   δε(backward)/ε
======================================================================================================
inaccuracy:  0.00000        0.05000           37.15           -0.03            1.72
inaccuracy:  0.05000        0.10000           47.28           -0.04            1.01
inaccuracy:  0.10000        0.15000           54.28           -0.03            0.63
inaccuracy:  0.15000        0.20000           59.67           -0.03            0.39
inaccuracy:  0.20000        0.25000           64.24           -0.03            0.28
inaccuracy:  0.25000        0.30000           68.84           -0.01            0.20
inaccuracy:  0.30000        0.35000           69.98           -0.02            0.18
inaccuracy:  0.35000        0.40000           69.54           -0.02            0.15
inaccuracy:  0.40000        0.45000           71.34           -0.02            0.14
inaccuracy:  0.45000        0.50000           70.34           -0.02            0.14
inaccuracy:  0.50000        0.55000           72.22           -0.02            0.13
inaccuracy:  0.55000        0.60000           72.29           -0.01            0.12
inaccuracy:  0.60000        0.65000           72.50           -0.02            0.12
inaccuracy:  0.65000        0.70000           72.20           -0.02            0.11
inaccuracy:  0.70000        0.75000           72.30           -0.02            0.11
inaccuracy:  0.75000        0.80000           72.49           -0.02            0.11
inaccuracy:  0.80000        0.85000           72.88           -0.02            0.10
inaccuracy:  0.85000        0.90000           72.96           -0.02            0.10
inaccuracy:  0.90000        0.95000           72.27           -0.02            0.11
inaccuracy:  0.95000        1.00000           73.04           -0.02            0.10
===================================================================================================================================
                BAR        
-----------------------------------------------------------------------------------------------------------------------------------
BAR-estimator:         λ             λ+δλ          ΔΔA             ΔA            C               Δδe            δe       
                          
-----------------------------------------------------------------------------------------------------------------------------------
BAR-estimator:      0.00000        0.05000        1.6281         1.6281         1.6281         0.0090         0.0090 
BAR-estimator:      0.05000        0.10000        1.0184         2.6465         1.0184         0.0085         0.0124 
BAR-estimator:      0.10000        0.15000        0.5972         3.2438         0.5972         0.0079         0.0147 
BAR-estimator:      0.15000        0.20000        0.3596         3.6034         0.3596         0.0055         0.0157 
BAR-estimator:      0.20000        0.25000        0.2341         3.8375         0.2341         0.0050         0.0165 
BAR-estimator:      0.25000        0.30000        0.1331         3.9706         0.1331         0.0042         0.0170 
BAR-estimator:      0.30000        0.35000        0.0883         4.0589         0.0883         0.0041         0.0175 
BAR-estimator:      0.35000        0.40000        0.0436         4.1025         0.0436         0.0035         0.0178 
BAR-estimator:      0.40000        0.45000        0.0072         4.1097         0.0072         0.0037         0.0182 
BAR-estimator:      0.45000        0.50000       -0.0100         4.0998        -0.0100         0.0026         0.0184 
BAR-estimator:      0.50000        0.55000       -0.0223         4.0775        -0.0223         0.0033         0.0187 
BAR-estimator:      0.55000        0.60000       -0.0454         4.0321        -0.0454         0.0036         0.0190 
BAR-estimator:      0.60000        0.65000       -0.0581         3.9740        -0.0581         0.0032         0.0193 
BAR-estimator:      0.65000        0.70000       -0.0715         3.9025        -0.0715         0.0030         0.0195 
BAR-estimator:      0.70000        0.75000       -0.0796         3.8229        -0.0796         0.0028         0.0197 
BAR-estimator:      0.75000        0.80000       -0.0877         3.7352        -0.0877         0.0030         0.0199 
BAR-estimator:      0.80000        0.85000       -0.0922         3.6430        -0.0922         0.0030         0.0202 
BAR-estimator:      0.85000        0.90000       -0.1045         3.5385        -0.1045         0.0028         0.0204 
BAR-estimator:      0.90000        0.95000       -0.1052         3.4333        -0.1052         0.0032         0.0206 
BAR-estimator:      0.95000        1.00000       -0.1170         3.3163        -0.1170         0.0029         0.0208 
BAR-estimator: total free energy change is 3.316347025137366 , total error is 0.02081915602115722
