#========================================================================================
#                     Free energy perturbation    
#----------------------------------------------------------------------------------------
#forward/backward          λ              ΔΔA                 ΔA                  δε   
#                                                 
#----------------------------------------------------------------------------------------
forward:               0.0000              0.0000              0.0000              0.0000  
forward:               0.0500              1.3833              1.3833              0.0203  
forward:               0.1000              0.8443              2.2275              0.0255  
forward:               0.1500              0.5148              2.7423              0.0277  
forward:               0.2000              0.3296              3.0718              0.0287  
forward:               0.2500              0.2171              3.2889              0.0295  
forward:               0.3000              0.1246              3.4135              0.0303  
forward:               0.3500              0.0894              3.5029              0.0309  
forward:               0.4000              0.0472              3.5501              0.0313  
forward:               0.4500              0.0215              3.5716              0.0318  
forward:               0.5000             -0.0040              3.5676              0.0321  
forward:               0.5500             -0.1226              3.4450              0.0326  
forward:               0.6000             -0.3039              3.1411              0.0329  
forward:               0.6500             -0.4828              2.6583              0.0335  
forward:               0.7000             -0.6031              2.0552              0.0339  
forward:               0.7500             -0.7072              1.3480              0.0343  
forward:               0.8000             -0.7921              0.5559              0.0347  
forward:               0.8500             -0.8266             -0.2707              0.0350  
forward:               0.9000             -0.8622             -1.1329              0.0354  
forward:               0.9500             -0.8851             -2.0180              0.0356  
forward:               1.0000             -0.8991             -2.9171              0.0359  
backward:              1.0000              0.0000             -2.9171              0.0000  
backward:              0.9500              0.9000             -2.0171              0.0056  
backward:              0.9000              0.8805             -1.1366              0.0078  
backward:              0.8500              0.8615             -0.2751              0.0096  
backward:              0.8000              0.8238              0.5487              0.0113  
backward:              0.7500              0.7749              1.3236              0.0128  
backward:              0.7000              0.6902              2.0138              0.0142  
backward:              0.6500              0.6125              2.6263              0.0155  
backward:              0.6000              0.4532              3.0795              0.0166  
backward:              0.5500              0.3030              3.3825              0.0178  
backward:              0.5000              0.1215              3.5040              0.0186  
backward:              0.4500             -0.0021              3.5019              0.0208  
backward:              0.4000             -0.0089              3.4930              0.0219  
backward:              0.3500             -0.0527              3.4403              0.0230  
backward:              0.3000             -0.0890              3.3513              0.0240  
backward:              0.2500             -0.1197              3.2316              0.0252  
backward:              0.2000             -0.2097              3.0219              0.0267  
backward:              0.1500             -0.3287              2.6932              0.0289  
backward:              0.1000             -0.5164              2.1768              0.0310  
backward:              0.0500             -0.9303              1.2465              0.0713  
backward:              0.0000             -1.3544             -0.1079              0.0765  
Inaccuracy estimation
======================================================================================================
                   i        i+δi          P0_overlap_P1   δε(forward)/ε   δε(backward)/ε
======================================================================================================
inaccuracy:  0.00000        0.05000           41.71           -0.03            1.36
inaccuracy:  0.05000        0.10000           50.61           -0.03            0.80
inaccuracy:  0.10000        0.15000           58.26           -0.02            0.50
inaccuracy:  0.15000        0.20000           63.04           -0.02            0.33
inaccuracy:  0.20000        0.25000           67.08           -0.02            0.23
inaccuracy:  0.25000        0.30000           69.80           -0.02            0.18
inaccuracy:  0.30000        0.35000           70.58           -0.02            0.16
inaccuracy:  0.35000        0.40000           71.98           -0.01            0.14
inaccuracy:  0.40000        0.45000           71.14           -0.02            0.14
inaccuracy:  0.45000        0.50000           73.24           -0.01            0.11
inaccuracy:  0.50000        0.55000           66.68           -0.06            0.14
inaccuracy:  0.55000        0.60000           67.54           -0.08            0.12
inaccuracy:  0.60000        0.65000           68.82           -0.07            0.09
inaccuracy:  0.65000        0.70000           67.13           -0.09            0.08
inaccuracy:  0.70000        0.75000           69.04           -0.08            0.07
inaccuracy:  0.75000        0.80000           69.12           -0.09            0.06
inaccuracy:  0.80000        0.85000           67.93           -0.09            0.06
inaccuracy:  0.85000        0.90000           68.00           -0.08            0.06
inaccuracy:  0.90000        0.95000           67.84           -0.09            0.06
inaccuracy:  0.95000        1.00000           67.45           -0.08            0.06
===================================================================================================================================
                BAR        
-----------------------------------------------------------------------------------------------------------------------------------
BAR-estimator:         λ             λ+δλ          ΔΔA             ΔA            C               Δδe            δe       
                          
-----------------------------------------------------------------------------------------------------------------------------------
BAR-estimator:      0.00000        0.05000        1.3781         1.3781         1.3781         0.0113         0.0113 
BAR-estimator:      0.05000        0.10000        0.8471         2.2252         0.8471         0.0083         0.0140 
BAR-estimator:      0.10000        0.15000        0.5262         2.7514         0.5262         0.0069         0.0156 
BAR-estimator:      0.15000        0.20000        0.3342         3.0856         0.3342         0.0048         0.0164 
BAR-estimator:      0.20000        0.25000        0.2145         3.3001         0.2145         0.0045         0.0170 
BAR-estimator:      0.25000        0.30000        0.1235         3.4236         0.1235         0.0047         0.0176 
BAR-estimator:      0.30000        0.35000        0.0888         3.5124         0.0888         0.0037         0.0180 
BAR-estimator:      0.35000        0.40000        0.0491         3.5615         0.0491         0.0039         0.0184 
BAR-estimator:      0.40000        0.45000        0.0154         3.5770         0.0154         0.0037         0.0188 
BAR-estimator:      0.45000        0.50000       -0.0038         3.5732        -0.0038         0.0032         0.0190 
BAR-estimator:      0.50000        0.55000       -0.1222         3.4510        -0.1222         0.0051         0.0197 
BAR-estimator:      0.55000        0.60000       -0.3065         3.1444        -0.3065         0.0042         0.0201 
BAR-estimator:      0.60000        0.65000       -0.4668         2.6776        -0.4668         0.0042         0.0206 
BAR-estimator:      0.65000        0.70000       -0.6079         2.0698        -0.6079         0.0038         0.0209 
BAR-estimator:      0.70000        0.75000       -0.6976         1.3721        -0.6976         0.0039         0.0213 
BAR-estimator:      0.75000        0.80000       -0.7856         0.5865        -0.7856         0.0038         0.0216 
BAR-estimator:      0.80000        0.85000       -0.8273        -0.2408        -0.8273         0.0041         0.0220 
BAR-estimator:      0.85000        0.90000       -0.8603        -1.1012        -0.8603         0.0038         0.0223 
BAR-estimator:      0.90000        0.95000       -0.8829        -1.9841        -0.8829         0.0044         0.0228 
BAR-estimator:      0.95000        1.00000       -0.8981        -2.8822        -0.8981         0.0039         0.0231 
BAR-estimator: total free energy change is -2.882226338785572 , total error is 0.023107006600193315
