#========================================================================================
#                     Free energy perturbation    
#----------------------------------------------------------------------------------------
#forward/backward          λ              ΔΔA                 ΔA                  δε   
#                                                 
#----------------------------------------------------------------------------------------
forward:               0.0000              0.0000              0.0000              0.0000  
forward:               0.0500              1.5351              1.5351              0.0186  
forward:               0.1000              0.9113              2.4463              0.0233  
forward:               0.1500              0.4687              2.9150              0.0258  
forward:               0.2000              0.2420              3.1570              0.0277  
forward:               0.2500              0.0859              3.2429              0.0285  
forward:               0.3000             -0.0314              3.2116              0.0295  
forward:               0.3500             -0.0987              3.1129              0.0300  
forward:               0.4000             -0.1449              2.9680              0.0301  
forward:               0.4500             -0.1820              2.7860              0.0305  
forward:               0.5000             -0.2172              2.5687              0.0308  
forward:               0.5500             -0.3286              2.2401              0.0312  
forward:               0.6000             -0.4729              1.7672              0.0316  
forward:               0.6500             -0.5828              1.1844              0.0319  
forward:               0.7000             -0.6677              0.5167              0.0322  
forward:               0.7500             -0.7362             -0.2195              0.0327  
forward:               0.8000             -0.7876             -1.0071              0.0330  
forward:               0.8500             -0.8278             -1.8349              0.0333  
forward:               0.9000             -0.8755             -2.7104              0.0340  
forward:               0.9500             -0.9062             -3.6166              0.0349  
forward:               1.0000             -0.9357             -4.5523              0.0353  
backward:              1.0000              0.0000             -4.5523              0.0000  
backward:              0.9500              0.9448             -3.6075              0.0069  
backward:              0.9000              0.9076             -2.6999              0.0087  
backward:              0.8500              0.8566             -1.8434              0.0102  
backward:              0.8000              0.8347             -1.0086              0.0121  
backward:              0.7500              0.7835             -0.2251              0.0134  
backward:              0.7000              0.7295              0.5043              0.0145  
backward:              0.6500              0.6643              1.1687              0.0155  
backward:              0.6000              0.5840              1.7527              0.0164  
backward:              0.5500              0.4718              2.2245              0.0171  
backward:              0.5000              0.3343              2.5589              0.0181  
backward:              0.4500              0.2112              2.7700              0.0189  
backward:              0.4000              0.1866              2.9566              0.0199  
backward:              0.3500              0.1404              3.0970              0.0211  
backward:              0.3000              0.0888              3.1858              0.0228  
backward:              0.2500              0.0231              3.2088              0.0243  
backward:              0.2000             -0.0995              3.1093              0.0265  
backward:              0.1500             -0.2103              2.8990              0.0290  
backward:              0.1000             -0.4797              2.4194              0.0356  
backward:              0.0500             -0.9047              1.5147              0.0441  
backward:              0.0000             -1.5407             -0.0260              0.0560  
Inaccuracy estimation
======================================================================================================
                   i        i+δi          P0_overlap_P1   δε(forward)/ε   δε(backward)/ε
======================================================================================================
inaccuracy:  0.00000        0.05000           36.80           -0.05            1.72
inaccuracy:  0.05000        0.10000           44.40           -0.05            1.14
inaccuracy:  0.10000        0.15000           53.32           -0.03            0.59
inaccuracy:  0.15000        0.20000           58.13           -0.03            0.37
inaccuracy:  0.20000        0.25000           63.45           -0.04            0.25
inaccuracy:  0.25000        0.30000           67.09           -0.03            0.19
inaccuracy:  0.30000        0.35000           69.29           -0.03            0.16
inaccuracy:  0.35000        0.40000           69.97           -0.02            0.14
inaccuracy:  0.40000        0.45000           70.79           -0.03            0.12
inaccuracy:  0.45000        0.50000           71.74           -0.03            0.10
inaccuracy:  0.50000        0.55000           66.44           -0.07            0.14
inaccuracy:  0.55000        0.60000           68.79           -0.07            0.10
inaccuracy:  0.60000        0.65000           68.39           -0.08            0.08
inaccuracy:  0.65000        0.70000           68.58           -0.07            0.07
inaccuracy:  0.70000        0.75000           68.62           -0.07            0.06
inaccuracy:  0.75000        0.80000           68.15           -0.07            0.06
inaccuracy:  0.80000        0.85000           68.20           -0.09            0.06
inaccuracy:  0.85000        0.90000           69.45           -0.07            0.06
inaccuracy:  0.90000        0.95000           67.50           -0.09            0.05
inaccuracy:  0.95000        1.00000           66.99           -0.12            0.05
===================================================================================================================================
                BAR        
-----------------------------------------------------------------------------------------------------------------------------------
BAR-estimator:         λ             λ+δλ          ΔΔA             ΔA            C               Δδe            δe       
                          
-----------------------------------------------------------------------------------------------------------------------------------
BAR-estimator:      0.00000        0.05000        1.5335         1.5335         1.5335         0.0138         0.0138 
BAR-estimator:      0.05000        0.10000        0.9177         2.4512         0.9177         0.0099         0.0170 
BAR-estimator:      0.10000        0.15000        0.4741         2.9254         0.4741         0.0060         0.0180 
BAR-estimator:      0.15000        0.20000        0.2295         3.1549         0.2295         0.0063         0.0191 
BAR-estimator:      0.20000        0.25000        0.0849         3.2398         0.0849         0.0050         0.0197 
BAR-estimator:      0.25000        0.30000       -0.0275         3.2123        -0.0275         0.0043         0.0202 
BAR-estimator:      0.30000        0.35000       -0.0958         3.1165        -0.0958         0.0038         0.0205 
BAR-estimator:      0.35000        0.40000       -0.1430         2.9735        -0.1430         0.0024         0.0207 
BAR-estimator:      0.40000        0.45000       -0.1846         2.7889        -0.1846         0.0032         0.0209 
BAR-estimator:      0.45000        0.50000       -0.2144         2.5745        -0.2144         0.0031         0.0211 
BAR-estimator:      0.50000        0.55000       -0.3297         2.2448        -0.3297         0.0035         0.0214 
BAR-estimator:      0.55000        0.60000       -0.4693         1.7755        -0.4693         0.0034         0.0217 
BAR-estimator:      0.60000        0.65000       -0.5836         1.1919        -0.5836         0.0032         0.0219 
BAR-estimator:      0.65000        0.70000       -0.6680         0.5239        -0.6680         0.0035         0.0222 
BAR-estimator:      0.70000        0.75000       -0.7358        -0.2119        -0.7358         0.0035         0.0225 
BAR-estimator:      0.75000        0.80000       -0.7880        -1.0000        -0.7880         0.0035         0.0228 
BAR-estimator:      0.80000        0.85000       -0.8311        -1.8311        -0.8311         0.0036         0.0230 
BAR-estimator:      0.85000        0.90000       -0.8669        -2.6980        -0.8669         0.0045         0.0235 
BAR-estimator:      0.90000        0.95000       -0.9087        -3.6067        -0.9087         0.0047         0.0239 
BAR-estimator:      0.95000        1.00000       -0.9421        -4.5488        -0.9421         0.0038         0.0242 
BAR-estimator: total free energy change is -4.548815767195625 , total error is 0.024247241319297792
