#========================================================================================
#                     Free energy perturbation    
#----------------------------------------------------------------------------------------
#forward/backward          λ              ΔΔA                 ΔA                  δε   
#                                                 
#----------------------------------------------------------------------------------------
forward:               0.0000              0.0000              0.0000              0.0000  
forward:               0.0500              1.9052              1.9052              0.0283  
forward:               0.1000              1.0862              2.9914              0.0357  
forward:               0.1500              0.5726              3.5640              0.0380  
forward:               0.2000              0.3005              3.8645              0.0394  
forward:               0.2500              0.1604              4.0249              0.0401  
forward:               0.3000              0.0578              4.0826              0.0403  
forward:               0.3500              0.0126              4.0952              0.0406  
forward:               0.4000             -0.0231              4.0722              0.0410  
forward:               0.4500             -0.0506              4.0215              0.0414  
forward:               0.5000             -0.0763              3.9453              0.0417  
forward:               0.5500             -0.1243              3.8210              0.0421  
forward:               0.6000             -0.2338              3.5872              0.0425  
forward:               0.6500             -0.3134              3.2739              0.0428  
forward:               0.7000             -0.3997              2.8741              0.0432  
forward:               0.7500             -0.4648              2.4093              0.0435  
forward:               0.8000             -0.5234              1.8859              0.0438  
forward:               0.8500             -0.5725              1.3135              0.0441  
forward:               0.9000             -0.6176              0.6959              0.0445  
forward:               0.9500             -0.6389              0.0570              0.0447  
forward:               1.0000             -0.6443             -0.5873              0.0450  
backward:              1.0000              0.0000             -0.5873              0.0000  
backward:              0.9500              0.6454              0.0581              0.0053  
backward:              0.9000              0.6360              0.6942              0.0076  
backward:              0.8500              0.6054              1.2996              0.0096  
backward:              0.8000              0.5761              1.8757              0.0115  
backward:              0.7500              0.5299              2.4056              0.0130  
backward:              0.7000              0.4607              2.8663              0.0149  
backward:              0.6500              0.4010              3.2673              0.0162  
backward:              0.6000              0.3204              3.5877              0.0172  
backward:              0.5500              0.2269              3.8146              0.0179  
backward:              0.5000              0.1208              3.9355              0.0190  
backward:              0.4500              0.0795              4.0149              0.0200  
backward:              0.4000              0.0382              4.0531              0.0225  
backward:              0.3500              0.0151              4.0682              0.0235  
backward:              0.3000             -0.0177              4.0506              0.0245  
backward:              0.2500             -0.0645              3.9860              0.0259  
backward:              0.2000             -0.1548              3.8312              0.0276  
backward:              0.1500             -0.2829              3.5483              0.0297  
backward:              0.1000             -0.5606              2.9877              0.0351  
backward:              0.0500             -1.0331              1.9546              0.0421  
backward:              0.0000             -1.9156              0.0390              0.0562  
Inaccuracy estimation
======================================================================================================
                   i        i+δi          P0_overlap_P1   δε(forward)/ε   δε(backward)/ε
======================================================================================================
inaccuracy:  0.00000        0.05000           33.33           -0.01            2.04
inaccuracy:  0.05000        0.10000           42.02           -0.04            1.35
inaccuracy:  0.10000        0.15000           53.31           -0.03            0.65
inaccuracy:  0.15000        0.20000           60.85           -0.02            0.39
inaccuracy:  0.20000        0.25000           65.84           -0.02            0.24
inaccuracy:  0.25000        0.30000           69.27           -0.02            0.19
inaccuracy:  0.30000        0.35000           71.37           -0.02            0.15
inaccuracy:  0.35000        0.40000           71.58           -0.02            0.13
inaccuracy:  0.40000        0.45000           72.17           -0.01            0.12
inaccuracy:  0.45000        0.50000           72.29           -0.01            0.12
inaccuracy:  0.50000        0.55000           69.53           -0.05            0.13
inaccuracy:  0.55000        0.60000           69.88           -0.04            0.11
inaccuracy:  0.60000        0.65000           69.48           -0.05            0.10
inaccuracy:  0.65000        0.70000           70.52           -0.06            0.09
inaccuracy:  0.70000        0.75000           71.18           -0.06            0.07
inaccuracy:  0.75000        0.80000           69.50           -0.05            0.07
inaccuracy:  0.80000        0.85000           70.47           -0.05            0.07
inaccuracy:  0.85000        0.90000           71.15           -0.05            0.07
inaccuracy:  0.90000        0.95000           70.55           -0.06            0.07
inaccuracy:  0.95000        1.00000           70.32           -0.05            0.06
===================================================================================================================================
                BAR        
-----------------------------------------------------------------------------------------------------------------------------------
BAR-estimator:         λ             λ+δλ          ΔΔA             ΔA            C               Δδe            δe       
                          
-----------------------------------------------------------------------------------------------------------------------------------
BAR-estimator:      0.00000        0.05000        1.9277         1.9277         1.9277         0.0140         0.0140 
BAR-estimator:      0.05000        0.10000        1.1017         3.0293         1.1017         0.0121         0.0184 
BAR-estimator:      0.10000        0.15000        0.5696         3.5990         0.5696         0.0081         0.0201 
BAR-estimator:      0.15000        0.20000        0.3025         3.9015         0.3025         0.0069         0.0213 
BAR-estimator:      0.20000        0.25000        0.1585         4.0600         0.1585         0.0038         0.0216 
BAR-estimator:      0.25000        0.30000        0.0637         4.1237         0.0637         0.0037         0.0219 
BAR-estimator:      0.30000        0.35000        0.0143         4.1380         0.0143         0.0039         0.0223 
BAR-estimator:      0.35000        0.40000       -0.0219         4.1161        -0.0219         0.0043         0.0227 
BAR-estimator:      0.40000        0.45000       -0.0516         4.0645        -0.0516         0.0038         0.0230 
BAR-estimator:      0.45000        0.50000       -0.0788         3.9857        -0.0788         0.0036         0.0233 
BAR-estimator:      0.50000        0.55000       -0.1234         3.8623        -0.1234         0.0037         0.0236 
BAR-estimator:      0.55000        0.60000       -0.2325         3.6298        -0.2325         0.0038         0.0239 
BAR-estimator:      0.60000        0.65000       -0.3153         3.3145        -0.3153         0.0038         0.0242 
BAR-estimator:      0.65000        0.70000       -0.3995         2.9149        -0.3995         0.0040         0.0245 
BAR-estimator:      0.70000        0.75000       -0.4659         2.4490        -0.4659         0.0037         0.0248 
BAR-estimator:      0.75000        0.80000       -0.5271         1.9220        -0.5271         0.0038         0.0251 
BAR-estimator:      0.80000        0.85000       -0.5734         1.3485        -0.5734         0.0036         0.0253 
BAR-estimator:      0.85000        0.90000       -0.6134         0.7352        -0.6134         0.0040         0.0257 
BAR-estimator:      0.90000        0.95000       -0.6381         0.0970        -0.6381         0.0041         0.0260 
BAR-estimator:      0.95000        1.00000       -0.6450        -0.5480        -0.6450         0.0037         0.0263 
BAR-estimator: total free energy change is -0.5480039186392632 , total error is 0.0262558268430982
