#========================================================================================
#                     Free energy perturbation    
#----------------------------------------------------------------------------------------
#forward/backward          λ              ΔΔA                 ΔA                  δε   
#                                                 
#----------------------------------------------------------------------------------------
forward:               0.0000              0.0000              0.0000              0.0000  
forward:               0.0500              1.8591              1.8591              0.0200  
forward:               0.1000              1.0535              2.9126              0.0247  
forward:               0.1500              0.5674              3.4800              0.0268  
forward:               0.2000              0.3124              3.7924              0.0283  
forward:               0.2500              0.1884              3.9807              0.0293  
forward:               0.3000              0.0888              4.0695              0.0301  
forward:               0.3500              0.0134              4.0829              0.0307  
forward:               0.4000             -0.0187              4.0642              0.0315  
forward:               0.4500             -0.0604              4.0037              0.0318  
forward:               0.5000             -0.0848              3.9189              0.0322  
forward:               0.5500             -0.1239              3.7950              0.0325  
forward:               0.6000             -0.1670              3.6280              0.0328  
forward:               0.6500             -0.2111              3.4169              0.0331  
forward:               0.7000             -0.2330              3.1839              0.0333  
forward:               0.7500             -0.2611              2.9228              0.0336  
forward:               0.8000             -0.2829              2.6399              0.0338  
forward:               0.8500             -0.2889              2.3510              0.0340  
forward:               0.9000             -0.3076              2.0434              0.0342  
forward:               0.9500             -0.3193              1.7241              0.0345  
forward:               1.0000             -0.3266              1.3975              0.0347  
backward:              1.0000              0.0000              1.3975              0.0000  
backward:              0.9500              0.3264              1.7238              0.0046  
backward:              0.9000              0.3166              2.0404              0.0064  
backward:              0.8500              0.3053              2.3458              0.0080  
backward:              0.8000              0.2875              2.6332              0.0093  
backward:              0.7500              0.2742              2.9075              0.0105  
backward:              0.7000              0.2539              3.1614              0.0117  
backward:              0.6500              0.2333              3.3947              0.0127  
backward:              0.6000              0.2018              3.5966              0.0138  
backward:              0.5500              0.1693              3.7659              0.0148  
backward:              0.5000              0.1188              3.8847              0.0160  
backward:              0.4500              0.0909              3.9756              0.0170  
backward:              0.4000              0.0606              4.0362              0.0180  
backward:              0.3500              0.0306              4.0668              0.0195  
backward:              0.3000             -0.0156              4.0512              0.0210  
backward:              0.2500             -0.0833              3.9679              0.0226  
backward:              0.2000             -0.1800              3.7879              0.0246  
backward:              0.1500             -0.3306              3.4573              0.0289  
backward:              0.1000             -0.6148              2.8424              0.0339  
backward:              0.0500             -1.0786              1.7639              0.0582  
backward:              0.0000             -1.7753             -0.0114              0.0647  
Inaccuracy estimation
======================================================================================================
                   i        i+δi          P0_overlap_P1   δε(forward)/ε   δε(backward)/ε
======================================================================================================
inaccuracy:  0.00000        0.05000           31.42           -0.03            2.46
inaccuracy:  0.05000        0.10000           43.13           -0.06            1.18
inaccuracy:  0.10000        0.15000           54.66           -0.04            0.62
inaccuracy:  0.15000        0.20000           59.97           -0.02            0.39
inaccuracy:  0.20000        0.25000           63.22           -0.02            0.28
inaccuracy:  0.25000        0.30000           65.72           -0.02            0.21
inaccuracy:  0.30000        0.35000           67.91           -0.02            0.18
inaccuracy:  0.35000        0.40000           68.69           -0.02            0.16
inaccuracy:  0.40000        0.45000           70.11           -0.02            0.13
inaccuracy:  0.45000        0.50000           70.50           -0.02            0.13
inaccuracy:  0.50000        0.55000           70.57           -0.03            0.12
inaccuracy:  0.55000        0.60000           70.75           -0.03            0.12
inaccuracy:  0.60000        0.65000           71.96           -0.03            0.10
inaccuracy:  0.65000        0.70000           71.21           -0.03            0.10
inaccuracy:  0.70000        0.75000           71.94           -0.03            0.09
inaccuracy:  0.75000        0.80000           72.04           -0.03            0.09
inaccuracy:  0.80000        0.85000           71.25           -0.03            0.10
inaccuracy:  0.85000        0.90000           71.10           -0.04            0.10
inaccuracy:  0.90000        0.95000           71.32           -0.03            0.10
inaccuracy:  0.95000        1.00000           71.32           -0.04            0.10
===================================================================================================================================
                BAR        
-----------------------------------------------------------------------------------------------------------------------------------
BAR-estimator:         λ             λ+δλ          ΔΔA             ΔA            C               Δδe            δe       
                          
-----------------------------------------------------------------------------------------------------------------------------------
BAR-estimator:      0.00000        0.05000        1.8536         1.8536         1.8536         0.0063         0.0063 
BAR-estimator:      0.05000        0.10000        1.0405         2.8941         1.0405         0.0082         0.0103 
BAR-estimator:      0.10000        0.15000        0.5794         3.4735         0.5794         0.0068         0.0123 
BAR-estimator:      0.15000        0.20000        0.3194         3.7929         0.3194         0.0058         0.0136 
BAR-estimator:      0.20000        0.25000        0.1842         3.9771         0.1842         0.0048         0.0145 
BAR-estimator:      0.25000        0.30000        0.0853         4.0624         0.0853         0.0047         0.0152 
BAR-estimator:      0.30000        0.35000        0.0131         4.0755         0.0131         0.0041         0.0157 
BAR-estimator:      0.35000        0.40000       -0.0254         4.0500        -0.0254         0.0035         0.0161 
BAR-estimator:      0.40000        0.45000       -0.0604         3.9896        -0.0604         0.0032         0.0164 
BAR-estimator:      0.45000        0.50000       -0.0856         3.9040        -0.0856         0.0034         0.0168 
BAR-estimator:      0.50000        0.55000       -0.1221         3.7818        -0.1221         0.0034         0.0171 
BAR-estimator:      0.55000        0.60000       -0.1673         3.6145        -0.1673         0.0032         0.0174 
BAR-estimator:      0.60000        0.65000       -0.2063         3.4082        -0.2063         0.0030         0.0177 
BAR-estimator:      0.65000        0.70000       -0.2329         3.1753        -0.2329         0.0032         0.0179 
BAR-estimator:      0.70000        0.75000       -0.2580         2.9173        -0.2580         0.0031         0.0182 
BAR-estimator:      0.75000        0.80000       -0.2814         2.6359        -0.2814         0.0035         0.0185 
BAR-estimator:      0.80000        0.85000       -0.2870         2.3489        -0.2870         0.0034         0.0189 
BAR-estimator:      0.85000        0.90000       -0.3066         2.0423        -0.3066         0.0032         0.0191 
BAR-estimator:      0.90000        0.95000       -0.3174         1.7249        -0.3174         0.0032         0.0194 
BAR-estimator:      0.95000        1.00000       -0.3244         1.4005        -0.3244         0.0030         0.0196 
BAR-estimator: total free energy change is 1.4004800782865126 , total error is 0.019620991306645373
