#========================================================================================
#                     Free energy perturbation    
#----------------------------------------------------------------------------------------
#forward/backward          λ              ΔΔA                 ΔA                  δε   
#                                                 
#----------------------------------------------------------------------------------------
forward:               0.0000              0.0000              0.0000              0.0000  
forward:               0.0500              1.6291              1.6291              0.0278  
forward:               0.1000              0.6354              2.2645              0.0306  
forward:               0.1500              0.3043              2.5689              0.0318  
forward:               0.2000              0.1666              2.7355              0.0326  
forward:               0.2500              0.0813              2.8168              0.0330  
forward:               0.3000              0.0175              2.8343              0.0334  
forward:               0.3500             -0.0164              2.8178              0.0337  
forward:               0.4000             -0.0568              2.7611              0.0340  
forward:               0.4500             -0.0711              2.6900              0.0342  
forward:               0.5000             -0.0964              2.5936              0.0343  
forward:               0.5500             -0.1661              2.4274              0.0345  
forward:               0.6000             -0.2599              2.1675              0.0347  
forward:               0.6500             -0.3156              1.8519              0.0348  
forward:               0.7000             -0.3790              1.4728              0.0350  
forward:               0.7500             -0.4175              1.0554              0.0351  
forward:               0.8000             -0.4502              0.6052              0.0353  
forward:               0.8500             -0.4794              0.1258              0.0354  
forward:               0.9000             -0.5087             -0.3829              0.0355  
forward:               0.9500             -0.5292             -0.9121              0.0356  
forward:               1.0000             -0.5515             -1.4637              0.0357  
backward:              1.0000              0.0000             -1.4637              0.0000  
backward:              0.9500              0.5490             -0.9147              0.0032  
backward:              0.9000              0.5298             -0.3848              0.0045  
backward:              0.8500              0.5111              0.1262              0.0058  
backward:              0.8000              0.4794              0.6056              0.0074  
backward:              0.7500              0.4537              1.0593              0.0081  
backward:              0.7000              0.4083              1.4676              0.0088  
backward:              0.6500              0.3773              1.8449              0.0096  
backward:              0.6000              0.3206              2.1655              0.0104  
backward:              0.5500              0.2560              2.4215              0.0105  
backward:              0.5000              0.1637              2.5853              0.0117  
backward:              0.4500              0.1078              2.6931              0.0123  
backward:              0.4000              0.0738              2.7669              0.0129  
backward:              0.3500              0.0472              2.8141              0.0138  
backward:              0.3000              0.0153              2.8294              0.0145  
backward:              0.2500             -0.0161              2.8134              0.0153  
backward:              0.2000             -0.0779              2.7355              0.0165  
backward:              0.1500             -0.1651              2.5703              0.0191  
backward:              0.1000             -0.3410              2.2294              0.0224  
backward:              0.0500             -0.6291              1.6002              0.0287  
backward:              0.0000             -1.5047              0.0956              0.0551  
Inaccuracy estimation
======================================================================================================
                   i        i+δi          P0_overlap_P1   δε(forward)/ε   δε(backward)/ε
======================================================================================================
inaccuracy:  0.00000        0.05000           29.21           -0.04            3.89
inaccuracy:  0.05000        0.10000           54.52           -0.02            0.69
inaccuracy:  0.10000        0.15000           67.59           -0.01            0.29
inaccuracy:  0.15000        0.20000           70.52           -0.01            0.18
inaccuracy:  0.20000        0.25000           73.89           -0.01            0.12
inaccuracy:  0.25000        0.30000           76.40           -0.01            0.09
inaccuracy:  0.30000        0.35000           78.04           -0.01            0.08
inaccuracy:  0.35000        0.40000           79.48           -0.01            0.06
inaccuracy:  0.40000        0.45000           79.66           -0.01            0.07
inaccuracy:  0.45000        0.50000           79.20           -0.01            0.06
inaccuracy:  0.50000        0.55000           75.42           -0.03            0.07
inaccuracy:  0.55000        0.60000           77.02           -0.02            0.05
inaccuracy:  0.60000        0.65000           76.87           -0.03            0.05
inaccuracy:  0.65000        0.70000           78.16           -0.03            0.04
inaccuracy:  0.70000        0.75000           78.83           -0.02            0.03
inaccuracy:  0.75000        0.80000           77.73           -0.03            0.04
inaccuracy:  0.80000        0.85000           78.23           -0.03            0.03
inaccuracy:  0.85000        0.90000           77.69           -0.03            0.03
inaccuracy:  0.90000        0.95000           78.28           -0.03            0.03
inaccuracy:  0.95000        1.00000           78.34           -0.03            0.03
===================================================================================================================================
                BAR        
-----------------------------------------------------------------------------------------------------------------------------------
BAR-estimator:         λ             λ+δλ          ΔΔA             ΔA            C               Δδe            δe       
                          
-----------------------------------------------------------------------------------------------------------------------------------
BAR-estimator:      0.00000        0.05000        1.6454         1.6454         1.6454         0.0151         0.0151 
BAR-estimator:      0.05000        0.10000        0.6367         2.2821         0.6367         0.0082         0.0171 
BAR-estimator:      0.10000        0.15000        0.3200         2.6021         0.3200         0.0054         0.0180 
BAR-estimator:      0.15000        0.20000        0.1635         2.7656         0.1635         0.0044         0.0185 
BAR-estimator:      0.20000        0.25000        0.0803         2.8459         0.0803         0.0039         0.0189 
BAR-estimator:      0.25000        0.30000        0.0174         2.8632         0.0174         0.0032         0.0192 
BAR-estimator:      0.30000        0.35000       -0.0159         2.8474        -0.0159         0.0029         0.0194 
BAR-estimator:      0.35000        0.40000       -0.0540         2.7934        -0.0540         0.0021         0.0195 
BAR-estimator:      0.40000        0.45000       -0.0712         2.7222        -0.0712         0.0025         0.0197 
BAR-estimator:      0.45000        0.50000       -0.1006         2.6216        -0.1006         0.0024         0.0198 
BAR-estimator:      0.50000        0.55000       -0.1669         2.4547        -0.1669         0.0030         0.0200 
BAR-estimator:      0.55000        0.60000       -0.2575         2.1973        -0.2575         0.0028         0.0202 
BAR-estimator:      0.60000        0.65000       -0.3189         1.8784        -0.3189         0.0028         0.0204 
BAR-estimator:      0.65000        0.70000       -0.3794         1.4989        -0.3794         0.0024         0.0206 
BAR-estimator:      0.70000        0.75000       -0.4136         1.0853        -0.4136         0.0025         0.0207 
BAR-estimator:      0.75000        0.80000       -0.4525         0.6328        -0.4525         0.0024         0.0209 
BAR-estimator:      0.80000        0.85000       -0.4805         0.1523        -0.4805         0.0031         0.0211 
BAR-estimator:      0.85000        0.90000       -0.5100        -0.3577        -0.5100         0.0027         0.0213 
BAR-estimator:      0.90000        0.95000       -0.5289        -0.8866        -0.5289         0.0027         0.0214 
BAR-estimator:      0.95000        1.00000       -0.5502        -1.4368        -0.5502         0.0022         0.0215 
BAR-estimator: total free energy change is -1.4368073262844603 , total error is 0.021549819295627638
