#========================================================================================
#                     Free energy perturbation    
#----------------------------------------------------------------------------------------
#forward/backward          λ              ΔΔA                 ΔA                  δε   
#                                                 
#----------------------------------------------------------------------------------------
forward:               0.0000              0.0000              0.0000              0.0000  
forward:               0.0500              2.3497              2.3497              0.0271  
forward:               0.1000              1.3357              3.6854              0.0344  
forward:               0.1500              0.7158              4.4012              0.0374  
forward:               0.2000              0.3770              4.7783              0.0388  
forward:               0.2500              0.1799              4.9582              0.0398  
forward:               0.3000              0.0759              5.0341              0.0403  
forward:               0.3500             -0.0002              5.0339              0.0410  
forward:               0.4000             -0.0626              4.9714              0.0414  
forward:               0.4500             -0.1014              4.8699              0.0417  
forward:               0.5000             -0.1252              4.7448              0.0421  
forward:               0.5500             -0.2664              4.4783              0.0425  
forward:               0.6000             -0.4767              4.0017              0.0429  
forward:               0.6500             -0.6447              3.3570              0.0434  
forward:               0.7000             -0.7917              2.5653              0.0438  
forward:               0.7500             -0.8935              1.6717              0.0444  
forward:               0.8000             -0.9498              0.7220              0.0447  
forward:               0.8500             -0.9848             -0.2628              0.0452  
forward:               0.9000             -1.0109             -1.2737              0.0460  
forward:               0.9500             -1.0465             -2.3202              0.0518  
forward:               1.0000             -1.0914             -3.4115              0.0619  
backward:              1.0000              0.0000             -3.4115              0.0000  
backward:              0.9500              1.0133             -2.3982              0.0068  
backward:              0.9000              1.0612             -1.3370              0.0191  
backward:              0.8500              1.0014             -0.3356              0.0203  
backward:              0.8000              0.9745              0.6389              0.0213  
backward:              0.7500              0.9426              1.5815              0.0229  
backward:              0.7000              0.8925              2.4740              0.0240  
backward:              0.6500              0.7831              3.2571              0.0251  
backward:              0.6000              0.6462              3.9033              0.0259  
backward:              0.5500              0.4709              4.3743              0.0272  
backward:              0.5000              0.2616              4.6359              0.0281  
backward:              0.4500              0.1331              4.7690              0.0288  
backward:              0.4000              0.1002              4.8692              0.0296  
backward:              0.3500              0.0590              4.9282              0.0309  
backward:              0.3000              0.0037              4.9319              0.0318  
backward:              0.2500             -0.0774              4.8545              0.0331  
backward:              0.2000             -0.1975              4.6569              0.0354  
backward:              0.1500             -0.3736              4.2834              0.0386  
backward:              0.1000             -0.7278              3.5555              0.0457  
backward:              0.0500             -1.3811              2.1744              0.0666  
backward:              0.0000             -2.2805             -0.1061              0.0782  
Inaccuracy estimation
======================================================================================================
                   i        i+δi          P0_overlap_P1   δε(forward)/ε   δε(backward)/ε
======================================================================================================
inaccuracy:  0.00000        0.05000           27.85            0.04            2.82
inaccuracy:  0.05000        0.10000           38.01           -0.06            1.67
inaccuracy:  0.10000        0.15000           48.19           -0.06            0.87
inaccuracy:  0.15000        0.20000           56.44           -0.04            0.51
inaccuracy:  0.20000        0.25000           62.88           -0.03            0.30
inaccuracy:  0.25000        0.30000           64.40           -0.03            0.23
inaccuracy:  0.30000        0.35000           66.51           -0.03            0.21
inaccuracy:  0.35000        0.40000           68.11           -0.03            0.18
inaccuracy:  0.40000        0.45000           68.79           -0.02            0.14
inaccuracy:  0.45000        0.50000           69.17           -0.03            0.14
inaccuracy:  0.50000        0.55000           63.08           -0.09            0.18
inaccuracy:  0.55000        0.60000           64.48           -0.11            0.12
inaccuracy:  0.60000        0.65000           64.73           -0.13            0.10
inaccuracy:  0.65000        0.70000           65.52           -0.14            0.08
inaccuracy:  0.70000        0.75000           64.93           -0.12            0.07
inaccuracy:  0.75000        0.80000           64.40           -0.14            0.07
inaccuracy:  0.80000        0.85000           64.81           -0.12            0.07
inaccuracy:  0.85000        0.90000           63.95           -0.12            0.07
inaccuracy:  0.90000        0.95000           61.89           -0.19            0.07
inaccuracy:  0.95000        1.00000           65.48           -0.06            0.07
===================================================================================================================================
                BAR        
-----------------------------------------------------------------------------------------------------------------------------------
BAR-estimator:         λ             λ+δλ          ΔΔA             ΔA            C               Δδe            δe       
                          
-----------------------------------------------------------------------------------------------------------------------------------
BAR-estimator:      0.00000        0.05000        2.3505         2.3505         2.3505         0.0140         0.0140 
BAR-estimator:      0.05000        0.10000        1.3564         3.7069         1.3564         0.0201         0.0245 
BAR-estimator:      0.10000        0.15000        0.7188         4.4257         0.7188         0.0089         0.0260 
BAR-estimator:      0.15000        0.20000        0.3790         4.8047         0.3790         0.0066         0.0269 
BAR-estimator:      0.20000        0.25000        0.1885         4.9932         0.1885         0.0056         0.0275 
BAR-estimator:      0.25000        0.30000        0.0726         5.0658         0.0726         0.0043         0.0278 
BAR-estimator:      0.30000        0.35000        0.0006         5.0664         0.0006         0.0049         0.0282 
BAR-estimator:      0.35000        0.40000       -0.0601         5.0063        -0.0601         0.0043         0.0285 
BAR-estimator:      0.40000        0.45000       -0.1027         4.9036        -0.1027         0.0035         0.0288 
BAR-estimator:      0.45000        0.50000       -0.1270         4.7765        -0.1270         0.0036         0.0290 
BAR-estimator:      0.50000        0.55000       -0.2623         4.5143        -0.2623         0.0040         0.0293 
BAR-estimator:      0.55000        0.60000       -0.4724         4.0419        -0.4724         0.0038         0.0295 
BAR-estimator:      0.60000        0.65000       -0.6465         3.3954        -0.6465         0.0040         0.0298 
BAR-estimator:      0.65000        0.70000       -0.7862         2.6091        -0.7862         0.0039         0.0300 
BAR-estimator:      0.70000        0.75000       -0.8897         1.7194        -0.8897         0.0043         0.0303 
BAR-estimator:      0.75000        0.80000       -0.9507         0.7687        -0.9507         0.0038         0.0306 
BAR-estimator:      0.80000        0.85000       -0.9774        -0.2087        -0.9774         0.0042         0.0309 
BAR-estimator:      0.85000        0.90000       -1.0019        -1.2106        -1.0019         0.0051         0.0313 
BAR-estimator:      0.90000        0.95000       -1.0529        -2.2635        -1.0529         0.0102         0.0329 
BAR-estimator:      0.95000        1.00000       -1.0371        -3.3007        -1.0371         0.0137         0.0357 
BAR-estimator: total free energy change is -3.3006555602399397 , total error is 0.0356694089944663
