#========================================================================================
#                     Free energy perturbation    
#----------------------------------------------------------------------------------------
#forward/backward          λ              ΔΔA                 ΔA                  δε   
#                                                 
#----------------------------------------------------------------------------------------
forward:               0.0000              0.0000              0.0000              0.0000  
forward:               0.0500              2.2664              2.2664              0.0338  
forward:               0.1000              1.2192              3.4856              0.0392  
forward:               0.1500              0.5785              4.0641              0.0418  
forward:               0.2000              0.2635              4.3276              0.0432  
forward:               0.2500              0.1107              4.4383              0.0438  
forward:               0.3000              0.0149              4.4532              0.0443  
forward:               0.3500             -0.0523              4.4009              0.0447  
forward:               0.4000             -0.0907              4.3102              0.0450  
forward:               0.4500             -0.1296              4.1806              0.0453  
forward:               0.5000             -0.1603              4.0203              0.0457  
forward:               0.5500             -0.2776              3.7427              0.0464  
forward:               0.6000             -0.5666              3.1761              0.0467  
forward:               0.6500             -0.8299              2.3463              0.0471  
forward:               0.7000             -1.0289              1.3174              0.0476  
forward:               0.7500             -1.2146              0.1027              0.0481  
forward:               0.8000             -1.3273             -1.2245              0.0485  
forward:               0.8500             -1.4019             -2.6264              0.0489  
forward:               0.9000             -1.4612             -4.0875              0.0492  
forward:               0.9500             -1.4937             -5.5813              0.0496  
forward:               1.0000             -1.5101             -7.0914              0.0500  
backward:              1.0000              0.0000             -7.0914              0.0000  
backward:              0.9500              1.4901             -5.6013              0.0076  
backward:              0.9000              1.5043             -4.0970              0.0099  
backward:              0.8500              1.4540             -2.6431              0.0122  
backward:              0.8000              1.4018             -1.2413              0.0139  
backward:              0.7500              1.3304              0.0891              0.0160  
backward:              0.7000              1.1906              1.2797              0.0190  
backward:              0.6500              1.0419              2.3216              0.0206  
backward:              0.6000              0.8063              3.1278              0.0220  
backward:              0.5500              0.5640              3.6918              0.0238  
backward:              0.5000              0.2756              3.9674              0.0258  
backward:              0.4500              0.1451              4.1125              0.0265  
backward:              0.4000              0.1202              4.2327              0.0273  
backward:              0.3500              0.0984              4.3311              0.0280  
backward:              0.3000              0.0428              4.3739              0.0289  
backward:              0.2500             -0.0259              4.3480              0.0299  
backward:              0.2000             -0.1201              4.2280              0.0318  
backward:              0.1500             -0.2774              3.9506              0.0347  
backward:              0.1000             -0.5770              3.3736              0.0413  
backward:              0.0500             -1.1740              2.1996              0.0537  
backward:              0.0000             -2.1945              0.0051              0.0670  
Inaccuracy estimation
======================================================================================================
                   i        i+δi          P0_overlap_P1   δε(forward)/ε   δε(backward)/ε
======================================================================================================
inaccuracy:  0.00000        0.05000           26.09            0.03            3.04
inaccuracy:  0.05000        0.10000           37.91           -0.07            1.61
inaccuracy:  0.10000        0.15000           50.61           -0.04            0.77
inaccuracy:  0.15000        0.20000           59.98           -0.03            0.41
inaccuracy:  0.20000        0.25000           64.11           -0.03            0.26
inaccuracy:  0.25000        0.30000           67.31           -0.02            0.19
inaccuracy:  0.30000        0.35000           69.60           -0.02            0.16
inaccuracy:  0.35000        0.40000           69.88           -0.03            0.15
inaccuracy:  0.40000        0.45000           71.83           -0.02            0.12
inaccuracy:  0.45000        0.50000           72.92           -0.02            0.11
inaccuracy:  0.50000        0.55000           62.09           -0.11            0.17
inaccuracy:  0.55000        0.60000           63.26           -0.14            0.11
inaccuracy:  0.60000        0.65000           63.85           -0.14            0.08
inaccuracy:  0.65000        0.70000           62.37           -0.15            0.06
inaccuracy:  0.70000        0.75000           64.91           -0.15            0.04
inaccuracy:  0.75000        0.80000           63.44           -0.14            0.02
inaccuracy:  0.80000        0.85000           62.72           -0.17            0.02
inaccuracy:  0.85000        0.90000           63.80           -0.19            0.02
inaccuracy:  0.90000        0.95000           63.08           -0.16            0.01
inaccuracy:  0.95000        1.00000           63.17           -0.14            0.01
===================================================================================================================================
                BAR        
-----------------------------------------------------------------------------------------------------------------------------------
BAR-estimator:         λ             λ+δλ          ΔΔA             ΔA            C               Δδe            δe       
                          
-----------------------------------------------------------------------------------------------------------------------------------
BAR-estimator:      0.00000        0.05000        2.3033         2.3033         2.3033         0.0128         0.0128 
BAR-estimator:      0.05000        0.10000        1.2066         3.5099         1.2066         0.0109         0.0168 
BAR-estimator:      0.10000        0.15000        0.5763         4.0863         0.5763         0.0097         0.0194 
BAR-estimator:      0.15000        0.20000        0.2730         4.3593         0.2730         0.0074         0.0208 
BAR-estimator:      0.20000        0.25000        0.1128         4.4721         0.1128         0.0049         0.0214 
BAR-estimator:      0.25000        0.30000        0.0183         4.4904         0.0183         0.0044         0.0218 
BAR-estimator:      0.30000        0.35000       -0.0485         4.4419        -0.0485         0.0038         0.0222 
BAR-estimator:      0.35000        0.40000       -0.0925         4.3494        -0.0925         0.0036         0.0225 
BAR-estimator:      0.40000        0.45000       -0.1270         4.2225        -0.1270         0.0033         0.0227 
BAR-estimator:      0.45000        0.50000       -0.1549         4.0676        -0.1549         0.0039         0.0230 
BAR-estimator:      0.50000        0.55000       -0.2788         3.7888        -0.2788         0.0047         0.0235 
BAR-estimator:      0.55000        0.60000       -0.5672         3.2216        -0.5672         0.0038         0.0238 
BAR-estimator:      0.60000        0.65000       -0.8189         2.4027        -0.8189         0.0042         0.0242 
BAR-estimator:      0.65000        0.70000       -1.0326         1.3701        -1.0326         0.0040         0.0245 
BAR-estimator:      0.70000        0.75000       -1.2020         0.1681        -1.2020         0.0039         0.0248 
BAR-estimator:      0.75000        0.80000       -1.3274        -1.1593        -1.3274         0.0041         0.0251 
BAR-estimator:      0.80000        0.85000       -1.4030        -2.5623        -1.4030         0.0046         0.0255 
BAR-estimator:      0.85000        0.90000       -1.4605        -4.0228        -1.4605         0.0044         0.0259 
BAR-estimator:      0.90000        0.95000       -1.4926        -5.5154        -1.4926         0.0041         0.0262 
BAR-estimator:      0.95000        1.00000       -1.5044        -7.0198        -1.5044         0.0045         0.0266 
BAR-estimator: total free energy change is -7.019750467816031 , total error is 0.026628402794861433
