#========================================================================================
#                     Free energy perturbation    
#----------------------------------------------------------------------------------------
#forward/backward          λ              ΔΔA                 ΔA                  δε   
#                                                 
#----------------------------------------------------------------------------------------
forward:               0.0000              0.0000              0.0000              0.0000  
forward:               0.0500              2.2828              2.2828              0.0329  
forward:               0.1000              1.2917              3.5745              0.0394  
forward:               0.1500              0.7143              4.2889              0.0418  
forward:               0.2000              0.3560              4.6449              0.0428  
forward:               0.2500              0.2090              4.8539              0.0444  
forward:               0.3000              0.0865              4.9405              0.0452  
forward:               0.3500              0.0358              4.9763              0.0458  
forward:               0.4000             -0.0233              4.9530              0.0463  
forward:               0.4500             -0.0575              4.8954              0.0467  
forward:               0.5000             -0.0895              4.8059              0.0470  
forward:               0.5500             -0.0996              4.7063              0.0473  
forward:               0.6000             -0.1204              4.5860              0.0475  
forward:               0.6500             -0.1482              4.4378              0.0478  
forward:               0.7000             -0.1674              4.2704              0.0481  
forward:               0.7500             -0.1684              4.1020              0.0483  
forward:               0.8000             -0.1773              3.9247              0.0485  
forward:               0.8500             -0.1871              3.7376              0.0487  
forward:               0.9000             -0.2025              3.5351              0.0488  
forward:               0.9500             -0.2041              3.3310              0.0490  
forward:               1.0000             -0.2185              3.1125              0.0492  
backward:              1.0000              0.0000              3.1125              0.0000  
backward:              0.9500              0.2091              3.3216              0.0055  
backward:              0.9000              0.2021              3.5237              0.0081  
backward:              0.8500              0.1996              3.7234              0.0101  
backward:              0.8000              0.1916              3.9150              0.0115  
backward:              0.7500              0.1850              4.0999              0.0130  
backward:              0.7000              0.1658              4.2657              0.0141  
backward:              0.6500              0.1537              4.4194              0.0163  
backward:              0.6000              0.1397              4.5591              0.0175  
backward:              0.5500              0.1226              4.6818              0.0195  
backward:              0.5000              0.1007              4.7824              0.0206  
backward:              0.4500              0.0887              4.8711              0.0215  
backward:              0.4000              0.0754              4.9465              0.0227  
backward:              0.3500              0.0310              4.9775              0.0241  
backward:              0.3000             -0.0453              4.9322              0.0271  
backward:              0.2500             -0.0878              4.8444              0.0289  
backward:              0.2000             -0.1938              4.6507              0.0309  
backward:              0.1500             -0.3605              4.2902              0.0351  
backward:              0.1000             -0.6426              3.6476              0.0405  
backward:              0.0500             -1.1780              2.4696              0.0499  
backward:              0.0000             -2.2985              0.1711              0.0742  
Inaccuracy estimation
======================================================================================================
                   i        i+δi          P0_overlap_P1   δε(forward)/ε   δε(backward)/ε
======================================================================================================
inaccuracy:  0.00000        0.05000           27.31            0.02            2.83
inaccuracy:  0.05000        0.10000           36.13           -0.07            1.74
inaccuracy:  0.10000        0.15000           47.00           -0.06            0.93
inaccuracy:  0.15000        0.20000           56.48           -0.03            0.49
inaccuracy:  0.20000        0.25000           59.68           -0.04            0.31
inaccuracy:  0.25000        0.30000           63.51           -0.03            0.25
inaccuracy:  0.30000        0.35000           65.28           -0.02            0.22
inaccuracy:  0.35000        0.40000           66.71           -0.02            0.19
inaccuracy:  0.40000        0.45000           67.15           -0.02            0.18
inaccuracy:  0.45000        0.50000           68.67           -0.02            0.15
inaccuracy:  0.50000        0.55000           68.61           -0.03            0.16
inaccuracy:  0.55000        0.60000           68.74           -0.04            0.14
inaccuracy:  0.60000        0.65000           69.37           -0.02            0.13
inaccuracy:  0.65000        0.70000           70.08           -0.03            0.13
inaccuracy:  0.70000        0.75000           69.40           -0.03            0.13
inaccuracy:  0.75000        0.80000           69.20           -0.03            0.14
inaccuracy:  0.80000        0.85000           69.17           -0.04            0.12
inaccuracy:  0.85000        0.90000           70.24           -0.04            0.13
inaccuracy:  0.90000        0.95000           69.80           -0.03            0.12
inaccuracy:  0.95000        1.00000           70.00           -0.03            0.12
===================================================================================================================================
                BAR        
-----------------------------------------------------------------------------------------------------------------------------------
BAR-estimator:         λ             λ+δλ          ΔΔA             ΔA            C               Δδe            δe       
                          
-----------------------------------------------------------------------------------------------------------------------------------
BAR-estimator:      0.00000        0.05000        2.3026         2.3026         2.3026         0.0138         0.0138 
BAR-estimator:      0.05000        0.10000        1.2657         3.5683         1.2657         0.0100         0.0170 
BAR-estimator:      0.10000        0.15000        0.6931         4.2613         0.6931         0.0086         0.0191 
BAR-estimator:      0.15000        0.20000        0.3592         4.6206         0.3592         0.0058         0.0199 
BAR-estimator:      0.20000        0.25000        0.1982         4.8188         0.1982         0.0069         0.0211 
BAR-estimator:      0.25000        0.30000        0.0877         4.9065         0.0877         0.0049         0.0216 
BAR-estimator:      0.30000        0.35000        0.0348         4.9413         0.0348         0.0047         0.0222 
BAR-estimator:      0.35000        0.40000       -0.0263         4.9150        -0.0263         0.0044         0.0226 
BAR-estimator:      0.40000        0.45000       -0.0617         4.8533        -0.0617         0.0043         0.0230 
BAR-estimator:      0.45000        0.50000       -0.0872         4.7660        -0.0872         0.0041         0.0234 
BAR-estimator:      0.50000        0.55000       -0.1004         4.6657        -0.1004         0.0036         0.0236 
BAR-estimator:      0.55000        0.60000       -0.1217         4.5440        -0.1217         0.0036         0.0239 
BAR-estimator:      0.60000        0.65000       -0.1456         4.3984        -0.1456         0.0035         0.0242 
BAR-estimator:      0.65000        0.70000       -0.1626         4.2358        -0.1626         0.0035         0.0244 
BAR-estimator:      0.70000        0.75000       -0.1687         4.0671        -0.1687         0.0036         0.0247 
BAR-estimator:      0.75000        0.80000       -0.1776         3.8894        -0.1776         0.0035         0.0249 
BAR-estimator:      0.80000        0.85000       -0.1906         3.6988        -0.1906         0.0036         0.0252 
BAR-estimator:      0.85000        0.90000       -0.2003         3.4985        -0.2003         0.0036         0.0254 
BAR-estimator:      0.90000        0.95000       -0.2027         3.2958        -0.2027         0.0036         0.0257 
BAR-estimator:      0.95000        1.00000       -0.2140         3.0818        -0.2140         0.0036         0.0259 
BAR-estimator: total free energy change is 3.0817578893926703 , total error is 0.025943510213000637
