#========================================================================================
#                     Free energy perturbation    
#----------------------------------------------------------------------------------------
#forward/backward          λ              ΔΔA                 ΔA                  δε   
#                                                 
#----------------------------------------------------------------------------------------
forward:               0.0000              0.0000              0.0000              0.0000  
forward:               0.0500              1.1923              1.1923              0.0252  
forward:               0.1000              0.5330              1.7253              0.0300  
forward:               0.1500              0.2873              2.0127              0.0306  
forward:               0.2000              0.1658              2.1785              0.0307  
forward:               0.2500              0.0909              2.2694              0.0311  
forward:               0.3000              0.0420              2.3114              0.0315  
forward:               0.3500              0.0072              2.3186              0.0317  
forward:               0.4000             -0.0249              2.2937              0.0320  
forward:               0.4500             -0.0468              2.2469              0.0321  
forward:               0.5000             -0.0587              2.1882              0.0323  
forward:               0.5500             -0.0912              2.0971              0.0325  
forward:               0.6000             -0.1515              1.9455              0.0327  
forward:               0.6500             -0.1900              1.7556              0.0328  
forward:               0.7000             -0.2203              1.5352              0.0330  
forward:               0.7500             -0.2339              1.3013              0.0334  
forward:               0.8000             -0.2609              1.0404              0.0335  
forward:               0.8500             -0.2723              0.7681              0.0336  
forward:               0.9000             -0.2916              0.4765              0.0337  
forward:               0.9500             -0.2979              0.1787              0.0338  
forward:               1.0000             -0.3137             -0.1350              0.0339  
backward:              1.0000              0.0000             -0.1350              0.0000  
backward:              0.9500              0.3162              0.1811              0.0034  
backward:              0.9000              0.2936              0.4748              0.0048  
backward:              0.8500              0.2879              0.7627              0.0059  
backward:              0.8000              0.2727              1.0354              0.0067  
backward:              0.7500              0.2582              1.2936              0.0077  
backward:              0.7000              0.2345              1.5280              0.0088  
backward:              0.6500              0.2157              1.7437              0.0096  
backward:              0.6000              0.1844              1.9281              0.0103  
backward:              0.5500              0.1466              2.0747              0.0110  
backward:              0.5000              0.0980              2.1727              0.0115  
backward:              0.4500              0.0528              2.2255              0.0123  
backward:              0.4000              0.0358              2.2614              0.0131  
backward:              0.3500              0.0170              2.2784              0.0131  
backward:              0.3000             -0.0099              2.2685              0.0143  
backward:              0.2500             -0.0445              2.2240              0.0153  
backward:              0.2000             -0.0927              2.1313              0.0164  
backward:              0.1500             -0.1489              1.9823              0.0174  
backward:              0.1000             -0.3007              1.6816              0.0205  
backward:              0.0500             -0.5332              1.1484              0.0316  
backward:              0.0000             -1.1473              0.0011              0.0472  
Inaccuracy estimation
======================================================================================================
                   i        i+δi          P0_overlap_P1   δε(forward)/ε   δε(backward)/ε
======================================================================================================
inaccuracy:  0.00000        0.05000           39.81           -0.02            2.05
inaccuracy:  0.05000        0.10000           58.69           -0.01            0.55
inaccuracy:  0.10000        0.15000           68.56           -0.00            0.27
inaccuracy:  0.15000        0.20000           71.07           -0.01            0.17
inaccuracy:  0.20000        0.25000           76.14           -0.01            0.12
inaccuracy:  0.25000        0.30000           76.96           -0.00            0.09
inaccuracy:  0.30000        0.35000           78.90           -0.00            0.08
inaccuracy:  0.35000        0.40000           80.33           -0.00            0.07
inaccuracy:  0.40000        0.45000           81.10           -0.01            0.06
inaccuracy:  0.45000        0.50000           81.13           -0.01            0.06
inaccuracy:  0.50000        0.55000           77.24           -0.02            0.07
inaccuracy:  0.55000        0.60000           79.35           -0.01            0.05
inaccuracy:  0.60000        0.65000           80.29           -0.01            0.05
inaccuracy:  0.65000        0.70000           80.53           -0.02            0.05
inaccuracy:  0.70000        0.75000           79.21           -0.02            0.04
inaccuracy:  0.75000        0.80000           80.48           -0.02            0.04
inaccuracy:  0.80000        0.85000           79.84           -0.02            0.04
inaccuracy:  0.85000        0.90000           80.29           -0.02            0.04
inaccuracy:  0.90000        0.95000           79.80           -0.02            0.04
inaccuracy:  0.95000        1.00000           79.81           -0.02            0.04
===================================================================================================================================
                BAR        
-----------------------------------------------------------------------------------------------------------------------------------
BAR-estimator:         λ             λ+δλ          ΔΔA             ΔA            C               Δδe            δe       
                          
-----------------------------------------------------------------------------------------------------------------------------------
BAR-estimator:      0.00000        0.05000        1.1982         1.1982         1.1982         0.0163         0.0163 
BAR-estimator:      0.05000        0.10000        0.5324         1.7306         0.5324         0.0083         0.0183 
BAR-estimator:      0.10000        0.15000        0.2921         2.0227         0.2921         0.0052         0.0190 
BAR-estimator:      0.15000        0.20000        0.1597         2.1824         0.1597         0.0043         0.0195 
BAR-estimator:      0.20000        0.25000        0.0945         2.2768         0.0945         0.0035         0.0198 
BAR-estimator:      0.25000        0.30000        0.0430         2.3199         0.0430         0.0034         0.0201 
BAR-estimator:      0.30000        0.35000        0.0076         2.3275         0.0076         0.0028         0.0203 
BAR-estimator:      0.35000        0.40000       -0.0223         2.3052        -0.0223         0.0027         0.0205 
BAR-estimator:      0.40000        0.45000       -0.0433         2.2619        -0.0433         0.0026         0.0206 
BAR-estimator:      0.45000        0.50000       -0.0574         2.2045        -0.0574         0.0024         0.0208 
BAR-estimator:      0.50000        0.55000       -0.0943         2.1103        -0.0943         0.0028         0.0210 
BAR-estimator:      0.55000        0.60000       -0.1490         1.9613        -0.1490         0.0024         0.0211 
BAR-estimator:      0.60000        0.65000       -0.1871         1.7742        -0.1871         0.0025         0.0213 
BAR-estimator:      0.65000        0.70000       -0.2172         1.5570        -0.2172         0.0023         0.0214 
BAR-estimator:      0.70000        0.75000       -0.2351         1.3218        -0.2351         0.0034         0.0217 
BAR-estimator:      0.75000        0.80000       -0.2601         1.0617        -0.2601         0.0023         0.0218 
BAR-estimator:      0.80000        0.85000       -0.2726         0.7891        -0.2726         0.0027         0.0220 
BAR-estimator:      0.85000        0.90000       -0.2905         0.4987        -0.2905         0.0024         0.0221 
BAR-estimator:      0.90000        0.95000       -0.2968         0.2019        -0.2968         0.0023         0.0222 
BAR-estimator:      0.95000        1.00000       -0.3149        -0.1131        -0.3149         0.0023         0.0223 
BAR-estimator: total free energy change is -0.11306728187968096 , total error is 0.02232265651198772
