#========================================================================================
#                     Free energy perturbation    
#----------------------------------------------------------------------------------------
#forward/backward          λ              ΔΔA                 ΔA                  δε   
#                                                 
#----------------------------------------------------------------------------------------
forward:               0.0000              0.0000              0.0000              0.0000  
forward:               0.0500              1.6179              1.6179              0.0090  
forward:               0.1000              0.9131              2.5310              0.0195  
forward:               0.1500              0.4934              3.0244              0.0225  
forward:               0.2000              0.2836              3.3079              0.0243  
forward:               0.2500              0.1583              3.4662              0.0254  
forward:               0.3000              0.0948              3.5610              0.0263  
forward:               0.3500              0.0182              3.5792              0.0270  
forward:               0.4000             -0.0202              3.5590              0.0276  
forward:               0.4500             -0.0442              3.5148              0.0280  
forward:               0.5000             -0.0788              3.4360              0.0285  
forward:               0.5500             -0.0944              3.3416              0.0289  
forward:               0.6000             -0.1565              3.1851              0.0293  
forward:               0.6500             -0.1873              2.9978              0.0298  
forward:               0.7000             -0.2131              2.7846              0.0301  
forward:               0.7500             -0.2359              2.5488              0.0304  
forward:               0.8000             -0.2479              2.3009              0.0306  
forward:               0.8500             -0.2640              2.0369              0.0308  
forward:               0.9000             -0.2738              1.7631              0.0309  
forward:               0.9500             -0.2854              1.4777              0.0312  
forward:               1.0000             -0.2929              1.1848              0.0316  
backward:              1.0000              0.0000              1.1848              0.0000  
backward:              0.9500              0.2917              1.4765              0.0045  
backward:              0.9000              0.2870              1.7634              0.0071  
backward:              0.8500              0.2859              2.0493              0.0087  
backward:              0.8000              0.2737              2.3230              0.0098  
backward:              0.7500              0.2450              2.5680              0.0116  
backward:              0.7000              0.2332              2.8012              0.0126  
backward:              0.6500              0.2092              3.0104              0.0136  
backward:              0.6000              0.1878              3.1982              0.0147  
backward:              0.5500              0.1476              3.3458              0.0155  
backward:              0.5000              0.0952              3.4410              0.0164  
backward:              0.4500              0.0662              3.5072              0.0175  
backward:              0.4000              0.0449              3.5522              0.0186  
backward:              0.3500              0.0161              3.5682              0.0196  
backward:              0.3000             -0.0333              3.5349              0.0208  
backward:              0.2500             -0.0680              3.4669              0.0219  
backward:              0.2000             -0.1524              3.3145              0.0235  
backward:              0.1500             -0.2763              3.0382              0.0261  
backward:              0.1000             -0.5020              2.5362              0.0333  
backward:              0.0500             -0.8908              1.6454              0.0466  
backward:              0.0000             -1.6370              0.0084              0.0587  
Inaccuracy estimation
======================================================================================================
                   i        i+δi          P0_overlap_P1   δε(forward)/ε   δε(backward)/ε
======================================================================================================
inaccuracy:  0.00000        0.05000           35.11           -0.04            2.02
inaccuracy:  0.05000        0.10000           45.97           -0.05            1.02
inaccuracy:  0.10000        0.15000           56.27           -0.03            0.54
inaccuracy:  0.15000        0.20000           62.53           -0.02            0.35
inaccuracy:  0.20000        0.25000           65.87           -0.02            0.25
inaccuracy:  0.25000        0.30000           66.08           -0.02            0.19
inaccuracy:  0.30000        0.35000           71.43           -0.02            0.15
inaccuracy:  0.35000        0.40000           71.36           -0.01            0.14
inaccuracy:  0.40000        0.45000           71.47           -0.02            0.12
inaccuracy:  0.45000        0.50000           73.40           -0.01            0.12
inaccuracy:  0.50000        0.55000           70.48           -0.03            0.12
inaccuracy:  0.55000        0.60000           73.07           -0.02            0.11
inaccuracy:  0.60000        0.65000           72.11           -0.03            0.10
inaccuracy:  0.65000        0.70000           72.31           -0.03            0.09
inaccuracy:  0.70000        0.75000           72.84           -0.03            0.10
inaccuracy:  0.75000        0.80000           72.66           -0.03            0.09
inaccuracy:  0.80000        0.85000           71.70           -0.03            0.09
inaccuracy:  0.85000        0.90000           71.74           -0.03            0.09
inaccuracy:  0.90000        0.95000           72.09           -0.03            0.09
inaccuracy:  0.95000        1.00000           71.97           -0.02            0.09
===================================================================================================================================
                BAR        
-----------------------------------------------------------------------------------------------------------------------------------
BAR-estimator:         λ             λ+δλ          ΔΔA             ΔA            C               Δδe            δe       
                          
-----------------------------------------------------------------------------------------------------------------------------------
BAR-estimator:      0.00000        0.05000        1.6238         1.6238         1.6238         0.0129         0.0129 
BAR-estimator:      0.05000        0.10000        0.8936         2.5174         0.8936         0.0099         0.0162 
BAR-estimator:      0.10000        0.15000        0.4951         3.0125         0.4951         0.0073         0.0178 
BAR-estimator:      0.15000        0.20000        0.2865         3.2991         0.2865         0.0058         0.0188 
BAR-estimator:      0.20000        0.25000        0.1596         3.4587         0.1596         0.0049         0.0194 
BAR-estimator:      0.25000        0.30000        0.0853         3.5440         0.0853         0.0043         0.0199 
BAR-estimator:      0.30000        0.35000        0.0254         3.5694         0.0254         0.0037         0.0202 
BAR-estimator:      0.35000        0.40000       -0.0154         3.5540        -0.0154         0.0040         0.0206 
BAR-estimator:      0.40000        0.45000       -0.0464         3.5076        -0.0464         0.0032         0.0208 
BAR-estimator:      0.45000        0.50000       -0.0735         3.4341        -0.0735         0.0033         0.0211 
BAR-estimator:      0.50000        0.55000       -0.0953         3.3387        -0.0953         0.0034         0.0214 
BAR-estimator:      0.55000        0.60000       -0.1512         3.1875        -0.1512         0.0035         0.0216 
BAR-estimator:      0.60000        0.65000       -0.1874         3.0001        -0.1874         0.0036         0.0219 
BAR-estimator:      0.65000        0.70000       -0.2119         2.7882        -0.2119         0.0031         0.0222 
BAR-estimator:      0.70000        0.75000       -0.2330         2.5552        -0.2330         0.0032         0.0224 
BAR-estimator:      0.75000        0.80000       -0.2488         2.3064        -0.2488         0.0031         0.0226 
BAR-estimator:      0.80000        0.85000       -0.2666         2.0398        -0.2666         0.0032         0.0228 
BAR-estimator:      0.85000        0.90000       -0.2785         1.7613        -0.2785         0.0034         0.0231 
BAR-estimator:      0.90000        0.95000       -0.2858         1.4754        -0.2858         0.0032         0.0233 
BAR-estimator:      0.95000        1.00000       -0.2922         1.1832        -0.2922         0.0031         0.0235 
BAR-estimator: total free energy change is 1.1832060868855896 , total error is 0.023504287092485282
