#========================================================================================
#                     Free energy perturbation    
#----------------------------------------------------------------------------------------
#forward/backward          λ              ΔΔA                 ΔA                  δε   
#                                                 
#----------------------------------------------------------------------------------------
forward:               0.0000              0.0000              0.0000              0.0000  
forward:               0.0500              1.6464              1.6464              0.0274  
forward:               0.1000              1.0248              2.6712              0.0334  
forward:               0.1500              0.5745              3.2458              0.0358  
forward:               0.2000              0.3113              3.5570              0.0370  
forward:               0.2500              0.1856              3.7426              0.0380  
forward:               0.3000              0.1090              3.8516              0.0386  
forward:               0.3500              0.0650              3.9167              0.0391  
forward:               0.4000              0.0158              3.9325              0.0395  
forward:               0.4500             -0.0089              3.9236              0.0398  
forward:               0.5000             -0.0399              3.8837              0.0402  
forward:               0.5500             -0.0525              3.8312              0.0405  
forward:               0.6000             -0.0727              3.7585              0.0407  
forward:               0.6500             -0.0744              3.6840              0.0409  
forward:               0.7000             -0.0930              3.5910              0.0413  
forward:               0.7500             -0.0952              3.4958              0.0415  
forward:               0.8000             -0.1057              3.3902              0.0417  
forward:               0.8500             -0.1106              3.2796              0.0419  
forward:               0.9000             -0.1211              3.1585              0.0421  
forward:               0.9500             -0.1195              3.0390              0.0423  
forward:               1.0000             -0.1252              2.9138              0.0424  
backward:              1.0000              0.0000              2.9138              0.0000  
backward:              0.9500              0.1211              3.0349              0.0043  
backward:              0.9000              0.1270              3.1619              0.0060  
backward:              0.8500              0.1156              3.2775              0.0080  
backward:              0.8000              0.1051              3.3826              0.0102  
backward:              0.7500              0.1110              3.4936              0.0111  
backward:              0.7000              0.0980              3.5916              0.0120  
backward:              0.6500              0.0901              3.6817              0.0130  
backward:              0.6000              0.0839              3.7656              0.0143  
backward:              0.5500              0.0589              3.8245              0.0156  
backward:              0.5000              0.0419              3.8663              0.0167  
backward:              0.4500              0.0461              3.9124              0.0174  
backward:              0.4000              0.0066              3.9191              0.0188  
backward:              0.3500             -0.0145              3.9046              0.0198  
backward:              0.3000             -0.0548              3.8498              0.0209  
backward:              0.2500             -0.1087              3.7410              0.0229  
backward:              0.2000             -0.1762              3.5649              0.0246  
backward:              0.1500             -0.3044              3.2604              0.0276  
backward:              0.1000             -0.5908              2.6697              0.0370  
backward:              0.0500             -1.0200              1.6496              0.0650  
backward:              0.0000             -1.6229              0.0267              0.0715  
Inaccuracy estimation
======================================================================================================
                   i        i+δi          P0_overlap_P1   δε(forward)/ε   δε(backward)/ε
======================================================================================================
inaccuracy:  0.00000        0.05000           37.75           -0.03            1.73
inaccuracy:  0.05000        0.10000           43.53           -0.04            1.16
inaccuracy:  0.10000        0.15000           54.32           -0.03            0.63
inaccuracy:  0.15000        0.20000           61.42           -0.02            0.34
inaccuracy:  0.20000        0.25000           64.83           -0.02            0.27
inaccuracy:  0.25000        0.30000           68.29           -0.02            0.19
inaccuracy:  0.30000        0.35000           69.26           -0.01            0.17
inaccuracy:  0.35000        0.40000           70.96           -0.02            0.15
inaccuracy:  0.40000        0.45000           71.69           -0.02            0.13
inaccuracy:  0.45000        0.50000           72.41           -0.02            0.11
inaccuracy:  0.50000        0.55000           74.09           -0.01            0.11
inaccuracy:  0.55000        0.60000           73.97           -0.02            0.11
inaccuracy:  0.60000        0.65000           72.35           -0.02            0.11
inaccuracy:  0.65000        0.70000           73.20           -0.02            0.10
inaccuracy:  0.70000        0.75000           73.27           -0.02            0.10
inaccuracy:  0.75000        0.80000           72.77           -0.02            0.10
inaccuracy:  0.80000        0.85000           73.75           -0.02            0.10
inaccuracy:  0.85000        0.90000           73.73           -0.02            0.10
inaccuracy:  0.90000        0.95000           72.73           -0.02            0.10
inaccuracy:  0.95000        1.00000           73.58           -0.02            0.09
===================================================================================================================================
                BAR        
-----------------------------------------------------------------------------------------------------------------------------------
BAR-estimator:         λ             λ+δλ          ΔΔA             ΔA            C               Δδe            δe       
                          
-----------------------------------------------------------------------------------------------------------------------------------
BAR-estimator:      0.00000        0.05000        1.6647         1.6647         1.6647         0.0143         0.0143 
BAR-estimator:      0.05000        0.10000        1.0252         2.6898         1.0252         0.0106         0.0178 
BAR-estimator:      0.10000        0.15000        0.5791         3.2690         0.5791         0.0084         0.0197 
BAR-estimator:      0.15000        0.20000        0.3081         3.5771         0.3081         0.0062         0.0206 
BAR-estimator:      0.20000        0.25000        0.1849         3.7620         0.1849         0.0054         0.0213 
BAR-estimator:      0.25000        0.30000        0.1074         3.8694         0.1074         0.0047         0.0219 
BAR-estimator:      0.30000        0.35000        0.0620         3.9314         0.0620         0.0043         0.0223 
BAR-estimator:      0.35000        0.40000        0.0171         3.9485         0.0171         0.0042         0.0227 
BAR-estimator:      0.40000        0.45000       -0.0091         3.9393        -0.0091         0.0035         0.0229 
BAR-estimator:      0.45000        0.50000       -0.0427         3.8966        -0.0427         0.0032         0.0232 
BAR-estimator:      0.50000        0.55000       -0.0481         3.8485        -0.0481         0.0032         0.0234 
BAR-estimator:      0.55000        0.60000       -0.0677         3.7808        -0.0677         0.0031         0.0236 
BAR-estimator:      0.60000        0.65000       -0.0791         3.7017        -0.0791         0.0031         0.0238 
BAR-estimator:      0.65000        0.70000       -0.0943         3.6074        -0.0943         0.0038         0.0241 
BAR-estimator:      0.70000        0.75000       -0.0960         3.5114        -0.0960         0.0031         0.0243 
BAR-estimator:      0.75000        0.80000       -0.1086         3.4027        -0.1086         0.0032         0.0245 
BAR-estimator:      0.80000        0.85000       -0.1105         3.2922        -0.1105         0.0034         0.0247 
BAR-estimator:      0.85000        0.90000       -0.1194         3.1728        -0.1194         0.0036         0.0250 
BAR-estimator:      0.90000        0.95000       -0.1210         3.0518        -0.1210         0.0034         0.0252 
BAR-estimator:      0.95000        1.00000       -0.1242         2.9276        -0.1242         0.0033         0.0254 
BAR-estimator: total free energy change is 2.927624785591999 , total error is 0.02544032790455477
