#========================================================================================
#                     Free energy perturbation    
#----------------------------------------------------------------------------------------
#forward/backward          λ              ΔΔA                 ΔA                  δε   
#                                                 
#----------------------------------------------------------------------------------------
forward:               0.0000              0.0000              0.0000              0.0000  
forward:               0.0500              1.6627              1.6627              0.0211  
forward:               0.1000              1.0587              2.7214              0.0262  
forward:               0.1500              0.5966              3.3180              0.0282  
forward:               0.2000              0.3839              3.7019              0.0298  
forward:               0.2500              0.2213              3.9233              0.0308  
forward:               0.3000              0.1210              4.0443              0.0314  
forward:               0.3500              0.0799              4.1242              0.0320  
forward:               0.4000              0.0195              4.1436              0.0324  
forward:               0.4500             -0.0062              4.1375              0.0330  
forward:               0.5000             -0.0428              4.0946              0.0333  
forward:               0.5500             -0.1446              3.9500              0.0336  
forward:               0.6000             -0.3156              3.6344              0.0341  
forward:               0.6500             -0.4704              3.1640              0.0346  
forward:               0.7000             -0.6104              2.5535              0.0350  
forward:               0.7500             -0.7138              1.8397              0.0353  
forward:               0.8000             -0.7838              1.0559              0.0357  
forward:               0.8500             -0.8246              0.2313              0.0361  
forward:               0.9000             -0.8585             -0.6272              0.0365  
forward:               0.9500             -0.8757             -1.5029              0.0369  
forward:               1.0000             -0.8789             -2.3818              0.0371  
backward:              1.0000              0.0000             -2.3818              0.0000  
backward:              0.9500              0.8709             -1.5109              0.0061  
backward:              0.9000              0.8670             -0.6440              0.0085  
backward:              0.8500              0.8565              0.2125              0.0103  
backward:              0.8000              0.8261              1.0386              0.0121  
backward:              0.7500              0.7746              1.8132              0.0142  
backward:              0.7000              0.7053              2.5185              0.0154  
backward:              0.6500              0.6087              3.1272              0.0167  
backward:              0.6000              0.4746              3.6018              0.0188  
backward:              0.5500              0.3146              3.9164              0.0200  
backward:              0.5000              0.1440              4.0605              0.0212  
backward:              0.4500              0.0401              4.1005              0.0220  
backward:              0.4000             -0.0031              4.0974              0.0232  
backward:              0.3500             -0.0275              4.0699              0.0242  
backward:              0.3000             -0.0641              4.0058              0.0254  
backward:              0.2500             -0.1396              3.8662              0.0278  
backward:              0.2000             -0.2153              3.6509              0.0294  
backward:              0.1500             -0.3621              3.2889              0.0328  
backward:              0.1000             -0.6244              2.6645              0.0368  
backward:              0.0500             -1.0955              1.5690              0.0510  
backward:              0.0000             -1.6852             -0.1162              0.0601  
Inaccuracy estimation
======================================================================================================
                   i        i+δi          P0_overlap_P1   δε(forward)/ε   δε(backward)/ε
======================================================================================================
inaccuracy:  0.00000        0.05000           36.67           -0.03            1.83
inaccuracy:  0.05000        0.10000           43.89           -0.04            1.10
inaccuracy:  0.10000        0.15000           54.57           -0.03            0.61
inaccuracy:  0.15000        0.20000           58.15           -0.02            0.42
inaccuracy:  0.20000        0.25000           63.74           -0.03            0.28
inaccuracy:  0.25000        0.30000           67.96           -0.02            0.20
inaccuracy:  0.30000        0.35000           67.56           -0.03            0.19
inaccuracy:  0.35000        0.40000           70.03           -0.02            0.16
inaccuracy:  0.40000        0.45000           70.99           -0.02            0.15
inaccuracy:  0.45000        0.50000           72.07           -0.02            0.13
inaccuracy:  0.50000        0.55000           66.13           -0.07            0.16
inaccuracy:  0.55000        0.60000           66.57           -0.08            0.13
inaccuracy:  0.60000        0.65000           65.52           -0.08            0.11
inaccuracy:  0.65000        0.70000           66.15           -0.09            0.09
inaccuracy:  0.70000        0.75000           67.14           -0.10            0.08
inaccuracy:  0.75000        0.80000           67.15           -0.09            0.07
inaccuracy:  0.80000        0.85000           66.53           -0.09            0.07
inaccuracy:  0.85000        0.90000           66.64           -0.09            0.07
inaccuracy:  0.90000        0.95000           66.51           -0.10            0.07
inaccuracy:  0.95000        1.00000           65.71           -0.09            0.07
===================================================================================================================================
                BAR        
-----------------------------------------------------------------------------------------------------------------------------------
BAR-estimator:         λ             λ+δλ          ΔΔA             ΔA            C               Δδe            δe       
                          
-----------------------------------------------------------------------------------------------------------------------------------
BAR-estimator:      0.00000        0.05000        1.6915         1.6915         1.6915         0.0098         0.0098 
BAR-estimator:      0.05000        0.10000        1.0534         2.7449         1.0534         0.0098         0.0139 
BAR-estimator:      0.10000        0.15000        0.6087         3.3537         0.6087         0.0070         0.0156 
BAR-estimator:      0.15000        0.20000        0.3761         3.7298         0.3761         0.0060         0.0167 
BAR-estimator:      0.20000        0.25000        0.2193         3.9491         0.2193         0.0056         0.0176 
BAR-estimator:      0.25000        0.30000        0.1262         4.0753         0.1262         0.0040         0.0181 
BAR-estimator:      0.30000        0.35000        0.0719         4.1472         0.0719         0.0042         0.0186 
BAR-estimator:      0.35000        0.40000        0.0219         4.1691         0.0219         0.0036         0.0189 
BAR-estimator:      0.40000        0.45000       -0.0040         4.1651        -0.0040         0.0040         0.0193 
BAR-estimator:      0.45000        0.50000       -0.0408         4.1242        -0.0408         0.0031         0.0196 
BAR-estimator:      0.50000        0.55000       -0.1438         3.9804        -0.1438         0.0035         0.0199 
BAR-estimator:      0.55000        0.60000       -0.3142         3.6662        -0.3142         0.0029         0.0201 
BAR-estimator:      0.60000        0.65000       -0.4706         3.1956        -0.4706         0.0036         0.0204 
BAR-estimator:      0.65000        0.70000       -0.6123         2.5833        -0.6123         0.0036         0.0207 
BAR-estimator:      0.70000        0.75000       -0.7107         1.8727        -0.7107         0.0043         0.0212 
BAR-estimator:      0.75000        0.80000       -0.7813         1.0914        -0.7813         0.0042         0.0216 
BAR-estimator:      0.80000        0.85000       -0.8235         0.2679        -0.8235         0.0040         0.0220 
BAR-estimator:      0.85000        0.90000       -0.8576        -0.5898        -0.8576         0.0041         0.0223 
BAR-estimator:      0.90000        0.95000       -0.8714        -1.4612        -0.8714         0.0035         0.0226 
BAR-estimator:      0.95000        1.00000       -0.8756        -2.3368        -0.8756         0.0033         0.0229 
BAR-estimator: total free energy change is -2.3367673286495694 , total error is 0.02286452245216829
