#========================================================================================
#                     Free energy perturbation    
#----------------------------------------------------------------------------------------
#forward/backward          λ              ΔΔA                 ΔA                  δε   
#                                                 
#----------------------------------------------------------------------------------------
forward:               0.0000              0.0000              0.0000              0.0000  
forward:               0.0500              2.4033              2.4033              0.0312  
forward:               0.1000              1.3322              3.7355              0.0387  
forward:               0.1500              0.6112              4.3467              0.0416  
forward:               0.2000              0.3042              4.6509              0.0426  
forward:               0.2500              0.1459              4.7968              0.0434  
forward:               0.3000              0.0365              4.8333              0.0441  
forward:               0.3500             -0.0197              4.8136              0.0446  
forward:               0.4000             -0.0650              4.7486              0.0449  
forward:               0.4500             -0.0996              4.6489              0.0453  
forward:               0.5000             -0.1313              4.5176              0.0456  
forward:               0.5500             -0.2138              4.3038              0.0465  
forward:               0.6000             -0.3811              3.9227              0.0468  
forward:               0.6500             -0.5149              3.4078              0.0472  
forward:               0.7000             -0.6315              2.7763              0.0475  
forward:               0.7500             -0.7304              2.0460              0.0479  
forward:               0.8000             -0.8167              1.2293              0.0482  
forward:               0.8500             -0.8713              0.3580              0.0485  
forward:               0.9000             -0.9361             -0.5781              0.0487  
forward:               0.9500             -0.9588             -1.5369              0.0490  
forward:               1.0000             -0.9975             -2.5344              0.0495  
backward:              1.0000              0.0000             -2.5344              0.0000  
backward:              0.9500              0.9821             -1.5523              0.0062  
backward:              0.9000              0.9644             -0.5879              0.0094  
backward:              0.8500              0.9349              0.3470              0.0113  
backward:              0.8000              0.8720              1.2189              0.0128  
backward:              0.7500              0.8166              2.0356              0.0150  
backward:              0.7000              0.7244              2.7600              0.0162  
backward:              0.6500              0.6202              3.3802              0.0176  
backward:              0.6000              0.5183              3.8985              0.0186  
backward:              0.5500              0.3804              4.2789              0.0199  
backward:              0.5000              0.1943              4.4732              0.0215  
backward:              0.4500              0.1376              4.6108              0.0224  
backward:              0.4000              0.1060              4.7167              0.0232  
backward:              0.3500              0.0833              4.8000              0.0243  
backward:              0.3000              0.0057              4.8057              0.0253  
backward:              0.2500             -0.0281              4.7776              0.0265  
backward:              0.2000             -0.1508              4.6268              0.0285  
backward:              0.1500             -0.2895              4.3374              0.0313  
backward:              0.1000             -0.5936              3.7438              0.0452  
backward:              0.0500             -1.3708              2.3730              0.0855  
backward:              0.0000             -2.3992             -0.0262              0.1017  
Inaccuracy estimation
======================================================================================================
                   i        i+δi          P0_overlap_P1   δε(forward)/ε   δε(backward)/ε
======================================================================================================
inaccuracy:  0.00000        0.05000           28.00            0.05            2.87
inaccuracy:  0.05000        0.10000           36.87           -0.07            1.67
inaccuracy:  0.10000        0.15000           50.96           -0.04            0.80
inaccuracy:  0.15000        0.20000           58.91           -0.03            0.42
inaccuracy:  0.20000        0.25000           64.35           -0.02            0.28
inaccuracy:  0.25000        0.30000           67.10           -0.02            0.20
inaccuracy:  0.30000        0.35000           69.60           -0.02            0.16
inaccuracy:  0.35000        0.40000           68.99           -0.03            0.15
inaccuracy:  0.40000        0.45000           71.10           -0.03            0.14
inaccuracy:  0.45000        0.50000           71.19           -0.02            0.11
inaccuracy:  0.50000        0.55000           65.93           -0.06            0.15
inaccuracy:  0.55000        0.60000           66.70           -0.06            0.12
inaccuracy:  0.60000        0.65000           67.21           -0.08            0.10
inaccuracy:  0.65000        0.70000           68.15           -0.09            0.08
inaccuracy:  0.70000        0.75000           68.73           -0.09            0.07
inaccuracy:  0.75000        0.80000           67.60           -0.09            0.06
inaccuracy:  0.80000        0.85000           67.54           -0.09            0.06
inaccuracy:  0.85000        0.90000           67.97           -0.08            0.05
inaccuracy:  0.90000        0.95000           66.63           -0.10            0.05
inaccuracy:  0.95000        1.00000           68.02           -0.09            0.05
===================================================================================================================================
                BAR        
-----------------------------------------------------------------------------------------------------------------------------------
BAR-estimator:         λ             λ+δλ          ΔΔA             ΔA            C               Δδe            δe       
                          
-----------------------------------------------------------------------------------------------------------------------------------
BAR-estimator:      0.00000        0.05000        2.4002         2.4002         2.4002         0.0147         0.0147 
BAR-estimator:      0.05000        0.10000        1.3044         3.7046         1.3044         0.0137         0.0201 
BAR-estimator:      0.10000        0.15000        0.6189         4.3235         0.6189         0.0093         0.0221 
BAR-estimator:      0.15000        0.20000        0.2998         4.6233         0.2998         0.0061         0.0229 
BAR-estimator:      0.20000        0.25000        0.1470         4.7703         0.1470         0.0059         0.0237 
BAR-estimator:      0.25000        0.30000        0.0362         4.8065         0.0362         0.0059         0.0244 
BAR-estimator:      0.30000        0.35000       -0.0140         4.7924        -0.0140         0.0042         0.0247 
BAR-estimator:      0.35000        0.40000       -0.0705         4.7219        -0.0705         0.0038         0.0250 
BAR-estimator:      0.40000        0.45000       -0.1011         4.6208        -0.1011         0.0040         0.0253 
BAR-estimator:      0.45000        0.50000       -0.1345         4.4863        -0.1345         0.0037         0.0256 
BAR-estimator:      0.50000        0.55000       -0.2064         4.2799        -0.2064         0.0053         0.0262 
BAR-estimator:      0.55000        0.60000       -0.3805         3.8994        -0.3805         0.0040         0.0265 
BAR-estimator:      0.60000        0.65000       -0.5164         3.3830        -0.5164         0.0043         0.0268 
BAR-estimator:      0.65000        0.70000       -0.6291         2.7539        -0.6291         0.0034         0.0270 
BAR-estimator:      0.70000        0.75000       -0.7281         2.0258        -0.7281         0.0043         0.0274 
BAR-estimator:      0.75000        0.80000       -0.8197         1.2061        -0.8197         0.0038         0.0276 
BAR-estimator:      0.80000        0.85000       -0.8711         0.3351        -0.8711         0.0039         0.0279 
BAR-estimator:      0.85000        0.90000       -0.9341        -0.5990        -0.9341         0.0040         0.0282 
BAR-estimator:      0.90000        0.95000       -0.9648        -1.5638        -0.9648         0.0041         0.0285 
BAR-estimator:      0.95000        1.00000       -0.9916        -2.5554        -0.9916         0.0050         0.0289 
BAR-estimator: total free energy change is -2.5554292843425657 , total error is 0.02891451807291475
