#========================================================================================
#                     Free energy perturbation    
#----------------------------------------------------------------------------------------
#forward/backward          λ              ΔΔA                 ΔA                  δε   
#                                                 
#----------------------------------------------------------------------------------------
forward:               0.0000              0.0000              0.0000              0.0000  
forward:               0.0500              1.4195              1.4195              0.0206  
forward:               0.1000              0.8353              2.2547              0.0260  
forward:               0.1500              0.5337              2.7884              0.0280  
forward:               0.2000              0.3275              3.1159              0.0299  
forward:               0.2500              0.2261              3.3420              0.0303  
forward:               0.3000              0.1390              3.4810              0.0313  
forward:               0.3500              0.1116              3.5927              0.0319  
forward:               0.4000              0.0573              3.6500              0.0322  
forward:               0.4500              0.0383              3.6883              0.0327  
forward:               0.5000              0.0113              3.6996              0.0330  
forward:               0.5500              0.0040              3.7035              0.0334  
forward:               0.6000             -0.0200              3.6835              0.0337  
forward:               0.6500             -0.0285              3.6551              0.0339  
forward:               0.7000             -0.0424              3.6126              0.0341  
forward:               0.7500             -0.0508              3.5619              0.0344  
forward:               0.8000             -0.0614              3.5005              0.0347  
forward:               0.8500             -0.0666              3.4339              0.0349  
forward:               0.9000             -0.0807              3.3532              0.0351  
forward:               0.9500             -0.0775              3.2757              0.0353  
forward:               1.0000             -0.0806              3.1951              0.0355  
backward:              1.0000              0.0000              3.1951              0.0000  
backward:              0.9500              0.0901              3.2852              0.0047  
backward:              0.9000              0.0729              3.3581              0.0074  
backward:              0.8500              0.0727              3.4308              0.0084  
backward:              0.8000              0.0615              3.4922              0.0099  
backward:              0.7500              0.0630              3.5552              0.0110  
backward:              0.7000              0.0512              3.6065              0.0117  
backward:              0.6500              0.0412              3.6477              0.0131  
backward:              0.6000              0.0204              3.6681              0.0144  
backward:              0.5500              0.0204              3.6884              0.0152  
backward:              0.5000              0.0015              3.6899              0.0161  
backward:              0.4500             -0.0186              3.6713              0.0180  
backward:              0.4000             -0.0328              3.6385              0.0189  
backward:              0.3500             -0.0583              3.5802              0.0199  
backward:              0.3000             -0.1055              3.4747              0.0209  
backward:              0.2500             -0.1375              3.3372              0.0225  
backward:              0.2000             -0.2137              3.1235              0.0242  
backward:              0.1500             -0.3399              2.7836              0.0270  
backward:              0.1000             -0.5526              2.2310              0.0307  
backward:              0.0500             -0.8806              1.3503              0.0423  
backward:              0.0000             -1.4002             -0.0499              0.0511  
Inaccuracy estimation
======================================================================================================
                   i        i+δi          P0_overlap_P1   δε(forward)/ε   δε(backward)/ε
======================================================================================================
inaccuracy:  0.00000        0.05000           40.17           -0.03            1.39
inaccuracy:  0.05000        0.10000           50.64           -0.03            0.84
inaccuracy:  0.10000        0.15000           57.63           -0.03            0.51
inaccuracy:  0.15000        0.20000           63.67           -0.02            0.33
inaccuracy:  0.20000        0.25000           66.05           -0.01            0.26
inaccuracy:  0.25000        0.30000           68.75           -0.02            0.18
inaccuracy:  0.30000        0.35000           69.45           -0.01            0.18
inaccuracy:  0.35000        0.40000           71.60           -0.01            0.14
inaccuracy:  0.40000        0.45000           71.42           -0.02            0.13
inaccuracy:  0.45000        0.50000           72.46           -0.01            0.12
inaccuracy:  0.50000        0.55000           72.38           -0.02            0.13
inaccuracy:  0.55000        0.60000           73.28           -0.02            0.12
inaccuracy:  0.60000        0.65000           73.89           -0.01            0.10
inaccuracy:  0.65000        0.70000           73.10           -0.02            0.10
inaccuracy:  0.70000        0.75000           73.74           -0.01            0.11
inaccuracy:  0.75000        0.80000           73.72           -0.02            0.10
inaccuracy:  0.80000        0.85000           73.81           -0.02            0.10
inaccuracy:  0.85000        0.90000           74.62           -0.02            0.09
inaccuracy:  0.90000        0.95000           73.13           -0.02            0.11
inaccuracy:  0.95000        1.00000           72.29           -0.01            0.11
===================================================================================================================================
                BAR        
-----------------------------------------------------------------------------------------------------------------------------------
BAR-estimator:         λ             λ+δλ          ΔΔA             ΔA            C               Δδe            δe       
                          
-----------------------------------------------------------------------------------------------------------------------------------
BAR-estimator:      0.00000        0.05000        1.4142         1.4142         1.4142         0.0115         0.0115 
BAR-estimator:      0.05000        0.10000        0.8477         2.2618         0.8477         0.0094         0.0148 
BAR-estimator:      0.10000        0.15000        0.5393         2.8011         0.5393         0.0070         0.0164 
BAR-estimator:      0.15000        0.20000        0.3333         3.1344         0.3333         0.0065         0.0176 
BAR-estimator:      0.20000        0.25000        0.2245         3.3589         0.2245         0.0032         0.0179 
BAR-estimator:      0.25000        0.30000        0.1357         3.4947         0.1357         0.0047         0.0185 
BAR-estimator:      0.30000        0.35000        0.1109         3.6056         0.1109         0.0042         0.0190 
BAR-estimator:      0.35000        0.40000        0.0567         3.6623         0.0567         0.0036         0.0193 
BAR-estimator:      0.40000        0.45000        0.0367         3.6990         0.0367         0.0037         0.0197 
BAR-estimator:      0.45000        0.50000        0.0115         3.7105         0.0115         0.0033         0.0200 
BAR-estimator:      0.50000        0.55000        0.0045         3.7150         0.0045         0.0034         0.0203 
BAR-estimator:      0.55000        0.60000       -0.0201         3.6949        -0.0201         0.0032         0.0205 
BAR-estimator:      0.60000        0.65000       -0.0263         3.6686        -0.0263         0.0033         0.0208 
BAR-estimator:      0.65000        0.70000       -0.0437         3.6249        -0.0437         0.0030         0.0210 
BAR-estimator:      0.70000        0.75000       -0.0506         3.5743        -0.0506         0.0034         0.0213 
BAR-estimator:      0.75000        0.80000       -0.0621         3.5122        -0.0621         0.0031         0.0215 
BAR-estimator:      0.80000        0.85000       -0.0664         3.4458        -0.0664         0.0031         0.0217 
BAR-estimator:      0.85000        0.90000       -0.0774         3.3684        -0.0774         0.0031         0.0219 
BAR-estimator:      0.90000        0.95000       -0.0779         3.2904        -0.0779         0.0032         0.0222 
BAR-estimator:      0.95000        1.00000       -0.0827         3.2077        -0.0827         0.0034         0.0224 
BAR-estimator: total free energy change is 3.207738189930392 , total error is 0.022431537203789046
