#========================================================================================
#                     Free energy perturbation    
#----------------------------------------------------------------------------------------
#forward/backward          λ              ΔΔA                 ΔA                  δε   
#                                                 
#----------------------------------------------------------------------------------------
forward:               0.0000              0.0000              0.0000              0.0000  
forward:               0.0500              2.1037              2.1037              0.0250  
forward:               0.1000              1.1246              3.2282              0.0301  
forward:               0.1500              0.5851              3.8133              0.0330  
forward:               0.2000              0.3385              4.1519              0.0353  
forward:               0.2500              0.1853              4.3372              0.0360  
forward:               0.3000              0.0901              4.4273              0.0366  
forward:               0.3500              0.0265              4.4539              0.0370  
forward:               0.4000             -0.0235              4.4304              0.0373  
forward:               0.4500             -0.0635              4.3668              0.0376  
forward:               0.5000             -0.0776              4.2892              0.0379  
forward:               0.5500             -0.1439              4.1453              0.0381  
forward:               0.6000             -0.2153              3.9299              0.0384  
forward:               0.6500             -0.2753              3.6546              0.0387  
forward:               0.7000             -0.3277              3.3269              0.0388  
forward:               0.7500             -0.3778              2.9491              0.0390  
forward:               0.8000             -0.4133              2.5358              0.0392  
forward:               0.8500             -0.4505              2.0853              0.0394  
forward:               0.9000             -0.4749              1.6104              0.0396  
forward:               0.9500             -0.4996              1.1108              0.0398  
forward:               1.0000             -0.5287              0.5821              0.0400  
backward:              1.0000              0.0000              0.5821              0.0000  
backward:              0.9500              0.5189              1.1011              0.0051  
backward:              0.9000              0.4970              1.5981              0.0070  
backward:              0.8500              0.4740              2.0721              0.0086  
backward:              0.8000              0.4587              2.5309              0.0097  
backward:              0.7500              0.4048              2.9357              0.0112  
backward:              0.7000              0.3758              3.3115              0.0123  
backward:              0.6500              0.3413              3.6527              0.0132  
backward:              0.6000              0.2780              3.9307              0.0141  
backward:              0.5500              0.2120              4.1428              0.0152  
backward:              0.5000              0.1360              4.2788              0.0166  
backward:              0.4500              0.0822              4.3610              0.0176  
backward:              0.4000              0.0632              4.4242              0.0185  
backward:              0.3500              0.0086              4.4328              0.0196  
backward:              0.3000             -0.0258              4.4070              0.0210  
backward:              0.2500             -0.1055              4.3015              0.0229  
backward:              0.2000             -0.1946              4.1069              0.0257  
backward:              0.1500             -0.3476              3.7594              0.0294  
backward:              0.1000             -0.6233              3.1361              0.0390  
backward:              0.0500             -1.1134              2.0227              0.0457  
backward:              0.0000             -1.9552              0.0675              0.0637  
Inaccuracy estimation
======================================================================================================
                   i        i+δi          P0_overlap_P1   δε(forward)/ε   δε(backward)/ε
======================================================================================================
inaccuracy:  0.00000        0.05000           27.02           -0.02            3.62
inaccuracy:  0.05000        0.10000           42.42           -0.05            1.24
inaccuracy:  0.10000        0.15000           53.92           -0.03            0.64
inaccuracy:  0.15000        0.20000           60.30           -0.02            0.37
inaccuracy:  0.20000        0.25000           64.54           -0.02            0.24
inaccuracy:  0.25000        0.30000           67.53           -0.02            0.20
inaccuracy:  0.30000        0.35000           69.49           -0.03            0.16
inaccuracy:  0.35000        0.40000           72.07           -0.02            0.14
inaccuracy:  0.40000        0.45000           71.06           -0.02            0.13
inaccuracy:  0.45000        0.50000           71.45           -0.02            0.11
inaccuracy:  0.50000        0.55000           69.97           -0.04            0.12
inaccuracy:  0.55000        0.60000           70.34           -0.04            0.11
inaccuracy:  0.60000        0.65000           71.06           -0.05            0.10
inaccuracy:  0.65000        0.70000           70.47           -0.05            0.09
inaccuracy:  0.70000        0.75000           71.58           -0.04            0.09
inaccuracy:  0.75000        0.80000           72.08           -0.04            0.08
inaccuracy:  0.80000        0.85000           71.20           -0.05            0.08
inaccuracy:  0.85000        0.90000           71.80           -0.04            0.08
inaccuracy:  0.90000        0.95000           71.56           -0.05            0.07
inaccuracy:  0.95000        1.00000           71.01           -0.04            0.07
===================================================================================================================================
                BAR        
-----------------------------------------------------------------------------------------------------------------------------------
BAR-estimator:         λ             λ+δλ          ΔΔA             ΔA            C               Δδe            δe       
                          
-----------------------------------------------------------------------------------------------------------------------------------
BAR-estimator:      0.00000        0.05000        2.1007         2.1007         2.1007         0.0119         0.0119 
BAR-estimator:      0.05000        0.10000        1.1130         3.2137         1.1130         0.0083         0.0146 
BAR-estimator:      0.10000        0.15000        0.5954         3.8091         0.5954         0.0084         0.0168 
BAR-estimator:      0.15000        0.20000        0.3408         4.1499         0.3408         0.0074         0.0184 
BAR-estimator:      0.20000        0.25000        0.1859         4.3358         0.1859         0.0051         0.0190 
BAR-estimator:      0.25000        0.30000        0.0915         4.4273         0.0915         0.0044         0.0195 
BAR-estimator:      0.30000        0.35000        0.0271         4.4544         0.0271         0.0038         0.0199 
BAR-estimator:      0.35000        0.40000       -0.0172         4.4372        -0.0172         0.0036         0.0202 
BAR-estimator:      0.40000        0.45000       -0.0647         4.3724        -0.0647         0.0034         0.0205 
BAR-estimator:      0.45000        0.50000       -0.0819         4.2906        -0.0819         0.0031         0.0207 
BAR-estimator:      0.50000        0.55000       -0.1429         4.1476        -0.1429         0.0034         0.0210 
BAR-estimator:      0.55000        0.60000       -0.2176         3.9301        -0.2176         0.0033         0.0213 
BAR-estimator:      0.60000        0.65000       -0.2758         3.6543        -0.2758         0.0032         0.0215 
BAR-estimator:      0.65000        0.70000       -0.3316         3.3227        -0.3316         0.0026         0.0217 
BAR-estimator:      0.70000        0.75000       -0.3770         2.9457        -0.3770         0.0039         0.0220 
BAR-estimator:      0.75000        0.80000       -0.4114         2.5343        -0.4114         0.0032         0.0222 
BAR-estimator:      0.80000        0.85000       -0.4519         2.0824        -0.4519         0.0032         0.0225 
BAR-estimator:      0.85000        0.90000       -0.4724         1.6101        -0.4724         0.0031         0.0227 
BAR-estimator:      0.90000        0.95000       -0.4985         1.1116        -0.4985         0.0033         0.0229 
BAR-estimator:      0.95000        1.00000       -0.5270         0.5846        -0.5270         0.0030         0.0231 
BAR-estimator: total free energy change is 0.5845595090408293 , total error is 0.023098193657831907
