#========================================================================================
#                     Free energy perturbation    
#----------------------------------------------------------------------------------------
#forward/backward          λ              ΔΔA                 ΔA                  δε   
#                                                 
#----------------------------------------------------------------------------------------
forward:               0.0000              0.0000              0.0000              0.0000  
forward:               0.0500              2.4183              2.4183              0.0320  
forward:               0.1000              1.3565              3.7748              0.0385  
forward:               0.1500              0.6495              4.4243              0.0410  
forward:               0.2000              0.2810              4.7053              0.0428  
forward:               0.2500              0.0825              4.7878              0.0434  
forward:               0.3000             -0.0312              4.7566              0.0439  
forward:               0.3500             -0.1040              4.6525              0.0443  
forward:               0.4000             -0.1621              4.4905              0.0446  
forward:               0.4500             -0.2064              4.2841              0.0449  
forward:               0.5000             -0.2367              4.0474              0.0453  
forward:               0.5500             -0.4267              3.6207              0.0458  
forward:               0.6000             -0.7439              2.8768              0.0462  
forward:               0.6500             -1.0377              1.8390              0.0467  
forward:               0.7000             -1.2627              0.5764              0.0471  
forward:               0.7500             -1.4315             -0.8551              0.0475  
forward:               0.8000             -1.5427             -2.3979              0.0478  
forward:               0.8500             -1.6136             -4.0114              0.0481  
forward:               0.9000             -1.6606             -5.6720              0.0484  
forward:               0.9500             -1.6953             -7.3673              0.0487  
forward:               1.0000             -1.7185             -9.0857              0.0491  
backward:              1.0000              0.0000             -9.0857              0.0000  
backward:              0.9500              1.7235             -7.3622              0.0068  
backward:              0.9000              1.6950             -5.6672              0.0099  
backward:              0.8500              1.6495             -4.0177              0.0125  
backward:              0.8000              1.6057             -2.4120              0.0147  
backward:              0.7500              1.5297             -0.8823              0.0164  
backward:              0.7000              1.4199              0.5376              0.0177  
backward:              0.6500              1.2667              1.8044              0.0191  
backward:              0.6000              1.0261              2.8304              0.0207  
backward:              0.5500              0.7394              3.5698              0.0221  
backward:              0.5000              0.4292              3.9990              0.0233  
backward:              0.4500              0.2303              4.2293              0.0244  
backward:              0.4000              0.2012              4.4305              0.0252  
backward:              0.3500              0.1613              4.5918              0.0261  
backward:              0.3000              0.1075              4.6993              0.0272  
backward:              0.2500              0.0408              4.7401              0.0284  
backward:              0.2000             -0.0974              4.6427              0.0315  
backward:              0.1500             -0.3125              4.3302              0.0353  
backward:              0.1000             -0.6634              3.6668              0.0445  
backward:              0.0500             -1.4278              2.2390              0.0943  
backward:              0.0000             -2.3476             -0.1086              0.1036  
Inaccuracy estimation
======================================================================================================
                   i        i+δi          P0_overlap_P1   δε(forward)/ε   δε(backward)/ε
======================================================================================================
inaccuracy:  0.00000        0.05000           25.30            0.04            3.09
inaccuracy:  0.05000        0.10000           35.84           -0.08            1.81
inaccuracy:  0.10000        0.15000           46.93           -0.06            0.88
inaccuracy:  0.15000        0.20000           56.41           -0.05            0.48
inaccuracy:  0.20000        0.25000           61.67           -0.04            0.29
inaccuracy:  0.25000        0.30000           64.10           -0.04            0.23
inaccuracy:  0.30000        0.35000           67.07           -0.04            0.18
inaccuracy:  0.35000        0.40000           68.13           -0.03            0.15
inaccuracy:  0.40000        0.45000           69.54           -0.03            0.14
inaccuracy:  0.45000        0.50000           69.17           -0.03            0.12
inaccuracy:  0.50000        0.55000           60.23           -0.15            0.18
inaccuracy:  0.55000        0.60000           60.58           -0.17            0.12
inaccuracy:  0.60000        0.65000           61.27           -0.18            0.07
inaccuracy:  0.65000        0.70000           61.65           -0.20            0.04
inaccuracy:  0.70000        0.75000           62.24           -0.16            0.02
inaccuracy:  0.75000        0.80000           62.02           -0.19            0.01
inaccuracy:  0.80000        0.85000           62.01           -0.17            0.00
inaccuracy:  0.85000        0.90000           62.07           -0.20            0.00
inaccuracy:  0.90000        0.95000           60.69           -0.19           -0.00
inaccuracy:  0.95000        1.00000           60.83           -0.20           -0.01
===================================================================================================================================
                BAR        
-----------------------------------------------------------------------------------------------------------------------------------
BAR-estimator:         λ             λ+δλ          ΔΔA             ΔA            C               Δδe            δe       
                          
-----------------------------------------------------------------------------------------------------------------------------------
BAR-estimator:      0.00000        0.05000        2.4143         2.4143         2.4143         0.0135         0.0135 
BAR-estimator:      0.05000        0.10000        1.3519         3.7662         1.3519         0.0127         0.0185 
BAR-estimator:      0.10000        0.15000        0.6529         4.4191         0.6529         0.0085         0.0204 
BAR-estimator:      0.15000        0.20000        0.2880         4.7072         0.2880         0.0062         0.0213 
BAR-estimator:      0.20000        0.25000        0.0851         4.7922         0.0851         0.0054         0.0220 
BAR-estimator:      0.25000        0.30000       -0.0336         4.7587        -0.0336         0.0041         0.0223 
BAR-estimator:      0.30000        0.35000       -0.1043         4.6544        -0.1043         0.0040         0.0227 
BAR-estimator:      0.35000        0.40000       -0.1607         4.4937        -0.1607         0.0037         0.0230 
BAR-estimator:      0.40000        0.45000       -0.2023         4.2914        -0.2023         0.0036         0.0233 
BAR-estimator:      0.45000        0.50000       -0.2354         4.0560        -0.2354         0.0039         0.0236 
BAR-estimator:      0.50000        0.55000       -0.4259         3.6302        -0.4259         0.0042         0.0240 
BAR-estimator:      0.55000        0.60000       -0.7419         2.8883        -0.7419         0.0041         0.0243 
BAR-estimator:      0.60000        0.65000       -1.0331         1.8552        -1.0331         0.0042         0.0247 
BAR-estimator:      0.65000        0.70000       -1.2634         0.5918        -1.2634         0.0042         0.0250 
BAR-estimator:      0.70000        0.75000       -1.4210        -0.8293        -1.4210         0.0040         0.0253 
BAR-estimator:      0.75000        0.80000       -1.5364        -2.3657        -1.5364         0.0046         0.0258 
BAR-estimator:      0.80000        0.85000       -1.6119        -3.9776        -1.6119         0.0038         0.0260 
BAR-estimator:      0.85000        0.90000       -1.6561        -5.6337        -1.6561         0.0045         0.0264 
BAR-estimator:      0.90000        0.95000       -1.6959        -7.3296        -1.6959         0.0040         0.0267 
BAR-estimator:      0.95000        1.00000       -1.7153        -9.0449        -1.7153         0.0042         0.0271 
BAR-estimator: total free energy change is -9.044913928163187 , total error is 0.027053546776028097
