#========================================================================================
#                     Free energy perturbation    
#----------------------------------------------------------------------------------------
#forward/backward          λ              ΔΔA                 ΔA                  δε   
#                                                 
#----------------------------------------------------------------------------------------
forward:               0.0000              0.0000              0.0000              0.0000  
forward:               0.0500              1.7135              1.7135              0.0196  
forward:               0.1000              1.0444              2.7580              0.0231  
forward:               0.1500              0.6098              3.3677              0.0257  
forward:               0.2000              0.3620              3.7297              0.0273  
forward:               0.2500              0.2055              3.9352              0.0282  
forward:               0.3000              0.1229              4.0581              0.0289  
forward:               0.3500              0.0572              4.1153              0.0295  
forward:               0.4000              0.0154              4.1307              0.0300  
forward:               0.4500             -0.0268              4.1039              0.0304  
forward:               0.5000             -0.0518              4.0521              0.0308  
forward:               0.5500             -0.1670              3.8851              0.0312  
forward:               0.6000             -0.3455              3.5396              0.0318  
forward:               0.6500             -0.5250              3.0146              0.0323  
forward:               0.7000             -0.6725              2.3421              0.0329  
forward:               0.7500             -0.7777              1.5645              0.0334  
forward:               0.8000             -0.8149              0.7496              0.0339  
forward:               0.8500             -0.8117             -0.0621              0.0342  
forward:               0.9000             -0.7841             -0.8462              0.0346  
forward:               0.9500             -0.7683             -1.6145              0.0349  
forward:               1.0000             -0.7331             -2.3476              0.0351  
backward:              1.0000              0.0000             -2.3476              0.0000  
backward:              0.9500              0.7332             -1.6144              0.0069  
backward:              0.9000              0.7601             -0.8543              0.0093  
backward:              0.8500              0.7838             -0.0705              0.0115  
backward:              0.8000              0.8000              0.7295              0.0139  
backward:              0.7500              0.8159              1.5454              0.0150  
backward:              0.7000              0.7705              2.3159              0.0163  
backward:              0.6500              0.6698              2.9857              0.0182  
backward:              0.6000              0.5190              3.5046              0.0196  
backward:              0.5500              0.3513              3.8560              0.0204  
backward:              0.5000              0.1696              4.0255              0.0216  
backward:              0.4500              0.0428              4.0684              0.0225  
backward:              0.4000              0.0295              4.0978              0.0236  
backward:              0.3500             -0.0050              4.0928              0.0243  
backward:              0.3000             -0.0515              4.0413              0.0253  
backward:              0.2500             -0.1422              3.8991              0.0282  
backward:              0.2000             -0.2216              3.6775              0.0311  
backward:              0.1500             -0.3647              3.3128              0.0346  
backward:              0.1000             -0.6206              2.6922              0.0445  
backward:              0.0500             -1.0569              1.6353              0.0562  
backward:              0.0000             -1.7598             -0.1245              0.0706  
Inaccuracy estimation
======================================================================================================
                   i        i+δi          P0_overlap_P1   δε(forward)/ε   δε(backward)/ε
======================================================================================================
inaccuracy:  0.00000        0.05000           35.71           -0.03            1.88
inaccuracy:  0.05000        0.10000           44.45           -0.05            1.14
inaccuracy:  0.10000        0.15000           53.01           -0.03            0.64
inaccuracy:  0.15000        0.20000           58.84           -0.02            0.40
inaccuracy:  0.20000        0.25000           64.09           -0.03            0.28
inaccuracy:  0.25000        0.30000           67.18           -0.03            0.21
inaccuracy:  0.30000        0.35000           68.48           -0.02            0.18
inaccuracy:  0.35000        0.40000           69.01           -0.02            0.16
inaccuracy:  0.40000        0.45000           70.11           -0.02            0.14
inaccuracy:  0.45000        0.50000           71.36           -0.02            0.13
inaccuracy:  0.50000        0.55000           64.83           -0.08            0.16
inaccuracy:  0.55000        0.60000           65.83           -0.10            0.13
inaccuracy:  0.60000        0.65000           65.16           -0.13            0.10
inaccuracy:  0.65000        0.70000           64.08           -0.11            0.09
inaccuracy:  0.70000        0.75000           65.20           -0.10            0.08
inaccuracy:  0.75000        0.80000           66.00           -0.09            0.08
inaccuracy:  0.80000        0.85000           65.31           -0.09            0.08
inaccuracy:  0.85000        0.90000           64.70           -0.11            0.10
inaccuracy:  0.90000        0.95000           64.92           -0.10            0.10
inaccuracy:  0.95000        1.00000           63.48           -0.11            0.11
===================================================================================================================================
                BAR        
-----------------------------------------------------------------------------------------------------------------------------------
BAR-estimator:         λ             λ+δλ          ΔΔA             ΔA            C               Δδe            δe       
                          
-----------------------------------------------------------------------------------------------------------------------------------
BAR-estimator:      0.00000        0.05000        1.7139         1.7139         1.7139         0.0096         0.0096 
BAR-estimator:      0.05000        0.10000        1.0415         2.7554         1.0415         0.0082         0.0127 
BAR-estimator:      0.10000        0.15000        0.6134         3.3688         0.6134         0.0071         0.0145 
BAR-estimator:      0.15000        0.20000        0.3586         3.7274         0.3586         0.0042         0.0151 
BAR-estimator:      0.20000        0.25000        0.2087         3.9361         0.2087         0.0048         0.0158 
BAR-estimator:      0.25000        0.30000        0.1252         4.0613         0.1252         0.0058         0.0169 
BAR-estimator:      0.30000        0.35000        0.0558         4.1171         0.0558         0.0041         0.0173 
BAR-estimator:      0.35000        0.40000        0.0125         4.1296         0.0125         0.0038         0.0178 
BAR-estimator:      0.40000        0.45000       -0.0267         4.1029        -0.0267         0.0034         0.0181 
BAR-estimator:      0.45000        0.50000       -0.0484         4.0545        -0.0484         0.0033         0.0184 
BAR-estimator:      0.50000        0.55000       -0.1702         3.8843        -0.1702         0.0036         0.0187 
BAR-estimator:      0.55000        0.60000       -0.3426         3.5417        -0.3426         0.0040         0.0191 
BAR-estimator:      0.60000        0.65000       -0.5261         3.0155        -0.5261         0.0038         0.0195 
BAR-estimator:      0.65000        0.70000       -0.6737         2.3418        -0.6737         0.0034         0.0198 
BAR-estimator:      0.70000        0.75000       -0.7730         1.5688        -0.7730         0.0041         0.0202 
BAR-estimator:      0.75000        0.80000       -0.8113         0.7575        -0.8113         0.0039         0.0206 
BAR-estimator:      0.80000        0.85000       -0.8086        -0.0511        -0.8086         0.0039         0.0210 
BAR-estimator:      0.85000        0.90000       -0.7843        -0.8355        -0.7843         0.0044         0.0214 
BAR-estimator:      0.90000        0.95000       -0.7641        -1.5996        -0.7641         0.0042         0.0219 
BAR-estimator:      0.95000        1.00000       -0.7361        -2.3357        -0.7361         0.0039         0.0222 
BAR-estimator: total free energy change is -2.3357347361380505 , total error is 0.022189497564818188
