#========================================================================================
#                     Free energy perturbation    
#----------------------------------------------------------------------------------------
#forward/backward          λ              ΔΔA                 ΔA                  δε   
#                                                 
#----------------------------------------------------------------------------------------
forward:               0.0000              0.0000              0.0000              0.0000  
forward:               0.0500              1.1035              1.1035              0.0174  
forward:               0.1000              0.6713              1.7748              0.0211  
forward:               0.1500              0.4485              2.2234              0.0232  
forward:               0.2000              0.2856              2.5089              0.0247  
forward:               0.2500              0.2094              2.7183              0.0254  
forward:               0.3000              0.1488              2.8671              0.0262  
forward:               0.3500              0.1061              2.9732              0.0268  
forward:               0.4000              0.0829              3.0561              0.0273  
forward:               0.4500              0.0657              3.1218              0.0277  
forward:               0.5000              0.0428              3.1646              0.0282  
forward:               0.5500              0.0357              3.2003              0.0285  
forward:               0.6000              0.0033              3.2035              0.0288  
forward:               0.6500             -0.0169              3.1866              0.0291  
forward:               0.7000             -0.0380              3.1486              0.0294  
forward:               0.7500             -0.0407              3.1079              0.0296  
forward:               0.8000             -0.0529              3.0550              0.0299  
forward:               0.8500             -0.0604              2.9946              0.0301  
forward:               0.9000             -0.0668              2.9278              0.0303  
forward:               0.9500             -0.0702              2.8576              0.0305  
forward:               1.0000             -0.0759              2.7817              0.0307  
backward:              1.0000              0.0000              2.7817              0.0000  
backward:              0.9500              0.0704              2.8521              0.0054  
backward:              0.9000              0.0683              2.9204              0.0068  
backward:              0.8500              0.0645              2.9849              0.0080  
backward:              0.8000              0.0560              3.0409              0.0093  
backward:              0.7500              0.0564              3.0973              0.0100  
backward:              0.7000              0.0454              3.1427              0.0111  
backward:              0.6500              0.0297              3.1723              0.0120  
backward:              0.6000              0.0333              3.2056              0.0127  
backward:              0.5500              0.0004              3.2060              0.0136  
backward:              0.5000             -0.0456              3.1603              0.0147  
backward:              0.4500             -0.0473              3.1131              0.0154  
backward:              0.4000             -0.0635              3.0496              0.0163  
backward:              0.3500             -0.0724              2.9772              0.0175  
backward:              0.3000             -0.1151              2.8621              0.0185  
backward:              0.2500             -0.1470              2.7151              0.0200  
backward:              0.2000             -0.2005              2.5145              0.0215  
backward:              0.1500             -0.3134              2.2012              0.0268  
backward:              0.1000             -0.4608              1.7403              0.0326  
backward:              0.0500             -0.7029              1.0374              0.0369  
backward:              0.0000             -1.0648             -0.0274              0.0419  
Inaccuracy estimation
======================================================================================================
                   i        i+δi          P0_overlap_P1   δε(forward)/ε   δε(backward)/ε
======================================================================================================
inaccuracy:  0.00000        0.05000           45.80           -0.03            1.02
inaccuracy:  0.05000        0.10000           56.41           -0.01            0.63
inaccuracy:  0.10000        0.15000           62.17           -0.01            0.38
inaccuracy:  0.15000        0.20000           68.13           -0.01            0.24
inaccuracy:  0.20000        0.25000           69.31           -0.01            0.19
inaccuracy:  0.25000        0.30000           72.25           -0.01            0.16
inaccuracy:  0.30000        0.35000           74.58           -0.01            0.13
inaccuracy:  0.35000        0.40000           73.38           -0.01            0.12
inaccuracy:  0.40000        0.45000           74.82           -0.01            0.11
inaccuracy:  0.45000        0.50000           75.99           -0.01            0.11
inaccuracy:  0.50000        0.55000           75.36           -0.02            0.11
inaccuracy:  0.55000        0.60000           75.02           -0.01            0.10
inaccuracy:  0.60000        0.65000           74.40           -0.02            0.10
inaccuracy:  0.65000        0.70000           76.59           -0.01            0.09
inaccuracy:  0.70000        0.75000           75.32           -0.02            0.09
inaccuracy:  0.75000        0.80000           75.55           -0.02            0.08
inaccuracy:  0.80000        0.85000           76.07           -0.01            0.08
inaccuracy:  0.85000        0.90000           75.80           -0.01            0.09
inaccuracy:  0.90000        0.95000           76.25           -0.01            0.09
inaccuracy:  0.95000        1.00000           76.28           -0.02            0.09
===================================================================================================================================
                BAR        
-----------------------------------------------------------------------------------------------------------------------------------
BAR-estimator:         λ             λ+δλ          ΔΔA             ΔA            C               Δδe            δe       
                          
-----------------------------------------------------------------------------------------------------------------------------------
BAR-estimator:      0.00000        0.05000        1.1001         1.1001         1.1001         0.0097         0.0097 
BAR-estimator:      0.05000        0.10000        0.6843         1.7844         0.6843         0.0074         0.0122 
BAR-estimator:      0.10000        0.15000        0.4460         2.2304         0.4460         0.0067         0.0139 
BAR-estimator:      0.15000        0.20000        0.2895         2.5199         0.2895         0.0055         0.0150 
BAR-estimator:      0.20000        0.25000        0.2043         2.7241         0.2043         0.0043         0.0156 
BAR-estimator:      0.25000        0.30000        0.1489         2.8731         0.1489         0.0042         0.0161 
BAR-estimator:      0.30000        0.35000        0.1107         2.9837         0.1107         0.0039         0.0166 
BAR-estimator:      0.35000        0.40000        0.0784         3.0621         0.0784         0.0033         0.0169 
BAR-estimator:      0.40000        0.45000        0.0638         3.1260         0.0638         0.0033         0.0172 
BAR-estimator:      0.45000        0.50000        0.0435         3.1695         0.0435         0.0035         0.0176 
BAR-estimator:      0.50000        0.55000        0.0392         3.2087         0.0392         0.0032         0.0179 
BAR-estimator:      0.55000        0.60000        0.0033         3.2120         0.0033         0.0030         0.0181 
BAR-estimator:      0.60000        0.65000       -0.0227         3.1894        -0.0227         0.0031         0.0184 
BAR-estimator:      0.65000        0.70000       -0.0351         3.1543        -0.0351         0.0030         0.0186 
BAR-estimator:      0.70000        0.75000       -0.0431         3.1112        -0.0431         0.0030         0.0189 
BAR-estimator:      0.75000        0.80000       -0.0537         3.0574        -0.0537         0.0030         0.0191 
BAR-estimator:      0.80000        0.85000       -0.0581         2.9993        -0.0581         0.0029         0.0193 
BAR-estimator:      0.85000        0.90000       -0.0660         2.9333        -0.0660         0.0028         0.0195 
BAR-estimator:      0.90000        0.95000       -0.0691         2.8642        -0.0691         0.0029         0.0198 
BAR-estimator:      0.95000        1.00000       -0.0751         2.7891        -0.0751         0.0031         0.0200 
BAR-estimator: total free energy change is 2.7890611337939326 , total error is 0.019998071352679697
