#========================================================================================
#                     Free energy perturbation    
#----------------------------------------------------------------------------------------
#forward/backward          λ              ΔΔA                 ΔA                  δε   
#                                                 
#----------------------------------------------------------------------------------------
forward:               0.0000              0.0000              0.0000              0.0000  
forward:               0.0500              1.5267              1.5267              0.0214  
forward:               0.1000              0.9541              2.4808              0.0283  
forward:               0.1500              0.5067              2.9876              0.0311  
forward:               0.2000              0.2680              3.2555              0.0327  
forward:               0.2500              0.1727              3.4282              0.0336  
forward:               0.3000              0.0706              3.4989              0.0342  
forward:               0.3500              0.0398              3.5387              0.0346  
forward:               0.4000              0.0033              3.5420              0.0349  
forward:               0.4500             -0.0159              3.5261              0.0353  
forward:               0.5000             -0.0496              3.4765              0.0355  
forward:               0.5500             -0.1507              3.3259              0.0360  
forward:               0.6000             -0.3235              3.0024              0.0367  
forward:               0.6500             -0.4529              2.5495              0.0374  
forward:               0.7000             -0.5886              1.9609              0.0380  
forward:               0.7500             -0.6693              1.2916              0.0387  
forward:               0.8000             -0.7161              0.5755              0.0394  
forward:               0.8500             -0.6970             -0.1215              0.0397  
forward:               0.9000             -0.6710             -0.7925              0.0401  
forward:               0.9500             -0.6385             -1.4310              0.0404  
forward:               1.0000             -0.6122             -2.0432              0.0406  
backward:              1.0000              0.0000             -2.0432              0.0000  
backward:              0.9500              0.6136             -1.4296              0.0057  
backward:              0.9000              0.6315             -0.7980              0.0088  
backward:              0.8500              0.6724             -0.1257              0.0105  
backward:              0.8000              0.6841              0.5585              0.0126  
backward:              0.7500              0.7017              1.2601              0.0137  
backward:              0.7000              0.6826              1.9427              0.0157  
backward:              0.6500              0.5931              2.5358              0.0178  
backward:              0.6000              0.4568              2.9926              0.0195  
backward:              0.5500              0.3019              3.2944              0.0207  
backward:              0.5000              0.1361              3.4305              0.0218  
backward:              0.4500              0.0495              3.4800              0.0225  
backward:              0.4000              0.0294              3.5094              0.0231  
backward:              0.3500             -0.0032              3.5062              0.0241  
backward:              0.3000             -0.0750              3.4312              0.0334  
backward:              0.2500             -0.0872              3.3440              0.0344  
backward:              0.2000             -0.1716              3.1724              0.0358  
backward:              0.1500             -0.2910              2.8814              0.0399  
backward:              0.1000             -0.4909              2.3905              0.0434  
backward:              0.0500             -0.9192              1.4713              0.0503  
backward:              0.0000             -1.5281             -0.0568              0.0699  
Inaccuracy estimation
======================================================================================================
                   i        i+δi          P0_overlap_P1   δε(forward)/ε   δε(backward)/ε
======================================================================================================
inaccuracy:  0.00000        0.05000           38.76           -0.03            1.52
inaccuracy:  0.05000        0.10000           44.92           -0.04            1.02
inaccuracy:  0.10000        0.15000           54.93           -0.02            0.57
inaccuracy:  0.15000        0.20000           63.63           -0.03            0.32
inaccuracy:  0.20000        0.25000           66.66           -0.02            0.24
inaccuracy:  0.25000        0.30000           70.31           -0.01            0.17
inaccuracy:  0.30000        0.35000           71.43           -0.01            0.14
inaccuracy:  0.35000        0.40000           71.69           -0.02            0.13
inaccuracy:  0.40000        0.45000           72.04           -0.02            0.12
inaccuracy:  0.45000        0.50000           73.32           -0.01            0.11
inaccuracy:  0.50000        0.55000           68.59           -0.05            0.15
inaccuracy:  0.55000        0.60000           69.40           -0.07            0.10
inaccuracy:  0.60000        0.65000           66.33           -0.10            0.09
inaccuracy:  0.65000        0.70000           66.46           -0.10            0.08
inaccuracy:  0.70000        0.75000           66.56           -0.10            0.08
inaccuracy:  0.75000        0.80000           68.56           -0.08            0.07
inaccuracy:  0.80000        0.85000           68.12           -0.09            0.08
inaccuracy:  0.85000        0.90000           67.78           -0.08            0.09
inaccuracy:  0.90000        0.95000           66.70           -0.07            0.10
inaccuracy:  0.95000        1.00000           66.79           -0.07            0.11
===================================================================================================================================
                BAR        
-----------------------------------------------------------------------------------------------------------------------------------
BAR-estimator:         λ             λ+δλ          ΔΔA             ΔA            C               Δδe            δe       
                          
-----------------------------------------------------------------------------------------------------------------------------------
BAR-estimator:      0.00000        0.05000        1.5137         1.5137         1.5137         0.0135         0.0135 
BAR-estimator:      0.05000        0.10000        0.9380         2.4517         0.9380         0.0104         0.0170 
BAR-estimator:      0.10000        0.15000        0.4990         2.9507         0.4990         0.0082         0.0189 
BAR-estimator:      0.15000        0.20000        0.2718         3.2225         0.2718         0.0066         0.0200 
BAR-estimator:      0.20000        0.25000        0.1718         3.3943         0.1718         0.0054         0.0207 
BAR-estimator:      0.25000        0.30000        0.0768         3.4710         0.0768         0.0046         0.0212 
BAR-estimator:      0.30000        0.35000        0.0426         3.5136         0.0426         0.0046         0.0217 
BAR-estimator:      0.35000        0.40000        0.0014         3.5151         0.0014         0.0041         0.0221 
BAR-estimator:      0.40000        0.45000       -0.0200         3.4951        -0.0200         0.0037         0.0224 
BAR-estimator:      0.45000        0.50000       -0.0498         3.4453        -0.0498         0.0031         0.0226 
BAR-estimator:      0.50000        0.55000       -0.1450         3.3003        -0.1450         0.0031         0.0229 
BAR-estimator:      0.55000        0.60000       -0.3106         2.9897        -0.3106         0.0041         0.0232 
BAR-estimator:      0.60000        0.65000       -0.4557         2.5341        -0.4557         0.0042         0.0236 
BAR-estimator:      0.65000        0.70000       -0.5936         1.9405        -0.5936         0.0045         0.0240 
BAR-estimator:      0.70000        0.75000       -0.6752         1.2653        -0.6752         0.0046         0.0245 
BAR-estimator:      0.75000        0.80000       -0.7110         0.5543        -0.7110         0.0047         0.0249 
BAR-estimator:      0.80000        0.85000       -0.6969        -0.1426        -0.6969         0.0046         0.0253 
BAR-estimator:      0.85000        0.90000       -0.6712        -0.8138        -0.6712         0.0039         0.0256 
BAR-estimator:      0.90000        0.95000       -0.6367        -1.4505        -0.6367         0.0044         0.0260 
BAR-estimator:      0.95000        1.00000       -0.6118        -2.0623        -0.6118         0.0039         0.0263 
BAR-estimator: total free energy change is -2.062336630968288 , total error is 0.026295239195098605
