#========================================================================================
#                     Free energy perturbation    
#----------------------------------------------------------------------------------------
#forward/backward          λ              ΔΔA                 ΔA                  δε   
#                                                 
#----------------------------------------------------------------------------------------
forward:               0.0000              0.0000              0.0000              0.0000  
forward:               0.0500              1.3828              1.3828              0.0222  
forward:               0.1000              0.7041              2.0869              0.0266  
forward:               0.1500              0.3960              2.4829              0.0288  
forward:               0.2000              0.2192              2.7021              0.0302  
forward:               0.2500              0.1247              2.8269              0.0310  
forward:               0.3000              0.0656              2.8925              0.0315  
forward:               0.3500              0.0192              2.9117              0.0319  
forward:               0.4000             -0.0008              2.9109              0.0322  
forward:               0.4500             -0.0295              2.8814              0.0326  
forward:               0.5000             -0.0454              2.8360              0.0329  
forward:               0.5500             -0.1263              2.7097              0.0334  
forward:               0.6000             -0.2836              2.4261              0.0338  
forward:               0.6500             -0.4269              1.9992              0.0343  
forward:               0.7000             -0.5521              1.4470              0.0348  
forward:               0.7500             -0.6595              0.7875              0.0354  
forward:               0.8000             -0.7374              0.0501              0.0357  
forward:               0.8500             -0.7632             -0.7130              0.0360  
forward:               0.9000             -0.7920             -1.5050              0.0364  
forward:               0.9500             -0.7911             -2.2961              0.0368  
forward:               1.0000             -0.8027             -3.0989              0.0371  
backward:              1.0000              0.0000             -3.0989              0.0000  
backward:              0.9500              0.7984             -2.3004              0.0055  
backward:              0.9000              0.7933             -1.5071              0.0079  
backward:              0.8500              0.7890             -0.7182              0.0094  
backward:              0.8000              0.7706              0.0525              0.0109  
backward:              0.7500              0.7469              0.7993              0.0125  
backward:              0.7000              0.6611              1.4604              0.0139  
backward:              0.6500              0.5614              2.0218              0.0154  
backward:              0.6000              0.4274              2.4492              0.0167  
backward:              0.5500              0.2705              2.7197              0.0179  
backward:              0.5000              0.1077              2.8274              0.0191  
backward:              0.4500              0.0438              2.8712              0.0198  
backward:              0.4000              0.0183              2.8895              0.0204  
backward:              0.3500              0.0078              2.8973              0.0211  
backward:              0.3000             -0.0275              2.8698              0.0222  
backward:              0.2500             -0.0567              2.8131              0.0233  
backward:              0.2000             -0.1252              2.6879              0.0243  
backward:              0.1500             -0.2157              2.4722              0.0260  
backward:              0.1000             -0.3974              2.0748              0.0301  
backward:              0.0500             -0.7256              1.3492              0.0384  
backward:              0.0000             -1.3682             -0.0190              0.0431  
Inaccuracy estimation
======================================================================================================
                   i        i+δi          P0_overlap_P1   δε(forward)/ε   δε(backward)/ε
======================================================================================================
inaccuracy:  0.00000        0.05000           39.77           -0.04            1.44
inaccuracy:  0.05000        0.10000           52.01           -0.02            0.85
inaccuracy:  0.10000        0.15000           60.45           -0.01            0.42
inaccuracy:  0.15000        0.20000           66.49           -0.02            0.25
inaccuracy:  0.20000        0.25000           70.75           -0.01            0.18
inaccuracy:  0.25000        0.30000           71.47           -0.01            0.15
inaccuracy:  0.30000        0.35000           74.89           -0.01            0.11
inaccuracy:  0.35000        0.40000           74.01           -0.01            0.11
inaccuracy:  0.40000        0.45000           76.04           -0.01            0.09
inaccuracy:  0.45000        0.50000           76.19           -0.02            0.09
inaccuracy:  0.50000        0.55000           70.62           -0.06            0.11
inaccuracy:  0.55000        0.60000           70.54           -0.06            0.09
inaccuracy:  0.60000        0.65000           69.85           -0.08            0.07
inaccuracy:  0.65000        0.70000           68.42           -0.07            0.07
inaccuracy:  0.70000        0.75000           69.48           -0.08            0.05
inaccuracy:  0.75000        0.80000           69.93           -0.07            0.05
inaccuracy:  0.80000        0.85000           69.92           -0.08            0.05
inaccuracy:  0.85000        0.90000           70.52           -0.07            0.05
inaccuracy:  0.90000        0.95000           69.33           -0.06            0.05
inaccuracy:  0.95000        1.00000           70.02           -0.07            0.05
===================================================================================================================================
                BAR        
-----------------------------------------------------------------------------------------------------------------------------------
BAR-estimator:         λ             λ+δλ          ΔΔA             ΔA            C               Δδe            δe       
                          
-----------------------------------------------------------------------------------------------------------------------------------
BAR-estimator:      0.00000        0.05000        1.3887         1.3887         1.3887         0.0115         0.0115 
BAR-estimator:      0.05000        0.10000        0.7305         2.1192         0.7305         0.0092         0.0147 
BAR-estimator:      0.10000        0.15000        0.3929         2.5121         0.3929         0.0071         0.0163 
BAR-estimator:      0.15000        0.20000        0.2178         2.7299         0.2178         0.0054         0.0172 
BAR-estimator:      0.20000        0.25000        0.1281         2.8580         0.1281         0.0047         0.0178 
BAR-estimator:      0.25000        0.30000        0.0633         2.9212         0.0633         0.0041         0.0183 
BAR-estimator:      0.30000        0.35000        0.0215         2.9428         0.0215         0.0034         0.0186 
BAR-estimator:      0.35000        0.40000       -0.0035         2.9392        -0.0035         0.0032         0.0189 
BAR-estimator:      0.40000        0.45000       -0.0270         2.9123        -0.0270         0.0032         0.0192 
BAR-estimator:      0.45000        0.50000       -0.0453         2.8670        -0.0453         0.0032         0.0194 
BAR-estimator:      0.50000        0.55000       -0.1190         2.7480        -0.1190         0.0040         0.0198 
BAR-estimator:      0.55000        0.60000       -0.2759         2.4721        -0.2759         0.0034         0.0201 
BAR-estimator:      0.60000        0.65000       -0.4288         2.0433        -0.4288         0.0039         0.0205 
BAR-estimator:      0.65000        0.70000       -0.5580         1.4853        -0.5580         0.0042         0.0209 
BAR-estimator:      0.70000        0.75000       -0.6629         0.8224        -0.6629         0.0040         0.0213 
BAR-estimator:      0.75000        0.80000       -0.7382         0.0842        -0.7382         0.0036         0.0216 
BAR-estimator:      0.80000        0.85000       -0.7665        -0.6823        -0.7665         0.0036         0.0219 
BAR-estimator:      0.85000        0.90000       -0.7899        -1.4722        -0.7899         0.0037         0.0222 
BAR-estimator:      0.90000        0.95000       -0.7932        -2.2655        -0.7932         0.0043         0.0226 
BAR-estimator:      0.95000        1.00000       -0.7991        -3.0646        -0.7991         0.0037         0.0229 
BAR-estimator: total free energy change is -3.0646047032924866 , total error is 0.02289404417653769
