#========================================================================================
#                     Free energy perturbation    
#----------------------------------------------------------------------------------------
#forward/backward          λ              ΔΔA                 ΔA                  δε   
#                                                 
#----------------------------------------------------------------------------------------
forward:               0.0000              0.0000              0.0000              0.0000  
forward:               0.0500              1.8834              1.8834              0.0252  
forward:               0.1000              1.1005              2.9840              0.0318  
forward:               0.1500              0.5710              3.5550              0.0349  
forward:               0.2000              0.2679              3.8229              0.0357  
forward:               0.2500              0.1655              3.9884              0.0366  
forward:               0.3000              0.0530              4.0414              0.0373  
forward:               0.3500             -0.0037              4.0378              0.0381  
forward:               0.4000             -0.0531              3.9847              0.0383  
forward:               0.4500             -0.0845              3.9001              0.0387  
forward:               0.5000             -0.1175              3.7826              0.0389  
forward:               0.5500             -0.2281              3.5545              0.0394  
forward:               0.6000             -0.4603              3.0942              0.0402  
forward:               0.6500             -0.6341              2.4602              0.0408  
forward:               0.7000             -0.7545              1.7057              0.0413  
forward:               0.7500             -0.8447              0.8610              0.0421  
forward:               0.8000             -0.8980             -0.0370              0.0425  
forward:               0.8500             -0.9073             -0.9443              0.0428  
forward:               0.9000             -0.9119             -1.8561              0.0431  
forward:               0.9500             -0.9145             -2.7707              0.0434  
forward:               1.0000             -0.9153             -3.6860              0.0436  
backward:              1.0000              0.0000             -3.6860              0.0000  
backward:              0.9500              0.9188             -2.7672              0.0054  
backward:              0.9000              0.9210             -1.8463              0.0077  
backward:              0.8500              0.9053             -0.9410              0.0103  
backward:              0.8000              0.9000             -0.0410              0.0124  
backward:              0.7500              0.8871              0.8461              0.0145  
backward:              0.7000              0.8383              1.6844              0.0162  
backward:              0.6500              0.7581              2.4425              0.0179  
backward:              0.6000              0.6381              3.0806              0.0194  
backward:              0.5500              0.4442              3.5248              0.0208  
backward:              0.5000              0.2317              3.7566              0.0230  
backward:              0.4500              0.0953              3.8519              0.0238  
backward:              0.4000              0.0827              3.9346              0.0245  
backward:              0.3500              0.0512              3.9858              0.0253  
backward:              0.3000             -0.0078              3.9780              0.0261  
backward:              0.2500             -0.0492              3.9289              0.0272  
backward:              0.2000             -0.1282              3.8007              0.0293  
backward:              0.1500             -0.3228              3.4779              0.0376  
backward:              0.1000             -0.5656              2.9123              0.0425  
backward:              0.0500             -1.0393              1.8730              0.0503  
backward:              0.0000             -1.8714              0.0016              0.0614  
Inaccuracy estimation
======================================================================================================
                   i        i+δi          P0_overlap_P1   δε(forward)/ε   δε(backward)/ε
======================================================================================================
inaccuracy:  0.00000        0.05000           33.58           -0.01            2.02
inaccuracy:  0.05000        0.10000           41.44           -0.05            1.33
inaccuracy:  0.10000        0.15000           53.07           -0.04            0.65
inaccuracy:  0.15000        0.20000           61.79           -0.02            0.33
inaccuracy:  0.20000        0.25000           62.93           -0.03            0.28
inaccuracy:  0.25000        0.30000           68.06           -0.03            0.18
inaccuracy:  0.30000        0.35000           70.62           -0.02            0.14
inaccuracy:  0.35000        0.40000           71.27           -0.02            0.13
inaccuracy:  0.40000        0.45000           72.37           -0.01            0.11
inaccuracy:  0.45000        0.50000           73.58           -0.02            0.10
inaccuracy:  0.50000        0.55000           63.92           -0.07            0.18
inaccuracy:  0.55000        0.60000           66.98           -0.09            0.11
inaccuracy:  0.60000        0.65000           66.46           -0.12            0.08
inaccuracy:  0.65000        0.70000           66.29           -0.11            0.07
inaccuracy:  0.70000        0.75000           67.18           -0.09            0.06
inaccuracy:  0.75000        0.80000           66.92           -0.09            0.06
inaccuracy:  0.80000        0.85000           67.08           -0.11            0.06
inaccuracy:  0.85000        0.90000           67.02           -0.09            0.06
inaccuracy:  0.90000        0.95000           65.75           -0.10            0.07
inaccuracy:  0.95000        1.00000           65.44           -0.09            0.07
===================================================================================================================================
                BAR        
-----------------------------------------------------------------------------------------------------------------------------------
BAR-estimator:         λ             λ+δλ          ΔΔA             ΔA            C               Δδe            δe       
                          
-----------------------------------------------------------------------------------------------------------------------------------
BAR-estimator:      0.00000        0.05000        1.8727         1.8727         1.8727         0.0126         0.0126 
BAR-estimator:      0.05000        0.10000        1.0938         2.9665         1.0938         0.0087         0.0153 
BAR-estimator:      0.10000        0.15000        0.5747         3.5412         0.5747         0.0088         0.0176 
BAR-estimator:      0.15000        0.20000        0.2781         3.8193         0.2781         0.0057         0.0185 
BAR-estimator:      0.20000        0.25000        0.1522         3.9715         0.1522         0.0057         0.0194 
BAR-estimator:      0.25000        0.30000        0.0521         4.0235         0.0521         0.0051         0.0200 
BAR-estimator:      0.30000        0.35000       -0.0022         4.0214        -0.0022         0.0044         0.0205 
BAR-estimator:      0.35000        0.40000       -0.0517         3.9697        -0.0517         0.0035         0.0208 
BAR-estimator:      0.40000        0.45000       -0.0829         3.8868        -0.0829         0.0038         0.0212 
BAR-estimator:      0.45000        0.50000       -0.1111         3.7757        -0.1111         0.0033         0.0214 
BAR-estimator:      0.50000        0.55000       -0.2328         3.5429        -0.2328         0.0042         0.0218 
BAR-estimator:      0.55000        0.60000       -0.4517         3.0912        -0.4517         0.0043         0.0222 
BAR-estimator:      0.60000        0.65000       -0.6356         2.4556        -0.6356         0.0043         0.0227 
BAR-estimator:      0.65000        0.70000       -0.7602         1.6953        -0.7602         0.0042         0.0230 
BAR-estimator:      0.70000        0.75000       -0.8414         0.8539        -0.8414         0.0047         0.0235 
BAR-estimator:      0.75000        0.80000       -0.8926        -0.0387        -0.8926         0.0041         0.0239 
BAR-estimator:      0.80000        0.85000       -0.9064        -0.9451        -0.9064         0.0046         0.0243 
BAR-estimator:      0.85000        0.90000       -0.9098        -1.8549        -0.9098         0.0042         0.0247 
BAR-estimator:      0.90000        0.95000       -0.9138        -2.7686        -0.9138         0.0040         0.0250 
BAR-estimator:      0.95000        1.00000       -0.9150        -3.6836        -0.9150         0.0043         0.0254 
BAR-estimator: total free energy change is -3.6836496973487414 , total error is 0.025354860034921982
