#========================================================================================
#                     Free energy perturbation    
#----------------------------------------------------------------------------------------
#forward/backward          λ              ΔΔA                 ΔA                  δε   
#                                                 
#----------------------------------------------------------------------------------------
forward:               0.0000              0.0000              0.0000              0.0000  
forward:               0.0500              1.2887              1.2887              0.0160  
forward:               0.1000              0.7991              2.0878              0.0199  
forward:               0.1500              0.4953              2.5831              0.0219  
forward:               0.2000              0.2938              2.8769              0.0230  
forward:               0.2500              0.1912              3.0680              0.0238  
forward:               0.3000              0.1075              3.1755              0.0246  
forward:               0.3500              0.0615              3.2370              0.0251  
forward:               0.4000              0.0295              3.2665              0.0256  
forward:               0.4500              0.0008              3.2673              0.0259  
forward:               0.5000             -0.0142              3.2531              0.0264  
forward:               0.5500             -0.1263              3.1267              0.0268  
forward:               0.6000             -0.2944              2.8323              0.0273  
forward:               0.6500             -0.4881              2.3442              0.0280  
forward:               0.7000             -0.6378              1.7064              0.0289  
forward:               0.7500             -0.7554              0.9510              0.0294  
forward:               0.8000             -0.7638              0.1872              0.0299  
forward:               0.8500             -0.7436             -0.5564              0.0302  
forward:               0.9000             -0.7074             -1.2638              0.0305  
forward:               0.9500             -0.6816             -1.9454              0.0308  
forward:               1.0000             -0.6533             -2.5987              0.0312  
backward:              1.0000              0.0000             -2.5987              0.0000  
backward:              0.9500              0.6556             -1.9431              0.0061  
backward:              0.9000              0.6943             -1.2489              0.0082  
backward:              0.8500              0.7125             -0.5364              0.0109  
backward:              0.8000              0.7407              0.2042              0.0127  
backward:              0.7500              0.7466              0.9509              0.0143  
backward:              0.7000              0.7405              1.6913              0.0159  
backward:              0.6500              0.6255              2.3168              0.0185  
backward:              0.6000              0.4797              2.7966              0.0197  
backward:              0.5500              0.2900              3.0866              0.0205  
backward:              0.5000              0.1315              3.2180              0.0215  
backward:              0.4500              0.0113              3.2294              0.0221  
backward:              0.4000              0.0009              3.2303              0.0228  
backward:              0.3500             -0.0235              3.2069              0.0235  
backward:              0.3000             -0.0643              3.1426              0.0243  
backward:              0.2500             -0.1246              3.0180              0.0259  
backward:              0.2000             -0.1898              2.8282              0.0276  
backward:              0.1500             -0.2975              2.5307              0.0298  
backward:              0.1000             -0.4672              2.0635              0.0325  
backward:              0.0500             -0.7949              1.2686              0.0390  
backward:              0.0000             -1.2753             -0.0067              0.0444  
Inaccuracy estimation
======================================================================================================
                   i        i+δi          P0_overlap_P1   δε(forward)/ε   δε(backward)/ε
======================================================================================================
inaccuracy:  0.00000        0.05000           42.04           -0.03            1.31
inaccuracy:  0.05000        0.10000           50.93           -0.02            0.82
inaccuracy:  0.10000        0.15000           56.56           -0.02            0.48
inaccuracy:  0.15000        0.20000           64.03           -0.01            0.30
inaccuracy:  0.20000        0.25000           66.96           -0.01            0.22
inaccuracy:  0.25000        0.30000           71.08           -0.01            0.17
inaccuracy:  0.30000        0.35000           71.56           -0.01            0.14
inaccuracy:  0.35000        0.40000           72.47           -0.01            0.13
inaccuracy:  0.40000        0.45000           73.52           -0.01            0.12
inaccuracy:  0.45000        0.50000           73.99           -0.01            0.11
inaccuracy:  0.50000        0.55000           67.39           -0.07            0.14
inaccuracy:  0.55000        0.60000           68.23           -0.09            0.11
inaccuracy:  0.60000        0.65000           67.03           -0.10            0.09
inaccuracy:  0.65000        0.70000           65.82           -0.10            0.08
inaccuracy:  0.70000        0.75000           68.52           -0.07            0.06
inaccuracy:  0.75000        0.80000           68.83           -0.06            0.07
inaccuracy:  0.80000        0.85000           67.88           -0.07            0.08
inaccuracy:  0.85000        0.90000           67.33           -0.08            0.09
inaccuracy:  0.90000        0.95000           66.11           -0.07            0.10
inaccuracy:  0.95000        1.00000           65.78           -0.07            0.10
===================================================================================================================================
                BAR        
-----------------------------------------------------------------------------------------------------------------------------------
BAR-estimator:         λ             λ+δλ          ΔΔA             ΔA            C               Δδe            δe       
                          
-----------------------------------------------------------------------------------------------------------------------------------
BAR-estimator:      0.00000        0.05000        1.2995         1.2995         1.2995         0.0093         0.0093 
BAR-estimator:      0.05000        0.10000        0.8002         2.0997         0.8002         0.0073         0.0119 
BAR-estimator:      0.10000        0.15000        0.4829         2.5826         0.4829         0.0064         0.0135 
BAR-estimator:      0.15000        0.20000        0.2924         2.8750         0.2924         0.0053         0.0145 
BAR-estimator:      0.20000        0.25000        0.1870         3.0619         0.1870         0.0043         0.0151 
BAR-estimator:      0.25000        0.30000        0.1110         3.1729         0.1110         0.0043         0.0157 
BAR-estimator:      0.30000        0.35000        0.0619         3.2349         0.0619         0.0039         0.0162 
BAR-estimator:      0.35000        0.40000        0.0284         3.2632         0.0284         0.0033         0.0165 
BAR-estimator:      0.40000        0.45000        0.0013         3.2645         0.0013         0.0030         0.0168 
BAR-estimator:      0.45000        0.50000       -0.0126         3.2519        -0.0126         0.0033         0.0171 
BAR-estimator:      0.50000        0.55000       -0.1284         3.1236        -0.1284         0.0040         0.0176 
BAR-estimator:      0.55000        0.60000       -0.2935         2.8301        -0.2935         0.0033         0.0179 
BAR-estimator:      0.60000        0.65000       -0.4820         2.3480        -0.4820         0.0038         0.0183 
BAR-estimator:      0.65000        0.70000       -0.6376         1.7104        -0.6376         0.0042         0.0188 
BAR-estimator:      0.70000        0.75000       -0.7464         0.9641        -0.7464         0.0041         0.0192 
BAR-estimator:      0.75000        0.80000       -0.7536         0.2104        -0.7536         0.0037         0.0196 
BAR-estimator:      0.80000        0.85000       -0.7412        -0.5307        -0.7412         0.0037         0.0199 
BAR-estimator:      0.85000        0.90000       -0.7083        -1.2390        -0.7083         0.0035         0.0202 
BAR-estimator:      0.90000        0.95000       -0.6826        -1.9216        -0.6826         0.0037         0.0205 
BAR-estimator:      0.95000        1.00000       -0.6503        -2.5719        -0.6503         0.0037         0.0209 
BAR-estimator: total free energy change is -2.571896590868242 , total error is 0.02087246610530504
