#========================================================================================
#                     Free energy perturbation    
#----------------------------------------------------------------------------------------
#forward/backward          λ              ΔΔA                 ΔA                  δε   
#                                                 
#----------------------------------------------------------------------------------------
forward:               0.0000              0.0000              0.0000              0.0000  
forward:               0.0500              2.2204              2.2204              0.0341  
forward:               0.1000              1.1549              3.3753              0.0397  
forward:               0.1500              0.5490              3.9243              0.0423  
forward:               0.2000              0.2620              4.1864              0.0433  
forward:               0.2500              0.1075              4.2938              0.0438  
forward:               0.3000              0.0195              4.3133              0.0442  
forward:               0.3500             -0.0321              4.2812              0.0445  
forward:               0.4000             -0.0863              4.1950              0.0448  
forward:               0.4500             -0.1206              4.0744              0.0451  
forward:               0.5000             -0.1411              3.9333              0.0454  
forward:               0.5500             -0.1868              3.7465              0.0457  
forward:               0.6000             -0.2659              3.4805              0.0459  
forward:               0.6500             -0.3158              3.1647              0.0460  
forward:               0.7000             -0.3577              2.8070              0.0462  
forward:               0.7500             -0.3943              2.4127              0.0463  
forward:               0.8000             -0.4361              1.9766              0.0465  
forward:               0.8500             -0.4622              1.5144              0.0465  
forward:               0.9000             -0.4848              1.0296              0.0467  
forward:               0.9500             -0.5078              0.5217              0.0468  
forward:               1.0000             -0.5223             -0.0005              0.0469  
backward:              1.0000              0.0000             -0.0005              0.0000  
backward:              0.9500              0.5339              0.5334              0.0040  
backward:              0.9000              0.4985              1.0319              0.0058  
backward:              0.8500              0.4903              1.5222              0.0069  
backward:              0.8000              0.4556              1.9778              0.0080  
backward:              0.7500              0.4323              2.4102              0.0089  
backward:              0.7000              0.3998              2.8100              0.0100  
backward:              0.6500              0.3726              3.1826              0.0109  
backward:              0.6000              0.3157              3.4982              0.0120  
backward:              0.5500              0.2615              3.7598              0.0131  
backward:              0.5000              0.1788              3.9386              0.0142  
backward:              0.4500              0.1419              4.0805              0.0151  
backward:              0.4000              0.1116              4.1921              0.0162  
backward:              0.3500              0.0810              4.2732              0.0170  
backward:              0.3000              0.0218              4.2950              0.0183  
backward:              0.2500             -0.0231              4.2718              0.0195  
backward:              0.2000             -0.1102              4.1616              0.0211  
backward:              0.1500             -0.2413              3.9203              0.0235  
backward:              0.1000             -0.5384              3.3819              0.0288  
backward:              0.0500             -1.1611              2.2208              0.0572  
backward:              0.0000             -2.2481             -0.0273              0.0925  
Inaccuracy estimation
======================================================================================================
                   i        i+δi          P0_overlap_P1   δε(forward)/ε   δε(backward)/ε
======================================================================================================
inaccuracy:  0.00000        0.05000           29.17            0.02            3.04
inaccuracy:  0.05000        0.10000           41.33           -0.05            1.37
inaccuracy:  0.10000        0.15000           53.05           -0.03            0.66
inaccuracy:  0.15000        0.20000           61.68           -0.02            0.34
inaccuracy:  0.20000        0.25000           67.93           -0.01            0.20
inaccuracy:  0.25000        0.30000           70.98           -0.01            0.15
inaccuracy:  0.30000        0.35000           72.90           -0.01            0.12
inaccuracy:  0.35000        0.40000           74.14           -0.01            0.11
inaccuracy:  0.40000        0.45000           75.35           -0.01            0.09
inaccuracy:  0.45000        0.50000           75.21           -0.01            0.09
inaccuracy:  0.50000        0.55000           73.38           -0.03            0.10
inaccuracy:  0.55000        0.60000           73.66           -0.03            0.07
inaccuracy:  0.60000        0.65000           74.33           -0.03            0.07
inaccuracy:  0.65000        0.70000           73.64           -0.04            0.06
inaccuracy:  0.70000        0.75000           74.72           -0.03            0.06
inaccuracy:  0.75000        0.80000           75.50           -0.03            0.06
inaccuracy:  0.80000        0.85000           75.82           -0.03            0.05
inaccuracy:  0.85000        0.90000           74.36           -0.03            0.05
inaccuracy:  0.90000        0.95000           75.85           -0.03            0.05
inaccuracy:  0.95000        1.00000           73.70           -0.04            0.05
===================================================================================================================================
                BAR        
-----------------------------------------------------------------------------------------------------------------------------------
BAR-estimator:         λ             λ+δλ          ΔΔA             ΔA            C               Δδe            δe       
                          
-----------------------------------------------------------------------------------------------------------------------------------
BAR-estimator:      0.00000        0.05000        2.2502         2.2502         2.2502         0.0136         0.0136 
BAR-estimator:      0.05000        0.10000        1.1457         3.3960         1.1457         0.0116         0.0178 
BAR-estimator:      0.10000        0.15000        0.5482         3.9442         0.5482         0.0092         0.0201 
BAR-estimator:      0.15000        0.20000        0.2579         4.2021         0.2579         0.0058         0.0209 
BAR-estimator:      0.20000        0.25000        0.1068         4.3089         0.1068         0.0042         0.0213 
BAR-estimator:      0.25000        0.30000        0.0218         4.3307         0.0218         0.0042         0.0217 
BAR-estimator:      0.30000        0.35000       -0.0295         4.3012        -0.0295         0.0041         0.0221 
BAR-estimator:      0.35000        0.40000       -0.0813         4.2199        -0.0813         0.0034         0.0224 
BAR-estimator:      0.40000        0.45000       -0.1162         4.1037        -0.1162         0.0032         0.0226 
BAR-estimator:      0.45000        0.50000       -0.1413         3.9624        -0.1413         0.0037         0.0229 
BAR-estimator:      0.50000        0.55000       -0.1829         3.7795        -0.1829         0.0034         0.0232 
BAR-estimator:      0.55000        0.60000       -0.2660         3.5135        -0.2660         0.0028         0.0233 
BAR-estimator:      0.60000        0.65000       -0.3162         3.1973        -0.3162         0.0025         0.0235 
BAR-estimator:      0.65000        0.70000       -0.3639         2.8334        -0.3639         0.0029         0.0236 
BAR-estimator:      0.70000        0.75000       -0.3965         2.4369        -0.3965         0.0039         0.0240 
BAR-estimator:      0.75000        0.80000       -0.4327         2.0042        -0.4327         0.0029         0.0241 
BAR-estimator:      0.80000        0.85000       -0.4597         1.5445        -0.4597         0.0027         0.0243 
BAR-estimator:      0.85000        0.90000       -0.4854         1.0591        -0.4854         0.0030         0.0245 
BAR-estimator:      0.90000        0.95000       -0.5045         0.5546        -0.5045         0.0030         0.0247 
BAR-estimator:      0.95000        1.00000       -0.5279         0.0267        -0.5279         0.0028         0.0248 
BAR-estimator: total free energy change is 0.02668135235002045 , total error is 0.024812648832149717
