#========================================================================================
#                     Free energy perturbation    
#----------------------------------------------------------------------------------------
#forward/backward          λ              ΔΔA                 ΔA                  δε   
#                                                 
#----------------------------------------------------------------------------------------
forward:               0.0000              0.0000              0.0000              0.0000  
forward:               0.0500              1.5888              1.5888              0.0237  
forward:               0.1000              0.8410              2.4298              0.0302  
forward:               0.1500              0.4354              2.8652              0.0323  
forward:               0.2000              0.2260              3.0912              0.0333  
forward:               0.2500              0.1282              3.2194              0.0340  
forward:               0.3000              0.0679              3.2873              0.0345  
forward:               0.3500              0.0346              3.3219              0.0350  
forward:               0.4000             -0.0057              3.3162              0.0354  
forward:               0.4500             -0.0122              3.3040              0.0357  
forward:               0.5000             -0.0515              3.2525              0.0359  
forward:               0.5500             -0.0575              3.1950              0.0363  
forward:               0.6000             -0.0991              3.0959              0.0366  
forward:               0.6500             -0.1151              2.9808              0.0369  
forward:               0.7000             -0.1482              2.8326              0.0371  
forward:               0.7500             -0.1601              2.6726              0.0375  
forward:               0.8000             -0.1852              2.4874              0.0377  
forward:               0.8500             -0.1972              2.2902              0.0380  
forward:               0.9000             -0.2036              2.0866              0.0382  
forward:               0.9500             -0.2136              1.8730              0.0384  
forward:               1.0000             -0.2199              1.6531              0.0386  
backward:              1.0000              0.0000              1.6531              0.0000  
backward:              0.9500              0.2203              1.8734              0.0050  
backward:              0.9000              0.2121              2.0855              0.0066  
backward:              0.8500              0.2004              2.2859              0.0085  
backward:              0.8000              0.1903              2.4762              0.0098  
backward:              0.7500              0.1967              2.6729              0.0108  
backward:              0.7000              0.1673              2.8402              0.0118  
backward:              0.6500              0.1531              2.9932              0.0127  
backward:              0.6000              0.1126              3.1058              0.0137  
backward:              0.5500              0.0950              3.2008              0.0147  
backward:              0.5000              0.0555              3.2563              0.0156  
backward:              0.4500              0.0462              3.3025              0.0169  
backward:              0.4000              0.0182              3.3207              0.0180  
backward:              0.3500             -0.0072              3.3135              0.0190  
backward:              0.3000             -0.0216              3.2920              0.0200  
backward:              0.2500             -0.0714              3.2206              0.0215  
backward:              0.2000             -0.1271              3.0935              0.0230  
backward:              0.1500             -0.2439              2.8496              0.0263  
backward:              0.1000             -0.4356              2.4140              0.0297  
backward:              0.0500             -0.8392              1.5748              0.0363  
backward:              0.0000             -1.5617              0.0131              0.0552  
Inaccuracy estimation
======================================================================================================
                   i        i+δi          P0_overlap_P1   δε(forward)/ε   δε(backward)/ε
======================================================================================================
inaccuracy:  0.00000        0.05000           36.33           -0.04            1.65
inaccuracy:  0.05000        0.10000           47.79           -0.03            1.00
inaccuracy:  0.10000        0.15000           57.99           -0.02            0.47
inaccuracy:  0.15000        0.20000           65.23           -0.01            0.27
inaccuracy:  0.20000        0.25000           68.97           -0.01            0.21
inaccuracy:  0.25000        0.30000           70.88           -0.02            0.15
inaccuracy:  0.30000        0.35000           70.48           -0.01            0.14
inaccuracy:  0.35000        0.40000           73.90           -0.02            0.12
inaccuracy:  0.40000        0.45000           72.85           -0.01            0.13
inaccuracy:  0.45000        0.50000           74.77           -0.02            0.10
inaccuracy:  0.50000        0.55000           73.26           -0.02            0.11
inaccuracy:  0.55000        0.60000           73.50           -0.02            0.10
inaccuracy:  0.60000        0.65000           73.86           -0.02            0.10
inaccuracy:  0.65000        0.70000           73.51           -0.03            0.10
inaccuracy:  0.70000        0.75000           73.44           -0.03            0.09
inaccuracy:  0.75000        0.80000           73.73           -0.03            0.09
inaccuracy:  0.80000        0.85000           73.80           -0.03            0.08
inaccuracy:  0.85000        0.90000           73.48           -0.03            0.09
inaccuracy:  0.90000        0.95000           73.64           -0.03            0.09
inaccuracy:  0.95000        1.00000           72.66           -0.03            0.09
===================================================================================================================================
                BAR        
-----------------------------------------------------------------------------------------------------------------------------------
BAR-estimator:         λ             λ+δλ          ΔΔA             ΔA            C               Δδe            δe       
                          
-----------------------------------------------------------------------------------------------------------------------------------
BAR-estimator:      0.00000        0.05000        1.5682         1.5682         1.5682         0.0119         0.0119 
BAR-estimator:      0.05000        0.10000        0.8481         2.4162         0.8481         0.0112         0.0163 
BAR-estimator:      0.10000        0.15000        0.4380         2.8543         0.4380         0.0073         0.0179 
BAR-estimator:      0.15000        0.20000        0.2305         3.0847         0.2305         0.0054         0.0187 
BAR-estimator:      0.20000        0.25000        0.1318         3.2165         0.1318         0.0046         0.0193 
BAR-estimator:      0.25000        0.30000        0.0675         3.2841         0.0675         0.0042         0.0197 
BAR-estimator:      0.30000        0.35000        0.0298         3.3139         0.0298         0.0039         0.0201 
BAR-estimator:      0.35000        0.40000       -0.0018         3.3121        -0.0018         0.0032         0.0203 
BAR-estimator:      0.40000        0.45000       -0.0138         3.2983        -0.0138         0.0032         0.0206 
BAR-estimator:      0.45000        0.50000       -0.0481         3.2502        -0.0481         0.0030         0.0208 
BAR-estimator:      0.50000        0.55000       -0.0565         3.1937        -0.0565         0.0035         0.0211 
BAR-estimator:      0.55000        0.60000       -0.0968         3.0969        -0.0968         0.0035         0.0214 
BAR-estimator:      0.60000        0.65000       -0.1132         2.9836        -0.1132         0.0032         0.0216 
BAR-estimator:      0.65000        0.70000       -0.1491         2.8345        -0.1491         0.0032         0.0219 
BAR-estimator:      0.70000        0.75000       -0.1637         2.6708        -0.1637         0.0036         0.0221 
BAR-estimator:      0.75000        0.80000       -0.1869         2.4839        -0.1869         0.0033         0.0224 
BAR-estimator:      0.80000        0.85000       -0.1962         2.2877        -0.1962         0.0030         0.0226 
BAR-estimator:      0.85000        0.90000       -0.2053         2.0824        -0.2053         0.0032         0.0228 
BAR-estimator:      0.90000        0.95000       -0.2129         1.8695        -0.2129         0.0034         0.0231 
BAR-estimator:      0.95000        1.00000       -0.2218         1.6477        -0.2218         0.0034         0.0233 
BAR-estimator: total free energy change is 1.647676869352297 , total error is 0.023301039750788666
