#========================================================================================
#                     Free energy perturbation    
#----------------------------------------------------------------------------------------
#forward/backward          λ              ΔΔA                 ΔA                  δε   
#                                                 
#----------------------------------------------------------------------------------------
forward:               0.0000              0.0000              0.0000              0.0000  
forward:               0.0500              1.3237              1.3237              0.0245  
forward:               0.1000              0.8276              2.1513              0.0284  
forward:               0.1500              0.4663              2.6176              0.0310  
forward:               0.2000              0.2188              2.8364              0.0321  
forward:               0.2500              0.1211              2.9575              0.0330  
forward:               0.3000              0.0540              3.0115              0.0337  
forward:               0.3500             -0.0155              2.9960              0.0341  
forward:               0.4000             -0.0525              2.9435              0.0345  
forward:               0.4500             -0.0771              2.8664              0.0349  
forward:               0.5000             -0.0959              2.7705              0.0363  
forward:               0.5500             -0.1632              2.6073              0.0366  
forward:               0.6000             -0.2737              2.3336              0.0369  
forward:               0.6500             -0.3346              1.9990              0.0372  
forward:               0.7000             -0.3971              1.6020              0.0374  
forward:               0.7500             -0.4365              1.1654              0.0377  
forward:               0.8000             -0.4809              0.6846              0.0380  
forward:               0.8500             -0.5018              0.1827              0.0382  
forward:               0.9000             -0.5298             -0.3471              0.0385  
forward:               0.9500             -0.5559             -0.9030              0.0387  
forward:               1.0000             -0.5750             -1.4780              0.0390  
backward:              1.0000              0.0000             -1.4780              0.0000  
backward:              0.9500              0.5676             -0.9103              0.0051  
backward:              0.9000              0.5508             -0.3596              0.0070  
backward:              0.8500              0.5364              0.1768              0.0088  
backward:              0.8000              0.5078              0.6846              0.0102  
backward:              0.7500              0.4779              1.1625              0.0114  
backward:              0.7000              0.4385              1.6011              0.0121  
backward:              0.6500              0.3920              1.9930              0.0134  
backward:              0.6000              0.3309              2.3239              0.0144  
backward:              0.5500              0.2638              2.5877              0.0154  
backward:              0.5000              0.1678              2.7555              0.0166  
backward:              0.4500              0.0993              2.8548              0.0173  
backward:              0.4000              0.0685              2.9233              0.0184  
backward:              0.3500              0.0535              2.9768              0.0195  
backward:              0.3000              0.0005              2.9773              0.0208  
backward:              0.2500             -0.0298              2.9475              0.0220  
backward:              0.2000             -0.1218              2.8257              0.0242  
backward:              0.1500             -0.2443              2.5814              0.0269  
backward:              0.1000             -0.4492              2.1322              0.0309  
backward:              0.0500             -0.7595              1.3727              0.0357  
backward:              0.0000             -1.4061             -0.0334              0.0687  
Inaccuracy estimation
======================================================================================================
                   i        i+δi          P0_overlap_P1   δε(forward)/ε   δε(backward)/ε
======================================================================================================
inaccuracy:  0.00000        0.05000           40.90           -0.05            1.34
inaccuracy:  0.05000        0.10000           48.02           -0.04            0.92
inaccuracy:  0.10000        0.15000           56.04           -0.03            0.55
inaccuracy:  0.15000        0.20000           64.06           -0.02            0.30
inaccuracy:  0.20000        0.25000           66.85           -0.02            0.22
inaccuracy:  0.25000        0.30000           67.68           -0.02            0.18
inaccuracy:  0.30000        0.35000           72.18           -0.01            0.14
inaccuracy:  0.35000        0.40000           72.33           -0.02            0.13
inaccuracy:  0.40000        0.45000           73.35           -0.01            0.11
inaccuracy:  0.45000        0.50000           72.92           -0.02            0.10
inaccuracy:  0.50000        0.55000           69.71           -0.04            0.12
inaccuracy:  0.55000        0.60000           71.98           -0.04            0.10
inaccuracy:  0.60000        0.65000           72.10           -0.05            0.09
inaccuracy:  0.65000        0.70000           72.12           -0.05            0.08
inaccuracy:  0.70000        0.75000           70.90           -0.04            0.08
inaccuracy:  0.75000        0.80000           71.62           -0.04            0.07
inaccuracy:  0.80000        0.85000           70.93           -0.04            0.08
inaccuracy:  0.85000        0.90000           70.44           -0.06            0.07
inaccuracy:  0.90000        0.95000           71.13           -0.05            0.07
inaccuracy:  0.95000        1.00000           71.24           -0.04            0.07
===================================================================================================================================
                BAR        
-----------------------------------------------------------------------------------------------------------------------------------
BAR-estimator:         λ             λ+δλ          ΔΔA             ΔA            C               Δδe            δe       
                          
-----------------------------------------------------------------------------------------------------------------------------------
BAR-estimator:      0.00000        0.05000        1.3428         1.3428         1.3428         0.0123         0.0123 
BAR-estimator:      0.05000        0.10000        0.8093         2.1522         0.8093         0.0082         0.0148 
BAR-estimator:      0.10000        0.15000        0.4670         2.6192         0.4670         0.0079         0.0168 
BAR-estimator:      0.15000        0.20000        0.2251         2.8443         0.2251         0.0062         0.0179 
BAR-estimator:      0.20000        0.25000        0.1206         2.9649         0.1206         0.0049         0.0185 
BAR-estimator:      0.25000        0.30000        0.0467         3.0116         0.0467         0.0045         0.0191 
BAR-estimator:      0.30000        0.35000       -0.0132         2.9984        -0.0132         0.0038         0.0195 
BAR-estimator:      0.35000        0.40000       -0.0504         2.9479        -0.0504         0.0034         0.0198 
BAR-estimator:      0.40000        0.45000       -0.0738         2.8742        -0.0738         0.0036         0.0201 
BAR-estimator:      0.45000        0.50000       -0.0986         2.7756        -0.0986         0.0062         0.0210 
BAR-estimator:      0.50000        0.55000       -0.1653         2.6103        -0.1653         0.0035         0.0213 
BAR-estimator:      0.55000        0.60000       -0.2692         2.3411        -0.2692         0.0034         0.0216 
BAR-estimator:      0.60000        0.65000       -0.3330         2.0081        -0.3330         0.0033         0.0218 
BAR-estimator:      0.65000        0.70000       -0.3956         1.6126        -0.3956         0.0033         0.0221 
BAR-estimator:      0.70000        0.75000       -0.4388         1.1738        -0.4388         0.0036         0.0224 
BAR-estimator:      0.75000        0.80000       -0.4787         0.6951        -0.4787         0.0035         0.0227 
BAR-estimator:      0.80000        0.85000       -0.5045         0.1907        -0.5045         0.0034         0.0229 
BAR-estimator:      0.85000        0.90000       -0.5346        -0.3439        -0.5346         0.0034         0.0232 
BAR-estimator:      0.90000        0.95000       -0.5540        -0.8979        -0.5540         0.0034         0.0234 
BAR-estimator:      0.95000        1.00000       -0.5725        -1.4704        -0.5725         0.0036         0.0237 
BAR-estimator: total free energy change is -1.4704024195594745 , total error is 0.02368288819886374
