#========================================================================================
#                     Free energy perturbation    
#----------------------------------------------------------------------------------------
#forward/backward          λ              ΔΔA                 ΔA                  δε   
#                                                 
#----------------------------------------------------------------------------------------
forward:               0.0000              0.0000              0.0000              0.0000  
forward:               0.0500              3.0432              3.0432              0.0404  
forward:               0.1000              1.6727              4.7158              0.0504  
forward:               0.1500              0.7822              5.4980              0.0541  
forward:               0.2000              0.3289              5.8269              0.0553  
forward:               0.2500              0.0945              5.9214              0.0560  
forward:               0.3000             -0.0471              5.8743              0.0564  
forward:               0.3500             -0.1294              5.7449              0.0567  
forward:               0.4000             -0.1969              5.5480              0.0570  
forward:               0.4500             -0.2307              5.3173              0.0573  
forward:               0.5000             -0.2789              5.0383              0.0575  
forward:               0.5500             -0.4982              4.5401              0.0580  
forward:               0.6000             -0.8792              3.6609              0.0587  
forward:               0.6500             -1.1789              2.4820              0.0595  
forward:               0.7000             -1.4685              1.0135              0.0604  
forward:               0.7500             -1.6283             -0.6149              0.0610  
forward:               0.8000             -1.7368             -2.3516              0.0615  
forward:               0.8500             -1.8082             -4.1598              0.0618  
forward:               0.9000             -1.8296             -5.9895              0.0621  
forward:               0.9500             -1.8165             -7.8060              0.0625  
forward:               1.0000             -1.8177             -9.6237              0.0628  
backward:              1.0000              0.0000             -9.6237              0.0000  
backward:              0.9500              1.7934             -7.8303              0.0074  
backward:              0.9000              1.8092             -6.0211              0.0108  
backward:              0.8500              1.8267             -4.1944              0.0131  
backward:              0.8000              1.8008             -2.3937              0.0151  
backward:              0.7500              1.7534             -0.6403              0.0175  
backward:              0.7000              1.6290              0.9888              0.0201  
backward:              0.6500              1.4464              2.4352              0.0225  
backward:              0.6000              1.1689              3.6041              0.0242  
backward:              0.5500              0.8685              4.4726              0.0256  
backward:              0.5000              0.5016              4.9742              0.0270  
backward:              0.4500              0.2687              5.2428              0.0279  
backward:              0.4000              0.2293              5.4721              0.0287  
backward:              0.3500              0.1860              5.6581              0.0295  
backward:              0.3000              0.1422              5.8003              0.0304  
backward:              0.2500              0.0538              5.8541              0.0317  
backward:              0.2000             -0.1225              5.7316              0.0365  
backward:              0.1500             -0.3351              5.3965              0.0406  
backward:              0.1000             -0.8064              4.5901              0.0493  
backward:              0.0500             -1.6463              2.9438              0.1046  
backward:              0.0000             -2.7644              0.1794              0.1158  
Inaccuracy estimation
======================================================================================================
                   i        i+δi          P0_overlap_P1   δε(forward)/ε   δε(backward)/ε
======================================================================================================
inaccuracy:  0.00000        0.05000           20.55            0.26            4.28
inaccuracy:  0.05000        0.10000           31.28           -0.08            2.37
inaccuracy:  0.10000        0.15000           44.27           -0.07            1.09
inaccuracy:  0.15000        0.20000           53.92           -0.05            0.54
inaccuracy:  0.20000        0.25000           61.44           -0.03            0.30
inaccuracy:  0.25000        0.30000           64.20           -0.03            0.22
inaccuracy:  0.30000        0.35000           66.54           -0.03            0.18
inaccuracy:  0.35000        0.40000           69.43           -0.04            0.13
inaccuracy:  0.40000        0.45000           69.52           -0.04            0.12
inaccuracy:  0.45000        0.50000           70.82           -0.04            0.11
inaccuracy:  0.50000        0.55000           58.57           -0.16            0.19
inaccuracy:  0.55000        0.60000           60.90           -0.21            0.10
inaccuracy:  0.60000        0.65000           60.32           -0.23            0.05
inaccuracy:  0.65000        0.70000           60.86           -0.19            0.02
inaccuracy:  0.70000        0.75000           59.88           -0.26           -0.01
inaccuracy:  0.75000        0.80000           59.94           -0.24           -0.02
inaccuracy:  0.80000        0.85000           60.92           -0.22           -0.02
inaccuracy:  0.85000        0.90000           60.65           -0.19           -0.02
inaccuracy:  0.90000        0.95000           59.88           -0.22           -0.01
inaccuracy:  0.95000        1.00000           59.94           -0.22           -0.01
===================================================================================================================================
                BAR        
-----------------------------------------------------------------------------------------------------------------------------------
BAR-estimator:         λ             λ+δλ          ΔΔA             ΔA            C               Δδe            δe       
                          
-----------------------------------------------------------------------------------------------------------------------------------
BAR-estimator:      0.00000        0.05000        2.9915         2.9915         2.9915         0.0151         0.0151 
BAR-estimator:      0.05000        0.10000        1.6825         4.6740         1.6825         0.0138         0.0205 
BAR-estimator:      0.10000        0.15000        0.7938         5.4678         0.7938         0.0118         0.0236 
BAR-estimator:      0.15000        0.20000        0.3264         5.7941         0.3264         0.0076         0.0248 
BAR-estimator:      0.20000        0.25000        0.0923         5.8864         0.0923         0.0062         0.0256 
BAR-estimator:      0.25000        0.30000       -0.0500         5.8364        -0.0500         0.0049         0.0260 
BAR-estimator:      0.30000        0.35000       -0.1318         5.7045        -0.1318         0.0046         0.0264 
BAR-estimator:      0.35000        0.40000       -0.1935         5.5110        -0.1935         0.0045         0.0268 
BAR-estimator:      0.40000        0.45000       -0.2318         5.2792        -0.2318         0.0038         0.0271 
BAR-estimator:      0.45000        0.50000       -0.2764         5.0028        -0.2764         0.0035         0.0273 
BAR-estimator:      0.50000        0.55000       -0.4954         4.5074        -0.4954         0.0046         0.0277 
BAR-estimator:      0.55000        0.60000       -0.8689         3.6385        -0.8689         0.0050         0.0281 
BAR-estimator:      0.60000        0.65000       -1.1746         2.4639        -1.1746         0.0052         0.0286 
BAR-estimator:      0.65000        0.70000       -1.4533         1.0106        -1.4533         0.0054         0.0291 
BAR-estimator:      0.70000        0.75000       -1.6339        -0.6233        -1.6339         0.0055         0.0296 
BAR-estimator:      0.75000        0.80000       -1.7437        -2.3669        -1.7437         0.0054         0.0301 
BAR-estimator:      0.80000        0.85000       -1.8068        -4.1738        -1.8068         0.0047         0.0305 
BAR-estimator:      0.85000        0.90000       -1.8249        -5.9986        -1.8249         0.0032         0.0307 
BAR-estimator:      0.90000        0.95000       -1.8157        -7.8144        -1.8157         0.0053         0.0311 
BAR-estimator:      0.95000        1.00000       -1.8085        -9.6229        -1.8085         0.0032         0.0313 
BAR-estimator: total free energy change is -9.622858629605712 , total error is 0.03127484739166939
