#========================================================================================
#                     Free energy perturbation    
#----------------------------------------------------------------------------------------
#forward/backward          λ              ΔΔA                 ΔA                  δε   
#                                                 
#----------------------------------------------------------------------------------------
forward:               0.0000              0.0000              0.0000              0.0000  
forward:               0.0500              1.2034              1.2034              0.0243  
forward:               0.1000              0.6340              1.8374              0.0298  
forward:               0.1500              0.3218              2.1592              0.0313  
forward:               0.2000              0.1583              2.3175              0.0321  
forward:               0.2500              0.0966              2.4141              0.0327  
forward:               0.3000              0.0327              2.4468              0.0332  
forward:               0.3500              0.0015              2.4483              0.0336  
forward:               0.4000             -0.0204              2.4279              0.0339  
forward:               0.4500             -0.0387              2.3892              0.0343  
forward:               0.5000             -0.0640              2.3252              0.0345  
forward:               0.5500             -0.1118              2.2134              0.0348  
forward:               0.6000             -0.2109              2.0025              0.0350  
forward:               0.6500             -0.2912              1.7113              0.0353  
forward:               0.7000             -0.3658              1.3455              0.0357  
forward:               0.7500             -0.4212              0.9243              0.0361  
forward:               0.8000             -0.4670              0.4573              0.0364  
forward:               0.8500             -0.4913             -0.0340              0.0367  
forward:               0.9000             -0.5034             -0.5375              0.0369  
forward:               0.9500             -0.5014             -1.0389              0.0371  
forward:               1.0000             -0.5049             -1.5438              0.0374  
backward:              1.0000              0.0000             -1.5438              0.0000  
backward:              0.9500              0.5077             -1.0361              0.0048  
backward:              0.9000              0.4924             -0.5437              0.0068  
backward:              0.8500              0.4957             -0.0479              0.0086  
backward:              0.8000              0.4796              0.4317              0.0103  
backward:              0.7500              0.4747              0.9064              0.0113  
backward:              0.7000              0.4139              1.3203              0.0135  
backward:              0.6500              0.3661              1.6864              0.0145  
backward:              0.6000              0.2903              1.9766              0.0154  
backward:              0.5500              0.1959              2.1725              0.0163  
backward:              0.5000              0.0998              2.2724              0.0170  
backward:              0.4500              0.0571              2.3294              0.0181  
backward:              0.4000              0.0443              2.3738              0.0188  
backward:              0.3500              0.0345              2.4083              0.0195  
backward:              0.3000              0.0018              2.4101              0.0203  
backward:              0.2500             -0.0260              2.3841              0.0212  
backward:              0.2000             -0.0951              2.2891              0.0228  
backward:              0.1500             -0.1501              2.1390              0.0246  
backward:              0.1000             -0.3084              1.8305              0.0281  
backward:              0.0500             -0.6841              1.1465              0.0551  
backward:              0.0000             -1.2379             -0.0914              0.0616  
Inaccuracy estimation
======================================================================================================
                   i        i+δi          P0_overlap_P1   δε(forward)/ε   δε(backward)/ε
======================================================================================================
inaccuracy:  0.00000        0.05000           43.22           -0.04            1.12
inaccuracy:  0.05000        0.10000           51.74           -0.02            0.80
inaccuracy:  0.10000        0.15000           61.38           -0.01            0.39
inaccuracy:  0.15000        0.20000           67.94           -0.02            0.22
inaccuracy:  0.20000        0.25000           70.44           -0.02            0.17
inaccuracy:  0.25000        0.30000           71.80           -0.01            0.14
inaccuracy:  0.30000        0.35000           74.26           -0.01            0.11
inaccuracy:  0.35000        0.40000           74.17           -0.01            0.11
inaccuracy:  0.40000        0.45000           75.20           -0.01            0.10
inaccuracy:  0.45000        0.50000           75.94           -0.01            0.09
inaccuracy:  0.50000        0.55000           73.55           -0.04            0.10
inaccuracy:  0.55000        0.60000           73.20           -0.04            0.09
inaccuracy:  0.60000        0.65000           72.62           -0.05            0.08
inaccuracy:  0.65000        0.70000           72.24           -0.05            0.07
inaccuracy:  0.70000        0.75000           72.37           -0.05            0.07
inaccuracy:  0.75000        0.80000           71.71           -0.05            0.07
inaccuracy:  0.80000        0.85000           72.90           -0.04            0.07
inaccuracy:  0.85000        0.90000           72.57           -0.05            0.07
inaccuracy:  0.90000        0.95000           72.07           -0.05            0.07
inaccuracy:  0.95000        1.00000           71.00           -0.04            0.08
===================================================================================================================================
                BAR        
-----------------------------------------------------------------------------------------------------------------------------------
BAR-estimator:         λ             λ+δλ          ΔΔA             ΔA            C               Δδe            δe       
                          
-----------------------------------------------------------------------------------------------------------------------------------
BAR-estimator:      0.00000        0.05000        1.2338         1.2338         1.2338         0.0109         0.0109 
BAR-estimator:      0.05000        0.10000        0.6452         1.8789         0.6452         0.0106         0.0152 
BAR-estimator:      0.10000        0.15000        0.3167         2.1956         0.3167         0.0064         0.0165 
BAR-estimator:      0.15000        0.20000        0.1562         2.3519         0.1562         0.0047         0.0172 
BAR-estimator:      0.20000        0.25000        0.0947         2.4466         0.0947         0.0043         0.0177 
BAR-estimator:      0.25000        0.30000        0.0296         2.4761         0.0296         0.0041         0.0182 
BAR-estimator:      0.30000        0.35000        0.0011         2.4772         0.0011         0.0037         0.0185 
BAR-estimator:      0.35000        0.40000       -0.0265         2.4507        -0.0265         0.0033         0.0188 
BAR-estimator:      0.40000        0.45000       -0.0402         2.4105        -0.0402         0.0033         0.0191 
BAR-estimator:      0.45000        0.50000       -0.0641         2.3464        -0.0641         0.0028         0.0193 
BAR-estimator:      0.50000        0.55000       -0.1065         2.2400        -0.1065         0.0034         0.0196 
BAR-estimator:      0.55000        0.60000       -0.2039         2.0361        -0.2039         0.0033         0.0199 
BAR-estimator:      0.60000        0.65000       -0.2941         1.7420        -0.2941         0.0038         0.0203 
BAR-estimator:      0.65000        0.70000       -0.3654         1.3766        -0.3654         0.0041         0.0207 
BAR-estimator:      0.70000        0.75000       -0.4197         0.9569        -0.4197         0.0036         0.0210 
BAR-estimator:      0.75000        0.80000       -0.4687         0.4882        -0.4687         0.0035         0.0213 
BAR-estimator:      0.80000        0.85000       -0.4858         0.0024        -0.4858         0.0035         0.0216 
BAR-estimator:      0.85000        0.90000       -0.5010        -0.4987        -0.5010         0.0034         0.0218 
BAR-estimator:      0.90000        0.95000       -0.4990        -0.9977        -0.4990         0.0040         0.0222 
BAR-estimator:      0.95000        1.00000       -0.5060        -1.5036        -0.5060         0.0038         0.0225 
BAR-estimator: total free energy change is -1.503639208492551 , total error is 0.022499908982139917
