#========================================================================================
#                     Free energy perturbation    
#----------------------------------------------------------------------------------------
#forward/backward          λ              ΔΔA                 ΔA                  δε   
#                                                 
#----------------------------------------------------------------------------------------
forward:               0.0000              0.0000              0.0000              0.0000  
forward:               0.0500              1.9100              1.9100              0.0194  
forward:               0.1000              1.1766              3.0866              0.0273  
forward:               0.1500              0.6918              3.7784              0.0304  
forward:               0.2000              0.4118              4.1902              0.0320  
forward:               0.2500              0.2390              4.4292              0.0331  
forward:               0.3000              0.1317              4.5609              0.0338  
forward:               0.3500              0.0555              4.6163              0.0344  
forward:               0.4000              0.0218              4.6382              0.0348  
forward:               0.4500             -0.0266              4.6116              0.0352  
forward:               0.5000             -0.0513              4.5603              0.0356  
forward:               0.5500             -0.1637              4.3966              0.0360  
forward:               0.6000             -0.3312              4.0654              0.0364  
forward:               0.6500             -0.5040              3.5614              0.0367  
forward:               0.7000             -0.6377              2.9237              0.0371  
forward:               0.7500             -0.7488              2.1749              0.0374  
forward:               0.8000             -0.8122              1.3627              0.0378  
forward:               0.8500             -0.8496              0.5131              0.0380  
forward:               0.9000             -0.8852             -0.3721              0.0384  
forward:               0.9500             -0.8907             -1.2628              0.0387  
forward:               1.0000             -0.9167             -2.1795              0.0389  
backward:              1.0000              0.0000             -2.1795              0.0000  
backward:              0.9500              0.9016             -1.2778              0.0063  
backward:              0.9000              0.8878             -0.3901              0.0088  
backward:              0.8500              0.8749              0.4848              0.0108  
backward:              0.8000              0.8540              1.3388              0.0123  
backward:              0.7500              0.7980              2.1369              0.0137  
backward:              0.7000              0.7325              2.8694              0.0156  
backward:              0.6500              0.6365              3.5059              0.0169  
backward:              0.6000              0.4954              4.0012              0.0182  
backward:              0.5500              0.3405              4.3417              0.0195  
backward:              0.5000              0.1553              4.4971              0.0207  
backward:              0.4500              0.0495              4.5466              0.0217  
backward:              0.4000              0.0126              4.5592              0.0227  
backward:              0.3500             -0.0167              4.5425              0.0241  
backward:              0.3000             -0.0557              4.4868              0.0251  
backward:              0.2500             -0.1302              4.3567              0.0266  
backward:              0.2000             -0.2408              4.1159              0.0289  
backward:              0.1500             -0.3969              3.7190              0.0322  
backward:              0.1000             -0.6783              3.0407              0.0367  
backward:              0.0500             -1.1800              1.8607              0.0430  
backward:              0.0000             -1.8778             -0.0171              0.0559  
Inaccuracy estimation
======================================================================================================
                   i        i+δi          P0_overlap_P1   δε(forward)/ε   δε(backward)/ε
======================================================================================================
inaccuracy:  0.00000        0.05000           32.52           -0.01            2.14
inaccuracy:  0.05000        0.10000           42.33           -0.05            1.31
inaccuracy:  0.10000        0.15000           50.09           -0.05            0.75
inaccuracy:  0.15000        0.20000           56.84           -0.03            0.47
inaccuracy:  0.20000        0.25000           62.68           -0.03            0.32
inaccuracy:  0.25000        0.30000           64.63           -0.03            0.24
inaccuracy:  0.30000        0.35000           67.42           -0.02            0.19
inaccuracy:  0.35000        0.40000           68.18           -0.03            0.18
inaccuracy:  0.40000        0.45000           69.90           -0.02            0.15
inaccuracy:  0.45000        0.50000           70.31           -0.03            0.14
inaccuracy:  0.50000        0.55000           65.25           -0.08            0.16
inaccuracy:  0.55000        0.60000           64.47           -0.09            0.13
inaccuracy:  0.60000        0.65000           65.70           -0.10            0.11
inaccuracy:  0.65000        0.70000           65.34           -0.10            0.10
inaccuracy:  0.70000        0.75000           66.02           -0.09            0.08
inaccuracy:  0.75000        0.80000           67.17           -0.09            0.07
inaccuracy:  0.80000        0.85000           65.62           -0.11            0.08
inaccuracy:  0.85000        0.90000           65.42           -0.10            0.07
inaccuracy:  0.90000        0.95000           64.85           -0.11            0.07
inaccuracy:  0.95000        1.00000           65.58           -0.09            0.07
===================================================================================================================================
                BAR        
-----------------------------------------------------------------------------------------------------------------------------------
BAR-estimator:         λ             λ+δλ          ΔΔA             ΔA            C               Δδe            δe       
                          
-----------------------------------------------------------------------------------------------------------------------------------
BAR-estimator:      0.00000        0.05000        1.8960         1.8960         1.8960         0.0096         0.0096 
BAR-estimator:      0.05000        0.10000        1.1933         3.0893         1.1933         0.0105         0.0142 
BAR-estimator:      0.10000        0.15000        0.6888         3.7780         0.6888         0.0082         0.0164 
BAR-estimator:      0.15000        0.20000        0.4089         4.1869         0.4089         0.0063         0.0176 
BAR-estimator:      0.20000        0.25000        0.2405         4.4274         0.2405         0.0057         0.0185 
BAR-estimator:      0.25000        0.30000        0.1291         4.5566         0.1291         0.0043         0.0189 
BAR-estimator:      0.30000        0.35000        0.0563         4.6129         0.0563         0.0042         0.0194 
BAR-estimator:      0.35000        0.40000        0.0206         4.6335         0.0206         0.0040         0.0198 
BAR-estimator:      0.40000        0.45000       -0.0212         4.6123        -0.0212         0.0034         0.0201 
BAR-estimator:      0.45000        0.50000       -0.0498         4.5625        -0.0498         0.0034         0.0204 
BAR-estimator:      0.50000        0.55000       -0.1623         4.4002        -0.1623         0.0035         0.0207 
BAR-estimator:      0.55000        0.60000       -0.3378         4.0624        -0.3378         0.0037         0.0210 
BAR-estimator:      0.60000        0.65000       -0.4972         3.5652        -0.4972         0.0039         0.0214 
BAR-estimator:      0.65000        0.70000       -0.6370         2.9282        -0.6370         0.0035         0.0217 
BAR-estimator:      0.70000        0.75000       -0.7442         2.1840        -0.7442         0.0038         0.0220 
BAR-estimator:      0.75000        0.80000       -0.8050         1.3790        -0.8050         0.0038         0.0223 
BAR-estimator:      0.80000        0.85000       -0.8494         0.5296        -0.8494         0.0043         0.0227 
BAR-estimator:      0.85000        0.90000       -0.8806        -0.3510        -0.8806         0.0041         0.0231 
BAR-estimator:      0.90000        0.95000       -0.8947        -1.2457        -0.8947         0.0038         0.0234 
BAR-estimator:      0.95000        1.00000       -0.9083        -2.1541        -0.9083         0.0035         0.0237 
BAR-estimator: total free energy change is -2.154082634970587 , total error is 0.02367087447268964
