#========================================================================================
#                     Free energy perturbation    
#----------------------------------------------------------------------------------------
#forward/backward          λ              ΔΔA                 ΔA                  δε   
#                                                 
#----------------------------------------------------------------------------------------
forward:               0.0000              0.0000              0.0000              0.0000  
forward:               0.0500              1.7609              1.7609              0.0181  
forward:               0.1000              1.0544              2.8153              0.0243  
forward:               0.1500              0.6147              3.4300              0.0276  
forward:               0.2000              0.3672              3.7971              0.0293  
forward:               0.2500              0.2015              3.9986              0.0303  
forward:               0.3000              0.1200              4.1186              0.0309  
forward:               0.3500              0.0571              4.1758              0.0315  
forward:               0.4000             -0.0081              4.1676              0.0322  
forward:               0.4500             -0.0294              4.1382              0.0326  
forward:               0.5000             -0.0559              4.0824              0.0330  
forward:               0.5500             -0.1806              3.9018              0.0334  
forward:               0.6000             -0.3529              3.5489              0.0342  
forward:               0.6500             -0.5242              3.0247              0.0346  
forward:               0.7000             -0.6549              2.3699              0.0351  
forward:               0.7500             -0.7519              1.6180              0.0355  
forward:               0.8000             -0.7949              0.8231              0.0359  
forward:               0.8500             -0.8404             -0.0173              0.0362  
forward:               0.9000             -0.8442             -0.8615              0.0365  
forward:               0.9500             -0.8451             -1.7065              0.0368  
forward:               1.0000             -0.8360             -2.5425              0.0371  
backward:              1.0000              0.0000             -2.5425              0.0000  
backward:              0.9500              0.8364             -1.7061              0.0067  
backward:              0.9000              0.8343             -0.8718              0.0099  
backward:              0.8500              0.8380             -0.0338              0.0117  
backward:              0.8000              0.8280              0.7942              0.0132  
backward:              0.7500              0.8125              1.6067              0.0148  
backward:              0.7000              0.7459              2.3526              0.0162  
backward:              0.6500              0.6504              3.0030              0.0178  
backward:              0.6000              0.5225              3.5254              0.0189  
backward:              0.5500              0.3556              3.8810              0.0199  
backward:              0.5000              0.1820              4.0631              0.0210  
backward:              0.4500              0.0679              4.1310              0.0218  
backward:              0.4000              0.0486              4.1796              0.0225  
backward:              0.3500              0.0125              4.1921              0.0233  
backward:              0.3000             -0.0542              4.1379              0.0246  
backward:              0.2500             -0.1337              4.0043              0.0261  
backward:              0.2000             -0.2147              3.7896              0.0286  
backward:              0.1500             -0.3849              3.4046              0.0327  
backward:              0.1000             -0.6204              2.7843              0.0388  
backward:              0.0500             -1.0596              1.7247              0.0500  
backward:              0.0000             -1.9112             -0.1865              0.0840  
Inaccuracy estimation
======================================================================================================
                   i        i+δi          P0_overlap_P1   δε(forward)/ε   δε(backward)/ε
======================================================================================================
inaccuracy:  0.00000        0.05000           35.38           -0.02            1.84
inaccuracy:  0.05000        0.10000           43.87           -0.05            1.22
inaccuracy:  0.10000        0.15000           52.33           -0.03            0.71
inaccuracy:  0.15000        0.20000           58.51           -0.03            0.42
inaccuracy:  0.20000        0.25000           64.15           -0.02            0.29
inaccuracy:  0.25000        0.30000           66.30           -0.02            0.20
inaccuracy:  0.30000        0.35000           67.51           -0.02            0.19
inaccuracy:  0.35000        0.40000           69.56           -0.02            0.16
inaccuracy:  0.40000        0.45000           69.00           -0.02            0.16
inaccuracy:  0.45000        0.50000           69.66           -0.03            0.14
inaccuracy:  0.50000        0.55000           65.55           -0.08            0.16
inaccuracy:  0.55000        0.60000           65.45           -0.09            0.13
inaccuracy:  0.60000        0.65000           65.54           -0.10            0.11
inaccuracy:  0.65000        0.70000           65.81           -0.10            0.09
inaccuracy:  0.70000        0.75000           66.18           -0.10            0.08
inaccuracy:  0.75000        0.80000           65.24           -0.12            0.08
inaccuracy:  0.80000        0.85000           67.05           -0.10            0.07
inaccuracy:  0.85000        0.90000           65.81           -0.10            0.08
inaccuracy:  0.90000        0.95000           64.81           -0.11            0.08
inaccuracy:  0.95000        1.00000           64.67           -0.11            0.09
===================================================================================================================================
                BAR        
-----------------------------------------------------------------------------------------------------------------------------------
BAR-estimator:         λ             λ+δλ          ΔΔA             ΔA            C               Δδe            δe       
                          
-----------------------------------------------------------------------------------------------------------------------------------
BAR-estimator:      0.00000        0.05000        1.7563         1.7563         1.7563         0.0102         0.0102 
BAR-estimator:      0.05000        0.10000        1.0705         2.8268         1.0705         0.0089         0.0135 
BAR-estimator:      0.10000        0.15000        0.6217         3.4485         0.6217         0.0081         0.0158 
BAR-estimator:      0.15000        0.20000        0.3676         3.8162         0.3676         0.0062         0.0169 
BAR-estimator:      0.20000        0.25000        0.2033         4.0195         0.2033         0.0053         0.0177 
BAR-estimator:      0.25000        0.30000        0.1214         4.1410         0.1214         0.0042         0.0182 
BAR-estimator:      0.30000        0.35000        0.0560         4.1970         0.0560         0.0043         0.0187 
BAR-estimator:      0.35000        0.40000       -0.0067         4.1903        -0.0067         0.0043         0.0192 
BAR-estimator:      0.40000        0.45000       -0.0344         4.1559        -0.0344         0.0036         0.0195 
BAR-estimator:      0.45000        0.50000       -0.0606         4.0953        -0.0606         0.0036         0.0199 
BAR-estimator:      0.50000        0.55000       -0.1815         3.9138        -0.1815         0.0036         0.0202 
BAR-estimator:      0.55000        0.60000       -0.3546         3.5591        -0.3546         0.0040         0.0206 
BAR-estimator:      0.60000        0.65000       -0.5232         3.0360        -0.5232         0.0037         0.0209 
BAR-estimator:      0.65000        0.70000       -0.6542         2.3817        -0.6542         0.0033         0.0212 
BAR-estimator:      0.70000        0.75000       -0.7531         1.6286        -0.7531         0.0040         0.0215 
BAR-estimator:      0.75000        0.80000       -0.8014         0.8272        -0.8014         0.0038         0.0219 
BAR-estimator:      0.80000        0.85000       -0.8329        -0.0057        -0.8329         0.0040         0.0222 
BAR-estimator:      0.85000        0.90000       -0.8428        -0.8485        -0.8428         0.0042         0.0226 
BAR-estimator:      0.90000        0.95000       -0.8451        -1.6936        -0.8451         0.0039         0.0230 
BAR-estimator:      0.95000        1.00000       -0.8368        -2.5304        -0.8368         0.0036         0.0232 
BAR-estimator: total free energy change is -2.53038093564654 , total error is 0.023247779704050654
