#========================================================================================
#                     Free energy perturbation    
#----------------------------------------------------------------------------------------
#forward/backward          λ              ΔΔA                 ΔA                  δε   
#                                                 
#----------------------------------------------------------------------------------------
forward:               0.0000              0.0000              0.0000              0.0000  
forward:               0.0500              3.9871              3.9871              0.0412  
forward:               0.1000              2.3027              6.2898              0.0546  
forward:               0.1500              1.1373              7.4271              0.0615  
forward:               0.2000              0.5159              7.9430              0.0636  
forward:               0.2500              0.1320              8.0750              0.0647  
forward:               0.3000             -0.0285              8.0465              0.0653  
forward:               0.3500             -0.1442              7.9023              0.0659  
forward:               0.4000             -0.2276              7.6747              0.0663  
forward:               0.4500             -0.2764              7.3983              0.0667  
forward:               0.5000             -0.3262              7.0721              0.0669  
forward:               0.5500             -0.4585              6.6137              0.0673  
forward:               0.6000             -0.6103              6.0034              0.0676  
forward:               0.6500             -0.7098              5.2936              0.0678  
forward:               0.7000             -0.7835              4.5101              0.0680  
forward:               0.7500             -0.8308              3.6793              0.0681  
forward:               0.8000             -0.8681              2.8112              0.0683  
forward:               0.8500             -0.9018              1.9094              0.0685  
forward:               0.9000             -0.9103              0.9992              0.0687  
forward:               0.9500             -0.9288              0.0704              0.0689  
forward:               1.0000             -0.9230             -0.8526              0.0690  
backward:              1.0000              0.0000             -0.8526              0.0000  
backward:              0.9500              0.9410              0.0883              0.0065  
backward:              0.9000              0.9115              0.9998              0.0101  
backward:              0.8500              0.9154              1.9153              0.0119  
backward:              0.8000              0.8883              2.8036              0.0144  
backward:              0.7500              0.8770              3.6806              0.0158  
backward:              0.7000              0.8398              4.5204              0.0174  
backward:              0.6500              0.7895              5.3100              0.0189  
backward:              0.6000              0.7178              6.0277              0.0204  
backward:              0.5500              0.5961              6.6238              0.0223  
backward:              0.5000              0.4520              7.0758              0.0245  
backward:              0.4500              0.3184              7.3942              0.0257  
backward:              0.4000              0.2670              7.6612              0.0267  
backward:              0.3500              0.2199              7.8810              0.0282  
backward:              0.3000              0.1294              8.0104              0.0302  
backward:              0.2500              0.0191              8.0295              0.0330  
backward:              0.2000             -0.1237              7.9058              0.0363  
backward:              0.1500             -0.4374              7.4684              0.0444  
backward:              0.1000             -1.2422              6.2262              0.0977  
backward:              0.0500             -2.2040              4.0222              0.1090  
backward:              0.0000             -3.8857              0.1365              0.1368  
Inaccuracy estimation
======================================================================================================
                   i        i+δi          P0_overlap_P1   δε(forward)/ε   δε(backward)/ε
======================================================================================================
inaccuracy:  0.00000        0.05000           16.41            0.64            5.71
inaccuracy:  0.05000        0.10000           24.24           -0.02            3.56
inaccuracy:  0.10000        0.15000           34.15           -0.13            1.88
inaccuracy:  0.15000        0.20000           43.54           -0.10            0.92
inaccuracy:  0.20000        0.25000           54.20           -0.07            0.51
inaccuracy:  0.25000        0.30000           58.08           -0.05            0.33
inaccuracy:  0.30000        0.35000           60.45           -0.06            0.26
inaccuracy:  0.35000        0.40000           62.97           -0.05            0.22
inaccuracy:  0.40000        0.45000           63.86           -0.06            0.19
inaccuracy:  0.45000        0.50000           64.37           -0.06            0.17
inaccuracy:  0.50000        0.55000           60.59           -0.11            0.19
inaccuracy:  0.55000        0.60000           62.24           -0.10            0.14
inaccuracy:  0.60000        0.65000           61.86           -0.12            0.12
inaccuracy:  0.65000        0.70000           62.86           -0.13            0.10
inaccuracy:  0.70000        0.75000           62.79           -0.12            0.10
inaccuracy:  0.75000        0.80000           62.98           -0.13            0.10
inaccuracy:  0.80000        0.85000           62.89           -0.11            0.09
inaccuracy:  0.85000        0.90000           62.27           -0.11            0.09
inaccuracy:  0.90000        0.95000           63.29           -0.12            0.09
inaccuracy:  0.95000        1.00000           61.65           -0.12            0.10
===================================================================================================================================
                BAR        
-----------------------------------------------------------------------------------------------------------------------------------
BAR-estimator:         λ             λ+δλ          ΔΔA             ΔA            C               Δδe            δe       
                          
-----------------------------------------------------------------------------------------------------------------------------------
BAR-estimator:      0.00000        0.05000        3.9417         3.9417         3.9417         0.0156         0.0156 
BAR-estimator:      0.05000        0.10000        2.3020         6.2437         2.3020         0.0162         0.0225 
BAR-estimator:      0.10000        0.15000        1.1456         7.3893         1.1456         0.0147         0.0269 
BAR-estimator:      0.15000        0.20000        0.4900         7.8793         0.4900         0.0098         0.0287 
BAR-estimator:      0.20000        0.25000        0.1379         8.0172         0.1379         0.0069         0.0295 
BAR-estimator:      0.25000        0.30000       -0.0270         7.9901        -0.0270         0.0058         0.0300 
BAR-estimator:      0.30000        0.35000       -0.1399         7.8502        -0.1399         0.0065         0.0307 
BAR-estimator:      0.35000        0.40000       -0.2206         7.6296        -0.2206         0.0049         0.0311 
BAR-estimator:      0.40000        0.45000       -0.2716         7.3581        -0.2716         0.0037         0.0313 
BAR-estimator:      0.45000        0.50000       -0.3239         7.0342        -0.3239         0.0038         0.0316 
BAR-estimator:      0.50000        0.55000       -0.4576         6.5766        -0.4576         0.0039         0.0318 
BAR-estimator:      0.55000        0.60000       -0.6105         5.9660        -0.6105         0.0036         0.0320 
BAR-estimator:      0.60000        0.65000       -0.7170         5.2490        -0.7170         0.0038         0.0322 
BAR-estimator:      0.65000        0.70000       -0.7889         4.4601        -0.7889         0.0038         0.0325 
BAR-estimator:      0.70000        0.75000       -0.8363         3.6238        -0.8363         0.0040         0.0327 
BAR-estimator:      0.75000        0.80000       -0.8710         2.7528        -0.8710         0.0051         0.0331 
BAR-estimator:      0.80000        0.85000       -0.9011         1.8517        -0.9011         0.0041         0.0334 
BAR-estimator:      0.85000        0.90000       -0.9129         0.9388        -0.9129         0.0045         0.0337 
BAR-estimator:      0.90000        0.95000       -0.9234         0.0154        -0.9234         0.0052         0.0340 
BAR-estimator:      0.95000        1.00000       -0.9311        -0.9157        -0.9311         0.0038         0.0343 
BAR-estimator: total free energy change is -0.915734219352337 , total error is 0.03425746421145247
