#========================================================================================
#                     Free energy perturbation    
#----------------------------------------------------------------------------------------
#forward/backward          λ              ΔΔA                 ΔA                  δε   
#                                                 
#----------------------------------------------------------------------------------------
forward:               0.0000              0.0000              0.0000              0.0000  
forward:               0.0500              2.9148              2.9148              0.0379  
forward:               0.1000              1.7442              4.6590              0.0394  
forward:               0.1500              0.9211              5.5801              0.0450  
forward:               0.2000              0.4577              6.0379              0.0476  
forward:               0.2500              0.1892              6.2271              0.0486  
forward:               0.3000              0.0580              6.2851              0.0487  
forward:               0.3500             -0.0336              6.2515              0.0493  
forward:               0.4000             -0.0949              6.1566              0.0497  
forward:               0.4500             -0.1402              6.0164              0.0501  
forward:               0.5000             -0.1686              5.8478              0.0506  
forward:               0.5500             -0.2971              5.5508              0.0512  
forward:               0.6000             -0.5344              5.0163              0.0519  
forward:               0.6500             -0.7632              4.2531              0.0525  
forward:               0.7000             -0.9701              3.2830              0.0533  
forward:               0.7500             -1.0915              2.1915              0.0536  
forward:               0.8000             -1.1400              1.0515              0.0540  
forward:               0.8500             -1.1482             -0.0967              0.0544  
forward:               0.9000             -1.1674             -1.2641              0.0549  
forward:               0.9500             -1.1477             -2.4117              0.0553  
forward:               1.0000             -1.1473             -3.5590              0.0556  
backward:              1.0000              0.0000             -3.5590              0.0000  
backward:              0.9500              1.1410             -2.4180              0.0077  
backward:              0.9000              1.1389             -1.2790              0.0116  
backward:              0.8500              1.1489             -0.1301              0.0140  
backward:              0.8000              1.1232              0.9930              0.0169  
backward:              0.7500              1.1247              2.1178              0.0184  
backward:              0.7000              1.0662              3.1839              0.0202  
backward:              0.6500              0.9792              4.1632              0.0206  
backward:              0.6000              0.7879              4.9511              0.0227  
backward:              0.5500              0.5123              5.4634              0.0254  
backward:              0.5000              0.2876              5.7510              0.0269  
backward:              0.4500              0.1652              5.9162              0.0279  
backward:              0.4000              0.1455              6.0618              0.0286  
backward:              0.3500              0.0976              6.1594              0.0298  
backward:              0.3000              0.0414              6.2008              0.0314  
backward:              0.2500             -0.0548              6.1460              0.0332  
backward:              0.2000             -0.2154              5.9307              0.0368  
backward:              0.1500             -0.4674              5.4633              0.0404  
backward:              0.1000             -0.8649              4.5984              0.0467  
backward:              0.0500             -1.6848              2.9136              0.0705  
backward:              0.0000             -3.0909             -0.1773              0.1442  
Inaccuracy estimation
======================================================================================================
                   i        i+δi          P0_overlap_P1   δε(forward)/ε   δε(backward)/ε
======================================================================================================
inaccuracy:  0.00000        0.05000           22.65            0.19            3.99
inaccuracy:  0.05000        0.10000           31.26           -0.08            2.31
inaccuracy:  0.10000        0.15000           42.23           -0.08            1.27
inaccuracy:  0.15000        0.20000           52.01           -0.07            0.69
inaccuracy:  0.20000        0.25000           57.82           -0.04            0.39
inaccuracy:  0.25000        0.30000           60.59           -0.04            0.29
inaccuracy:  0.30000        0.35000           63.37           -0.05            0.24
inaccuracy:  0.35000        0.40000           65.15           -0.04            0.20
inaccuracy:  0.40000        0.45000           66.27           -0.03            0.18
inaccuracy:  0.45000        0.50000           66.58           -0.04            0.16
inaccuracy:  0.50000        0.55000           61.59           -0.12            0.19
inaccuracy:  0.55000        0.60000           60.90           -0.16            0.14
inaccuracy:  0.60000        0.65000           58.58           -0.18            0.12
inaccuracy:  0.65000        0.70000           59.53           -0.14            0.09
inaccuracy:  0.70000        0.75000           62.97           -0.13            0.07
inaccuracy:  0.75000        0.80000           63.24           -0.14            0.06
inaccuracy:  0.80000        0.85000           62.35           -0.13            0.07
inaccuracy:  0.85000        0.90000           62.36           -0.14            0.07
inaccuracy:  0.90000        0.95000           60.82           -0.16            0.08
inaccuracy:  0.95000        1.00000           61.59           -0.14            0.08
===================================================================================================================================
                BAR        
-----------------------------------------------------------------------------------------------------------------------------------
BAR-estimator:         λ             λ+δλ          ΔΔA             ΔA            C               Δδe            δe       
                          
-----------------------------------------------------------------------------------------------------------------------------------
BAR-estimator:      0.00000        0.05000        2.9215         2.9215         2.9215         0.0155         0.0155 
BAR-estimator:      0.05000        0.10000        1.7135         4.6350         1.7135         0.0135         0.0206 
BAR-estimator:      0.10000        0.15000        0.9277         5.5628         0.9277         0.0113         0.0234 
BAR-estimator:      0.15000        0.20000        0.4684         6.0311         0.4684         0.0094         0.0252 
BAR-estimator:      0.20000        0.25000        0.2021         6.2332         0.2021         0.0067         0.0261 
BAR-estimator:      0.25000        0.30000        0.0543         6.2875         0.0543         0.0047         0.0265 
BAR-estimator:      0.30000        0.35000       -0.0371         6.2504        -0.0371         0.0054         0.0271 
BAR-estimator:      0.35000        0.40000       -0.0938         6.1566        -0.0938         0.0047         0.0275 
BAR-estimator:      0.40000        0.45000       -0.1380         6.0187        -0.1380         0.0053         0.0280 
BAR-estimator:      0.45000        0.50000       -0.1698         5.8488        -0.1698         0.0039         0.0283 
BAR-estimator:      0.50000        0.55000       -0.2918         5.5571        -0.2918         0.0047         0.0287 
BAR-estimator:      0.55000        0.60000       -0.5310         5.0261        -0.5310         0.0049         0.0291 
BAR-estimator:      0.60000        0.65000       -0.7786         4.2475        -0.7786         0.0047         0.0294 
BAR-estimator:      0.65000        0.70000       -0.9750         3.2724        -0.9750         0.0052         0.0299 
BAR-estimator:      0.70000        0.75000       -1.0777         2.1947        -1.0777         0.0049         0.0303 
BAR-estimator:      0.75000        0.80000       -1.1323         1.0624        -1.1323         0.0049         0.0307 
BAR-estimator:      0.80000        0.85000       -1.1412        -0.0788        -1.1412         0.0053         0.0311 
BAR-estimator:      0.85000        0.90000       -1.1626        -1.2414        -1.1626         0.0055         0.0316 
BAR-estimator:      0.90000        0.95000       -1.1468        -2.3882        -1.1468         0.0052         0.0320 
BAR-estimator:      0.95000        1.00000       -1.1437        -3.5319        -1.1437         0.0046         0.0324 
BAR-estimator: total free energy change is -3.5318700941841104 , total error is 0.032378780311902236
