#========================================================================================
#                     Free energy perturbation    
#----------------------------------------------------------------------------------------
#forward/backward          λ              ΔΔA                 ΔA                  δε   
#                                                 
#----------------------------------------------------------------------------------------
forward:               0.0000              0.0000              0.0000              0.0000  
forward:               0.0500              2.1086              2.1086              0.0232  
forward:               0.1000              1.3393              3.4478              0.0296  
forward:               0.1500              0.7927              4.2405              0.0331  
forward:               0.2000              0.4173              4.6579              0.0350  
forward:               0.2500              0.2460              4.9039              0.0364  
forward:               0.3000              0.1264              5.0303              0.0372  
forward:               0.3500              0.0607              5.0910              0.0376  
forward:               0.4000              0.0113              5.1022              0.0381  
forward:               0.4500             -0.0408              5.0615              0.0384  
forward:               0.5000             -0.0677              4.9937              0.0388  
forward:               0.5500             -0.1682              4.8255              0.0392  
forward:               0.6000             -0.3446              4.4809              0.0396  
forward:               0.6500             -0.4945              3.9864              0.0401  
forward:               0.7000             -0.6315              3.3549              0.0405  
forward:               0.7500             -0.7426              2.6123              0.0409  
forward:               0.8000             -0.8041              1.8082              0.0413  
forward:               0.8500             -0.8510              0.9573              0.0416  
forward:               0.9000             -0.8684              0.0889              0.0420  
forward:               0.9500             -0.8871             -0.7982              0.0423  
forward:               1.0000             -0.8982             -1.6964              0.0426  
backward:              1.0000              0.0000             -1.6964              0.0000  
backward:              0.9500              0.8967             -0.7997              0.0062  
backward:              0.9000              0.9015              0.1018              0.0093  
backward:              0.8500              0.8592              0.9610              0.0114  
backward:              0.8000              0.8482              1.8091              0.0132  
backward:              0.7500              0.7948              2.6039              0.0147  
backward:              0.7000              0.7386              3.3425              0.0162  
backward:              0.6500              0.6449              3.9874              0.0173  
backward:              0.6000              0.4896              4.4770              0.0188  
backward:              0.5500              0.3205              4.7975              0.0201  
backward:              0.5000              0.1752              4.9727              0.0214  
backward:              0.4500              0.0607              5.0334              0.0222  
backward:              0.4000              0.0291              5.0625              0.0234  
backward:              0.3500              0.0058              5.0683              0.0250  
backward:              0.3000             -0.0598              5.0085              0.0265  
backward:              0.2500             -0.1406              4.8679              0.0279  
backward:              0.2000             -0.2898              4.5781              0.0332  
backward:              0.1500             -0.4695              4.1086              0.0385  
backward:              0.1000             -0.7682              3.3404              0.0474  
backward:              0.0500             -1.2870              2.0534              0.0601  
backward:              0.0000             -2.0835             -0.0301              0.0776  
Inaccuracy estimation
======================================================================================================
                   i        i+δi          P0_overlap_P1   δε(forward)/ε   δε(backward)/ε
======================================================================================================
inaccuracy:  0.00000        0.05000           30.55            0.01            2.55
inaccuracy:  0.05000        0.10000           39.02           -0.06            1.53
inaccuracy:  0.10000        0.15000           46.75           -0.05            0.91
inaccuracy:  0.15000        0.20000           56.98           -0.04            0.49
inaccuracy:  0.20000        0.25000           61.14           -0.02            0.34
inaccuracy:  0.25000        0.30000           64.34           -0.02            0.25
inaccuracy:  0.30000        0.35000           65.25           -0.03            0.22
inaccuracy:  0.35000        0.40000           65.86           -0.03            0.20
inaccuracy:  0.40000        0.45000           68.76           -0.03            0.16
inaccuracy:  0.45000        0.50000           69.03           -0.02            0.16
inaccuracy:  0.50000        0.55000           63.90           -0.09            0.18
inaccuracy:  0.55000        0.60000           65.32           -0.09            0.13
inaccuracy:  0.60000        0.65000           63.85           -0.11            0.12
inaccuracy:  0.65000        0.70000           64.02           -0.11            0.11
inaccuracy:  0.70000        0.75000           64.70           -0.09            0.09
inaccuracy:  0.75000        0.80000           65.20           -0.09            0.08
inaccuracy:  0.80000        0.85000           65.89           -0.11            0.08
inaccuracy:  0.85000        0.90000           64.60           -0.10            0.08
inaccuracy:  0.90000        0.95000           63.44           -0.12            0.09
inaccuracy:  0.95000        1.00000           64.28           -0.10            0.09
===================================================================================================================================
                BAR        
-----------------------------------------------------------------------------------------------------------------------------------
BAR-estimator:         λ             λ+δλ          ΔΔA             ΔA            C               Δδe            δe       
                          
-----------------------------------------------------------------------------------------------------------------------------------
BAR-estimator:      0.00000        0.05000        2.1292         2.1292         2.1292         0.0104         0.0104 
BAR-estimator:      0.05000        0.10000        1.3232         3.4523         1.3232         0.0097         0.0142 
BAR-estimator:      0.10000        0.15000        0.7765         4.2288         0.7765         0.0093         0.0170 
BAR-estimator:      0.15000        0.20000        0.4360         4.6649         0.4360         0.0074         0.0185 
BAR-estimator:      0.20000        0.25000        0.2563         4.9212         0.2563         0.0060         0.0195 
BAR-estimator:      0.25000        0.30000        0.1314         5.0526         0.1314         0.0049         0.0201 
BAR-estimator:      0.30000        0.35000        0.0620         5.1146         0.0620         0.0041         0.0205 
BAR-estimator:      0.35000        0.40000        0.0054         5.1200         0.0054         0.0042         0.0209 
BAR-estimator:      0.40000        0.45000       -0.0374         5.0826        -0.0374         0.0036         0.0212 
BAR-estimator:      0.45000        0.50000       -0.0644         5.0181        -0.0644         0.0036         0.0216 
BAR-estimator:      0.50000        0.55000       -0.1678         4.8504        -0.1678         0.0039         0.0219 
BAR-estimator:      0.55000        0.60000       -0.3369         4.5134        -0.3369         0.0037         0.0222 
BAR-estimator:      0.60000        0.65000       -0.4965         4.0170        -0.4965         0.0041         0.0226 
BAR-estimator:      0.65000        0.70000       -0.6343         3.3827        -0.6343         0.0040         0.0230 
BAR-estimator:      0.70000        0.75000       -0.7431         2.6396        -0.7431         0.0042         0.0233 
BAR-estimator:      0.75000        0.80000       -0.7996         1.8401        -0.7996         0.0038         0.0236 
BAR-estimator:      0.80000        0.85000       -0.8489         0.9912        -0.8489         0.0039         0.0239 
BAR-estimator:      0.85000        0.90000       -0.8672         0.1240        -0.8672         0.0042         0.0243 
BAR-estimator:      0.90000        0.95000       -0.8908        -0.7668        -0.8908         0.0038         0.0246 
BAR-estimator:      0.95000        1.00000       -0.8942        -1.6611        -0.8942         0.0043         0.0250 
BAR-estimator: total free energy change is -1.6610724479421228 , total error is 0.024988263102587296
