#========================================================================================
#                     Free energy perturbation    
#----------------------------------------------------------------------------------------
#forward/backward          λ              ΔΔA                 ΔA                  δε   
#                                                 
#----------------------------------------------------------------------------------------
forward:               0.0000              0.0000              0.0000              0.0000  
forward:               0.0500              1.7829              1.7829              0.0198  
forward:               0.1000              1.1351              2.9180              0.0247  
forward:               0.1500              0.6606              3.5786              0.0275  
forward:               0.2000              0.4078              3.9863              0.0294  
forward:               0.2500              0.2719              4.2583              0.0303  
forward:               0.3000              0.1612              4.4195              0.0308  
forward:               0.3500              0.0972              4.5167              0.0314  
forward:               0.4000              0.0504              4.5670              0.0318  
forward:               0.4500              0.0140              4.5810              0.0325  
forward:               0.5000             -0.0028              4.5782              0.0329  
forward:               0.5500             -0.0372              4.5410              0.0334  
forward:               0.6000             -0.0742              4.4668              0.0337  
forward:               0.6500             -0.0891              4.3777              0.0340  
forward:               0.7000             -0.1091              4.2686              0.0342  
forward:               0.7500             -0.1229              4.1457              0.0345  
forward:               0.8000             -0.1382              4.0075              0.0347  
forward:               0.8500             -0.1553              3.8522              0.0349  
forward:               0.9000             -0.1598              3.6924              0.0351  
forward:               0.9500             -0.1638              3.5286              0.0353  
forward:               1.0000             -0.1779              3.3507              0.0355  
backward:              1.0000              0.0000              3.3507              0.0000  
backward:              0.9500              0.1728              3.5235              0.0046  
backward:              0.9000              0.1631              3.6866              0.0068  
backward:              0.8500              0.1657              3.8523              0.0080  
backward:              0.8000              0.1574              4.0097              0.0092  
backward:              0.7500              0.1529              4.1625              0.0105  
backward:              0.7000              0.1244              4.2869              0.0117  
backward:              0.6500              0.1177              4.4046              0.0128  
backward:              0.6000              0.0928              4.4974              0.0138  
backward:              0.5500              0.0586              4.5560              0.0148  
backward:              0.5000              0.0348              4.5908              0.0158  
backward:              0.4500              0.0082              4.5990              0.0171  
backward:              0.4000             -0.0143              4.5847              0.0180  
backward:              0.3500             -0.0481              4.5366              0.0193  
backward:              0.3000             -0.1011              4.4356              0.0211  
backward:              0.2500             -0.1760              4.2596              0.0229  
backward:              0.2000             -0.2570              4.0026              0.0257  
backward:              0.1500             -0.4078              3.5948              0.0293  
backward:              0.1000             -0.6775              2.9173              0.0508  
backward:              0.0500             -1.1160              1.8013              0.0578  
backward:              0.0000             -1.7907              0.0106              0.0662  
Inaccuracy estimation
======================================================================================================
                   i        i+δi          P0_overlap_P1   δε(forward)/ε   δε(backward)/ε
======================================================================================================
inaccuracy:  0.00000        0.05000           34.62           -0.02            1.97
inaccuracy:  0.05000        0.10000           43.35           -0.05            1.19
inaccuracy:  0.10000        0.15000           51.59           -0.03            0.69
inaccuracy:  0.15000        0.20000           58.81           -0.03            0.44
inaccuracy:  0.20000        0.25000           62.34           -0.03            0.32
inaccuracy:  0.25000        0.30000           66.30           -0.02            0.22
inaccuracy:  0.30000        0.35000           67.98           -0.02            0.18
inaccuracy:  0.35000        0.40000           69.03           -0.02            0.17
inaccuracy:  0.40000        0.45000           70.32           -0.02            0.16
inaccuracy:  0.45000        0.50000           69.77           -0.02            0.14
inaccuracy:  0.50000        0.55000           70.45           -0.02            0.13
inaccuracy:  0.55000        0.60000           72.17           -0.02            0.12
inaccuracy:  0.60000        0.65000           70.09           -0.03            0.12
inaccuracy:  0.65000        0.70000           70.84           -0.02            0.12
inaccuracy:  0.70000        0.75000           70.54           -0.02            0.12
inaccuracy:  0.75000        0.80000           70.57           -0.02            0.12
inaccuracy:  0.80000        0.85000           71.51           -0.03            0.12
inaccuracy:  0.85000        0.90000           70.99           -0.02            0.11
inaccuracy:  0.90000        0.95000           71.22           -0.03            0.11
inaccuracy:  0.95000        1.00000           71.70           -0.03            0.10
===================================================================================================================================
                BAR        
-----------------------------------------------------------------------------------------------------------------------------------
BAR-estimator:         λ             λ+δλ          ΔΔA             ΔA            C               Δδe            δe       
                          
-----------------------------------------------------------------------------------------------------------------------------------
BAR-estimator:      0.00000        0.05000        1.7916         1.7916         1.7916         0.0099         0.0099 
BAR-estimator:      0.05000        0.10000        1.1204         2.9120         1.1204         0.0085         0.0130 
BAR-estimator:      0.10000        0.15000        0.6561         3.5681         0.6561         0.0075         0.0150 
BAR-estimator:      0.15000        0.20000        0.4046         3.9727         0.4046         0.0065         0.0164 
BAR-estimator:      0.20000        0.25000        0.2654         4.2382         0.2654         0.0049         0.0171 
BAR-estimator:      0.25000        0.30000        0.1620         4.4002         0.1620         0.0042         0.0176 
BAR-estimator:      0.30000        0.35000        0.0967         4.4969         0.0967         0.0041         0.0181 
BAR-estimator:      0.35000        0.40000        0.0503         4.5472         0.0503         0.0036         0.0184 
BAR-estimator:      0.40000        0.45000        0.0183         4.5655         0.0183         0.0044         0.0189 
BAR-estimator:      0.45000        0.50000       -0.0045         4.5609        -0.0045         0.0035         0.0193 
BAR-estimator:      0.50000        0.55000       -0.0355         4.5254        -0.0355         0.0040         0.0197 
BAR-estimator:      0.55000        0.60000       -0.0673         4.4581        -0.0673         0.0030         0.0199 
BAR-estimator:      0.60000        0.65000       -0.0920         4.3661        -0.0920         0.0032         0.0202 
BAR-estimator:      0.65000        0.70000       -0.1129         4.2532        -0.1129         0.0026         0.0203 
BAR-estimator:      0.70000        0.75000       -0.1241         4.1291        -0.1241         0.0030         0.0206 
BAR-estimator:      0.75000        0.80000       -0.1409         3.9882        -0.1409         0.0033         0.0208 
BAR-estimator:      0.80000        0.85000       -0.1542         3.8339        -0.1542         0.0033         0.0211 
BAR-estimator:      0.85000        0.90000       -0.1605         3.6735        -0.1605         0.0035         0.0214 
BAR-estimator:      0.90000        0.95000       -0.1652         3.5082        -0.1652         0.0032         0.0216 
BAR-estimator:      0.95000        1.00000       -0.1763         3.3319        -0.1763         0.0032         0.0218 
BAR-estimator: total free energy change is 3.3318887481172754 , total error is 0.02183768672889929
