#========================================================================================
#                     Free energy perturbation    
#----------------------------------------------------------------------------------------
#forward/backward          λ              ΔΔA                 ΔA                  δε   
#                                                 
#----------------------------------------------------------------------------------------
forward:               0.0000              0.0000              0.0000              0.0000  
forward:               0.0500              1.7120              1.7120              0.0200  
forward:               0.1000              1.1434              2.8553              0.0257  
forward:               0.1500              0.6339              3.4893              0.0292  
forward:               0.2000              0.3363              3.8256              0.0316  
forward:               0.2500              0.1667              3.9923              0.0325  
forward:               0.3000              0.0889              4.0812              0.0333  
forward:               0.3500              0.0191              4.1003              0.0337  
forward:               0.4000             -0.0365              4.0638              0.0343  
forward:               0.4500             -0.0627              4.0011              0.0347  
forward:               0.5000             -0.0859              3.9153              0.0350  
forward:               0.5500             -0.1992              3.7160              0.0355  
forward:               0.6000             -0.4358              3.2802              0.0367  
forward:               0.6500             -0.6238              2.6564              0.0371  
forward:               0.7000             -0.8005              1.8559              0.0377  
forward:               0.7500             -0.9472              0.9088              0.0384  
forward:               0.8000             -1.0508             -0.1420              0.0388  
forward:               0.8500             -1.1210             -1.2630              0.0396  
forward:               0.9000             -1.1613             -2.4244              0.0407  
forward:               0.9500             -1.2252             -3.6495              0.0486  
forward:               1.0000             -1.3077             -4.9572              0.0675  
backward:              1.0000              0.0000             -4.9572              0.0000  
backward:              0.9500              1.3275             -3.6297              0.0082  
backward:              0.9000              1.2434             -2.3863              0.0108  
backward:              0.8500              1.1501             -1.2363              0.0136  
backward:              0.8000              1.1394             -0.0969              0.0243  
backward:              0.7500              1.0386              0.9418              0.0255  
backward:              0.7000              0.9325              1.8743              0.0269  
backward:              0.6500              0.7975              2.6719              0.0281  
backward:              0.6000              0.6248              3.2967              0.0289  
backward:              0.5500              0.4335              3.7302              0.0297  
backward:              0.5000              0.1912              3.9213              0.0308  
backward:              0.4500              0.0941              4.0154              0.0312  
backward:              0.4000              0.0720              4.0874              0.0318  
backward:              0.3500              0.0387              4.1261              0.0324  
backward:              0.3000             -0.0128              4.1133              0.0332  
backward:              0.2500             -0.0841              4.0292              0.0343  
backward:              0.2000             -0.2198              3.8094              0.0428  
backward:              0.1500             -0.3065              3.5028              0.0442  
backward:              0.1000             -0.6401              2.8627              0.0500  
backward:              0.0500             -1.0859              1.7768              0.0570  
backward:              0.0000             -1.7844             -0.0076              0.0866  
Inaccuracy estimation
======================================================================================================
                   i        i+δi          P0_overlap_P1   δε(forward)/ε   δε(backward)/ε
======================================================================================================
inaccuracy:  0.00000        0.05000           37.20           -0.03            1.73
inaccuracy:  0.05000        0.10000           41.98           -0.06            1.32
inaccuracy:  0.10000        0.15000           50.61           -0.04            0.76
inaccuracy:  0.15000        0.20000           58.13           -0.03            0.45
inaccuracy:  0.20000        0.25000           64.88           -0.02            0.28
inaccuracy:  0.25000        0.30000           65.84           -0.02            0.22
inaccuracy:  0.30000        0.35000           68.11           -0.03            0.18
inaccuracy:  0.35000        0.40000           69.40           -0.02            0.15
inaccuracy:  0.40000        0.45000           69.68           -0.03            0.15
inaccuracy:  0.45000        0.50000           69.99           -0.02            0.13
inaccuracy:  0.50000        0.55000           63.70           -0.10            0.17
inaccuracy:  0.55000        0.60000           64.04           -0.10            0.14
inaccuracy:  0.60000        0.65000           63.94           -0.14            0.10
inaccuracy:  0.65000        0.70000           63.67           -0.13            0.08
inaccuracy:  0.70000        0.75000           64.35           -0.12            0.07
inaccuracy:  0.75000        0.80000           63.63           -0.13            0.06
inaccuracy:  0.80000        0.85000           61.02           -0.20            0.05
inaccuracy:  0.85000        0.90000           62.77           -0.15            0.05
inaccuracy:  0.90000        0.95000           59.62           -0.20            0.05
inaccuracy:  0.95000        1.00000           58.11           -0.23            0.05
===================================================================================================================================
                BAR        
-----------------------------------------------------------------------------------------------------------------------------------
BAR-estimator:         λ             λ+δλ          ΔΔA             ΔA            C               Δδe            δe       
                          
-----------------------------------------------------------------------------------------------------------------------------------
BAR-estimator:      0.00000        0.05000        1.7353         1.7353         1.7353         0.0090         0.0090 
BAR-estimator:      0.05000        0.10000        1.1248         2.8602         1.1248         0.0089         0.0127 
BAR-estimator:      0.10000        0.15000        0.6335         3.4937         0.6335         0.0090         0.0155 
BAR-estimator:      0.15000        0.20000        0.3352         3.8289         0.3352         0.0191         0.0246 
BAR-estimator:      0.20000        0.25000        0.1783         4.0072         0.1783         0.0047         0.0251 
BAR-estimator:      0.25000        0.30000        0.0874         4.0946         0.0874         0.0049         0.0256 
BAR-estimator:      0.30000        0.35000        0.0199         4.1145         0.0199         0.0041         0.0259 
BAR-estimator:      0.35000        0.40000       -0.0362         4.0783        -0.0362         0.0042         0.0262 
BAR-estimator:      0.40000        0.45000       -0.0661         4.0122        -0.0661         0.0037         0.0265 
BAR-estimator:      0.45000        0.50000       -0.0890         3.9232        -0.0890         0.0034         0.0267 
BAR-estimator:      0.50000        0.55000       -0.1982         3.7250        -0.1982         0.0039         0.0270 
BAR-estimator:      0.55000        0.60000       -0.4314         3.2937        -0.4314         0.0042         0.0273 
BAR-estimator:      0.60000        0.65000       -0.6264         2.6673        -0.6264         0.0043         0.0276 
BAR-estimator:      0.65000        0.70000       -0.8024         1.8649        -0.8024         0.0042         0.0280 
BAR-estimator:      0.70000        0.75000       -0.9398         0.9251        -0.9398         0.0045         0.0283 
BAR-estimator:      0.75000        0.80000       -1.0465        -0.1214        -1.0465         0.0048         0.0287 
BAR-estimator:      0.80000        0.85000       -1.1398        -1.2612        -1.1398         0.0050         0.0292 
BAR-estimator:      0.85000        0.90000       -1.1573        -2.4185        -1.1573         0.0066         0.0299 
BAR-estimator:      0.90000        0.95000       -1.2408        -3.6593        -1.2408         0.0127         0.0325 
BAR-estimator:      0.95000        1.00000       -1.3235        -4.9828        -1.3235         0.0215         0.0389 
BAR-estimator: total free energy change is -4.982822734271598 , total error is 0.03893677786944163
