#========================================================================================
#                     Free energy perturbation    
#----------------------------------------------------------------------------------------
#forward/backward          λ              ΔΔA                 ΔA                  δε   
#                                                 
#----------------------------------------------------------------------------------------
forward:               0.0000              0.0000              0.0000              0.0000  
forward:               0.0500              1.6443              1.6443              0.0237  
forward:               0.1000              0.9127              2.5571              0.0284  
forward:               0.1500              0.4839              3.0410              0.0304  
forward:               0.2000              0.2412              3.2822              0.0318  
forward:               0.2500              0.1520              3.4342              0.0326  
forward:               0.3000              0.0639              3.4981              0.0329  
forward:               0.3500              0.0331              3.5312              0.0333  
forward:               0.4000             -0.0141              3.5172              0.0337  
forward:               0.4500             -0.0297              3.4875              0.0341  
forward:               0.5000             -0.0643              3.4232              0.0344  
forward:               0.5500             -0.1234              3.2998              0.0349  
forward:               0.6000             -0.3013              2.9985              0.0353  
forward:               0.6500             -0.4417              2.5568              0.0366  
forward:               0.7000             -0.5736              1.9831              0.0372  
forward:               0.7500             -0.6805              1.3026              0.0377  
forward:               0.8000             -0.7422              0.5604              0.0381  
forward:               0.8500             -0.7766             -0.2162              0.0384  
forward:               0.9000             -0.7976             -1.0138              0.0387  
forward:               0.9500             -0.8017             -1.8155              0.0390  
forward:               1.0000             -0.8186             -2.6341              0.0393  
backward:              1.0000              0.0000             -2.6341              0.0000  
backward:              0.9500              0.8109             -1.8231              0.0054  
backward:              0.9000              0.8003             -1.0228              0.0080  
backward:              0.8500              0.8079             -0.2150              0.0097  
backward:              0.8000              0.7760              0.5610              0.0118  
backward:              0.7500              0.7428              1.3038              0.0134  
backward:              0.7000              0.6669              1.9707              0.0148  
backward:              0.6500              0.5803              2.5510              0.0160  
backward:              0.6000              0.4292              2.9802              0.0176  
backward:              0.5500              0.2930              3.2733              0.0190  
backward:              0.5000              0.1447              3.4180              0.0200  
backward:              0.4500              0.0498              3.4678              0.0210  
backward:              0.4000              0.0441              3.5118              0.0217  
backward:              0.3500              0.0084              3.5203              0.0226  
backward:              0.3000             -0.0249              3.4953              0.0235  
backward:              0.2500             -0.0868              3.4086              0.0246  
backward:              0.2000             -0.1602              3.2484              0.0259  
backward:              0.1500             -0.2585              2.9899              0.0279  
backward:              0.1000             -0.4875              2.5024              0.0324  
backward:              0.0500             -0.9077              1.5947              0.0470  
backward:              0.0000             -1.6001             -0.0054              0.0846  
Inaccuracy estimation
======================================================================================================
                   i        i+δi          P0_overlap_P1   δε(forward)/ε   δε(backward)/ε
======================================================================================================
inaccuracy:  0.00000        0.05000           34.11           -0.04            1.78
inaccuracy:  0.05000        0.10000           45.70           -0.04            1.07
inaccuracy:  0.10000        0.15000           57.01           -0.03            0.51
inaccuracy:  0.15000        0.20000           65.88           -0.02            0.30
inaccuracy:  0.20000        0.25000           68.63           -0.02            0.21
inaccuracy:  0.25000        0.30000           71.80           -0.01            0.15
inaccuracy:  0.30000        0.35000           71.29           -0.02            0.13
inaccuracy:  0.35000        0.40000           73.61           -0.01            0.12
inaccuracy:  0.40000        0.45000           71.87           -0.01            0.12
inaccuracy:  0.45000        0.50000           75.49           -0.01            0.10
inaccuracy:  0.50000        0.55000           67.13           -0.06            0.14
inaccuracy:  0.55000        0.60000           69.32           -0.08            0.11
inaccuracy:  0.60000        0.65000           69.24           -0.08            0.09
inaccuracy:  0.65000        0.70000           68.23           -0.09            0.08
inaccuracy:  0.70000        0.75000           70.15           -0.07            0.06
inaccuracy:  0.75000        0.80000           68.42           -0.07            0.06
inaccuracy:  0.80000        0.85000           69.82           -0.08            0.06
inaccuracy:  0.85000        0.90000           68.60           -0.07            0.06
inaccuracy:  0.90000        0.95000           68.28           -0.06            0.06
inaccuracy:  0.95000        1.00000           68.60           -0.08            0.06
===================================================================================================================================
                BAR        
-----------------------------------------------------------------------------------------------------------------------------------
BAR-estimator:         λ             λ+δλ          ΔΔA             ΔA            C               Δδe            δe       
                          
-----------------------------------------------------------------------------------------------------------------------------------
BAR-estimator:      0.00000        0.05000        1.6067         1.6067         1.6067         0.0118         0.0118 
BAR-estimator:      0.05000        0.10000        0.9082         2.5149         0.9082         0.0100         0.0155 
BAR-estimator:      0.10000        0.15000        0.4803         2.9951         0.4803         0.0086         0.0177 
BAR-estimator:      0.15000        0.20000        0.2515         3.2466         0.2515         0.0061         0.0187 
BAR-estimator:      0.20000        0.25000        0.1555         3.4021         0.1555         0.0050         0.0194 
BAR-estimator:      0.25000        0.30000        0.0728         3.4748         0.0728         0.0030         0.0196 
BAR-estimator:      0.30000        0.35000        0.0283         3.5032         0.0283         0.0037         0.0199 
BAR-estimator:      0.35000        0.40000       -0.0108         3.4924        -0.0108         0.0038         0.0203 
BAR-estimator:      0.40000        0.45000       -0.0354         3.4570        -0.0354         0.0033         0.0206 
BAR-estimator:      0.45000        0.50000       -0.0604         3.3965        -0.0604         0.0033         0.0208 
BAR-estimator:      0.50000        0.55000       -0.1279         3.2686        -0.1279         0.0041         0.0212 
BAR-estimator:      0.55000        0.60000       -0.2976         2.9710        -0.2976         0.0038         0.0216 
BAR-estimator:      0.60000        0.65000       -0.4375         2.5336        -0.4375         0.0043         0.0220 
BAR-estimator:      0.65000        0.70000       -0.5768         1.9568        -0.5768         0.0042         0.0224 
BAR-estimator:      0.70000        0.75000       -0.6742         1.2826        -0.6742         0.0039         0.0227 
BAR-estimator:      0.75000        0.80000       -0.7449         0.5378        -0.7449         0.0039         0.0231 
BAR-estimator:      0.80000        0.85000       -0.7759        -0.2381        -0.7759         0.0038         0.0234 
BAR-estimator:      0.85000        0.90000       -0.8001        -1.0383        -0.8001         0.0037         0.0237 
BAR-estimator:      0.90000        0.95000       -0.8024        -1.8406        -0.8024         0.0040         0.0240 
BAR-estimator:      0.95000        1.00000       -0.8168        -2.6575        -0.8168         0.0041         0.0244 
BAR-estimator: total free energy change is -2.657488699372471 , total error is 0.024376398632627215
