#========================================================================================
#                     Free energy perturbation    
#----------------------------------------------------------------------------------------
#forward/backward          λ              ΔΔA                 ΔA                  δε   
#                                                 
#----------------------------------------------------------------------------------------
forward:               0.0000              0.0000              0.0000              0.0000  
forward:               0.0500              2.4234              2.4234              0.0312  
forward:               0.1000              1.3294              3.7529              0.0406  
forward:               0.1500              0.6098              4.3627              0.0433  
forward:               0.2000              0.2782              4.6408              0.0450  
forward:               0.2500              0.0997              4.7406              0.0456  
forward:               0.3000              0.0261              4.7666              0.0462  
forward:               0.3500             -0.0408              4.7258              0.0466  
forward:               0.4000             -0.0917              4.6342              0.0470  
forward:               0.4500             -0.1225              4.5117              0.0473  
forward:               0.5000             -0.1536              4.3581              0.0476  
forward:               0.5500             -0.2469              4.1112              0.0480  
forward:               0.6000             -0.3985              3.7127              0.0484  
forward:               0.6500             -0.5650              3.1476              0.0488  
forward:               0.7000             -0.7035              2.4441              0.0492  
forward:               0.7500             -0.7909              1.6532              0.0496  
forward:               0.8000             -0.8595              0.7938              0.0499  
forward:               0.8500             -0.8958             -0.1021              0.0502  
forward:               0.9000             -0.9205             -1.0226              0.0505  
forward:               0.9500             -0.9249             -1.9475              0.0508  
forward:               1.0000             -0.9349             -2.8824              0.0511  
backward:              1.0000              0.0000             -2.8824              0.0000  
backward:              0.9500              0.9313             -1.9511              0.0065  
backward:              0.9000              0.9327             -1.0185              0.0090  
backward:              0.8500              0.9124             -0.1061              0.0110  
backward:              0.8000              0.8919              0.7858              0.0125  
backward:              0.7500              0.8624              1.6482              0.0142  
backward:              0.7000              0.7867              2.4349              0.0161  
backward:              0.6500              0.6927              3.1276              0.0176  
backward:              0.6000              0.5637              3.6913              0.0192  
backward:              0.5500              0.4085              4.0998              0.0204  
backward:              0.5000              0.2352              4.3350              0.0217  
backward:              0.4500              0.1577              4.4927              0.0225  
backward:              0.4000              0.1105              4.6032              0.0235  
backward:              0.3500              0.0732              4.6763              0.0245  
backward:              0.3000              0.0240              4.7003              0.0263  
backward:              0.2500             -0.0192              4.6811              0.0274  
backward:              0.2000             -0.1277              4.5534              0.0326  
backward:              0.1500             -0.2893              4.2641              0.0361  
backward:              0.1000             -0.5896              3.6746              0.0435  
backward:              0.0500             -1.3303              2.3443              0.0629  
backward:              0.0000             -2.3513             -0.0071              0.0760  
Inaccuracy estimation
======================================================================================================
                   i        i+δi          P0_overlap_P1   δε(forward)/ε   δε(backward)/ε
======================================================================================================
inaccuracy:  0.00000        0.05000           28.37            0.06            2.84
inaccuracy:  0.05000        0.10000           34.67           -0.08            1.95
inaccuracy:  0.10000        0.15000           48.04           -0.05            0.87
inaccuracy:  0.15000        0.20000           57.23           -0.04            0.43
inaccuracy:  0.20000        0.25000           64.10           -0.04            0.29
inaccuracy:  0.25000        0.30000           64.82           -0.03            0.23
inaccuracy:  0.30000        0.35000           67.51           -0.03            0.18
inaccuracy:  0.35000        0.40000           69.66           -0.02            0.15
inaccuracy:  0.40000        0.45000           70.52           -0.02            0.13
inaccuracy:  0.45000        0.50000           70.25           -0.02            0.14
inaccuracy:  0.50000        0.55000           65.37           -0.08            0.15
inaccuracy:  0.55000        0.60000           64.76           -0.10            0.13
inaccuracy:  0.60000        0.65000           64.63           -0.11            0.11
inaccuracy:  0.65000        0.70000           65.75           -0.11            0.09
inaccuracy:  0.70000        0.75000           65.39           -0.09            0.08
inaccuracy:  0.75000        0.80000           65.65           -0.09            0.08
inaccuracy:  0.80000        0.85000           65.98           -0.09            0.07
inaccuracy:  0.85000        0.90000           65.25           -0.10            0.07
inaccuracy:  0.90000        0.95000           64.39           -0.11            0.08
inaccuracy:  0.95000        1.00000           65.07           -0.11            0.08
===================================================================================================================================
                BAR        
-----------------------------------------------------------------------------------------------------------------------------------
BAR-estimator:         λ             λ+δλ          ΔΔA             ΔA            C               Δδe            δe       
                          
-----------------------------------------------------------------------------------------------------------------------------------
BAR-estimator:      0.00000        0.05000        2.4023         2.4023         2.4023         0.0136         0.0136 
BAR-estimator:      0.05000        0.10000        1.3393         3.7416         1.3393         0.0136         0.0192 
BAR-estimator:      0.10000        0.15000        0.6053         4.3469         0.6053         0.0094         0.0214 
BAR-estimator:      0.15000        0.20000        0.2746         4.6215         0.2746         0.0074         0.0226 
BAR-estimator:      0.20000        0.25000        0.1070         4.7285         0.1070         0.0052         0.0232 
BAR-estimator:      0.25000        0.30000        0.0275         4.7560         0.0275         0.0047         0.0237 
BAR-estimator:      0.30000        0.35000       -0.0353         4.7207        -0.0353         0.0044         0.0241 
BAR-estimator:      0.35000        0.40000       -0.0816         4.6391        -0.0816         0.0042         0.0244 
BAR-estimator:      0.40000        0.45000       -0.1168         4.5223        -0.1168         0.0038         0.0247 
BAR-estimator:      0.45000        0.50000       -0.1529         4.3695        -0.1529         0.0034         0.0250 
BAR-estimator:      0.50000        0.55000       -0.2423         4.1272        -0.2423         0.0042         0.0253 
BAR-estimator:      0.55000        0.60000       -0.4042         3.7230        -0.4042         0.0037         0.0256 
BAR-estimator:      0.60000        0.65000       -0.5636         3.1593        -0.5636         0.0041         0.0259 
BAR-estimator:      0.65000        0.70000       -0.6974         2.4620        -0.6974         0.0044         0.0263 
BAR-estimator:      0.70000        0.75000       -0.7898         1.6722        -0.7898         0.0040         0.0266 
BAR-estimator:      0.75000        0.80000       -0.8601         0.8122        -0.8601         0.0041         0.0269 
BAR-estimator:      0.80000        0.85000       -0.8917        -0.0795        -0.8917         0.0040         0.0272 
BAR-estimator:      0.85000        0.90000       -0.9182        -0.9978        -0.9182         0.0046         0.0276 
BAR-estimator:      0.90000        0.95000       -0.9284        -1.9262        -0.9284         0.0046         0.0280 
BAR-estimator:      0.95000        1.00000       -0.9354        -2.8616        -0.9354         0.0045         0.0283 
BAR-estimator: total free energy change is -2.861588024141677 , total error is 0.028311049722344418
