#========================================================================================
#                     Free energy perturbation    
#----------------------------------------------------------------------------------------
#forward/backward          λ              ΔΔA                 ΔA                  δε   
#                                                 
#----------------------------------------------------------------------------------------
forward:               0.0000              0.0000              0.0000              0.0000  
forward:               0.0500              4.4947              4.4947              0.0552  
forward:               0.1000              2.2526              6.7474              0.0660  
forward:               0.1500              0.9184              7.6657              0.0692  
forward:               0.2000              0.3039              7.9696              0.0701  
forward:               0.2500              0.0379              8.0075              0.0707  
forward:               0.3000             -0.1310              7.8765              0.0712  
forward:               0.3500             -0.2455              7.6310              0.0715  
forward:               0.4000             -0.3170              7.3140              0.0717  
forward:               0.4500             -0.3705              6.9435              0.0719  
forward:               0.5000             -0.4223              6.5212              0.0721  
forward:               0.5500             -0.4866              6.0346              0.0724  
forward:               0.6000             -0.5849              5.4497              0.0725  
forward:               0.6500             -0.6497              4.8000              0.0727  
forward:               0.7000             -0.7115              4.0886              0.0728  
forward:               0.7500             -0.7497              3.3388              0.0730  
forward:               0.8000             -0.7873              2.5515              0.0731  
forward:               0.8500             -0.8152              1.7363              0.0732  
forward:               0.9000             -0.8397              0.8966              0.0733  
forward:               0.9500             -0.8532              0.0434              0.0735  
forward:               1.0000             -0.8725             -0.8291              0.0736  
backward:              1.0000              0.0000             -0.8291              0.0000  
backward:              0.9500              0.8784              0.0493              0.0056  
backward:              0.9000              0.8447              0.8940              0.0076  
backward:              0.8500              0.8351              1.7291              0.0095  
backward:              0.8000              0.8143              2.5434              0.0107  
backward:              0.7500              0.7920              3.3354              0.0124  
backward:              0.7000              0.7454              4.0808              0.0135  
backward:              0.6500              0.7126              4.7934              0.0146  
backward:              0.6000              0.6489              5.4424              0.0154  
backward:              0.5500              0.5965              6.0389              0.0162  
backward:              0.5000              0.4775              6.5164              0.0173  
backward:              0.4500              0.4054              6.9218              0.0185  
backward:              0.4000              0.3701              7.2920              0.0198  
backward:              0.3500              0.3030              7.5950              0.0216  
backward:              0.3000              0.2280              7.8230              0.0230  
backward:              0.2500              0.1153              7.9383              0.0259  
backward:              0.2000             -0.0212              7.9170              0.0280  
backward:              0.1500             -0.3263              7.5908              0.0363  
backward:              0.1000             -0.8612              6.7295              0.0490  
backward:              0.0500             -2.1642              4.5653              0.0876  
backward:              0.0000             -4.1215              0.4438              0.1238  
Inaccuracy estimation
======================================================================================================
                   i        i+δi          P0_overlap_P1   δε(forward)/ε   δε(backward)/ε
======================================================================================================
inaccuracy:  0.00000        0.05000           12.86            0.94            7.22
inaccuracy:  0.05000        0.10000           23.98           -0.04            3.58
inaccuracy:  0.10000        0.15000           38.69           -0.11            1.44
inaccuracy:  0.15000        0.20000           51.90           -0.06            0.63
inaccuracy:  0.20000        0.25000           58.44           -0.05            0.35
inaccuracy:  0.25000        0.30000           62.89           -0.05            0.24
inaccuracy:  0.30000        0.35000           66.70           -0.04            0.16
inaccuracy:  0.35000        0.40000           68.04           -0.05            0.14
inaccuracy:  0.40000        0.45000           68.24           -0.05            0.12
inaccuracy:  0.45000        0.50000           69.84           -0.03            0.10
inaccuracy:  0.50000        0.55000           66.88           -0.06            0.11
inaccuracy:  0.55000        0.60000           67.01           -0.07            0.09
inaccuracy:  0.60000        0.65000           67.66           -0.06            0.07
inaccuracy:  0.65000        0.70000           68.74           -0.07            0.07
inaccuracy:  0.70000        0.75000           70.16           -0.07            0.06
inaccuracy:  0.75000        0.80000           68.50           -0.07            0.06
inaccuracy:  0.80000        0.85000           68.72           -0.07            0.06
inaccuracy:  0.85000        0.90000           68.98           -0.06            0.05
inaccuracy:  0.90000        0.95000           69.28           -0.06            0.05
inaccuracy:  0.95000        1.00000           67.73           -0.07            0.05
===================================================================================================================================
                BAR        
-----------------------------------------------------------------------------------------------------------------------------------
BAR-estimator:         λ             λ+δλ          ΔΔA             ΔA            C               Δδe            δe       
                          
-----------------------------------------------------------------------------------------------------------------------------------
BAR-estimator:      0.00000        0.05000        4.3727         4.3727         4.3727         0.0201         0.0201 
BAR-estimator:      0.05000        0.10000        2.2155         6.5883         2.2155         0.0143         0.0246 
BAR-estimator:      0.10000        0.15000        0.9066         7.4948         0.9066         0.0119         0.0274 
BAR-estimator:      0.15000        0.20000        0.3069         7.8017         0.3069         0.0087         0.0287 
BAR-estimator:      0.20000        0.25000        0.0352         7.8369         0.0352         0.0065         0.0295 
BAR-estimator:      0.25000        0.30000       -0.1302         7.7067        -0.1302         0.0054         0.0299 
BAR-estimator:      0.30000        0.35000       -0.2379         7.4688        -0.2379         0.0044         0.0303 
BAR-estimator:      0.35000        0.40000       -0.3086         7.1602        -0.3086         0.0039         0.0305 
BAR-estimator:      0.40000        0.45000       -0.3689         6.7913        -0.3689         0.0036         0.0307 
BAR-estimator:      0.45000        0.50000       -0.4147         6.3766        -0.4147         0.0037         0.0309 
BAR-estimator:      0.50000        0.55000       -0.4830         5.8936        -0.4830         0.0038         0.0312 
BAR-estimator:      0.55000        0.60000       -0.5869         5.3066        -0.5869         0.0035         0.0314 
BAR-estimator:      0.60000        0.65000       -0.6514         4.6552        -0.6514         0.0037         0.0316 
BAR-estimator:      0.65000        0.70000       -0.7119         3.9433        -0.7119         0.0032         0.0317 
BAR-estimator:      0.70000        0.75000       -0.7455         3.1978        -0.7455         0.0035         0.0319 
BAR-estimator:      0.75000        0.80000       -0.7883         2.4095        -0.7883         0.0034         0.0321 
BAR-estimator:      0.80000        0.85000       -0.8139         1.5956        -0.8139         0.0036         0.0323 
BAR-estimator:      0.85000        0.90000       -0.8389         0.7567        -0.8389         0.0035         0.0325 
BAR-estimator:      0.90000        0.95000       -0.8491        -0.0924        -0.8491         0.0035         0.0327 
BAR-estimator:      0.95000        1.00000       -0.8745        -0.9669        -0.8745         0.0037         0.0329 
BAR-estimator: total free energy change is -0.9668882995483902 , total error is 0.03290028064573728
