#========================================================================================
#                     Free energy perturbation    
#----------------------------------------------------------------------------------------
#forward/backward          λ              ΔΔA                 ΔA                  δε   
#                                                 
#----------------------------------------------------------------------------------------
forward:               0.0000              0.0000              0.0000              0.0000  
forward:               0.0500              1.9481              1.9481              0.0295  
forward:               0.1000              1.1468              3.0950              0.0367  
forward:               0.1500              0.5747              3.6697              0.0393  
forward:               0.2000              0.2749              3.9446              0.0404  
forward:               0.2500              0.1053              4.0499              0.0412  
forward:               0.3000              0.0103              4.0602              0.0418  
forward:               0.3500             -0.0307              4.0294              0.0422  
forward:               0.4000             -0.0918              3.9376              0.0427  
forward:               0.4500             -0.1131              3.8246              0.0430  
forward:               0.5000             -0.1563              3.6683              0.0433  
forward:               0.5500             -0.3269              3.3414              0.0441  
forward:               0.6000             -0.6645              2.6769              0.0447  
forward:               0.6500             -0.9253              1.7516              0.0463  
forward:               0.7000             -1.1681              0.5835              0.0470  
forward:               0.7500             -1.3331             -0.7496              0.0474  
forward:               0.8000             -1.4294             -2.1790              0.0479  
forward:               0.8500             -1.5189             -3.6979              0.0483  
forward:               0.9000             -1.5521             -5.2500              0.0486  
forward:               0.9500             -1.6002             -6.8503              0.0489  
forward:               1.0000             -1.6239             -8.4742              0.0493  
backward:              1.0000              0.0000             -8.4742              0.0000  
backward:              0.9500              1.6120             -6.8622              0.0085  
backward:              0.9000              1.5877             -5.2745              0.0122  
backward:              0.8500              1.5581             -3.7164              0.0153  
backward:              0.8000              1.4978             -2.2186              0.0173  
backward:              0.7500              1.4511             -0.7675              0.0200  
backward:              0.7000              1.3164              0.5489              0.0215  
backward:              0.6500              1.1680              1.7170              0.0230  
backward:              0.6000              0.9441              2.6611              0.0245  
backward:              0.5500              0.6540              3.3150              0.0273  
backward:              0.5000              0.3267              3.6418              0.0287  
backward:              0.4500              0.1521              3.7939              0.0293  
backward:              0.4000              0.1239              3.9178              0.0300  
backward:              0.3500              0.0858              4.0036              0.0307  
backward:              0.3000              0.0392              4.0428              0.0313  
backward:              0.2500             -0.0350              4.0078              0.0320  
backward:              0.2000             -0.1067              3.9011              0.0335  
backward:              0.1500             -0.2897              3.6114              0.0370  
backward:              0.1000             -0.5648              3.0466              0.0429  
backward:              0.0500             -1.0716              1.9749              0.0498  
backward:              0.0000             -1.9109              0.0640              0.0609  
Inaccuracy estimation
======================================================================================================
                   i        i+δi          P0_overlap_P1   δε(forward)/ε   δε(backward)/ε
======================================================================================================
inaccuracy:  0.00000        0.05000           32.96           -0.01            2.11
inaccuracy:  0.05000        0.10000           40.27           -0.07            1.36
inaccuracy:  0.10000        0.15000           51.36           -0.04            0.73
inaccuracy:  0.15000        0.20000           60.83           -0.04            0.38
inaccuracy:  0.20000        0.25000           64.90           -0.02            0.26
inaccuracy:  0.25000        0.30000           69.20           -0.02            0.18
inaccuracy:  0.30000        0.35000           68.86           -0.02            0.16
inaccuracy:  0.35000        0.40000           71.27           -0.02            0.13
inaccuracy:  0.40000        0.45000           70.22           -0.03            0.12
inaccuracy:  0.45000        0.50000           72.31           -0.03            0.11
inaccuracy:  0.50000        0.55000           60.22           -0.11            0.19
inaccuracy:  0.55000        0.60000           62.36           -0.14            0.11
inaccuracy:  0.60000        0.65000           61.33           -0.18            0.07
inaccuracy:  0.65000        0.70000           62.86           -0.17            0.04
inaccuracy:  0.70000        0.75000           64.42           -0.16            0.02
inaccuracy:  0.75000        0.80000           61.75           -0.19            0.01
inaccuracy:  0.80000        0.85000           64.50           -0.15            0.01
inaccuracy:  0.85000        0.90000           62.37           -0.18            0.00
inaccuracy:  0.90000        0.95000           63.20           -0.18            0.01
inaccuracy:  0.95000        1.00000           62.34           -0.16            0.00
===================================================================================================================================
                BAR        
-----------------------------------------------------------------------------------------------------------------------------------
BAR-estimator:         λ             λ+δλ          ΔΔA             ΔA            C               Δδe            δe       
                          
-----------------------------------------------------------------------------------------------------------------------------------
BAR-estimator:      0.00000        0.05000        1.9603         1.9603         1.9603         0.0135         0.0135 
BAR-estimator:      0.05000        0.10000        1.1177         3.0780         1.1177         0.0113         0.0177 
BAR-estimator:      0.10000        0.15000        0.5807         3.6587         0.5807         0.0089         0.0198 
BAR-estimator:      0.15000        0.20000        0.2747         3.9334         0.2747         0.0060         0.0206 
BAR-estimator:      0.20000        0.25000        0.1069         4.0403         0.1069         0.0053         0.0213 
BAR-estimator:      0.25000        0.30000        0.0219         4.0622         0.0219         0.0048         0.0218 
BAR-estimator:      0.30000        0.35000       -0.0340         4.0282        -0.0340         0.0044         0.0223 
BAR-estimator:      0.35000        0.40000       -0.0875         3.9406        -0.0875         0.0044         0.0227 
BAR-estimator:      0.40000        0.45000       -0.1179         3.8227        -0.1179         0.0036         0.0230 
BAR-estimator:      0.45000        0.50000       -0.1553         3.6673        -0.1553         0.0035         0.0232 
BAR-estimator:      0.50000        0.55000       -0.3259         3.3415        -0.3259         0.0048         0.0237 
BAR-estimator:      0.55000        0.60000       -0.6578         2.6836        -0.6578         0.0044         0.0241 
BAR-estimator:      0.60000        0.65000       -0.9343         1.7493        -0.9343         0.0065         0.0250 
BAR-estimator:      0.65000        0.70000       -1.1635         0.5858        -1.1635         0.0044         0.0254 
BAR-estimator:      0.70000        0.75000       -1.3225        -0.7367        -1.3225         0.0043         0.0257 
BAR-estimator:      0.75000        0.80000       -1.4386        -2.1754        -1.4386         0.0045         0.0261 
BAR-estimator:      0.80000        0.85000       -1.5100        -3.6854        -1.5100         0.0051         0.0266 
BAR-estimator:      0.85000        0.90000       -1.5543        -5.2396        -1.5543         0.0048         0.0271 
BAR-estimator:      0.90000        0.95000       -1.5950        -6.8346        -1.5950         0.0059         0.0277 
BAR-estimator:      0.95000        1.00000       -1.6192        -8.4538        -1.6192         0.0054         0.0282 
BAR-estimator: total free energy change is -8.453823097368664 , total error is 0.028201053933670332
