#========================================================================================
#                     Free energy perturbation    
#----------------------------------------------------------------------------------------
#forward/backward          λ              ΔΔA                 ΔA                  δε   
#                                                 
#----------------------------------------------------------------------------------------
forward:               0.0000              0.0000              0.0000              0.0000  
forward:               0.0500              1.5247              1.5247              0.0171  
forward:               0.1000              0.9677              2.4923              0.0214  
forward:               0.1500              0.5729              3.0652              0.0259  
forward:               0.2000              0.3312              3.3964              0.0274  
forward:               0.2500              0.1987              3.5951              0.0283  
forward:               0.3000              0.1187              3.7138              0.0289  
forward:               0.3500              0.0664              3.7802              0.0294  
forward:               0.4000              0.0180              3.7983              0.0299  
forward:               0.4500             -0.0085              3.7898              0.0303  
forward:               0.5000             -0.0363              3.7535              0.0309  
forward:               0.5500             -0.1263              3.6272              0.0314  
forward:               0.6000             -0.2931              3.3341              0.0319  
forward:               0.6500             -0.4413              2.8927              0.0323  
forward:               0.7000             -0.5623              2.3304              0.0328  
forward:               0.7500             -0.6426              1.6877              0.0332  
forward:               0.8000             -0.7050              0.9828              0.0336  
forward:               0.8500             -0.7247              0.2581              0.0340  
forward:               0.9000             -0.7357             -0.4777              0.0343  
forward:               0.9500             -0.7334             -1.2111              0.0347  
forward:               1.0000             -0.7318             -1.9429              0.0350  
backward:              1.0000              0.0000             -1.9429              0.0000  
backward:              0.9500              0.7302             -1.2128              0.0058  
backward:              0.9000              0.7448             -0.4680              0.0078  
backward:              0.8500              0.7285              0.2606              0.0098  
backward:              0.8000              0.7183              0.9789              0.0124  
backward:              0.7500              0.6910              1.6699              0.0140  
backward:              0.7000              0.6457              2.3156              0.0151  
backward:              0.6500              0.5504              2.8660              0.0164  
backward:              0.6000              0.4412              3.3073              0.0172  
backward:              0.5500              0.2971              3.6044              0.0183  
backward:              0.5000              0.1324              3.7368              0.0195  
backward:              0.4500              0.0374              3.7742              0.0204  
backward:              0.4000              0.0227              3.7969              0.0212  
backward:              0.3500             -0.0102              3.7867              0.0229  
backward:              0.3000             -0.0727              3.7140              0.0239  
backward:              0.2500             -0.1249              3.5891              0.0250  
backward:              0.2000             -0.1977              3.3914              0.0264  
backward:              0.1500             -0.3385              3.0530              0.0284  
backward:              0.1000             -0.5566              2.4964              0.0328  
backward:              0.0500             -0.9604              1.5361              0.0450  
backward:              0.0000             -1.5254              0.0106              0.0525  
Inaccuracy estimation
======================================================================================================
                   i        i+δi          P0_overlap_P1   δε(forward)/ε   δε(backward)/ε
======================================================================================================
inaccuracy:  0.00000        0.05000           38.60           -0.03            1.59
inaccuracy:  0.05000        0.10000           46.05           -0.04            1.06
inaccuracy:  0.10000        0.15000           53.24           -0.02            0.59
inaccuracy:  0.15000        0.20000           61.84           -0.02            0.35
inaccuracy:  0.20000        0.25000           65.51           -0.02            0.26
inaccuracy:  0.25000        0.30000           67.89           -0.02            0.19
inaccuracy:  0.30000        0.35000           68.95           -0.02            0.17
inaccuracy:  0.35000        0.40000           69.68           -0.02            0.15
inaccuracy:  0.40000        0.45000           70.20           -0.03            0.15
inaccuracy:  0.45000        0.50000           71.28           -0.02            0.13
inaccuracy:  0.50000        0.55000           65.93           -0.07            0.15
inaccuracy:  0.55000        0.60000           66.63           -0.08            0.12
inaccuracy:  0.60000        0.65000           67.02           -0.08            0.10
inaccuracy:  0.65000        0.70000           67.50           -0.08            0.09
inaccuracy:  0.70000        0.75000           66.85           -0.09            0.08
inaccuracy:  0.75000        0.80000           68.17           -0.09            0.07
inaccuracy:  0.80000        0.85000           67.23           -0.08            0.07
inaccuracy:  0.85000        0.90000           66.90           -0.09            0.08
inaccuracy:  0.90000        0.95000           66.13           -0.09            0.08
inaccuracy:  0.95000        1.00000           66.14           -0.09            0.09
===================================================================================================================================
                BAR        
-----------------------------------------------------------------------------------------------------------------------------------
BAR-estimator:         λ             λ+δλ          ΔΔA             ΔA            C               Δδe            δe       
                          
-----------------------------------------------------------------------------------------------------------------------------------
BAR-estimator:      0.00000        0.05000        1.5280         1.5280         1.5280         0.0088         0.0088 
BAR-estimator:      0.05000        0.10000        0.9558         2.4838         0.9558         0.0076         0.0117 
BAR-estimator:      0.10000        0.15000        0.5764         3.0601         0.5764         0.0076         0.0139 
BAR-estimator:      0.15000        0.20000        0.3387         3.3988         0.3387         0.0059         0.0151 
BAR-estimator:      0.20000        0.25000        0.2018         3.6006         0.2018         0.0047         0.0158 
BAR-estimator:      0.25000        0.30000        0.1219         3.7225         0.1219         0.0040         0.0163 
BAR-estimator:      0.30000        0.35000        0.0658         3.7883         0.0658         0.0039         0.0168 
BAR-estimator:      0.35000        0.40000        0.0148         3.8031         0.0148         0.0025         0.0170 
BAR-estimator:      0.40000        0.45000       -0.0115         3.7917        -0.0115         0.0037         0.0174 
BAR-estimator:      0.45000        0.50000       -0.0379         3.7537        -0.0379         0.0039         0.0178 
BAR-estimator:      0.50000        0.55000       -0.1285         3.6252        -0.1285         0.0037         0.0182 
BAR-estimator:      0.55000        0.60000       -0.2922         3.3329        -0.2922         0.0035         0.0185 
BAR-estimator:      0.60000        0.65000       -0.4375         2.8954        -0.4375         0.0035         0.0189 
BAR-estimator:      0.65000        0.70000       -0.5590         2.3365        -0.5590         0.0036         0.0192 
BAR-estimator:      0.70000        0.75000       -0.6438         1.6927        -0.6438         0.0034         0.0195 
BAR-estimator:      0.75000        0.80000       -0.7024         0.9903        -0.7024         0.0037         0.0199 
BAR-estimator:      0.80000        0.85000       -0.7247         0.2656        -0.7247         0.0037         0.0202 
BAR-estimator:      0.85000        0.90000       -0.7367        -0.4711        -0.7367         0.0041         0.0206 
BAR-estimator:      0.90000        0.95000       -0.7379        -1.2090        -0.7379         0.0036         0.0210 
BAR-estimator:      0.95000        1.00000       -0.7308        -1.9398        -0.7308         0.0036         0.0213 
BAR-estimator: total free energy change is -1.9398035629553085 , total error is 0.02126482790820134
