#========================================================================================
#                     Free energy perturbation    
#----------------------------------------------------------------------------------------
#forward/backward          λ              ΔΔA                 ΔA                  δε   
#                                                 
#----------------------------------------------------------------------------------------
forward:               0.0000              0.0000              0.0000              0.0000  
forward:               0.0500              1.0719              1.0719              0.0126  
forward:               0.1000              0.6875              1.7594              0.0168  
forward:               0.1500              0.4355              2.1949              0.0188  
forward:               0.2000              0.2683              2.4632              0.0203  
forward:               0.2500              0.1671              2.6303              0.0213  
forward:               0.3000              0.1053              2.7356              0.0222  
forward:               0.3500              0.0628              2.7984              0.0227  
forward:               0.4000              0.0309              2.8293              0.0231  
forward:               0.4500             -0.0061              2.8233              0.0235  
forward:               0.5000             -0.0117              2.8116              0.0239  
forward:               0.5500             -0.0823              2.7292              0.0243  
forward:               0.6000             -0.2386              2.4907              0.0247  
forward:               0.6500             -0.3711              2.1195              0.0253  
forward:               0.7000             -0.4956              1.6239              0.0259  
forward:               0.7500             -0.6020              1.0219              0.0266  
forward:               0.8000             -0.6769              0.3450              0.0275  
forward:               0.8500             -0.7418             -0.3968              0.0285  
forward:               0.9000             -0.7874             -1.1842              0.0295  
forward:               0.9500             -0.8451             -2.0293              0.0300  
forward:               1.0000             -0.8585             -2.8878              0.0309  
backward:              1.0000              0.0000             -2.8878              0.0000  
backward:              0.9500              0.8809             -2.0069              0.0073  
backward:              0.9000              0.8472             -1.1596              0.0104  
backward:              0.8500              0.7955             -0.3641              0.0131  
backward:              0.8000              0.7429              0.3788              0.0164  
backward:              0.7500              0.6603              1.0391              0.0178  
backward:              0.7000              0.5952              1.6343              0.0190  
backward:              0.6500              0.4945              2.1287              0.0199  
backward:              0.6000              0.3686              2.4974              0.0208  
backward:              0.5500              0.2345              2.7319              0.0215  
backward:              0.5000              0.0813              2.8132              0.0236  
backward:              0.4500              0.0220              2.8353              0.0241  
backward:              0.4000             -0.0022              2.8331              0.0246  
backward:              0.3500             -0.0224              2.8107              0.0252  
backward:              0.3000             -0.0589              2.7518              0.0259  
backward:              0.2500             -0.0956              2.6562              0.0269  
backward:              0.2000             -0.1623              2.4939              0.0277  
backward:              0.1500             -0.2740              2.2199              0.0297  
backward:              0.1000             -0.4076              1.8123              0.0321  
backward:              0.0500             -0.6632              1.1490              0.0366  
backward:              0.0000             -1.0850              0.0640              0.0430  
Inaccuracy estimation
======================================================================================================
                   i        i+δi          P0_overlap_P1   δε(forward)/ε   δε(backward)/ε
======================================================================================================
inaccuracy:  0.00000        0.05000           47.08           -0.03            0.95
inaccuracy:  0.05000        0.10000           53.64           -0.02            0.68
inaccuracy:  0.10000        0.15000           58.45           -0.02            0.41
inaccuracy:  0.15000        0.20000           65.96           -0.01            0.30
inaccuracy:  0.20000        0.25000           69.09           -0.01            0.20
inaccuracy:  0.25000        0.30000           70.39           -0.01            0.16
inaccuracy:  0.30000        0.35000           72.20           -0.01            0.14
inaccuracy:  0.35000        0.40000           72.92           -0.01            0.12
inaccuracy:  0.40000        0.45000           75.08           -0.01            0.11
inaccuracy:  0.45000        0.50000           73.96           -0.02            0.11
inaccuracy:  0.50000        0.55000           68.39           -0.06            0.13
inaccuracy:  0.55000        0.60000           69.90           -0.06            0.10
inaccuracy:  0.60000        0.65000           69.85           -0.07            0.09
inaccuracy:  0.65000        0.70000           69.57           -0.08            0.08
inaccuracy:  0.70000        0.75000           68.93           -0.08            0.07
inaccuracy:  0.75000        0.80000           69.57           -0.09            0.06
inaccuracy:  0.80000        0.85000           68.09           -0.09            0.07
inaccuracy:  0.85000        0.90000           67.32           -0.10            0.06
inaccuracy:  0.90000        0.95000           67.41           -0.08            0.06
inaccuracy:  0.95000        1.00000           65.34           -0.10            0.06
===================================================================================================================================
                BAR        
-----------------------------------------------------------------------------------------------------------------------------------
BAR-estimator:         λ             λ+δλ          ΔΔA             ΔA            C               Δδe            δe       
                          
-----------------------------------------------------------------------------------------------------------------------------------
BAR-estimator:      0.00000        0.05000        1.0669         1.0669         1.0669         0.0081         0.0081 
BAR-estimator:      0.05000        0.10000        0.6822         1.7492         0.6822         0.0072         0.0109 
BAR-estimator:      0.10000        0.15000        0.4228         2.1720         0.4228         0.0058         0.0123 
BAR-estimator:      0.15000        0.20000        0.2720         2.4440         0.2720         0.0053         0.0134 
BAR-estimator:      0.20000        0.25000        0.1681         2.6121         0.1681         0.0048         0.0143 
BAR-estimator:      0.25000        0.30000        0.1026         2.7147         0.1026         0.0043         0.0149 
BAR-estimator:      0.30000        0.35000        0.0620         2.7767         0.0620         0.0034         0.0153 
BAR-estimator:      0.35000        0.40000        0.0278         2.8045         0.0278         0.0035         0.0157 
BAR-estimator:      0.40000        0.45000       -0.0006         2.8039        -0.0006         0.0030         0.0160 
BAR-estimator:      0.45000        0.50000       -0.0132         2.7907        -0.0132         0.0029         0.0163 
BAR-estimator:      0.50000        0.55000       -0.0868         2.7039        -0.0868         0.0032         0.0166 
BAR-estimator:      0.55000        0.60000       -0.2356         2.4683        -0.2356         0.0032         0.0169 
BAR-estimator:      0.60000        0.65000       -0.3700         2.0983        -0.3700         0.0034         0.0172 
BAR-estimator:      0.65000        0.70000       -0.4934         1.6049        -0.4934         0.0033         0.0176 
BAR-estimator:      0.70000        0.75000       -0.6001         1.0049        -0.6001         0.0039         0.0180 
BAR-estimator:      0.75000        0.80000       -0.6714         0.3335        -0.6714         0.0041         0.0185 
BAR-estimator:      0.80000        0.85000       -0.7463        -0.4128        -0.7463         0.0046         0.0190 
BAR-estimator:      0.85000        0.90000       -0.7916        -1.2045        -0.7916         0.0049         0.0196 
BAR-estimator:      0.90000        0.95000       -0.8438        -2.0483        -0.8438         0.0040         0.0200 
BAR-estimator:      0.95000        1.00000       -0.8678        -2.9161        -0.8678         0.0046         0.0206 
BAR-estimator: total free energy change is -2.9160626238254266 , total error is 0.02056811951521972
