#========================================================================================
#                     Free energy perturbation    
#----------------------------------------------------------------------------------------
#forward/backward          λ              ΔΔA                 ΔA                  δε   
#                                                 
#----------------------------------------------------------------------------------------
forward:               0.0000              0.0000              0.0000              0.0000  
forward:               0.0500              1.8949              1.8949              0.0225  
forward:               0.1000              1.0776              2.9725              0.0280  
forward:               0.1500              0.5769              3.5493              0.0303  
forward:               0.2000              0.3232              3.8725              0.0320  
forward:               0.2500              0.1860              4.0585              0.0329  
forward:               0.3000              0.1081              4.1666              0.0336  
forward:               0.3500              0.0414              4.2080              0.0341  
forward:               0.4000             -0.0104              4.1976              0.0345  
forward:               0.4500             -0.0494              4.1482              0.0349  
forward:               0.5000             -0.0657              4.0825              0.0352  
forward:               0.5500             -0.1058              3.9767              0.0355  
forward:               0.6000             -0.1571              3.8196              0.0358  
forward:               0.6500             -0.1967              3.6229              0.0361  
forward:               0.7000             -0.2335              3.3894              0.0363  
forward:               0.7500             -0.2586              3.1308              0.0365  
forward:               0.8000             -0.2815              2.8493              0.0367  
forward:               0.8500             -0.3017              2.5476              0.0369  
forward:               0.9000             -0.3180              2.2296              0.0371  
forward:               0.9500             -0.3398              1.8898              0.0372  
forward:               1.0000             -0.3513              1.5384              0.0374  
backward:              1.0000              0.0000              1.5384              0.0000  
backward:              0.9500              0.3530              1.8915              0.0061  
backward:              0.9000              0.3367              2.2282              0.0075  
backward:              0.8500              0.3166              2.5448              0.0088  
backward:              0.8000              0.3015              2.8463              0.0100  
backward:              0.7500              0.2847              3.1310              0.0112  
backward:              0.7000              0.2682              3.3992              0.0120  
backward:              0.6500              0.2184              3.6177              0.0132  
backward:              0.6000              0.2017              3.8194              0.0141  
backward:              0.5500              0.1539              3.9733              0.0150  
backward:              0.5000              0.1004              4.0737              0.0162  
backward:              0.4500              0.0686              4.1422              0.0172  
backward:              0.4000              0.0317              4.1740              0.0183  
backward:              0.3500              0.0103              4.1843              0.0211  
backward:              0.3000             -0.0215              4.1628              0.0224  
backward:              0.2500             -0.0898              4.0730              0.0237  
backward:              0.2000             -0.1974              3.8756              0.0254  
backward:              0.1500             -0.3002              3.5755              0.0282  
backward:              0.1000             -0.5914              2.9840              0.0315  
backward:              0.0500             -1.1442              1.8398              0.0438  
backward:              0.0000             -1.8224              0.0175              0.0550  
Inaccuracy estimation
======================================================================================================
                   i        i+δi          P0_overlap_P1   δε(forward)/ε   δε(backward)/ε
======================================================================================================
inaccuracy:  0.00000        0.05000           31.91           -0.01            2.56
inaccuracy:  0.05000        0.10000           43.88           -0.05            1.15
inaccuracy:  0.10000        0.15000           55.09           -0.03            0.63
inaccuracy:  0.15000        0.20000           60.50           -0.02            0.38
inaccuracy:  0.20000        0.25000           66.03           -0.02            0.25
inaccuracy:  0.25000        0.30000           66.40           -0.02            0.20
inaccuracy:  0.30000        0.35000           68.08           -0.02            0.17
inaccuracy:  0.35000        0.40000           70.72           -0.01            0.14
inaccuracy:  0.40000        0.45000           72.80           -0.02            0.12
inaccuracy:  0.45000        0.50000           71.52           -0.02            0.12
inaccuracy:  0.50000        0.55000           71.05           -0.03            0.12
inaccuracy:  0.55000        0.60000           72.07           -0.02            0.10
inaccuracy:  0.60000        0.65000           71.35           -0.03            0.10
inaccuracy:  0.65000        0.70000           73.27           -0.02            0.10
inaccuracy:  0.70000        0.75000           71.53           -0.03            0.10
inaccuracy:  0.75000        0.80000           72.08           -0.03            0.09
inaccuracy:  0.80000        0.85000           72.48           -0.03            0.09
inaccuracy:  0.85000        0.90000           71.79           -0.03            0.08
inaccuracy:  0.90000        0.95000           72.79           -0.04            0.08
inaccuracy:  0.95000        1.00000           71.62           -0.04            0.08
===================================================================================================================================
                BAR        
-----------------------------------------------------------------------------------------------------------------------------------
BAR-estimator:         λ             λ+δλ          ΔΔA             ΔA            C               Δδe            δe       
                          
-----------------------------------------------------------------------------------------------------------------------------------
BAR-estimator:      0.00000        0.05000        1.8966         1.8966         1.8966         0.0129         0.0129 
BAR-estimator:      0.05000        0.10000        1.0621         2.9587         1.0621         0.0090         0.0158 
BAR-estimator:      0.10000        0.15000        0.5916         3.5503         0.5916         0.0072         0.0173 
BAR-estimator:      0.15000        0.20000        0.3195         3.8698         0.3195         0.0063         0.0184 
BAR-estimator:      0.20000        0.25000        0.1920         4.0619         0.1920         0.0047         0.0190 
BAR-estimator:      0.25000        0.30000        0.1002         4.1620         0.1002         0.0046         0.0196 
BAR-estimator:      0.30000        0.35000        0.0360         4.1980         0.0360         0.0037         0.0199 
BAR-estimator:      0.35000        0.40000       -0.0095         4.1885        -0.0095         0.0035         0.0202 
BAR-estimator:      0.40000        0.45000       -0.0441         4.1444        -0.0441         0.0035         0.0205 
BAR-estimator:      0.45000        0.50000       -0.0662         4.0782        -0.0662         0.0034         0.0208 
BAR-estimator:      0.50000        0.55000       -0.1041         3.9741        -0.1041         0.0034         0.0210 
BAR-estimator:      0.55000        0.60000       -0.1549         3.8191        -0.1549         0.0031         0.0213 
BAR-estimator:      0.60000        0.65000       -0.1984         3.6208        -0.1984         0.0029         0.0215 
BAR-estimator:      0.65000        0.70000       -0.2268         3.3940        -0.2268         0.0030         0.0217 
BAR-estimator:      0.70000        0.75000       -0.2606         3.1334        -0.2606         0.0030         0.0219 
BAR-estimator:      0.75000        0.80000       -0.2847         2.8487        -0.2847         0.0030         0.0221 
BAR-estimator:      0.80000        0.85000       -0.3009         2.5478        -0.3009         0.0031         0.0223 
BAR-estimator:      0.85000        0.90000       -0.3193         2.2285        -0.3193         0.0030         0.0225 
BAR-estimator:      0.90000        0.95000       -0.3383         1.8902        -0.3383         0.0030         0.0227 
BAR-estimator:      0.95000        1.00000       -0.3535         1.5367        -0.3535         0.0028         0.0229 
BAR-estimator: total free energy change is 1.5367296561496104 , total error is 0.022876321909289943
