#========================================================================================
#                     Free energy perturbation    
#----------------------------------------------------------------------------------------
#forward/backward          λ              ΔΔA                 ΔA                  δε   
#                                                 
#----------------------------------------------------------------------------------------
forward:               0.0000              0.0000              0.0000              0.0000  
forward:               0.0500              1.7713              1.7713              0.0200  
forward:               0.1000              1.0656              2.8369              0.0258  
forward:               0.1500              0.6458              3.4827              0.0286  
forward:               0.2000              0.3631              3.8458              0.0303  
forward:               0.2500              0.2143              4.0602              0.0313  
forward:               0.3000              0.1231              4.1833              0.0322  
forward:               0.3500              0.0531              4.2364              0.0327  
forward:               0.4000              0.0075              4.2439              0.0330  
forward:               0.4500             -0.0284              4.2155              0.0333  
forward:               0.5000             -0.0581              4.1574              0.0337  
forward:               0.5500             -0.1619              3.9955              0.0341  
forward:               0.6000             -0.3423              3.6532              0.0346  
forward:               0.6500             -0.5033              3.1499              0.0351  
forward:               0.7000             -0.6335              2.5164              0.0356  
forward:               0.7500             -0.7267              1.7897              0.0360  
forward:               0.8000             -0.7891              1.0007              0.0364  
forward:               0.8500             -0.8118              0.1888              0.0367  
forward:               0.9000             -0.8231             -0.6342              0.0371  
forward:               0.9500             -0.8231             -1.4574              0.0377  
forward:               1.0000             -0.8256             -2.2830              0.0380  
backward:              1.0000              0.0000             -2.2830              0.0000  
backward:              0.9500              0.8097             -1.4733              0.0073  
backward:              0.9000              0.8246             -0.6487              0.0097  
backward:              0.8500              0.8134              0.1647              0.0127  
backward:              0.8000              0.8165              0.9812              0.0141  
backward:              0.7500              0.7843              1.7656              0.0155  
backward:              0.7000              0.7173              2.4829              0.0172  
backward:              0.6500              0.6305              3.1133              0.0188  
backward:              0.6000              0.5054              3.6188              0.0198  
backward:              0.5500              0.3241              3.9429              0.0217  
backward:              0.5000              0.1586              4.1015              0.0228  
backward:              0.4500              0.0497              4.1512              0.0238  
backward:              0.4000              0.0365              4.1877              0.0245  
backward:              0.3500             -0.0046              4.1831              0.0255  
backward:              0.3000             -0.0551              4.1280              0.0267  
backward:              0.2500             -0.1335              3.9945              0.0280  
backward:              0.2000             -0.2613              3.7332              0.0532  
backward:              0.1500             -0.3674              3.3658              0.0546  
backward:              0.1000             -0.6251              2.7407              0.0569  
backward:              0.0500             -1.0764              1.6643              0.0651  
backward:              0.0000             -1.7249             -0.0606              0.0723  
Inaccuracy estimation
======================================================================================================
                   i        i+δi          P0_overlap_P1   δε(forward)/ε   δε(backward)/ε
======================================================================================================
inaccuracy:  0.00000        0.05000           34.85           -0.03            1.95
inaccuracy:  0.05000        0.10000           43.61           -0.04            1.20
inaccuracy:  0.10000        0.15000           51.79           -0.04            0.72
inaccuracy:  0.15000        0.20000           59.06           -0.03            0.44
inaccuracy:  0.20000        0.25000           63.17           -0.02            0.29
inaccuracy:  0.25000        0.30000           66.19           -0.03            0.22
inaccuracy:  0.30000        0.35000           68.21           -0.03            0.19
inaccuracy:  0.35000        0.40000           67.96           -0.02            0.17
inaccuracy:  0.40000        0.45000           69.29           -0.03            0.15
inaccuracy:  0.45000        0.50000           70.72           -0.02            0.13
inaccuracy:  0.50000        0.55000           64.76           -0.08            0.16
inaccuracy:  0.55000        0.60000           65.62           -0.08            0.13
inaccuracy:  0.60000        0.65000           65.11           -0.10            0.11
inaccuracy:  0.65000        0.70000           65.30           -0.10            0.10
inaccuracy:  0.70000        0.75000           65.90           -0.10            0.08
inaccuracy:  0.75000        0.80000           66.50           -0.09            0.08
inaccuracy:  0.80000        0.85000           65.20           -0.10            0.08
inaccuracy:  0.85000        0.90000           65.10           -0.09            0.08
inaccuracy:  0.90000        0.95000           64.73           -0.10            0.08
inaccuracy:  0.95000        1.00000           65.27           -0.09            0.09
===================================================================================================================================
                BAR        
-----------------------------------------------------------------------------------------------------------------------------------
BAR-estimator:         λ             λ+δλ          ΔΔA             ΔA            C               Δδe            δe       
                          
-----------------------------------------------------------------------------------------------------------------------------------
BAR-estimator:      0.00000        0.05000        1.7524         1.7524         1.7524         0.0099         0.0099 
BAR-estimator:      0.05000        0.10000        1.0634         2.8158         1.0634         0.0085         0.0130 
BAR-estimator:      0.10000        0.15000        0.6514         3.4672         0.6514         0.0076         0.0151 
BAR-estimator:      0.15000        0.20000        0.3703         3.8375         0.3703         0.0066         0.0165 
BAR-estimator:      0.20000        0.25000        0.2183         4.0558         0.2183         0.0050         0.0172 
BAR-estimator:      0.25000        0.30000        0.1280         4.1838         0.1280         0.0050         0.0179 
BAR-estimator:      0.30000        0.35000        0.0545         4.2382         0.0545         0.0040         0.0184 
BAR-estimator:      0.35000        0.40000        0.0054         4.2436         0.0054         0.0034         0.0187 
BAR-estimator:      0.40000        0.45000       -0.0299         4.2137        -0.0299         0.0039         0.0191 
BAR-estimator:      0.45000        0.50000       -0.0552         4.1584        -0.0552         0.0035         0.0194 
BAR-estimator:      0.50000        0.55000       -0.1593         3.9991        -0.1593         0.0039         0.0198 
BAR-estimator:      0.55000        0.60000       -0.3342         3.6649        -0.3342         0.0053         0.0205 
BAR-estimator:      0.60000        0.65000       -0.4993         3.1657        -0.4993         0.0037         0.0208 
BAR-estimator:      0.65000        0.70000       -0.6311         2.5346        -0.6311         0.0041         0.0212 
BAR-estimator:      0.70000        0.75000       -0.7270         1.8076        -0.7270         0.0038         0.0215 
BAR-estimator:      0.75000        0.80000       -0.7854         1.0222        -0.7854         0.0038         0.0219 
BAR-estimator:      0.80000        0.85000       -0.8133         0.2089        -0.8133         0.0039         0.0222 
BAR-estimator:      0.85000        0.90000       -0.8207        -0.6118        -0.8207         0.0040         0.0226 
BAR-estimator:      0.90000        0.95000       -0.8252        -1.4370        -0.8252         0.0045         0.0230 
BAR-estimator:      0.95000        1.00000       -0.8215        -2.2585        -0.8215         0.0037         0.0233 
BAR-estimator: total free energy change is -2.258515736101728 , total error is 0.023290710811678217
