#========================================================================================
#                     Free energy perturbation    
#----------------------------------------------------------------------------------------
#forward/backward          λ              ΔΔA                 ΔA                  δε   
#                                                 
#----------------------------------------------------------------------------------------
forward:               0.0000              0.0000              0.0000              0.0000  
forward:               0.0500              1.3015              1.3015              0.0185  
forward:               0.1000              0.8009              2.1024              0.0232  
forward:               0.1500              0.4701              2.5725              0.0263  
forward:               0.2000              0.2885              2.8610              0.0276  
forward:               0.2500              0.1708              3.0318              0.0286  
forward:               0.3000              0.1028              3.1346              0.0292  
forward:               0.3500              0.0618              3.1964              0.0298  
forward:               0.4000              0.0213              3.2177              0.0303  
forward:               0.4500             -0.0180              3.1998              0.0307  
forward:               0.5000             -0.0314              3.1683              0.0311  
forward:               0.5500             -0.1233              3.0450              0.0315  
forward:               0.6000             -0.3014              2.7436              0.0321  
forward:               0.6500             -0.4657              2.2779              0.0327  
forward:               0.7000             -0.6014              1.6765              0.0336  
forward:               0.7500             -0.6754              1.0011              0.0341  
forward:               0.8000             -0.7283              0.2728              0.0345  
forward:               0.8500             -0.7488             -0.4760              0.0348  
forward:               0.9000             -0.7557             -1.2317              0.0352  
forward:               0.9500             -0.7529             -1.9846              0.0355  
forward:               1.0000             -0.7484             -2.7330              0.0359  
backward:              1.0000              0.0000             -2.7330              0.0000  
backward:              0.9500              0.7498             -1.9832              0.0053  
backward:              0.9000              0.7397             -1.2435              0.0083  
backward:              0.8500              0.7683             -0.4752              0.0104  
backward:              0.8000              0.7548              0.2796              0.0122  
backward:              0.7500              0.7370              1.0166              0.0140  
backward:              0.7000              0.6832              1.6998              0.0153  
backward:              0.6500              0.6048              2.3046              0.0167  
backward:              0.6000              0.4601              2.7647              0.0201  
backward:              0.5500              0.3012              3.0659              0.0220  
backward:              0.5000              0.1162              3.1821              0.0230  
backward:              0.4500              0.0268              3.2089              0.0237  
backward:              0.4000              0.0130              3.2220              0.0247  
backward:              0.3500             -0.0260              3.1960              0.0257  
backward:              0.3000             -0.0691              3.1269              0.0268  
backward:              0.2500             -0.1189              3.0080              0.0297  
backward:              0.2000             -0.1861              2.8219              0.0313  
backward:              0.1500             -0.2786              2.5433              0.0338  
backward:              0.1000             -0.4971              2.0461              0.0405  
backward:              0.0500             -0.8059              1.2402              0.0447  
backward:              0.0000             -1.2867             -0.0465              0.0542  
Inaccuracy estimation
======================================================================================================
                   i        i+δi          P0_overlap_P1   δε(forward)/ε   δε(backward)/ε
======================================================================================================
inaccuracy:  0.00000        0.05000           41.86           -0.04            1.26
inaccuracy:  0.05000        0.10000           51.15           -0.04            0.79
inaccuracy:  0.10000        0.15000           58.76           -0.02            0.47
inaccuracy:  0.15000        0.20000           63.04           -0.02            0.32
inaccuracy:  0.20000        0.25000           67.83           -0.01            0.22
inaccuracy:  0.25000        0.30000           69.97           -0.02            0.17
inaccuracy:  0.30000        0.35000           71.28           -0.02            0.15
inaccuracy:  0.35000        0.40000           72.16           -0.01            0.13
inaccuracy:  0.40000        0.45000           73.55           -0.02            0.12
inaccuracy:  0.45000        0.50000           73.69           -0.01            0.11
inaccuracy:  0.50000        0.55000           67.16           -0.06            0.13
inaccuracy:  0.55000        0.60000           67.15           -0.09            0.12
inaccuracy:  0.60000        0.65000           67.93           -0.08            0.09
inaccuracy:  0.65000        0.70000           67.23           -0.08            0.08
inaccuracy:  0.70000        0.75000           66.88           -0.10            0.07
inaccuracy:  0.75000        0.80000           67.77           -0.09            0.07
inaccuracy:  0.80000        0.85000           67.82           -0.09            0.07
inaccuracy:  0.85000        0.90000           66.44           -0.08            0.07
inaccuracy:  0.90000        0.95000           67.60           -0.08            0.08
inaccuracy:  0.95000        1.00000           66.99           -0.09            0.08
===================================================================================================================================
                BAR        
-----------------------------------------------------------------------------------------------------------------------------------
BAR-estimator:         λ             λ+δλ          ΔΔA             ΔA            C               Δδe            δe       
                          
-----------------------------------------------------------------------------------------------------------------------------------
BAR-estimator:      0.00000        0.05000        1.2917         1.2917         1.2917         0.0105         0.0105 
BAR-estimator:      0.05000        0.10000        0.8032         2.0949         0.8032         0.0081         0.0132 
BAR-estimator:      0.10000        0.15000        0.4794         2.5743         0.4794         0.0071         0.0150 
BAR-estimator:      0.15000        0.20000        0.2838         2.8581         0.2838         0.0055         0.0160 
BAR-estimator:      0.20000        0.25000        0.1738         3.0319         0.1738         0.0060         0.0171 
BAR-estimator:      0.25000        0.30000        0.1019         3.1338         0.1019         0.0042         0.0176 
BAR-estimator:      0.30000        0.35000        0.0653         3.1991         0.0653         0.0040         0.0180 
BAR-estimator:      0.35000        0.40000        0.0219         3.2210         0.0219         0.0042         0.0185 
BAR-estimator:      0.40000        0.45000       -0.0151         3.2059        -0.0151         0.0034         0.0188 
BAR-estimator:      0.45000        0.50000       -0.0301         3.1758        -0.0301         0.0033         0.0191 
BAR-estimator:      0.50000        0.55000       -0.1225         3.0533        -0.1225         0.0037         0.0195 
BAR-estimator:      0.55000        0.60000       -0.3034         2.7499        -0.3034         0.0041         0.0199 
BAR-estimator:      0.60000        0.65000       -0.4610         2.2890        -0.4610         0.0041         0.0203 
BAR-estimator:      0.65000        0.70000       -0.6004         1.6885        -0.6004         0.0048         0.0209 
BAR-estimator:      0.70000        0.75000       -0.6807         1.0078        -0.6807         0.0040         0.0213 
BAR-estimator:      0.75000        0.80000       -0.7333         0.2745        -0.7333         0.0037         0.0216 
BAR-estimator:      0.80000        0.85000       -0.7546        -0.4800        -0.7546         0.0040         0.0219 
BAR-estimator:      0.85000        0.90000       -0.7608        -1.2408        -0.7608         0.0039         0.0223 
BAR-estimator:      0.90000        0.95000       -0.7474        -1.9882        -0.7474         0.0040         0.0226 
BAR-estimator:      0.95000        1.00000       -0.7484        -2.7366        -0.7484         0.0039         0.0230 
BAR-estimator: total free energy change is -2.7365896047679 , total error is 0.022958236933863153
