#========================================================================================
#                     Free energy perturbation    
#----------------------------------------------------------------------------------------
#forward/backward          λ              ΔΔA                 ΔA                  δε   
#                                                 
#----------------------------------------------------------------------------------------
forward:               0.0000              0.0000              0.0000              0.0000  
forward:               0.0500              1.1167              1.1167              0.0195  
forward:               0.1000              0.5416              1.6583              0.0234  
forward:               0.1500              0.3182              1.9766              0.0249  
forward:               0.2000              0.1709              2.1475              0.0262  
forward:               0.2500              0.0862              2.2336              0.0269  
forward:               0.3000              0.0347              2.2683              0.0273  
forward:               0.3500              0.0050              2.2733              0.0278  
forward:               0.4000             -0.0179              2.2554              0.0282  
forward:               0.4500             -0.0366              2.2188              0.0285  
forward:               0.5000             -0.0629              2.1559              0.0288  
forward:               0.5500             -0.1522              2.0036              0.0289  
forward:               0.6000             -0.3683              1.6354              0.0294  
forward:               0.6500             -0.5702              1.0651              0.0300  
forward:               0.7000             -0.7614              0.3037              0.0306  
forward:               0.7500             -0.8821             -0.5783              0.0311  
forward:               0.8000             -0.9828             -1.5611              0.0316  
forward:               0.8500             -1.0423             -2.6035              0.0320  
forward:               0.9000             -1.0651             -3.6686              0.0324  
forward:               0.9500             -1.0918             -4.7603              0.0327  
forward:               1.0000             -1.0954             -5.8557              0.0329  
backward:              1.0000              0.0000             -5.8557              0.0000  
backward:              0.9500              1.0877             -4.7680              0.0056  
backward:              0.9000              1.0906             -3.6774              0.0078  
backward:              0.8500              1.0635             -2.6139              0.0105  
backward:              0.8000              1.0348             -1.5790              0.0132  
backward:              0.7500              0.9801             -0.5989              0.0150  
backward:              0.7000              0.8945              0.2956              0.0161  
backward:              0.6500              0.7508              1.0464              0.0174  
backward:              0.6000              0.5699              1.6163              0.0193  
backward:              0.5500              0.3614              1.9777              0.0206  
backward:              0.5000              0.1470              2.1247              0.0215  
backward:              0.4500              0.0511              2.1757              0.0219  
backward:              0.4000              0.0274              2.2032              0.0224  
backward:              0.3500              0.0151              2.2182              0.0230  
backward:              0.3000             -0.0069              2.2113              0.0237  
backward:              0.2500             -0.0387              2.1726              0.0245  
backward:              0.2000             -0.0971              2.0755              0.0255  
backward:              0.1500             -0.1584              1.9171              0.0268  
backward:              0.1000             -0.2948              1.6223              0.0290  
backward:              0.0500             -0.5752              1.0471              0.0388  
backward:              0.0000             -1.0856             -0.0385              0.0491  
Inaccuracy estimation
======================================================================================================
                   i        i+δi          P0_overlap_P1   δε(forward)/ε   δε(backward)/ε
======================================================================================================
inaccuracy:  0.00000        0.05000           42.26           -0.03            1.16
inaccuracy:  0.05000        0.10000           56.08           -0.02            0.63
inaccuracy:  0.10000        0.15000           62.89           -0.01            0.33
inaccuracy:  0.15000        0.20000           68.69           -0.01            0.21
inaccuracy:  0.20000        0.25000           74.16           -0.01            0.14
inaccuracy:  0.25000        0.30000           74.52           -0.01            0.12
inaccuracy:  0.30000        0.35000           75.52           -0.01            0.10
inaccuracy:  0.35000        0.40000           76.75           -0.01            0.09
inaccuracy:  0.40000        0.45000           77.54           -0.01            0.08
inaccuracy:  0.45000        0.50000           78.23           -0.01            0.07
inaccuracy:  0.50000        0.55000           68.83           -0.06            0.12
inaccuracy:  0.55000        0.60000           68.75           -0.09            0.09
inaccuracy:  0.60000        0.65000           68.17           -0.10            0.07
inaccuracy:  0.65000        0.70000           69.13           -0.09            0.05
inaccuracy:  0.70000        0.75000           67.80           -0.11            0.04
inaccuracy:  0.75000        0.80000           69.14           -0.10            0.03
inaccuracy:  0.80000        0.85000           69.72           -0.09            0.03
inaccuracy:  0.85000        0.90000           68.73           -0.10            0.03
inaccuracy:  0.90000        0.95000           68.84           -0.08            0.03
inaccuracy:  0.95000        1.00000           68.23           -0.10            0.03
===================================================================================================================================
                BAR        
-----------------------------------------------------------------------------------------------------------------------------------
BAR-estimator:         λ             λ+δλ          ΔΔA             ΔA            C               Δδe            δe       
                          
-----------------------------------------------------------------------------------------------------------------------------------
BAR-estimator:      0.00000        0.05000        1.1166         1.1166         1.1166         0.0120         0.0120 
BAR-estimator:      0.05000        0.10000        0.5544         1.6710         0.5544         0.0104         0.0159 
BAR-estimator:      0.10000        0.15000        0.3075         1.9785         0.3075         0.0057         0.0169 
BAR-estimator:      0.15000        0.20000        0.1670         2.1455         0.1670         0.0052         0.0177 
BAR-estimator:      0.20000        0.25000        0.0898         2.2353         0.0898         0.0038         0.0181 
BAR-estimator:      0.25000        0.30000        0.0344         2.2697         0.0344         0.0037         0.0185 
BAR-estimator:      0.30000        0.35000        0.0063         2.2760         0.0063         0.0037         0.0188 
BAR-estimator:      0.35000        0.40000       -0.0176         2.2584        -0.0176         0.0033         0.0191 
BAR-estimator:      0.40000        0.45000       -0.0333         2.2251        -0.0333         0.0032         0.0194 
BAR-estimator:      0.45000        0.50000       -0.0592         2.1658        -0.0592         0.0027         0.0196 
BAR-estimator:      0.50000        0.55000       -0.1506         2.0152        -0.1506         0.0037         0.0199 
BAR-estimator:      0.55000        0.60000       -0.3682         1.6471        -0.3682         0.0036         0.0203 
BAR-estimator:      0.60000        0.65000       -0.5702         1.0768        -0.5702         0.0039         0.0206 
BAR-estimator:      0.65000        0.70000       -0.7554         0.3215        -0.7554         0.0039         0.0210 
BAR-estimator:      0.70000        0.75000       -0.8906        -0.5691        -0.8906         0.0038         0.0213 
BAR-estimator:      0.75000        0.80000       -0.9838        -1.5529        -0.9838         0.0039         0.0217 
BAR-estimator:      0.80000        0.85000       -1.0366        -2.5895        -1.0366         0.0039         0.0220 
BAR-estimator:      0.85000        0.90000       -1.0666        -3.6561        -1.0666         0.0039         0.0224 
BAR-estimator:      0.90000        0.95000       -1.0898        -4.7459        -1.0898         0.0038         0.0227 
BAR-estimator:      0.95000        1.00000       -1.0974        -5.8433        -1.0974         0.0037         0.0230 
BAR-estimator: total free energy change is -5.843261649209272 , total error is 0.022996481241125855
