#========================================================================================
#                     Free energy perturbation    
#----------------------------------------------------------------------------------------
#forward/backward          λ              ΔΔA                 ΔA                  δε   
#                                                 
#----------------------------------------------------------------------------------------
forward:               0.0000              0.0000              0.0000              0.0000  
forward:               0.0500              2.0255              2.0255              0.0316  
forward:               0.1000              1.2099              3.2354              0.0396  
forward:               0.1500              0.6322              3.8676              0.0414  
forward:               0.2000              0.3413              4.2090              0.0426  
forward:               0.2500              0.2077              4.4166              0.0433  
forward:               0.3000              0.0808              4.4974              0.0443  
forward:               0.3500              0.0413              4.5388              0.0447  
forward:               0.4000             -0.0183              4.5204              0.0452  
forward:               0.4500             -0.0416              4.4788              0.0455  
forward:               0.5000             -0.0769              4.4019              0.0458  
forward:               0.5500             -0.1824              4.2195              0.0462  
forward:               0.6000             -0.3601              3.8594              0.0469  
forward:               0.6500             -0.4789              3.3804              0.0472  
forward:               0.7000             -0.5626              2.8178              0.0473  
forward:               0.7500             -0.6193              2.1985              0.0475  
forward:               0.8000             -0.6649              1.5336              0.0477  
forward:               0.8500             -0.6858              0.8478              0.0480  
forward:               0.9000             -0.7202              0.1275              0.0482  
forward:               0.9500             -0.7186             -0.5911              0.0483  
forward:               1.0000             -0.7210             -1.3121              0.0485  
backward:              1.0000              0.0000             -1.3121              0.0000  
backward:              0.9500              0.7261             -0.5859              0.0060  
backward:              0.9000              0.7117              0.1258              0.0082  
backward:              0.8500              0.7082              0.8340              0.0102  
backward:              0.8000              0.6832              1.5172              0.0118  
backward:              0.7500              0.6593              2.1765              0.0129  
backward:              0.7000              0.6153              2.7917              0.0140  
backward:              0.6500              0.5718              3.3635              0.0152  
backward:              0.6000              0.4696              3.8331              0.0164  
backward:              0.5500              0.3705              4.2036              0.0178  
backward:              0.5000              0.1811              4.3846              0.0196  
backward:              0.4500              0.0724              4.4570              0.0210  
backward:              0.4000              0.0454              4.5024              0.0219  
backward:              0.3500              0.0059              4.5084              0.0230  
backward:              0.3000             -0.0259              4.4825              0.0241  
backward:              0.2500             -0.1009              4.3816              0.0261  
backward:              0.2000             -0.2020              4.1796              0.0277  
backward:              0.1500             -0.3618              3.8179              0.0310  
backward:              0.1000             -0.6035              3.2144              0.0350  
backward:              0.0500             -1.1021              2.1123              0.0420  
backward:              0.0000             -1.9482              0.1641              0.0692  
Inaccuracy estimation
======================================================================================================
                   i        i+δi          P0_overlap_P1   δε(forward)/ε   δε(backward)/ε
======================================================================================================
inaccuracy:  0.00000        0.05000           31.52            0.00            2.21
inaccuracy:  0.05000        0.10000           39.85           -0.06            1.48
inaccuracy:  0.10000        0.15000           51.57           -0.04            0.71
inaccuracy:  0.15000        0.20000           60.90           -0.02            0.40
inaccuracy:  0.20000        0.25000           63.68           -0.02            0.28
inaccuracy:  0.25000        0.30000           68.28           -0.02            0.19
inaccuracy:  0.30000        0.35000           68.16           -0.02            0.17
inaccuracy:  0.35000        0.40000           71.23           -0.02            0.13
inaccuracy:  0.40000        0.45000           71.45           -0.02            0.13
inaccuracy:  0.45000        0.50000           71.92           -0.02            0.11
inaccuracy:  0.50000        0.55000           65.02           -0.06            0.16
inaccuracy:  0.55000        0.60000           66.76           -0.08            0.11
inaccuracy:  0.60000        0.65000           68.72           -0.07            0.09
inaccuracy:  0.65000        0.70000           68.37           -0.07            0.08
inaccuracy:  0.70000        0.75000           69.72           -0.07            0.08
inaccuracy:  0.75000        0.80000           69.90           -0.06            0.07
inaccuracy:  0.80000        0.85000           68.77           -0.06            0.07
inaccuracy:  0.85000        0.90000           69.93           -0.06            0.06
inaccuracy:  0.90000        0.95000           68.52           -0.06            0.07
inaccuracy:  0.95000        1.00000           67.54           -0.08            0.07
===================================================================================================================================
                BAR        
-----------------------------------------------------------------------------------------------------------------------------------
BAR-estimator:         λ             λ+δλ          ΔΔA             ΔA            C               Δδe            δe       
                          
-----------------------------------------------------------------------------------------------------------------------------------
BAR-estimator:      0.00000        0.05000        2.0062         2.0062         2.0062         0.0148         0.0148 
BAR-estimator:      0.05000        0.10000        1.1918         3.1980         1.1918         0.0109         0.0183 
BAR-estimator:      0.10000        0.15000        0.6281         3.8261         0.6281         0.0080         0.0200 
BAR-estimator:      0.15000        0.20000        0.3446         4.1707         0.3446         0.0064         0.0210 
BAR-estimator:      0.20000        0.25000        0.2042         4.3748         0.2042         0.0054         0.0217 
BAR-estimator:      0.25000        0.30000        0.0884         4.4632         0.0884         0.0060         0.0225 
BAR-estimator:      0.30000        0.35000        0.0351         4.4984         0.0351         0.0040         0.0228 
BAR-estimator:      0.35000        0.40000       -0.0138         4.4846        -0.0138         0.0044         0.0233 
BAR-estimator:      0.40000        0.45000       -0.0435         4.4411        -0.0435         0.0035         0.0235 
BAR-estimator:      0.45000        0.50000       -0.0782         4.3629        -0.0782         0.0036         0.0238 
BAR-estimator:      0.50000        0.55000       -0.1845         4.1784        -0.1845         0.0042         0.0242 
BAR-estimator:      0.55000        0.60000       -0.3670         3.8114        -0.3670         0.0028         0.0243 
BAR-estimator:      0.60000        0.65000       -0.4768         3.3346        -0.4768         0.0039         0.0246 
BAR-estimator:      0.65000        0.70000       -0.5644         2.7702        -0.5644         0.0036         0.0249 
BAR-estimator:      0.70000        0.75000       -0.6160         2.1543        -0.6160         0.0038         0.0252 
BAR-estimator:      0.75000        0.80000       -0.6601         1.4941        -0.6601         0.0035         0.0254 
BAR-estimator:      0.80000        0.85000       -0.6876         0.8066        -0.6876         0.0036         0.0257 
BAR-estimator:      0.85000        0.90000       -0.7163         0.0903        -0.7163         0.0035         0.0259 
BAR-estimator:      0.90000        0.95000       -0.7176        -0.6273        -0.7176         0.0040         0.0262 
BAR-estimator:      0.95000        1.00000       -0.7274        -1.3547        -0.7274         0.0041         0.0266 
BAR-estimator: total free energy change is -1.3547075839364076 , total error is 0.0265564029853597
