#========================================================================================
#                     Free energy perturbation    
#----------------------------------------------------------------------------------------
#forward/backward          λ              ΔΔA                 ΔA                  δε   
#                                                 
#----------------------------------------------------------------------------------------
forward:               0.0000              0.0000              0.0000              0.0000  
forward:               0.0500              1.5008              1.5008              0.0215  
forward:               0.1000              0.8987              2.3994              0.0282  
forward:               0.1500              0.5400              2.9394              0.0309  
forward:               0.2000              0.3314              3.2708              0.0331  
forward:               0.2500              0.1883              3.4591              0.0336  
forward:               0.3000              0.1163              3.5754              0.0343  
forward:               0.3500              0.0685              3.6439              0.0349  
forward:               0.4000              0.0260              3.6699              0.0354  
forward:               0.4500              0.0031              3.6730              0.0357  
forward:               0.5000             -0.0285              3.6445              0.0361  
forward:               0.5500             -0.1380              3.5066              0.0366  
forward:               0.6000             -0.3168              3.1898              0.0371  
forward:               0.6500             -0.4786              2.7111              0.0379  
forward:               0.7000             -0.6320              2.0792              0.0387  
forward:               0.7500             -0.7067              1.3725              0.0394  
forward:               0.8000             -0.7618              0.6107              0.0399  
forward:               0.8500             -0.7575             -0.1468              0.0403  
forward:               0.9000             -0.7383             -0.8850              0.0406  
forward:               0.9500             -0.7096             -1.5946              0.0410  
forward:               1.0000             -0.6947             -2.2893              0.0413  
backward:              1.0000              0.0000             -2.2893              0.0000  
backward:              0.9500              0.6924             -1.5968              0.0056  
backward:              0.9000              0.7084             -0.8884              0.0080  
backward:              0.8500              0.7302             -0.1582              0.0105  
backward:              0.8000              0.7417              0.5835              0.0135  
backward:              0.7500              0.7474              1.3310              0.0159  
backward:              0.7000              0.6987              2.0297              0.0178  
backward:              0.6500              0.6217              2.6514              0.0201  
backward:              0.6000              0.4845              3.1359              0.0217  
backward:              0.5500              0.3257              3.4617              0.0228  
backward:              0.5000              0.1401              3.6017              0.0238  
backward:              0.4500              0.0334              3.6351              0.0245  
backward:              0.4000             -0.0012              3.6339              0.0253  
backward:              0.3500             -0.0323              3.6015              0.0264  
backward:              0.3000             -0.0635              3.5380              0.0278  
backward:              0.2500             -0.1366              3.4015              0.0291  
backward:              0.2000             -0.2102              3.1912              0.0311  
backward:              0.1500             -0.3210              2.8702              0.0339  
backward:              0.1000             -0.5646              2.3057              0.0403  
backward:              0.0500             -0.8632              1.4425              0.0454  
backward:              0.0000             -1.4812             -0.0387              0.0586  
Inaccuracy estimation
======================================================================================================
                   i        i+δi          P0_overlap_P1   δε(forward)/ε   δε(backward)/ε
======================================================================================================
inaccuracy:  0.00000        0.05000           37.74           -0.03            1.59
inaccuracy:  0.05000        0.10000           46.97           -0.04            0.97
inaccuracy:  0.10000        0.15000           56.43           -0.02            0.54
inaccuracy:  0.15000        0.20000           61.11           -0.02            0.38
inaccuracy:  0.20000        0.25000           66.73           -0.02            0.24
inaccuracy:  0.25000        0.30000           68.80           -0.02            0.18
inaccuracy:  0.30000        0.35000           69.85           -0.01            0.17
inaccuracy:  0.35000        0.40000           71.27           -0.01            0.14
inaccuracy:  0.40000        0.45000           71.46           -0.02            0.14
inaccuracy:  0.45000        0.50000           72.15           -0.01            0.13
inaccuracy:  0.50000        0.55000           66.31           -0.07            0.16
inaccuracy:  0.55000        0.60000           66.30           -0.09            0.11
inaccuracy:  0.60000        0.65000           66.00           -0.11            0.10
inaccuracy:  0.65000        0.70000           66.28           -0.09            0.08
inaccuracy:  0.70000        0.75000           66.25           -0.10            0.08
inaccuracy:  0.75000        0.80000           67.20           -0.10            0.07
inaccuracy:  0.80000        0.85000           66.74           -0.09            0.08
inaccuracy:  0.85000        0.90000           66.44           -0.08            0.09
inaccuracy:  0.90000        0.95000           65.79           -0.09            0.09
inaccuracy:  0.95000        1.00000           66.02           -0.07            0.11
===================================================================================================================================
                BAR        
-----------------------------------------------------------------------------------------------------------------------------------
BAR-estimator:         λ             λ+δλ          ΔΔA             ΔA            C               Δδe            δe       
                          
-----------------------------------------------------------------------------------------------------------------------------------
BAR-estimator:      0.00000        0.05000        1.5007         1.5007         1.5007         0.0117         0.0117 
BAR-estimator:      0.05000        0.10000        0.9007         2.4014         0.9007         0.0143         0.0185 
BAR-estimator:      0.10000        0.15000        0.5394         2.9407         0.5394         0.0079         0.0201 
BAR-estimator:      0.15000        0.20000        0.3293         3.2700         0.3293         0.0065         0.0211 
BAR-estimator:      0.20000        0.25000        0.1955         3.4656         0.1955         0.0055         0.0218 
BAR-estimator:      0.25000        0.30000        0.1222         3.5878         0.1222         0.0051         0.0224 
BAR-estimator:      0.30000        0.35000        0.0694         3.6572         0.0694         0.0051         0.0230 
BAR-estimator:      0.35000        0.40000        0.0300         3.6872         0.0300         0.0041         0.0233 
BAR-estimator:      0.40000        0.45000        0.0018         3.6890         0.0018         0.0035         0.0236 
BAR-estimator:      0.45000        0.50000       -0.0284         3.6606        -0.0284         0.0035         0.0239 
BAR-estimator:      0.50000        0.55000       -0.1382         3.5223        -0.1382         0.0042         0.0242 
BAR-estimator:      0.55000        0.60000       -0.3234         3.1990        -0.3234         0.0036         0.0245 
BAR-estimator:      0.60000        0.65000       -0.4817         2.7173        -0.4817         0.0046         0.0249 
BAR-estimator:      0.65000        0.70000       -0.6250         2.0923        -0.6250         0.0048         0.0254 
BAR-estimator:      0.70000        0.75000       -0.7096         1.3828        -0.7096         0.0051         0.0259 
BAR-estimator:      0.75000        0.80000       -0.7586         0.6242        -0.7586         0.0042         0.0262 
BAR-estimator:      0.80000        0.85000       -0.7536        -0.1294        -0.7536         0.0035         0.0265 
BAR-estimator:      0.85000        0.90000       -0.7339        -0.8633        -0.7339         0.0038         0.0267 
BAR-estimator:      0.90000        0.95000       -0.7102        -1.5735        -0.7102         0.0039         0.0270 
BAR-estimator:      0.95000        1.00000       -0.6897        -2.2632        -0.6897         0.0045         0.0274 
BAR-estimator: total free energy change is -2.263241987505146 , total error is 0.027396932508625717
