#========================================================================================
#                     Free energy perturbation    
#----------------------------------------------------------------------------------------
#forward/backward          λ              ΔΔA                 ΔA                  δε   
#                                                 
#----------------------------------------------------------------------------------------
forward:               0.0000              0.0000              0.0000              0.0000  
forward:               0.0500              0.3992              0.3992              0.0083  
forward:               0.1000              0.2874              0.6866              0.0108  
forward:               0.1500              0.2329              0.9195              0.0121  
forward:               0.2000              0.1946              1.1141              0.0127  
forward:               0.2500              0.1789              1.2930              0.0134  
forward:               0.3000              0.1429              1.4359              0.0141  
forward:               0.3500              0.1305              1.5664              0.0146  
forward:               0.4000              0.1131              1.6795              0.0151  
forward:               0.4500              0.1096              1.7891              0.0156  
forward:               0.5000              0.0987              1.8879              0.0159  
forward:               0.5500              0.0926              1.9805              0.0163  
forward:               0.6000              0.0780              2.0585              0.0169  
forward:               0.6500              0.0608              2.1192              0.0171  
forward:               0.7000              0.0447              2.1639              0.0174  
forward:               0.7500              0.0464              2.2103              0.0178  
forward:               0.8000              0.0302              2.2405              0.0180  
forward:               0.8500              0.0293              2.2699              0.0182  
forward:               0.9000              0.0280              2.2979              0.0184  
forward:               0.9500              0.0251              2.3230              0.0186  
forward:               1.0000              0.0192              2.3422              0.0189  
backward:              1.0000              0.0000              2.3422              0.0000  
backward:              0.9500             -0.0242              2.3179              0.0032  
backward:              0.9000             -0.0256              2.2923              0.0043  
backward:              0.8500             -0.0309              2.2614              0.0056  
backward:              0.8000             -0.0304              2.2311              0.0065  
backward:              0.7500             -0.0400              2.1911              0.0094  
backward:              0.7000             -0.0452              2.1458              0.0101  
backward:              0.6500             -0.0485              2.0973              0.0108  
backward:              0.6000             -0.0541              2.0432              0.0113  
backward:              0.5500             -0.0772              1.9660              0.0120  
backward:              0.5000             -0.1003              1.8657              0.0127  
backward:              0.4500             -0.1000              1.7657              0.0136  
backward:              0.4000             -0.1090              1.6566              0.0141  
backward:              0.3500             -0.1227              1.5339              0.0149  
backward:              0.3000             -0.1377              1.3963              0.0155  
backward:              0.2500             -0.1477              1.2485              0.0160  
backward:              0.2000             -0.1647              1.0838              0.0167  
backward:              0.1500             -0.1839              0.8999              0.0176  
backward:              0.1000             -0.2233              0.6766              0.0188  
backward:              0.0500             -0.3006              0.3760              0.0205  
backward:              0.0000             -0.4085             -0.0325              0.0263  
Inaccuracy estimation
======================================================================================================
                   i        i+δi          P0_overlap_P1   δε(forward)/ε   δε(backward)/ε
======================================================================================================
inaccuracy:  0.00000        0.05000           67.53           -0.00            0.30
inaccuracy:  0.05000        0.10000           74.15           -0.00            0.20
inaccuracy:  0.10000        0.15000           75.43           -0.00            0.14
inaccuracy:  0.15000        0.20000           76.99           -0.00            0.10
inaccuracy:  0.20000        0.25000           77.84           -0.00            0.10
inaccuracy:  0.25000        0.30000           80.85           -0.00            0.08
inaccuracy:  0.30000        0.35000           82.38           -0.00            0.08
inaccuracy:  0.35000        0.40000           82.66           -0.00            0.07
inaccuracy:  0.40000        0.45000           81.70           -0.00            0.07
inaccuracy:  0.45000        0.50000           82.29           -0.00            0.06
inaccuracy:  0.50000        0.55000           82.23           -0.01            0.07
inaccuracy:  0.55000        0.60000           80.99           -0.01            0.06
inaccuracy:  0.60000        0.65000           81.30           -0.01            0.06
inaccuracy:  0.65000        0.70000           81.70           -0.01            0.05
inaccuracy:  0.70000        0.75000           81.36           -0.01            0.06
inaccuracy:  0.75000        0.80000           82.04           -0.01            0.06
inaccuracy:  0.80000        0.85000           82.40           -0.01            0.06
inaccuracy:  0.85000        0.90000           81.99           -0.01            0.05
inaccuracy:  0.90000        0.95000           82.08           -0.01            0.06
inaccuracy:  0.95000        1.00000           82.09           -0.00            0.06
===================================================================================================================================
                BAR        
-----------------------------------------------------------------------------------------------------------------------------------
BAR-estimator:         λ             λ+δλ          ΔΔA             ΔA            C               Δδe            δe       
                          
-----------------------------------------------------------------------------------------------------------------------------------
BAR-estimator:      0.00000        0.05000        0.3975         0.3975         0.3975         0.0059         0.0059 
BAR-estimator:      0.05000        0.10000        0.2938         0.6914         0.2938         0.0047         0.0075 
BAR-estimator:      0.10000        0.15000        0.2288         0.9202         0.2288         0.0036         0.0083 
BAR-estimator:      0.15000        0.20000        0.1891         1.1093         0.1891         0.0033         0.0090 
BAR-estimator:      0.20000        0.25000        0.1743         1.2835         0.1743         0.0033         0.0095 
BAR-estimator:      0.25000        0.30000        0.1454         1.4289         0.1454         0.0029         0.0100 
BAR-estimator:      0.30000        0.35000        0.1346         1.5635         0.1346         0.0027         0.0103 
BAR-estimator:      0.35000        0.40000        0.1164         1.6799         0.1164         0.0026         0.0107 
BAR-estimator:      0.40000        0.45000        0.1089         1.7888         0.1089         0.0027         0.0110 
BAR-estimator:      0.45000        0.50000        0.0993         1.8881         0.0993         0.0024         0.0112 
BAR-estimator:      0.50000        0.55000        0.0961         1.9842         0.0961         0.0027         0.0116 
BAR-estimator:      0.55000        0.60000        0.0783         2.0625         0.0783         0.0028         0.0119 
BAR-estimator:      0.60000        0.65000        0.0595         2.1220         0.0595         0.0023         0.0121 
BAR-estimator:      0.65000        0.70000        0.0446         2.1665         0.0446         0.0024         0.0124 
BAR-estimator:      0.70000        0.75000        0.0458         2.2123         0.0458         0.0022         0.0125 
BAR-estimator:      0.75000        0.80000        0.0320         2.2443         0.0320         0.0022         0.0127 
BAR-estimator:      0.80000        0.85000        0.0301         2.2744         0.0301         0.0023         0.0129 
BAR-estimator:      0.85000        0.90000        0.0294         2.3038         0.0294         0.0023         0.0132 
BAR-estimator:      0.90000        0.95000        0.0259         2.3297         0.0259         0.0020         0.0133 
BAR-estimator:      0.95000        1.00000        0.0215         2.3511         0.0215         0.0028         0.0136 
BAR-estimator: total free energy change is 2.351123568119189 , total error is 0.013593354674845546
