#========================================================================================
#                     Free energy perturbation    
#----------------------------------------------------------------------------------------
#forward/backward          λ              ΔΔA                 ΔA                  δε   
#                                                 
#----------------------------------------------------------------------------------------
forward:               0.0000              0.0000              0.0000              0.0000  
forward:               0.0500              1.8187              1.8187              0.0286  
forward:               0.1000              0.9914              2.8101              0.0340  
forward:               0.1500              0.5486              3.3587              0.0360  
forward:               0.2000              0.2755              3.6341              0.0372  
forward:               0.2500              0.1425              3.7766              0.0379  
forward:               0.3000              0.0727              3.8493              0.0385  
forward:               0.3500              0.0285              3.8778              0.0391  
forward:               0.4000             -0.0161              3.8617              0.0395  
forward:               0.4500             -0.0595              3.8022              0.0398  
forward:               0.5000             -0.0755              3.7267              0.0400  
forward:               0.5500             -0.2049              3.5218              0.0405  
forward:               0.6000             -0.4461              3.0757              0.0414  
forward:               0.6500             -0.6483              2.4274              0.0420  
forward:               0.7000             -0.8474              1.5800              0.0434  
forward:               0.7500             -0.9591              0.6209              0.0440  
forward:               0.8000             -1.0155             -0.3946              0.0445  
forward:               0.8500             -1.0109             -1.4054              0.0449  
forward:               0.9000             -1.0005             -2.4060              0.0453  
forward:               0.9500             -0.9834             -3.3894              0.0456  
forward:               1.0000             -0.9639             -4.3532              0.0459  
backward:              1.0000              0.0000             -4.3532              0.0000  
backward:              0.9500              0.9603             -3.3929              0.0059  
backward:              0.9000              0.9854             -2.4075              0.0087  
backward:              0.8500              1.0003             -1.4072              0.0115  
backward:              0.8000              1.0279             -0.3793              0.0133  
backward:              0.7500              1.0019              0.6226              0.0159  
backward:              0.7000              0.9586              1.5812              0.0173  
backward:              0.6500              0.8593              2.4404              0.0196  
backward:              0.6000              0.6749              3.1153              0.0213  
backward:              0.5500              0.4433              3.5586              0.0227  
backward:              0.5000              0.2040              3.7626              0.0243  
backward:              0.4500              0.0702              3.8328              0.0250  
backward:              0.4000              0.0557              3.8885              0.0256  
backward:              0.3500              0.0072              3.8957              0.0266  
backward:              0.3000             -0.0269              3.8688              0.0278  
backward:              0.2500             -0.0744              3.7943              0.0292  
backward:              0.2000             -0.1685              3.6258              0.0324  
backward:              0.1500             -0.3060              3.3198              0.0393  
backward:              0.1000             -0.5060              2.8139              0.0428  
backward:              0.0500             -1.0122              1.8017              0.0563  
backward:              0.0000             -1.7327              0.0690              0.0666  
Inaccuracy estimation
======================================================================================================
                   i        i+δi          P0_overlap_P1   δε(forward)/ε   δε(backward)/ε
======================================================================================================
inaccuracy:  0.00000        0.05000           32.32           -0.02            1.98
inaccuracy:  0.05000        0.10000           45.05           -0.05            1.14
inaccuracy:  0.10000        0.15000           53.59           -0.03            0.63
inaccuracy:  0.15000        0.20000           62.98           -0.02            0.32
inaccuracy:  0.20000        0.25000           68.14           -0.01            0.23
inaccuracy:  0.25000        0.30000           69.13           -0.01            0.19
inaccuracy:  0.30000        0.35000           70.13           -0.01            0.16
inaccuracy:  0.35000        0.40000           71.88           -0.01            0.13
inaccuracy:  0.40000        0.45000           73.68           -0.02            0.11
inaccuracy:  0.45000        0.50000           74.02           -0.02            0.10
inaccuracy:  0.50000        0.55000           64.48           -0.08            0.18
inaccuracy:  0.55000        0.60000           65.35           -0.11            0.11
inaccuracy:  0.60000        0.65000           63.91           -0.15            0.08
inaccuracy:  0.65000        0.70000           63.17           -0.15            0.06
inaccuracy:  0.70000        0.75000           65.46           -0.11            0.05
inaccuracy:  0.75000        0.80000           66.68           -0.11            0.05
inaccuracy:  0.80000        0.85000           64.24           -0.12            0.06
inaccuracy:  0.85000        0.90000           65.00           -0.11            0.06
inaccuracy:  0.90000        0.95000           64.37           -0.11            0.07
inaccuracy:  0.95000        1.00000           65.13           -0.11            0.08
===================================================================================================================================
                BAR        
-----------------------------------------------------------------------------------------------------------------------------------
BAR-estimator:         λ             λ+δλ          ΔΔA             ΔA            C               Δδe            δe       
                          
-----------------------------------------------------------------------------------------------------------------------------------
BAR-estimator:      0.00000        0.05000        1.7961         1.7961         1.7961         0.0066         0.0066 
BAR-estimator:      0.05000        0.10000        1.0014         2.7976         1.0014         0.0103         0.0122 
BAR-estimator:      0.10000        0.15000        0.5386         3.3362         0.5386         0.0081         0.0146 
BAR-estimator:      0.15000        0.20000        0.2820         3.6182         0.2820         0.0059         0.0158 
BAR-estimator:      0.20000        0.25000        0.1535         3.7717         0.1535         0.0054         0.0167 
BAR-estimator:      0.25000        0.30000        0.0739         3.8455         0.0739         0.0044         0.0172 
BAR-estimator:      0.30000        0.35000        0.0287         3.8743         0.0287         0.0050         0.0180 
BAR-estimator:      0.35000        0.40000       -0.0158         3.8584        -0.0158         0.0043         0.0185 
BAR-estimator:      0.40000        0.45000       -0.0563         3.8021        -0.0563         0.0035         0.0188 
BAR-estimator:      0.45000        0.50000       -0.0746         3.7275        -0.0746         0.0022         0.0189 
BAR-estimator:      0.50000        0.55000       -0.2080         3.5195        -0.2080         0.0045         0.0194 
BAR-estimator:      0.55000        0.60000       -0.4464         3.0731        -0.4464         0.0045         0.0200 
BAR-estimator:      0.60000        0.65000       -0.6618         2.4113        -0.6618         0.0042         0.0204 
BAR-estimator:      0.65000        0.70000       -0.8537         1.5576        -0.8537         0.0056         0.0212 
BAR-estimator:      0.70000        0.75000       -0.9598         0.5978        -0.9598         0.0049         0.0217 
BAR-estimator:      0.75000        0.80000       -1.0099        -0.4121        -1.0099         0.0044         0.0222 
BAR-estimator:      0.80000        0.85000       -1.0190        -1.4311        -1.0190         0.0042         0.0225 
BAR-estimator:      0.85000        0.90000       -1.0046        -2.4357        -1.0046         0.0046         0.0230 
BAR-estimator:      0.90000        0.95000       -0.9828        -3.4184        -0.9828         0.0042         0.0234 
BAR-estimator:      0.95000        1.00000       -0.9600        -4.3784        -0.9600         0.0043         0.0238 
BAR-estimator: total free energy change is -4.378413113953592 , total error is 0.023785762417791078
