#========================================================================================
#                     Free energy perturbation    
#----------------------------------------------------------------------------------------
#forward/backward          λ              ΔΔA                 ΔA                  δε   
#                                                 
#----------------------------------------------------------------------------------------
forward:               0.0000              0.0000              0.0000              0.0000  
forward:               0.0500              1.6853              1.6853              0.0284  
forward:               0.1000              0.9964              2.6816              0.0341  
forward:               0.1500              0.5944              3.2760              0.0355  
forward:               0.2000              0.3205              3.5965              0.0369  
forward:               0.2500              0.1966              3.7931              0.0380  
forward:               0.3000              0.0986              3.8917              0.0389  
forward:               0.3500              0.0590              3.9507              0.0395  
forward:               0.4000              0.0274              3.9781              0.0399  
forward:               0.4500             -0.0018              3.9762              0.0404  
forward:               0.5000             -0.0538              3.9224              0.0408  
forward:               0.5500             -0.1202              3.8022              0.0413  
forward:               0.6000             -0.3007              3.5015              0.0418  
forward:               0.6500             -0.4568              3.0447              0.0422  
forward:               0.7000             -0.5993              2.4455              0.0425  
forward:               0.7500             -0.6852              1.7603              0.0429  
forward:               0.8000             -0.7584              1.0019              0.0432  
forward:               0.8500             -0.7870              0.2149              0.0434  
forward:               0.9000             -0.8273             -0.6125              0.0438  
forward:               0.9500             -0.8448             -1.4573              0.0440  
forward:               1.0000             -0.8367             -2.2940              0.0443  
backward:              1.0000              0.0000             -2.2940              0.0000  
backward:              0.9500              0.8329             -1.4610              0.0057  
backward:              0.9000              0.8383             -0.6228              0.0084  
backward:              0.8500              0.8247              0.2019              0.0108  
backward:              0.8000              0.7988              1.0006              0.0126  
backward:              0.7500              0.7539              1.7545              0.0141  
backward:              0.7000              0.6986              2.4531              0.0157  
backward:              0.6500              0.5913              3.0444              0.0184  
backward:              0.6000              0.4495              3.4939              0.0196  
backward:              0.5500              0.2942              3.7881              0.0206  
backward:              0.5000              0.1380              3.9261              0.0216  
backward:              0.4500              0.0273              3.9534              0.0223  
backward:              0.4000              0.0022              3.9556              0.0232  
backward:              0.3500             -0.0119              3.9436              0.0245  
backward:              0.3000             -0.0594              3.8842              0.0254  
backward:              0.2500             -0.1074              3.7768              0.0269  
backward:              0.2000             -0.2011              3.5756              0.0286  
backward:              0.1500             -0.3160              3.2596              0.0301  
backward:              0.1000             -0.5910              2.6686              0.0351  
backward:              0.0500             -0.9694              1.6992              0.0410  
backward:              0.0000             -1.7329             -0.0337              0.0608  
Inaccuracy estimation
======================================================================================================
                   i        i+δi          P0_overlap_P1   δε(forward)/ε   δε(backward)/ε
======================================================================================================
inaccuracy:  0.00000        0.05000           36.50           -0.03            1.68
inaccuracy:  0.05000        0.10000           44.75           -0.04            1.12
inaccuracy:  0.10000        0.15000           53.40           -0.03            0.66
inaccuracy:  0.15000        0.20000           60.98           -0.02            0.37
inaccuracy:  0.20000        0.25000           65.77           -0.02            0.25
inaccuracy:  0.25000        0.30000           68.58           -0.02            0.20
inaccuracy:  0.30000        0.35000           69.29           -0.01            0.17
inaccuracy:  0.35000        0.40000           68.50           -0.02            0.16
inaccuracy:  0.40000        0.45000           70.73           -0.02            0.13
inaccuracy:  0.45000        0.50000           73.69           -0.01            0.12
inaccuracy:  0.50000        0.55000           65.99           -0.07            0.15
inaccuracy:  0.55000        0.60000           67.39           -0.09            0.12
inaccuracy:  0.60000        0.65000           66.77           -0.07            0.10
inaccuracy:  0.65000        0.70000           66.66           -0.10            0.09
inaccuracy:  0.70000        0.75000           66.39           -0.10            0.08
inaccuracy:  0.75000        0.80000           67.35           -0.10            0.07
inaccuracy:  0.80000        0.85000           66.33           -0.11            0.07
inaccuracy:  0.85000        0.90000           67.53           -0.08            0.07
inaccuracy:  0.90000        0.95000           66.85           -0.10            0.07
inaccuracy:  0.95000        1.00000           67.04           -0.09            0.07
===================================================================================================================================
                BAR        
-----------------------------------------------------------------------------------------------------------------------------------
BAR-estimator:         λ             λ+δλ          ΔΔA             ΔA            C               Δδe            δe       
                          
-----------------------------------------------------------------------------------------------------------------------------------
BAR-estimator:      0.00000        0.05000        1.6973         1.6973         1.6973         0.0130         0.0130 
BAR-estimator:      0.05000        0.10000        1.0035         2.7008         1.0035         0.0104         0.0167 
BAR-estimator:      0.10000        0.15000        0.5932         3.2941         0.5932         0.0081         0.0186 
BAR-estimator:      0.15000        0.20000        0.3246         3.6187         0.3246         0.0063         0.0196 
BAR-estimator:      0.20000        0.25000        0.1983         3.8170         0.1983         0.0060         0.0205 
BAR-estimator:      0.25000        0.30000        0.1047         3.9217         0.1047         0.0072         0.0217 
BAR-estimator:      0.30000        0.35000        0.0601         3.9817         0.0601         0.0047         0.0222 
BAR-estimator:      0.35000        0.40000        0.0184         4.0002         0.0184         0.0042         0.0226 
BAR-estimator:      0.40000        0.45000       -0.0037         3.9965        -0.0037         0.0041         0.0230 
BAR-estimator:      0.45000        0.50000       -0.0453         3.9511        -0.0453         0.0037         0.0233 
BAR-estimator:      0.50000        0.55000       -0.1254         3.8257        -0.1254         0.0038         0.0236 
BAR-estimator:      0.55000        0.60000       -0.2966         3.5291        -0.2966         0.0037         0.0239 
BAR-estimator:      0.60000        0.65000       -0.4529         3.0762        -0.4529         0.0038         0.0242 
BAR-estimator:      0.65000        0.70000       -0.6001         2.4760        -0.6001         0.0040         0.0245 
BAR-estimator:      0.70000        0.75000       -0.6942         1.7819        -0.6942         0.0040         0.0249 
BAR-estimator:      0.75000        0.80000       -0.7565         1.0254        -0.7565         0.0040         0.0252 
BAR-estimator:      0.80000        0.85000       -0.7943         0.2311        -0.7943         0.0040         0.0255 
BAR-estimator:      0.85000        0.90000       -0.8267        -0.5956        -0.8267         0.0054         0.0261 
BAR-estimator:      0.90000        0.95000       -0.8401        -1.4357        -0.8401         0.0046         0.0265 
BAR-estimator:      0.95000        1.00000       -0.8372        -2.2729        -0.8372         0.0040         0.0268 
BAR-estimator: total free energy change is -2.2728758840646197 , total error is 0.02676806993356094
