#========================================================================================
#                     Free energy perturbation    
#----------------------------------------------------------------------------------------
#forward/backward          λ              ΔΔA                 ΔA                  δε   
#                                                 
#----------------------------------------------------------------------------------------
forward:               0.0000              0.0000              0.0000              0.0000  
forward:               0.0500              1.7636              1.7636              0.0261  
forward:               0.1000              0.9891              2.7527              0.0315  
forward:               0.1500              0.5280              3.2807              0.0337  
forward:               0.2000              0.2931              3.5737              0.0351  
forward:               0.2500              0.1645              3.7382              0.0361  
forward:               0.3000              0.0726              3.8109              0.0366  
forward:               0.3500              0.0236              3.8344              0.0371  
forward:               0.4000             -0.0141              3.8204              0.0375  
forward:               0.4500             -0.0457              3.7747              0.0378  
forward:               0.5000             -0.0749              3.6998              0.0381  
forward:               0.5500             -0.1442              3.5556              0.0385  
forward:               0.6000             -0.2991              3.2565              0.0389  
forward:               0.6500             -0.4069              2.8496              0.0393  
forward:               0.7000             -0.5190              2.3306              0.0396  
forward:               0.7500             -0.5942              1.7364              0.0399  
forward:               0.8000             -0.6732              1.0633              0.0402  
forward:               0.8500             -0.7251              0.3382              0.0405  
forward:               0.9000             -0.7622             -0.4240              0.0409  
forward:               0.9500             -0.7924             -1.2164              0.0412  
forward:               1.0000             -0.8096             -2.0260              0.0414  
backward:              1.0000              0.0000             -2.0260              0.0000  
backward:              0.9500              0.8057             -1.2204              0.0060  
backward:              0.9000              0.7868             -0.4335              0.0084  
backward:              0.8500              0.7674              0.3339              0.0100  
backward:              0.8000              0.7236              1.0574              0.0117  
backward:              0.7500              0.6769              1.7344              0.0133  
backward:              0.7000              0.6068              2.3412              0.0146  
backward:              0.6500              0.5194              2.8605              0.0158  
backward:              0.6000              0.3982              3.2587              0.0174  
backward:              0.5500              0.2831              3.5418              0.0179  
backward:              0.5000              0.1452              3.6870              0.0190  
backward:              0.4500              0.0717              3.7587              0.0197  
backward:              0.4000              0.0377              3.7963              0.0204  
backward:              0.3500              0.0097              3.8060              0.0216  
backward:              0.3000             -0.0263              3.7798              0.0225  
backward:              0.2500             -0.0782              3.7016              0.0238  
backward:              0.2000             -0.1661              3.5355              0.0258  
backward:              0.1500             -0.2782              3.2574              0.0283  
backward:              0.1000             -0.5051              2.7522              0.0317  
backward:              0.0500             -1.0813              1.6710              0.1275  
backward:              0.0000             -1.7177             -0.0467              0.1351  
Inaccuracy estimation
======================================================================================================
                   i        i+δi          P0_overlap_P1   δε(forward)/ε   δε(backward)/ε
======================================================================================================
inaccuracy:  0.00000        0.05000           33.13           -0.03            1.85
inaccuracy:  0.05000        0.10000           43.46           -0.04            1.18
inaccuracy:  0.10000        0.15000           54.54           -0.03            0.60
inaccuracy:  0.15000        0.20000           61.75           -0.02            0.36
inaccuracy:  0.20000        0.25000           66.00           -0.02            0.23
inaccuracy:  0.25000        0.30000           69.50           -0.02            0.18
inaccuracy:  0.30000        0.35000           70.73           -0.01            0.16
inaccuracy:  0.35000        0.40000           72.00           -0.02            0.14
inaccuracy:  0.40000        0.45000           73.06           -0.01            0.12
inaccuracy:  0.45000        0.50000           73.06           -0.02            0.11
inaccuracy:  0.50000        0.55000           67.54           -0.06            0.15
inaccuracy:  0.55000        0.60000           68.98           -0.06            0.11
inaccuracy:  0.60000        0.65000           69.58           -0.07            0.09
inaccuracy:  0.65000        0.70000           68.97           -0.07            0.08
inaccuracy:  0.70000        0.75000           68.79           -0.08            0.08
inaccuracy:  0.75000        0.80000           68.56           -0.08            0.07
inaccuracy:  0.80000        0.85000           68.93           -0.07            0.06
inaccuracy:  0.85000        0.90000           69.06           -0.09            0.06
inaccuracy:  0.90000        0.95000           68.54           -0.06            0.06
inaccuracy:  0.95000        1.00000           68.67           -0.07            0.06
===================================================================================================================================
                BAR        
-----------------------------------------------------------------------------------------------------------------------------------
BAR-estimator:         λ             λ+δλ          ΔΔA             ΔA            C               Δδe            δe       
                          
-----------------------------------------------------------------------------------------------------------------------------------
BAR-estimator:      0.00000        0.05000        1.7318         1.7318         1.7318         0.0130         0.0130 
BAR-estimator:      0.05000        0.10000        0.9854         2.7172         0.9854         0.0103         0.0165 
BAR-estimator:      0.10000        0.15000        0.5276         3.2448         0.5276         0.0076         0.0182 
BAR-estimator:      0.15000        0.20000        0.2873         3.5321         0.2873         0.0065         0.0193 
BAR-estimator:      0.20000        0.25000        0.1618         3.6939         0.1618         0.0057         0.0202 
BAR-estimator:      0.25000        0.30000        0.0744         3.7683         0.0744         0.0046         0.0207 
BAR-estimator:      0.30000        0.35000        0.0257         3.7940         0.0257         0.0033         0.0210 
BAR-estimator:      0.35000        0.40000       -0.0108         3.7832        -0.0108         0.0039         0.0213 
BAR-estimator:      0.40000        0.45000       -0.0402         3.7431        -0.0402         0.0035         0.0216 
BAR-estimator:      0.45000        0.50000       -0.0738         3.6693        -0.0738         0.0032         0.0218 
BAR-estimator:      0.50000        0.55000       -0.1416         3.5277        -0.1416         0.0038         0.0221 
BAR-estimator:      0.55000        0.60000       -0.2941         3.2336        -0.2941         0.0037         0.0224 
BAR-estimator:      0.60000        0.65000       -0.4051         2.8285        -0.4051         0.0040         0.0228 
BAR-estimator:      0.65000        0.70000       -0.5204         2.3081        -0.5204         0.0035         0.0231 
BAR-estimator:      0.70000        0.75000       -0.6003         1.7078        -0.6003         0.0036         0.0233 
BAR-estimator:      0.75000        0.80000       -0.6750         1.0328        -0.6750         0.0033         0.0236 
BAR-estimator:      0.80000        0.85000       -0.7233         0.3095        -0.7233         0.0039         0.0239 
BAR-estimator:      0.85000        0.90000       -0.7655        -0.4560        -0.7655         0.0040         0.0242 
BAR-estimator:      0.90000        0.95000       -0.7897        -1.2457        -0.7897         0.0038         0.0245 
BAR-estimator:      0.95000        1.00000       -0.8095        -2.0552        -0.8095         0.0041         0.0249 
BAR-estimator: total free energy change is -2.0552059414420696 , total error is 0.024853534656125716
