#========================================================================================
#                     Free energy perturbation    
#----------------------------------------------------------------------------------------
#forward/backward          λ              ΔΔA                 ΔA                  δε   
#                                                 
#----------------------------------------------------------------------------------------
forward:               0.0000              0.0000              0.0000              0.0000  
forward:               0.0500              2.6528              2.6528              0.0389  
forward:               0.1000              1.3420              3.9948              0.0456  
forward:               0.1500              0.5832              4.5781              0.0477  
forward:               0.2000              0.2601              4.8382              0.0484  
forward:               0.2500              0.1034              4.9416              0.0490  
forward:               0.3000             -0.0009              4.9406              0.0494  
forward:               0.3500             -0.0603              4.8804              0.0497  
forward:               0.4000             -0.1095              4.7709              0.0500  
forward:               0.4500             -0.1325              4.6384              0.0503  
forward:               0.5000             -0.1753              4.4631              0.0504  
forward:               0.5500             -0.2425              4.2205              0.0508  
forward:               0.6000             -0.4509              3.7697              0.0512  
forward:               0.6500             -0.5901              3.1795              0.0517  
forward:               0.7000             -0.7220              2.4576              0.0521  
forward:               0.7500             -0.8407              1.6169              0.0525  
forward:               0.8000             -0.9284              0.6885              0.0529  
forward:               0.8500             -1.0047             -0.3162              0.0533  
forward:               0.9000             -1.0631             -1.3793              0.0535  
forward:               0.9500             -1.1013             -2.4806              0.0539  
forward:               1.0000             -1.1463             -3.6269              0.0541  
backward:              1.0000              0.0000             -3.6269              0.0000  
backward:              0.9500              1.1490             -2.4779              0.0063  
backward:              0.9000              1.0963             -1.3817              0.0095  
backward:              0.8500              1.0595             -0.3221              0.0111  
backward:              0.8000              1.0084              0.6863              0.0126  
backward:              0.7500              0.9328              1.6191              0.0144  
backward:              0.7000              0.8215              2.4406              0.0161  
backward:              0.6500              0.7357              3.1763              0.0173  
backward:              0.6000              0.5982              3.7745              0.0186  
backward:              0.5500              0.4356              4.2101              0.0197  
backward:              0.5000              0.2411              4.4512              0.0214  
backward:              0.4500              0.1662              4.6174              0.0223  
backward:              0.4000              0.1340              4.7514              0.0232  
backward:              0.3500              0.1088              4.8603              0.0242  
backward:              0.3000              0.0589              4.9191              0.0252  
backward:              0.2500             -0.0066              4.9126              0.0261  
backward:              0.2000             -0.0978              4.8147              0.0277  
backward:              0.1500             -0.2595              4.5552              0.0305  
backward:              0.1000             -0.6014              3.9538              0.0406  
backward:              0.0500             -1.3136              2.6402              0.0551  
backward:              0.0000             -2.3662              0.2740              0.0646  
Inaccuracy estimation
======================================================================================================
                   i        i+δi          P0_overlap_P1   δε(forward)/ε   δε(backward)/ε
======================================================================================================
inaccuracy:  0.00000        0.05000           23.68            0.11            3.50
inaccuracy:  0.05000        0.10000           35.62           -0.08            1.88
inaccuracy:  0.10000        0.15000           50.31           -0.03            0.80
inaccuracy:  0.15000        0.20000           59.56           -0.04            0.41
inaccuracy:  0.20000        0.25000           63.54           -0.03            0.26
inaccuracy:  0.25000        0.30000           67.69           -0.02            0.19
inaccuracy:  0.30000        0.35000           68.89           -0.02            0.16
inaccuracy:  0.35000        0.40000           70.17           -0.02            0.14
inaccuracy:  0.40000        0.45000           70.70           -0.03            0.12
inaccuracy:  0.45000        0.50000           72.16           -0.02            0.11
inaccuracy:  0.50000        0.55000           64.23           -0.08            0.16
inaccuracy:  0.55000        0.60000           67.02           -0.07            0.11
inaccuracy:  0.60000        0.65000           65.94           -0.07            0.10
inaccuracy:  0.65000        0.70000           66.50           -0.08            0.08
inaccuracy:  0.70000        0.75000           67.50           -0.08            0.06
inaccuracy:  0.75000        0.80000           66.81           -0.11            0.05
inaccuracy:  0.80000        0.85000           67.31           -0.08            0.05
inaccuracy:  0.85000        0.90000           67.07           -0.10            0.04
inaccuracy:  0.90000        0.95000           67.48           -0.11            0.04
inaccuracy:  0.95000        1.00000           66.79           -0.10            0.04
===================================================================================================================================
                BAR        
-----------------------------------------------------------------------------------------------------------------------------------
BAR-estimator:         λ             λ+δλ          ΔΔA             ΔA            C               Δδe            δe       
                          
-----------------------------------------------------------------------------------------------------------------------------------
BAR-estimator:      0.00000        0.05000        2.6084         2.6084         2.6084         0.0162         0.0162 
BAR-estimator:      0.05000        0.10000        1.3306         3.9390         1.3306         0.0125         0.0205 
BAR-estimator:      0.10000        0.15000        0.5869         4.5259         0.5869         0.0088         0.0223 
BAR-estimator:      0.15000        0.20000        0.2594         4.7853         0.2594         0.0055         0.0229 
BAR-estimator:      0.20000        0.25000        0.1039         4.8891         0.1039         0.0052         0.0235 
BAR-estimator:      0.25000        0.30000        0.0039         4.8930         0.0039         0.0044         0.0239 
BAR-estimator:      0.30000        0.35000       -0.0600         4.8330        -0.0600         0.0040         0.0242 
BAR-estimator:      0.35000        0.40000       -0.1078         4.7252        -0.1078         0.0039         0.0246 
BAR-estimator:      0.40000        0.45000       -0.1315         4.5937        -0.1315         0.0037         0.0248 
BAR-estimator:      0.45000        0.50000       -0.1735         4.4202        -0.1735         0.0034         0.0251 
BAR-estimator:      0.50000        0.55000       -0.2427         4.1775        -0.2427         0.0044         0.0254 
BAR-estimator:      0.55000        0.60000       -0.4407         3.7368        -0.4407         0.0047         0.0259 
BAR-estimator:      0.60000        0.65000       -0.5916         3.1452        -0.5916         0.0042         0.0262 
BAR-estimator:      0.65000        0.70000       -0.7205         2.4246        -0.7205         0.0040         0.0265 
BAR-estimator:      0.70000        0.75000       -0.8348         1.5898        -0.8348         0.0037         0.0268 
BAR-estimator:      0.75000        0.80000       -0.9327         0.6571        -0.9327         0.0045         0.0272 
BAR-estimator:      0.80000        0.85000       -1.0047        -0.3476        -1.0047         0.0041         0.0275 
BAR-estimator:      0.85000        0.90000       -1.0604        -1.4080        -1.0604         0.0040         0.0278 
BAR-estimator:      0.90000        0.95000       -1.0996        -2.5076        -1.0996         0.0048         0.0282 
BAR-estimator:      0.95000        1.00000       -1.1451        -3.6527        -1.1451         0.0042         0.0285 
BAR-estimator: total free energy change is -3.652696167360146 , total error is 0.028475570774029377
