#========================================================================================
#                     Free energy perturbation    
#----------------------------------------------------------------------------------------
#forward/backward          λ              ΔΔA                 ΔA                  δε   
#                                                 
#----------------------------------------------------------------------------------------
forward:               0.0000              0.0000              0.0000              0.0000  
forward:               0.0500              4.1883              4.1883              0.0729  
forward:               0.1000              2.3587              6.5470              0.0857  
forward:               0.1500              1.0830              7.6299              0.0901  
forward:               0.2000              0.4123              8.0422              0.0920  
forward:               0.2500              0.0895              8.1317              0.0929  
forward:               0.3000             -0.1145              8.0172              0.0931  
forward:               0.3500             -0.2268              7.7905              0.0936  
forward:               0.4000             -0.3180              7.4724              0.0938  
forward:               0.4500             -0.3569              7.1155              0.0941  
forward:               0.5000             -0.4065              6.7090              0.0943  
forward:               0.5500             -0.6819              6.0272              0.0946  
forward:               0.6000             -1.0801              4.9471              0.0950  
forward:               0.6500             -1.4025              3.5446              0.0953  
forward:               0.7000             -1.6704              1.8742              0.0955  
forward:               0.7500             -1.8051              0.0691              0.0958  
forward:               0.8000             -1.8943             -1.8252              0.0959  
forward:               0.8500             -1.9358             -3.7610              0.0961  
forward:               0.9000             -1.9448             -5.7058              0.0963  
forward:               0.9500             -1.9384             -7.6442              0.0965  
forward:               1.0000             -1.9334             -9.5777              0.0967  
backward:              1.0000              0.0000             -9.5777              0.0000  
backward:              0.9500              1.9396             -7.6381              0.0084  
backward:              0.9000              1.9450             -5.6931              0.0125  
backward:              0.8500              1.9496             -3.7435              0.0159  
backward:              0.8000              1.9181             -1.8255              0.0223  
backward:              0.7500              1.8887              0.0633              0.0255  
backward:              0.7000              1.8107              1.8740              0.0269  
backward:              0.6500              1.6347              3.5087              0.0283  
backward:              0.6000              1.4008              4.9094              0.0301  
backward:              0.5500              1.0651              5.9745              0.0367  
backward:              0.5000              0.6840              6.6586              0.0379  
backward:              0.4500              0.4113              7.0698              0.0388  
backward:              0.4000              0.3662              7.4360              0.0397  
backward:              0.3500              0.2939              7.7299              0.0407  
backward:              0.3000              0.2204              7.9504              0.0421  
backward:              0.2500              0.0931              8.0435              0.0437  
backward:              0.2000             -0.0859              7.9576              0.0485  
backward:              0.1500             -0.4278              7.5299              0.0605  
backward:              0.1000             -1.0694              6.4605              0.0734  
backward:              0.0500             -2.2862              4.1743              0.0929  
backward:              0.0000             -3.9759              0.1984              0.1399  
Inaccuracy estimation
======================================================================================================
                   i        i+δi          P0_overlap_P1   δε(forward)/ε   δε(backward)/ε
======================================================================================================
inaccuracy:  0.00000        0.05000           13.71            0.75            6.68
inaccuracy:  0.05000        0.10000           22.30           -0.03            3.82
inaccuracy:  0.10000        0.15000           34.21           -0.15            1.90
inaccuracy:  0.15000        0.20000           45.02           -0.12            0.88
inaccuracy:  0.20000        0.25000           51.78           -0.09            0.52
inaccuracy:  0.25000        0.30000           56.98           -0.08            0.33
inaccuracy:  0.30000        0.35000           59.68           -0.07            0.26
inaccuracy:  0.35000        0.40000           61.72           -0.07            0.21
inaccuracy:  0.40000        0.45000           61.69           -0.08            0.19
inaccuracy:  0.45000        0.50000           62.55           -0.07            0.18
inaccuracy:  0.50000        0.55000           53.37           -0.24            0.22
inaccuracy:  0.55000        0.60000           53.83           -0.29            0.13
inaccuracy:  0.60000        0.65000           55.10           -0.30            0.07
inaccuracy:  0.65000        0.70000           55.48           -0.28            0.03
inaccuracy:  0.70000        0.75000           56.11           -0.32           -0.00
inaccuracy:  0.75000        0.80000           55.16           -0.36           -0.01
inaccuracy:  0.80000        0.85000           55.33           -0.32           -0.02
inaccuracy:  0.85000        0.90000           54.65           -0.31           -0.01
inaccuracy:  0.90000        0.95000           54.25           -0.35           -0.01
inaccuracy:  0.95000        1.00000           53.07           -0.31           -0.01
===================================================================================================================================
                BAR        
-----------------------------------------------------------------------------------------------------------------------------------
BAR-estimator:         λ             λ+δλ          ΔΔA             ΔA            C               Δδe            δe       
                          
-----------------------------------------------------------------------------------------------------------------------------------
BAR-estimator:      0.00000        0.05000        4.2143         4.2143         4.2143         0.0190         0.0190 
BAR-estimator:      0.05000        0.10000        2.3849         6.5992         2.3849         0.0156         0.0246 
BAR-estimator:      0.10000        0.15000        1.1111         7.7103         1.1111         0.0148         0.0287 
BAR-estimator:      0.15000        0.20000        0.4155         8.1258         0.4155         0.0096         0.0303 
BAR-estimator:      0.20000        0.25000        0.0898         8.2156         0.0898         0.0078         0.0313 
BAR-estimator:      0.25000        0.30000       -0.1105         8.1051        -0.1105         0.0055         0.0317 
BAR-estimator:      0.30000        0.35000       -0.2240         7.8811        -0.2240         0.0060         0.0323 
BAR-estimator:      0.35000        0.40000       -0.3089         7.5722        -0.3089         0.0042         0.0326 
BAR-estimator:      0.40000        0.45000       -0.3626         7.2096        -0.3626         0.0046         0.0329 
BAR-estimator:      0.45000        0.50000       -0.4122         6.7974        -0.4122         0.0041         0.0331 
BAR-estimator:      0.50000        0.55000       -0.6878         6.1096        -0.6878         0.0045         0.0334 
BAR-estimator:      0.55000        0.60000       -1.0774         5.0322        -1.0774         0.0047         0.0338 
BAR-estimator:      0.60000        0.65000       -1.3919         3.6403        -1.3919         0.0046         0.0341 
BAR-estimator:      0.65000        0.70000       -1.6558         1.9845        -1.6558         0.0050         0.0344 
BAR-estimator:      0.70000        0.75000       -1.8076         0.1770        -1.8076         0.0048         0.0348 
BAR-estimator:      0.75000        0.80000       -1.9045        -1.7276        -1.9045         0.0055         0.0352 
BAR-estimator:      0.80000        0.85000       -1.9315        -3.6591        -1.9315         0.0054         0.0356 
BAR-estimator:      0.85000        0.90000       -1.9435        -5.6026        -1.9435         0.0049         0.0360 
BAR-estimator:      0.90000        0.95000       -1.9382        -7.5408        -1.9382         0.0054         0.0364 
BAR-estimator:      0.95000        1.00000       -1.9297        -9.4705        -1.9297         0.0047         0.0367 
BAR-estimator: total free energy change is -9.47046846220375 , total error is 0.036656492381921126
