#========================================================================================
#                     Free energy perturbation    
#----------------------------------------------------------------------------------------
#forward/backward          λ              ΔΔA                 ΔA                  δε   
#                                                 
#----------------------------------------------------------------------------------------
forward:               0.0000              0.0000              0.0000              0.0000  
forward:               0.0500              1.9943              1.9943              0.0227  
forward:               0.1000              1.1902              3.1845              0.0285  
forward:               0.1500              0.6937              3.8782              0.0309  
forward:               0.2000              0.3919              4.2701              0.0327  
forward:               0.2500              0.2343              4.5043              0.0336  
forward:               0.3000              0.1393              4.6436              0.0343  
forward:               0.3500              0.0580              4.7016              0.0350  
forward:               0.4000              0.0147              4.7163              0.0354  
forward:               0.4500             -0.0168              4.6995              0.0359  
forward:               0.5000             -0.0603              4.6392              0.0363  
forward:               0.5500             -0.1472              4.4920              0.0370  
forward:               0.6000             -0.2882              4.2039              0.0376  
forward:               0.6500             -0.4934              3.7104              0.0379  
forward:               0.7000             -0.6862              3.0242              0.0391  
forward:               0.7500             -0.7967              2.2275              0.0396  
forward:               0.8000             -0.8139              1.4137              0.0417  
forward:               0.8500             -0.7758              0.6378              0.0420  
forward:               0.9000             -0.7338             -0.0960              0.0424  
forward:               0.9500             -0.7056             -0.8015              0.0427  
forward:               1.0000             -0.6816             -1.4831              0.0431  
backward:              1.0000              0.0000             -1.4831              0.0000  
backward:              0.9500              0.6506             -0.8325              0.0111  
backward:              0.9000              0.6939             -0.1386              0.0133  
backward:              0.8500              0.7267              0.5881              0.0164  
backward:              0.8000              0.7718              1.3599              0.0177  
backward:              0.7500              0.7915              2.1514              0.0197  
backward:              0.7000              0.7916              2.9430              0.0218  
backward:              0.6500              0.6814              3.6244              0.0235  
backward:              0.6000              0.5090              4.1334              0.0251  
backward:              0.5500              0.2957              4.4291              0.0263  
backward:              0.5000              0.1373              4.5663              0.0272  
backward:              0.4500              0.0492              4.6156              0.0280  
backward:              0.4000              0.0276              4.6432              0.0289  
backward:              0.3500             -0.0135              4.6297              0.0297  
backward:              0.3000             -0.0682              4.5615              0.0309  
backward:              0.2500             -0.1247              4.4368              0.0322  
backward:              0.2000             -0.2302              4.2066              0.0348  
backward:              0.1500             -0.4084              3.7982              0.0371  
backward:              0.1000             -0.6839              3.1143              0.0416  
backward:              0.0500             -1.2375              1.8768              0.0572  
backward:              0.0000             -2.1718             -0.2950              0.1716  
Inaccuracy estimation
======================================================================================================
                   i        i+δi          P0_overlap_P1   δε(forward)/ε   δε(backward)/ε
======================================================================================================
inaccuracy:  0.00000        0.05000           31.61           -0.01            2.36
inaccuracy:  0.05000        0.10000           41.44           -0.05            1.40
inaccuracy:  0.10000        0.15000           50.61           -0.05            0.75
inaccuracy:  0.15000        0.20000           57.63           -0.04            0.45
inaccuracy:  0.20000        0.25000           61.25           -0.03            0.34
inaccuracy:  0.25000        0.30000           63.88           -0.02            0.26
inaccuracy:  0.30000        0.35000           66.64           -0.02            0.21
inaccuracy:  0.35000        0.40000           66.82           -0.03            0.18
inaccuracy:  0.40000        0.45000           67.46           -0.03            0.17
inaccuracy:  0.45000        0.50000           69.72           -0.02            0.16
inaccuracy:  0.50000        0.55000           65.14           -0.07            0.16
inaccuracy:  0.55000        0.60000           63.30           -0.12            0.15
inaccuracy:  0.60000        0.65000           61.72           -0.15            0.13
inaccuracy:  0.65000        0.70000           62.22           -0.12            0.11
inaccuracy:  0.70000        0.75000           64.08           -0.09            0.10
inaccuracy:  0.75000        0.80000           66.43           -0.09            0.09
inaccuracy:  0.80000        0.85000           65.12           -0.09            0.10
inaccuracy:  0.85000        0.90000           64.39           -0.10            0.11
inaccuracy:  0.90000        0.95000           64.00           -0.09            0.12
inaccuracy:  0.95000        1.00000           64.47           -0.08            0.12
===================================================================================================================================
                BAR        
-----------------------------------------------------------------------------------------------------------------------------------
BAR-estimator:         λ             λ+δλ          ΔΔA             ΔA            C               Δδe            δe       
                          
-----------------------------------------------------------------------------------------------------------------------------------
BAR-estimator:      0.00000        0.05000        2.0041         2.0041         2.0041         0.0100         0.0100 
BAR-estimator:      0.05000        0.10000        1.2160         3.2201         1.2160         0.0089         0.0134 
BAR-estimator:      0.10000        0.15000        0.6921         3.9122         0.6921         0.0078         0.0155 
BAR-estimator:      0.15000        0.20000        0.4004         4.3126         0.4004         0.0062         0.0167 
BAR-estimator:      0.20000        0.25000        0.2307         4.5433         0.2307         0.0057         0.0177 
BAR-estimator:      0.25000        0.30000        0.1351         4.6784         0.1351         0.0050         0.0184 
BAR-estimator:      0.30000        0.35000        0.0621         4.7405         0.0621         0.0049         0.0190 
BAR-estimator:      0.35000        0.40000        0.0137         4.7543         0.0137         0.0044         0.0195 
BAR-estimator:      0.40000        0.45000       -0.0202         4.7341        -0.0202         0.0043         0.0200 
BAR-estimator:      0.45000        0.50000       -0.0547         4.6794        -0.0547         0.0036         0.0203 
BAR-estimator:      0.50000        0.55000       -0.1416         4.5378        -0.1416         0.0042         0.0207 
BAR-estimator:      0.55000        0.60000       -0.2943         4.2436        -0.2943         0.0042         0.0211 
BAR-estimator:      0.60000        0.65000       -0.4999         3.7437        -0.4999         0.0046         0.0216 
BAR-estimator:      0.65000        0.70000       -0.6836         3.0601        -0.6836         0.0055         0.0223 
BAR-estimator:      0.70000        0.75000       -0.7906         2.2695        -0.7906         0.0045         0.0228 
BAR-estimator:      0.75000        0.80000       -0.8021         1.4674        -0.8021         0.0042         0.0231 
BAR-estimator:      0.80000        0.85000       -0.7738         0.6936        -0.7738         0.0038         0.0234 
BAR-estimator:      0.85000        0.90000       -0.7334        -0.0398        -0.7334         0.0042         0.0238 
BAR-estimator:      0.90000        0.95000       -0.6997        -0.7395        -0.6997         0.0044         0.0242 
BAR-estimator:      0.95000        1.00000       -0.6704        -1.4099        -0.6704         0.0037         0.0245 
BAR-estimator: total free energy change is -1.409913755536565 , total error is 0.02451078606412624
