#========================================================================================
#                     Free energy perturbation    
#----------------------------------------------------------------------------------------
#forward/backward          λ              ΔΔA                 ΔA                  δε   
#                                                 
#----------------------------------------------------------------------------------------
forward:               0.0000              0.0000              0.0000              0.0000  
forward:               0.0500              1.2487              1.2487              0.0191  
forward:               0.1000              0.7354              1.9841              0.0243  
forward:               0.1500              0.4565              2.4406              0.0263  
forward:               0.2000              0.2729              2.7135              0.0274  
forward:               0.2500              0.1912              2.9047              0.0277  
forward:               0.3000              0.1233              3.0280              0.0283  
forward:               0.3500              0.0854              3.1134              0.0287  
forward:               0.4000              0.0464              3.1597              0.0292  
forward:               0.4500              0.0182              3.1780              0.0295  
forward:               0.5000             -0.0002              3.1778              0.0299  
forward:               0.5500             -0.0219              3.1558              0.0302  
forward:               0.6000             -0.0909              3.0649              0.0305  
forward:               0.6500             -0.1202              2.9446              0.0308  
forward:               0.7000             -0.1586              2.7860              0.0311  
forward:               0.7500             -0.1841              2.6020              0.0313  
forward:               0.8000             -0.2138              2.3882              0.0315  
forward:               0.8500             -0.2230              2.1652              0.0317  
forward:               0.9000             -0.2484              1.9168              0.0318  
forward:               0.9500             -0.2541              1.6627              0.0320  
forward:               1.0000             -0.2747              1.3880              0.0322  
backward:              1.0000              0.0000              1.3880              0.0000  
backward:              0.9500              0.2632              1.6512              0.0035  
backward:              0.9000              0.2527              1.9039              0.0055  
backward:              0.8500              0.2463              2.1503              0.0071  
backward:              0.8000              0.2189              2.3691              0.0084  
backward:              0.7500              0.2025              2.5717              0.0097  
backward:              0.7000              0.1779              2.7495              0.0107  
backward:              0.6500              0.1555              2.9050              0.0119  
backward:              0.6000              0.1205              3.0255              0.0128  
backward:              0.5500              0.0905              3.1160              0.0136  
backward:              0.5000              0.0293              3.1453              0.0147  
backward:              0.4500             -0.0018              3.1436              0.0155  
backward:              0.4000             -0.0291              3.1145              0.0166  
backward:              0.3500             -0.0484              3.0661              0.0177  
backward:              0.3000             -0.0882              2.9780              0.0189  
backward:              0.2500             -0.1171              2.8609              0.0201  
backward:              0.2000             -0.1799              2.6810              0.0214  
backward:              0.1500             -0.2890              2.3920              0.0248  
backward:              0.1000             -0.4399              1.9521              0.0291  
backward:              0.0500             -0.7321              1.2201              0.0343  
backward:              0.0000             -1.2934             -0.0733              0.0493  
Inaccuracy estimation
======================================================================================================
                   i        i+δi          P0_overlap_P1   δε(forward)/ε   δε(backward)/ε
======================================================================================================
inaccuracy:  0.00000        0.05000           43.16           -0.03            1.28
inaccuracy:  0.05000        0.10000           52.29           -0.02            0.71
inaccuracy:  0.10000        0.15000           59.66           -0.01            0.42
inaccuracy:  0.15000        0.20000           67.43           -0.01            0.25
inaccuracy:  0.20000        0.25000           68.94           -0.01            0.19
inaccuracy:  0.25000        0.30000           71.79           -0.01            0.15
inaccuracy:  0.30000        0.35000           72.62           -0.02            0.13
inaccuracy:  0.35000        0.40000           73.84           -0.01            0.11
inaccuracy:  0.40000        0.45000           75.88           -0.01            0.11
inaccuracy:  0.45000        0.50000           75.69           -0.01            0.10
inaccuracy:  0.50000        0.55000           72.76           -0.03            0.11
inaccuracy:  0.55000        0.60000           74.77           -0.02            0.09
inaccuracy:  0.60000        0.65000           74.46           -0.02            0.08
inaccuracy:  0.65000        0.70000           74.76           -0.03            0.08
inaccuracy:  0.70000        0.75000           75.77           -0.02            0.08
inaccuracy:  0.75000        0.80000           76.19           -0.02            0.07
inaccuracy:  0.80000        0.85000           75.38           -0.02            0.07
inaccuracy:  0.85000        0.90000           75.20           -0.02            0.07
inaccuracy:  0.90000        0.95000           74.83           -0.02            0.07
inaccuracy:  0.95000        1.00000           75.71           -0.02            0.07
===================================================================================================================================
                BAR        
-----------------------------------------------------------------------------------------------------------------------------------
BAR-estimator:         λ             λ+δλ          ΔΔA             ΔA            C               Δδe            δe       
                          
-----------------------------------------------------------------------------------------------------------------------------------
BAR-estimator:      0.00000        0.05000        1.2622         1.2622         1.2622         0.0105         0.0105 
BAR-estimator:      0.05000        0.10000        0.7375         1.9997         0.7375         0.0089         0.0138 
BAR-estimator:      0.10000        0.15000        0.4489         2.4486         0.4489         0.0064         0.0152 
BAR-estimator:      0.15000        0.20000        0.2781         2.7267         0.2781         0.0049         0.0160 
BAR-estimator:      0.20000        0.25000        0.1886         2.9153         0.1886         0.0045         0.0166 
BAR-estimator:      0.25000        0.30000        0.1210         3.0363         0.1210         0.0033         0.0169 
BAR-estimator:      0.30000        0.35000        0.0834         3.1197         0.0834         0.0033         0.0172 
BAR-estimator:      0.35000        0.40000        0.0455         3.1651         0.0455         0.0036         0.0176 
BAR-estimator:      0.40000        0.45000        0.0225         3.1877         0.0225         0.0032         0.0179 
BAR-estimator:      0.45000        0.50000        0.0004         3.1881         0.0004         0.0025         0.0181 
BAR-estimator:      0.50000        0.55000       -0.0268         3.1613        -0.0268         0.0029         0.0183 
BAR-estimator:      0.55000        0.60000       -0.0900         3.0714        -0.0900         0.0029         0.0185 
BAR-estimator:      0.60000        0.65000       -0.1203         2.9511        -0.1203         0.0033         0.0188 
BAR-estimator:      0.65000        0.70000       -0.1583         2.7928        -0.1583         0.0032         0.0191 
BAR-estimator:      0.70000        0.75000       -0.1814         2.6114        -0.1814         0.0028         0.0193 
BAR-estimator:      0.75000        0.80000       -0.2102         2.4011        -0.2102         0.0030         0.0195 
BAR-estimator:      0.80000        0.85000       -0.2219         2.1792        -0.2219         0.0034         0.0198 
BAR-estimator:      0.85000        0.90000       -0.2475         1.9317        -0.2475         0.0028         0.0200 
BAR-estimator:      0.90000        0.95000       -0.2541         1.6776        -0.2541         0.0030         0.0202 
BAR-estimator:      0.95000        1.00000       -0.2699         1.4077        -0.2699         0.0033         0.0205 
BAR-estimator: total free energy change is 1.4077322375548083 , total error is 0.02047585523249365
