#========================================================================================
#                     Free energy perturbation    
#----------------------------------------------------------------------------------------
#forward/backward          λ              ΔΔA                 ΔA                  δε   
#                                                 
#----------------------------------------------------------------------------------------
forward:               0.0000              0.0000              0.0000              0.0000  
forward:               0.0500              1.3533              1.3533              0.0241  
forward:               0.1000              0.7941              2.1474              0.0279  
forward:               0.1500              0.4164              2.5638              0.0297  
forward:               0.2000              0.2447              2.8086              0.0308  
forward:               0.2500              0.1484              2.9570              0.0315  
forward:               0.3000              0.0928              3.0498              0.0320  
forward:               0.3500              0.0499              3.0997              0.0323  
forward:               0.4000              0.0129              3.1126              0.0327  
forward:               0.4500             -0.0051              3.1075              0.0330  
forward:               0.5000             -0.0267              3.0808              0.0332  
forward:               0.5500             -0.0812              2.9995              0.0335  
forward:               0.6000             -0.1706              2.8289              0.0338  
forward:               0.6500             -0.2337              2.5952              0.0340  
forward:               0.7000             -0.2999              2.2954              0.0342  
forward:               0.7500             -0.3357              1.9596              0.0344  
forward:               0.8000             -0.3767              1.5829              0.0345  
forward:               0.8500             -0.4117              1.1712              0.0347  
forward:               0.9000             -0.4397              0.7315              0.0349  
forward:               0.9500             -0.4589              0.2726              0.0349  
forward:               1.0000             -0.4875             -0.2149              0.0351  
backward:              1.0000              0.0000             -0.2149              0.0000  
backward:              0.9500              0.4859              0.2710              0.0040  
backward:              0.9000              0.4547              0.7257              0.0057  
backward:              0.8500              0.4371              1.1628              0.0070  
backward:              0.8000              0.4102              1.5730              0.0078  
backward:              0.7500              0.3719              1.9449              0.0089  
backward:              0.7000              0.3380              2.2828              0.0099  
backward:              0.6500              0.2979              2.5807              0.0109  
backward:              0.6000              0.2442              2.8249              0.0117  
backward:              0.5500              0.1770              3.0019              0.0127  
backward:              0.5000              0.0989              3.1008              0.0138  
backward:              0.4500              0.0198              3.1206              0.0147  
backward:              0.4000              0.0017              3.1223              0.0155  
backward:              0.3500             -0.0070              3.1153              0.0168  
backward:              0.3000             -0.0510              3.0642              0.0177  
backward:              0.2500             -0.0942              2.9700              0.0189  
backward:              0.2000             -0.1711              2.7989              0.0206  
backward:              0.1500             -0.2530              2.5459              0.0228  
backward:              0.1000             -0.4443              2.1016              0.0290  
backward:              0.0500             -0.7815              1.3201              0.0403  
backward:              0.0000             -1.3396             -0.0196              0.0503  
Inaccuracy estimation
======================================================================================================
                   i        i+δi          P0_overlap_P1   δε(forward)/ε   δε(backward)/ε
======================================================================================================
inaccuracy:  0.00000        0.05000           40.69           -0.03            1.60
inaccuracy:  0.05000        0.10000           49.89           -0.03            0.83
inaccuracy:  0.10000        0.15000           61.87           -0.01            0.39
inaccuracy:  0.15000        0.20000           68.07           -0.01            0.23
inaccuracy:  0.20000        0.25000           73.06           -0.01            0.16
inaccuracy:  0.25000        0.30000           73.17           -0.01            0.13
inaccuracy:  0.30000        0.35000           74.94           -0.01            0.11
inaccuracy:  0.35000        0.40000           75.23           -0.01            0.10
inaccuracy:  0.40000        0.45000           76.54           -0.01            0.08
inaccuracy:  0.45000        0.50000           76.99           -0.01            0.08
inaccuracy:  0.50000        0.55000           71.69           -0.03            0.10
inaccuracy:  0.55000        0.60000           73.96           -0.03            0.09
inaccuracy:  0.60000        0.65000           73.97           -0.04            0.07
inaccuracy:  0.65000        0.70000           75.23           -0.03            0.06
inaccuracy:  0.70000        0.75000           75.31           -0.04            0.06
inaccuracy:  0.75000        0.80000           75.66           -0.03            0.06
inaccuracy:  0.80000        0.85000           74.95           -0.03            0.05
inaccuracy:  0.85000        0.90000           75.30           -0.04            0.06
inaccuracy:  0.90000        0.95000           75.12           -0.03            0.05
inaccuracy:  0.95000        1.00000           75.06           -0.04            0.05
===================================================================================================================================
                BAR        
-----------------------------------------------------------------------------------------------------------------------------------
BAR-estimator:         λ             λ+δλ          ΔΔA             ΔA            C               Δδe            δe       
                          
-----------------------------------------------------------------------------------------------------------------------------------
BAR-estimator:      0.00000        0.05000        1.3652         1.3652         1.3652         0.0138         0.0138 
BAR-estimator:      0.05000        0.10000        0.7845         2.1497         0.7845         0.0091         0.0166 
BAR-estimator:      0.10000        0.15000        0.4200         2.5697         0.4200         0.0035         0.0169 
BAR-estimator:      0.15000        0.20000        0.2474         2.8172         0.2474         0.0051         0.0177 
BAR-estimator:      0.20000        0.25000        0.1592         2.9764         0.1592         0.0045         0.0183 
BAR-estimator:      0.25000        0.30000        0.0924         3.0688         0.0924         0.0037         0.0186 
BAR-estimator:      0.30000        0.35000        0.0504         3.1192         0.0504         0.0033         0.0189 
BAR-estimator:      0.35000        0.40000        0.0100         3.1291         0.0100         0.0033         0.0192 
BAR-estimator:      0.40000        0.45000       -0.0036         3.1255        -0.0036         0.0031         0.0195 
BAR-estimator:      0.45000        0.50000       -0.0243         3.1012        -0.0243         0.0027         0.0196 
BAR-estimator:      0.50000        0.55000       -0.0875         3.0138        -0.0875         0.0027         0.0198 
BAR-estimator:      0.55000        0.60000       -0.1722         2.8416        -0.1722         0.0031         0.0201 
BAR-estimator:      0.60000        0.65000       -0.2382         2.6034        -0.2382         0.0030         0.0203 
BAR-estimator:      0.65000        0.70000       -0.2982         2.3052        -0.2982         0.0030         0.0205 
BAR-estimator:      0.70000        0.75000       -0.3359         1.9693        -0.3359         0.0029         0.0207 
BAR-estimator:      0.75000        0.80000       -0.3753         1.5940        -0.3753         0.0025         0.0209 
BAR-estimator:      0.80000        0.85000       -0.4113         1.1827        -0.4113         0.0032         0.0211 
BAR-estimator:      0.85000        0.90000       -0.4380         0.7447        -0.4380         0.0029         0.0213 
BAR-estimator:      0.90000        0.95000       -0.4574         0.2873        -0.4574         0.0030         0.0215 
BAR-estimator:      0.95000        1.00000       -0.4870        -0.1997        -0.4870         0.0027         0.0217 
BAR-estimator: total free energy change is -0.19969281648676485 , total error is 0.02168392445728
