#========================================================================================
#                     Free energy perturbation    
#----------------------------------------------------------------------------------------
#forward/backward          λ              ΔΔA                 ΔA                  δε   
#                                                 
#----------------------------------------------------------------------------------------
forward:               0.0000              0.0000              0.0000              0.0000  
forward:               0.0500              1.4614              1.4614              0.0256  
forward:               0.1000              0.6991              2.1605              0.0301  
forward:               0.1500              0.3198              2.4803              0.0316  
forward:               0.2000              0.1413              2.6215              0.0325  
forward:               0.2500              0.0532              2.6747              0.0332  
forward:               0.3000             -0.0133              2.6614              0.0337  
forward:               0.3500             -0.0545              2.6069              0.0341  
forward:               0.4000             -0.0657              2.5412              0.0344  
forward:               0.4500             -0.0921              2.4491              0.0347  
forward:               0.5000             -0.1202              2.3288              0.0350  
forward:               0.5500             -0.3123              2.0165              0.0356  
forward:               0.6000             -0.6309              1.3856              0.0362  
forward:               0.6500             -0.9338              0.4518              0.0369  
forward:               0.7000             -1.1833             -0.7315              0.0377  
forward:               0.7500             -1.3498             -2.0813              0.0382  
forward:               0.8000             -1.4482             -3.5295              0.0386  
forward:               0.8500             -1.4973             -5.0268              0.0389  
forward:               0.9000             -1.5296             -6.5564              0.0393  
forward:               0.9500             -1.5441             -8.1005              0.0396  
forward:               1.0000             -1.5499             -9.6504              0.0400  
backward:              1.0000              0.0000             -9.6504              0.0000  
backward:              0.9500              1.5398             -8.1107              0.0087  
backward:              0.9000              1.5240             -6.5867              0.0149  
backward:              0.8500              1.5346             -5.0521              0.0162  
backward:              0.8000              1.5081             -3.5440              0.0180  
backward:              0.7500              1.4522             -2.0918              0.0192  
backward:              0.7000              1.3528             -0.7390              0.0208  
backward:              0.6500              1.1736              0.4346              0.0221  
backward:              0.6000              0.9282              1.3628              0.0233  
backward:              0.5500              0.6336              1.9964              0.0243  
backward:              0.5000              0.3168              2.3132              0.0253  
backward:              0.4500              0.1039              2.4171              0.0262  
backward:              0.4000              0.0981              2.5152              0.0267  
backward:              0.3500              0.0702              2.5854              0.0272  
backward:              0.3000              0.0446              2.6300              0.0283  
backward:              0.2500              0.0075              2.6375              0.0290  
backward:              0.2000             -0.0590              2.5785              0.0310  
backward:              0.1500             -0.1323              2.4462              0.0329  
backward:              0.1000             -0.3269              2.1192              0.0364  
backward:              0.0500             -0.6732              1.4460              0.0470  
backward:              0.0000             -1.6595             -0.2135              0.1078  
Inaccuracy estimation
======================================================================================================
                   i        i+δi          P0_overlap_P1   δε(forward)/ε   δε(backward)/ε
======================================================================================================
inaccuracy:  0.00000        0.05000           35.90           -0.05            1.75
inaccuracy:  0.05000        0.10000           47.59           -0.04            0.97
inaccuracy:  0.10000        0.15000           60.44           -0.01            0.42
inaccuracy:  0.15000        0.20000           66.03           -0.01            0.24
inaccuracy:  0.20000        0.25000           69.42           -0.01            0.17
inaccuracy:  0.25000        0.30000           72.72           -0.01            0.14
inaccuracy:  0.30000        0.35000           74.50           -0.01            0.12
inaccuracy:  0.35000        0.40000           73.72           -0.02            0.11
inaccuracy:  0.40000        0.45000           74.66           -0.01            0.10
inaccuracy:  0.45000        0.50000           76.44           -0.02            0.09
inaccuracy:  0.50000        0.55000           62.70           -0.12            0.15
inaccuracy:  0.55000        0.60000           63.09           -0.15            0.10
inaccuracy:  0.60000        0.65000           63.30           -0.16            0.06
inaccuracy:  0.65000        0.70000           64.09           -0.18            0.03
inaccuracy:  0.70000        0.75000           63.57           -0.18            0.01
inaccuracy:  0.75000        0.80000           64.13           -0.17            0.01
inaccuracy:  0.80000        0.85000           63.35           -0.19            0.00
inaccuracy:  0.85000        0.90000           63.20           -0.16            0.01
inaccuracy:  0.90000        0.95000           63.73           -0.15            0.01
inaccuracy:  0.95000        1.00000           62.22           -0.16            0.01
===================================================================================================================================
                BAR        
-----------------------------------------------------------------------------------------------------------------------------------
BAR-estimator:         λ             λ+δλ          ΔΔA             ΔA            C               Δδe            δe       
                          
-----------------------------------------------------------------------------------------------------------------------------------
BAR-estimator:      0.00000        0.05000        1.4675         1.4675         1.4675         0.0122         0.0122 
BAR-estimator:      0.05000        0.10000        0.6899         2.1574         0.6899         0.0100         0.0158 
BAR-estimator:      0.10000        0.15000        0.3211         2.4784         0.3211         0.0064         0.0170 
BAR-estimator:      0.15000        0.20000        0.1410         2.6194         0.1410         0.0050         0.0178 
BAR-estimator:      0.20000        0.25000        0.0505         2.6699         0.0505         0.0045         0.0183 
BAR-estimator:      0.25000        0.30000       -0.0097         2.6602        -0.0097         0.0038         0.0187 
BAR-estimator:      0.30000        0.35000       -0.0499         2.6103        -0.0499         0.0035         0.0190 
BAR-estimator:      0.35000        0.40000       -0.0671         2.5431        -0.0671         0.0034         0.0193 
BAR-estimator:      0.40000        0.45000       -0.0932         2.4499        -0.0932         0.0032         0.0196 
BAR-estimator:      0.45000        0.50000       -0.1160         2.3339        -0.1160         0.0029         0.0198 
BAR-estimator:      0.50000        0.55000       -0.3122         2.0217        -0.3122         0.0045         0.0203 
BAR-estimator:      0.55000        0.60000       -0.6341         1.3875        -0.6341         0.0042         0.0207 
BAR-estimator:      0.60000        0.65000       -0.9292         0.4583        -0.9292         0.0043         0.0212 
BAR-estimator:      0.65000        0.70000       -1.1781        -0.7198        -1.1781         0.0036         0.0215 
BAR-estimator:      0.70000        0.75000       -1.3535        -2.0732        -1.3535         0.0037         0.0218 
BAR-estimator:      0.75000        0.80000       -1.4504        -3.5236        -1.4504         0.0043         0.0222 
BAR-estimator:      0.80000        0.85000       -1.5038        -5.0274        -1.5038         0.0042         0.0226 
BAR-estimator:      0.85000        0.90000       -1.5297        -6.5571        -1.5297         0.0041         0.0230 
BAR-estimator:      0.90000        0.95000       -1.5413        -8.0984        -1.5413         0.0044         0.0234 
BAR-estimator:      0.95000        1.00000       -1.5499        -9.6483        -1.5499         0.0047         0.0239 
BAR-estimator: total free energy change is -9.648289817737762 , total error is 0.02387815540130891
