#========================================================================================
#                     Free energy perturbation    
#----------------------------------------------------------------------------------------
#forward/backward          λ              ΔΔA                 ΔA                  δε   
#                                                 
#----------------------------------------------------------------------------------------
forward:               0.0000              0.0000              0.0000              0.0000  
forward:               0.0500              1.2867              1.2867              0.0193  
forward:               0.1000              0.7592              2.0459              0.0251  
forward:               0.1500              0.4500              2.4959              0.0274  
forward:               0.2000              0.2556              2.7515              0.0289  
forward:               0.2500              0.1685              2.9200              0.0297  
forward:               0.3000              0.0962              3.0162              0.0305  
forward:               0.3500              0.0560              3.0721              0.0310  
forward:               0.4000              0.0241              3.0963              0.0315  
forward:               0.4500              0.0028              3.0990              0.0318  
forward:               0.5000             -0.0208              3.0782              0.0321  
forward:               0.5500             -0.0517              3.0265              0.0326  
forward:               0.6000             -0.1606              2.8660              0.0330  
forward:               0.6500             -0.2564              2.6096              0.0334  
forward:               0.7000             -0.3363              2.2733              0.0339  
forward:               0.7500             -0.4111              1.8622              0.0344  
forward:               0.8000             -0.4655              1.3967              0.0347  
forward:               0.8500             -0.4662              0.9305              0.0349  
forward:               0.9000             -0.4907              0.4398              0.0352  
forward:               0.9500             -0.4897             -0.0500              0.0354  
forward:               1.0000             -0.4871             -0.5370              0.0358  
backward:              1.0000              0.0000             -0.5370              0.0000  
backward:              0.9500              0.4812             -0.0558              0.0101  
backward:              0.9000              0.4795              0.4237              0.0118  
backward:              0.8500              0.4968              0.9204              0.0132  
backward:              0.8000              0.4831              1.4035              0.0142  
backward:              0.7500              0.4541              1.8577              0.0157  
backward:              0.7000              0.3967              2.2544              0.0170  
backward:              0.6500              0.3482              2.6025              0.0178  
backward:              0.6000              0.2570              2.8595              0.0188  
backward:              0.5500              0.1638              3.0233              0.0197  
backward:              0.5000              0.0603              3.0836              0.0205  
backward:              0.4500              0.0243              3.1079              0.0212  
backward:              0.4000             -0.0037              3.1042              0.0221  
backward:              0.3500             -0.0258              3.0784              0.0232  
backward:              0.3000             -0.0431              3.0353              0.0245  
backward:              0.2500             -0.1091              2.9262              0.0312  
backward:              0.2000             -0.1661              2.7600              0.0325  
backward:              0.1500             -0.2865              2.4736              0.0344  
backward:              0.1000             -0.4526              2.0209              0.0384  
backward:              0.0500             -0.7653              1.2556              0.0423  
backward:              0.0000             -1.2859             -0.0303              0.0612  
Inaccuracy estimation
======================================================================================================
                   i        i+δi          P0_overlap_P1   δε(forward)/ε   δε(backward)/ε
======================================================================================================
inaccuracy:  0.00000        0.05000           43.14           -0.04            1.14
inaccuracy:  0.05000        0.10000           51.22           -0.03            0.83
inaccuracy:  0.10000        0.15000           57.62           -0.02            0.44
inaccuracy:  0.15000        0.20000           66.49           -0.01            0.28
inaccuracy:  0.20000        0.25000           67.93           -0.01            0.21
inaccuracy:  0.25000        0.30000           70.67           -0.02            0.17
inaccuracy:  0.30000        0.35000           71.81           -0.02            0.14
inaccuracy:  0.35000        0.40000           73.40           -0.01            0.12
inaccuracy:  0.40000        0.45000           73.73           -0.01            0.11
inaccuracy:  0.45000        0.50000           74.12           -0.02            0.10
inaccuracy:  0.50000        0.55000           70.42           -0.05            0.12
inaccuracy:  0.55000        0.60000           71.47           -0.05            0.11
inaccuracy:  0.60000        0.65000           71.58           -0.06            0.10
inaccuracy:  0.65000        0.70000           69.63           -0.05            0.09
inaccuracy:  0.70000        0.75000           72.11           -0.04            0.08
inaccuracy:  0.75000        0.80000           72.07           -0.04            0.07
inaccuracy:  0.80000        0.85000           70.10           -0.06            0.08
inaccuracy:  0.85000        0.90000           70.53           -0.05            0.08
inaccuracy:  0.90000        0.95000           71.27           -0.05            0.07
inaccuracy:  0.95000        1.00000           70.04           -0.05            0.08
===================================================================================================================================
                BAR        
-----------------------------------------------------------------------------------------------------------------------------------
BAR-estimator:         λ             λ+δλ          ΔΔA             ΔA            C               Δδe            δe       
                          
-----------------------------------------------------------------------------------------------------------------------------------
BAR-estimator:      0.00000        0.05000        1.2780         1.2780         1.2780         0.0104         0.0104 
BAR-estimator:      0.05000        0.10000        0.7832         2.0612         0.7832         0.0094         0.0140 
BAR-estimator:      0.10000        0.15000        0.4444         2.5057         0.4444         0.0074         0.0158 
BAR-estimator:      0.15000        0.20000        0.2652         2.7708         0.2652         0.0057         0.0168 
BAR-estimator:      0.20000        0.25000        0.1658         2.9366         0.1658         0.0047         0.0175 
BAR-estimator:      0.25000        0.30000        0.0944         3.0310         0.0944         0.0046         0.0181 
BAR-estimator:      0.30000        0.35000        0.0511         3.0821         0.0511         0.0040         0.0185 
BAR-estimator:      0.35000        0.40000        0.0243         3.1064         0.0243         0.0038         0.0189 
BAR-estimator:      0.40000        0.45000        0.0025         3.1089         0.0025         0.0033         0.0192 
BAR-estimator:      0.45000        0.50000       -0.0219         3.0870        -0.0219         0.0032         0.0194 
BAR-estimator:      0.50000        0.55000       -0.0564         3.0305        -0.0564         0.0035         0.0197 
BAR-estimator:      0.55000        0.60000       -0.1626         2.8679        -0.1626         0.0034         0.0200 
BAR-estimator:      0.60000        0.65000       -0.2559         2.6120        -0.2559         0.0038         0.0204 
BAR-estimator:      0.65000        0.70000       -0.3427         2.2692        -0.3427         0.0041         0.0208 
BAR-estimator:      0.70000        0.75000       -0.4044         1.8649        -0.4044         0.0037         0.0211 
BAR-estimator:      0.75000        0.80000       -0.4613         1.4036        -0.4613         0.0037         0.0215 
BAR-estimator:      0.80000        0.85000       -0.4734         0.9301        -0.4734         0.0037         0.0218 
BAR-estimator:      0.85000        0.90000       -0.4940         0.4361        -0.4940         0.0038         0.0221 
BAR-estimator:      0.90000        0.95000       -0.4879        -0.0518        -0.4879         0.0036         0.0224 
BAR-estimator:      0.95000        1.00000       -0.4899        -0.5418        -0.4899         0.0038         0.0227 
BAR-estimator: total free energy change is -0.5417529015658569 , total error is 0.022724685914467583
