#========================================================================================
#                     Free energy perturbation    
#----------------------------------------------------------------------------------------
#forward/backward          λ              ΔΔA                 ΔA                  δε   
#                                                 
#----------------------------------------------------------------------------------------
forward:               0.0000              0.0000              0.0000              0.0000  
forward:               0.0500              1.1615              1.1615              0.0213  
forward:               0.1000              0.6202              1.7817              0.0261  
forward:               0.1500              0.3244              2.1061              0.0284  
forward:               0.2000              0.1792              2.2852              0.0295  
forward:               0.2500              0.1010              2.3863              0.0302  
forward:               0.3000              0.0509              2.4372              0.0310  
forward:               0.3500              0.0147              2.4519              0.0314  
forward:               0.4000             -0.0133              2.4386              0.0317  
forward:               0.4500             -0.0259              2.4127              0.0320  
forward:               0.5000             -0.0450              2.3676              0.0324  
forward:               0.5500             -0.1322              2.2354              0.0325  
forward:               0.6000             -0.2836              1.9518              0.0329  
forward:               0.6500             -0.4294              1.5224              0.0334  
forward:               0.7000             -0.5426              0.9798              0.0339  
forward:               0.7500             -0.6306              0.3492              0.0342  
forward:               0.8000             -0.6965             -0.3473              0.0345  
forward:               0.8500             -0.7191             -1.0664              0.0349  
forward:               0.9000             -0.7516             -1.8180              0.0351  
forward:               0.9500             -0.7669             -2.5849              0.0354  
forward:               1.0000             -0.7710             -3.3560              0.0356  
backward:              1.0000              0.0000             -3.3560              0.0000  
backward:              0.9500              0.7604             -2.5956              0.0054  
backward:              0.9000              0.7635             -1.8321              0.0075  
backward:              0.8500              0.7624             -1.0697              0.0091  
backward:              0.8000              0.7154             -0.3542              0.0103  
backward:              0.7500              0.6962              0.3420              0.0115  
backward:              0.7000              0.6287              0.9707              0.0126  
backward:              0.6500              0.5416              1.5123              0.0139  
backward:              0.6000              0.4307              1.9430              0.0150  
backward:              0.5500              0.2897              2.2327              0.0160  
backward:              0.5000              0.1314              2.3641              0.0175  
backward:              0.4500              0.0400              2.4041              0.0183  
backward:              0.4000              0.0184              2.4225              0.0191  
backward:              0.3500              0.0092              2.4317              0.0200  
backward:              0.3000             -0.0116              2.4202              0.0207  
backward:              0.2500             -0.0524              2.3678              0.0219  
backward:              0.2000             -0.1225              2.2452              0.0233  
backward:              0.1500             -0.1815              2.0637              0.0250  
backward:              0.1000             -0.3244              1.7393              0.0289  
backward:              0.0500             -0.6245              1.1149              0.0360  
backward:              0.0000             -1.1535             -0.0386              0.0428  
Inaccuracy estimation
======================================================================================================
                   i        i+δi          P0_overlap_P1   δε(forward)/ε   δε(backward)/ε
======================================================================================================
inaccuracy:  0.00000        0.05000           42.89           -0.03            1.16
inaccuracy:  0.05000        0.10000           53.47           -0.02            0.70
inaccuracy:  0.10000        0.15000           63.06           -0.01            0.38
inaccuracy:  0.15000        0.20000           68.25           -0.01            0.23
inaccuracy:  0.20000        0.25000           72.14           -0.01            0.15
inaccuracy:  0.25000        0.30000           73.35           -0.01            0.13
inaccuracy:  0.30000        0.35000           74.24           -0.01            0.11
inaccuracy:  0.35000        0.40000           75.27           -0.01            0.10
inaccuracy:  0.40000        0.45000           76.38           -0.01            0.10
inaccuracy:  0.45000        0.50000           76.26           -0.01            0.09
inaccuracy:  0.50000        0.55000           69.83           -0.05            0.12
inaccuracy:  0.55000        0.60000           69.80           -0.07            0.09
inaccuracy:  0.60000        0.65000           69.75           -0.08            0.08
inaccuracy:  0.65000        0.70000           69.47           -0.07            0.06
inaccuracy:  0.70000        0.75000           70.44           -0.07            0.06
inaccuracy:  0.75000        0.80000           70.70           -0.06            0.05
inaccuracy:  0.80000        0.85000           70.28           -0.07            0.06
inaccuracy:  0.85000        0.90000           69.35           -0.06            0.06
inaccuracy:  0.90000        0.95000           70.20           -0.07            0.06
inaccuracy:  0.95000        1.00000           69.96           -0.07            0.06
===================================================================================================================================
                BAR        
-----------------------------------------------------------------------------------------------------------------------------------
BAR-estimator:         λ             λ+δλ          ΔΔA             ΔA            C               Δδe            δe       
                          
-----------------------------------------------------------------------------------------------------------------------------------
BAR-estimator:      0.00000        0.05000        1.1909         1.1909         1.1909         0.0108         0.0108 
BAR-estimator:      0.05000        0.10000        0.6188         1.8097         0.6188         0.0094         0.0143 
BAR-estimator:      0.10000        0.15000        0.3239         2.1336         0.3239         0.0071         0.0160 
BAR-estimator:      0.15000        0.20000        0.1813         2.3149         0.1813         0.0053         0.0168 
BAR-estimator:      0.20000        0.25000        0.1051         2.4200         0.1051         0.0042         0.0174 
BAR-estimator:      0.25000        0.30000        0.0508         2.4708         0.0508         0.0045         0.0179 
BAR-estimator:      0.30000        0.35000        0.0139         2.4847         0.0139         0.0033         0.0182 
BAR-estimator:      0.35000        0.40000       -0.0121         2.4727        -0.0121         0.0033         0.0185 
BAR-estimator:      0.40000        0.45000       -0.0229         2.4498        -0.0229         0.0030         0.0188 
BAR-estimator:      0.45000        0.50000       -0.0430         2.4068        -0.0430         0.0040         0.0192 
BAR-estimator:      0.50000        0.55000       -0.1348         2.2720        -0.1348         0.0034         0.0195 
BAR-estimator:      0.55000        0.60000       -0.2867         1.9853        -0.2867         0.0036         0.0198 
BAR-estimator:      0.60000        0.65000       -0.4277         1.5577        -0.4277         0.0038         0.0202 
BAR-estimator:      0.65000        0.70000       -0.5467         1.0109        -0.5467         0.0040         0.0206 
BAR-estimator:      0.70000        0.75000       -0.6300         0.3810        -0.6300         0.0037         0.0209 
BAR-estimator:      0.75000        0.80000       -0.6947        -0.3137        -0.6947         0.0039         0.0213 
BAR-estimator:      0.80000        0.85000       -0.7189        -1.0326        -0.7189         0.0037         0.0216 
BAR-estimator:      0.85000        0.90000       -0.7555        -1.7882        -0.7555         0.0035         0.0219 
BAR-estimator:      0.90000        0.95000       -0.7647        -2.5529        -0.7647         0.0038         0.0222 
BAR-estimator:      0.95000        1.00000       -0.7670        -3.3198        -0.7670         0.0042         0.0226 
BAR-estimator: total free energy change is -3.319848791572877 , total error is 0.022586512282188366
