#========================================================================================
#                     Free energy perturbation    
#----------------------------------------------------------------------------------------
#forward/backward          λ              ΔΔA                 ΔA                  δε   
#                                                 
#----------------------------------------------------------------------------------------
forward:               0.0000              0.0000              0.0000              0.0000  
forward:               0.0500              1.1425              1.1425              0.0185  
forward:               0.1000              0.5894              1.7318              0.0220  
forward:               0.1500              0.3226              2.0545              0.0236  
forward:               0.2000              0.1730              2.2275              0.0250  
forward:               0.2500              0.1002              2.3277              0.0257  
forward:               0.3000              0.0422              2.3698              0.0262  
forward:               0.3500              0.0112              2.3810              0.0267  
forward:               0.4000             -0.0166              2.3644              0.0270  
forward:               0.4500             -0.0313              2.3330              0.0274  
forward:               0.5000             -0.0574              2.2756              0.0276  
forward:               0.5500             -0.1874              2.0882              0.0282  
forward:               0.6000             -0.4840              1.6041              0.0290  
forward:               0.6500             -0.7206              0.8836              0.0294  
forward:               0.7000             -0.9623             -0.0787              0.0300  
forward:               0.7500             -1.1085             -1.1872              0.0307  
forward:               0.8000             -1.2166             -2.4038              0.0312  
forward:               0.8500             -1.2798             -3.6836              0.0316  
forward:               0.9000             -1.3050             -4.9885              0.0321  
forward:               0.9500             -1.3170             -6.3055              0.0325  
forward:               1.0000             -1.3400             -7.6455              0.0329  
backward:              1.0000              0.0000             -7.6455              0.0000  
backward:              0.9500              1.3242             -6.3212              0.0066  
backward:              0.9000              1.3074             -5.0138              0.0092  
backward:              0.8500              1.3107             -3.7031              0.0123  
backward:              0.8000              1.2809             -2.4222              0.0139  
backward:              0.7500              1.2186             -1.2036              0.0155  
backward:              0.7000              1.1095             -0.0941              0.0174  
backward:              0.6500              0.9442              0.8501              0.0191  
backward:              0.6000              0.7142              1.5643              0.0205  
backward:              0.5500              0.4710              2.0353              0.0215  
backward:              0.5000              0.1751              2.2104              0.0230  
backward:              0.4500              0.0536              2.2640              0.0235  
backward:              0.4000              0.0417              2.3058              0.0240  
backward:              0.3500              0.0199              2.3256              0.0245  
backward:              0.3000             -0.0075              2.3181              0.0250  
backward:              0.2500             -0.0366              2.2815              0.0256  
backward:              0.2000             -0.1095              2.1720              0.0266  
backward:              0.1500             -0.1798              1.9922              0.0278  
backward:              0.1000             -0.3121              1.6801              0.0298  
backward:              0.0500             -0.5551              1.1250              0.0336  
backward:              0.0000             -1.1982             -0.0732              0.0777  
Inaccuracy estimation
======================================================================================================
                   i        i+δi          P0_overlap_P1   δε(forward)/ε   δε(backward)/ε
======================================================================================================
inaccuracy:  0.00000        0.05000           42.34           -0.03            1.19
inaccuracy:  0.05000        0.10000           54.46           -0.02            0.67
inaccuracy:  0.10000        0.15000           63.85           -0.01            0.35
inaccuracy:  0.15000        0.20000           70.17           -0.01            0.20
inaccuracy:  0.20000        0.25000           72.71           -0.01            0.15
inaccuracy:  0.25000        0.30000           73.90           -0.01            0.12
inaccuracy:  0.30000        0.35000           75.40           -0.01            0.10
inaccuracy:  0.35000        0.40000           76.47           -0.01            0.09
inaccuracy:  0.40000        0.45000           75.80           -0.01            0.09
inaccuracy:  0.45000        0.50000           77.65           -0.01            0.08
inaccuracy:  0.50000        0.55000           67.08           -0.08            0.13
inaccuracy:  0.55000        0.60000           67.06           -0.09            0.09
inaccuracy:  0.60000        0.65000           65.80           -0.14            0.06
inaccuracy:  0.65000        0.70000           66.98           -0.12            0.04
inaccuracy:  0.70000        0.75000           66.86           -0.12            0.03
inaccuracy:  0.75000        0.80000           67.12           -0.12            0.02
inaccuracy:  0.80000        0.85000           66.95           -0.12            0.01
inaccuracy:  0.85000        0.90000           66.51           -0.13            0.01
inaccuracy:  0.90000        0.95000           67.57           -0.12            0.02
inaccuracy:  0.95000        1.00000           67.41           -0.10            0.02
===================================================================================================================================
                BAR        
-----------------------------------------------------------------------------------------------------------------------------------
BAR-estimator:         λ             λ+δλ          ΔΔA             ΔA            C               Δδe            δe       
                          
-----------------------------------------------------------------------------------------------------------------------------------
BAR-estimator:      0.00000        0.05000        1.1416         1.1416         1.1416         0.0115         0.0115 
BAR-estimator:      0.05000        0.10000        0.5830         1.7246         0.5830         0.0080         0.0140 
BAR-estimator:      0.10000        0.15000        0.3198         2.0444         0.3198         0.0058         0.0152 
BAR-estimator:      0.15000        0.20000        0.1748         2.2193         0.1748         0.0048         0.0159 
BAR-estimator:      0.20000        0.25000        0.1025         2.3217         0.1025         0.0044         0.0165 
BAR-estimator:      0.25000        0.30000        0.0415         2.3633         0.0415         0.0035         0.0169 
BAR-estimator:      0.30000        0.35000        0.0092         2.3725         0.0092         0.0035         0.0173 
BAR-estimator:      0.35000        0.40000       -0.0169         2.3556        -0.0169         0.0032         0.0175 
BAR-estimator:      0.40000        0.45000       -0.0345         2.3211        -0.0345         0.0030         0.0178 
BAR-estimator:      0.45000        0.50000       -0.0548         2.2663        -0.0548         0.0026         0.0180 
BAR-estimator:      0.50000        0.55000       -0.1830         2.0833        -0.1830         0.0038         0.0184 
BAR-estimator:      0.55000        0.60000       -0.4728         1.6105        -0.4728         0.0042         0.0189 
BAR-estimator:      0.60000        0.65000       -0.7205         0.8899        -0.7205         0.0038         0.0192 
BAR-estimator:      0.65000        0.70000       -0.9541        -0.0641        -0.9541         0.0030         0.0195 
BAR-estimator:      0.70000        0.75000       -1.1088        -1.1730        -1.1088         0.0042         0.0199 
BAR-estimator:      0.75000        0.80000       -1.2198        -2.3928        -1.2198         0.0039         0.0203 
BAR-estimator:      0.80000        0.85000       -1.2805        -3.6733        -1.2805         0.0038         0.0207 
BAR-estimator:      0.85000        0.90000       -1.3111        -4.9844        -1.3111         0.0037         0.0210 
BAR-estimator:      0.90000        0.95000       -1.3149        -6.2993        -1.3149         0.0041         0.0214 
BAR-estimator:      0.95000        1.00000       -1.3319        -7.6313        -1.3319         0.0049         0.0219 
BAR-estimator: total free energy change is -7.631258455381166 , total error is 0.021936381146817365
