#========================================================================================
#                     Free energy perturbation    
#----------------------------------------------------------------------------------------
#forward/backward          λ              ΔΔA                 ΔA                  δε   
#                                                 
#----------------------------------------------------------------------------------------
forward:               0.0000              0.0000              0.0000              0.0000  
forward:               0.0500              2.5292              2.5292              0.0247  
forward:               0.1000              1.6098              4.1390              0.0301  
forward:               0.1500              0.8750              5.0139              0.0349  
forward:               0.2000              0.4636              5.4775              0.0369  
forward:               0.2500              0.1887              5.6662              0.0378  
forward:               0.3000              0.0638              5.7300              0.0386  
forward:               0.3500             -0.0262              5.7038              0.0393  
forward:               0.4000             -0.0958              5.6081              0.0398  
forward:               0.4500             -0.1313              5.4768              0.0402  
forward:               0.5000             -0.1808              5.2960              0.0405  
forward:               0.5500             -0.4586              4.8374              0.0414  
forward:               0.6000             -0.9236              3.9138              0.0423  
forward:               0.6500             -1.3303              2.5836              0.0430  
forward:               0.7000             -1.6800              0.9035              0.0442  
forward:               0.7500             -1.9021             -0.9985              0.0450  
forward:               0.8000             -2.0342             -3.0328              0.0458  
forward:               0.8500             -2.0785             -5.1113              0.0471  
forward:               0.9000             -2.0855             -7.1968              0.0476  
forward:               0.9500             -2.1149             -9.3118              0.0486  
forward:               1.0000             -2.0745            -11.3863              0.0491  
backward:              1.0000              0.0000            -11.3863              0.0000  
backward:              0.9500              2.0973             -9.2889              0.0094  
backward:              0.9000              2.1609             -7.1280              0.0178  
backward:              0.8500              2.0843             -5.0437              0.0255  
backward:              0.8000              2.0711             -2.9726              0.0270  
backward:              0.7500              2.0279             -0.9447              0.0302  
backward:              0.7000              1.9171              0.9724              0.0322  
backward:              0.6500              1.6738              2.6462              0.0337  
backward:              0.6000              1.3355              3.9817              0.0354  
backward:              0.5500              0.9208              4.9025              0.0365  
backward:              0.5000              0.4746              5.3770              0.0384  
backward:              0.4500              0.1564              5.5335              0.0396  
backward:              0.4000              0.1292              5.6627              0.0405  
backward:              0.3500              0.0798              5.7425              0.0413  
backward:              0.3000              0.0279              5.7704              0.0421  
backward:              0.2500             -0.0727              5.6977              0.0435  
backward:              0.2000             -0.2147              5.4830              0.0461  
backward:              0.1500             -0.4332              5.0499              0.0501  
backward:              0.1000             -0.8657              4.1842              0.0541  
backward:              0.0500             -1.5715              2.6127              0.0813  
backward:              0.0000             -2.3984              0.2143              0.0895  
Inaccuracy estimation
======================================================================================================
                   i        i+δi          P0_overlap_P1   δε(forward)/ε   δε(backward)/ε
======================================================================================================
inaccuracy:  0.00000        0.05000           26.53            0.10            3.14
inaccuracy:  0.05000        0.10000           33.34           -0.08            2.03
inaccuracy:  0.10000        0.15000           43.77           -0.08            1.12
inaccuracy:  0.15000        0.20000           50.92           -0.05            0.65
inaccuracy:  0.20000        0.25000           59.51           -0.05            0.39
inaccuracy:  0.25000        0.30000           61.44           -0.05            0.29
inaccuracy:  0.30000        0.35000           63.65           -0.04            0.22
inaccuracy:  0.35000        0.40000           65.87           -0.04            0.18
inaccuracy:  0.40000        0.45000           65.82           -0.04            0.17
inaccuracy:  0.45000        0.50000           67.75           -0.04            0.15
inaccuracy:  0.50000        0.55000           53.22           -0.22            0.27
inaccuracy:  0.55000        0.60000           54.48           -0.29            0.14
inaccuracy:  0.60000        0.65000           54.10           -0.35            0.07
inaccuracy:  0.65000        0.70000           55.02           -0.37            0.02
inaccuracy:  0.70000        0.75000           55.06           -0.35           -0.02
inaccuracy:  0.75000        0.80000           55.53           -0.33           -0.04
inaccuracy:  0.80000        0.85000           55.76           -0.35           -0.05
inaccuracy:  0.85000        0.90000           53.23           -0.38           -0.04
inaccuracy:  0.90000        0.95000           52.07           -0.38           -0.05
inaccuracy:  0.95000        1.00000           51.78           -0.39           -0.03
===================================================================================================================================
                BAR        
-----------------------------------------------------------------------------------------------------------------------------------
BAR-estimator:         λ             λ+δλ          ΔΔA             ΔA            C               Δδe            δe       
                          
-----------------------------------------------------------------------------------------------------------------------------------
BAR-estimator:      0.00000        0.05000        2.4997         2.4997         2.4997         0.0117         0.0117 
BAR-estimator:      0.05000        0.10000        1.5685         4.0682         1.5685         0.0125         0.0171 
BAR-estimator:      0.10000        0.15000        0.8814         4.9496         0.8814         0.0127         0.0213 
BAR-estimator:      0.15000        0.20000        0.4547         5.4044         0.4547         0.0079         0.0227 
BAR-estimator:      0.20000        0.25000        0.2003         5.6047         0.2003         0.0068         0.0237 
BAR-estimator:      0.25000        0.30000        0.0709         5.6756         0.0709         0.0056         0.0244 
BAR-estimator:      0.30000        0.35000       -0.0282         5.6474        -0.0282         0.0050         0.0249 
BAR-estimator:      0.35000        0.40000       -0.0918         5.5556        -0.0918         0.0041         0.0252 
BAR-estimator:      0.40000        0.45000       -0.1313         5.4243        -0.1313         0.0051         0.0257 
BAR-estimator:      0.45000        0.50000       -0.1755         5.2488        -0.1755         0.0039         0.0260 
BAR-estimator:      0.50000        0.55000       -0.4565         4.7923        -0.4565         0.0049         0.0265 
BAR-estimator:      0.55000        0.60000       -0.9199         3.8724        -0.9199         0.0050         0.0270 
BAR-estimator:      0.60000        0.65000       -1.3349         2.5375        -1.3349         0.0049         0.0274 
BAR-estimator:      0.65000        0.70000       -1.6766         0.8608        -1.6766         0.0059         0.0280 
BAR-estimator:      0.70000        0.75000       -1.9074        -1.0465        -1.9074         0.0043         0.0284 
BAR-estimator:      0.75000        0.80000       -2.0299        -3.0765        -2.0299         0.0057         0.0289 
BAR-estimator:      0.80000        0.85000       -2.0728        -5.1493        -2.0728         0.0074         0.0299 
BAR-estimator:      0.85000        0.90000       -2.0986        -7.2478        -2.0986         0.0054         0.0304 
BAR-estimator:      0.90000        0.95000       -2.1343        -9.3822        -2.1343         0.0062         0.0310 
BAR-estimator:      0.95000        1.00000       -2.0883       -11.4704        -2.0883         0.0051         0.0314 
BAR-estimator: total free energy change is -11.47044814149429 , total error is 0.03140332501802251
