#========================================================================================
#                     Free energy perturbation    
#----------------------------------------------------------------------------------------
#forward/backward          λ              ΔΔA                 ΔA                  δε   
#                                                 
#----------------------------------------------------------------------------------------
forward:               0.0000              0.0000              0.0000              0.0000  
forward:               0.0500              1.4986              1.4986              0.0252  
forward:               0.1000              0.9638              2.4623              0.0301  
forward:               0.1500              0.5123              2.9746              0.0343  
forward:               0.2000              0.2907              3.2653              0.0359  
forward:               0.2500              0.1565              3.4218              0.0367  
forward:               0.3000              0.0781              3.4999              0.0376  
forward:               0.3500              0.0268              3.5267              0.0382  
forward:               0.4000             -0.0123              3.5144              0.0385  
forward:               0.4500             -0.0457              3.4688              0.0388  
forward:               0.5000             -0.0655              3.4033              0.0391  
forward:               0.5500             -0.1678              3.2354              0.0395  
forward:               0.6000             -0.3641              2.8713              0.0399  
forward:               0.6500             -0.5298              2.3416              0.0404  
forward:               0.7000             -0.6579              1.6836              0.0408  
forward:               0.7500             -0.7373              0.9464              0.0411  
forward:               0.8000             -0.7914              0.1549              0.0414  
forward:               0.8500             -0.7961             -0.6412              0.0417  
forward:               0.9000             -0.8127             -1.4539              0.0419  
forward:               0.9500             -0.8020             -2.2559              0.0421  
forward:               1.0000             -0.7968             -3.0526              0.0424  
backward:              1.0000              0.0000             -3.0526              0.0000  
backward:              0.9500              0.7907             -2.2620              0.0058  
backward:              0.9000              0.7997             -1.4623              0.0081  
backward:              0.8500              0.8096             -0.6528              0.0099  
backward:              0.8000              0.7944              0.1417              0.0115  
backward:              0.7500              0.7886              0.9303              0.0130  
backward:              0.7000              0.7488              1.6791              0.0144  
backward:              0.6500              0.6565              2.3356              0.0158  
backward:              0.6000              0.5176              2.8532              0.0177  
backward:              0.5500              0.3630              3.2162              0.0189  
backward:              0.5000              0.1729              3.3891              0.0198  
backward:              0.4500              0.0607              3.4497              0.0205  
backward:              0.4000              0.0453              3.4950              0.0212  
backward:              0.3500              0.0111              3.5061              0.0230  
backward:              0.3000             -0.0369              3.4692              0.0243  
backward:              0.2500             -0.0734              3.3958              0.0257  
backward:              0.2000             -0.1646              3.2312              0.0279  
backward:              0.1500             -0.2939              2.9373              0.0316  
backward:              0.1000             -0.5583              2.3790              0.0386  
backward:              0.0500             -1.0369              1.3421              0.0685  
backward:              0.0000             -1.4690             -0.1269              0.0724  
Inaccuracy estimation
======================================================================================================
                   i        i+δi          P0_overlap_P1   δε(forward)/ε   δε(backward)/ε
======================================================================================================
inaccuracy:  0.00000        0.05000           39.63           -0.03            1.57
inaccuracy:  0.05000        0.10000           45.84           -0.04            1.06
inaccuracy:  0.10000        0.15000           55.82           -0.02            0.52
inaccuracy:  0.15000        0.20000           62.35           -0.02            0.33
inaccuracy:  0.20000        0.25000           65.87           -0.02            0.24
inaccuracy:  0.25000        0.30000           68.22           -0.02            0.18
inaccuracy:  0.30000        0.35000           70.90           -0.01            0.15
inaccuracy:  0.35000        0.40000           71.50           -0.01            0.14
inaccuracy:  0.40000        0.45000           72.49           -0.02            0.12
inaccuracy:  0.45000        0.50000           73.18           -0.01            0.11
inaccuracy:  0.50000        0.55000           65.97           -0.08            0.15
inaccuracy:  0.55000        0.60000           67.00           -0.10            0.12
inaccuracy:  0.60000        0.65000           68.38           -0.08            0.09
inaccuracy:  0.65000        0.70000           67.38           -0.10            0.08
inaccuracy:  0.70000        0.75000           67.25           -0.11            0.07
inaccuracy:  0.75000        0.80000           68.59           -0.09            0.06
inaccuracy:  0.80000        0.85000           67.62           -0.10            0.07
inaccuracy:  0.85000        0.90000           67.44           -0.09            0.07
inaccuracy:  0.90000        0.95000           66.92           -0.08            0.07
inaccuracy:  0.95000        1.00000           67.23           -0.07            0.08
===================================================================================================================================
                BAR        
-----------------------------------------------------------------------------------------------------------------------------------
BAR-estimator:         λ             λ+δλ          ΔΔA             ΔA            C               Δδe            δe       
                          
-----------------------------------------------------------------------------------------------------------------------------------
BAR-estimator:      0.00000        0.05000        1.5237         1.5237         1.5237         0.0113         0.0113 
BAR-estimator:      0.05000        0.10000        0.9613         2.4849         0.9613         0.0097         0.0149 
BAR-estimator:      0.10000        0.15000        0.5220         3.0070         0.5220         0.0085         0.0172 
BAR-estimator:      0.15000        0.20000        0.2919         3.2989         0.2919         0.0068         0.0185 
BAR-estimator:      0.20000        0.25000        0.1587         3.4575         0.1587         0.0053         0.0192 
BAR-estimator:      0.25000        0.30000        0.0768         3.5344         0.0768         0.0050         0.0198 
BAR-estimator:      0.30000        0.35000        0.0278         3.5621         0.0278         0.0043         0.0203 
BAR-estimator:      0.35000        0.40000       -0.0127         3.5494        -0.0127         0.0035         0.0206 
BAR-estimator:      0.40000        0.45000       -0.0449         3.5045        -0.0449         0.0033         0.0209 
BAR-estimator:      0.45000        0.50000       -0.0623         3.4422        -0.0623         0.0033         0.0211 
BAR-estimator:      0.50000        0.55000       -0.1705         3.2717        -0.1705         0.0040         0.0215 
BAR-estimator:      0.55000        0.60000       -0.3642         2.9075        -0.3642         0.0037         0.0218 
BAR-estimator:      0.60000        0.65000       -0.5226         2.3848        -0.5226         0.0041         0.0222 
BAR-estimator:      0.65000        0.70000       -0.6553         1.7296        -0.6553         0.0040         0.0225 
BAR-estimator:      0.70000        0.75000       -0.7415         0.9881        -0.7415         0.0043         0.0230 
BAR-estimator:      0.75000        0.80000       -0.7886         0.1995        -0.7886         0.0037         0.0232 
BAR-estimator:      0.80000        0.85000       -0.7967        -0.5972        -0.7967         0.0042         0.0236 
BAR-estimator:      0.85000        0.90000       -0.8126        -1.4099        -0.8126         0.0042         0.0240 
BAR-estimator:      0.90000        0.95000       -0.8006        -2.2104        -0.8006         0.0050         0.0245 
BAR-estimator:      0.95000        1.00000       -0.7923        -3.0028        -0.7923         0.0039         0.0248 
BAR-estimator: total free energy change is -3.0027530734452803 , total error is 0.02483889320589956
