#========================================================================================
#                     Free energy perturbation    
#----------------------------------------------------------------------------------------
#forward/backward          λ              ΔΔA                 ΔA                  δε   
#                                                 
#----------------------------------------------------------------------------------------
forward:               0.0000              0.0000              0.0000              0.0000  
forward:               0.0500              1.8059              1.8059              0.0301  
forward:               0.1000              0.9842              2.7900              0.0398  
forward:               0.1500              0.4900              3.2801              0.0418  
forward:               0.2000              0.2224              3.5025              0.0429  
forward:               0.2500              0.0971              3.5995              0.0436  
forward:               0.3000              0.0131              3.6126              0.0441  
forward:               0.3500             -0.0522              3.5604              0.0444  
forward:               0.4000             -0.0974              3.4630              0.0448  
forward:               0.4500             -0.1142              3.3489              0.0451  
forward:               0.5000             -0.1485              3.2003              0.0454  
forward:               0.5500             -0.2070              2.9933              0.0458  
forward:               0.6000             -0.3583              2.6350              0.0460  
forward:               0.6500             -0.4589              2.1761              0.0462  
forward:               0.7000             -0.5283              1.6478              0.0464  
forward:               0.7500             -0.5843              1.0635              0.0466  
forward:               0.8000             -0.6542              0.4093              0.0467  
forward:               0.8500             -0.6968             -0.2875              0.0469  
forward:               0.9000             -0.7377             -1.0252              0.0471  
forward:               0.9500             -0.7540             -1.7792              0.0473  
forward:               1.0000             -0.7901             -2.5694              0.0475  
backward:              1.0000              0.0000             -2.5694              0.0000  
backward:              0.9500              0.7929             -1.7764              0.0048  
backward:              0.9000              0.7669             -1.0095              0.0066  
backward:              0.8500              0.7280             -0.2815              0.0084  
backward:              0.8000              0.6982              0.4167              0.0098  
backward:              0.7500              0.6421              1.0589              0.0114  
backward:              0.7000              0.5937              1.6526              0.0126  
backward:              0.6500              0.5259              2.1785              0.0138  
backward:              0.6000              0.4477              2.6262              0.0150  
backward:              0.5500              0.3535              2.9797              0.0162  
backward:              0.5000              0.2207              3.2004              0.0177  
backward:              0.4500              0.1513              3.3516              0.0180  
backward:              0.4000              0.1064              3.4580              0.0196  
backward:              0.3500              0.0695              3.5274              0.0219  
backward:              0.3000              0.0346              3.5620              0.0235  
backward:              0.2500             -0.0147              3.5472              0.0249  
backward:              0.2000             -0.0890              3.4582              0.0268  
backward:              0.1500             -0.2522              3.2060              0.0307  
backward:              0.1000             -0.4455              2.7605              0.0340  
backward:              0.0500             -0.9822              1.7782              0.0469  
backward:              0.0000             -1.8089             -0.0306              0.0772  
Inaccuracy estimation
======================================================================================================
                   i        i+δi          P0_overlap_P1   δε(forward)/ε   δε(backward)/ε
======================================================================================================
inaccuracy:  0.00000        0.05000           32.84           -0.03            1.94
inaccuracy:  0.05000        0.10000           42.53           -0.05            1.20
inaccuracy:  0.10000        0.15000           53.89           -0.03            0.64
inaccuracy:  0.15000        0.20000           63.32           -0.02            0.32
inaccuracy:  0.20000        0.25000           66.18           -0.02            0.23
inaccuracy:  0.25000        0.30000           69.40           -0.02            0.17
inaccuracy:  0.30000        0.35000           72.16           -0.02            0.13
inaccuracy:  0.35000        0.40000           73.20           -0.01            0.12
inaccuracy:  0.40000        0.45000           72.49           -0.02            0.10
inaccuracy:  0.45000        0.50000           73.49           -0.02            0.10
inaccuracy:  0.50000        0.55000           66.99           -0.06            0.13
inaccuracy:  0.55000        0.60000           69.77           -0.05            0.10
inaccuracy:  0.60000        0.65000           70.70           -0.05            0.08
inaccuracy:  0.65000        0.70000           70.65           -0.06            0.07
inaccuracy:  0.70000        0.75000           70.13           -0.06            0.07
inaccuracy:  0.75000        0.80000           71.68           -0.05            0.06
inaccuracy:  0.80000        0.85000           70.97           -0.06            0.06
inaccuracy:  0.85000        0.90000           70.83           -0.07            0.06
inaccuracy:  0.90000        0.95000           69.78           -0.06            0.06
inaccuracy:  0.95000        1.00000           70.12           -0.07            0.05
===================================================================================================================================
                BAR        
-----------------------------------------------------------------------------------------------------------------------------------
BAR-estimator:         λ             λ+δλ          ΔΔA             ΔA            C               Δδe            δe       
                          
-----------------------------------------------------------------------------------------------------------------------------------
BAR-estimator:      0.00000        0.05000        1.7821         1.7821         1.7821         0.0062         0.0062 
BAR-estimator:      0.05000        0.10000        0.9742         2.7563         0.9742         0.0144         0.0157 
BAR-estimator:      0.10000        0.15000        0.4837         3.2400         0.4837         0.0079         0.0176 
BAR-estimator:      0.15000        0.20000        0.2295         3.4695         0.2295         0.0060         0.0186 
BAR-estimator:      0.20000        0.25000        0.0951         3.5646         0.0951         0.0053         0.0193 
BAR-estimator:      0.25000        0.30000        0.0106         3.5752         0.0106         0.0042         0.0198 
BAR-estimator:      0.30000        0.35000       -0.0468         3.5285        -0.0468         0.0039         0.0201 
BAR-estimator:      0.35000        0.40000       -0.0912         3.4373        -0.0912         0.0038         0.0205 
BAR-estimator:      0.40000        0.45000       -0.1137         3.3235        -0.1137         0.0037         0.0208 
BAR-estimator:      0.45000        0.50000       -0.1482         3.1753        -0.1482         0.0035         0.0211 
BAR-estimator:      0.50000        0.55000       -0.2136         2.9618        -0.2136         0.0036         0.0214 
BAR-estimator:      0.55000        0.60000       -0.3563         2.6055        -0.3563         0.0036         0.0217 
BAR-estimator:      0.60000        0.65000       -0.4547         2.1508        -0.4547         0.0032         0.0220 
BAR-estimator:      0.65000        0.70000       -0.5275         1.6233        -0.5275         0.0035         0.0222 
BAR-estimator:      0.70000        0.75000       -0.5879         1.0354        -0.5879         0.0033         0.0225 
BAR-estimator:      0.75000        0.80000       -0.6488         0.3866        -0.6488         0.0033         0.0227 
BAR-estimator:      0.80000        0.85000       -0.6972        -0.3107        -0.6972         0.0040         0.0231 
BAR-estimator:      0.85000        0.90000       -0.7348        -1.0455        -0.7348         0.0036         0.0234 
BAR-estimator:      0.90000        0.95000       -0.7578        -1.8032        -0.7578         0.0038         0.0237 
BAR-estimator:      0.95000        1.00000       -0.7905        -2.5937        -0.7905         0.0038         0.0240 
BAR-estimator: total free energy change is -2.593745361081095 , total error is 0.0239803580681376
