#========================================================================================
#                     Free energy perturbation    
#----------------------------------------------------------------------------------------
#forward/backward          λ              ΔΔA                 ΔA                  δε   
#                                                 
#----------------------------------------------------------------------------------------
forward:               0.0000              0.0000              0.0000              0.0000  
forward:               0.0500              1.0408              1.0408              0.0166  
forward:               0.1000              0.6706              1.7114              0.0221  
forward:               0.1500              0.4442              2.1556              0.0240  
forward:               0.2000              0.2864              2.4420              0.0253  
forward:               0.2500              0.2093              2.6513              0.0261  
forward:               0.3000              0.1457              2.7970              0.0266  
forward:               0.3500              0.1040              2.9010              0.0271  
forward:               0.4000              0.0841              2.9850              0.0275  
forward:               0.4500              0.0679              3.0529              0.0281  
forward:               0.5000              0.0410              3.0939              0.0284  
forward:               0.5500              0.0324              3.1263              0.0288  
forward:               0.6000             -0.0314              3.0949              0.0290  
forward:               0.6500             -0.0702              3.0248              0.0294  
forward:               0.7000             -0.1086              2.9161              0.0296  
forward:               0.7500             -0.1288              2.7873              0.0299  
forward:               0.8000             -0.1487              2.6386              0.0304  
forward:               0.8500             -0.1550              2.4836              0.0306  
forward:               0.9000             -0.1828              2.3008              0.0308  
forward:               0.9500             -0.1862              2.1146              0.0310  
forward:               1.0000             -0.1886              1.9260              0.0314  
backward:              1.0000              0.0000              1.9260              0.0000  
backward:              0.9500              0.1930              2.1190              0.0039  
backward:              0.9000              0.1843              2.3032              0.0060  
backward:              0.8500              0.1741              2.4773              0.0074  
backward:              0.8000              0.1646              2.6419              0.0084  
backward:              0.7500              0.1430              2.7848              0.0097  
backward:              0.7000              0.1264              2.9112              0.0109  
backward:              0.6500              0.1111              3.0224              0.0117  
backward:              0.6000              0.0777              3.1000              0.0125  
backward:              0.5500              0.0346              3.1347              0.0134  
backward:              0.5000             -0.0243              3.1104              0.0143  
backward:              0.4500             -0.0441              3.0663              0.0155  
backward:              0.4000             -0.0605              3.0058              0.0163  
backward:              0.3500             -0.0643              2.9415              0.0172  
backward:              0.3000             -0.1215              2.8200              0.0181  
backward:              0.2500             -0.1469              2.6731              0.0197  
backward:              0.2000             -0.2151              2.4580              0.0212  
backward:              0.1500             -0.2770              2.1810              0.0230  
backward:              0.1000             -0.4361              1.7449              0.0261  
backward:              0.0500             -0.6726              1.0723              0.0296  
backward:              0.0000             -0.9887              0.0836              0.0389  
Inaccuracy estimation
======================================================================================================
                   i        i+δi          P0_overlap_P1   δε(forward)/ε   δε(backward)/ε
======================================================================================================
inaccuracy:  0.00000        0.05000           47.19           -0.02            0.99
inaccuracy:  0.05000        0.10000           56.37           -0.02            0.60
inaccuracy:  0.10000        0.15000           61.92           -0.01            0.36
inaccuracy:  0.15000        0.20000           68.02           -0.00            0.24
inaccuracy:  0.20000        0.25000           71.52           -0.01            0.18
inaccuracy:  0.25000        0.30000           73.12           -0.01            0.14
inaccuracy:  0.30000        0.35000           76.32           -0.01            0.12
inaccuracy:  0.35000        0.40000           74.03           -0.01            0.12
inaccuracy:  0.40000        0.45000           75.15           -0.01            0.10
inaccuracy:  0.45000        0.50000           76.55           -0.01            0.09
inaccuracy:  0.50000        0.55000           73.35           -0.02            0.11
inaccuracy:  0.55000        0.60000           75.49           -0.02            0.10
inaccuracy:  0.60000        0.65000           75.56           -0.02            0.09
inaccuracy:  0.65000        0.70000           76.51           -0.02            0.08
inaccuracy:  0.70000        0.75000           76.59           -0.02            0.07
inaccuracy:  0.75000        0.80000           75.80           -0.02            0.07
inaccuracy:  0.80000        0.85000           75.28           -0.02            0.08
inaccuracy:  0.85000        0.90000           76.81           -0.02            0.07
inaccuracy:  0.90000        0.95000           76.66           -0.02            0.07
inaccuracy:  0.95000        1.00000           75.39           -0.02            0.07
===================================================================================================================================
                BAR        
-----------------------------------------------------------------------------------------------------------------------------------
BAR-estimator:         λ             λ+δλ          ΔΔA             ΔA            C               Δδe            δe       
                          
-----------------------------------------------------------------------------------------------------------------------------------
BAR-estimator:      0.00000        0.05000        1.0283         1.0283         1.0283         0.0097         0.0097 
BAR-estimator:      0.05000        0.10000        0.6799         1.7081         0.6799         0.0083         0.0128 
BAR-estimator:      0.10000        0.15000        0.4369         2.1451         0.4369         0.0061         0.0141 
BAR-estimator:      0.15000        0.20000        0.2870         2.4321         0.2870         0.0052         0.0151 
BAR-estimator:      0.20000        0.25000        0.2112         2.6433         0.2112         0.0043         0.0157 
BAR-estimator:      0.25000        0.30000        0.1458         2.7891         0.1458         0.0037         0.0161 
BAR-estimator:      0.30000        0.35000        0.1117         2.9007         0.1117         0.0035         0.0165 
BAR-estimator:      0.35000        0.40000        0.0772         2.9779         0.0772         0.0033         0.0168 
BAR-estimator:      0.40000        0.45000        0.0641         3.0421         0.0641         0.0039         0.0172 
BAR-estimator:      0.45000        0.50000        0.0391         3.0812         0.0391         0.0031         0.0175 
BAR-estimator:      0.50000        0.55000        0.0300         3.1112         0.0300         0.0032         0.0178 
BAR-estimator:      0.55000        0.60000       -0.0320         3.0792        -0.0320         0.0027         0.0180 
BAR-estimator:      0.60000        0.65000       -0.0722         3.0070        -0.0722         0.0033         0.0183 
BAR-estimator:      0.65000        0.70000       -0.1086         2.8984        -0.1086         0.0029         0.0185 
BAR-estimator:      0.70000        0.75000       -0.1277         2.7707        -0.1277         0.0036         0.0189 
BAR-estimator:      0.75000        0.80000       -0.1473         2.6235        -0.1473         0.0039         0.0193 
BAR-estimator:      0.80000        0.85000       -0.1593         2.4642        -0.1593         0.0030         0.0195 
BAR-estimator:      0.85000        0.90000       -0.1802         2.2840        -0.1802         0.0030         0.0198 
BAR-estimator:      0.90000        0.95000       -0.1865         2.0975        -0.1865         0.0027         0.0199 
BAR-estimator:      0.95000        1.00000       -0.1921         1.9054        -0.1921         0.0031         0.0202 
BAR-estimator: total free energy change is 1.905442674020063 , total error is 0.020173919868872132
