#========================================================================================
#                     Free energy perturbation    
#----------------------------------------------------------------------------------------
#forward/backward          λ              ΔΔA                 ΔA                  δε   
#                                                 
#----------------------------------------------------------------------------------------
forward:               0.0000              0.0000              0.0000              0.0000  
forward:               0.0500              2.1689              2.1689              0.0250  
forward:               0.1000              1.3117              3.4806              0.0314  
forward:               0.1500              0.7470              4.2276              0.0351  
forward:               0.2000              0.4399              4.6676              0.0368  
forward:               0.2500              0.2625              4.9300              0.0379  
forward:               0.3000              0.1279              5.0580              0.0386  
forward:               0.3500              0.0468              5.1048              0.0393  
forward:               0.4000             -0.0108              5.0940              0.0398  
forward:               0.4500             -0.0415              5.0524              0.0402  
forward:               0.5000             -0.0855              4.9669              0.0405  
forward:               0.5500             -0.2057              4.7612              0.0410  
forward:               0.6000             -0.3867              4.3746              0.0414  
forward:               0.6500             -0.5741              3.8005              0.0419  
forward:               0.7000             -0.7348              3.0657              0.0424  
forward:               0.7500             -0.8311              2.2346              0.0431  
forward:               0.8000             -0.8665              1.3681              0.0434  
forward:               0.8500             -0.8642              0.5039              0.0438  
forward:               0.9000             -0.8545             -0.3507              0.0441  
forward:               0.9500             -0.8090             -1.1597              0.0444  
forward:               1.0000             -0.8031             -1.9628              0.0447  
backward:              1.0000              0.0000             -1.9628              0.0000  
backward:              0.9500              0.7885             -1.1742              0.0078  
backward:              0.9000              0.8100             -0.3643              0.0108  
backward:              0.8500              0.8214              0.4571              0.0132  
backward:              0.8000              0.8416              1.2987              0.0179  
backward:              0.7500              0.8792              2.1779              0.0191  
backward:              0.7000              0.8262              3.0041              0.0207  
backward:              0.6500              0.7300              3.7342              0.0220  
backward:              0.6000              0.5743              4.3085              0.0235  
backward:              0.5500              0.3887              4.6972              0.0244  
backward:              0.5000              0.2005              4.8977              0.0257  
backward:              0.4500              0.0794              4.9771              0.0266  
backward:              0.4000              0.0465              5.0236              0.0275  
backward:              0.3500              0.0121              5.0357              0.0297  
backward:              0.3000             -0.0444              4.9913              0.0308  
backward:              0.2500             -0.1369              4.8543              0.0328  
backward:              0.2000             -0.2262              4.6282              0.0344  
backward:              0.1500             -0.4307              4.1975              0.0406  
backward:              0.1000             -0.7891              3.4084              0.0447  
backward:              0.0500             -1.3665              2.0418              0.0598  
backward:              0.0000             -2.1465             -0.1046              0.0896  
Inaccuracy estimation
======================================================================================================
                   i        i+δi          P0_overlap_P1   δε(forward)/ε   δε(backward)/ε
======================================================================================================
inaccuracy:  0.00000        0.05000           29.73            0.03            2.60
inaccuracy:  0.05000        0.10000           38.96           -0.06            1.55
inaccuracy:  0.10000        0.15000           49.21           -0.06            0.84
inaccuracy:  0.15000        0.20000           54.14           -0.04            0.54
inaccuracy:  0.20000        0.25000           58.90           -0.05            0.37
inaccuracy:  0.25000        0.30000           63.22           -0.02            0.27
inaccuracy:  0.30000        0.35000           65.46           -0.03            0.23
inaccuracy:  0.35000        0.40000           66.71           -0.04            0.19
inaccuracy:  0.40000        0.45000           67.14           -0.03            0.17
inaccuracy:  0.45000        0.50000           68.50           -0.03            0.15
inaccuracy:  0.50000        0.55000           62.80           -0.09            0.18
inaccuracy:  0.55000        0.60000           63.27           -0.12            0.15
inaccuracy:  0.60000        0.65000           63.10           -0.14            0.12
inaccuracy:  0.65000        0.70000           62.60           -0.13            0.10
inaccuracy:  0.70000        0.75000           63.77           -0.12            0.09
inaccuracy:  0.75000        0.80000           63.17           -0.13            0.09
inaccuracy:  0.80000        0.85000           63.81           -0.11            0.10
inaccuracy:  0.85000        0.90000           63.91           -0.11            0.10
inaccuracy:  0.90000        0.95000           62.65           -0.12            0.11
inaccuracy:  0.95000        1.00000           62.52           -0.10            0.12
===================================================================================================================================
                BAR        
-----------------------------------------------------------------------------------------------------------------------------------
BAR-estimator:         λ             λ+δλ          ΔΔA             ΔA            C               Δδe            δe       
                          
-----------------------------------------------------------------------------------------------------------------------------------
BAR-estimator:      0.00000        0.05000        2.1763         2.1763         2.1763         0.0124         0.0124 
BAR-estimator:      0.05000        0.10000        1.3371         3.5134         1.3371         0.0106         0.0163 
BAR-estimator:      0.10000        0.15000        0.7659         4.2793         0.7659         0.0095         0.0189 
BAR-estimator:      0.15000        0.20000        0.4298         4.7091         0.4298         0.0071         0.0202 
BAR-estimator:      0.20000        0.25000        0.2470         4.9561         0.2470         0.0053         0.0209 
BAR-estimator:      0.25000        0.30000        0.1311         5.0873         0.1311         0.0049         0.0214 
BAR-estimator:      0.30000        0.35000        0.0463         5.1335         0.0463         0.0045         0.0219 
BAR-estimator:      0.35000        0.40000       -0.0113         5.1222        -0.0113         0.0047         0.0224 
BAR-estimator:      0.40000        0.45000       -0.0436         5.0786        -0.0436         0.0038         0.0227 
BAR-estimator:      0.45000        0.50000       -0.0841         4.9945        -0.0841         0.0035         0.0230 
BAR-estimator:      0.50000        0.55000       -0.2011         4.7934        -0.2011         0.0041         0.0234 
BAR-estimator:      0.55000        0.60000       -0.3856         4.4078        -0.3856         0.0039         0.0237 
BAR-estimator:      0.60000        0.65000       -0.5724         3.8354        -0.5724         0.0041         0.0240 
BAR-estimator:      0.65000        0.70000       -0.7299         3.1055        -0.7299         0.0042         0.0244 
BAR-estimator:      0.70000        0.75000       -0.8263         2.2792        -0.8263         0.0048         0.0249 
BAR-estimator:      0.75000        0.80000       -0.8696         1.4095        -0.8696         0.0040         0.0252 
BAR-estimator:      0.80000        0.85000       -0.8608         0.5487        -0.8608         0.0046         0.0256 
BAR-estimator:      0.85000        0.90000       -0.8411        -0.2924        -0.8411         0.0041         0.0259 
BAR-estimator:      0.90000        0.95000       -0.8087        -1.1010        -0.8087         0.0042         0.0263 
BAR-estimator:      0.95000        1.00000       -0.7971        -1.8981        -0.7971         0.0043         0.0266 
BAR-estimator: total free energy change is -1.8980970131642942 , total error is 0.02662372930276215
