#========================================================================================
#                     Free energy perturbation    
#----------------------------------------------------------------------------------------
#forward/backward          λ              ΔΔA                 ΔA                  δε   
#                                                 
#----------------------------------------------------------------------------------------
forward:               0.0000              0.0000              0.0000              0.0000  
forward:               0.0500              1.2439              1.2439              0.0227  
forward:               0.1000              0.6539              1.8978              0.0267  
forward:               0.1500              0.3517              2.2495              0.0287  
forward:               0.2000              0.1671              2.4166              0.0297  
forward:               0.2500              0.0958              2.5124              0.0302  
forward:               0.3000              0.0460              2.5584              0.0307  
forward:               0.3500              0.0171              2.5755              0.0309  
forward:               0.4000             -0.0076              2.5679              0.0312  
forward:               0.4500             -0.0394              2.5286              0.0315  
forward:               0.5000             -0.0566              2.4720              0.0318  
forward:               0.5500             -0.1570              2.3149              0.0324  
forward:               0.6000             -0.3406              1.9744              0.0330  
forward:               0.6500             -0.5248              1.4496              0.0339  
forward:               0.7000             -0.6735              0.7761              0.0349  
forward:               0.7500             -0.7552              0.0208              0.0355  
forward:               0.8000             -0.7880             -0.7672              0.0361  
forward:               0.8500             -0.7740             -1.5412              0.0365  
forward:               0.9000             -0.7445             -2.2857              0.0368  
forward:               0.9500             -0.7068             -2.9925              0.0371  
forward:               1.0000             -0.6750             -3.6675              0.0373  
backward:              1.0000              0.0000             -3.6675              0.0000  
backward:              0.9500              0.6678             -2.9997              0.0055  
backward:              0.9000              0.7031             -2.2965              0.0082  
backward:              0.8500              0.7337             -1.5629              0.0105  
backward:              0.8000              0.7745             -0.7883              0.0121  
backward:              0.7500              0.7901              0.0018              0.0143  
backward:              0.7000              0.7557              0.7575              0.0167  
backward:              0.6500              0.6621              1.4196              0.0179  
backward:              0.6000              0.4933              1.9130              0.0222  
backward:              0.5500              0.3300              2.2429              0.0229  
backward:              0.5000              0.1619              2.4049              0.0241  
backward:              0.4500              0.0468              2.4516              0.0246  
backward:              0.4000              0.0266              2.4782              0.0251  
backward:              0.3500              0.0201              2.4983              0.0256  
backward:              0.3000             -0.0095              2.4888              0.0260  
backward:              0.2500             -0.0467              2.4421              0.0274  
backward:              0.2000             -0.1094              2.3327              0.0288  
backward:              0.1500             -0.1801              2.1526              0.0303  
backward:              0.1000             -0.3320              1.8206              0.0331  
backward:              0.0500             -0.6516              1.1690              0.0586  
backward:              0.0000             -1.2338             -0.0648              0.0674  
Inaccuracy estimation
======================================================================================================
                   i        i+δi          P0_overlap_P1   δε(forward)/ε   δε(backward)/ε
======================================================================================================
inaccuracy:  0.00000        0.05000           40.37           -0.04            1.22
inaccuracy:  0.05000        0.10000           51.28           -0.02            0.79
inaccuracy:  0.10000        0.15000           60.42           -0.01            0.41
inaccuracy:  0.15000        0.20000           69.11           -0.02            0.22
inaccuracy:  0.20000        0.25000           71.14           -0.01            0.16
inaccuracy:  0.25000        0.30000           72.17           -0.01            0.13
inaccuracy:  0.30000        0.35000           73.30           -0.01            0.12
inaccuracy:  0.35000        0.40000           73.86           -0.01            0.12
inaccuracy:  0.40000        0.45000           77.38           -0.01            0.09
inaccuracy:  0.45000        0.50000           76.66           -0.01            0.09
inaccuracy:  0.50000        0.55000           68.44           -0.07            0.16
inaccuracy:  0.55000        0.60000           69.79           -0.09            0.09
inaccuracy:  0.60000        0.65000           69.88           -0.09            0.08
inaccuracy:  0.65000        0.70000           67.88           -0.10            0.06
inaccuracy:  0.70000        0.75000           67.97           -0.10            0.06
inaccuracy:  0.75000        0.80000           68.69           -0.09            0.06
inaccuracy:  0.80000        0.85000           68.69           -0.08            0.07
inaccuracy:  0.85000        0.90000           68.22           -0.07            0.08
inaccuracy:  0.90000        0.95000           67.85           -0.07            0.09
inaccuracy:  0.95000        1.00000           67.08           -0.07            0.10
===================================================================================================================================
                BAR        
-----------------------------------------------------------------------------------------------------------------------------------
BAR-estimator:         λ             λ+δλ          ΔΔA             ΔA            C               Δδe            δe       
                          
-----------------------------------------------------------------------------------------------------------------------------------
BAR-estimator:      0.00000        0.05000        1.2389         1.2389         1.2389         0.0119         0.0119 
BAR-estimator:      0.05000        0.10000        0.6508         1.8898         0.6508         0.0090         0.0149 
BAR-estimator:      0.10000        0.15000        0.3436         2.2334         0.3436         0.0069         0.0165 
BAR-estimator:      0.15000        0.20000        0.1717         2.4051         0.1717         0.0053         0.0173 
BAR-estimator:      0.20000        0.25000        0.0982         2.5032         0.0982         0.0050         0.0180 
BAR-estimator:      0.25000        0.30000        0.0436         2.5468         0.0436         0.0041         0.0184 
BAR-estimator:      0.30000        0.35000        0.0138         2.5606         0.0138         0.0031         0.0187 
BAR-estimator:      0.35000        0.40000       -0.0121         2.5485        -0.0121         0.0036         0.0190 
BAR-estimator:      0.40000        0.45000       -0.0339         2.5146        -0.0339         0.0032         0.0193 
BAR-estimator:      0.45000        0.50000       -0.0528         2.4618        -0.0528         0.0028         0.0195 
BAR-estimator:      0.50000        0.55000       -0.1593         2.3025        -0.1593         0.0039         0.0199 
BAR-estimator:      0.55000        0.60000       -0.3357         1.9669        -0.3357         0.0039         0.0203 
BAR-estimator:      0.60000        0.65000       -0.5132         1.4537        -0.5132         0.0045         0.0208 
BAR-estimator:      0.65000        0.70000       -0.6659         0.7878        -0.6659         0.0045         0.0212 
BAR-estimator:      0.70000        0.75000       -0.7585         0.0293        -0.7585         0.0046         0.0217 
BAR-estimator:      0.75000        0.80000       -0.7882        -0.7589        -0.7882         0.0041         0.0221 
BAR-estimator:      0.80000        0.85000       -0.7731        -1.5320        -0.7731         0.0039         0.0225 
BAR-estimator:      0.85000        0.90000       -0.7397        -2.2717        -0.7397         0.0042         0.0229 
BAR-estimator:      0.90000        0.95000       -0.7034        -2.9751        -0.7034         0.0040         0.0232 
BAR-estimator:      0.95000        1.00000       -0.6705        -3.6456        -0.6705         0.0040         0.0235 
BAR-estimator: total free energy change is -3.6456112460262933 , total error is 0.023541475960921533
