#========================================================================================
#                     Free energy perturbation    
#----------------------------------------------------------------------------------------
#forward/backward          λ              ΔΔA                 ΔA                  δε   
#                                                 
#----------------------------------------------------------------------------------------
forward:               0.0000              0.0000              0.0000              0.0000  
forward:               0.0500              1.9381              1.9381              0.0281  
forward:               0.1000              1.1291              3.0672              0.0342  
forward:               0.1500              0.5680              3.6352              0.0367  
forward:               0.2000              0.3251              3.9603              0.0378  
forward:               0.2500              0.1635              4.1237              0.0388  
forward:               0.3000              0.0899              4.2136              0.0394  
forward:               0.3500              0.0258              4.2394              0.0399  
forward:               0.4000             -0.0289              4.2105              0.0403  
forward:               0.4500             -0.0498              4.1607              0.0405  
forward:               0.5000             -0.0948              4.0659              0.0410  
forward:               0.5500             -0.2272              3.8387              0.0414  
forward:               0.6000             -0.5019              3.3368              0.0422  
forward:               0.6500             -0.6979              2.6389              0.0430  
forward:               0.7000             -0.9078              1.7311              0.0442  
forward:               0.7500             -1.0255              0.7056              0.0448  
forward:               0.8000             -1.0808             -0.3752              0.0453  
forward:               0.8500             -1.1013             -1.4765              0.0458  
forward:               0.9000             -1.0839             -2.5605              0.0461  
forward:               0.9500             -1.0636             -3.6241              0.0465  
forward:               1.0000             -1.0385             -4.6625              0.0468  
backward:              1.0000              0.0000             -4.6625              0.0000  
backward:              0.9500              1.0253             -3.6373              0.0089  
backward:              0.9000              1.0327             -2.6045              0.0254  
backward:              0.8500              1.0722             -1.5323              0.0267  
backward:              0.8000              1.0830             -0.4493              0.0279  
backward:              0.7500              1.0840              0.6347              0.0290  
backward:              0.7000              1.0169              1.6516              0.0303  
backward:              0.6500              0.8859              2.5375              0.0318  
backward:              0.6000              0.7139              3.2514              0.0326  
backward:              0.5500              0.4746              3.7260              0.0334  
backward:              0.5000              0.2267              3.9527              0.0344  
backward:              0.4500              0.1005              4.0532              0.0349  
backward:              0.4000              0.0458              4.0991              0.0354  
backward:              0.3500              0.0276              4.1267              0.0360  
backward:              0.3000             -0.0171              4.1096              0.0368  
backward:              0.2500             -0.0745              4.0351              0.0377  
backward:              0.2000             -0.1798              3.8552              0.0396  
backward:              0.1500             -0.3147              3.5406              0.0416  
backward:              0.1000             -0.5765              2.9641              0.0444  
backward:              0.0500             -1.1260              1.8381              0.0518  
backward:              0.0000             -2.0261             -0.1880              0.0704  
Inaccuracy estimation
======================================================================================================
                   i        i+δi          P0_overlap_P1   δε(forward)/ε   δε(backward)/ε
======================================================================================================
inaccuracy:  0.00000        0.05000           32.92           -0.01            2.14
inaccuracy:  0.05000        0.10000           42.49           -0.06            1.37
inaccuracy:  0.10000        0.15000           52.65           -0.02            0.67
inaccuracy:  0.15000        0.20000           60.35           -0.03            0.39
inaccuracy:  0.20000        0.25000           65.17           -0.03            0.24
inaccuracy:  0.25000        0.30000           66.42           -0.03            0.22
inaccuracy:  0.30000        0.35000           67.97           -0.02            0.17
inaccuracy:  0.35000        0.40000           70.37           -0.02            0.15
inaccuracy:  0.40000        0.45000           70.67           -0.02            0.13
inaccuracy:  0.45000        0.50000           71.88           -0.02            0.13
inaccuracy:  0.50000        0.55000           63.59           -0.09            0.21
inaccuracy:  0.55000        0.60000           65.84           -0.12            0.11
inaccuracy:  0.60000        0.65000           62.90           -0.15            0.09
inaccuracy:  0.65000        0.70000           63.69           -0.14            0.06
inaccuracy:  0.70000        0.75000           64.16           -0.15            0.05
inaccuracy:  0.75000        0.80000           64.23           -0.12            0.05
inaccuracy:  0.80000        0.85000           65.27           -0.11            0.06
inaccuracy:  0.85000        0.90000           64.15           -0.13            0.06
inaccuracy:  0.90000        0.95000           63.22           -0.14            0.07
inaccuracy:  0.95000        1.00000           62.37           -0.13            0.08
===================================================================================================================================
                BAR        
-----------------------------------------------------------------------------------------------------------------------------------
BAR-estimator:         λ             λ+δλ          ΔΔA             ΔA            C               Δδe            δe       
                          
-----------------------------------------------------------------------------------------------------------------------------------
BAR-estimator:      0.00000        0.05000        1.9907         1.9907         1.9907         0.0135         0.0135 
BAR-estimator:      0.05000        0.10000        1.1420         3.1327         1.1420         0.0113         0.0176 
BAR-estimator:      0.10000        0.15000        0.5779         3.7106         0.5779         0.0082         0.0194 
BAR-estimator:      0.15000        0.20000        0.3212         4.0318         0.3212         0.0062         0.0204 
BAR-estimator:      0.20000        0.25000        0.1634         4.1952         0.1634         0.0056         0.0211 
BAR-estimator:      0.25000        0.30000        0.0859         4.2812         0.0859         0.0050         0.0217 
BAR-estimator:      0.30000        0.35000        0.0239         4.3051         0.0239         0.0050         0.0223 
BAR-estimator:      0.35000        0.40000       -0.0269         4.2782        -0.0269         0.0043         0.0227 
BAR-estimator:      0.40000        0.45000       -0.0503         4.2279        -0.0503         0.0035         0.0230 
BAR-estimator:      0.45000        0.50000       -0.0948         4.1331        -0.0948         0.0041         0.0233 
BAR-estimator:      0.50000        0.55000       -0.2288         3.9043        -0.2288         0.0042         0.0237 
BAR-estimator:      0.55000        0.60000       -0.4867         3.4176        -0.4867         0.0054         0.0243 
BAR-estimator:      0.60000        0.65000       -0.7013         2.7163        -0.7013         0.0053         0.0249 
BAR-estimator:      0.65000        0.70000       -0.8989         1.8174        -0.8989         0.0057         0.0255 
BAR-estimator:      0.70000        0.75000       -1.0213         0.7961        -1.0213         0.0050         0.0260 
BAR-estimator:      0.75000        0.80000       -1.0789        -0.2828        -1.0789         0.0048         0.0264 
BAR-estimator:      0.80000        0.85000       -1.0908        -1.3736        -1.0908         0.0045         0.0268 
BAR-estimator:      0.85000        0.90000       -1.0827        -2.4562        -1.0827         0.0043         0.0272 
BAR-estimator:      0.90000        0.95000       -1.0622        -3.5184        -1.0622         0.0047         0.0276 
BAR-estimator:      0.95000        1.00000       -1.0365        -4.5549        -1.0365         0.0048         0.0280 
BAR-estimator: total free energy change is -4.554888162317548 , total error is 0.027988738064904827
