#========================================================================================
#                     Free energy perturbation    
#----------------------------------------------------------------------------------------
#forward/backward          λ              ΔΔA                 ΔA                  δε   
#                                                 
#----------------------------------------------------------------------------------------
forward:               0.0000              0.0000              0.0000              0.0000  
forward:               0.0500              1.5373              1.5373              0.0252  
forward:               0.1000              0.8441              2.3814              0.0302  
forward:               0.1500              0.4459              2.8273              0.0321  
forward:               0.2000              0.2378              3.0652              0.0330  
forward:               0.2500              0.1340              3.1991              0.0338  
forward:               0.3000              0.0619              3.2610              0.0343  
forward:               0.3500              0.0143              3.2753              0.0348  
forward:               0.4000             -0.0260              3.2493              0.0352  
forward:               0.4500             -0.0482              3.2011              0.0355  
forward:               0.5000             -0.0773              3.1237              0.0358  
forward:               0.5500             -0.2021              2.9216              0.0364  
forward:               0.6000             -0.4679              2.4537              0.0371  
forward:               0.6500             -0.7100              1.7438              0.0381  
forward:               0.7000             -0.9089              0.8349              0.0392  
forward:               0.7500             -1.0491             -0.2142              0.0400  
forward:               0.8000             -1.1284             -1.3425              0.0405  
forward:               0.8500             -1.1544             -2.4969              0.0409  
forward:               0.9000             -1.1430             -3.6399              0.0412  
forward:               0.9500             -1.1460             -4.7860              0.0415  
forward:               1.0000             -1.1307             -5.9167              0.0418  
backward:              1.0000              0.0000             -5.9167              0.0000  
backward:              0.9500              1.1253             -4.7914              0.0072  
backward:              0.9000              1.1410             -3.6504              0.0098  
backward:              0.8500              1.1608             -2.4895              0.0122  
backward:              0.8000              1.1560             -1.3335              0.0138  
backward:              0.7500              1.1388             -0.1947              0.0164  
backward:              0.7000              1.0610              0.8663              0.0179  
backward:              0.6500              0.8985              1.7648              0.0207  
backward:              0.6000              0.7097              2.4745              0.0227  
backward:              0.5500              0.4559              2.9304              0.0239  
backward:              0.5000              0.2050              3.1354              0.0250  
backward:              0.4500              0.0739              3.2093              0.0255  
backward:              0.4000              0.0466              3.2559              0.0261  
backward:              0.3500              0.0197              3.2756              0.0267  
backward:              0.3000             -0.0098              3.2658              0.0273  
backward:              0.2500             -0.0617              3.2041              0.0283  
backward:              0.2000             -0.1257              3.0784              0.0295  
backward:              0.1500             -0.2769              2.8015              0.0339  
backward:              0.1000             -0.4859              2.3155              0.0365  
backward:              0.0500             -0.8964              1.4192              0.0537  
backward:              0.0000             -1.6316             -0.2124              0.0680  
Inaccuracy estimation
======================================================================================================
                   i        i+δi          P0_overlap_P1   δε(forward)/ε   δε(backward)/ε
======================================================================================================
inaccuracy:  0.00000        0.05000           38.08           -0.03            1.55
inaccuracy:  0.05000        0.10000           47.26           -0.03            1.01
inaccuracy:  0.10000        0.15000           59.69           -0.02            0.46
inaccuracy:  0.15000        0.20000           65.99           -0.02            0.26
inaccuracy:  0.20000        0.25000           68.16           -0.02            0.20
inaccuracy:  0.25000        0.30000           71.11           -0.02            0.16
inaccuracy:  0.30000        0.35000           72.63           -0.01            0.13
inaccuracy:  0.35000        0.40000           73.79           -0.01            0.11
inaccuracy:  0.40000        0.45000           73.80           -0.01            0.10
inaccuracy:  0.45000        0.50000           75.08           -0.01            0.09
inaccuracy:  0.50000        0.55000           64.85           -0.09            0.17
inaccuracy:  0.55000        0.60000           66.64           -0.10            0.11
inaccuracy:  0.60000        0.65000           64.30           -0.15            0.08
inaccuracy:  0.65000        0.70000           65.82           -0.14            0.06
inaccuracy:  0.70000        0.75000           64.42           -0.14            0.04
inaccuracy:  0.75000        0.80000           64.99           -0.14            0.03
inaccuracy:  0.80000        0.85000           65.57           -0.13            0.04
inaccuracy:  0.85000        0.90000           64.48           -0.13            0.05
inaccuracy:  0.90000        0.95000           65.62           -0.11            0.05
inaccuracy:  0.95000        1.00000           64.66           -0.09            0.06
===================================================================================================================================
                BAR        
-----------------------------------------------------------------------------------------------------------------------------------
BAR-estimator:         λ             λ+δλ          ΔΔA             ΔA            C               Δδe            δe       
                          
-----------------------------------------------------------------------------------------------------------------------------------
BAR-estimator:      0.00000        0.05000        1.5800         1.5800         1.5800         0.0129         0.0129 
BAR-estimator:      0.05000        0.10000        0.8595         2.4394         0.8595         0.0096         0.0161 
BAR-estimator:      0.10000        0.15000        0.4582         2.8977         0.4582         0.0072         0.0176 
BAR-estimator:      0.15000        0.20000        0.2434         3.1411         0.2434         0.0050         0.0184 
BAR-estimator:      0.20000        0.25000        0.1327         3.2737         0.1327         0.0047         0.0189 
BAR-estimator:      0.25000        0.30000        0.0627         3.3364         0.0627         0.0046         0.0195 
BAR-estimator:      0.30000        0.35000        0.0137         3.3501         0.0137         0.0044         0.0200 
BAR-estimator:      0.35000        0.40000       -0.0241         3.3260        -0.0241         0.0042         0.0204 
BAR-estimator:      0.40000        0.45000       -0.0495         3.2766        -0.0495         0.0032         0.0207 
BAR-estimator:      0.45000        0.50000       -0.0763         3.2003        -0.0763         0.0033         0.0209 
BAR-estimator:      0.50000        0.55000       -0.1994         3.0009        -0.1994         0.0043         0.0214 
BAR-estimator:      0.55000        0.60000       -0.4593         2.5416        -0.4593         0.0043         0.0218 
BAR-estimator:      0.60000        0.65000       -0.7107         1.8309        -0.7107         0.0048         0.0223 
BAR-estimator:      0.65000        0.70000       -0.9002         0.9307        -0.9002         0.0052         0.0229 
BAR-estimator:      0.70000        0.75000       -1.0521        -0.1214        -1.0521         0.0050         0.0235 
BAR-estimator:      0.75000        0.80000       -1.1356        -1.2570        -1.1356         0.0045         0.0239 
BAR-estimator:      0.80000        0.85000       -1.1567        -2.4137        -1.1567         0.0012         0.0239 
BAR-estimator:      0.85000        0.90000       -1.1509        -3.5646        -1.1509         0.0045         0.0243 
BAR-estimator:      0.90000        0.95000       -1.1457        -4.7104        -1.1457         0.0044         0.0247 
BAR-estimator:      0.95000        1.00000       -1.1289        -5.8392        -1.1289         0.0044         0.0251 
BAR-estimator: total free energy change is -5.839225883473082 , total error is 0.02511105868542472
