#========================================================================================
#                     Free energy perturbation    
#----------------------------------------------------------------------------------------
#forward/backward          λ              ΔΔA                 ΔA                  δε   
#                                                 
#----------------------------------------------------------------------------------------
forward:               0.0000              0.0000              0.0000              0.0000  
forward:               0.0500              1.8517              1.8517              0.0252  
forward:               0.1000              0.9085              2.7602              0.0306  
forward:               0.1500              0.4995              3.2597              0.0333  
forward:               0.2000              0.2675              3.5272              0.0346  
forward:               0.2500              0.1513              3.6785              0.0353  
forward:               0.3000              0.0566              3.7351              0.0357  
forward:               0.3500              0.0028              3.7379              0.0361  
forward:               0.4000             -0.0323              3.7057              0.0363  
forward:               0.4500             -0.0515              3.6541              0.0366  
forward:               0.5000             -0.0893              3.5648              0.0369  
forward:               0.5500             -0.1105              3.4544              0.0370  
forward:               0.6000             -0.1359              3.3185              0.0372  
forward:               0.6500             -0.1483              3.1702              0.0373  
forward:               0.7000             -0.1653              3.0048              0.0375  
forward:               0.7500             -0.1738              2.8310              0.0376  
forward:               0.8000             -0.1892              2.6419              0.0378  
forward:               0.8500             -0.1955              2.4463              0.0379  
forward:               0.9000             -0.2178              2.2285              0.0380  
forward:               0.9500             -0.2164              2.0120              0.0382  
forward:               1.0000             -0.2372              1.7749              0.0383  
backward:              1.0000              0.0000              1.7749              0.0000  
backward:              0.9500              0.2317              2.0065              0.0032  
backward:              0.9000              0.2195              2.2261              0.0043  
backward:              0.8500              0.2090              2.4350              0.0062  
backward:              0.8000              0.1984              2.6334              0.0072  
backward:              0.7500              0.1870              2.8204              0.0080  
backward:              0.7000              0.1832              3.0036              0.0089  
backward:              0.6500              0.1611              3.1647              0.0097  
backward:              0.6000              0.1506              3.3152              0.0104  
backward:              0.5500              0.1279              3.4432              0.0111  
backward:              0.5000              0.1077              3.5509              0.0118  
backward:              0.4500              0.0892              3.6401              0.0126  
backward:              0.4000              0.0600              3.7001              0.0137  
backward:              0.3500              0.0259              3.7260              0.0147  
backward:              0.3000             -0.0099              3.7161              0.0159  
backward:              0.2500             -0.0521              3.6641              0.0168  
backward:              0.2000             -0.1249              3.5392              0.0186  
backward:              0.1500             -0.2685              3.2707              0.0211  
backward:              0.1000             -0.5044              2.7663              0.0273  
backward:              0.0500             -0.8999              1.8664              0.0299  
backward:              0.0000             -1.8640              0.0023              0.0744  
Inaccuracy estimation
======================================================================================================
                   i        i+δi          P0_overlap_P1   δε(forward)/ε   δε(backward)/ε
======================================================================================================
inaccuracy:  0.00000        0.05000           32.26           -0.02            2.42
inaccuracy:  0.05000        0.10000           48.45           -0.02            0.99
inaccuracy:  0.10000        0.15000           57.99           -0.02            0.49
inaccuracy:  0.15000        0.20000           66.66           -0.01            0.28
inaccuracy:  0.20000        0.25000           68.42           -0.01            0.19
inaccuracy:  0.25000        0.30000           73.29           -0.01            0.13
inaccuracy:  0.30000        0.35000           76.25           -0.01            0.10
inaccuracy:  0.35000        0.40000           77.47           -0.01            0.08
inaccuracy:  0.40000        0.45000           76.26           -0.01            0.08
inaccuracy:  0.45000        0.50000           77.63           -0.01            0.07
inaccuracy:  0.50000        0.55000           78.85           -0.01            0.06
inaccuracy:  0.55000        0.60000           79.52           -0.01            0.06
inaccuracy:  0.60000        0.65000           79.13           -0.01            0.06
inaccuracy:  0.65000        0.70000           79.60           -0.01            0.05
inaccuracy:  0.70000        0.75000           78.45           -0.02            0.06
inaccuracy:  0.75000        0.80000           79.67           -0.01            0.05
inaccuracy:  0.80000        0.85000           79.21           -0.01            0.05
inaccuracy:  0.85000        0.90000           80.59           -0.01            0.05
inaccuracy:  0.90000        0.95000           79.25           -0.01            0.04
inaccuracy:  0.95000        1.00000           80.10           -0.01            0.05
===================================================================================================================================
                BAR        
-----------------------------------------------------------------------------------------------------------------------------------
BAR-estimator:         λ             λ+δλ          ΔΔA             ΔA            C               Δδe            δe       
                          
-----------------------------------------------------------------------------------------------------------------------------------
BAR-estimator:      0.00000        0.05000        1.8137         1.8137         1.8137         0.0063         0.0063 
BAR-estimator:      0.05000        0.10000        0.9191         2.7328         0.9191         0.0111         0.0128 
BAR-estimator:      0.10000        0.15000        0.4989         3.2317         0.4989         0.0082         0.0152 
BAR-estimator:      0.15000        0.20000        0.2714         3.5031         0.2714         0.0059         0.0163 
BAR-estimator:      0.20000        0.25000        0.1414         3.6445         0.1414         0.0046         0.0169 
BAR-estimator:      0.25000        0.30000        0.0554         3.6999         0.0554         0.0050         0.0177 
BAR-estimator:      0.30000        0.35000        0.0063         3.7063         0.0063         0.0034         0.0180 
BAR-estimator:      0.35000        0.40000       -0.0296         3.6767        -0.0296         0.0031         0.0182 
BAR-estimator:      0.40000        0.45000       -0.0545         3.6222        -0.0545         0.0033         0.0186 
BAR-estimator:      0.45000        0.50000       -0.0896         3.5325        -0.0896         0.0027         0.0188 
BAR-estimator:      0.50000        0.55000       -0.1089         3.4237        -0.1089         0.0027         0.0189 
BAR-estimator:      0.55000        0.60000       -0.1326         3.2910        -0.1326         0.0025         0.0191 
BAR-estimator:      0.60000        0.65000       -0.1491         3.1419        -0.1491         0.0024         0.0193 
BAR-estimator:      0.65000        0.70000       -0.1629         2.9790        -0.1629         0.0025         0.0194 
BAR-estimator:      0.70000        0.75000       -0.1767         2.8023        -0.1767         0.0025         0.0196 
BAR-estimator:      0.75000        0.80000       -0.1883         2.6140        -0.1883         0.0025         0.0198 
BAR-estimator:      0.80000        0.85000       -0.1966         2.4174        -0.1966         0.0026         0.0199 
BAR-estimator:      0.85000        0.90000       -0.2137         2.2037        -0.2137         0.0025         0.0201 
BAR-estimator:      0.90000        0.95000       -0.2174         1.9863        -0.2174         0.0024         0.0202 
BAR-estimator:      0.95000        1.00000       -0.2347         1.7517        -0.2347         0.0025         0.0204 
BAR-estimator: total free energy change is 1.7516646266081524 , total error is 0.02037918279624838
