#========================================================================================
#                     Free energy perturbation    
#----------------------------------------------------------------------------------------
#forward/backward          λ              ΔΔA                 ΔA                  δε   
#                                                 
#----------------------------------------------------------------------------------------
forward:               0.0000              0.0000              0.0000              0.0000  
forward:               0.0500              1.8220              1.8220              0.0245  
forward:               0.1000              1.0209              2.8429              0.0299  
forward:               0.1500              0.5277              3.3706              0.0323  
forward:               0.2000              0.2927              3.6634              0.0336  
forward:               0.2500              0.1450              3.8083              0.0343  
forward:               0.3000              0.0726              3.8809              0.0349  
forward:               0.3500              0.0307              3.9116              0.0353  
forward:               0.4000             -0.0095              3.9021              0.0357  
forward:               0.4500             -0.0402              3.8619              0.0360  
forward:               0.5000             -0.0615              3.8004              0.0363  
forward:               0.5500             -0.0650              3.7354              0.0366  
forward:               0.6000             -0.0908              3.6447              0.0369  
forward:               0.6500             -0.1079              3.5368              0.0371  
forward:               0.7000             -0.1164              3.4203              0.0373  
forward:               0.7500             -0.1281              3.2922              0.0375  
forward:               0.8000             -0.1352              3.1570              0.0377  
forward:               0.8500             -0.1438              3.0132              0.0379  
forward:               0.9000             -0.1470              2.8662              0.0380  
forward:               0.9500             -0.1548              2.7114              0.0383  
forward:               1.0000             -0.1532              2.5581              0.0384  
backward:              1.0000              0.0000              2.5581              0.0000  
backward:              0.9500              0.1572              2.7153              0.0046  
backward:              0.9000              0.1412              2.8565              0.0065  
backward:              0.8500              0.1554              3.0119              0.0080  
backward:              0.8000              0.1341              3.1460              0.0092  
backward:              0.7500              0.1294              3.2754              0.0102  
backward:              0.7000              0.1282              3.4036              0.0112  
backward:              0.6500              0.1123              3.5159              0.0122  
backward:              0.6000              0.1036              3.6195              0.0135  
backward:              0.5500              0.0761              3.6955              0.0149  
backward:              0.5000              0.0793              3.7749              0.0154  
backward:              0.4500              0.0586              3.8335              0.0164  
backward:              0.4000              0.0585              3.8920              0.0174  
backward:              0.3500              0.0104              3.9024              0.0189  
backward:              0.3000             -0.0432              3.8593              0.0200  
backward:              0.2500             -0.0955              3.7637              0.0220  
backward:              0.2000             -0.1646              3.5991              0.0238  
backward:              0.1500             -0.3013              3.2978              0.0266  
backward:              0.1000             -0.5732              2.7246              0.0344  
backward:              0.0500             -0.9709              1.7537              0.0411  
backward:              0.0000             -1.8129             -0.0592              0.0872  
Inaccuracy estimation
======================================================================================================
                   i        i+δi          P0_overlap_P1   δε(forward)/ε   δε(backward)/ε
======================================================================================================
inaccuracy:  0.00000        0.05000           32.80           -0.03            2.10
inaccuracy:  0.05000        0.10000           42.36           -0.05            1.29
inaccuracy:  0.10000        0.15000           54.46           -0.03            0.61
inaccuracy:  0.15000        0.20000           60.54           -0.02            0.37
inaccuracy:  0.20000        0.25000           66.90           -0.01            0.26
inaccuracy:  0.25000        0.30000           68.33           -0.02            0.18
inaccuracy:  0.30000        0.35000           69.47           -0.02            0.17
inaccuracy:  0.35000        0.40000           69.89           -0.02            0.15
inaccuracy:  0.40000        0.45000           69.97           -0.02            0.15
inaccuracy:  0.45000        0.50000           71.15           -0.02            0.13
inaccuracy:  0.50000        0.55000           70.91           -0.02            0.13
inaccuracy:  0.55000        0.60000           72.58           -0.02            0.11
inaccuracy:  0.60000        0.65000           72.46           -0.02            0.11
inaccuracy:  0.65000        0.70000           72.39           -0.02            0.11
inaccuracy:  0.70000        0.75000           72.68           -0.03            0.11
inaccuracy:  0.75000        0.80000           72.88           -0.02            0.11
inaccuracy:  0.80000        0.85000           73.58           -0.02            0.10
inaccuracy:  0.85000        0.90000           71.83           -0.02            0.11
inaccuracy:  0.90000        0.95000           72.83           -0.03            0.10
inaccuracy:  0.95000        1.00000           71.27           -0.02            0.11
===================================================================================================================================
                BAR        
-----------------------------------------------------------------------------------------------------------------------------------
BAR-estimator:         λ             λ+δλ          ΔΔA             ΔA            C               Δδe            δe       
                          
-----------------------------------------------------------------------------------------------------------------------------------
BAR-estimator:      0.00000        0.05000        1.8293         1.8293         1.8293         0.0111         0.0111 
BAR-estimator:      0.05000        0.10000        1.0141         2.8434         1.0141         0.0096         0.0146 
BAR-estimator:      0.10000        0.15000        0.5368         3.3802         0.5368         0.0074         0.0164 
BAR-estimator:      0.15000        0.20000        0.2950         3.6752         0.2950         0.0058         0.0174 
BAR-estimator:      0.20000        0.25000        0.1553         3.8305         0.1553         0.0049         0.0181 
BAR-estimator:      0.25000        0.30000        0.0763         3.9067         0.0763         0.0040         0.0185 
BAR-estimator:      0.30000        0.35000        0.0359         3.9426         0.0359         0.0040         0.0189 
BAR-estimator:      0.35000        0.40000       -0.0110         3.9316        -0.0110         0.0036         0.0193 
BAR-estimator:      0.40000        0.45000       -0.0458         3.8858        -0.0458         0.0033         0.0196 
BAR-estimator:      0.45000        0.50000       -0.0620         3.8238        -0.0620         0.0033         0.0198 
BAR-estimator:      0.50000        0.55000       -0.0687         3.7551        -0.0687         0.0036         0.0202 
BAR-estimator:      0.55000        0.60000       -0.0852         3.6699        -0.0852         0.0030         0.0204 
BAR-estimator:      0.60000        0.65000       -0.1062         3.5637        -0.1062         0.0030         0.0206 
BAR-estimator:      0.65000        0.70000       -0.1142         3.4495        -0.1142         0.0030         0.0208 
BAR-estimator:      0.70000        0.75000       -0.1271         3.3225        -0.1271         0.0031         0.0210 
BAR-estimator:      0.75000        0.80000       -0.1311         3.1914        -0.1311         0.0031         0.0213 
BAR-estimator:      0.80000        0.85000       -0.1402         3.0512        -0.1402         0.0030         0.0215 
BAR-estimator:      0.85000        0.90000       -0.1494         2.9018        -0.1494         0.0031         0.0217 
BAR-estimator:      0.90000        0.95000       -0.1497         2.7521        -0.1497         0.0034         0.0220 
BAR-estimator:      0.95000        1.00000       -0.1530         2.5992        -0.1530         0.0029         0.0221 
BAR-estimator: total free energy change is 2.5991517470822973 , total error is 0.022149169648856354
