#========================================================================================
#                     Free energy perturbation    
#----------------------------------------------------------------------------------------
#forward/backward          λ              ΔΔA                 ΔA                  δε   
#                                                 
#----------------------------------------------------------------------------------------
forward:               0.0000              0.0000              0.0000              0.0000  
forward:               0.0500              2.4299              2.4299              0.0385  
forward:               0.1000              1.3649              3.7948              0.0462  
forward:               0.1500              0.6093              4.4041              0.0492  
forward:               0.2000              0.2612              4.6653              0.0511  
forward:               0.2500              0.1220              4.7873              0.0520  
forward:               0.3000              0.0174              4.8047              0.0526  
forward:               0.3500             -0.0373              4.7674              0.0530  
forward:               0.4000             -0.0861              4.6813              0.0534  
forward:               0.4500             -0.1180              4.5634              0.0537  
forward:               0.5000             -0.1544              4.4090              0.0539  
forward:               0.5500             -0.2619              4.1471              0.0543  
forward:               0.6000             -0.4471              3.7000              0.0548  
forward:               0.6500             -0.5908              3.1092              0.0556  
forward:               0.7000             -0.7607              2.3485              0.0561  
forward:               0.7500             -0.8319              1.5166              0.0566  
forward:               0.8000             -0.8880              0.6286              0.0571  
forward:               0.8500             -0.8664             -0.2379              0.0576  
forward:               0.9000             -0.8638             -1.1017              0.0580  
forward:               0.9500             -0.8247             -1.9264              0.0582  
forward:               1.0000             -0.7950             -2.7214              0.0586  
backward:              1.0000              0.0000             -2.7214              0.0000  
backward:              0.9500              0.7959             -1.9255              0.0067  
backward:              0.9000              0.8194             -1.1061              0.0089  
backward:              0.8500              0.8357             -0.2704              0.0122  
backward:              0.8000              0.8696              0.5992              0.0151  
backward:              0.7500              0.8731              1.4722              0.0172  
backward:              0.7000              0.8476              2.3198              0.0197  
backward:              0.6500              0.7571              3.0769              0.0219  
backward:              0.6000              0.5849              3.6618              0.0238  
backward:              0.5500              0.4482              4.1100              0.0248  
backward:              0.5000              0.2518              4.3618              0.0265  
backward:              0.4500              0.1568              4.5186              0.0272  
backward:              0.4000              0.1087              4.6273              0.0278  
backward:              0.3500              0.0874              4.7146              0.0291  
backward:              0.3000              0.0274              4.7420              0.0307  
backward:              0.2500             -0.0280              4.7140              0.0322  
backward:              0.2000             -0.1043              4.6097              0.0338  
backward:              0.1500             -0.2805              4.3292              0.0379  
backward:              0.1000             -0.6274              3.7018              0.0496  
backward:              0.0500             -1.2964              2.4054              0.0546  
backward:              0.0000             -2.3669              0.0385              0.0688  
Inaccuracy estimation
======================================================================================================
                   i        i+δi          P0_overlap_P1   δε(forward)/ε   δε(backward)/ε
======================================================================================================
inaccuracy:  0.00000        0.05000           28.02            0.04            2.95
inaccuracy:  0.05000        0.10000           34.12           -0.09            1.90
inaccuracy:  0.10000        0.15000           48.25           -0.05            0.90
inaccuracy:  0.15000        0.20000           57.66           -0.04            0.44
inaccuracy:  0.20000        0.25000           61.88           -0.04            0.30
inaccuracy:  0.25000        0.30000           65.88           -0.03            0.22
inaccuracy:  0.30000        0.35000           66.75           -0.03            0.18
inaccuracy:  0.35000        0.40000           67.13           -0.03            0.16
inaccuracy:  0.40000        0.45000           69.33           -0.02            0.15
inaccuracy:  0.45000        0.50000           69.98           -0.03            0.13
inaccuracy:  0.50000        0.55000           64.68           -0.08            0.17
inaccuracy:  0.55000        0.60000           65.25           -0.11            0.13
inaccuracy:  0.60000        0.65000           64.77           -0.13            0.11
inaccuracy:  0.65000        0.70000           63.57           -0.13            0.09
inaccuracy:  0.70000        0.75000           62.95           -0.13            0.09
inaccuracy:  0.75000        0.80000           65.06           -0.11            0.08
inaccuracy:  0.80000        0.85000           62.92           -0.12            0.09
inaccuracy:  0.85000        0.90000           64.62           -0.11            0.09
inaccuracy:  0.90000        0.95000           63.38           -0.09            0.10
inaccuracy:  0.95000        1.00000           62.56           -0.09            0.11
===================================================================================================================================
                BAR        
-----------------------------------------------------------------------------------------------------------------------------------
BAR-estimator:         λ             λ+δλ          ΔΔA             ΔA            C               Δδe            δe       
                          
-----------------------------------------------------------------------------------------------------------------------------------
BAR-estimator:      0.00000        0.05000        2.4366         2.4366         2.4366         0.0146         0.0146 
BAR-estimator:      0.05000        0.10000        1.3539         3.7905         1.3539         0.0134         0.0199 
BAR-estimator:      0.10000        0.15000        0.6142         4.4047         0.6142         0.0109         0.0227 
BAR-estimator:      0.15000        0.20000        0.2659         4.6706         0.2659         0.0074         0.0239 
BAR-estimator:      0.20000        0.25000        0.1168         4.7875         0.1168         0.0066         0.0248 
BAR-estimator:      0.25000        0.30000        0.0190         4.8065         0.0190         0.0060         0.0255 
BAR-estimator:      0.30000        0.35000       -0.0395         4.7670        -0.0395         0.0048         0.0259 
BAR-estimator:      0.35000        0.40000       -0.0907         4.6762        -0.0907         0.0048         0.0263 
BAR-estimator:      0.40000        0.45000       -0.1145         4.5617        -0.1145         0.0039         0.0266 
BAR-estimator:      0.45000        0.50000       -0.1553         4.4064        -0.1553         0.0034         0.0269 
BAR-estimator:      0.50000        0.55000       -0.2608         4.1456        -0.2608         0.0042         0.0272 
BAR-estimator:      0.55000        0.60000       -0.4437         3.7019        -0.4437         0.0042         0.0275 
BAR-estimator:      0.60000        0.65000       -0.5871         3.1148        -0.5871         0.0047         0.0279 
BAR-estimator:      0.65000        0.70000       -0.7601         2.3547        -0.7601         0.0051         0.0284 
BAR-estimator:      0.70000        0.75000       -0.8418         1.5129        -0.8418         0.0048         0.0288 
BAR-estimator:      0.75000        0.80000       -0.8836         0.6293        -0.8836         0.0048         0.0292 
BAR-estimator:      0.80000        0.85000       -0.8718        -0.2425        -0.8718         0.0045         0.0295 
BAR-estimator:      0.85000        0.90000       -0.8529        -1.0954        -0.8529         0.0043         0.0298 
BAR-estimator:      0.90000        0.95000       -0.8190        -1.9145        -0.8190         0.0045         0.0302 
BAR-estimator:      0.95000        1.00000       -0.7942        -2.7087        -0.7942         0.0049         0.0306 
BAR-estimator: total free energy change is -2.708676131895258 , total error is 0.030558102826345766
