#========================================================================================
#                     Free energy perturbation    
#----------------------------------------------------------------------------------------
#forward/backward          λ              ΔΔA                 ΔA                  δε   
#                                                 
#----------------------------------------------------------------------------------------
forward:               0.0000              0.0000              0.0000              0.0000  
forward:               0.0500              2.0290              2.0290              0.0287  
forward:               0.1000              1.0524              3.0814              0.0359  
forward:               0.1500              0.5263              3.6077              0.0384  
forward:               0.2000              0.2474              3.8550              0.0393  
forward:               0.2500              0.1237              3.9787              0.0402  
forward:               0.3000              0.0238              4.0025              0.0408  
forward:               0.3500             -0.0407              3.9618              0.0412  
forward:               0.4000             -0.0765              3.8853              0.0415  
forward:               0.4500             -0.1011              3.7842              0.0418  
forward:               0.5000             -0.1309              3.6533              0.0420  
forward:               0.5500             -0.2328              3.4205              0.0423  
forward:               0.6000             -0.4139              3.0066              0.0428  
forward:               0.6500             -0.5747              2.4320              0.0433  
forward:               0.7000             -0.7167              1.7153              0.0442  
forward:               0.7500             -0.8052              0.9100              0.0446  
forward:               0.8000             -0.8675              0.0425              0.0450  
forward:               0.8500             -0.8884             -0.8459              0.0453  
forward:               0.9000             -0.8952             -1.7411              0.0456  
forward:               0.9500             -0.9073             -2.6484              0.0459  
forward:               1.0000             -0.8898             -3.5382              0.0462  
backward:              1.0000              0.0000             -3.5382              0.0000  
backward:              0.9500              0.8834             -2.6548              0.0069  
backward:              0.9000              0.8824             -1.7724              0.0102  
backward:              0.8500              0.8898             -0.8826              0.0128  
backward:              0.8000              0.8830              0.0004              0.0143  
backward:              0.7500              0.8562              0.8566              0.0164  
backward:              0.7000              0.8079              1.6645              0.0176  
backward:              0.6500              0.7144              2.3789              0.0191  
backward:              0.6000              0.5602              2.9391              0.0204  
backward:              0.5500              0.4069              3.3460              0.0215  
backward:              0.5000              0.2378              3.5839              0.0224  
backward:              0.4500              0.1295              3.7133              0.0232  
backward:              0.4000              0.1015              3.8148              0.0239  
backward:              0.3500              0.0803              3.8951              0.0250  
backward:              0.3000              0.0355              3.9305              0.0261  
backward:              0.2500             -0.0240              3.9066              0.0283  
backward:              0.2000             -0.1133              3.7933              0.0301  
backward:              0.1500             -0.2653              3.5279              0.0362  
backward:              0.1000             -0.5315              2.9964              0.0514  
backward:              0.0500             -1.1037              1.8927              0.0737  
backward:              0.0000             -2.0302             -0.1376              0.0916  
Inaccuracy estimation
======================================================================================================
                   i        i+δi          P0_overlap_P1   δε(forward)/ε   δε(backward)/ε
======================================================================================================
inaccuracy:  0.00000        0.05000           31.95           -0.01            2.13
inaccuracy:  0.05000        0.10000           41.11           -0.06            1.46
inaccuracy:  0.10000        0.15000           51.16           -0.04            0.69
inaccuracy:  0.15000        0.20000           60.44           -0.02            0.40
inaccuracy:  0.20000        0.25000           62.98           -0.03            0.27
inaccuracy:  0.25000        0.30000           66.57           -0.03            0.19
inaccuracy:  0.30000        0.35000           69.15           -0.02            0.16
inaccuracy:  0.35000        0.40000           69.40           -0.02            0.16
inaccuracy:  0.40000        0.45000           70.13           -0.03            0.13
inaccuracy:  0.45000        0.50000           70.99           -0.03            0.12
inaccuracy:  0.50000        0.55000           65.82           -0.08            0.16
inaccuracy:  0.55000        0.60000           66.07           -0.08            0.12
inaccuracy:  0.60000        0.65000           65.94           -0.11            0.10
inaccuracy:  0.65000        0.70000           64.94           -0.10            0.09
inaccuracy:  0.70000        0.75000           65.87           -0.10            0.07
inaccuracy:  0.75000        0.80000           66.23           -0.11            0.07
inaccuracy:  0.80000        0.85000           66.40           -0.09            0.07
inaccuracy:  0.85000        0.90000           65.40           -0.10            0.07
inaccuracy:  0.90000        0.95000           66.16           -0.09            0.07
inaccuracy:  0.95000        1.00000           64.70           -0.11            0.08
===================================================================================================================================
                BAR        
-----------------------------------------------------------------------------------------------------------------------------------
BAR-estimator:         λ             λ+δλ          ΔΔA             ΔA            C               Δδe            δe       
                          
-----------------------------------------------------------------------------------------------------------------------------------
BAR-estimator:      0.00000        0.05000        2.0069         2.0069         2.0069         0.0160         0.0160 
BAR-estimator:      0.05000        0.10000        1.0773         3.0843         1.0773         0.0135         0.0209 
BAR-estimator:      0.10000        0.15000        0.5127         3.5970         0.5127         0.0082         0.0225 
BAR-estimator:      0.15000        0.20000        0.2558         3.8528         0.2558         0.0065         0.0234 
BAR-estimator:      0.20000        0.25000        0.1174         3.9702         0.1174         0.0056         0.0241 
BAR-estimator:      0.25000        0.30000        0.0220         3.9922         0.0220         0.0046         0.0245 
BAR-estimator:      0.30000        0.35000       -0.0401         3.9521        -0.0401         0.0038         0.0248 
BAR-estimator:      0.35000        0.40000       -0.0784         3.8737        -0.0784         0.0037         0.0251 
BAR-estimator:      0.40000        0.45000       -0.1016         3.7721        -0.1016         0.0035         0.0253 
BAR-estimator:      0.45000        0.50000       -0.1318         3.6403        -0.1318         0.0034         0.0255 
BAR-estimator:      0.50000        0.55000       -0.2316         3.4087        -0.2316         0.0039         0.0258 
BAR-estimator:      0.55000        0.60000       -0.4077         3.0011        -0.4077         0.0040         0.0261 
BAR-estimator:      0.60000        0.65000       -0.5694         2.4317        -0.5694         0.0044         0.0265 
BAR-estimator:      0.65000        0.70000       -0.7160         1.7157        -0.7160         0.0052         0.0270 
BAR-estimator:      0.70000        0.75000       -0.8069         0.9088        -0.8069         0.0042         0.0273 
BAR-estimator:      0.75000        0.80000       -0.8662         0.0426        -0.8662         0.0042         0.0276 
BAR-estimator:      0.80000        0.85000       -0.8869        -0.8443        -0.8869         0.0040         0.0279 
BAR-estimator:      0.85000        0.90000       -0.8938        -1.7381        -0.8938         0.0042         0.0282 
BAR-estimator:      0.90000        0.95000       -0.9006        -2.6387        -0.9006         0.0046         0.0286 
BAR-estimator:      0.95000        1.00000       -0.8881        -3.5267        -0.8881         0.0045         0.0290 
BAR-estimator: total free energy change is -3.526724431493341 , total error is 0.02895844757784496
