#========================================================================================
#                     Free energy perturbation    
#----------------------------------------------------------------------------------------
#forward/backward          λ              ΔΔA                 ΔA                  δε   
#                                                 
#----------------------------------------------------------------------------------------
forward:               0.0000              0.0000              0.0000              0.0000  
forward:               0.0500              2.2652              2.2652              0.0253  
forward:               0.1000              1.2345              3.4996              0.0306  
forward:               0.1500              0.6341              4.1338              0.0338  
forward:               0.2000              0.3349              4.4687              0.0357  
forward:               0.2500              0.1668              4.6355              0.0367  
forward:               0.3000              0.0585              4.6941              0.0374  
forward:               0.3500             -0.0029              4.6912              0.0380  
forward:               0.4000             -0.0403              4.6508              0.0384  
forward:               0.4500             -0.0857              4.5651              0.0388  
forward:               0.5000             -0.1081              4.4570              0.0390  
forward:               0.5500             -0.2171              4.2398              0.0395  
forward:               0.6000             -0.4034              3.8364              0.0399  
forward:               0.6500             -0.5672              3.2692              0.0403  
forward:               0.7000             -0.7022              2.5670              0.0407  
forward:               0.7500             -0.8132              1.7538              0.0410  
forward:               0.8000             -0.8923              0.8614              0.0413  
forward:               0.8500             -0.9273             -0.0659              0.0416  
forward:               0.9000             -0.9680             -1.0339              0.0418  
forward:               0.9500             -0.9684             -2.0022              0.0421  
forward:               1.0000             -0.9831             -2.9853              0.0423  
backward:              1.0000              0.0000             -2.9853              0.0000  
backward:              0.9500              0.9734             -2.0119              0.0069  
backward:              0.9000              0.9638             -1.0481              0.0095  
backward:              0.8500              0.9446             -0.1035              0.0116  
backward:              0.8000              0.9254              0.8219              0.0131  
backward:              0.7500              0.8908              1.7127              0.0145  
backward:              0.7000              0.8034              2.5162              0.0158  
backward:              0.6500              0.7020              3.2182              0.0175  
backward:              0.6000              0.5694              3.7875              0.0187  
backward:              0.5500              0.4003              4.1878              0.0197  
backward:              0.5000              0.2121              4.3999              0.0214  
backward:              0.4500              0.1175              4.5174              0.0221  
backward:              0.4000              0.0739              4.5913              0.0229  
backward:              0.3500              0.0472              4.6384              0.0237  
backward:              0.3000              0.0059              4.6443              0.0251  
backward:              0.2500             -0.0682              4.5761              0.0263  
backward:              0.2000             -0.1656              4.4105              0.0286  
backward:              0.1500             -0.3428              4.0677              0.0323  
backward:              0.1000             -0.6673              3.4004              0.0386  
backward:              0.0500             -1.3298              2.0705              0.0723  
backward:              0.0000             -2.2520             -0.1815              0.0863  
Inaccuracy estimation
======================================================================================================
                   i        i+δi          P0_overlap_P1   δε(forward)/ε   δε(backward)/ε
======================================================================================================
inaccuracy:  0.00000        0.05000           29.90            0.04            2.61
inaccuracy:  0.05000        0.10000           39.28           -0.06            1.55
inaccuracy:  0.10000        0.15000           50.84           -0.04            0.77
inaccuracy:  0.15000        0.20000           57.77           -0.03            0.45
inaccuracy:  0.20000        0.25000           62.26           -0.03            0.29
inaccuracy:  0.25000        0.30000           66.09           -0.03            0.22
inaccuracy:  0.30000        0.35000           67.30           -0.02            0.18
inaccuracy:  0.35000        0.40000           68.84           -0.03            0.17
inaccuracy:  0.40000        0.45000           70.94           -0.03            0.14
inaccuracy:  0.45000        0.50000           69.74           -0.03            0.13
inaccuracy:  0.50000        0.55000           64.62           -0.08            0.16
inaccuracy:  0.55000        0.60000           65.94           -0.10            0.13
inaccuracy:  0.60000        0.65000           65.23           -0.10            0.10
inaccuracy:  0.65000        0.70000           65.14           -0.10            0.08
inaccuracy:  0.70000        0.75000           66.75           -0.11            0.07
inaccuracy:  0.75000        0.80000           65.67           -0.10            0.07
inaccuracy:  0.80000        0.85000           65.96           -0.09            0.07
inaccuracy:  0.85000        0.90000           66.72           -0.10            0.06
inaccuracy:  0.90000        0.95000           65.62           -0.11            0.07
inaccuracy:  0.95000        1.00000           64.92           -0.12            0.06
===================================================================================================================================
                BAR        
-----------------------------------------------------------------------------------------------------------------------------------
BAR-estimator:         λ             λ+δλ          ΔΔA             ΔA            C               Δδe            δe       
                          
-----------------------------------------------------------------------------------------------------------------------------------
BAR-estimator:      0.00000        0.05000        2.2635         2.2635         2.2635         0.0102         0.0102 
BAR-estimator:      0.05000        0.10000        1.2536         3.5171         1.2536         0.0102         0.0144 
BAR-estimator:      0.10000        0.15000        0.6508         4.1679         0.6508         0.0086         0.0168 
BAR-estimator:      0.15000        0.20000        0.3386         4.5065         0.3386         0.0070         0.0182 
BAR-estimator:      0.20000        0.25000        0.1656         4.6721         0.1656         0.0051         0.0189 
BAR-estimator:      0.25000        0.30000        0.0622         4.7344         0.0622         0.0048         0.0195 
BAR-estimator:      0.30000        0.35000       -0.0046         4.7298        -0.0046         0.0044         0.0200 
BAR-estimator:      0.35000        0.40000       -0.0412         4.6886        -0.0412         0.0045         0.0205 
BAR-estimator:      0.40000        0.45000       -0.0800         4.6086        -0.0800         0.0035         0.0208 
BAR-estimator:      0.45000        0.50000       -0.1105         4.4981        -0.1105         0.0033         0.0211 
BAR-estimator:      0.50000        0.55000       -0.2177         4.2803        -0.2177         0.0037         0.0214 
BAR-estimator:      0.55000        0.60000       -0.4015         3.8788        -0.4015         0.0038         0.0217 
BAR-estimator:      0.60000        0.65000       -0.5650         3.3138        -0.5650         0.0041         0.0221 
BAR-estimator:      0.65000        0.70000       -0.7069         2.6069        -0.7069         0.0038         0.0225 
BAR-estimator:      0.70000        0.75000       -0.8095         1.7974        -0.8095         0.0033         0.0227 
BAR-estimator:      0.75000        0.80000       -0.8931         0.9043        -0.8931         0.0037         0.0230 
BAR-estimator:      0.80000        0.85000       -0.9243        -0.0200        -0.9243         0.0038         0.0233 
BAR-estimator:      0.85000        0.90000       -0.9596        -0.9796        -0.9596         0.0040         0.0237 
BAR-estimator:      0.90000        0.95000       -0.9672        -1.9468        -0.9672         0.0041         0.0240 
BAR-estimator:      0.95000        1.00000       -0.9845        -2.9313        -0.9845         0.0037         0.0243 
BAR-estimator: total free energy change is -2.9312564005469004 , total error is 0.02428271559399054
