#========================================================================================
#                     Free energy perturbation    
#----------------------------------------------------------------------------------------
#forward/backward          λ              ΔΔA                 ΔA                  δε   
#                                                 
#----------------------------------------------------------------------------------------
forward:               0.0000              0.0000              0.0000              0.0000  
forward:               0.0500              1.9584              1.9584              0.0255  
forward:               0.1000              1.2331              3.1915              0.0315  
forward:               0.1500              0.7411              3.9325              0.0331  
forward:               0.2000              0.4229              4.3554              0.0347  
forward:               0.2500              0.2357              4.5910              0.0358  
forward:               0.3000              0.1284              4.7195              0.0366  
forward:               0.3500              0.0594              4.7789              0.0372  
forward:               0.4000              0.0020              4.7809              0.0377  
forward:               0.4500             -0.0406              4.7402              0.0381  
forward:               0.5000             -0.0817              4.6586              0.0385  
forward:               0.5500             -0.1679              4.4907              0.0391  
forward:               0.6000             -0.3356              4.1551              0.0395  
forward:               0.6500             -0.4826              3.6725              0.0398  
forward:               0.7000             -0.6031              3.0694              0.0403  
forward:               0.7500             -0.6950              2.3744              0.0406  
forward:               0.8000             -0.7462              1.6282              0.0409  
forward:               0.8500             -0.7711              0.8571              0.0412  
forward:               0.9000             -0.7924              0.0647              0.0415  
forward:               0.9500             -0.7848             -0.7202              0.0418  
forward:               1.0000             -0.7912             -1.5113              0.0421  
backward:              1.0000              0.0000             -1.5113              0.0000  
backward:              0.9500              0.7653             -0.7461              0.0063  
backward:              0.9000              0.7956              0.0496              0.0091  
backward:              0.8500              0.7767              0.8262              0.0115  
backward:              0.8000              0.7543              1.5805              0.0136  
backward:              0.7500              0.7644              2.3449              0.0152  
backward:              0.7000              0.7006              3.0456              0.0164  
backward:              0.6500              0.6039              3.6495              0.0177  
backward:              0.6000              0.4758              4.1253              0.0189  
backward:              0.5500              0.3340              4.4593              0.0206  
backward:              0.5000              0.1704              4.6297              0.0210  
backward:              0.4500              0.0682              4.6979              0.0219  
backward:              0.4000              0.0379              4.7358              0.0229  
backward:              0.3500             -0.0083              4.7275              0.0242  
backward:              0.3000             -0.0656              4.6618              0.0263  
backward:              0.2500             -0.1257              4.5361              0.0277  
backward:              0.2000             -0.2385              4.2976              0.0318  
backward:              0.1500             -0.4227              3.8749              0.0394  
backward:              0.1000             -0.7616              3.1133              0.0445  
backward:              0.0500             -1.2939              1.8194              0.0700  
backward:              0.0000             -1.9438             -0.1243              0.0754  
Inaccuracy estimation
======================================================================================================
                   i        i+δi          P0_overlap_P1   δε(forward)/ε   δε(backward)/ε
======================================================================================================
inaccuracy:  0.00000        0.05000           32.95           -0.01            2.27
inaccuracy:  0.05000        0.10000           41.01           -0.05            1.42
inaccuracy:  0.10000        0.15000           48.68           -0.05            0.83
inaccuracy:  0.15000        0.20000           54.77           -0.05            0.51
inaccuracy:  0.20000        0.25000           60.20           -0.03            0.33
inaccuracy:  0.25000        0.30000           63.12           -0.02            0.25
inaccuracy:  0.30000        0.35000           65.99           -0.03            0.21
inaccuracy:  0.35000        0.40000           67.72           -0.03            0.18
inaccuracy:  0.40000        0.45000           68.54           -0.03            0.17
inaccuracy:  0.45000        0.50000           70.03           -0.02            0.14
inaccuracy:  0.50000        0.55000           64.15           -0.07            0.18
inaccuracy:  0.55000        0.60000           64.79           -0.10            0.14
inaccuracy:  0.60000        0.65000           65.18           -0.09            0.12
inaccuracy:  0.65000        0.70000           64.44           -0.10            0.10
inaccuracy:  0.70000        0.75000           64.85           -0.10            0.09
inaccuracy:  0.75000        0.80000           64.21           -0.10            0.09
inaccuracy:  0.80000        0.85000           65.34           -0.10            0.09
inaccuracy:  0.85000        0.90000           65.75           -0.08            0.09
inaccuracy:  0.90000        0.95000           63.48           -0.10            0.09
inaccuracy:  0.95000        1.00000           65.75           -0.10            0.10
===================================================================================================================================
                BAR        
-----------------------------------------------------------------------------------------------------------------------------------
BAR-estimator:         λ             λ+δλ          ΔΔA             ΔA            C               Δδe            δe       
                          
-----------------------------------------------------------------------------------------------------------------------------------
BAR-estimator:      0.00000        0.05000        1.9832         1.9832         1.9832         0.0118         0.0118 
BAR-estimator:      0.05000        0.10000        1.2346         3.2178         1.2346         0.0087         0.0147 
BAR-estimator:      0.10000        0.15000        0.7437         3.9615         0.7437         0.0095         0.0175 
BAR-estimator:      0.15000        0.20000        0.4115         4.3730         0.4115         0.0069         0.0188 
BAR-estimator:      0.20000        0.25000        0.2330         4.6060         0.2330         0.0047         0.0194 
BAR-estimator:      0.25000        0.30000        0.1287         4.7347         0.1287         0.0051         0.0200 
BAR-estimator:      0.30000        0.35000        0.0620         4.7967         0.0620         0.0045         0.0205 
BAR-estimator:      0.35000        0.40000        0.0041         4.8009         0.0041         0.0040         0.0209 
BAR-estimator:      0.40000        0.45000       -0.0373         4.7636        -0.0373         0.0040         0.0213 
BAR-estimator:      0.45000        0.50000       -0.0752         4.6884        -0.0752         0.0038         0.0216 
BAR-estimator:      0.50000        0.55000       -0.1694         4.5190        -0.1694         0.0038         0.0220 
BAR-estimator:      0.55000        0.60000       -0.3365         4.1825        -0.3365         0.0039         0.0223 
BAR-estimator:      0.60000        0.65000       -0.4778         3.7048        -0.4778         0.0040         0.0227 
BAR-estimator:      0.65000        0.70000       -0.6041         3.1007        -0.6041         0.0043         0.0231 
BAR-estimator:      0.70000        0.75000       -0.6985         2.4022        -0.6985         0.0037         0.0234 
BAR-estimator:      0.75000        0.80000       -0.7559         1.6463        -0.7559         0.0039         0.0237 
BAR-estimator:      0.80000        0.85000       -0.7704         0.8759        -0.7704         0.0038         0.0240 
BAR-estimator:      0.85000        0.90000       -0.7869         0.0890        -0.7869         0.0042         0.0244 
BAR-estimator:      0.90000        0.95000       -0.7888        -0.6997        -0.7888         0.0038         0.0247 
BAR-estimator:      0.95000        1.00000       -0.7808        -1.4806        -0.7808         0.0041         0.0250 
BAR-estimator: total free energy change is -1.480570355175875 , total error is 0.025004304768128708
