#========================================================================================
#                     Free energy perturbation    
#----------------------------------------------------------------------------------------
#forward/backward          λ              ΔΔA                 ΔA                  δε   
#                                                 
#----------------------------------------------------------------------------------------
forward:               0.0000              0.0000              0.0000              0.0000  
forward:               0.0500              1.1603              1.1603              0.0185  
forward:               0.1000              0.5997              1.7600              0.0220  
forward:               0.1500              0.3326              2.0926              0.0244  
forward:               0.2000              0.1925              2.2851              0.0255  
forward:               0.2500              0.1169              2.4020              0.0261  
forward:               0.3000              0.0695              2.4714              0.0268  
forward:               0.3500              0.0382              2.5097              0.0272  
forward:               0.4000              0.0193              2.5289              0.0276  
forward:               0.4500             -0.0109              2.5181              0.0279  
forward:               0.5000             -0.0269              2.4911              0.0283  
forward:               0.5500             -0.0613              2.4299              0.0288  
forward:               0.6000             -0.2146              2.2153              0.0293  
forward:               0.6500             -0.3135              1.9018              0.0298  
forward:               0.7000             -0.4011              1.5007              0.0301  
forward:               0.7500             -0.4756              1.0250              0.0306  
forward:               0.8000             -0.5539              0.4712              0.0311  
forward:               0.8500             -0.6104             -0.1392              0.0314  
forward:               0.9000             -0.6463             -0.7855              0.0317  
forward:               0.9500             -0.6610             -1.4465              0.0320  
forward:               1.0000             -0.6730             -2.1195              0.0323  
backward:              1.0000              0.0000             -2.1195              0.0000  
backward:              0.9500              0.6842             -1.4353              0.0050  
backward:              0.9000              0.6717             -0.7636              0.0073  
backward:              0.8500              0.6417             -0.1220              0.0088  
backward:              0.8000              0.5996              0.4776              0.0108  
backward:              0.7500              0.5620              1.0396              0.0120  
backward:              0.7000              0.4824              1.5220              0.0132  
backward:              0.6500              0.3921              1.9141              0.0144  
backward:              0.6000              0.3059              2.2200              0.0155  
backward:              0.5500              0.2061              2.4262              0.0165  
backward:              0.5000              0.0587              2.4849              0.0179  
backward:              0.4500              0.0246              2.5095              0.0186  
backward:              0.4000              0.0055              2.5150              0.0192  
backward:              0.3500             -0.0119              2.5031              0.0198  
backward:              0.3000             -0.0473              2.4558              0.0206  
backward:              0.2500             -0.0689              2.3868              0.0214  
backward:              0.2000             -0.1162              2.2706              0.0226  
backward:              0.1500             -0.1908              2.0798              0.0244  
backward:              0.1000             -0.3288              1.7510              0.0273  
backward:              0.0500             -0.6005              1.1505              0.0344  
backward:              0.0000             -1.1559             -0.0054              0.0445  
Inaccuracy estimation
======================================================================================================
                   i        i+δi          P0_overlap_P1   δε(forward)/ε   δε(backward)/ε
======================================================================================================
inaccuracy:  0.00000        0.05000           42.30           -0.03            1.22
inaccuracy:  0.05000        0.10000           54.85           -0.02            0.64
inaccuracy:  0.10000        0.15000           64.24           -0.01            0.33
inaccuracy:  0.15000        0.20000           68.39           -0.01            0.22
inaccuracy:  0.20000        0.25000           72.52           -0.01            0.16
inaccuracy:  0.25000        0.30000           73.54           -0.01            0.13
inaccuracy:  0.30000        0.35000           76.17           -0.01            0.11
inaccuracy:  0.35000        0.40000           74.48           -0.01            0.10
inaccuracy:  0.40000        0.45000           77.24           -0.01            0.09
inaccuracy:  0.45000        0.50000           76.65           -0.01            0.09
inaccuracy:  0.50000        0.55000           70.98           -0.04            0.12
inaccuracy:  0.55000        0.60000           72.84           -0.05            0.09
inaccuracy:  0.60000        0.65000           72.84           -0.05            0.08
inaccuracy:  0.65000        0.70000           72.70           -0.05            0.07
inaccuracy:  0.70000        0.75000           71.86           -0.06            0.07
inaccuracy:  0.75000        0.80000           72.16           -0.06            0.06
inaccuracy:  0.80000        0.85000           73.27           -0.05            0.06
inaccuracy:  0.85000        0.90000           72.35           -0.05            0.05
inaccuracy:  0.90000        0.95000           71.93           -0.05            0.06
inaccuracy:  0.95000        1.00000           70.87           -0.06            0.06
===================================================================================================================================
                BAR        
-----------------------------------------------------------------------------------------------------------------------------------
BAR-estimator:         λ             λ+δλ          ΔΔA             ΔA            C               Δδe            δe       
                          
-----------------------------------------------------------------------------------------------------------------------------------
BAR-estimator:      0.00000        0.05000        1.1698         1.1698         1.1698         0.0108         0.0108 
BAR-estimator:      0.05000        0.10000        0.6036         1.7735         0.6036         0.0080         0.0135 
BAR-estimator:      0.10000        0.15000        0.3273         2.1007         0.3273         0.0069         0.0151 
BAR-estimator:      0.15000        0.20000        0.1901         2.2909         0.1901         0.0049         0.0159 
BAR-estimator:      0.20000        0.25000        0.1203         2.4112         0.1203         0.0040         0.0164 
BAR-estimator:      0.25000        0.30000        0.0683         2.4795         0.0683         0.0041         0.0169 
BAR-estimator:      0.30000        0.35000        0.0414         2.5209         0.0414         0.0036         0.0172 
BAR-estimator:      0.35000        0.40000        0.0162         2.5370         0.0162         0.0034         0.0176 
BAR-estimator:      0.40000        0.45000       -0.0082         2.5289        -0.0082         0.0032         0.0179 
BAR-estimator:      0.45000        0.50000       -0.0255         2.5034        -0.0255         0.0031         0.0181 
BAR-estimator:      0.50000        0.55000       -0.0595         2.4439        -0.0595         0.0036         0.0185 
BAR-estimator:      0.55000        0.60000       -0.2082         2.2356        -0.2082         0.0033         0.0188 
BAR-estimator:      0.60000        0.65000       -0.3103         1.9253        -0.3103         0.0036         0.0191 
BAR-estimator:      0.65000        0.70000       -0.3975         1.5278        -0.3975         0.0030         0.0194 
BAR-estimator:      0.70000        0.75000       -0.4790         1.0488        -0.4790         0.0034         0.0197 
BAR-estimator:      0.75000        0.80000       -0.5566         0.4922        -0.5566         0.0040         0.0201 
BAR-estimator:      0.80000        0.85000       -0.6050        -0.1128        -0.6050         0.0036         0.0204 
BAR-estimator:      0.85000        0.90000       -0.6458        -0.7586        -0.6458         0.0036         0.0207 
BAR-estimator:      0.90000        0.95000       -0.6638        -1.4224        -0.6638         0.0036         0.0210 
BAR-estimator:      0.95000        1.00000       -0.6769        -2.0993        -0.6769         0.0036         0.0213 
BAR-estimator: total free energy change is -2.099281673015952 , total error is 0.02131146426411911
