#========================================================================================
#                     Free energy perturbation    
#----------------------------------------------------------------------------------------
#forward/backward          λ              ΔΔA                 ΔA                  δε   
#                                                 
#----------------------------------------------------------------------------------------
forward:               0.0000              0.0000              0.0000              0.0000  
forward:               0.0500              1.8203              1.8203              0.0236  
forward:               0.1000              1.1119              2.9322              0.0297  
forward:               0.1500              0.6010              3.5332              0.0336  
forward:               0.2000              0.2850              3.8183              0.0349  
forward:               0.2500              0.1415              3.9598              0.0358  
forward:               0.3000              0.0326              3.9925              0.0363  
forward:               0.3500             -0.0242              3.9683              0.0367  
forward:               0.4000             -0.0593              3.9090              0.0370  
forward:               0.4500             -0.1028              3.8062              0.0373  
forward:               0.5000             -0.1273              3.6790              0.0376  
forward:               0.5500             -0.2598              3.4192              0.0379  
forward:               0.6000             -0.4735              2.9457              0.0383  
forward:               0.6500             -0.6680              2.2777              0.0387  
forward:               0.7000             -0.8145              1.4633              0.0390  
forward:               0.7500             -0.9521              0.5111              0.0394  
forward:               0.8000             -1.0380             -0.5269              0.0399  
forward:               0.8500             -1.1050             -1.6320              0.0405  
forward:               0.9000             -1.1436             -2.7756              0.0423  
forward:               0.9500             -1.1909             -3.9665              0.0431  
forward:               1.0000             -1.2244             -5.1909              0.0433  
backward:              1.0000              0.0000             -5.1909              0.0000  
backward:              0.9500              1.2349             -3.9560              0.0060  
backward:              0.9000              1.2000             -2.7561              0.0103  
backward:              0.8500              1.1740             -1.5821              0.0121  
backward:              0.8000              1.1077             -0.4744              0.0153  
backward:              0.7500              1.0326              0.5582              0.0167  
backward:              0.7000              0.9438              1.5020              0.0177  
backward:              0.6500              0.8181              2.3200              0.0189  
backward:              0.6000              0.6700              2.9901              0.0200  
backward:              0.5500              0.4830              3.4730              0.0207  
backward:              0.5000              0.2502              3.7232              0.0222  
backward:              0.4500              0.1322              3.8554              0.0231  
backward:              0.4000              0.1047              3.9601              0.0238  
backward:              0.3500              0.0738              4.0339              0.0247  
backward:              0.3000              0.0148              4.0487              0.0258  
backward:              0.2500             -0.0466              4.0021              0.0274  
backward:              0.2000             -0.1318              3.8703              0.0292  
backward:              0.1500             -0.2773              3.5930              0.0315  
backward:              0.1000             -0.5918              3.0011              0.0443  
backward:              0.0500             -1.1303              1.8709              0.0556  
backward:              0.0000             -1.8088              0.0621              0.0670  
Inaccuracy estimation
======================================================================================================
                   i        i+δi          P0_overlap_P1   δε(forward)/ε   δε(backward)/ε
======================================================================================================
inaccuracy:  0.00000        0.05000           32.82           -0.03            2.23
inaccuracy:  0.05000        0.10000           41.18           -0.05            1.25
inaccuracy:  0.10000        0.15000           50.84           -0.05            0.72
inaccuracy:  0.15000        0.20000           59.93           -0.04            0.40
inaccuracy:  0.20000        0.25000           63.44           -0.03            0.29
inaccuracy:  0.25000        0.30000           68.23           -0.02            0.19
inaccuracy:  0.30000        0.35000           69.78           -0.02            0.15
inaccuracy:  0.35000        0.40000           69.19           -0.03            0.15
inaccuracy:  0.40000        0.45000           71.28           -0.02            0.12
inaccuracy:  0.45000        0.50000           70.97           -0.03            0.12
inaccuracy:  0.50000        0.55000           64.68           -0.09            0.16
inaccuracy:  0.55000        0.60000           64.12           -0.10            0.12
inaccuracy:  0.60000        0.65000           65.20           -0.12            0.08
inaccuracy:  0.65000        0.70000           65.14           -0.14            0.07
inaccuracy:  0.70000        0.75000           66.04           -0.12            0.05
inaccuracy:  0.75000        0.80000           65.57           -0.13            0.05
inaccuracy:  0.80000        0.85000           64.90           -0.13            0.05
inaccuracy:  0.85000        0.90000           62.71           -0.17            0.05
inaccuracy:  0.90000        0.95000           63.19           -0.16            0.05
inaccuracy:  0.95000        1.00000           62.12           -0.16            0.04
===================================================================================================================================
                BAR        
-----------------------------------------------------------------------------------------------------------------------------------
BAR-estimator:         λ             λ+δλ          ΔΔA             ΔA            C               Δδe            δe       
                          
-----------------------------------------------------------------------------------------------------------------------------------
BAR-estimator:      0.00000        0.05000        1.8196         1.8196         1.8196         0.0179         0.0179 
BAR-estimator:      0.05000        0.10000        1.1134         2.9330         1.1134         0.0107         0.0209 
BAR-estimator:      0.10000        0.15000        0.5970         3.5300         0.5970         0.0091         0.0228 
BAR-estimator:      0.15000        0.20000        0.2839         3.8139         0.2839         0.0061         0.0236 
BAR-estimator:      0.20000        0.25000        0.1368         3.9507         0.1368         0.0053         0.0242 
BAR-estimator:      0.25000        0.30000        0.0385         3.9892         0.0385         0.0041         0.0245 
BAR-estimator:      0.30000        0.35000       -0.0212         3.9680        -0.0212         0.0040         0.0248 
BAR-estimator:      0.35000        0.40000       -0.0635         3.9045        -0.0635         0.0034         0.0251 
BAR-estimator:      0.40000        0.45000       -0.1027         3.8017        -0.1027         0.0032         0.0253 
BAR-estimator:      0.45000        0.50000       -0.1293         3.6724        -0.1293         0.0026         0.0254 
BAR-estimator:      0.50000        0.55000       -0.2534         3.4190        -0.2534         0.0038         0.0257 
BAR-estimator:      0.55000        0.60000       -0.4739         2.9451        -0.4739         0.0037         0.0260 
BAR-estimator:      0.60000        0.65000       -0.6722         2.2730        -0.6722         0.0037         0.0262 
BAR-estimator:      0.65000        0.70000       -0.8212         1.4518        -0.8212         0.0036         0.0265 
BAR-estimator:      0.70000        0.75000       -0.9476         0.5042        -0.9476         0.0046         0.0269 
BAR-estimator:      0.75000        0.80000       -1.0351        -0.5309        -1.0351         0.0039         0.0272 
BAR-estimator:      0.80000        0.85000       -1.1042        -1.6351        -1.1042         0.0048         0.0276 
BAR-estimator:      0.85000        0.90000       -1.1581        -2.7932        -1.1581         0.0077         0.0286 
BAR-estimator:      0.90000        0.95000       -1.1924        -3.9856        -1.1924         0.0055         0.0291 
BAR-estimator:      0.95000        1.00000       -1.2329        -5.2185        -1.2329         0.0038         0.0294 
BAR-estimator: total free energy change is -5.218528426113075 , total error is 0.029386446801729384
