#========================================================================================
#                     Free energy perturbation    
#----------------------------------------------------------------------------------------
#forward/backward          λ              ΔΔA                 ΔA                  δε   
#                                                 
#----------------------------------------------------------------------------------------
forward:               0.0000              0.0000              0.0000              0.0000  
forward:               0.0500              1.6188              1.6188              0.0089  
forward:               0.1000              0.8421              2.4609              0.0199  
forward:               0.1500              0.4477              2.9086              0.0234  
forward:               0.2000              0.2628              3.1714              0.0250  
forward:               0.2500              0.1468              3.3182              0.0259  
forward:               0.3000              0.0754              3.3936              0.0267  
forward:               0.3500              0.0183              3.4119              0.0273  
forward:               0.4000             -0.0268              3.3851              0.0278  
forward:               0.4500             -0.0409              3.3442              0.0282  
forward:               0.5000             -0.0707              3.2735              0.0286  
forward:               0.5500             -0.1480              3.1255              0.0292  
forward:               0.6000             -0.2937              2.8318              0.0297  
forward:               0.6500             -0.4233              2.4085              0.0301  
forward:               0.7000             -0.5378              1.8707              0.0310  
forward:               0.7500             -0.6245              1.2463              0.0315  
forward:               0.8000             -0.7043              0.5419              0.0319  
forward:               0.8500             -0.7337             -0.1917              0.0323  
forward:               0.9000             -0.7673             -0.9590              0.0327  
forward:               0.9500             -0.7661             -1.7251              0.0331  
forward:               1.0000             -0.7783             -2.5034              0.0333  
backward:              1.0000              0.0000             -2.5034              0.0000  
backward:              0.9500              0.7644             -1.7390              0.0065  
backward:              0.9000              0.7656             -0.9734              0.0087  
backward:              0.8500              0.7597             -0.2137              0.0112  
backward:              0.8000              0.7431              0.5294              0.0125  
backward:              0.7500              0.7007              1.2301              0.0134  
backward:              0.7000              0.6298              1.8599              0.0148  
backward:              0.6500              0.5534              2.4133              0.0161  
backward:              0.6000              0.4219              2.8352              0.0172  
backward:              0.5500              0.2879              3.1231              0.0182  
backward:              0.5000              0.1371              3.2602              0.0194  
backward:              0.4500              0.0572              3.3173              0.0201  
backward:              0.4000              0.0465              3.3639              0.0210  
backward:              0.3500              0.0035              3.3673              0.0221  
backward:              0.3000             -0.0233              3.3441              0.0229  
backward:              0.2500             -0.0702              3.2739              0.0240  
backward:              0.2000             -0.1301              3.1438              0.0253  
backward:              0.1500             -0.2498              2.8940              0.0275  
backward:              0.1000             -0.4571              2.4368              0.0315  
backward:              0.0500             -0.8709              1.5659              0.0417  
backward:              0.0000             -1.5989             -0.0330              0.0578  
Inaccuracy estimation
======================================================================================================
                   i        i+δi          P0_overlap_P1   δε(forward)/ε   δε(backward)/ε
======================================================================================================
inaccuracy:  0.00000        0.05000           35.50           -0.03            1.70
inaccuracy:  0.05000        0.10000           48.76           -0.04            1.03
inaccuracy:  0.10000        0.15000           58.20           -0.02            0.52
inaccuracy:  0.15000        0.20000           63.65           -0.01            0.30
inaccuracy:  0.20000        0.25000           67.51           -0.01            0.22
inaccuracy:  0.25000        0.30000           69.77           -0.01            0.16
inaccuracy:  0.30000        0.35000           72.71           -0.01            0.13
inaccuracy:  0.35000        0.40000           74.77           -0.02            0.12
inaccuracy:  0.40000        0.45000           73.14           -0.01            0.11
inaccuracy:  0.45000        0.50000           76.06           -0.01            0.10
inaccuracy:  0.50000        0.55000           69.74           -0.05            0.13
inaccuracy:  0.55000        0.60000           70.04           -0.07            0.10
inaccuracy:  0.60000        0.65000           69.75           -0.07            0.09
inaccuracy:  0.65000        0.70000           67.74           -0.08            0.07
inaccuracy:  0.70000        0.75000           69.12           -0.07            0.07
inaccuracy:  0.75000        0.80000           69.11           -0.07            0.06
inaccuracy:  0.80000        0.85000           69.26           -0.08            0.06
inaccuracy:  0.85000        0.90000           69.92           -0.07            0.06
inaccuracy:  0.90000        0.95000           69.29           -0.06            0.06
inaccuracy:  0.95000        1.00000           69.52           -0.06            0.06
===================================================================================================================================
                BAR        
-----------------------------------------------------------------------------------------------------------------------------------
BAR-estimator:         λ             λ+δλ          ΔΔA             ΔA            C               Δδe            δe       
                          
-----------------------------------------------------------------------------------------------------------------------------------
BAR-estimator:      0.00000        0.05000        1.6065         1.6065         1.6065         0.0119         0.0119 
BAR-estimator:      0.05000        0.10000        0.8633         2.4698         0.8633         0.0105         0.0159 
BAR-estimator:      0.10000        0.15000        0.4514         2.9212         0.4514         0.0079         0.0178 
BAR-estimator:      0.15000        0.20000        0.2568         3.1780         0.2568         0.0057         0.0187 
BAR-estimator:      0.20000        0.25000        0.1431         3.3212         0.1431         0.0045         0.0192 
BAR-estimator:      0.25000        0.30000        0.0732         3.3944         0.0732         0.0047         0.0198 
BAR-estimator:      0.30000        0.35000        0.0206         3.4150         0.0206         0.0038         0.0201 
BAR-estimator:      0.35000        0.40000       -0.0184         3.3966        -0.0184         0.0037         0.0205 
BAR-estimator:      0.40000        0.45000       -0.0440         3.3526        -0.0440         0.0030         0.0207 
BAR-estimator:      0.45000        0.50000       -0.0641         3.2884        -0.0641         0.0032         0.0210 
BAR-estimator:      0.50000        0.55000       -0.1421         3.1463        -0.1421         0.0045         0.0214 
BAR-estimator:      0.55000        0.60000       -0.2908         2.8555        -0.2908         0.0031         0.0217 
BAR-estimator:      0.60000        0.65000       -0.4212         2.4344        -0.4212         0.0034         0.0219 
BAR-estimator:      0.65000        0.70000       -0.5451         1.8893        -0.5451         0.0048         0.0224 
BAR-estimator:      0.70000        0.75000       -0.6273         1.2620        -0.6273         0.0037         0.0228 
BAR-estimator:      0.75000        0.80000       -0.7052         0.5568        -0.7052         0.0037         0.0231 
BAR-estimator:      0.80000        0.85000       -0.7367        -0.1799        -0.7367         0.0030         0.0232 
BAR-estimator:      0.85000        0.90000       -0.7629        -0.9428        -0.7629         0.0040         0.0236 
BAR-estimator:      0.90000        0.95000       -0.7644        -1.7072        -0.7644         0.0040         0.0239 
BAR-estimator:      0.95000        1.00000       -0.7744        -2.4816        -0.7744         0.0037         0.0242 
BAR-estimator: total free energy change is -2.481570407741674 , total error is 0.0242156633078953
