#========================================================================================
#                     Free energy perturbation    
#----------------------------------------------------------------------------------------
#forward/backward          λ              ΔΔA                 ΔA                  δε   
#                                                 
#----------------------------------------------------------------------------------------
forward:               0.0000              0.0000              0.0000              0.0000  
forward:               0.0500              2.3650              2.3650              0.0293  
forward:               0.1000              1.2972              3.6622              0.0413  
forward:               0.1500              0.6560              4.3182              0.0440  
forward:               0.2000              0.3089              4.6271              0.0470  
forward:               0.2500              0.1343              4.7613              0.0476  
forward:               0.3000              0.0294              4.7907              0.0481  
forward:               0.3500             -0.0139              4.7768              0.0485  
forward:               0.4000             -0.0682              4.7086              0.0489  
forward:               0.4500             -0.1088              4.5997              0.0493  
forward:               0.5000             -0.1303              4.4694              0.0496  
forward:               0.5500             -0.2423              4.2271              0.0501  
forward:               0.6000             -0.4174              3.8097              0.0505  
forward:               0.6500             -0.5897              3.2200              0.0509  
forward:               0.7000             -0.7305              2.4894              0.0513  
forward:               0.7500             -0.8244              1.6650              0.0514  
forward:               0.8000             -0.8792              0.7858              0.0515  
forward:               0.8500             -0.9335             -0.1477              0.0518  
forward:               0.9000             -0.9465             -1.0942              0.0520  
forward:               0.9500             -0.9564             -2.0507              0.0523  
forward:               1.0000             -0.9679             -3.0185              0.0526  
backward:              1.0000              0.0000             -3.0185              0.0000  
backward:              0.9500              0.9565             -2.0621              0.0063  
backward:              0.9000              0.9632             -1.0988              0.0085  
backward:              0.8500              0.9405             -0.1584              0.0111  
backward:              0.8000              0.9288              0.7705              0.0126  
backward:              0.7500              0.8835              1.6540              0.0145  
backward:              0.7000              0.8136              2.4676              0.0161  
backward:              0.6500              0.7259              3.1935              0.0172  
backward:              0.6000              0.5764              3.7698              0.0186  
backward:              0.5500              0.4168              4.1866              0.0198  
backward:              0.5000              0.2287              4.4153              0.0220  
backward:              0.4500              0.1231              4.5384              0.0232  
backward:              0.4000              0.1003              4.6386              0.0241  
backward:              0.3500              0.0687              4.7074              0.0250  
backward:              0.3000              0.0289              4.7363              0.0261  
backward:              0.2500             -0.0350              4.7012              0.0275  
backward:              0.2000             -0.1229              4.5783              0.0296  
backward:              0.1500             -0.2728              4.3056              0.0329  
backward:              0.1000             -0.6124              3.6932              0.0375  
backward:              0.0500             -1.2498              2.4434              0.0553  
backward:              0.0000             -2.3640              0.0795              0.0961  
Inaccuracy estimation
======================================================================================================
                   i        i+δi          P0_overlap_P1   δε(forward)/ε   δε(backward)/ε
======================================================================================================
inaccuracy:  0.00000        0.05000           28.51            0.06            2.62
inaccuracy:  0.05000        0.10000           36.53           -0.07            1.81
inaccuracy:  0.10000        0.15000           47.33           -0.05            0.86
inaccuracy:  0.15000        0.20000           56.87           -0.03            0.46
inaccuracy:  0.20000        0.25000           62.36           -0.03            0.29
inaccuracy:  0.25000        0.30000           66.41           -0.02            0.22
inaccuracy:  0.30000        0.35000           66.65           -0.02            0.18
inaccuracy:  0.35000        0.40000           68.82           -0.03            0.16
inaccuracy:  0.40000        0.45000           70.91           -0.02            0.14
inaccuracy:  0.45000        0.50000           70.60           -0.02            0.13
inaccuracy:  0.50000        0.55000           65.58           -0.07            0.16
inaccuracy:  0.55000        0.60000           64.55           -0.09            0.12
inaccuracy:  0.60000        0.65000           65.82           -0.10            0.10
inaccuracy:  0.65000        0.70000           65.53           -0.09            0.08
inaccuracy:  0.70000        0.75000           66.13           -0.09            0.07
inaccuracy:  0.75000        0.80000           65.18           -0.11            0.07
inaccuracy:  0.80000        0.85000           65.48           -0.08            0.07
inaccuracy:  0.85000        0.90000           65.31           -0.11            0.07
inaccuracy:  0.90000        0.95000           65.06           -0.12            0.07
inaccuracy:  0.95000        1.00000           65.28           -0.10            0.07
===================================================================================================================================
                BAR        
-----------------------------------------------------------------------------------------------------------------------------------
BAR-estimator:         λ             λ+δλ          ΔΔA             ΔA            C               Δδe            δe       
                          
-----------------------------------------------------------------------------------------------------------------------------------
BAR-estimator:      0.00000        0.05000        2.3196         2.3196         2.3196         0.0134         0.0134 
BAR-estimator:      0.05000        0.10000        1.3036         3.6232         1.3036         0.0146         0.0198 
BAR-estimator:      0.10000        0.15000        0.6373         4.2605         0.6373         0.0095         0.0220 
BAR-estimator:      0.15000        0.20000        0.2996         4.5601         0.2996         0.0103         0.0243 
BAR-estimator:      0.20000        0.25000        0.1288         4.6889         0.1288         0.0048         0.0248 
BAR-estimator:      0.25000        0.30000        0.0316         4.7205         0.0316         0.0046         0.0252 
BAR-estimator:      0.30000        0.35000       -0.0188         4.7017        -0.0188         0.0036         0.0254 
BAR-estimator:      0.35000        0.40000       -0.0668         4.6350        -0.0668         0.0041         0.0257 
BAR-estimator:      0.40000        0.45000       -0.1040         4.5310        -0.1040         0.0041         0.0261 
BAR-estimator:      0.45000        0.50000       -0.1267         4.4042        -0.1267         0.0036         0.0263 
BAR-estimator:      0.50000        0.55000       -0.2368         4.1674        -0.2368         0.0048         0.0268 
BAR-estimator:      0.55000        0.60000       -0.4168         3.7506        -0.4168         0.0040         0.0270 
BAR-estimator:      0.60000        0.65000       -0.5853         3.1653        -0.5853         0.0038         0.0273 
BAR-estimator:      0.65000        0.70000       -0.7254         2.4399        -0.7254         0.0040         0.0276 
BAR-estimator:      0.70000        0.75000       -0.8212         1.6187        -0.8212         0.0030         0.0278 
BAR-estimator:      0.75000        0.80000       -0.8815         0.7371        -0.8815         0.0042         0.0281 
BAR-estimator:      0.80000        0.85000       -0.9299        -0.1928        -0.9299         0.0044         0.0284 
BAR-estimator:      0.85000        0.90000       -0.9479        -1.1407        -0.9479         0.0037         0.0287 
BAR-estimator:      0.90000        0.95000       -0.9600        -2.1007        -0.9600         0.0044         0.0290 
BAR-estimator:      0.95000        1.00000       -0.9641        -3.0648        -0.9641         0.0044         0.0293 
BAR-estimator: total free energy change is -3.0648083376175816 , total error is 0.029346592799575945
