#========================================================================================
#                     Free energy perturbation    
#----------------------------------------------------------------------------------------
#forward/backward          λ              ΔΔA                 ΔA                  δε   
#                                                 
#----------------------------------------------------------------------------------------
forward:               0.0000              0.0000              0.0000              0.0000  
forward:               0.0500              2.4899              2.4899              0.0349  
forward:               0.1000              1.3373              3.8273              0.0428  
forward:               0.1500              0.6295              4.4568              0.0455  
forward:               0.2000              0.2632              4.7199              0.0475  
forward:               0.2500              0.0629              4.7828              0.0481  
forward:               0.3000             -0.0336              4.7492              0.0486  
forward:               0.3500             -0.1209              4.6283              0.0490  
forward:               0.4000             -0.1623              4.4660              0.0494  
forward:               0.4500             -0.1964              4.2697              0.0497  
forward:               0.5000             -0.2451              4.0246              0.0500  
forward:               0.5500             -0.4123              3.6123              0.0506  
forward:               0.6000             -0.7507              2.8616              0.0511  
forward:               0.6500             -1.0550              1.8066              0.0531  
forward:               0.7000             -1.2955              0.5112              0.0535  
forward:               0.7500             -1.4651             -0.9539              0.0539  
forward:               0.8000             -1.5829             -2.5368              0.0543  
forward:               0.8500             -1.6572             -4.1940              0.0546  
forward:               0.9000             -1.7137             -5.9076              0.0548  
forward:               0.9500             -1.7454             -7.6530              0.0553  
forward:               1.0000             -1.7723             -9.4253              0.0556  
backward:              1.0000              0.0000             -9.4253              0.0000  
backward:              0.9500              1.7728             -7.6525              0.0066  
backward:              0.9000              1.7301             -5.9225              0.0096  
backward:              0.8500              1.7100             -4.2124              0.0120  
backward:              0.8000              1.6523             -2.5602              0.0143  
backward:              0.7500              1.5697             -0.9905              0.0164  
backward:              0.7000              1.4651              0.4746              0.0179  
backward:              0.6500              1.2846              1.7592              0.0198  
backward:              0.6000              1.0462              2.8054              0.0216  
backward:              0.5500              0.7502              3.5556              0.0232  
backward:              0.5000              0.4146              3.9702              0.0251  
backward:              0.4500              0.2455              4.2158              0.0258  
backward:              0.4000              0.2066              4.4223              0.0267  
backward:              0.3500              0.1705              4.5928              0.0274  
backward:              0.3000              0.1078              4.7006              0.0285  
backward:              0.2500              0.0326              4.7332              0.0299  
backward:              0.2000             -0.0828              4.6503              0.0318  
backward:              0.1500             -0.2400              4.4104              0.0340  
backward:              0.1000             -0.6867              3.7236              0.0533  
backward:              0.0500             -1.3374              2.3862              0.0791  
backward:              0.0000             -2.4196             -0.0334              0.1046  
Inaccuracy estimation
======================================================================================================
                   i        i+δi          P0_overlap_P1   δε(forward)/ε   δε(backward)/ε
======================================================================================================
inaccuracy:  0.00000        0.05000           24.85            0.07            3.16
inaccuracy:  0.05000        0.10000           35.02           -0.08            1.86
inaccuracy:  0.10000        0.15000           47.38           -0.05            0.89
inaccuracy:  0.15000        0.20000           56.12           -0.05            0.47
inaccuracy:  0.20000        0.25000           62.92           -0.04            0.29
inaccuracy:  0.25000        0.30000           64.47           -0.04            0.21
inaccuracy:  0.30000        0.35000           67.67           -0.03            0.16
inaccuracy:  0.35000        0.40000           68.03           -0.03            0.15
inaccuracy:  0.40000        0.45000           68.44           -0.03            0.14
inaccuracy:  0.45000        0.50000           70.02           -0.03            0.13
inaccuracy:  0.50000        0.55000           58.99           -0.16            0.19
inaccuracy:  0.55000        0.60000           59.64           -0.18            0.12
inaccuracy:  0.60000        0.65000           60.28           -0.18            0.07
inaccuracy:  0.65000        0.70000           62.08           -0.19            0.04
inaccuracy:  0.70000        0.75000           62.54           -0.19            0.01
inaccuracy:  0.75000        0.80000           62.42           -0.19            0.00
inaccuracy:  0.80000        0.85000           61.49           -0.22           -0.00
inaccuracy:  0.85000        0.90000           61.05           -0.18           -0.01
inaccuracy:  0.90000        0.95000           61.67           -0.18           -0.01
inaccuracy:  0.95000        1.00000           60.04           -0.22           -0.01
===================================================================================================================================
                BAR        
-----------------------------------------------------------------------------------------------------------------------------------
BAR-estimator:         λ             λ+δλ          ΔΔA             ΔA            C               Δδe            δe       
                          
-----------------------------------------------------------------------------------------------------------------------------------
BAR-estimator:      0.00000        0.05000        2.4286         2.4286         2.4286         0.0159         0.0159 
BAR-estimator:      0.05000        0.10000        1.3334         3.7620         1.3334         0.0123         0.0201 
BAR-estimator:      0.10000        0.15000        0.6357         4.3978         0.6357         0.0089         0.0220 
BAR-estimator:      0.15000        0.20000        0.2612         4.6589         0.2612         0.0100         0.0241 
BAR-estimator:      0.20000        0.25000        0.0692         4.7281         0.0692         0.0059         0.0249 
BAR-estimator:      0.25000        0.30000       -0.0379         4.6902        -0.0379         0.0045         0.0253 
BAR-estimator:      0.30000        0.35000       -0.1156         4.5746        -0.1156         0.0043         0.0256 
BAR-estimator:      0.35000        0.40000       -0.1634         4.4112        -0.1634         0.0038         0.0259 
BAR-estimator:      0.40000        0.45000       -0.1986         4.2126        -0.1986         0.0037         0.0262 
BAR-estimator:      0.45000        0.50000       -0.2453         3.9672        -0.2453         0.0035         0.0264 
BAR-estimator:      0.50000        0.55000       -0.4154         3.5518        -0.4154         0.0041         0.0267 
BAR-estimator:      0.55000        0.60000       -0.7513         2.8005        -0.7513         0.0046         0.0271 
BAR-estimator:      0.60000        0.65000       -1.0508         1.7497        -1.0508         0.0044         0.0275 
BAR-estimator:      0.65000        0.70000       -1.2898         0.4599        -1.2898         0.0045         0.0278 
BAR-estimator:      0.70000        0.75000       -1.4635        -1.0036        -1.4635         0.0044         0.0282 
BAR-estimator:      0.75000        0.80000       -1.5779        -2.5815        -1.5779         0.0045         0.0285 
BAR-estimator:      0.80000        0.85000       -1.6597        -4.2412        -1.6597         0.0045         0.0289 
BAR-estimator:      0.85000        0.90000       -1.7121        -5.9534        -1.7121         0.0049         0.0293 
BAR-estimator:      0.90000        0.95000       -1.7393        -7.6926        -1.7393         0.0047         0.0297 
BAR-estimator:      0.95000        1.00000       -1.7695        -9.4622        -1.7695         0.0047         0.0300 
BAR-estimator: total free energy change is -9.462151823124056 , total error is 0.030039732698749502
