#========================================================================================
#                     Free energy perturbation    
#----------------------------------------------------------------------------------------
#forward/backward          λ              ΔΔA                 ΔA                  δε   
#                                                 
#----------------------------------------------------------------------------------------
forward:               0.0000              0.0000              0.0000              0.0000  
forward:               0.0500              1.5506              1.5506              0.0168  
forward:               0.1000              1.0003              2.5509              0.0211  
forward:               0.1500              0.5844              3.1353              0.0236  
forward:               0.2000              0.3661              3.5014              0.0252  
forward:               0.2500              0.2379              3.7393              0.0261  
forward:               0.3000              0.1604              3.8997              0.0268  
forward:               0.3500              0.1012              4.0009              0.0274  
forward:               0.4000              0.0614              4.0623              0.0280  
forward:               0.4500              0.0260              4.0883              0.0283  
forward:               0.5000              0.0064              4.0947              0.0286  
forward:               0.5500             -0.0020              4.0927              0.0289  
forward:               0.6000             -0.0437              4.0490              0.0292  
forward:               0.6500             -0.0646              3.9844              0.0295  
forward:               0.7000             -0.0918              3.8926              0.0298  
forward:               0.7500             -0.1113              3.7812              0.0300  
forward:               0.8000             -0.1215              3.6597              0.0302  
forward:               0.8500             -0.1284              3.5314              0.0304  
forward:               0.9000             -0.1258              3.4055              0.0306  
forward:               0.9500             -0.1464              3.2591              0.0309  
forward:               1.0000             -0.1502              3.1089              0.0310  
backward:              1.0000              0.0000              3.1089              0.0000  
backward:              0.9500              0.1455              3.2544              0.0045  
backward:              0.9000              0.1404              3.3949              0.0063  
backward:              0.8500              0.1277              3.5226              0.0080  
backward:              0.8000              0.1265              3.6491              0.0093  
backward:              0.7500              0.1089              3.7579              0.0126  
backward:              0.7000              0.1057              3.8636              0.0134  
backward:              0.6500              0.1015              3.9651              0.0142  
backward:              0.6000              0.0770              4.0421              0.0151  
backward:              0.5500              0.0359              4.0780              0.0170  
backward:              0.5000             -0.0036              4.0744              0.0182  
backward:              0.4500             -0.0064              4.0680              0.0189  
backward:              0.4000             -0.0326              4.0354              0.0201  
backward:              0.3500             -0.0636              3.9717              0.0210  
backward:              0.3000             -0.1026              3.8692              0.0222  
backward:              0.2500             -0.1681              3.7010              0.0238  
backward:              0.2000             -0.2327              3.4683              0.0254  
backward:              0.1500             -0.3812              3.0871              0.0282  
backward:              0.1000             -0.5938              2.4933              0.0331  
backward:              0.0500             -0.9817              1.5116              0.0427  
backward:              0.0000             -1.5334             -0.0218              0.0530  
Inaccuracy estimation
======================================================================================================
                   i        i+δi          P0_overlap_P1   δε(forward)/ε   δε(backward)/ε
======================================================================================================
inaccuracy:  0.00000        0.05000           38.64           -0.03            1.63
inaccuracy:  0.05000        0.10000           46.32           -0.04            1.02
inaccuracy:  0.10000        0.15000           55.84           -0.02            0.56
inaccuracy:  0.15000        0.20000           62.18           -0.02            0.36
inaccuracy:  0.20000        0.25000           65.18           -0.01            0.27
inaccuracy:  0.25000        0.30000           67.89           -0.02            0.20
inaccuracy:  0.30000        0.35000           69.26           -0.01            0.17
inaccuracy:  0.35000        0.40000           70.77           -0.02            0.15
inaccuracy:  0.40000        0.45000           71.99           -0.02            0.14
inaccuracy:  0.45000        0.50000           72.19           -0.01            0.13
inaccuracy:  0.50000        0.55000           71.10           -0.03            0.13
inaccuracy:  0.55000        0.60000           72.18           -0.02            0.12
inaccuracy:  0.60000        0.65000           71.65           -0.02            0.11
inaccuracy:  0.65000        0.70000           72.77           -0.03            0.11
inaccuracy:  0.70000        0.75000           73.49           -0.02            0.11
inaccuracy:  0.75000        0.80000           73.05           -0.02            0.10
inaccuracy:  0.80000        0.85000           72.85           -0.02            0.10
inaccuracy:  0.85000        0.90000           72.40           -0.03            0.10
inaccuracy:  0.90000        0.95000           72.99           -0.02            0.10
inaccuracy:  0.95000        1.00000           72.63           -0.02            0.10
===================================================================================================================================
                BAR        
-----------------------------------------------------------------------------------------------------------------------------------
BAR-estimator:         λ             λ+δλ          ΔΔA             ΔA            C               Δδe            δe       
                          
-----------------------------------------------------------------------------------------------------------------------------------
BAR-estimator:      0.00000        0.05000        1.5639         1.5639         1.5639         0.0088         0.0088 
BAR-estimator:      0.05000        0.10000        0.9926         2.5565         0.9926         0.0075         0.0116 
BAR-estimator:      0.10000        0.15000        0.5841         3.1405         0.5841         0.0065         0.0133 
BAR-estimator:      0.15000        0.20000        0.3666         3.5071         0.3666         0.0062         0.0147 
BAR-estimator:      0.20000        0.25000        0.2372         3.7443         0.2372         0.0048         0.0154 
BAR-estimator:      0.25000        0.30000        0.1626         3.9069         0.1626         0.0040         0.0159 
BAR-estimator:      0.30000        0.35000        0.1003         4.0072         0.1003         0.0038         0.0164 
BAR-estimator:      0.35000        0.40000        0.0627         4.0699         0.0627         0.0036         0.0168 
BAR-estimator:      0.40000        0.45000        0.0278         4.0978         0.0278         0.0029         0.0170 
BAR-estimator:      0.45000        0.50000        0.0077         4.1054         0.0077         0.0031         0.0173 
BAR-estimator:      0.50000        0.55000       -0.0003         4.1052        -0.0003         0.0030         0.0176 
BAR-estimator:      0.55000        0.60000       -0.0434         4.0617        -0.0434         0.0031         0.0178 
BAR-estimator:      0.60000        0.65000       -0.0685         3.9932        -0.0685         0.0031         0.0181 
BAR-estimator:      0.65000        0.70000       -0.0931         3.9002        -0.0931         0.0030         0.0183 
BAR-estimator:      0.70000        0.75000       -0.1084         3.7917        -0.1084         0.0029         0.0186 
BAR-estimator:      0.75000        0.80000       -0.1203         3.6714        -0.1203         0.0028         0.0188 
BAR-estimator:      0.80000        0.85000       -0.1264         3.5450        -0.1264         0.0029         0.0190 
BAR-estimator:      0.85000        0.90000       -0.1273         3.4178        -0.1273         0.0032         0.0193 
BAR-estimator:      0.90000        0.95000       -0.1428         3.2749        -0.1428         0.0031         0.0195 
BAR-estimator:      0.95000        1.00000       -0.1485         3.1264        -0.1485         0.0027         0.0197 
BAR-estimator: total free energy change is 3.1263858915336513 , total error is 0.019719821200021727
