#========================================================================================
#                     Free energy perturbation    
#----------------------------------------------------------------------------------------
#forward/backward          λ              ΔΔA                 ΔA                  δε   
#                                                 
#----------------------------------------------------------------------------------------
forward:               0.0000              0.0000              0.0000              0.0000  
forward:               0.0500              1.5454              1.5454              0.0217  
forward:               0.1000              0.8656              2.4110              0.0279  
forward:               0.1500              0.4556              2.8666              0.0298  
forward:               0.2000              0.2439              3.1104              0.0316  
forward:               0.2500              0.1243              3.2347              0.0322  
forward:               0.3000              0.0578              3.2925              0.0327  
forward:               0.3500              0.0252              3.3177              0.0332  
forward:               0.4000             -0.0152              3.3025              0.0336  
forward:               0.4500             -0.0428              3.2597              0.0339  
forward:               0.5000             -0.0711              3.1886              0.0342  
forward:               0.5500             -0.1919              2.9967              0.0347  
forward:               0.6000             -0.4096              2.5871              0.0353  
forward:               0.6500             -0.6062              1.9808              0.0361  
forward:               0.7000             -0.7845              1.1964              0.0370  
forward:               0.7500             -0.8967              0.2997              0.0378  
forward:               0.8000             -0.9440             -0.6443              0.0383  
forward:               0.8500             -0.9530             -1.5973              0.0388  
forward:               0.9000             -0.9233             -2.5207              0.0391  
forward:               0.9500             -0.9105             -3.4312              0.0394  
forward:               1.0000             -0.8812             -4.3124              0.0397  
backward:              1.0000              0.0000             -4.3124              0.0000  
backward:              0.9500              0.8715             -3.4409              0.0090  
backward:              0.9000              0.9056             -2.5353              0.0112  
backward:              0.8500              0.9342             -1.6010              0.0128  
backward:              0.8000              0.9492             -0.6518              0.0150  
backward:              0.7500              0.9415              0.2897              0.0167  
backward:              0.7000              0.8958              1.1855              0.0189  
backward:              0.6500              0.7852              1.9707              0.0207  
backward:              0.6000              0.6163              2.5870              0.0220  
backward:              0.5500              0.4182              3.0052              0.0232  
backward:              0.5000              0.1979              3.2030              0.0245  
backward:              0.4500              0.0682              3.2712              0.0250  
backward:              0.4000              0.0262              3.2974              0.0258  
backward:              0.3500              0.0293              3.3268              0.0265  
backward:              0.3000             -0.0177              3.3091              0.0272  
backward:              0.2500             -0.0680              3.2411              0.0283  
backward:              0.2000             -0.1367              3.1044              0.0293  
backward:              0.1500             -0.2303              2.8741              0.0310  
backward:              0.1000             -0.4471              2.4270              0.0336  
backward:              0.0500             -0.8828              1.5442              0.0479  
backward:              0.0000             -1.5250              0.0192              0.0586  
Inaccuracy estimation
======================================================================================================
                   i        i+δi          P0_overlap_P1   δε(forward)/ε   δε(backward)/ε
======================================================================================================
inaccuracy:  0.00000        0.05000           38.39           -0.03            1.53
inaccuracy:  0.05000        0.10000           46.89           -0.03            0.98
inaccuracy:  0.10000        0.15000           58.17           -0.02            0.48
inaccuracy:  0.15000        0.20000           64.68           -0.01            0.29
inaccuracy:  0.20000        0.25000           70.29           -0.01            0.18
inaccuracy:  0.25000        0.30000           71.69           -0.01            0.15
inaccuracy:  0.30000        0.35000           72.06           -0.01            0.14
inaccuracy:  0.35000        0.40000           72.50           -0.02            0.12
inaccuracy:  0.40000        0.45000           76.01           -0.01            0.10
inaccuracy:  0.45000        0.50000           75.53           -0.01            0.10
inaccuracy:  0.50000        0.55000           65.84           -0.09            0.17
inaccuracy:  0.55000        0.60000           66.17           -0.09            0.11
inaccuracy:  0.60000        0.65000           66.69           -0.12            0.08
inaccuracy:  0.65000        0.70000           66.14           -0.12            0.06
inaccuracy:  0.70000        0.75000           67.51           -0.10            0.05
inaccuracy:  0.75000        0.80000           67.78           -0.11            0.05
inaccuracy:  0.80000        0.85000           67.32           -0.09            0.05
inaccuracy:  0.85000        0.90000           66.33           -0.10            0.06
inaccuracy:  0.90000        0.95000           65.93           -0.09            0.07
inaccuracy:  0.95000        1.00000           66.09           -0.09            0.08
===================================================================================================================================
                BAR        
-----------------------------------------------------------------------------------------------------------------------------------
BAR-estimator:         λ             λ+δλ          ΔΔA             ΔA            C               Δδe            δe       
                          
-----------------------------------------------------------------------------------------------------------------------------------
BAR-estimator:      0.00000        0.05000        1.5358         1.5358         1.5358         0.0116         0.0116 
BAR-estimator:      0.05000        0.10000        0.8591         2.3950         0.8591         0.0106         0.0157 
BAR-estimator:      0.10000        0.15000        0.4554         2.8504         0.4554         0.0072         0.0173 
BAR-estimator:      0.15000        0.20000        0.2409         3.0913         0.2409         0.0063         0.0184 
BAR-estimator:      0.20000        0.25000        0.1300         3.2213         0.1300         0.0044         0.0189 
BAR-estimator:      0.25000        0.30000        0.0622         3.2834         0.0622         0.0046         0.0195 
BAR-estimator:      0.30000        0.35000        0.0237         3.3071         0.0237         0.0040         0.0199 
BAR-estimator:      0.35000        0.40000       -0.0221         3.2850        -0.0221         0.0039         0.0203 
BAR-estimator:      0.40000        0.45000       -0.0378         3.2472        -0.0378         0.0022         0.0204 
BAR-estimator:      0.45000        0.50000       -0.0691         3.1782        -0.0691         0.0031         0.0206 
BAR-estimator:      0.50000        0.55000       -0.1946         2.9835        -0.1946         0.0038         0.0210 
BAR-estimator:      0.55000        0.60000       -0.4127         2.5709        -0.4127         0.0047         0.0215 
BAR-estimator:      0.60000        0.65000       -0.6087         1.9622        -0.6087         0.0043         0.0219 
BAR-estimator:      0.65000        0.70000       -0.7863         1.1759        -0.7863         0.0048         0.0224 
BAR-estimator:      0.70000        0.75000       -0.8932         0.2827        -0.8932         0.0045         0.0229 
BAR-estimator:      0.75000        0.80000       -0.9423        -0.6595        -0.9423         0.0041         0.0232 
BAR-estimator:      0.80000        0.85000       -0.9503        -1.6098        -0.9503         0.0044         0.0237 
BAR-estimator:      0.85000        0.90000       -0.9286        -2.5384        -0.9286         0.0055         0.0243 
BAR-estimator:      0.90000        0.95000       -0.9106        -3.4490        -0.9106         0.0040         0.0246 
BAR-estimator:      0.95000        1.00000       -0.8815        -4.3305        -0.8815         0.0043         0.0250 
BAR-estimator: total free energy change is -4.330503619193852 , total error is 0.02499648075018414
