#========================================================================================
#                     Free energy perturbation    
#----------------------------------------------------------------------------------------
#forward/backward          λ              ΔΔA                 ΔA                  δε   
#                                                 
#----------------------------------------------------------------------------------------
forward:               0.0000              0.0000              0.0000              0.0000  
forward:               0.0500              4.9524              4.9524              0.0647  
forward:               0.1000              2.5130              7.4654              0.0775  
forward:               0.1500              1.0170              8.4824              0.0809  
forward:               0.2000              0.3488              8.8312              0.0820  
forward:               0.2500              0.0947              8.9259              0.0826  
forward:               0.3000             -0.0957              8.8302              0.0829  
forward:               0.3500             -0.1992              8.6310              0.0832  
forward:               0.4000             -0.2913              8.3397              0.0834  
forward:               0.4500             -0.3371              8.0026              0.0836  
forward:               0.5000             -0.3750              7.6276              0.0838  
forward:               0.5500             -0.4445              7.1831              0.0839  
forward:               0.6000             -0.5647              6.6184              0.0842  
forward:               0.6500             -0.6199              5.9985              0.0843  
forward:               0.7000             -0.6875              5.3109              0.0845  
forward:               0.7500             -0.7290              4.5820              0.0845  
forward:               0.8000             -0.7809              3.8011              0.0847  
forward:               0.8500             -0.8138              2.9873              0.0848  
forward:               0.9000             -0.8602              2.1271              0.0849  
forward:               0.9500             -0.8807              1.2464              0.0850  
forward:               1.0000             -0.9056              0.3408              0.0851  
backward:              1.0000              0.0000              0.3408              0.0000  
backward:              0.9500              0.9091              1.2499              0.0051  
backward:              0.9000              0.8596              2.1095              0.0080  
backward:              0.8500              0.8502              2.9596              0.0094  
backward:              0.8000              0.8084              3.7680              0.0107  
backward:              0.7500              0.7828              4.5508              0.0122  
backward:              0.7000              0.7391              5.2899              0.0140  
backward:              0.6500              0.6767              5.9666              0.0149  
backward:              0.6000              0.6191              6.5857              0.0159  
backward:              0.5500              0.5360              7.1218              0.0170  
backward:              0.5000              0.4524              7.5742              0.0184  
backward:              0.4500              0.3700              7.9442              0.0195  
backward:              0.4000              0.3244              8.2686              0.0207  
backward:              0.3500              0.2921              8.5606              0.0219  
backward:              0.3000              0.2101              8.7707              0.0233  
backward:              0.2500              0.0974              8.8681              0.0257  
backward:              0.2000             -0.0699              8.7982              0.0286  
backward:              0.1500             -0.3551              8.4432              0.0327  
backward:              0.1000             -0.9539              7.4893              0.0443  
backward:              0.0500             -2.3932              5.0961              0.0947  
backward:              0.0000             -4.6132              0.4829              0.1308  
Inaccuracy estimation
======================================================================================================
                   i        i+δi          P0_overlap_P1   δε(forward)/ε   δε(backward)/ε
======================================================================================================
inaccuracy:  0.00000        0.05000           11.70            1.29            8.21
inaccuracy:  0.05000        0.10000           21.57            0.01            4.02
inaccuracy:  0.10000        0.15000           36.27           -0.12            1.70
inaccuracy:  0.15000        0.20000           51.87           -0.07            0.68
inaccuracy:  0.20000        0.25000           56.56           -0.06            0.37
inaccuracy:  0.25000        0.30000           61.70           -0.05            0.24
inaccuracy:  0.30000        0.35000           64.62           -0.05            0.19
inaccuracy:  0.35000        0.40000           66.87           -0.05            0.15
inaccuracy:  0.40000        0.45000           68.53           -0.03            0.12
inaccuracy:  0.45000        0.50000           67.72           -0.04            0.11
inaccuracy:  0.50000        0.55000           65.32           -0.07            0.12
inaccuracy:  0.55000        0.60000           69.80           -0.06            0.09
inaccuracy:  0.60000        0.65000           68.45           -0.06            0.08
inaccuracy:  0.65000        0.70000           68.78           -0.06            0.07
inaccuracy:  0.70000        0.75000           67.45           -0.06            0.07
inaccuracy:  0.75000        0.80000           68.20           -0.07            0.06
inaccuracy:  0.80000        0.85000           68.95           -0.07            0.05
inaccuracy:  0.85000        0.90000           69.97           -0.07            0.05
inaccuracy:  0.90000        0.95000           68.54           -0.06            0.05
inaccuracy:  0.95000        1.00000           68.15           -0.08            0.05
===================================================================================================================================
                BAR        
-----------------------------------------------------------------------------------------------------------------------------------
BAR-estimator:         λ             λ+δλ          ΔΔA             ΔA            C               Δδe            δe       
                          
-----------------------------------------------------------------------------------------------------------------------------------
BAR-estimator:      0.00000        0.05000        4.8543         4.8543         4.8543         0.0199         0.0199 
BAR-estimator:      0.05000        0.10000        2.5041         7.3584         2.5041         0.0175         0.0265 
BAR-estimator:      0.10000        0.15000        1.0243         8.3827         1.0243         0.0131         0.0295 
BAR-estimator:      0.15000        0.20000        0.3657         8.7485         0.3657         0.0082         0.0306 
BAR-estimator:      0.20000        0.25000        0.0810         8.8295         0.0810         0.0057         0.0312 
BAR-estimator:      0.25000        0.30000       -0.0993         8.7302        -0.0993         0.0048         0.0315 
BAR-estimator:      0.30000        0.35000       -0.2029         8.5273        -0.2029         0.0044         0.0318 
BAR-estimator:      0.35000        0.40000       -0.2925         8.2348        -0.2925         0.0038         0.0321 
BAR-estimator:      0.40000        0.45000       -0.3319         7.9029        -0.3319         0.0038         0.0323 
BAR-estimator:      0.45000        0.50000       -0.3764         7.5265        -0.3764         0.0035         0.0325 
BAR-estimator:      0.50000        0.55000       -0.4499         7.0766        -0.4499         0.0036         0.0327 
BAR-estimator:      0.55000        0.60000       -0.5530         6.5236        -0.5530         0.0034         0.0329 
BAR-estimator:      0.60000        0.65000       -0.6198         5.9039        -0.6198         0.0031         0.0330 
BAR-estimator:      0.65000        0.70000       -0.6840         5.2199        -0.6840         0.0035         0.0332 
BAR-estimator:      0.70000        0.75000       -0.7331         4.4868        -0.7331         0.0029         0.0333 
BAR-estimator:      0.75000        0.80000       -0.7842         3.7027        -0.7842         0.0035         0.0335 
BAR-estimator:      0.80000        0.85000       -0.8118         2.8908        -0.8118         0.0036         0.0337 
BAR-estimator:      0.85000        0.90000       -0.8545         2.0363        -0.8545         0.0037         0.0339 
BAR-estimator:      0.90000        0.95000       -0.8770         1.1593        -0.8770         0.0038         0.0341 
BAR-estimator:      0.95000        1.00000       -0.9075         0.2518        -0.9075         0.0035         0.0343 
BAR-estimator: total free energy change is 0.25181275442187845 , total error is 0.034313956035651016
