#========================================================================================
#                     Free energy perturbation    
#----------------------------------------------------------------------------------------
#forward/backward          λ              ΔΔA                 ΔA                  δε   
#                                                 
#----------------------------------------------------------------------------------------
forward:               0.0000              0.0000              0.0000              0.0000  
forward:               0.0500              1.3266              1.3266              0.0192  
forward:               0.1000              0.7675              2.0940              0.0239  
forward:               0.1500              0.4655              2.5595              0.0243  
forward:               0.2000              0.2709              2.8304              0.0259  
forward:               0.2500              0.1861              3.0166              0.0267  
forward:               0.3000              0.1234              3.1399              0.0273  
forward:               0.3500              0.0704              3.2104              0.0285  
forward:               0.4000              0.0478              3.2582              0.0289  
forward:               0.4500              0.0262              3.2844              0.0292  
forward:               0.5000              0.0053              3.2898              0.0296  
forward:               0.5500             -0.0301              3.2597              0.0300  
forward:               0.6000             -0.1318              3.1279              0.0303  
forward:               0.6500             -0.1804              2.9474              0.0307  
forward:               0.7000             -0.2459              2.7015              0.0310  
forward:               0.7500             -0.2707              2.4309              0.0313  
forward:               0.8000             -0.3216              2.1093              0.0316  
forward:               0.8500             -0.3500              1.7593              0.0319  
forward:               0.9000             -0.3835              1.3758              0.0322  
forward:               0.9500             -0.3918              0.9840              0.0325  
forward:               1.0000             -0.4174              0.5666              0.0327  
backward:              1.0000              0.0000              0.5666              0.0000  
backward:              0.9500              0.4108              0.9774              0.0052  
backward:              0.9000              0.3884              1.3658              0.0059  
backward:              0.8500              0.3775              1.7434              0.0072  
backward:              0.8000              0.3491              2.0925              0.0087  
backward:              0.7500              0.3237              2.4162              0.0098  
backward:              0.7000              0.2841              2.7004              0.0111  
backward:              0.6500              0.2326              2.9329              0.0125  
backward:              0.6000              0.1888              3.1217              0.0134  
backward:              0.5500              0.1208              3.2424              0.0145  
backward:              0.5000              0.0343              3.2767              0.0154  
backward:              0.4500              0.0066              3.2833              0.0163  
backward:              0.4000             -0.0121              3.2712              0.0171  
backward:              0.3500             -0.0435              3.2277              0.0181  
backward:              0.3000             -0.0759              3.1518              0.0192  
backward:              0.2500             -0.1039              3.0479              0.0203  
backward:              0.2000             -0.1981              2.8498              0.0229  
backward:              0.1500             -0.2706              2.5792              0.0263  
backward:              0.1000             -0.4743              2.1050              0.0306  
backward:              0.0500             -0.7496              1.3554              0.0350  
backward:              0.0000             -1.3171              0.0383              0.0633  
Inaccuracy estimation
======================================================================================================
                   i        i+δi          P0_overlap_P1   δε(forward)/ε   δε(backward)/ε
======================================================================================================
inaccuracy:  0.00000        0.05000           40.39           -0.03            1.56
inaccuracy:  0.05000        0.10000           52.62           -0.03            0.80
inaccuracy:  0.10000        0.15000           59.98           -0.01            0.41
inaccuracy:  0.15000        0.20000           65.57           -0.01            0.26
inaccuracy:  0.20000        0.25000           69.50           -0.02            0.19
inaccuracy:  0.25000        0.30000           70.33           -0.01            0.17
inaccuracy:  0.30000        0.35000           73.65           -0.01            0.13
inaccuracy:  0.35000        0.40000           73.83           -0.01            0.12
inaccuracy:  0.40000        0.45000           72.97           -0.01            0.11
inaccuracy:  0.45000        0.50000           74.28           -0.01            0.11
inaccuracy:  0.50000        0.55000           71.90           -0.03            0.11
inaccuracy:  0.55000        0.60000           73.91           -0.03            0.10
inaccuracy:  0.60000        0.65000           73.14           -0.03            0.09
inaccuracy:  0.65000        0.70000           74.72           -0.04            0.08
inaccuracy:  0.70000        0.75000           72.45           -0.03            0.08
inaccuracy:  0.75000        0.80000           73.19           -0.04            0.08
inaccuracy:  0.80000        0.85000           73.72           -0.03            0.07
inaccuracy:  0.85000        0.90000           74.33           -0.03            0.07
inaccuracy:  0.90000        0.95000           73.05           -0.03            0.07
inaccuracy:  0.95000        1.00000           73.70           -0.03            0.07
===================================================================================================================================
                BAR        
-----------------------------------------------------------------------------------------------------------------------------------
BAR-estimator:         λ             λ+δλ          ΔΔA             ΔA            C               Δδe            δe       
                          
-----------------------------------------------------------------------------------------------------------------------------------
BAR-estimator:      0.00000        0.05000        1.3207         1.3207         1.3207         0.0109         0.0109 
BAR-estimator:      0.05000        0.10000        0.7724         2.0931         0.7724         0.0088         0.0140 
BAR-estimator:      0.10000        0.15000        0.4646         2.5577         0.4646         0.0064         0.0154 
BAR-estimator:      0.15000        0.20000        0.2729         2.8306         0.2729         0.0059         0.0165 
BAR-estimator:      0.20000        0.25000        0.1865         3.0172         0.1865         0.0027         0.0167 
BAR-estimator:      0.25000        0.30000        0.1151         3.1323         0.1151         0.0040         0.0171 
BAR-estimator:      0.30000        0.35000        0.0736         3.2059         0.0736         0.0052         0.0179 
BAR-estimator:      0.35000        0.40000        0.0471         3.2529         0.0471         0.0034         0.0182 
BAR-estimator:      0.40000        0.45000        0.0208         3.2737         0.0208         0.0032         0.0185 
BAR-estimator:      0.45000        0.50000        0.0023         3.2760         0.0023         0.0031         0.0187 
BAR-estimator:      0.50000        0.55000       -0.0323         3.2437        -0.0323         0.0033         0.0190 
BAR-estimator:      0.55000        0.60000       -0.1250         3.1187        -0.1250         0.0030         0.0193 
BAR-estimator:      0.60000        0.65000       -0.1814         2.9372        -0.1814         0.0035         0.0196 
BAR-estimator:      0.65000        0.70000       -0.2403         2.6970        -0.2403         0.0033         0.0199 
BAR-estimator:      0.70000        0.75000       -0.2760         2.4210        -0.2760         0.0031         0.0201 
BAR-estimator:      0.75000        0.80000       -0.3220         2.0990        -0.3220         0.0035         0.0204 
BAR-estimator:      0.80000        0.85000       -0.3479         1.7511        -0.3479         0.0034         0.0207 
BAR-estimator:      0.85000        0.90000       -0.3799         1.3712        -0.3799         0.0035         0.0210 
BAR-estimator:      0.90000        0.95000       -0.3934         0.9778        -0.3934         0.0027         0.0212 
BAR-estimator:      0.95000        1.00000       -0.4145         0.5632        -0.4145         0.0032         0.0214 
BAR-estimator: total free energy change is 0.563216550428284 , total error is 0.021408705543933922
