#========================================================================================
#                     Free energy perturbation    
#----------------------------------------------------------------------------------------
#forward/backward          λ              ΔΔA                 ΔA                  δε   
#                                                 
#----------------------------------------------------------------------------------------
forward:               0.0000              0.0000              0.0000              0.0000  
forward:               0.0500              0.9229              0.9229              0.0157  
forward:               0.1000              0.5953              1.5182              0.0191  
forward:               0.1500              0.3628              1.8810              0.0208  
forward:               0.2000              0.2421              2.1232              0.0221  
forward:               0.2500              0.1900              2.3132              0.0229  
forward:               0.3000              0.1352              2.4484              0.0235  
forward:               0.3500              0.0940              2.5424              0.0241  
forward:               0.4000              0.0642              2.6065              0.0245  
forward:               0.4500              0.0461              2.6526              0.0248  
forward:               0.5000              0.0207              2.6733              0.0252  
forward:               0.5500             -0.0832              2.5900              0.0256  
forward:               0.6000             -0.2729              2.3171              0.0257  
forward:               0.6500             -0.4257              1.8915              0.0261  
forward:               0.7000             -0.5587              1.3328              0.0266  
forward:               0.7500             -0.6614              0.6714              0.0271  
forward:               0.8000             -0.7333             -0.0619              0.0274  
forward:               0.8500             -0.7882             -0.8501              0.0278  
forward:               0.9000             -0.8181             -1.6682              0.0281  
forward:               0.9500             -0.8295             -2.4977              0.0284  
forward:               1.0000             -0.8471             -3.3448              0.0287  
backward:              1.0000              0.0000             -3.3448              0.0000  
backward:              0.9500              0.8305             -2.5143              0.0111  
backward:              0.9000              0.8235             -1.6908              0.0129  
backward:              0.8500              0.8158             -0.8750              0.0137  
backward:              0.8000              0.7748             -0.1002              0.0148  
backward:              0.7500              0.7250              0.6249              0.0159  
backward:              0.7000              0.6507              1.2756              0.0171  
backward:              0.6500              0.5584              1.8340              0.0180  
backward:              0.6000              0.4256              2.2596              0.0185  
backward:              0.5500              0.2645              2.5240              0.0195  
backward:              0.5000              0.0956              2.6196              0.0202  
backward:              0.4500             -0.0209              2.5987              0.0208  
backward:              0.4000             -0.0478              2.5509              0.0214  
backward:              0.3500             -0.0637              2.4872              0.0219  
backward:              0.3000             -0.1016              2.3856              0.0228  
backward:              0.2500             -0.1174              2.2682              0.0236  
backward:              0.2000             -0.1866              2.0816              0.0249  
backward:              0.1500             -0.2661              1.8155              0.0266  
backward:              0.1000             -0.3809              1.4346              0.0295  
backward:              0.0500             -0.6010              0.8336              0.0374  
backward:              0.0000             -0.9195             -0.0858              0.0426  
Inaccuracy estimation
======================================================================================================
                   i        i+δi          P0_overlap_P1   δε(forward)/ε   δε(backward)/ε
======================================================================================================
inaccuracy:  0.00000        0.05000           50.51           -0.03            0.78
inaccuracy:  0.05000        0.10000           57.57           -0.02            0.51
inaccuracy:  0.10000        0.15000           66.50           -0.01            0.30
inaccuracy:  0.15000        0.20000           70.62           -0.01            0.19
inaccuracy:  0.20000        0.25000           71.53           -0.01            0.16
inaccuracy:  0.25000        0.30000           72.60           -0.01            0.14
inaccuracy:  0.30000        0.35000           75.94           -0.01            0.11
inaccuracy:  0.35000        0.40000           75.58           -0.01            0.10
inaccuracy:  0.40000        0.45000           76.58           -0.01            0.10
inaccuracy:  0.45000        0.50000           77.01           -0.01            0.09
inaccuracy:  0.50000        0.55000           68.79           -0.06            0.12
inaccuracy:  0.55000        0.60000           70.28           -0.06            0.09
inaccuracy:  0.60000        0.65000           70.45           -0.07            0.07
inaccuracy:  0.65000        0.70000           70.46           -0.07            0.06
inaccuracy:  0.70000        0.75000           71.39           -0.07            0.05
inaccuracy:  0.75000        0.80000           71.37           -0.08            0.05
inaccuracy:  0.80000        0.85000           72.23           -0.06            0.05
inaccuracy:  0.85000        0.90000           70.82           -0.07            0.05
inaccuracy:  0.90000        0.95000           70.42           -0.07            0.05
inaccuracy:  0.95000        1.00000           69.99           -0.06            0.05
===================================================================================================================================
                BAR        
-----------------------------------------------------------------------------------------------------------------------------------
BAR-estimator:         λ             λ+δλ          ΔΔA             ΔA            C               Δδe            δe       
                          
-----------------------------------------------------------------------------------------------------------------------------------
BAR-estimator:      0.00000        0.05000        0.9172         0.9172         0.9172         0.0098         0.0098 
BAR-estimator:      0.05000        0.10000        0.5893         1.5065         0.5893         0.0072         0.0122 
BAR-estimator:      0.10000        0.15000        0.3694         1.8758         0.3694         0.0055         0.0134 
BAR-estimator:      0.15000        0.20000        0.2480         2.1239         0.2480         0.0050         0.0143 
BAR-estimator:      0.20000        0.25000        0.1872         2.3111         0.1872         0.0039         0.0148 
BAR-estimator:      0.25000        0.30000        0.1287         2.4398         0.1287         0.0038         0.0153 
BAR-estimator:      0.30000        0.35000        0.0976         2.5374         0.0976         0.0035         0.0157 
BAR-estimator:      0.35000        0.40000        0.0638         2.6012         0.0638         0.0030         0.0159 
BAR-estimator:      0.40000        0.45000        0.0473         2.6485         0.0473         0.0031         0.0162 
BAR-estimator:      0.45000        0.50000        0.0198         2.6682         0.0198         0.0029         0.0165 
BAR-estimator:      0.50000        0.55000       -0.0886         2.5796        -0.0886         0.0034         0.0168 
BAR-estimator:      0.55000        0.60000       -0.2680         2.3116        -0.2680         0.0035         0.0172 
BAR-estimator:      0.60000        0.65000       -0.4239         1.8877        -0.4239         0.0035         0.0176 
BAR-estimator:      0.65000        0.70000       -0.5584         1.3293        -0.5584         0.0035         0.0179 
BAR-estimator:      0.70000        0.75000       -0.6572         0.6721        -0.6572         0.0041         0.0184 
BAR-estimator:      0.75000        0.80000       -0.7308        -0.0588        -0.7308         0.0036         0.0187 
BAR-estimator:      0.80000        0.85000       -0.7807        -0.8394        -0.7807         0.0034         0.0190 
BAR-estimator:      0.85000        0.90000       -0.8129        -1.6523        -0.8129         0.0034         0.0193 
BAR-estimator:      0.90000        0.95000       -0.8301        -2.4824        -0.8301         0.0042         0.0198 
BAR-estimator:      0.95000        1.00000       -0.8457        -3.3281        -0.8457         0.0037         0.0201 
BAR-estimator: total free energy change is -3.328136527669813 , total error is 0.0201151592604225
