#========================================================================================
#                     Free energy perturbation    
#----------------------------------------------------------------------------------------
#forward/backward          λ              ΔΔA                 ΔA                  δε   
#                                                 
#----------------------------------------------------------------------------------------
forward:               0.0000              0.0000              0.0000              0.0000  
forward:               0.0500              2.0453              2.0453              0.0268  
forward:               0.1000              1.0506              3.0959              0.0322  
forward:               0.1500              0.5038              3.5997              0.0347  
forward:               0.2000              0.2397              3.8393              0.0359  
forward:               0.2500              0.1175              3.9569              0.0365  
forward:               0.3000              0.0188              3.9757              0.0370  
forward:               0.3500             -0.0198              3.9559              0.0373  
forward:               0.4000             -0.0831              3.8728              0.0376  
forward:               0.4500             -0.0938              3.7789              0.0379  
forward:               0.5000             -0.1270              3.6519              0.0382  
forward:               0.5500             -0.2726              3.3793              0.0387  
forward:               0.6000             -0.4886              2.8907              0.0396  
forward:               0.6500             -0.6853              2.2055              0.0404  
forward:               0.7000             -0.8510              1.3545              0.0413  
forward:               0.7500             -0.9390              0.4154              0.0423  
forward:               0.8000             -0.9735             -0.5581              0.0426  
forward:               0.8500             -0.9598             -1.5179              0.0429  
forward:               0.9000             -0.9292             -2.4471              0.0431  
forward:               0.9500             -0.8989             -3.3461              0.0433  
forward:               1.0000             -0.8835             -4.2296              0.0434  
backward:              1.0000              0.0000             -4.2296              0.0000  
backward:              0.9500              0.8683             -3.3613              0.0061  
backward:              0.9000              0.9060             -2.4553              0.0084  
backward:              0.8500              0.9252             -1.5301              0.0094  
backward:              0.8000              0.9680             -0.5622              0.0116  
backward:              0.7500              0.9652              0.4030              0.0138  
backward:              0.7000              0.9511              1.3541              0.0161  
backward:              0.6500              0.8571              2.2112              0.0183  
backward:              0.6000              0.6881              2.8993              0.0200  
backward:              0.5500              0.4945              3.3938              0.0213  
backward:              0.5000              0.2549              3.6487              0.0233  
backward:              0.4500              0.1241              3.7728              0.0238  
backward:              0.4000              0.1115              3.8843              0.0243  
backward:              0.3500              0.0775              3.9618              0.0250  
backward:              0.3000              0.0271              3.9889              0.0257  
backward:              0.2500             -0.0236              3.9653              0.0267  
backward:              0.2000             -0.1234              3.8419              0.0281  
backward:              0.1500             -0.2540              3.5879              0.0304  
backward:              0.1000             -0.5168              3.0711              0.0349  
backward:              0.0500             -1.0787              1.9924              0.0474  
backward:              0.0000             -1.9477              0.0447              0.0575  
Inaccuracy estimation
======================================================================================================
                   i        i+δi          P0_overlap_P1   δε(forward)/ε   δε(backward)/ε
======================================================================================================
inaccuracy:  0.00000        0.05000           30.08            0.00            2.61
inaccuracy:  0.05000        0.10000           43.61           -0.04            1.22
inaccuracy:  0.10000        0.15000           55.57           -0.03            0.59
inaccuracy:  0.15000        0.20000           64.13           -0.02            0.30
inaccuracy:  0.20000        0.25000           68.06           -0.01            0.21
inaccuracy:  0.25000        0.30000           71.77           -0.01            0.15
inaccuracy:  0.30000        0.35000           72.15           -0.02            0.14
inaccuracy:  0.35000        0.40000           74.33           -0.01            0.11
inaccuracy:  0.40000        0.45000           72.97           -0.01            0.10
inaccuracy:  0.45000        0.50000           75.62           -0.01            0.08
inaccuracy:  0.50000        0.55000           67.05           -0.08            0.15
inaccuracy:  0.55000        0.60000           67.30           -0.12            0.09
inaccuracy:  0.60000        0.65000           67.12           -0.13            0.06
inaccuracy:  0.65000        0.70000           66.39           -0.12            0.05
inaccuracy:  0.70000        0.75000           66.62           -0.10            0.04
inaccuracy:  0.75000        0.80000           68.27           -0.11            0.04
inaccuracy:  0.80000        0.85000           67.41           -0.09            0.05
inaccuracy:  0.85000        0.90000           67.38           -0.10            0.06
inaccuracy:  0.90000        0.95000           66.13           -0.08            0.06
inaccuracy:  0.95000        1.00000           67.35           -0.09            0.07
===================================================================================================================================
                BAR        
-----------------------------------------------------------------------------------------------------------------------------------
BAR-estimator:         λ             λ+δλ          ΔΔA             ΔA            C               Δδe            δe       
                          
-----------------------------------------------------------------------------------------------------------------------------------
BAR-estimator:      0.00000        0.05000        2.0204         2.0204         2.0204         0.0137         0.0137 
BAR-estimator:      0.05000        0.10000        1.0629         3.0833         1.0629         0.0104         0.0172 
BAR-estimator:      0.10000        0.15000        0.5101         3.5934         0.5101         0.0081         0.0190 
BAR-estimator:      0.15000        0.20000        0.2420         3.8355         0.2420         0.0059         0.0199 
BAR-estimator:      0.20000        0.25000        0.1179         3.9533         0.1179         0.0048         0.0205 
BAR-estimator:      0.25000        0.30000        0.0224         3.9757         0.0224         0.0045         0.0210 
BAR-estimator:      0.30000        0.35000       -0.0222         3.9535        -0.0222         0.0045         0.0214 
BAR-estimator:      0.35000        0.40000       -0.0802         3.8733        -0.0802         0.0040         0.0218 
BAR-estimator:      0.40000        0.45000       -0.1001         3.7732        -0.1001         0.0037         0.0221 
BAR-estimator:      0.45000        0.50000       -0.1266         3.6466        -0.1266         0.0033         0.0223 
BAR-estimator:      0.50000        0.55000       -0.2651         3.3815        -0.2651         0.0038         0.0227 
BAR-estimator:      0.55000        0.60000       -0.4915         2.8900        -0.4915         0.0039         0.0230 
BAR-estimator:      0.60000        0.65000       -0.6884         2.2016        -0.6884         0.0043         0.0234 
BAR-estimator:      0.65000        0.70000       -0.8554         1.3462        -0.8554         0.0052         0.0240 
BAR-estimator:      0.70000        0.75000       -0.9418         0.4044        -0.9418         0.0050         0.0245 
BAR-estimator:      0.75000        0.80000       -0.9732        -0.5688        -0.9732         0.0039         0.0248 
BAR-estimator:      0.80000        0.85000       -0.9655        -1.5343        -0.9655         0.0035         0.0250 
BAR-estimator:      0.85000        0.90000       -0.9305        -2.4648        -0.9305         0.0035         0.0253 
BAR-estimator:      0.90000        0.95000       -0.9035        -3.3683        -0.9035         0.0040         0.0256 
BAR-estimator:      0.95000        1.00000       -0.8789        -4.2472        -0.8789         0.0037         0.0259 
BAR-estimator: total free energy change is -4.247198331799956 , total error is 0.025861300895237124
