#========================================================================================
#                     Free energy perturbation    
#----------------------------------------------------------------------------------------
#forward/backward          λ              ΔΔA                 ΔA                  δε   
#                                                 
#----------------------------------------------------------------------------------------
forward:               0.0000              0.0000              0.0000              0.0000  
forward:               0.0500              2.1155              2.1155              0.0292  
forward:               0.1000              1.2641              3.3796              0.0369  
forward:               0.1500              0.6479              4.0275              0.0398  
forward:               0.2000              0.3649              4.3924              0.0425  
forward:               0.2500              0.2324              4.6248              0.0437  
forward:               0.3000              0.1031              4.7279              0.0441  
forward:               0.3500              0.0459              4.7738              0.0446  
forward:               0.4000             -0.0039              4.7699              0.0450  
forward:               0.4500             -0.0384              4.7315              0.0454  
forward:               0.5000             -0.0706              4.6609              0.0458  
forward:               0.5500             -0.0709              4.5900              0.0461  
forward:               0.6000             -0.0901              4.4998              0.0465  
forward:               0.6500             -0.1036              4.3962              0.0467  
forward:               0.7000             -0.1279              4.2683              0.0470  
forward:               0.7500             -0.1354              4.1329              0.0472  
forward:               0.8000             -0.1389              3.9940              0.0474  
forward:               0.8500             -0.1440              3.8500              0.0476  
forward:               0.9000             -0.1632              3.6869              0.0478  
forward:               0.9500             -0.1618              3.5251              0.0479  
forward:               1.0000             -0.1663              3.3587              0.0481  
backward:              1.0000              0.0000              3.3587              0.0000  
backward:              0.9500              0.1579              3.5166              0.0052  
backward:              0.9000              0.1508              3.6674              0.0083  
backward:              0.8500              0.1502              3.8177              0.0103  
backward:              0.8000              0.1408              3.9585              0.0118  
backward:              0.7500              0.1453              4.1037              0.0129  
backward:              0.7000              0.1283              4.2320              0.0139  
backward:              0.6500              0.1260              4.3580              0.0165  
backward:              0.6000              0.1115              4.4695              0.0174  
backward:              0.5500              0.0943              4.5638              0.0184  
backward:              0.5000              0.0596              4.6234              0.0196  
backward:              0.4500              0.0579              4.6812              0.0207  
backward:              0.4000              0.0392              4.7204              0.0217  
backward:              0.3500              0.0055              4.7259              0.0228  
backward:              0.3000             -0.0587              4.6672              0.0247  
backward:              0.2500             -0.1175              4.5497              0.0261  
backward:              0.2000             -0.2024              4.3473              0.0284  
backward:              0.1500             -0.3756              3.9717              0.0322  
backward:              0.1000             -0.6723              3.2993              0.0393  
backward:              0.0500             -1.2129              2.0864              0.0502  
backward:              0.0000             -2.1661             -0.0797              0.0693  
Inaccuracy estimation
======================================================================================================
                   i        i+δi          P0_overlap_P1   δε(forward)/ε   δε(backward)/ε
======================================================================================================
inaccuracy:  0.00000        0.05000           30.85            0.00            2.36
inaccuracy:  0.05000        0.10000           38.33           -0.07            1.56
inaccuracy:  0.10000        0.15000           50.37           -0.04            0.78
inaccuracy:  0.15000        0.20000           57.63           -0.04            0.48
inaccuracy:  0.20000        0.25000           60.19           -0.03            0.33
inaccuracy:  0.25000        0.30000           65.92           -0.03            0.24
inaccuracy:  0.30000        0.35000           66.94           -0.02            0.19
inaccuracy:  0.35000        0.40000           68.34           -0.02            0.17
inaccuracy:  0.40000        0.45000           69.29           -0.03            0.16
inaccuracy:  0.45000        0.50000           70.87           -0.02            0.14
inaccuracy:  0.50000        0.55000           70.39           -0.02            0.13
inaccuracy:  0.55000        0.60000           70.16           -0.02            0.14
inaccuracy:  0.60000        0.65000           70.21           -0.02            0.13
inaccuracy:  0.65000        0.70000           70.94           -0.02            0.13
inaccuracy:  0.70000        0.75000           71.54           -0.02            0.11
inaccuracy:  0.75000        0.80000           71.00           -0.02            0.12
inaccuracy:  0.80000        0.85000           70.76           -0.03            0.11
inaccuracy:  0.85000        0.90000           71.27           -0.03            0.11
inaccuracy:  0.90000        0.95000           71.86           -0.03            0.12
inaccuracy:  0.95000        1.00000           70.88           -0.03            0.11
===================================================================================================================================
                BAR        
-----------------------------------------------------------------------------------------------------------------------------------
BAR-estimator:         λ             λ+δλ          ΔΔA             ΔA            C               Δδe            δe       
                          
-----------------------------------------------------------------------------------------------------------------------------------
BAR-estimator:      0.00000        0.05000        2.1315         2.1315         2.1315         0.0131         0.0131 
BAR-estimator:      0.05000        0.10000        1.2649         3.3964         1.2649         0.0123         0.0180 
BAR-estimator:      0.10000        0.15000        0.6621         4.0585         0.6621         0.0090         0.0201 
BAR-estimator:      0.15000        0.20000        0.3679         4.4264         0.3679         0.0087         0.0219 
BAR-estimator:      0.20000        0.25000        0.2220         4.6485         0.2220         0.0058         0.0226 
BAR-estimator:      0.25000        0.30000        0.1085         4.7570         0.1085         0.0041         0.0230 
BAR-estimator:      0.30000        0.35000        0.0485         4.8055         0.0485         0.0042         0.0234 
BAR-estimator:      0.35000        0.40000       -0.0037         4.8018        -0.0037         0.0039         0.0237 
BAR-estimator:      0.40000        0.45000       -0.0401         4.7617        -0.0401         0.0040         0.0241 
BAR-estimator:      0.45000        0.50000       -0.0665         4.6952        -0.0665         0.0038         0.0244 
BAR-estimator:      0.50000        0.55000       -0.0682         4.6270        -0.0682         0.0030         0.0245 
BAR-estimator:      0.55000        0.60000       -0.0895         4.5375        -0.0895         0.0040         0.0249 
BAR-estimator:      0.60000        0.65000       -0.1071         4.4304        -0.1071         0.0034         0.0251 
BAR-estimator:      0.65000        0.70000       -0.1256         4.3048        -0.1256         0.0037         0.0254 
BAR-estimator:      0.70000        0.75000       -0.1308         4.1740        -0.1308         0.0033         0.0256 
BAR-estimator:      0.75000        0.80000       -0.1401         4.0339        -0.1401         0.0035         0.0258 
BAR-estimator:      0.80000        0.85000       -0.1443         3.8896        -0.1443         0.0036         0.0261 
BAR-estimator:      0.85000        0.90000       -0.1605         3.7291        -0.1605         0.0037         0.0263 
BAR-estimator:      0.90000        0.95000       -0.1589         3.5703        -0.1589         0.0038         0.0266 
BAR-estimator:      0.95000        1.00000       -0.1650         3.4053        -0.1650         0.0037         0.0269 
BAR-estimator: total free energy change is 3.4053153272967838 , total error is 0.02685075233003807
