#========================================================================================
#                     Free energy perturbation    
#----------------------------------------------------------------------------------------
#forward/backward          λ              ΔΔA                 ΔA                  δε   
#                                                 
#----------------------------------------------------------------------------------------
forward:               0.0000              0.0000              0.0000              0.0000  
forward:               0.0500              1.5279              1.5279              0.0214  
forward:               0.1000              0.9256              2.4535              0.0275  
forward:               0.1500              0.5497              3.0032              0.0306  
forward:               0.2000              0.3050              3.3082              0.0327  
forward:               0.2500              0.1948              3.5031              0.0336  
forward:               0.3000              0.0969              3.6000              0.0343  
forward:               0.3500              0.0544              3.6544              0.0348  
forward:               0.4000              0.0039              3.6582              0.0353  
forward:               0.4500             -0.0217              3.6365              0.0356  
forward:               0.5000             -0.0538              3.5827              0.0360  
forward:               0.5500             -0.1531              3.4296              0.0365  
forward:               0.6000             -0.3535              3.0761              0.0369  
forward:               0.6500             -0.5157              2.5604              0.0375  
forward:               0.7000             -0.6611              1.8992              0.0380  
forward:               0.7500             -0.7609              1.1383              0.0384  
forward:               0.8000             -0.8075              0.3308              0.0389  
forward:               0.8500             -0.8261             -0.4952              0.0393  
forward:               0.9000             -0.8450             -1.3402              0.0396  
forward:               0.9500             -0.8441             -2.1843              0.0399  
forward:               1.0000             -0.8421             -3.0264              0.0401  
backward:              1.0000              0.0000             -3.0264              0.0000  
backward:              0.9500              0.8343             -2.1921              0.0067  
backward:              0.9000              0.8346             -1.3576              0.0098  
backward:              0.8500              0.8477             -0.5099              0.0132  
backward:              0.8000              0.8101              0.3002              0.0155  
backward:              0.7500              0.8121              1.1122              0.0167  
backward:              0.7000              0.7489              1.8612              0.0180  
backward:              0.6500              0.6538              2.5150              0.0193  
backward:              0.6000              0.5073              3.0223              0.0209  
backward:              0.5500              0.3466              3.3690              0.0220  
backward:              0.5000              0.1380              3.5070              0.0235  
backward:              0.4500              0.0622              3.5692              0.0242  
backward:              0.4000              0.0260              3.5952              0.0249  
backward:              0.3500             -0.0171              3.5781              0.0258  
backward:              0.3000             -0.0492              3.5289              0.0270  
backward:              0.2500             -0.0927              3.4362              0.0280  
backward:              0.2000             -0.1941              3.2421              0.0294  
backward:              0.1500             -0.3120              2.9301              0.0334  
backward:              0.1000             -0.5623              2.3678              0.0382  
backward:              0.0500             -0.9205              1.4473              0.0489  
backward:              0.0000             -1.5042             -0.0569              0.0585  
Inaccuracy estimation
======================================================================================================
                   i        i+δi          P0_overlap_P1   δε(forward)/ε   δε(backward)/ε
======================================================================================================
inaccuracy:  0.00000        0.05000           38.35           -0.04            1.51
inaccuracy:  0.05000        0.10000           47.20           -0.04            1.01
inaccuracy:  0.10000        0.15000           55.92           -0.03            0.59
inaccuracy:  0.15000        0.20000           61.68           -0.02            0.35
inaccuracy:  0.20000        0.25000           65.09           -0.02            0.27
inaccuracy:  0.25000        0.30000           68.49           -0.02            0.21
inaccuracy:  0.30000        0.35000           69.05           -0.02            0.16
inaccuracy:  0.35000        0.40000           71.31           -0.01            0.14
inaccuracy:  0.40000        0.45000           71.00           -0.01            0.13
inaccuracy:  0.45000        0.50000           72.09           -0.01            0.13
inaccuracy:  0.50000        0.55000           66.44           -0.07            0.15
inaccuracy:  0.55000        0.60000           66.22           -0.08            0.11
inaccuracy:  0.60000        0.65000           66.79           -0.09            0.09
inaccuracy:  0.65000        0.70000           67.02           -0.09            0.08
inaccuracy:  0.70000        0.75000           67.73           -0.09            0.07
inaccuracy:  0.75000        0.80000           66.74           -0.09            0.07
inaccuracy:  0.80000        0.85000           67.72           -0.09            0.07
inaccuracy:  0.85000        0.90000           66.55           -0.09            0.07
inaccuracy:  0.90000        0.95000           66.40           -0.09            0.07
inaccuracy:  0.95000        1.00000           66.00           -0.09            0.08
===================================================================================================================================
                BAR        
-----------------------------------------------------------------------------------------------------------------------------------
BAR-estimator:         λ             λ+δλ          ΔΔA             ΔA            C               Δδe            δe       
                          
-----------------------------------------------------------------------------------------------------------------------------------
BAR-estimator:      0.00000        0.05000        1.5119         1.5119         1.5119         0.0114         0.0114 
BAR-estimator:      0.05000        0.10000        0.9309         2.4428         0.9309         0.0075         0.0137 
BAR-estimator:      0.10000        0.15000        0.5537         2.9965         0.5537         0.0085         0.0161 
BAR-estimator:      0.15000        0.20000        0.3114         3.3079         0.3114         0.0074         0.0177 
BAR-estimator:      0.20000        0.25000        0.1934         3.5013         0.1934         0.0042         0.0182 
BAR-estimator:      0.25000        0.30000        0.0986         3.5998         0.0986         0.0045         0.0188 
BAR-estimator:      0.30000        0.35000        0.0529         3.6527         0.0529         0.0042         0.0192 
BAR-estimator:      0.35000        0.40000        0.0078         3.6605         0.0078         0.0042         0.0197 
BAR-estimator:      0.40000        0.45000       -0.0235         3.6370        -0.0235         0.0040         0.0201 
BAR-estimator:      0.45000        0.50000       -0.0538         3.5832        -0.0538         0.0034         0.0204 
BAR-estimator:      0.50000        0.55000       -0.1479         3.4353        -0.1479         0.0037         0.0207 
BAR-estimator:      0.55000        0.60000       -0.3504         3.0849        -0.3504         0.0036         0.0210 
BAR-estimator:      0.60000        0.65000       -0.5100         2.5749        -0.5100         0.0043         0.0214 
BAR-estimator:      0.65000        0.70000       -0.6580         1.9169        -0.6580         0.0037         0.0218 
BAR-estimator:      0.70000        0.75000       -0.7558         1.1611        -0.7558         0.0039         0.0221 
BAR-estimator:      0.75000        0.80000       -0.8088         0.3523        -0.8088         0.0039         0.0224 
BAR-estimator:      0.80000        0.85000       -0.8222        -0.4699        -0.8222         0.0044         0.0229 
BAR-estimator:      0.85000        0.90000       -0.8440        -1.3139        -0.8440         0.0044         0.0233 
BAR-estimator:      0.90000        0.95000       -0.8396        -2.1535        -0.8396         0.0039         0.0236 
BAR-estimator:      0.95000        1.00000       -0.8402        -2.9938        -0.8402         0.0041         0.0240 
BAR-estimator: total free energy change is -2.9937692087029752 , total error is 0.023986949418661984
