#========================================================================================
#                     Free energy perturbation    
#----------------------------------------------------------------------------------------
#forward/backward          λ              ΔΔA                 ΔA                  δε   
#                                                 
#----------------------------------------------------------------------------------------
forward:               0.0000              0.0000              0.0000              0.0000  
forward:               0.0500              1.0509              1.0509              0.0165  
forward:               0.1000              0.6434              1.6943              0.0209  
forward:               0.1500              0.4031              2.0973              0.0228  
forward:               0.2000              0.2696              2.3669              0.0245  
forward:               0.2500              0.1851              2.5521              0.0253  
forward:               0.3000              0.1238              2.6758              0.0259  
forward:               0.3500              0.0876              2.7635              0.0264  
forward:               0.4000              0.0615              2.8250              0.0268  
forward:               0.4500              0.0419              2.8669              0.0269  
forward:               0.5000              0.0215              2.8884              0.0271  
forward:               0.5500             -0.0467              2.8418              0.0275  
forward:               0.6000             -0.1339              2.7078              0.0278  
forward:               0.6500             -0.1913              2.5165              0.0280  
forward:               0.7000             -0.2446              2.2719              0.0282  
forward:               0.7500             -0.2732              1.9987              0.0284  
forward:               0.8000             -0.2969              1.7018              0.0285  
forward:               0.8500             -0.3138              1.3880              0.0287  
forward:               0.9000             -0.3283              1.0596              0.0288  
forward:               0.9500             -0.3458              0.7138              0.0290  
forward:               1.0000             -0.3597              0.3542              0.0292  
backward:              1.0000              0.0000              0.3542              0.0000  
backward:              0.9500              0.3564              0.7106              0.0039  
backward:              0.9000              0.3451              1.0557              0.0053  
backward:              0.8500              0.3266              1.3823              0.0063  
backward:              0.8000              0.3140              1.6963              0.0072  
backward:              0.7500              0.2932              1.9894              0.0082  
backward:              0.7000              0.2652              2.2546              0.0089  
backward:              0.6500              0.2384              2.4930              0.0097  
backward:              0.6000              0.1844              2.6774              0.0107  
backward:              0.5500              0.1341              2.8115              0.0116  
backward:              0.5000              0.0440              2.8555              0.0127  
backward:              0.4500             -0.0192              2.8362              0.0135  
backward:              0.4000             -0.0450              2.7913              0.0143  
backward:              0.3500             -0.0603              2.7310              0.0152  
backward:              0.3000             -0.0999              2.6311              0.0163  
backward:              0.2500             -0.1226              2.5085              0.0173  
backward:              0.2000             -0.1837              2.3248              0.0185  
backward:              0.1500             -0.2550              2.0698              0.0206  
backward:              0.1000             -0.4067              1.6630              0.0231  
backward:              0.0500             -0.6474              1.0157              0.0279  
backward:              0.0000             -1.0757             -0.0600              0.0417  
Inaccuracy estimation
======================================================================================================
                   i        i+δi          P0_overlap_P1   δε(forward)/ε   δε(backward)/ε
======================================================================================================
inaccuracy:  0.00000        0.05000           47.43           -0.02            1.00
inaccuracy:  0.05000        0.10000           57.16           -0.01            0.57
inaccuracy:  0.10000        0.15000           64.77           -0.01            0.33
inaccuracy:  0.15000        0.20000           68.40           -0.02            0.22
inaccuracy:  0.20000        0.25000           72.90           -0.01            0.15
inaccuracy:  0.25000        0.30000           75.15           -0.01            0.12
inaccuracy:  0.30000        0.35000           76.76           -0.01            0.10
inaccuracy:  0.35000        0.40000           77.32           -0.01            0.09
inaccuracy:  0.40000        0.45000           78.35           -0.01            0.08
inaccuracy:  0.45000        0.50000           77.68           -0.01            0.08
inaccuracy:  0.50000        0.55000           73.85           -0.03            0.09
inaccuracy:  0.55000        0.60000           75.50           -0.02            0.08
inaccuracy:  0.60000        0.65000           76.80           -0.03            0.06
inaccuracy:  0.65000        0.70000           77.96           -0.03            0.06
inaccuracy:  0.70000        0.75000           77.57           -0.02            0.05
inaccuracy:  0.75000        0.80000           76.93           -0.02            0.05
inaccuracy:  0.80000        0.85000           76.86           -0.02            0.05
inaccuracy:  0.85000        0.90000           77.28           -0.02            0.05
inaccuracy:  0.90000        0.95000           77.10           -0.03            0.05
inaccuracy:  0.95000        1.00000           76.68           -0.03            0.05
===================================================================================================================================
                BAR        
-----------------------------------------------------------------------------------------------------------------------------------
BAR-estimator:         λ             λ+δλ          ΔΔA             ΔA            C               Δδe            δe       
                          
-----------------------------------------------------------------------------------------------------------------------------------
BAR-estimator:      0.00000        0.05000        1.0562         1.0562         1.0562         0.0095         0.0095 
BAR-estimator:      0.05000        0.10000        0.6432         1.6994         0.6432         0.0084         0.0127 
BAR-estimator:      0.10000        0.15000        0.4052         2.1046         0.4052         0.0067         0.0143 
BAR-estimator:      0.15000        0.20000        0.2619         2.3665         0.2619         0.0049         0.0151 
BAR-estimator:      0.20000        0.25000        0.1852         2.5517         0.1852         0.0041         0.0157 
BAR-estimator:      0.25000        0.30000        0.1239         2.6756         0.1239         0.0036         0.0161 
BAR-estimator:      0.30000        0.35000        0.0903         2.7659         0.0903         0.0036         0.0165 
BAR-estimator:      0.35000        0.40000        0.0621         2.8280         0.0621         0.0030         0.0167 
BAR-estimator:      0.40000        0.45000        0.0427         2.8708         0.0427         0.0020         0.0169 
BAR-estimator:      0.45000        0.50000        0.0203         2.8911         0.0203         0.0027         0.0171 
BAR-estimator:      0.50000        0.55000       -0.0480         2.8431        -0.0480         0.0031         0.0174 
BAR-estimator:      0.55000        0.60000       -0.1344         2.7087        -0.1344         0.0031         0.0176 
BAR-estimator:      0.60000        0.65000       -0.1903         2.5184        -0.1903         0.0028         0.0178 
BAR-estimator:      0.65000        0.70000       -0.2418         2.2767        -0.2418         0.0026         0.0180 
BAR-estimator:      0.70000        0.75000       -0.2687         2.0080        -0.2687         0.0023         0.0182 
BAR-estimator:      0.75000        0.80000       -0.2955         1.7125        -0.2955         0.0023         0.0183 
BAR-estimator:      0.80000        0.85000       -0.3139         1.3987        -0.3139         0.0028         0.0185 
BAR-estimator:      0.85000        0.90000       -0.3282         1.0705        -0.3282         0.0025         0.0187 
BAR-estimator:      0.90000        0.95000       -0.3439         0.7266        -0.3439         0.0031         0.0190 
BAR-estimator:      0.95000        1.00000       -0.3582         0.3684        -0.3582         0.0021         0.0191 
BAR-estimator: total free energy change is 0.36844711298736854 , total error is 0.019069621852763508
