#========================================================================================
#                     Free energy perturbation    
#----------------------------------------------------------------------------------------
#forward/backward          λ              ΔΔA                 ΔA                  δε   
#                                                 
#----------------------------------------------------------------------------------------
forward:               0.0000              0.0000              0.0000              0.0000  
forward:               0.0500              2.1446              2.1446              0.0238  
forward:               0.1000              1.3216              3.4662              0.0297  
forward:               0.1500              0.7555              4.2217              0.0333  
forward:               0.2000              0.4417              4.6634              0.0345  
forward:               0.2500              0.2498              4.9133              0.0356  
forward:               0.3000              0.1507              5.0640              0.0369  
forward:               0.3500              0.0553              5.1193              0.0375  
forward:               0.4000             -0.0049              5.1144              0.0379  
forward:               0.4500             -0.0471              5.0673              0.0383  
forward:               0.5000             -0.0756              4.9917              0.0386  
forward:               0.5500             -0.1765              4.8152              0.0390  
forward:               0.6000             -0.3411              4.4742              0.0394  
forward:               0.6500             -0.5150              3.9591              0.0400  
forward:               0.7000             -0.6414              3.3178              0.0404  
forward:               0.7500             -0.7619              2.5558              0.0420  
forward:               0.8000             -0.8303              1.7255              0.0423  
forward:               0.8500             -0.8731              0.8524              0.0427  
forward:               0.9000             -0.8985             -0.0461              0.0429  
forward:               0.9500             -0.9256             -0.9717              0.0432  
forward:               1.0000             -0.9199             -1.8916              0.0435  
backward:              1.0000              0.0000             -1.8916              0.0000  
backward:              0.9500              0.9284             -0.9632              0.0073  
backward:              0.9000              0.9229             -0.0402              0.0095  
backward:              0.8500              0.9091              0.8689              0.0112  
backward:              0.8000              0.8812              1.7501              0.0128  
backward:              0.7500              0.8110              2.5611              0.0145  
backward:              0.7000              0.7606              3.3217              0.0190  
backward:              0.6500              0.6585              3.9802              0.0201  
backward:              0.6000              0.5251              4.5053              0.0211  
backward:              0.5500              0.3451              4.8504              0.0224  
backward:              0.5000              0.1732              5.0236              0.0235  
backward:              0.4500              0.0783              5.1019              0.0239  
backward:              0.4000              0.0310              5.1329              0.0251  
backward:              0.3500             -0.0074              5.1255              0.0265  
backward:              0.3000             -0.0628              5.0627              0.0280  
backward:              0.2500             -0.1436              4.9191              0.0296  
backward:              0.2000             -0.2816              4.6375              0.0335  
backward:              0.1500             -0.5268              4.1107              0.0870  
backward:              0.1000             -0.7524              3.3583              0.0894  
backward:              0.0500             -1.2802              2.0781              0.0973  
backward:              0.0000             -2.2262             -0.1481              0.1184  
Inaccuracy estimation
======================================================================================================
                   i        i+δi          P0_overlap_P1   δε(forward)/ε   δε(backward)/ε
======================================================================================================
inaccuracy:  0.00000        0.05000           29.79            0.01            2.50
inaccuracy:  0.05000        0.10000           38.61           -0.06            1.54
inaccuracy:  0.10000        0.15000           48.65           -0.05            0.88
inaccuracy:  0.15000        0.20000           54.88           -0.04            0.53
inaccuracy:  0.20000        0.25000           60.63           -0.03            0.35
inaccuracy:  0.25000        0.30000           62.42           -0.03            0.28
inaccuracy:  0.30000        0.35000           65.56           -0.03            0.21
inaccuracy:  0.35000        0.40000           67.06           -0.02            0.18
inaccuracy:  0.40000        0.45000           68.65           -0.02            0.16
inaccuracy:  0.45000        0.50000           69.04           -0.03            0.15
inaccuracy:  0.50000        0.55000           63.88           -0.07            0.18
inaccuracy:  0.55000        0.60000           63.72           -0.10            0.14
inaccuracy:  0.60000        0.65000           62.71           -0.10            0.13
inaccuracy:  0.65000        0.70000           63.47           -0.11            0.11
inaccuracy:  0.70000        0.75000           64.28           -0.10            0.09
inaccuracy:  0.75000        0.80000           66.00           -0.12            0.08
inaccuracy:  0.80000        0.85000           64.51           -0.10            0.08
inaccuracy:  0.85000        0.90000           63.89           -0.11            0.08
inaccuracy:  0.90000        0.95000           64.60           -0.11            0.08
inaccuracy:  0.95000        1.00000           63.47           -0.12            0.09
===================================================================================================================================
                BAR        
-----------------------------------------------------------------------------------------------------------------------------------
BAR-estimator:         λ             λ+δλ          ΔΔA             ΔA            C               Δδe            δe       
                          
-----------------------------------------------------------------------------------------------------------------------------------
BAR-estimator:      0.00000        0.05000        2.1527         2.1527         2.1527         0.0113         0.0113 
BAR-estimator:      0.05000        0.10000        1.3138         3.4665         1.3138         0.0094         0.0147 
BAR-estimator:      0.10000        0.15000        0.7628         4.2293         0.7628         0.0091         0.0173 
BAR-estimator:      0.15000        0.20000        0.4351         4.6643         0.4351         0.0065         0.0185 
BAR-estimator:      0.20000        0.25000        0.2580         4.9224         0.2580         0.0057         0.0193 
BAR-estimator:      0.25000        0.30000        0.1451         5.0675         0.1451         0.0065         0.0204 
BAR-estimator:      0.30000        0.35000        0.0558         5.1233         0.0558         0.0046         0.0209 
BAR-estimator:      0.35000        0.40000       -0.0032         5.1201        -0.0032         0.0037         0.0212 
BAR-estimator:      0.40000        0.45000       -0.0399         5.0801        -0.0399         0.0038         0.0216 
BAR-estimator:      0.45000        0.50000       -0.0753         5.0049        -0.0753         0.0036         0.0219 
BAR-estimator:      0.50000        0.55000       -0.1741         4.8308        -0.1741         0.0037         0.0222 
BAR-estimator:      0.55000        0.60000       -0.3459         4.4849        -0.3459         0.0041         0.0226 
BAR-estimator:      0.60000        0.65000       -0.5145         3.9704        -0.5145         0.0042         0.0230 
BAR-estimator:      0.65000        0.70000       -0.6482         3.3222        -0.6482         0.0039         0.0233 
BAR-estimator:      0.70000        0.75000       -0.7621         2.5601        -0.7621         0.0039         0.0236 
BAR-estimator:      0.75000        0.80000       -0.8251         1.7350        -0.8251         0.0043         0.0240 
BAR-estimator:      0.80000        0.85000       -0.8752         0.8598        -0.8752         0.0040         0.0243 
BAR-estimator:      0.85000        0.90000       -0.9015        -0.0417        -0.9015         0.0038         0.0246 
BAR-estimator:      0.90000        0.95000       -0.9239        -0.9656        -0.9239         0.0024         0.0247 
BAR-estimator:      0.95000        1.00000       -0.9245        -1.8901        -0.9245         0.0036         0.0250 
BAR-estimator: total free energy change is -1.890111606521126 , total error is 0.025000523182951147
