#========================================================================================
#                     Free energy perturbation    
#----------------------------------------------------------------------------------------
#forward/backward          λ              ΔΔA                 ΔA                  δε   
#                                                 
#----------------------------------------------------------------------------------------
forward:               0.0000              0.0000              0.0000              0.0000  
forward:               0.0500              1.0974              1.0974              0.0175  
forward:               0.1000              0.6647              1.7621              0.0214  
forward:               0.1500              0.3948              2.1569              0.0235  
forward:               0.2000              0.2342              2.3911              0.0252  
forward:               0.2500              0.1486              2.5397              0.0261  
forward:               0.3000              0.0869              2.6265              0.0269  
forward:               0.3500              0.0458              2.6723              0.0274  
forward:               0.4000              0.0122              2.6845              0.0279  
forward:               0.4500             -0.0064              2.6781              0.0282  
forward:               0.5000             -0.0337              2.6444              0.0285  
forward:               0.5500             -0.1914              2.4530              0.0291  
forward:               0.6000             -0.4136              2.0394              0.0299  
forward:               0.6500             -0.6231              1.4162              0.0309  
forward:               0.7000             -0.8258              0.5904              0.0320  
forward:               0.7500             -0.8828             -0.2924              0.0329  
forward:               0.8000             -0.9183             -1.2107              0.0334  
forward:               0.8500             -0.8752             -2.0859              0.0337  
forward:               0.9000             -0.8345             -2.9204              0.0340  
forward:               0.9500             -0.7714             -3.6918              0.0343  
forward:               1.0000             -0.7333             -4.4251              0.0347  
backward:              1.0000              0.0000             -4.4251              0.0000  
backward:              0.9500              0.7378             -3.6872              0.0056  
backward:              0.9000              0.7711             -2.9162              0.0091  
backward:              0.8500              0.8370             -2.0792              0.0109  
backward:              0.8000              0.8759             -1.2033              0.0125  
backward:              0.7500              0.9165             -0.2868              0.0140  
backward:              0.7000              0.8975              0.6108              0.0166  
backward:              0.6500              0.8109              1.4217              0.0189  
backward:              0.6000              0.6261              2.0478              0.0212  
backward:              0.5500              0.4137              2.4614              0.0224  
backward:              0.5000              0.1917              2.6532              0.0233  
backward:              0.4500              0.0284              2.6816              0.0240  
backward:              0.4000              0.0055              2.6871              0.0245  
backward:              0.3500             -0.0105              2.6766              0.0252  
backward:              0.3000             -0.0524              2.6241              0.0259  
backward:              0.2500             -0.0865              2.5376              0.0270  
backward:              0.2000             -0.1642              2.3734              0.0281  
backward:              0.1500             -0.2514              2.1220              0.0326  
backward:              0.1000             -0.4108              1.7112              0.0399  
backward:              0.0500             -0.7144              0.9968              0.0663  
backward:              0.0000             -1.0717             -0.0750              0.0713  
Inaccuracy estimation
======================================================================================================
                   i        i+δi          P0_overlap_P1   δε(forward)/ε   δε(backward)/ε
======================================================================================================
inaccuracy:  0.00000        0.05000           44.34           -0.03            1.04
inaccuracy:  0.05000        0.10000           54.09           -0.02            0.69
inaccuracy:  0.10000        0.15000           61.74           -0.02            0.37
inaccuracy:  0.15000        0.20000           66.69           -0.01            0.26
inaccuracy:  0.20000        0.25000           70.77           -0.01            0.18
inaccuracy:  0.25000        0.30000           72.20           -0.01            0.15
inaccuracy:  0.30000        0.35000           74.28           -0.01            0.12
inaccuracy:  0.35000        0.40000           73.92           -0.01            0.11
inaccuracy:  0.40000        0.45000           75.28           -0.01            0.10
inaccuracy:  0.45000        0.50000           75.56           -0.02            0.09
inaccuracy:  0.50000        0.55000           66.87           -0.10            0.17
inaccuracy:  0.55000        0.60000           66.40           -0.11            0.09
inaccuracy:  0.60000        0.65000           66.23           -0.13            0.07
inaccuracy:  0.65000        0.70000           67.29           -0.13            0.05
inaccuracy:  0.70000        0.75000           65.38           -0.10            0.05
inaccuracy:  0.75000        0.80000           66.96           -0.09            0.05
inaccuracy:  0.80000        0.85000           67.22           -0.09            0.07
inaccuracy:  0.85000        0.90000           66.37           -0.11            0.08
inaccuracy:  0.90000        0.95000           64.77           -0.09            0.09
inaccuracy:  0.95000        1.00000           65.03           -0.08            0.10
===================================================================================================================================
                BAR        
-----------------------------------------------------------------------------------------------------------------------------------
BAR-estimator:         λ             λ+δλ          ΔΔA             ΔA            C               Δδe            δe       
                          
-----------------------------------------------------------------------------------------------------------------------------------
BAR-estimator:      0.00000        0.05000        1.0922         1.0922         1.0922         0.0097         0.0097 
BAR-estimator:      0.05000        0.10000        0.6580         1.7502         0.6580         0.0076         0.0124 
BAR-estimator:      0.10000        0.15000        0.3954         2.1456         0.3954         0.0062         0.0138 
BAR-estimator:      0.15000        0.20000        0.2370         2.3827         0.2370         0.0058         0.0150 
BAR-estimator:      0.20000        0.25000        0.1547         2.5373         0.1547         0.0043         0.0156 
BAR-estimator:      0.25000        0.30000        0.0875         2.6249         0.0875         0.0045         0.0162 
BAR-estimator:      0.30000        0.35000        0.0478         2.6726         0.0478         0.0039         0.0167 
BAR-estimator:      0.35000        0.40000        0.0116         2.6842         0.0116         0.0043         0.0172 
BAR-estimator:      0.40000        0.45000       -0.0064         2.6778        -0.0064         0.0030         0.0175 
BAR-estimator:      0.45000        0.50000       -0.0338         2.6440        -0.0338         0.0029         0.0177 
BAR-estimator:      0.50000        0.55000       -0.1897         2.4543        -0.1897         0.0040         0.0182 
BAR-estimator:      0.55000        0.60000       -0.4145         2.0399        -0.4145         0.0038         0.0186 
BAR-estimator:      0.60000        0.65000       -0.6271         1.4128        -0.6271         0.0045         0.0191 
BAR-estimator:      0.65000        0.70000       -0.8190         0.5937        -0.8190         0.0051         0.0198 
BAR-estimator:      0.70000        0.75000       -0.8913        -0.2976        -0.8913         0.0049         0.0203 
BAR-estimator:      0.75000        0.80000       -0.9181        -1.2157        -0.9181         0.0040         0.0207 
BAR-estimator:      0.80000        0.85000       -0.8780        -2.0937        -0.8780         0.0036         0.0210 
BAR-estimator:      0.85000        0.90000       -0.8371        -2.9307        -0.8371         0.0041         0.0214 
BAR-estimator:      0.90000        0.95000       -0.7737        -3.7045        -0.7737         0.0039         0.0218 
BAR-estimator:      0.95000        1.00000       -0.7327        -4.4372        -0.7327         0.0036         0.0221 
BAR-estimator: total free energy change is -4.437170689999291 , total error is 0.02207930162665561
