#========================================================================================
#                     Free energy perturbation    
#----------------------------------------------------------------------------------------
#forward/backward          λ              ΔΔA                 ΔA                  δε   
#                                                 
#----------------------------------------------------------------------------------------
forward:               0.0000              0.0000              0.0000              0.0000  
forward:               0.0500              1.6840              1.6840              0.0225  
forward:               0.1000              0.9725              2.6565              0.0303  
forward:               0.1500              0.5430              3.1995              0.0331  
forward:               0.2000              0.3063              3.5058              0.0341  
forward:               0.2500              0.1777              3.6835              0.0346  
forward:               0.3000              0.1018              3.7854              0.0352  
forward:               0.3500              0.0572              3.8425              0.0356  
forward:               0.4000              0.0190              3.8615              0.0358  
forward:               0.4500             -0.0092              3.8523              0.0362  
forward:               0.5000             -0.0367              3.8156              0.0365  
forward:               0.5500             -0.1078              3.7078              0.0368  
forward:               0.6000             -0.2346              3.4732              0.0371  
forward:               0.6500             -0.2989              3.1743              0.0374  
forward:               0.7000             -0.3701              2.8042              0.0376  
forward:               0.7500             -0.4165              2.3877              0.0379  
forward:               0.8000             -0.4623              1.9254              0.0381  
forward:               0.8500             -0.4900              1.4354              0.0384  
forward:               0.9000             -0.5149              0.9205              0.0386  
forward:               0.9500             -0.5304              0.3901              0.0388  
forward:               1.0000             -0.5582             -0.1681              0.0390  
backward:              1.0000              0.0000             -0.1681              0.0000  
backward:              0.9500              0.5546              0.3865              0.0046  
backward:              0.9000              0.5322              0.9187              0.0072  
backward:              0.8500              0.5127              1.4314              0.0085  
backward:              0.8000              0.4837              1.9151              0.0097  
backward:              0.7500              0.4669              2.3820              0.0107  
backward:              0.7000              0.4121              2.7941              0.0120  
backward:              0.6500              0.3612              3.1553              0.0131  
backward:              0.6000              0.3086              3.4639              0.0140  
backward:              0.5500              0.2304              3.6943              0.0151  
backward:              0.5000              0.1062              3.8005              0.0162  
backward:              0.4500              0.0298              3.8303              0.0174  
backward:              0.4000              0.0106              3.8409              0.0183  
backward:              0.3500             -0.0158              3.8251              0.0188  
backward:              0.3000             -0.0491              3.7760              0.0200  
backward:              0.2500             -0.0916              3.6843              0.0213  
backward:              0.2000             -0.1887              3.4957              0.0248  
backward:              0.1500             -0.3182              3.1775              0.0274  
backward:              0.1000             -0.5214              2.6561              0.0331  
backward:              0.0500             -1.0605              1.5956              0.0535  
backward:              0.0000             -1.6664             -0.0708              0.0608  
Inaccuracy estimation
======================================================================================================
                   i        i+δi          P0_overlap_P1   δε(forward)/ε   δε(backward)/ε
======================================================================================================
inaccuracy:  0.00000        0.05000           36.88           -0.02            1.64
inaccuracy:  0.05000        0.10000           46.86           -0.03            1.05
inaccuracy:  0.10000        0.15000           55.12           -0.02            0.58
inaccuracy:  0.15000        0.20000           64.06           -0.02            0.31
inaccuracy:  0.20000        0.25000           69.01           -0.02            0.21
inaccuracy:  0.25000        0.30000           69.97           -0.02            0.18
inaccuracy:  0.30000        0.35000           71.43           -0.02            0.14
inaccuracy:  0.35000        0.40000           72.94           -0.01            0.12
inaccuracy:  0.40000        0.45000           73.84           -0.01            0.11
inaccuracy:  0.45000        0.50000           74.86           -0.01            0.10
inaccuracy:  0.50000        0.55000           70.52           -0.04            0.12
inaccuracy:  0.55000        0.60000           71.68           -0.04            0.10
inaccuracy:  0.60000        0.65000           71.22           -0.05            0.08
inaccuracy:  0.65000        0.70000           72.93           -0.05            0.07
inaccuracy:  0.70000        0.75000           72.77           -0.05            0.07
inaccuracy:  0.75000        0.80000           72.24           -0.04            0.07
inaccuracy:  0.80000        0.85000           72.75           -0.04            0.06
inaccuracy:  0.85000        0.90000           72.65           -0.05            0.07
inaccuracy:  0.90000        0.95000           71.99           -0.04            0.06
inaccuracy:  0.95000        1.00000           72.27           -0.04            0.06
===================================================================================================================================
                BAR        
-----------------------------------------------------------------------------------------------------------------------------------
BAR-estimator:         λ             λ+δλ          ΔΔA             ΔA            C               Δδe            δe       
                          
-----------------------------------------------------------------------------------------------------------------------------------
BAR-estimator:      0.00000        0.05000        1.6895         1.6895         1.6895         0.0120         0.0120 
BAR-estimator:      0.05000        0.10000        0.9857         2.6752         0.9857         0.0112         0.0164 
BAR-estimator:      0.10000        0.15000        0.5358         3.2110         0.5358         0.0082         0.0183 
BAR-estimator:      0.15000        0.20000        0.3081         3.5191         0.3081         0.0057         0.0192 
BAR-estimator:      0.20000        0.25000        0.1812         3.7003         0.1812         0.0046         0.0197 
BAR-estimator:      0.25000        0.30000        0.0999         3.8002         0.0999         0.0045         0.0202 
BAR-estimator:      0.30000        0.35000        0.0553         3.8555         0.0553         0.0038         0.0206 
BAR-estimator:      0.35000        0.40000        0.0177         3.8732         0.0177         0.0036         0.0209 
BAR-estimator:      0.40000        0.45000       -0.0094         3.8638        -0.0094         0.0033         0.0212 
BAR-estimator:      0.45000        0.50000       -0.0343         3.8295        -0.0343         0.0035         0.0215 
BAR-estimator:      0.50000        0.55000       -0.1056         3.7239        -0.1056         0.0036         0.0218 
BAR-estimator:      0.55000        0.60000       -0.2307         3.4932        -0.2307         0.0034         0.0220 
BAR-estimator:      0.60000        0.65000       -0.3037         3.1895        -0.3037         0.0031         0.0222 
BAR-estimator:      0.65000        0.70000       -0.3698         2.8197        -0.3698         0.0032         0.0225 
BAR-estimator:      0.70000        0.75000       -0.4131         2.4066        -0.4131         0.0034         0.0227 
BAR-estimator:      0.75000        0.80000       -0.4623         1.9442        -0.4623         0.0035         0.0230 
BAR-estimator:      0.80000        0.85000       -0.4886         1.4556        -0.4886         0.0034         0.0232 
BAR-estimator:      0.85000        0.90000       -0.5137         0.9419        -0.5137         0.0035         0.0235 
BAR-estimator:      0.90000        0.95000       -0.5325         0.4094        -0.5325         0.0035         0.0238 
BAR-estimator:      0.95000        1.00000       -0.5575        -0.1481        -0.5575         0.0035         0.0240 
BAR-estimator: total free energy change is -0.1481137023632143 , total error is 0.024017849825354102
