#========================================================================================
#                     Free energy perturbation    
#----------------------------------------------------------------------------------------
#forward/backward          λ              ΔΔA                 ΔA                  δε   
#                                                 
#----------------------------------------------------------------------------------------
forward:               0.0000              0.0000              0.0000              0.0000  
forward:               0.0500              0.8279              0.8279              0.0149  
forward:               0.1000              0.4850              1.3129              0.0181  
forward:               0.1500              0.2907              1.6036              0.0200  
forward:               0.2000              0.1908              1.7944              0.0217  
forward:               0.2500              0.1223              1.9167              0.0224  
forward:               0.3000              0.0790              1.9957              0.0230  
forward:               0.3500              0.0589              2.0546              0.0234  
forward:               0.4000              0.0390              2.0936              0.0240  
forward:               0.4500              0.0265              2.1201              0.0244  
forward:               0.5000              0.0106              2.1307              0.0247  
forward:               0.5500             -0.0394              2.0913              0.0253  
forward:               0.6000             -0.2060              1.8854              0.0257  
forward:               0.6500             -0.3732              1.5121              0.0269  
forward:               0.7000             -0.5629              0.9493              0.0280  
forward:               0.7500             -0.6840              0.2653              0.0288  
forward:               0.8000             -0.7135             -0.4482              0.0292  
forward:               0.8500             -0.6868             -1.1350              0.0295  
forward:               0.9000             -0.6587             -1.7937              0.0298  
forward:               0.9500             -0.6157             -2.4095              0.0301  
forward:               1.0000             -0.5970             -3.0064              0.0304  
backward:              1.0000              0.0000             -3.0064              0.0000  
backward:              0.9500              0.5984             -2.4080              0.0068  
backward:              0.9000              0.6155             -1.7925              0.0084  
backward:              0.8500              0.6554             -1.1371              0.0095  
backward:              0.8000              0.6844             -0.4526              0.0108  
backward:              0.7500              0.7112              0.2586              0.0121  
backward:              0.7000              0.6775              0.9361              0.0141  
backward:              0.6500              0.5718              1.5078              0.0164  
backward:              0.6000              0.3759              1.8837              0.0181  
backward:              0.5500              0.1954              2.0791              0.0195  
backward:              0.5000              0.0365              2.1156              0.0203  
backward:              0.4500             -0.0025              2.1131              0.0209  
backward:              0.4000             -0.0243              2.0888              0.0214  
backward:              0.3500             -0.0265              2.0622              0.0221  
backward:              0.3000             -0.0595              2.0028              0.0229  
backward:              0.2500             -0.0849              1.9178              0.0236  
backward:              0.2000             -0.1208              1.7971              0.0246  
backward:              0.1500             -0.1778              1.6193              0.0260  
backward:              0.1000             -0.2888              1.3305              0.0282  
backward:              0.0500             -0.4488              0.8817              0.0309  
backward:              0.0000             -0.8339              0.0478              0.0368  
Inaccuracy estimation
======================================================================================================
                   i        i+δi          P0_overlap_P1   δε(forward)/ε   δε(backward)/ε
======================================================================================================
inaccuracy:  0.00000        0.05000           50.52           -0.02            0.68
inaccuracy:  0.05000        0.10000           59.70           -0.02            0.49
inaccuracy:  0.10000        0.15000           66.79           -0.01            0.27
inaccuracy:  0.15000        0.20000           69.98           -0.01            0.19
inaccuracy:  0.20000        0.25000           73.78           -0.01            0.15
inaccuracy:  0.25000        0.30000           75.65           -0.00            0.12
inaccuracy:  0.30000        0.35000           76.24           -0.01            0.11
inaccuracy:  0.35000        0.40000           75.49           -0.01            0.10
inaccuracy:  0.40000        0.45000           76.74           -0.01            0.09
inaccuracy:  0.45000        0.50000           76.83           -0.01            0.09
inaccuracy:  0.50000        0.55000           71.80           -0.06            0.11
inaccuracy:  0.55000        0.60000           71.32           -0.08            0.09
inaccuracy:  0.60000        0.65000           67.98           -0.10            0.09
inaccuracy:  0.65000        0.70000           66.89           -0.07            0.07
inaccuracy:  0.70000        0.75000           70.84           -0.05            0.06
inaccuracy:  0.75000        0.80000           71.92           -0.04            0.05
inaccuracy:  0.80000        0.85000           72.44           -0.05            0.06
inaccuracy:  0.85000        0.90000           72.30           -0.05            0.06
inaccuracy:  0.90000        0.95000           70.88           -0.05            0.07
inaccuracy:  0.95000        1.00000           70.72           -0.05            0.07
===================================================================================================================================
                BAR        
-----------------------------------------------------------------------------------------------------------------------------------
BAR-estimator:         λ             λ+δλ          ΔΔA             ΔA            C               Δδe            δe       
                          
-----------------------------------------------------------------------------------------------------------------------------------
BAR-estimator:      0.00000        0.05000        0.8282         0.8282         0.8282         0.0090         0.0090 
BAR-estimator:      0.05000        0.10000        0.4799         1.3081         0.4799         0.0067         0.0112 
BAR-estimator:      0.10000        0.15000        0.2905         1.5986         0.2905         0.0056         0.0126 
BAR-estimator:      0.15000        0.20000        0.1855         1.7841         0.1855         0.0052         0.0136 
BAR-estimator:      0.20000        0.25000        0.1231         1.9072         0.1231         0.0039         0.0141 
BAR-estimator:      0.25000        0.30000        0.0802         1.9874         0.0802         0.0036         0.0146 
BAR-estimator:      0.30000        0.35000        0.0607         2.0481         0.0607         0.0034         0.0150 
BAR-estimator:      0.35000        0.40000        0.0339         2.0820         0.0339         0.0037         0.0154 
BAR-estimator:      0.40000        0.45000        0.0260         2.1080         0.0260         0.0030         0.0157 
BAR-estimator:      0.45000        0.50000        0.0086         2.1166         0.0086         0.0027         0.0159 
BAR-estimator:      0.50000        0.55000       -0.0392         2.0774        -0.0392         0.0035         0.0163 
BAR-estimator:      0.55000        0.60000       -0.2049         1.8725        -0.2049         0.0036         0.0167 
BAR-estimator:      0.60000        0.65000       -0.3744         1.4981        -0.3744         0.0046         0.0174 
BAR-estimator:      0.65000        0.70000       -0.5680         0.9301        -0.5680         0.0048         0.0180 
BAR-estimator:      0.70000        0.75000       -0.6809         0.2492        -0.6809         0.0039         0.0184 
BAR-estimator:      0.75000        0.80000       -0.7100        -0.4608        -0.7100         0.0037         0.0188 
BAR-estimator:      0.80000        0.85000       -0.6852        -1.1460        -0.6852         0.0033         0.0191 
BAR-estimator:      0.85000        0.90000       -0.6568        -1.8028        -0.6568         0.0034         0.0194 
BAR-estimator:      0.90000        0.95000       -0.6165        -2.4192        -0.6165         0.0036         0.0197 
BAR-estimator:      0.95000        1.00000       -0.5969        -3.0161        -0.5969         0.0036         0.0201 
BAR-estimator: total free energy change is -3.016127828966057 , total error is 0.02007473730887171
