#========================================================================================
#                     Free energy perturbation    
#----------------------------------------------------------------------------------------
#forward/backward          λ              ΔΔA                 ΔA                  δε   
#                                                 
#----------------------------------------------------------------------------------------
forward:               0.0000              0.0000              0.0000              0.0000  
forward:               0.0500              1.0562              1.0562              0.0183  
forward:               0.1000              0.6521              1.7083              0.0234  
forward:               0.1500              0.4079              2.1162              0.0255  
forward:               0.2000              0.2626              2.3788              0.0266  
forward:               0.2500              0.1655              2.5443              0.0275  
forward:               0.3000              0.1201              2.6645              0.0280  
forward:               0.3500              0.0783              2.7428              0.0285  
forward:               0.4000              0.0365              2.7793              0.0290  
forward:               0.4500              0.0275              2.8068              0.0293  
forward:               0.5000              0.0105              2.8173              0.0296  
forward:               0.5500             -0.1440              2.6732              0.0301  
forward:               0.6000             -0.3651              2.3081              0.0310  
forward:               0.6500             -0.5518              1.7564              0.0321  
forward:               0.7000             -0.7206              1.0357              0.0333  
forward:               0.7500             -0.8203              0.2154              0.0338  
forward:               0.8000             -0.8401             -0.6247              0.0341  
forward:               0.8500             -0.8200             -1.4447              0.0344  
forward:               0.9000             -0.7787             -2.2234              0.0346  
forward:               0.9500             -0.7367             -2.9601              0.0349  
forward:               1.0000             -0.6987             -3.6588              0.0350  
backward:              1.0000              0.0000             -3.6588              0.0000  
backward:              0.9500              0.6938             -2.9651              0.0059  
backward:              0.9000              0.7355             -2.2296              0.0077  
backward:              0.8500              0.7720             -1.4576              0.0095  
backward:              0.8000              0.8158             -0.6418              0.0118  
backward:              0.7500              0.8528              0.2110              0.0133  
backward:              0.7000              0.8153              1.0263              0.0153  
backward:              0.6500              0.7326              1.7589              0.0194  
backward:              0.6000              0.5504              2.3093              0.0214  
backward:              0.5500              0.3592              2.6686              0.0224  
backward:              0.5000              0.1378              2.8064              0.0236  
backward:              0.4500             -0.0152              2.7912              0.0244  
backward:              0.4000             -0.0329              2.7583              0.0249  
backward:              0.3500             -0.0600              2.6983              0.0255  
backward:              0.3000             -0.0805              2.6179              0.0262  
backward:              0.2500             -0.1147              2.5031              0.0277  
backward:              0.2000             -0.1658              2.3374              0.0285  
backward:              0.1500             -0.2451              2.0922              0.0298  
backward:              0.1000             -0.4242              1.6680              0.0367  
backward:              0.0500             -0.7011              0.9669              0.0413  
backward:              0.0000             -1.1125             -0.1456              0.0555  
Inaccuracy estimation
======================================================================================================
                   i        i+δi          P0_overlap_P1   δε(forward)/ε   δε(backward)/ε
======================================================================================================
inaccuracy:  0.00000        0.05000           49.11           -0.03            0.86
inaccuracy:  0.05000        0.10000           57.42           -0.01            0.63
inaccuracy:  0.10000        0.15000           62.29           -0.01            0.39
inaccuracy:  0.15000        0.20000           67.63           -0.01            0.25
inaccuracy:  0.20000        0.25000           71.91           -0.01            0.17
inaccuracy:  0.25000        0.30000           73.13           -0.01            0.14
inaccuracy:  0.30000        0.35000           75.42           -0.01            0.12
inaccuracy:  0.35000        0.40000           77.59           -0.00            0.10
inaccuracy:  0.40000        0.45000           76.47           -0.01            0.09
inaccuracy:  0.45000        0.50000           76.54           -0.01            0.09
inaccuracy:  0.50000        0.55000           67.28           -0.07            0.14
inaccuracy:  0.55000        0.60000           68.97           -0.10            0.09
inaccuracy:  0.60000        0.65000           67.92           -0.11            0.07
inaccuracy:  0.65000        0.70000           66.82           -0.11            0.06
inaccuracy:  0.70000        0.75000           68.47           -0.09            0.05
inaccuracy:  0.75000        0.80000           67.20           -0.10            0.05
inaccuracy:  0.80000        0.85000           67.99           -0.08            0.06
inaccuracy:  0.85000        0.90000           68.52           -0.08            0.07
inaccuracy:  0.90000        0.95000           67.98           -0.07            0.08
inaccuracy:  0.95000        1.00000           67.18           -0.07            0.09
===================================================================================================================================
                BAR        
-----------------------------------------------------------------------------------------------------------------------------------
BAR-estimator:         λ             λ+δλ          ΔΔA             ΔA            C               Δδe            δe       
                          
-----------------------------------------------------------------------------------------------------------------------------------
BAR-estimator:      0.00000        0.05000        1.0638         1.0638         1.0638         0.0099         0.0099 
BAR-estimator:      0.05000        0.10000        0.6767         1.7405         0.6767         0.0089         0.0133 
BAR-estimator:      0.10000        0.15000        0.4069         2.1474         0.4069         0.0063         0.0148 
BAR-estimator:      0.15000        0.20000        0.2606         2.4080         0.2606         0.0050         0.0156 
BAR-estimator:      0.20000        0.25000        0.1660         2.5740         0.1660         0.0047         0.0163 
BAR-estimator:      0.25000        0.30000        0.1187         2.6926         0.1187         0.0042         0.0168 
BAR-estimator:      0.30000        0.35000        0.0802         2.7728         0.0802         0.0047         0.0175 
BAR-estimator:      0.35000        0.40000        0.0467         2.8195         0.0467         0.0045         0.0180 
BAR-estimator:      0.40000        0.45000        0.0291         2.8486         0.0291         0.0038         0.0184 
BAR-estimator:      0.45000        0.50000        0.0110         2.8596         0.0110         0.0030         0.0187 
BAR-estimator:      0.50000        0.55000       -0.1424         2.7172        -0.1424         0.0033         0.0190 
BAR-estimator:      0.55000        0.60000       -0.3626         2.3546        -0.3626         0.0037         0.0193 
BAR-estimator:      0.60000        0.65000       -0.5511         1.8035        -0.5511         0.0044         0.0198 
BAR-estimator:      0.65000        0.70000       -0.7246         1.0789        -0.7246         0.0037         0.0202 
BAR-estimator:      0.70000        0.75000       -0.8146         0.2643        -0.8146         0.0040         0.0206 
BAR-estimator:      0.75000        0.80000       -0.8498        -0.5855        -0.8498         0.0035         0.0208 
BAR-estimator:      0.80000        0.85000       -0.8215        -1.4070        -0.8215         0.0039         0.0212 
BAR-estimator:      0.85000        0.90000       -0.7763        -2.1832        -0.7763         0.0037         0.0215 
BAR-estimator:      0.90000        0.95000       -0.7349        -2.9181        -0.7349         0.0037         0.0218 
BAR-estimator:      0.95000        1.00000       -0.6968        -3.6150        -0.6968         0.0041         0.0222 
BAR-estimator: total free energy change is -3.6149622102067993 , total error is 0.022215756944939852
