#========================================================================================
#                     Free energy perturbation    
#----------------------------------------------------------------------------------------
#forward/backward          λ              ΔΔA                 ΔA                  δε   
#                                                 
#----------------------------------------------------------------------------------------
forward:               0.0000              0.0000              0.0000              0.0000  
forward:               0.0500              2.2392              2.2392              0.0267  
forward:               0.1000              1.3041              3.5432              0.0352  
forward:               0.1500              0.6996              4.2428              0.0380  
forward:               0.2000              0.3902              4.6330              0.0393  
forward:               0.2500              0.2304              4.8634              0.0402  
forward:               0.3000              0.1091              4.9725              0.0408  
forward:               0.3500              0.0523              5.0249              0.0411  
forward:               0.4000              0.0210              5.0458              0.0415  
forward:               0.4500             -0.0196              5.0262              0.0420  
forward:               0.5000             -0.0588              4.9673              0.0422  
forward:               0.5500             -0.1712              4.7962              0.0426  
forward:               0.6000             -0.3085              4.4877              0.0428  
forward:               0.6500             -0.3911              4.0965              0.0431  
forward:               0.7000             -0.4639              3.6327              0.0434  
forward:               0.7500             -0.5071              3.1256              0.0436  
forward:               0.8000             -0.5262              2.5994              0.0437  
forward:               0.8500             -0.5642              2.0351              0.0439  
forward:               0.9000             -0.5868              1.4483              0.0441  
forward:               0.9500             -0.5979              0.8504              0.0444  
forward:               1.0000             -0.6088              0.2416              0.0444  
backward:              1.0000              0.0000              0.2416              0.0000  
backward:              0.9500              0.6083              0.8499              0.0046  
backward:              0.9000              0.5901              1.4400              0.0066  
backward:              0.8500              0.5796              2.0195              0.0082  
backward:              0.8000              0.5619              2.5815              0.0094  
backward:              0.7500              0.5364              3.1179              0.0095  
backward:              0.7000              0.4930              3.6108              0.0106  
backward:              0.6500              0.4498              4.0607              0.0119  
backward:              0.6000              0.3853              4.4460              0.0131  
backward:              0.5500              0.3099              4.7558              0.0144  
backward:              0.5000              0.1679              4.9237              0.0157  
backward:              0.4500              0.0543              4.9781              0.0168  
backward:              0.4000              0.0266              5.0046              0.0194  
backward:              0.3500             -0.0014              5.0032              0.0204  
backward:              0.3000             -0.0529              4.9504              0.0217  
backward:              0.2500             -0.1404              4.8100              0.0242  
backward:              0.2000             -0.2268              4.5832              0.0265  
backward:              0.1500             -0.3973              4.1859              0.0318  
backward:              0.1000             -0.7064              3.4795              0.0373  
backward:              0.0500             -1.2562              2.2233              0.0499  
backward:              0.0000             -2.2965             -0.0732              0.0895  
Inaccuracy estimation
======================================================================================================
                   i        i+δi          P0_overlap_P1   δε(forward)/ε   δε(backward)/ε
======================================================================================================
inaccuracy:  0.00000        0.05000           29.60            0.04            2.38
inaccuracy:  0.05000        0.10000           39.28           -0.05            1.57
inaccuracy:  0.10000        0.15000           51.64           -0.03            0.79
inaccuracy:  0.15000        0.20000           58.30           -0.03            0.43
inaccuracy:  0.20000        0.25000           63.53           -0.02            0.30
inaccuracy:  0.25000        0.30000           69.23           -0.01            0.19
inaccuracy:  0.30000        0.35000           70.10           -0.02            0.17
inaccuracy:  0.35000        0.40000           69.32           -0.03            0.15
inaccuracy:  0.40000        0.45000           70.35           -0.02            0.13
inaccuracy:  0.45000        0.50000           72.52           -0.01            0.11
inaccuracy:  0.50000        0.55000           67.53           -0.06            0.14
inaccuracy:  0.55000        0.60000           69.38           -0.05            0.11
inaccuracy:  0.60000        0.65000           70.60           -0.05            0.09
inaccuracy:  0.65000        0.70000           71.75           -0.05            0.08
inaccuracy:  0.70000        0.75000           72.58           -0.05            0.07
inaccuracy:  0.75000        0.80000           70.48           -0.05            0.07
inaccuracy:  0.80000        0.85000           71.43           -0.05            0.07
inaccuracy:  0.85000        0.90000           71.15           -0.06            0.07
inaccuracy:  0.90000        0.95000           69.98           -0.05            0.07
inaccuracy:  0.95000        1.00000           69.82           -0.06            0.07
===================================================================================================================================
                BAR        
-----------------------------------------------------------------------------------------------------------------------------------
BAR-estimator:         λ             λ+δλ          ΔΔA             ΔA            C               Δδe            δe       
                          
-----------------------------------------------------------------------------------------------------------------------------------
BAR-estimator:      0.00000        0.05000        2.1960         2.1960         2.1960         0.0123         0.0123 
BAR-estimator:      0.05000        0.10000        1.2902         3.4861         1.2902         0.0125         0.0176 
BAR-estimator:      0.10000        0.15000        0.7141         4.2003         0.7141         0.0087         0.0196 
BAR-estimator:      0.15000        0.20000        0.3899         4.5901         0.3899         0.0064         0.0206 
BAR-estimator:      0.20000        0.25000        0.2295         4.8197         0.2295         0.0052         0.0213 
BAR-estimator:      0.25000        0.30000        0.1200         4.9396         0.1200         0.0046         0.0218 
BAR-estimator:      0.30000        0.35000        0.0561         4.9957         0.0561         0.0036         0.0221 
BAR-estimator:      0.35000        0.40000        0.0132         5.0090         0.0132         0.0036         0.0224 
BAR-estimator:      0.40000        0.45000       -0.0245         4.9845        -0.0245         0.0041         0.0227 
BAR-estimator:      0.45000        0.50000       -0.0568         4.9277        -0.0568         0.0033         0.0230 
BAR-estimator:      0.50000        0.55000       -0.1692         4.7585        -0.1692         0.0034         0.0232 
BAR-estimator:      0.55000        0.60000       -0.3078         4.4507        -0.3078         0.0034         0.0235 
BAR-estimator:      0.60000        0.65000       -0.3887         4.0620        -0.3887         0.0036         0.0238 
BAR-estimator:      0.65000        0.70000       -0.4573         3.6047        -0.4573         0.0034         0.0240 
BAR-estimator:      0.70000        0.75000       -0.4997         3.1050        -0.4997         0.0033         0.0242 
BAR-estimator:      0.75000        0.80000       -0.5299         2.5752        -0.5299         0.0032         0.0244 
BAR-estimator:      0.80000        0.85000       -0.5638         2.0113        -0.5638         0.0036         0.0247 
BAR-estimator:      0.85000        0.90000       -0.5836         1.4277        -0.5836         0.0034         0.0249 
BAR-estimator:      0.90000        0.95000       -0.5962         0.8315        -0.5962         0.0025         0.0251 
BAR-estimator:      0.95000        1.00000       -0.6082         0.2233        -0.6082         0.0030         0.0252 
BAR-estimator: total free energy change is 0.22328818349231994 , total error is 0.02524932896081375
