#========================================================================================
#                     Free energy perturbation    
#----------------------------------------------------------------------------------------
#forward/backward          λ              ΔΔA                 ΔA                  δε   
#                                                 
#----------------------------------------------------------------------------------------
forward:               0.0000              0.0000              0.0000              0.0000  
forward:               0.0500              1.6314              1.6314              0.0247  
forward:               0.1000              0.9122              2.5436              0.0300  
forward:               0.1500              0.4724              3.0160              0.0321  
forward:               0.2000              0.2441              3.2600              0.0336  
forward:               0.2500              0.1273              3.3873              0.0343  
forward:               0.3000              0.0328              3.4201              0.0349  
forward:               0.3500             -0.0016              3.4186              0.0353  
forward:               0.4000             -0.0434              3.3752              0.0357  
forward:               0.4500             -0.0677              3.3075              0.0359  
forward:               0.5000             -0.1013              3.2062              0.0361  
forward:               0.5500             -0.2475              2.9587              0.0369  
forward:               0.6000             -0.5528              2.4059              0.0378  
forward:               0.6500             -0.8203              1.5856              0.0389  
forward:               0.7000             -1.0268              0.5588              0.0395  
forward:               0.7500             -1.1938             -0.6350              0.0405  
forward:               0.8000             -1.2537             -1.8887              0.0408  
forward:               0.8500             -1.2719             -3.1606              0.0413  
forward:               0.9000             -1.2784             -4.4390              0.0419  
forward:               0.9500             -1.2582             -5.6972              0.0422  
forward:               1.0000             -1.2474             -6.9446              0.0426  
backward:              1.0000              0.0000             -6.9446              0.0000  
backward:              0.9500              1.2307             -5.7139              0.0074  
backward:              0.9000              1.2677             -4.4461              0.0100  
backward:              0.8500              1.2684             -3.1777              0.0125  
backward:              0.8000              1.2806             -1.8971              0.0140  
backward:              0.7500              1.2612             -0.6359              0.0151  
backward:              0.7000              1.1785              0.5426              0.0176  
backward:              0.6500              1.0385              1.5811              0.0198  
backward:              0.6000              0.8318              2.4128              0.0226  
backward:              0.5500              0.5420              2.9549              0.0242  
backward:              0.5000              0.2563              3.2112              0.0253  
backward:              0.4500              0.1000              3.3111              0.0256  
backward:              0.4000              0.0711              3.3822              0.0266  
backward:              0.3500              0.0492              3.4314              0.0274  
backward:              0.3000              0.0109              3.4424              0.0281  
backward:              0.2500             -0.0302              3.4122              0.0292  
backward:              0.2000             -0.1357              3.2765              0.0304  
backward:              0.1500             -0.2412              3.0354              0.0324  
backward:              0.1000             -0.4554              2.5800              0.0358  
backward:              0.0500             -0.9176              1.6624              0.0427  
backward:              0.0000             -1.5901              0.0722              0.0616  
Inaccuracy estimation
======================================================================================================
                   i        i+δi          P0_overlap_P1   δε(forward)/ε   δε(backward)/ε
======================================================================================================
inaccuracy:  0.00000        0.05000           35.16           -0.04            1.75
inaccuracy:  0.05000        0.10000           46.41           -0.04            1.03
inaccuracy:  0.10000        0.15000           56.11           -0.03            0.52
inaccuracy:  0.15000        0.20000           63.69           -0.02            0.32
inaccuracy:  0.20000        0.25000           68.16           -0.02            0.20
inaccuracy:  0.25000        0.30000           70.35           -0.02            0.16
inaccuracy:  0.30000        0.35000           71.15           -0.02            0.14
inaccuracy:  0.35000        0.40000           72.15           -0.02            0.12
inaccuracy:  0.40000        0.45000           73.52           -0.02            0.11
inaccuracy:  0.45000        0.50000           74.85           -0.02            0.10
inaccuracy:  0.50000        0.55000           62.42           -0.11            0.20
inaccuracy:  0.55000        0.60000           64.09           -0.13            0.10
inaccuracy:  0.60000        0.65000           62.85           -0.17            0.07
inaccuracy:  0.65000        0.70000           63.55           -0.18            0.04
inaccuracy:  0.70000        0.75000           65.43           -0.16            0.03
inaccuracy:  0.75000        0.80000           63.59           -0.14            0.03
inaccuracy:  0.80000        0.85000           63.97           -0.15            0.03
inaccuracy:  0.85000        0.90000           64.80           -0.15            0.04
inaccuracy:  0.90000        0.95000           62.84           -0.13            0.04
inaccuracy:  0.95000        1.00000           63.46           -0.15            0.05
===================================================================================================================================
                BAR        
-----------------------------------------------------------------------------------------------------------------------------------
BAR-estimator:         λ             λ+δλ          ΔΔA             ΔA            C               Δδe            δe       
                          
-----------------------------------------------------------------------------------------------------------------------------------
BAR-estimator:      0.00000        0.05000        1.6189         1.6189         1.6189         0.0124         0.0124 
BAR-estimator:      0.05000        0.10000        0.9142         2.5331         0.9142         0.0099         0.0159 
BAR-estimator:      0.10000        0.15000        0.4646         2.9977         0.4646         0.0074         0.0175 
BAR-estimator:      0.15000        0.20000        0.2452         3.2429         0.2452         0.0064         0.0186 
BAR-estimator:      0.20000        0.25000        0.1293         3.3723         0.1293         0.0036         0.0190 
BAR-estimator:      0.25000        0.30000        0.0321         3.4044         0.0321         0.0039         0.0194 
BAR-estimator:      0.30000        0.35000       -0.0034         3.4010        -0.0034         0.0041         0.0198 
BAR-estimator:      0.35000        0.40000       -0.0463         3.3547        -0.0463         0.0039         0.0202 
BAR-estimator:      0.40000        0.45000       -0.0699         3.2849        -0.0699         0.0032         0.0204 
BAR-estimator:      0.45000        0.50000       -0.1010         3.1838        -0.1010         0.0028         0.0206 
BAR-estimator:      0.50000        0.55000       -0.2520         2.9318        -0.2520         0.0045         0.0211 
BAR-estimator:      0.55000        0.60000       -0.5480         2.3838        -0.5480         0.0046         0.0216 
BAR-estimator:      0.60000        0.65000       -0.8265         1.5574        -0.8265         0.0052         0.0222 
BAR-estimator:      0.65000        0.70000       -1.0321         0.5253        -1.0321         0.0047         0.0227 
BAR-estimator:      0.70000        0.75000       -1.1910        -0.6657        -1.1910         0.0055         0.0234 
BAR-estimator:      0.75000        0.80000       -1.2622        -1.9280        -1.2622         0.0050         0.0239 
BAR-estimator:      0.80000        0.85000       -1.2761        -3.2041        -1.2761         0.0044         0.0243 
BAR-estimator:      0.85000        0.90000       -1.2754        -4.4795        -1.2754         0.0044         0.0247 
BAR-estimator:      0.90000        0.95000       -1.2600        -5.7396        -1.2600         0.0033         0.0249 
BAR-estimator:      0.95000        1.00000       -1.2477        -6.9872        -1.2477         0.0045         0.0253 
BAR-estimator: total free energy change is -6.987214791634259 , total error is 0.025334134860943245
