#========================================================================================
#                     Free energy perturbation    
#----------------------------------------------------------------------------------------
#forward/backward          λ              ΔΔA                 ΔA                  δε   
#                                                 
#----------------------------------------------------------------------------------------
forward:               0.0000              0.0000              0.0000              0.0000  
forward:               0.0500              2.0981              2.0981              0.0347  
forward:               0.1000              1.1902              3.2883              0.0405  
forward:               0.1500              0.6431              3.9315              0.0433  
forward:               0.2000              0.3277              4.2592              0.0447  
forward:               0.2500              0.1508              4.4100              0.0455  
forward:               0.3000              0.0296              4.4396              0.0461  
forward:               0.3500             -0.0385              4.4011              0.0464  
forward:               0.4000             -0.0981              4.3030              0.0469  
forward:               0.4500             -0.1276              4.1754              0.0472  
forward:               0.5000             -0.1707              4.0047              0.0475  
forward:               0.5500             -0.3068              3.6979              0.0480  
forward:               0.6000             -0.5729              3.1250              0.0484  
forward:               0.6500             -0.7975              2.3275              0.0490  
forward:               0.7000             -0.9676              1.3599              0.0493  
forward:               0.7500             -1.0880              0.2719              0.0497  
forward:               0.8000             -1.1814             -0.9095              0.0500  
forward:               0.8500             -1.1980             -2.1075              0.0503  
forward:               0.9000             -1.2357             -3.3431              0.0505  
forward:               0.9500             -1.2457             -4.5889              0.0508  
forward:               1.0000             -1.2473             -5.8362              0.0510  
backward:              1.0000              0.0000             -5.8362              0.0000  
backward:              0.9500              1.2360             -4.6002              0.0074  
backward:              0.9000              1.2478             -3.3524              0.0095  
backward:              0.8500              1.2274             -2.1250              0.0120  
backward:              0.8000              1.2123             -0.9127              0.0145  
backward:              0.7500              1.1706              0.2579              0.0163  
backward:              0.7000              1.0921              1.3500              0.0176  
backward:              0.6500              0.9588              2.3087              0.0201  
backward:              0.6000              0.7670              3.0758              0.0219  
backward:              0.5500              0.5609              3.6367              0.0232  
backward:              0.5000              0.3005              3.9371              0.0244  
backward:              0.4500              0.1510              4.0881              0.0283  
backward:              0.4000              0.1245              4.2126              0.0289  
backward:              0.3500              0.0894              4.3020              0.0335  
backward:              0.3000              0.0391              4.3411              0.0352  
backward:              0.2500             -0.0329              4.3082              0.0367  
backward:              0.2000             -0.1525              4.1557              0.0398  
backward:              0.1500             -0.3594              3.7963              0.0539  
backward:              0.1000             -0.6559              3.1404              0.0585  
backward:              0.0500             -1.1539              1.9865              0.0651  
backward:              0.0000             -2.0357             -0.0492              0.0832  
Inaccuracy estimation
======================================================================================================
                   i        i+δi          P0_overlap_P1   δε(forward)/ε   δε(backward)/ε
======================================================================================================
inaccuracy:  0.00000        0.05000           30.29           -0.00            2.46
inaccuracy:  0.05000        0.10000           39.60           -0.07            1.55
inaccuracy:  0.10000        0.15000           49.46           -0.05            0.79
inaccuracy:  0.15000        0.20000           56.53           -0.03            0.47
inaccuracy:  0.20000        0.25000           62.27           -0.04            0.28
inaccuracy:  0.25000        0.30000           66.74           -0.02            0.21
inaccuracy:  0.30000        0.35000           68.09           -0.03            0.17
inaccuracy:  0.35000        0.40000           70.18           -0.02            0.15
inaccuracy:  0.40000        0.45000           70.55           -0.03            0.13
inaccuracy:  0.45000        0.50000           71.42           -0.03            0.12
inaccuracy:  0.50000        0.55000           62.26           -0.11            0.17
inaccuracy:  0.55000        0.60000           63.54           -0.12            0.11
inaccuracy:  0.60000        0.65000           64.12           -0.12            0.08
inaccuracy:  0.65000        0.70000           64.38           -0.13            0.06
inaccuracy:  0.70000        0.75000           64.43           -0.13            0.05
inaccuracy:  0.75000        0.80000           65.13           -0.12            0.04
inaccuracy:  0.80000        0.85000           63.61           -0.15            0.04
inaccuracy:  0.85000        0.90000           64.57           -0.13            0.04
inaccuracy:  0.90000        0.95000           63.23           -0.14            0.04
inaccuracy:  0.95000        1.00000           63.24           -0.15            0.05
===================================================================================================================================
                BAR        
-----------------------------------------------------------------------------------------------------------------------------------
BAR-estimator:         λ             λ+δλ          ΔΔA             ΔA            C               Δδe            δe       
                          
-----------------------------------------------------------------------------------------------------------------------------------
BAR-estimator:      0.00000        0.05000        2.0990         2.0990         2.0990         0.0160         0.0160 
BAR-estimator:      0.05000        0.10000        1.2009         3.2999         1.2009         0.0115         0.0198 
BAR-estimator:      0.10000        0.15000        0.6413         3.9412         0.6413         0.0096         0.0220 
BAR-estimator:      0.15000        0.20000        0.3242         4.2654         0.3242         0.0059         0.0227 
BAR-estimator:      0.20000        0.25000        0.1442         4.4096         0.1442         0.0055         0.0234 
BAR-estimator:      0.25000        0.30000        0.0322         4.4418         0.0322         0.0050         0.0239 
BAR-estimator:      0.30000        0.35000       -0.0395         4.4023        -0.0395         0.0036         0.0242 
BAR-estimator:      0.35000        0.40000       -0.0931         4.3092        -0.0931         0.0043         0.0246 
BAR-estimator:      0.40000        0.45000       -0.1294         4.1798        -0.1294         0.0038         0.0249 
BAR-estimator:      0.45000        0.50000       -0.1678         4.0120        -0.1678         0.0041         0.0252 
BAR-estimator:      0.50000        0.55000       -0.3030         3.7090        -0.3030         0.0039         0.0255 
BAR-estimator:      0.55000        0.60000       -0.5669         3.1421        -0.5669         0.0041         0.0258 
BAR-estimator:      0.60000        0.65000       -0.7854         2.3567        -0.7854         0.0053         0.0264 
BAR-estimator:      0.65000        0.70000       -0.9647         1.3920        -0.9647         0.0050         0.0268 
BAR-estimator:      0.70000        0.75000       -1.0862         0.3058        -1.0862         0.0048         0.0273 
BAR-estimator:      0.75000        0.80000       -1.1742        -0.8684        -1.1742         0.0043         0.0276 
BAR-estimator:      0.80000        0.85000       -1.2056        -2.0739        -1.2056         0.0035         0.0278 
BAR-estimator:      0.85000        0.90000       -1.2341        -3.3081        -1.2341         0.0048         0.0282 
BAR-estimator:      0.90000        0.95000       -1.2460        -4.5540        -1.2460         0.0043         0.0285 
BAR-estimator:      0.95000        1.00000       -1.2444        -5.7984        -1.2444         0.0045         0.0289 
BAR-estimator: total free energy change is -5.798370034670336 , total error is 0.028900308686114866
