#========================================================================================
#                     Free energy perturbation    
#----------------------------------------------------------------------------------------
#forward/backward          λ              ΔΔA                 ΔA                  δε   
#                                                 
#----------------------------------------------------------------------------------------
forward:               0.0000              0.0000              0.0000              0.0000  
forward:               0.0500              1.1770              1.1770              0.0199  
forward:               0.1000              0.6492              1.8263              0.0250  
forward:               0.1500              0.3674              2.1936              0.0270  
forward:               0.2000              0.1954              2.3891              0.0282  
forward:               0.2500              0.0865              2.4755              0.0291  
forward:               0.3000              0.0224              2.4980              0.0296  
forward:               0.3500             -0.0260              2.4719              0.0300  
forward:               0.4000             -0.0523              2.4196              0.0304  
forward:               0.4500             -0.0730              2.3467              0.0308  
forward:               0.5000             -0.1020              2.2446              0.0311  
forward:               0.5500             -0.3116              1.9330              0.0318  
forward:               0.6000             -0.6269              1.3061              0.0324  
forward:               0.6500             -0.9228              0.3833              0.0332  
forward:               0.7000             -1.1431             -0.7598              0.0339  
forward:               0.7500             -1.3029             -2.0627              0.0344  
forward:               0.8000             -1.3837             -3.4464              0.0348  
forward:               0.8500             -1.4230             -4.8695              0.0352  
forward:               0.9000             -1.4365             -6.3060              0.0355  
forward:               0.9500             -1.4217             -7.7277              0.0359  
forward:               1.0000             -1.4164             -9.1441              0.0362  
backward:              1.0000              0.0000             -9.1441              0.0000  
backward:              0.9500              1.4213             -7.7228              0.0063  
backward:              0.9000              1.4299             -6.2930              0.0094  
backward:              0.8500              1.4279             -4.8651              0.0122  
backward:              0.8000              1.4125             -3.4526              0.0138  
backward:              0.7500              1.3835             -2.0691              0.0154  
backward:              0.7000              1.2911             -0.7780              0.0171  
backward:              0.6500              1.1412              0.3632              0.0186  
backward:              0.6000              0.9100              1.2732              0.0198  
backward:              0.5500              0.6262              1.8995              0.0210  
backward:              0.5000              0.3003              2.1998              0.0223  
backward:              0.4500              0.1053              2.3051              0.0228  
backward:              0.4000              0.0825              2.3877              0.0233  
backward:              0.3500              0.0400              2.4277              0.0241  
backward:              0.3000              0.0153              2.4430              0.0249  
backward:              0.2500             -0.0304              2.4126              0.0259  
backward:              0.2000             -0.1014              2.3111              0.0280  
backward:              0.1500             -0.1734              2.1377              0.0293  
backward:              0.1000             -0.3656              1.7722              0.0324  
backward:              0.0500             -0.6396              1.1325              0.0368  
backward:              0.0000             -1.1814             -0.0489              0.0551  
Inaccuracy estimation
======================================================================================================
                   i        i+δi          P0_overlap_P1   δε(forward)/ε   δε(backward)/ε
======================================================================================================
inaccuracy:  0.00000        0.05000           41.93           -0.04            1.33
inaccuracy:  0.05000        0.10000           53.43           -0.02            0.72
inaccuracy:  0.10000        0.15000           60.50           -0.02            0.42
inaccuracy:  0.15000        0.20000           64.98           -0.02            0.27
inaccuracy:  0.20000        0.25000           70.64           -0.01            0.17
inaccuracy:  0.25000        0.30000           71.68           -0.01            0.14
inaccuracy:  0.30000        0.35000           74.32           -0.01            0.12
inaccuracy:  0.35000        0.40000           74.82           -0.01            0.10
inaccuracy:  0.40000        0.45000           74.07           -0.01            0.11
inaccuracy:  0.45000        0.50000           74.98           -0.02            0.09
inaccuracy:  0.50000        0.55000           63.95           -0.11            0.15
inaccuracy:  0.55000        0.60000           64.22           -0.16            0.09
inaccuracy:  0.60000        0.65000           64.73           -0.15            0.06
inaccuracy:  0.65000        0.70000           64.02           -0.15            0.03
inaccuracy:  0.70000        0.75000           65.05           -0.14            0.02
inaccuracy:  0.75000        0.80000           65.08           -0.17            0.01
inaccuracy:  0.80000        0.85000           64.93           -0.12            0.02
inaccuracy:  0.85000        0.90000           64.73           -0.15            0.02
inaccuracy:  0.90000        0.95000           63.64           -0.15            0.02
inaccuracy:  0.95000        1.00000           63.30           -0.16            0.02
===================================================================================================================================
                BAR        
-----------------------------------------------------------------------------------------------------------------------------------
BAR-estimator:         λ             λ+δλ          ΔΔA             ΔA            C               Δδe            δe       
                          
-----------------------------------------------------------------------------------------------------------------------------------
BAR-estimator:      0.00000        0.05000        1.1815         1.1815         1.1815         0.0108         0.0108 
BAR-estimator:      0.05000        0.10000        0.6558         1.8373         0.6558         0.0089         0.0140 
BAR-estimator:      0.10000        0.15000        0.3687         2.2060         0.3687         0.0066         0.0155 
BAR-estimator:      0.15000        0.20000        0.1915         2.3976         0.1915         0.0054         0.0164 
BAR-estimator:      0.20000        0.25000        0.0927         2.4903         0.0927         0.0043         0.0170 
BAR-estimator:      0.25000        0.30000        0.0243         2.5146         0.0243         0.0041         0.0175 
BAR-estimator:      0.30000        0.35000       -0.0226         2.4920        -0.0226         0.0035         0.0178 
BAR-estimator:      0.35000        0.40000       -0.0494         2.4426        -0.0494         0.0034         0.0181 
BAR-estimator:      0.40000        0.45000       -0.0757         2.3669        -0.0757         0.0036         0.0185 
BAR-estimator:      0.45000        0.50000       -0.1024         2.2645        -0.1024         0.0030         0.0187 
BAR-estimator:      0.50000        0.55000       -0.3061         1.9583        -0.3061         0.0042         0.0192 
BAR-estimator:      0.55000        0.60000       -0.6285         1.3298        -0.6285         0.0038         0.0196 
BAR-estimator:      0.60000        0.65000       -0.9138         0.4160        -0.9138         0.0046         0.0201 
BAR-estimator:      0.65000        0.70000       -1.1409        -0.7249        -1.1409         0.0042         0.0205 
BAR-estimator:      0.70000        0.75000       -1.2943        -2.0191        -1.2943         0.0043         0.0210 
BAR-estimator:      0.75000        0.80000       -1.3868        -3.4059        -1.3868         0.0043         0.0214 
BAR-estimator:      0.80000        0.85000       -1.4187        -4.8246        -1.4187         0.0043         0.0218 
BAR-estimator:      0.85000        0.90000       -1.4357        -6.2603        -1.4357         0.0045         0.0223 
BAR-estimator:      0.90000        0.95000       -1.4229        -7.6832        -1.4229         0.0044         0.0227 
BAR-estimator:      0.95000        1.00000       -1.4178        -9.1010        -1.4178         0.0043         0.0231 
BAR-estimator: total free energy change is -9.100998637421688 , total error is 0.023120165549693466
