#========================================================================================
#                     Free energy perturbation    
#----------------------------------------------------------------------------------------
#forward/backward          λ              ΔΔA                 ΔA                  δε   
#                                                 
#----------------------------------------------------------------------------------------
forward:               0.0000              0.0000              0.0000              0.0000  
forward:               0.0500              5.4824              5.4824              0.0695  
forward:               0.1000              2.7730              8.2554              0.0820  
forward:               0.1500              1.1131              9.3685              0.0887  
forward:               0.2000              0.3250              9.6935              0.0899  
forward:               0.2500              0.0292              9.7226              0.0905  
forward:               0.3000             -0.1697              9.5529              0.0907  
forward:               0.3500             -0.2878              9.2651              0.0911  
forward:               0.4000             -0.4009              8.8642              0.0914  
forward:               0.4500             -0.4512              8.4131              0.0916  
forward:               0.5000             -0.5053              7.9078              0.0918  
forward:               0.5500             -0.5847              7.3231              0.0919  
forward:               0.6000             -0.6328              6.6903              0.0921  
forward:               0.6500             -0.6903              6.0001              0.0922  
forward:               0.7000             -0.7366              5.2635              0.0923  
forward:               0.7500             -0.7587              4.5048              0.0925  
forward:               0.8000             -0.8077              3.6971              0.0926  
forward:               0.8500             -0.8240              2.8731              0.0927  
forward:               0.9000             -0.8606              2.0126              0.0928  
forward:               0.9500             -0.8792              1.1333              0.0929  
forward:               1.0000             -0.9053              0.2280              0.0930  
backward:              1.0000              0.0000              0.2280              0.0000  
backward:              0.9500              0.9034              1.1314              0.0061  
backward:              0.9000              0.8743              2.0057              0.0077  
backward:              0.8500              0.8545              2.8601              0.0096  
backward:              0.8000              0.8308              3.6909              0.0105  
backward:              0.7500              0.7917              4.4825              0.0116  
backward:              0.7000              0.7687              5.2513              0.0131  
backward:              0.6500              0.7365              5.9878              0.0139  
backward:              0.6000              0.6907              6.6785              0.0150  
backward:              0.5500              0.6494              7.3279              0.0162  
backward:              0.5000              0.5886              7.9165              0.0171  
backward:              0.4500              0.5092              8.4257              0.0183  
backward:              0.4000              0.4548              8.8804              0.0196  
backward:              0.3500              0.3915              9.2719              0.0210  
backward:              0.3000              0.2934              9.5653              0.0234  
backward:              0.2500              0.1882              9.7536              0.0262  
backward:              0.2000             -0.0192              9.7343              0.0297  
backward:              0.1500             -0.3676              9.3668              0.0403  
backward:              0.1000             -1.0777              8.2891              0.0544  
backward:              0.0500             -2.6372              5.6519              0.0943  
backward:              0.0000             -4.8776              0.7743              0.1191  
Inaccuracy estimation
======================================================================================================
                   i        i+δi          P0_overlap_P1   δε(forward)/ε   δε(backward)/ε
======================================================================================================
inaccuracy:  0.00000        0.05000           10.06            1.54            9.31
inaccuracy:  0.05000        0.10000           19.07            0.08            4.60
inaccuracy:  0.10000        0.15000           33.67           -0.13            1.87
inaccuracy:  0.15000        0.20000           49.98           -0.09            0.74
inaccuracy:  0.20000        0.25000           55.58           -0.06            0.40
inaccuracy:  0.25000        0.30000           59.37           -0.06            0.24
inaccuracy:  0.30000        0.35000           62.89           -0.06            0.19
inaccuracy:  0.35000        0.40000           66.40           -0.04            0.14
inaccuracy:  0.40000        0.45000           66.54           -0.06            0.12
inaccuracy:  0.45000        0.50000           67.44           -0.05            0.11
inaccuracy:  0.50000        0.55000           68.42           -0.07            0.09
inaccuracy:  0.55000        0.60000           67.32           -0.07            0.08
inaccuracy:  0.60000        0.65000           69.19           -0.07            0.07
inaccuracy:  0.65000        0.70000           69.20           -0.06            0.06
inaccuracy:  0.70000        0.75000           68.18           -0.07            0.06
inaccuracy:  0.75000        0.80000           70.74           -0.06            0.05
inaccuracy:  0.80000        0.85000           68.68           -0.08            0.05
inaccuracy:  0.85000        0.90000           69.82           -0.07            0.05
inaccuracy:  0.90000        0.95000           70.31           -0.07            0.04
inaccuracy:  0.95000        1.00000           68.83           -0.08            0.04
===================================================================================================================================
                BAR        
-----------------------------------------------------------------------------------------------------------------------------------
BAR-estimator:         λ             λ+δλ          ΔΔA             ΔA            C               Δδe            δe       
                          
-----------------------------------------------------------------------------------------------------------------------------------
BAR-estimator:      0.00000        0.05000        5.3631         5.3631         5.3631         0.0251         0.0251 
BAR-estimator:      0.05000        0.10000        2.7304         8.0935         2.7304         0.0176         0.0307 
BAR-estimator:      0.10000        0.15000        1.1177         9.2111         1.1177         0.0169         0.0350 
BAR-estimator:      0.15000        0.20000        0.3370         9.5481         0.3370         0.0087         0.0361 
BAR-estimator:      0.20000        0.25000        0.0242         9.5723         0.0242         0.0061         0.0366 
BAR-estimator:      0.25000        0.30000       -0.1793         9.3930        -0.1793         0.0057         0.0370 
BAR-estimator:      0.30000        0.35000       -0.2934         9.0996        -0.2934         0.0051         0.0374 
BAR-estimator:      0.35000        0.40000       -0.3935         8.7062        -0.3935         0.0046         0.0377 
BAR-estimator:      0.40000        0.45000       -0.4516         8.2545        -0.4516         0.0041         0.0379 
BAR-estimator:      0.45000        0.50000       -0.5068         7.7477        -0.5068         0.0040         0.0381 
BAR-estimator:      0.50000        0.55000       -0.5860         7.1617        -0.5860         0.0041         0.0383 
BAR-estimator:      0.55000        0.60000       -0.6395         6.5222        -0.6395         0.0038         0.0385 
BAR-estimator:      0.60000        0.65000       -0.6915         5.8307        -0.6915         0.0035         0.0387 
BAR-estimator:      0.65000        0.70000       -0.7354         5.0953        -0.7354         0.0036         0.0388 
BAR-estimator:      0.70000        0.75000       -0.7620         4.3333        -0.7620         0.0038         0.0390 
BAR-estimator:      0.75000        0.80000       -0.8016         3.5317        -0.8016         0.0036         0.0392 
BAR-estimator:      0.80000        0.85000       -0.8288         2.7029        -0.8288         0.0035         0.0393 
BAR-estimator:      0.85000        0.90000       -0.8576         1.8453        -0.8576         0.0037         0.0395 
BAR-estimator:      0.90000        0.95000       -0.8776         0.9677        -0.8776         0.0030         0.0396 
BAR-estimator:      0.95000        1.00000       -0.9075         0.0602        -0.9075         0.0034         0.0398 
BAR-estimator: total free energy change is 0.06021332550259961 , total error is 0.03977665322806621
