#========================================================================================
#                     Free energy perturbation    
#----------------------------------------------------------------------------------------
#forward/backward          λ              ΔΔA                 ΔA                  δε   
#                                                 
#----------------------------------------------------------------------------------------
forward:               0.0000              0.0000              0.0000              0.0000  
forward:               0.0500              1.3295              1.3295              0.0204  
forward:               0.1000              0.7145              2.0440              0.0251  
forward:               0.1500              0.3836              2.4276              0.0268  
forward:               0.2000              0.2139              2.6415              0.0278  
forward:               0.2500              0.1270              2.7686              0.0287  
forward:               0.3000              0.0645              2.8331              0.0291  
forward:               0.3500              0.0206              2.8536              0.0295  
forward:               0.4000             -0.0119              2.8417              0.0301  
forward:               0.4500             -0.0267              2.8150              0.0304  
forward:               0.5000             -0.0566              2.7584              0.0307  
forward:               0.5500             -0.1897              2.5687              0.0320  
forward:               0.6000             -0.4572              2.1114              0.0325  
forward:               0.6500             -0.6748              1.4366              0.0333  
forward:               0.7000             -0.8694              0.5672              0.0342  
forward:               0.7500             -0.9893             -0.4221              0.0350  
forward:               0.8000             -1.0565             -1.4786              0.0355  
forward:               0.8500             -1.0881             -2.5667              0.0359  
forward:               0.9000             -1.0927             -3.6594              0.0364  
forward:               0.9500             -1.0704             -4.7298              0.0367  
forward:               1.0000             -1.0615             -5.7913              0.0369  
backward:              1.0000              0.0000             -5.7913              0.0000  
backward:              0.9500              1.0569             -4.7344              0.0058  
backward:              0.9000              1.0771             -3.6574              0.0093  
backward:              0.8500              1.0869             -2.5705              0.0117  
backward:              0.8000              1.0761             -1.4944              0.0139  
backward:              0.7500              1.0570             -0.4373              0.0152  
backward:              0.7000              0.9983              0.5609              0.0169  
backward:              0.6500              0.8570              1.4179              0.0189  
backward:              0.6000              0.6824              2.1003              0.0201  
backward:              0.5500              0.4500              2.5502              0.0212  
backward:              0.5000              0.1914              2.7416              0.0226  
backward:              0.4500              0.0568              2.7984              0.0230  
backward:              0.4000              0.0235              2.8220              0.0236  
backward:              0.3500              0.0110              2.8330              0.0241  
backward:              0.3000             -0.0262              2.8068              0.0247  
backward:              0.2500             -0.0554              2.7513              0.0257  
backward:              0.2000             -0.1314              2.6199              0.0270  
backward:              0.1500             -0.2106              2.4093              0.0287  
backward:              0.1000             -0.3863              2.0230              0.0314  
backward:              0.0500             -0.6966              1.3263              0.0425  
backward:              0.0000             -1.3465             -0.0202              0.0515  
Inaccuracy estimation
======================================================================================================
                   i        i+δi          P0_overlap_P1   δε(forward)/ε   δε(backward)/ε
======================================================================================================
inaccuracy:  0.00000        0.05000           40.53           -0.03            1.32
inaccuracy:  0.05000        0.10000           51.68           -0.03            0.81
inaccuracy:  0.10000        0.15000           62.23           -0.01            0.42
inaccuracy:  0.15000        0.20000           67.48           -0.02            0.25
inaccuracy:  0.20000        0.25000           71.24           -0.01            0.17
inaccuracy:  0.25000        0.30000           72.57           -0.01            0.14
inaccuracy:  0.30000        0.35000           75.48           -0.01            0.10
inaccuracy:  0.35000        0.40000           76.14           -0.01            0.10
inaccuracy:  0.40000        0.45000           76.42           -0.01            0.09
inaccuracy:  0.45000        0.50000           76.44           -0.01            0.08
inaccuracy:  0.50000        0.55000           65.03           -0.09            0.18
inaccuracy:  0.55000        0.60000           67.56           -0.10            0.09
inaccuracy:  0.60000        0.65000           66.43           -0.12            0.07
inaccuracy:  0.65000        0.70000           67.60           -0.12            0.05
inaccuracy:  0.70000        0.75000           66.69           -0.12            0.04
inaccuracy:  0.75000        0.80000           67.61           -0.11            0.03
inaccuracy:  0.80000        0.85000           68.17           -0.10            0.04
inaccuracy:  0.85000        0.90000           67.17           -0.09            0.04
inaccuracy:  0.90000        0.95000           65.72           -0.10            0.05
inaccuracy:  0.95000        1.00000           66.52           -0.10            0.06
===================================================================================================================================
                BAR        
-----------------------------------------------------------------------------------------------------------------------------------
BAR-estimator:         λ             λ+δλ          ΔΔA             ΔA            C               Δδe            δe       
                          
-----------------------------------------------------------------------------------------------------------------------------------
BAR-estimator:      0.00000        0.05000        1.3364         1.3364         1.3364         0.0106         0.0106 
BAR-estimator:      0.05000        0.10000        0.7166         2.0529         0.7166         0.0093         0.0141 
BAR-estimator:      0.10000        0.15000        0.3862         2.4391         0.3862         0.0062         0.0154 
BAR-estimator:      0.15000        0.20000        0.2127         2.6518         0.2127         0.0052         0.0162 
BAR-estimator:      0.20000        0.25000        0.1286         2.7804         0.1286         0.0044         0.0168 
BAR-estimator:      0.25000        0.30000        0.0599         2.8403         0.0599         0.0039         0.0172 
BAR-estimator:      0.30000        0.35000        0.0236         2.8639         0.0236         0.0037         0.0176 
BAR-estimator:      0.35000        0.40000       -0.0102         2.8537        -0.0102         0.0037         0.0180 
BAR-estimator:      0.40000        0.45000       -0.0245         2.8291        -0.0245         0.0031         0.0183 
BAR-estimator:      0.45000        0.50000       -0.0573         2.7718        -0.0573         0.0028         0.0185 
BAR-estimator:      0.50000        0.55000       -0.1892         2.5827        -0.1892         0.0054         0.0193 
BAR-estimator:      0.55000        0.60000       -0.4523         2.1304        -0.4523         0.0035         0.0196 
BAR-estimator:      0.60000        0.65000       -0.6747         1.4557        -0.6747         0.0041         0.0200 
BAR-estimator:      0.65000        0.70000       -0.8612         0.5945        -0.8612         0.0047         0.0206 
BAR-estimator:      0.70000        0.75000       -0.9907        -0.3962        -0.9907         0.0045         0.0211 
BAR-estimator:      0.75000        0.80000       -1.0570        -1.4532        -1.0570         0.0039         0.0214 
BAR-estimator:      0.80000        0.85000       -1.0845        -2.5377        -1.0845         0.0041         0.0218 
BAR-estimator:      0.85000        0.90000       -1.0921        -3.6298        -1.0921         0.0040         0.0222 
BAR-estimator:      0.90000        0.95000       -1.0725        -4.7023        -1.0725         0.0046         0.0226 
BAR-estimator:      0.95000        1.00000       -1.0555        -5.7578        -1.0555         0.0041         0.0230 
BAR-estimator: total free energy change is -5.7578436830574 , total error is 0.023006365633788297
