#========================================================================================
#                     Free energy perturbation    
#----------------------------------------------------------------------------------------
#forward/backward          λ              ΔΔA                 ΔA                  δε   
#                                                 
#----------------------------------------------------------------------------------------
forward:               0.0000              0.0000              0.0000              0.0000  
forward:               0.0500              1.8583              1.8583              0.0284  
forward:               0.1000              1.0712              2.9296              0.0345  
forward:               0.1500              0.5643              3.4939              0.0362  
forward:               0.2000              0.2716              3.7655              0.0376  
forward:               0.2500              0.1549              3.9204              0.0384  
forward:               0.3000              0.0311              3.9515              0.0390  
forward:               0.3500             -0.0088              3.9427              0.0394  
forward:               0.4000             -0.0512              3.8915              0.0397  
forward:               0.4500             -0.0855              3.8060              0.0401  
forward:               0.5000             -0.1136              3.6924              0.0404  
forward:               0.5500             -0.2189              3.4735              0.0409  
forward:               0.6000             -0.4733              3.0002              0.0413  
forward:               0.6500             -0.6725              2.3277              0.0418  
forward:               0.7000             -0.8640              1.4638              0.0422  
forward:               0.7500             -0.9990              0.4647              0.0428  
forward:               0.8000             -1.1107             -0.6459              0.0431  
forward:               0.8500             -1.2016             -1.8475              0.0435  
forward:               0.9000             -1.2707             -3.1182              0.0438  
forward:               0.9500             -1.3231             -4.4413              0.0441  
forward:               1.0000             -1.3641             -5.8055              0.0444  
backward:              1.0000              0.0000             -5.8055              0.0000  
backward:              0.9500              1.3705             -4.4350              0.0056  
backward:              0.9000              1.3123             -3.1226              0.0088  
backward:              0.8500              1.2703             -1.8523              0.0101  
backward:              0.8000              1.2036             -0.6488              0.0117  
backward:              0.7500              1.1119              0.4632              0.0137  
backward:              0.7000              1.0022              1.4653              0.0152  
backward:              0.6500              0.8487              2.3140              0.0166  
backward:              0.6000              0.6549              2.9689              0.0178  
backward:              0.5500              0.4663              3.4352              0.0192  
backward:              0.5000              0.2377              3.6730              0.0205  
backward:              0.4500              0.1229              3.7958              0.0211  
backward:              0.4000              0.0786              3.8745              0.0214  
backward:              0.3500              0.0593              3.9337              0.0218  
backward:              0.3000              0.0074              3.9412              0.0233  
backward:              0.2500             -0.0495              3.8917              0.0251  
backward:              0.2000             -0.1413              3.7504              0.0273  
backward:              0.1500             -0.2678              3.4826              0.0298  
backward:              0.1000             -0.5504              2.9322              0.0337  
backward:              0.0500             -1.0248              1.9075              0.0490  
backward:              0.0000             -1.7895              0.1180              0.0603  
Inaccuracy estimation
======================================================================================================
                   i        i+δi          P0_overlap_P1   δε(forward)/ε   δε(backward)/ε
======================================================================================================
inaccuracy:  0.00000        0.05000           34.08           -0.02            1.90
inaccuracy:  0.05000        0.10000           41.93           -0.06            1.31
inaccuracy:  0.10000        0.15000           52.82           -0.03            0.66
inaccuracy:  0.15000        0.20000           61.37           -0.03            0.37
inaccuracy:  0.20000        0.25000           64.47           -0.02            0.25
inaccuracy:  0.25000        0.30000           69.29           -0.02            0.19
inaccuracy:  0.30000        0.35000           69.84           -0.01            0.16
inaccuracy:  0.35000        0.40000           70.43           -0.02            0.13
inaccuracy:  0.40000        0.45000           72.39           -0.02            0.12
inaccuracy:  0.45000        0.50000           72.42           -0.02            0.11
inaccuracy:  0.50000        0.55000           63.12           -0.09            0.17
inaccuracy:  0.55000        0.60000           65.67           -0.12            0.11
inaccuracy:  0.60000        0.65000           66.27           -0.11            0.08
inaccuracy:  0.65000        0.70000           67.60           -0.11            0.06
inaccuracy:  0.70000        0.75000           66.35           -0.12            0.05
inaccuracy:  0.75000        0.80000           65.98           -0.12            0.04
inaccuracy:  0.80000        0.85000           66.64           -0.14            0.03
inaccuracy:  0.85000        0.90000           66.52           -0.11            0.02
inaccuracy:  0.90000        0.95000           66.38           -0.12            0.02
inaccuracy:  0.95000        1.00000           65.75           -0.12            0.02
===================================================================================================================================
                BAR        
-----------------------------------------------------------------------------------------------------------------------------------
BAR-estimator:         λ             λ+δλ          ΔΔA             ΔA            C               Δδe            δe       
                          
-----------------------------------------------------------------------------------------------------------------------------------
BAR-estimator:      0.00000        0.05000        1.8342         1.8342         1.8342         0.0135         0.0135 
BAR-estimator:      0.05000        0.10000        1.0493         2.8835         1.0493         0.0117         0.0179 
BAR-estimator:      0.10000        0.15000        0.5703         3.4538         0.5703         0.0089         0.0199 
BAR-estimator:      0.15000        0.20000        0.2735         3.7274         0.2735         0.0066         0.0210 
BAR-estimator:      0.20000        0.25000        0.1501         3.8775         0.1501         0.0049         0.0216 
BAR-estimator:      0.25000        0.30000        0.0378         3.9153         0.0378         0.0046         0.0220 
BAR-estimator:      0.30000        0.35000       -0.0100         3.9053        -0.0100         0.0041         0.0224 
BAR-estimator:      0.35000        0.40000       -0.0540         3.8513        -0.0540         0.0037         0.0227 
BAR-estimator:      0.40000        0.45000       -0.0821         3.7692        -0.0821         0.0036         0.0230 
BAR-estimator:      0.45000        0.50000       -0.1160         3.6532        -0.1160         0.0032         0.0232 
BAR-estimator:      0.50000        0.55000       -0.2234         3.4298        -0.2234         0.0041         0.0236 
BAR-estimator:      0.55000        0.60000       -0.4733         2.9565        -0.4733         0.0044         0.0240 
BAR-estimator:      0.60000        0.65000       -0.6687         2.2878        -0.6687         0.0036         0.0243 
BAR-estimator:      0.65000        0.70000       -0.8551         1.4327        -0.8551         0.0041         0.0246 
BAR-estimator:      0.70000        0.75000       -0.9987         0.4339        -0.9987         0.0043         0.0250 
BAR-estimator:      0.75000        0.80000       -1.1117        -0.6778        -1.1117         0.0036         0.0252 
BAR-estimator:      0.80000        0.85000       -1.2009        -1.8786        -1.2009         0.0040         0.0256 
BAR-estimator:      0.85000        0.90000       -1.2701        -3.1487        -1.2701         0.0041         0.0259 
BAR-estimator:      0.90000        0.95000       -1.3187        -4.4674        -1.3187         0.0048         0.0263 
BAR-estimator:      0.95000        1.00000       -1.3647        -5.8321        -1.3647         0.0043         0.0267 
BAR-estimator: total free energy change is -5.832148844424315 , total error is 0.02666615630169426
