#========================================================================================
#                     Free energy perturbation    
#----------------------------------------------------------------------------------------
#forward/backward          λ              ΔΔA                 ΔA                  δε   
#                                                 
#----------------------------------------------------------------------------------------
forward:               0.0000              0.0000              0.0000              0.0000  
forward:               0.0500              1.8368              1.8368              0.0248  
forward:               0.1000              1.0780              2.9149              0.0319  
forward:               0.1500              0.5430              3.4579              0.0354  
forward:               0.2000              0.2588              3.7167              0.0368  
forward:               0.2500              0.0909              3.8076              0.0376  
forward:               0.3000              0.0090              3.8167              0.0382  
forward:               0.3500             -0.0441              3.7725              0.0386  
forward:               0.4000             -0.0902              3.6824              0.0391  
forward:               0.4500             -0.1192              3.5632              0.0394  
forward:               0.5000             -0.1488              3.4144              0.0398  
forward:               0.5500             -0.3081              3.1062              0.0405  
forward:               0.6000             -0.6506              2.4556              0.0408  
forward:               0.6500             -0.9245              1.5311              0.0413  
forward:               0.7000             -1.1602              0.3709              0.0422  
forward:               0.7500             -1.3279             -0.9569              0.0426  
forward:               0.8000             -1.4426             -2.3995              0.0430  
forward:               0.8500             -1.5268             -3.9263              0.0434  
forward:               0.9000             -1.5751             -5.5014              0.0436  
forward:               0.9500             -1.6085             -7.1099              0.0440  
forward:               1.0000             -1.6306             -8.7405              0.0443  
backward:              1.0000              0.0000             -8.7405              0.0000  
backward:              0.9500              1.6134             -7.1271              0.0067  
backward:              0.9000              1.5879             -5.5392              0.0101  
backward:              0.8500              1.5736             -3.9656              0.0122  
backward:              0.8000              1.5130             -2.4526              0.0133  
backward:              0.7500              1.4529             -0.9997              0.0148  
backward:              0.7000              1.3227              0.3230              0.0170  
backward:              0.6500              1.1593              1.4823              0.0187  
backward:              0.6000              0.9192              2.4016              0.0206  
backward:              0.5500              0.6571              3.0587              0.0220  
backward:              0.5000              0.3238              3.3824              0.0235  
backward:              0.4500              0.1483              3.5308              0.0243  
backward:              0.4000              0.1206              3.6514              0.0251  
backward:              0.3500              0.0947              3.7461              0.0260  
backward:              0.3000              0.0320              3.7781              0.0274  
backward:              0.2500             -0.0220              3.7561              0.0291  
backward:              0.2000             -0.1171              3.6390              0.0311  
backward:              0.1500             -0.2391              3.3999              0.0367  
backward:              0.1000             -0.5290              2.8709              0.0420  
backward:              0.0500             -1.0556              1.8153              0.0558  
backward:              0.0000             -1.8150              0.0003              0.0823  
Inaccuracy estimation
======================================================================================================
                   i        i+δi          P0_overlap_P1   δε(forward)/ε   δε(backward)/ε
======================================================================================================
inaccuracy:  0.00000        0.05000           34.14           -0.02            2.13
inaccuracy:  0.05000        0.10000           41.28           -0.06            1.33
inaccuracy:  0.10000        0.15000           50.97           -0.04            0.73
inaccuracy:  0.15000        0.20000           59.27           -0.03            0.39
inaccuracy:  0.20000        0.25000           66.94           -0.02            0.24
inaccuracy:  0.25000        0.30000           68.50           -0.03            0.18
inaccuracy:  0.30000        0.35000           69.79           -0.02            0.15
inaccuracy:  0.35000        0.40000           70.09           -0.02            0.14
inaccuracy:  0.40000        0.45000           71.10           -0.02            0.12
inaccuracy:  0.45000        0.50000           72.54           -0.02            0.12
inaccuracy:  0.50000        0.55000           60.33           -0.13            0.17
inaccuracy:  0.55000        0.60000           61.33           -0.14            0.11
inaccuracy:  0.60000        0.65000           62.22           -0.17            0.07
inaccuracy:  0.65000        0.70000           63.05           -0.16            0.04
inaccuracy:  0.70000        0.75000           63.95           -0.16            0.02
inaccuracy:  0.75000        0.80000           64.19           -0.16            0.01
inaccuracy:  0.80000        0.85000           64.77           -0.14            0.00
inaccuracy:  0.85000        0.90000           63.63           -0.15           -0.00
inaccuracy:  0.90000        0.95000           64.49           -0.15           -0.00
inaccuracy:  0.95000        1.00000           64.19           -0.17           -0.00
===================================================================================================================================
                BAR        
-----------------------------------------------------------------------------------------------------------------------------------
BAR-estimator:         λ             λ+δλ          ΔΔA             ΔA            C               Δδe            δe       
                          
-----------------------------------------------------------------------------------------------------------------------------------
BAR-estimator:      0.00000        0.05000        1.8253         1.8253         1.8253         0.0055         0.0055 
BAR-estimator:      0.05000        0.10000        1.0732         2.8985         1.0732         0.0116         0.0129 
BAR-estimator:      0.10000        0.15000        0.5429         3.4413         0.5429         0.0099         0.0162 
BAR-estimator:      0.15000        0.20000        0.2493         3.6906         0.2493         0.0065         0.0175 
BAR-estimator:      0.20000        0.25000        0.1000         3.7906         0.1000         0.0052         0.0182 
BAR-estimator:      0.25000        0.30000        0.0106         3.8012         0.0106         0.0047         0.0188 
BAR-estimator:      0.30000        0.35000       -0.0402         3.7611        -0.0402         0.0041         0.0193 
BAR-estimator:      0.35000        0.40000       -0.0941         3.6670        -0.0941         0.0046         0.0198 
BAR-estimator:      0.40000        0.45000       -0.1202         3.5468        -0.1202         0.0038         0.0202 
BAR-estimator:      0.45000        0.50000       -0.1491         3.3978        -0.1491         0.0035         0.0205 
BAR-estimator:      0.50000        0.55000       -0.3168         3.0809        -0.3168         0.0047         0.0210 
BAR-estimator:      0.55000        0.60000       -0.6526         2.4283        -0.6526         0.0042         0.0214 
BAR-estimator:      0.60000        0.65000       -0.9208         1.5075        -0.9208         0.0049         0.0220 
BAR-estimator:      0.65000        0.70000       -1.1610         0.3464        -1.1610         0.0053         0.0226 
BAR-estimator:      0.70000        0.75000       -1.3288        -0.9824        -1.3288         0.0044         0.0230 
BAR-estimator:      0.75000        0.80000       -1.4434        -2.4258        -1.4434         0.0041         0.0234 
BAR-estimator:      0.80000        0.85000       -1.5209        -3.9467        -1.5209         0.0042         0.0238 
BAR-estimator:      0.85000        0.90000       -1.5741        -5.5208        -1.5741         0.0044         0.0242 
BAR-estimator:      0.90000        0.95000       -1.6026        -7.1234        -1.6026         0.0044         0.0246 
BAR-estimator:      0.95000        1.00000       -1.6261        -8.7496        -1.6261         0.0047         0.0250 
BAR-estimator: total free energy change is -8.749562366391372 , total error is 0.025012748031641042
