#========================================================================================
#                     Free energy perturbation    
#----------------------------------------------------------------------------------------
#forward/backward          λ              ΔΔA                 ΔA                  δε   
#                                                 
#----------------------------------------------------------------------------------------
forward:               0.0000              0.0000              0.0000              0.0000  
forward:               0.0500              1.2021              1.2021              0.0204  
forward:               0.1000              0.7289              1.9311              0.0248  
forward:               0.1500              0.3912              2.3223              0.0277  
forward:               0.2000              0.1726              2.4949              0.0301  
forward:               0.2500              0.0778              2.5727              0.0305  
forward:               0.3000              0.0059              2.5786              0.0310  
forward:               0.3500             -0.0290              2.5496              0.0314  
forward:               0.4000             -0.0706              2.4789              0.0318  
forward:               0.4500             -0.0943              2.3846              0.0321  
forward:               0.5000             -0.1182              2.2665              0.0326  
forward:               0.5500             -0.2692              1.9973              0.0331  
forward:               0.6000             -0.4880              1.5093              0.0335  
forward:               0.6500             -0.6683              0.8410              0.0339  
forward:               0.7000             -0.8400              0.0011              0.0342  
forward:               0.7500             -0.9506             -0.9495              0.0346  
forward:               0.8000             -1.0514             -2.0009              0.0349  
forward:               0.8500             -1.1068             -3.1077              0.0352  
forward:               0.9000             -1.1691             -4.2768              0.0355  
forward:               0.9500             -1.2116             -5.4883              0.0358  
forward:               1.0000             -1.2512             -6.7395              0.0360  
backward:              1.0000              0.0000             -6.7395              0.0000  
backward:              0.9500              1.2292             -5.5102              0.0063  
backward:              0.9000              1.1974             -4.3128              0.0082  
backward:              0.8500              1.1601             -3.1527              0.0098  
backward:              0.8000              1.1026             -2.0501              0.0109  
backward:              0.7500              1.0394             -1.0107              0.0120  
backward:              0.7000              0.9500             -0.0607              0.0132  
backward:              0.6500              0.8180              0.7573              0.0148  
backward:              0.6000              0.6694              1.4267              0.0158  
backward:              0.5500              0.4803              1.9070              0.0170  
backward:              0.5000              0.2627              2.1696              0.0183  
backward:              0.4500              0.1307              2.3003              0.0190  
backward:              0.4000              0.0883              2.3886              0.0197  
backward:              0.3500              0.0626              2.4512              0.0206  
backward:              0.3000              0.0176              2.4688              0.0214  
backward:              0.2500             -0.0051              2.4637              0.0225  
backward:              0.2000             -0.0984              2.3653              0.0258  
backward:              0.1500             -0.1999              2.1654              0.0279  
backward:              0.1000             -0.3728              1.7926              0.0305  
backward:              0.0500             -0.7084              1.0842              0.0366  
backward:              0.0000             -1.2036             -0.1195              0.0454  
Inaccuracy estimation
======================================================================================================
                   i        i+δi          P0_overlap_P1   δε(forward)/ε   δε(backward)/ε
======================================================================================================
inaccuracy:  0.00000        0.05000           42.89           -0.04            1.11
inaccuracy:  0.05000        0.10000           50.26           -0.03            0.80
inaccuracy:  0.10000        0.15000           58.64           -0.03            0.44
inaccuracy:  0.15000        0.20000           67.03           -0.02            0.25
inaccuracy:  0.20000        0.25000           70.35           -0.01            0.20
inaccuracy:  0.25000        0.30000           71.30           -0.01            0.15
inaccuracy:  0.30000        0.35000           73.47           -0.01            0.12
inaccuracy:  0.35000        0.40000           74.49           -0.01            0.11
inaccuracy:  0.40000        0.45000           74.92           -0.01            0.10
inaccuracy:  0.45000        0.50000           74.19           -0.02            0.09
inaccuracy:  0.50000        0.55000           67.10           -0.08            0.14
inaccuracy:  0.55000        0.60000           67.46           -0.08            0.09
inaccuracy:  0.60000        0.65000           67.67           -0.10            0.07
inaccuracy:  0.65000        0.70000           68.75           -0.08            0.05
inaccuracy:  0.70000        0.75000           68.80           -0.09            0.04
inaccuracy:  0.75000        0.80000           69.50           -0.10            0.03
inaccuracy:  0.80000        0.85000           68.57           -0.09            0.03
inaccuracy:  0.85000        0.90000           68.42           -0.11            0.03
inaccuracy:  0.90000        0.95000           68.68           -0.12            0.02
inaccuracy:  0.95000        1.00000           69.05           -0.09            0.02
===================================================================================================================================
                BAR        
-----------------------------------------------------------------------------------------------------------------------------------
BAR-estimator:         λ             λ+δλ          ΔΔA             ΔA            C               Δδe            δe       
                          
-----------------------------------------------------------------------------------------------------------------------------------
BAR-estimator:      0.00000        0.05000        1.1972         1.1972         1.1972         0.0127         0.0127 
BAR-estimator:      0.05000        0.10000        0.7252         1.9224         0.7252         0.0085         0.0153 
BAR-estimator:      0.10000        0.15000        0.3871         2.3096         0.3871         0.0074         0.0170 
BAR-estimator:      0.15000        0.20000        0.1829         2.4925         0.1829         0.0054         0.0178 
BAR-estimator:      0.20000        0.25000        0.0867         2.5792         0.0867         0.0038         0.0182 
BAR-estimator:      0.25000        0.30000        0.0067         2.5859         0.0067         0.0037         0.0186 
BAR-estimator:      0.30000        0.35000       -0.0254         2.5605        -0.0254         0.0036         0.0189 
BAR-estimator:      0.35000        0.40000       -0.0671         2.4934        -0.0671         0.0035         0.0192 
BAR-estimator:      0.40000        0.45000       -0.0929         2.4004        -0.0929         0.0032         0.0195 
BAR-estimator:      0.45000        0.50000       -0.1232         2.2772        -0.1232         0.0034         0.0198 
BAR-estimator:      0.50000        0.55000       -0.2649         2.0123        -0.2649         0.0040         0.0202 
BAR-estimator:      0.55000        0.60000       -0.4862         1.5261        -0.4862         0.0035         0.0205 
BAR-estimator:      0.60000        0.65000       -0.6705         0.8556        -0.6705         0.0041         0.0209 
BAR-estimator:      0.65000        0.70000       -0.8307         0.0249        -0.8307         0.0035         0.0212 
BAR-estimator:      0.70000        0.75000       -0.9499        -0.9250        -0.9499         0.0037         0.0215 
BAR-estimator:      0.75000        0.80000       -1.0442        -1.9692        -1.0442         0.0036         0.0218 
BAR-estimator:      0.80000        0.85000       -1.1068        -3.0760        -1.1068         0.0034         0.0220 
BAR-estimator:      0.85000        0.90000       -1.1648        -4.2408        -1.1648         0.0038         0.0224 
BAR-estimator:      0.90000        0.95000       -1.2070        -5.4478        -1.2070         0.0040         0.0227 
BAR-estimator:      0.95000        1.00000       -1.2431        -6.6909        -1.2431         0.0043         0.0231 
BAR-estimator: total free energy change is -6.69094943003096 , total error is 0.023126699141483662
