#========================================================================================
#                     Free energy perturbation    
#----------------------------------------------------------------------------------------
#forward/backward          λ              ΔΔA                 ΔA                  δε   
#                                                 
#----------------------------------------------------------------------------------------
forward:               0.0000              0.0000              0.0000              0.0000  
forward:               0.0500              1.6212              1.6212              0.0295  
forward:               0.1000              0.9323              2.5536              0.0347  
forward:               0.1500              0.5232              3.0767              0.0381  
forward:               0.2000              0.2934              3.3702              0.0400  
forward:               0.2500              0.1722              3.5423              0.0405  
forward:               0.3000              0.0981              3.6405              0.0412  
forward:               0.3500              0.0559              3.6963              0.0415  
forward:               0.4000              0.0096              3.7059              0.0419  
forward:               0.4500             -0.0208              3.6852              0.0422  
forward:               0.5000             -0.0355              3.6497              0.0425  
forward:               0.5500             -0.0764              3.5733              0.0428  
forward:               0.6000             -0.1882              3.3851              0.0432  
forward:               0.6500             -0.2581              3.1270              0.0436  
forward:               0.7000             -0.3447              2.7823              0.0439  
forward:               0.7500             -0.4198              2.3626              0.0443  
forward:               0.8000             -0.4743              1.8883              0.0446  
forward:               0.8500             -0.5281              1.3602              0.0450  
forward:               0.9000             -0.5489              0.8112              0.0452  
forward:               0.9500             -0.5673              0.2440              0.0454  
forward:               1.0000             -0.5887             -0.3447              0.0457  
backward:              1.0000              0.0000             -0.3447              0.0000  
backward:              0.9500              0.5858              0.2411              0.0045  
backward:              0.9000              0.5771              0.8182              0.0072  
backward:              0.8500              0.5428              1.3610              0.0087  
backward:              0.8000              0.5033              1.8643              0.0109  
backward:              0.7500              0.4777              2.3420              0.0124  
backward:              0.7000              0.4093              2.7513              0.0135  
backward:              0.6500              0.3485              3.0998              0.0145  
backward:              0.6000              0.2664              3.3661              0.0154  
backward:              0.5500              0.1964              3.5626              0.0165  
backward:              0.5000              0.0847              3.6473              0.0177  
backward:              0.4500              0.0427              3.6900              0.0184  
backward:              0.4000              0.0177              3.7078              0.0202  
backward:              0.3500             -0.0101              3.6977              0.0211  
backward:              0.3000             -0.0452              3.6525              0.0222  
backward:              0.2500             -0.0951              3.5573              0.0234  
backward:              0.2000             -0.1841              3.3732              0.0251  
backward:              0.1500             -0.2787              3.0946              0.0273  
backward:              0.1000             -0.5073              2.5873              0.0310  
backward:              0.0500             -0.9021              1.6852              0.0375  
backward:              0.0000             -1.7836             -0.0984              0.1000  
Inaccuracy estimation
======================================================================================================
                   i        i+δi          P0_overlap_P1   δε(forward)/ε   δε(backward)/ε
======================================================================================================
inaccuracy:  0.00000        0.05000           36.02           -0.03            1.74
inaccuracy:  0.05000        0.10000           46.83           -0.04            1.04
inaccuracy:  0.10000        0.15000           55.76           -0.02            0.53
inaccuracy:  0.15000        0.20000           62.64           -0.02            0.32
inaccuracy:  0.20000        0.25000           67.85           -0.02            0.22
inaccuracy:  0.25000        0.30000           68.70           -0.02            0.17
inaccuracy:  0.30000        0.35000           70.77           -0.01            0.15
inaccuracy:  0.35000        0.40000           72.73           -0.01            0.13
inaccuracy:  0.40000        0.45000           72.83           -0.01            0.12
inaccuracy:  0.45000        0.50000           72.43           -0.01            0.11
inaccuracy:  0.50000        0.55000           69.22           -0.05            0.12
inaccuracy:  0.55000        0.60000           69.95           -0.04            0.11
inaccuracy:  0.60000        0.65000           70.08           -0.05            0.10
inaccuracy:  0.65000        0.70000           70.76           -0.06            0.08
inaccuracy:  0.70000        0.75000           72.53           -0.05            0.08
inaccuracy:  0.75000        0.80000           71.22           -0.04            0.08
inaccuracy:  0.80000        0.85000           73.24           -0.05            0.07
inaccuracy:  0.85000        0.90000           71.82           -0.05            0.07
inaccuracy:  0.90000        0.95000           70.25           -0.05            0.07
inaccuracy:  0.95000        1.00000           71.30           -0.05            0.07
===================================================================================================================================
                BAR        
-----------------------------------------------------------------------------------------------------------------------------------
BAR-estimator:         λ             λ+δλ          ΔΔA             ΔA            C               Δδe            δe       
                          
-----------------------------------------------------------------------------------------------------------------------------------
BAR-estimator:      0.00000        0.05000        1.6704         1.6704         1.6704         0.0141         0.0141 
BAR-estimator:      0.05000        0.10000        0.9259         2.5962         0.9259         0.0111         0.0180 
BAR-estimator:      0.10000        0.15000        0.5203         3.1166         0.5203         0.0100         0.0206 
BAR-estimator:      0.15000        0.20000        0.2884         3.4050         0.2884         0.0062         0.0215 
BAR-estimator:      0.20000        0.25000        0.1760         3.5810         0.1760         0.0052         0.0221 
BAR-estimator:      0.25000        0.30000        0.0960         3.6770         0.0960         0.0048         0.0226 
BAR-estimator:      0.30000        0.35000        0.0518         3.7288         0.0518         0.0040         0.0230 
BAR-estimator:      0.35000        0.40000        0.0093         3.7381         0.0093         0.0038         0.0233 
BAR-estimator:      0.40000        0.45000       -0.0232         3.7149        -0.0232         0.0035         0.0235 
BAR-estimator:      0.45000        0.50000       -0.0394         3.6755        -0.0394         0.0032         0.0238 
BAR-estimator:      0.50000        0.55000       -0.0797         3.5958        -0.0797         0.0035         0.0240 
BAR-estimator:      0.55000        0.60000       -0.1915         3.4042        -0.1915         0.0040         0.0243 
BAR-estimator:      0.60000        0.65000       -0.2642         3.1401        -0.2642         0.0039         0.0247 
BAR-estimator:      0.65000        0.70000       -0.3482         2.7918        -0.3482         0.0036         0.0249 
BAR-estimator:      0.70000        0.75000       -0.4131         2.3787        -0.4131         0.0041         0.0253 
BAR-estimator:      0.75000        0.80000       -0.4718         1.9069        -0.4718         0.0033         0.0255 
BAR-estimator:      0.80000        0.85000       -0.5187         1.3883        -0.5187         0.0038         0.0258 
BAR-estimator:      0.85000        0.90000       -0.5456         0.8427        -0.5456         0.0035         0.0260 
BAR-estimator:      0.90000        0.95000       -0.5725         0.2702        -0.5725         0.0038         0.0263 
BAR-estimator:      0.95000        1.00000       -0.5851        -0.3150        -0.5851         0.0038         0.0265 
BAR-estimator: total free energy change is -0.3149561758439072 , total error is 0.026540896119187696
