#========================================================================================
#                     Free energy perturbation    
#----------------------------------------------------------------------------------------
#forward/backward          λ              ΔΔA                 ΔA                  δε   
#                                                 
#----------------------------------------------------------------------------------------
forward:               0.0000              0.0000              0.0000              0.0000  
forward:               0.0500              4.0689              4.0689              0.0919  
forward:               0.1000              2.2645              6.3334              0.0991  
forward:               0.1500              1.0997              7.4331              0.1015  
forward:               0.2000              0.5231              7.9562              0.1030  
forward:               0.2500              0.1889              8.1451              0.1036  
forward:               0.3000              0.0233              8.1684              0.1040  
forward:               0.3500             -0.1039              8.0645              0.1043  
forward:               0.4000             -0.1752              7.8893              0.1045  
forward:               0.4500             -0.2171              7.6722              0.1047  
forward:               0.5000             -0.2858              7.3864              0.1049  
forward:               0.5500             -0.5017              6.8847              0.1052  
forward:               0.6000             -0.9009              5.9839              0.1054  
forward:               0.6500             -1.2726              4.7113              0.1060  
forward:               0.7000             -1.5796              3.1316              0.1067  
forward:               0.7500             -1.8322              1.2995              0.1071  
forward:               0.8000             -2.0119             -0.7125              0.1074  
forward:               0.8500             -2.1273             -2.8397              0.1078  
forward:               0.9000             -2.2153             -5.0550              0.1081  
forward:               0.9500             -2.2751             -7.3301              0.1085  
forward:               1.0000             -2.3037             -9.6339              0.1091  
backward:              1.0000              0.0000             -9.6339              0.0000  
backward:              0.9500              2.2971             -7.3368              0.0108  
backward:              0.9000              2.2529             -5.0839              0.0159  
backward:              0.8500              2.2200             -2.8639              0.0202  
backward:              0.8000              2.1324             -0.7315              0.0217  
backward:              0.7500              2.0389              1.3074              0.0242  
backward:              0.7000              1.8403              3.1477              0.0260  
backward:              0.6500              1.6203              4.7680              0.0281  
backward:              0.6000              1.2733              6.0413              0.0297  
backward:              0.5500              0.8725              6.9138              0.0321  
backward:              0.5000              0.4955              7.4093              0.0339  
backward:              0.4500              0.2584              7.6677              0.0350  
backward:              0.4000              0.2435              7.9112              0.0357  
backward:              0.3500              0.1465              8.0576              0.0373  
backward:              0.3000              0.0899              8.1476              0.0389  
backward:              0.2500             -0.0340              8.1136              0.0417  
backward:              0.2000             -0.1915              7.9220              0.0445  
backward:              0.1500             -0.5094              7.4127              0.0597  
backward:              0.1000             -1.1079              6.3047              0.0785  
backward:              0.0500             -2.0984              4.2064              0.0894  
backward:              0.0000             -3.9912              0.2152              0.1361  
Inaccuracy estimation
======================================================================================================
                   i        i+δi          P0_overlap_P1   δε(forward)/ε   δε(backward)/ε
======================================================================================================
inaccuracy:  0.00000        0.05000           13.91            0.76            6.78
inaccuracy:  0.05000        0.10000           23.09           -0.03            3.52
inaccuracy:  0.10000        0.15000           35.20           -0.13            1.65
inaccuracy:  0.15000        0.20000           44.76           -0.12            0.87
inaccuracy:  0.20000        0.25000           53.45           -0.06            0.51
inaccuracy:  0.25000        0.30000           57.19           -0.06            0.37
inaccuracy:  0.30000        0.35000           60.22           -0.05            0.27
inaccuracy:  0.35000        0.40000           62.53           -0.05            0.22
inaccuracy:  0.40000        0.45000           62.47           -0.05            0.21
inaccuracy:  0.45000        0.50000           64.74           -0.05            0.17
inaccuracy:  0.50000        0.55000           53.38           -0.22            0.24
inaccuracy:  0.55000        0.60000           55.66           -0.29            0.15
inaccuracy:  0.60000        0.65000           54.59           -0.30            0.09
inaccuracy:  0.65000        0.70000           53.43           -0.38            0.03
inaccuracy:  0.70000        0.75000           54.37           -0.35           -0.00
inaccuracy:  0.75000        0.80000           54.40           -0.36           -0.04
inaccuracy:  0.80000        0.85000           54.37           -0.37           -0.05
inaccuracy:  0.85000        0.90000           54.82           -0.33           -0.07
inaccuracy:  0.90000        0.95000           54.27           -0.34           -0.07
inaccuracy:  0.95000        1.00000           52.96           -0.37           -0.08
===================================================================================================================================
                BAR        
-----------------------------------------------------------------------------------------------------------------------------------
BAR-estimator:         λ             λ+δλ          ΔΔA             ΔA            C               Δδe            δe       
                          
-----------------------------------------------------------------------------------------------------------------------------------
BAR-estimator:      0.00000        0.05000        4.1436         4.1436         4.1436         0.0202         0.0202 
BAR-estimator:      0.05000        0.10000        2.2283         6.3719         2.2283         0.0160         0.0258 
BAR-estimator:      0.10000        0.15000        1.0801         7.4520         1.0801         0.0118         0.0284 
BAR-estimator:      0.15000        0.20000        0.5005         7.9525         0.5005         0.0105         0.0303 
BAR-estimator:      0.20000        0.25000        0.1905         8.1430         0.1905         0.0076         0.0312 
BAR-estimator:      0.25000        0.30000        0.0255         8.1685         0.0255         0.0061         0.0318 
BAR-estimator:      0.30000        0.35000       -0.0991         8.0694        -0.0991         0.0057         0.0323 
BAR-estimator:      0.35000        0.40000       -0.1687         7.9006        -0.1687         0.0047         0.0326 
BAR-estimator:      0.40000        0.45000       -0.2207         7.6799        -0.2207         0.0046         0.0329 
BAR-estimator:      0.45000        0.50000       -0.2757         7.4042        -0.2757         0.0042         0.0332 
BAR-estimator:      0.50000        0.55000       -0.4996         6.9046        -0.4996         0.0052         0.0336 
BAR-estimator:      0.55000        0.60000       -0.9001         6.0045        -0.9001         0.0051         0.0340 
BAR-estimator:      0.60000        0.65000       -1.2654         4.7391        -1.2654         0.0059         0.0345 
BAR-estimator:      0.65000        0.70000       -1.5964         3.1428        -1.5964         0.0075         0.0353 
BAR-estimator:      0.70000        0.75000       -1.8292         1.3136        -1.8292         0.0056         0.0358 
BAR-estimator:      0.75000        0.80000       -2.0150        -0.7014        -2.0150         0.0054         0.0362 
BAR-estimator:      0.80000        0.85000       -2.1371        -2.8385        -2.1371         0.0062         0.0367 
BAR-estimator:      0.85000        0.90000       -2.2118        -5.0503        -2.2118         0.0057         0.0371 
BAR-estimator:      0.90000        0.95000       -2.2695        -7.3197        -2.2695         0.0059         0.0376 
BAR-estimator:      0.95000        1.00000       -2.2986        -9.6184        -2.2986         0.0062         0.0381 
BAR-estimator: total free energy change is -9.618367231650268 , total error is 0.038094704560244184
