#========================================================================================
#                     Free energy perturbation    
#----------------------------------------------------------------------------------------
#forward/backward          λ              ΔΔA                 ΔA                  δε   
#                                                 
#----------------------------------------------------------------------------------------
forward:               0.0000              0.0000              0.0000              0.0000  
forward:               0.0500              3.9841              3.9841              0.0609  
forward:               0.1000              2.4318              6.4159              0.0738  
forward:               0.1500              1.2505              7.6664              0.0783  
forward:               0.2000              0.4588              8.1252              0.0801  
forward:               0.2500              0.1485              8.2737              0.0811  
forward:               0.3000             -0.0165              8.2572              0.0817  
forward:               0.3500             -0.1371              8.1200              0.0821  
forward:               0.4000             -0.2227              7.8974              0.0824  
forward:               0.4500             -0.2764              7.6210              0.0826  
forward:               0.5000             -0.3224              7.2986              0.0828  
forward:               0.5500             -0.4543              6.8443              0.0830  
forward:               0.6000             -0.6187              6.2256              0.0832  
forward:               0.6500             -0.7134              5.5123              0.0834  
forward:               0.7000             -0.7929              4.7194              0.0835  
forward:               0.7500             -0.8360              3.8833              0.0837  
forward:               0.8000             -0.8645              3.0188              0.0839  
forward:               0.8500             -0.8827              2.1361              0.0840  
forward:               0.9000             -0.9092              1.2269              0.0841  
forward:               0.9500             -0.9077              0.3192              0.0842  
forward:               1.0000             -0.9225             -0.6033              0.0843  
backward:              1.0000              0.0000             -0.6033              0.0000  
backward:              0.9500              0.9265              0.3232              0.0060  
backward:              0.9000              0.9183              1.2415              0.0090  
backward:              0.8500              0.8977              2.1391              0.0114  
backward:              0.8000              0.8831              3.0223              0.0138  
backward:              0.7500              0.8572              3.8795              0.0153  
backward:              0.7000              0.8171              4.6966              0.0168  
backward:              0.6500              0.7826              5.4792              0.0182  
backward:              0.6000              0.7061              6.1853              0.0195  
backward:              0.5500              0.6131              6.7984              0.0211  
backward:              0.5000              0.4552              7.2535              0.0234  
backward:              0.4500              0.3199              7.5734              0.0249  
backward:              0.4000              0.2848              7.8582              0.0261  
backward:              0.3500              0.2282              8.0864              0.0281  
backward:              0.3000              0.1238              8.2102              0.0322  
backward:              0.2500              0.0487              8.2589              0.0343  
backward:              0.2000             -0.1582              8.1007              0.0377  
backward:              0.1500             -0.4705              7.6302              0.0430  
backward:              0.1000             -1.1545              6.4757              0.0686  
backward:              0.0500             -2.2903              4.1854              0.0842  
backward:              0.0000             -3.8924              0.2930              0.0995  
Inaccuracy estimation
======================================================================================================
                   i        i+δi          P0_overlap_P1   δε(forward)/ε   δε(backward)/ε
======================================================================================================
inaccuracy:  0.00000        0.05000           15.95            0.72            5.97
inaccuracy:  0.05000        0.10000           22.67           -0.01            3.69
inaccuracy:  0.10000        0.15000           31.91           -0.16            1.99
inaccuracy:  0.15000        0.20000           46.43           -0.10            0.89
inaccuracy:  0.20000        0.25000           53.88           -0.08            0.50
inaccuracy:  0.25000        0.30000           56.56           -0.06            0.37
inaccuracy:  0.30000        0.35000           60.64           -0.06            0.27
inaccuracy:  0.35000        0.40000           61.64           -0.06            0.23
inaccuracy:  0.40000        0.45000           62.64           -0.06            0.20
inaccuracy:  0.45000        0.50000           64.12           -0.07            0.18
inaccuracy:  0.50000        0.55000           60.15           -0.12            0.20
inaccuracy:  0.55000        0.60000           62.47           -0.11            0.14
inaccuracy:  0.60000        0.65000           62.54           -0.10            0.12
inaccuracy:  0.65000        0.70000           62.98           -0.10            0.10
inaccuracy:  0.70000        0.75000           64.31           -0.10            0.10
inaccuracy:  0.75000        0.80000           63.37           -0.10            0.09
inaccuracy:  0.80000        0.85000           62.40           -0.13            0.10
inaccuracy:  0.85000        0.90000           63.75           -0.11            0.10
inaccuracy:  0.90000        0.95000           62.33           -0.12            0.10
inaccuracy:  0.95000        1.00000           62.45           -0.12            0.10
===================================================================================================================================
                BAR        
-----------------------------------------------------------------------------------------------------------------------------------
BAR-estimator:         λ             λ+δλ          ΔΔA             ΔA            C               Δδe            δe       
                          
-----------------------------------------------------------------------------------------------------------------------------------
BAR-estimator:      0.00000        0.05000        4.0748         4.0748         4.0748         0.0160         0.0160 
BAR-estimator:      0.05000        0.10000        2.4019         6.4767         2.4019         0.0166         0.0231 
BAR-estimator:      0.10000        0.15000        1.2115         7.6882         1.2115         0.0141         0.0270 
BAR-estimator:      0.15000        0.20000        0.4748         8.1629         0.4748         0.0102         0.0289 
BAR-estimator:      0.20000        0.25000        0.1590         8.3219         0.1590         0.0079         0.0299 
BAR-estimator:      0.25000        0.30000       -0.0229         8.2990        -0.0229         0.0057         0.0305 
BAR-estimator:      0.30000        0.35000       -0.1313         8.1677        -0.1313         0.0052         0.0309 
BAR-estimator:      0.35000        0.40000       -0.2241         7.9436        -0.2241         0.0044         0.0312 
BAR-estimator:      0.40000        0.45000       -0.2771         7.6665        -0.2771         0.0044         0.0315 
BAR-estimator:      0.45000        0.50000       -0.3197         7.3469        -0.3197         0.0041         0.0318 
BAR-estimator:      0.50000        0.55000       -0.4527         6.8942        -0.4527         0.0042         0.0321 
BAR-estimator:      0.55000        0.60000       -0.6163         6.2778        -0.6163         0.0038         0.0323 
BAR-estimator:      0.60000        0.65000       -0.7130         5.5649        -0.7130         0.0039         0.0325 
BAR-estimator:      0.65000        0.70000       -0.7860         4.7789        -0.7860         0.0041         0.0328 
BAR-estimator:      0.70000        0.75000       -0.8290         3.9499        -0.8290         0.0039         0.0330 
BAR-estimator:      0.75000        0.80000       -0.8615         3.0884        -0.8615         0.0046         0.0334 
BAR-estimator:      0.80000        0.85000       -0.8858         2.2026        -0.8858         0.0046         0.0337 
BAR-estimator:      0.85000        0.90000       -0.9029         1.2998        -0.9029         0.0051         0.0341 
BAR-estimator:      0.90000        0.95000       -0.9079         0.3919        -0.9079         0.0044         0.0344 
BAR-estimator:      0.95000        1.00000       -0.9192        -0.5273        -0.9192         0.0043         0.0346 
BAR-estimator: total free energy change is -0.5273086874113677 , total error is 0.03462701860052179
