#========================================================================================
#                     Free energy perturbation    
#----------------------------------------------------------------------------------------
#forward/backward          λ              ΔΔA                 ΔA                  δε   
#                                                 
#----------------------------------------------------------------------------------------
forward:               0.0000              0.0000              0.0000              0.0000  
forward:               0.0500              0.9166              0.9166              0.0120  
forward:               0.1000              0.5768              1.4934              0.0160  
forward:               0.1500              0.3674              1.8608              0.0184  
forward:               0.2000              0.2436              2.1045              0.0195  
forward:               0.2500              0.1821              2.2866              0.0205  
forward:               0.3000              0.1181              2.4047              0.0212  
forward:               0.3500              0.0978              2.5025              0.0218  
forward:               0.4000              0.0683              2.5709              0.0223  
forward:               0.4500              0.0512              2.6220              0.0228  
forward:               0.5000              0.0341              2.6561              0.0232  
forward:               0.5500              0.0340              2.6901              0.0235  
forward:               0.6000              0.0164              2.7065              0.0239  
forward:               0.6500              0.0089              2.7154              0.0241  
forward:               0.7000              0.0045              2.7199              0.0244  
forward:               0.7500             -0.0002              2.7197              0.0247  
forward:               0.8000             -0.0122              2.7076              0.0248  
forward:               0.8500             -0.0161              2.6915              0.0250  
forward:               0.9000             -0.0169              2.6745              0.0252  
forward:               0.9500             -0.0215              2.6530              0.0254  
forward:               1.0000             -0.0340              2.6189              0.0256  
backward:              1.0000              0.0000              2.6189              0.0000  
backward:              0.9500              0.0271              2.6461              0.0038  
backward:              0.9000              0.0216              2.6677              0.0055  
backward:              0.8500              0.0132              2.6809              0.0069  
backward:              0.8000              0.0134              2.6943              0.0080  
backward:              0.7500              0.0075              2.7018              0.0088  
backward:              0.7000              0.0092              2.7111              0.0099  
backward:              0.6500             -0.0061              2.7050              0.0108  
backward:              0.6000             -0.0265              2.6785              0.0117  
backward:              0.5500             -0.0176              2.6609              0.0126  
backward:              0.5000             -0.0302              2.6307              0.0134  
backward:              0.4500             -0.0281              2.6026              0.0142  
backward:              0.4000             -0.0638              2.5388              0.0152  
backward:              0.3500             -0.0927              2.4461              0.0169  
backward:              0.3000             -0.1016              2.3445              0.0178  
backward:              0.2500             -0.1281              2.2164              0.0188  
backward:              0.2000             -0.1817              2.0348              0.0201  
backward:              0.1500             -0.2409              1.7939              0.0218  
backward:              0.1000             -0.3677              1.4262              0.0260  
backward:              0.0500             -0.5808              0.8454              0.0328  
backward:              0.0000             -0.9260             -0.0807              0.0385  
Inaccuracy estimation
======================================================================================================
                   i        i+δi          P0_overlap_P1   δε(forward)/ε   δε(backward)/ε
======================================================================================================
inaccuracy:  0.00000        0.05000           51.19           -0.02            0.79
inaccuracy:  0.05000        0.10000           58.24           -0.02            0.54
inaccuracy:  0.10000        0.15000           65.00           -0.01            0.33
inaccuracy:  0.15000        0.20000           69.43           -0.01            0.21
inaccuracy:  0.20000        0.25000           72.52           -0.01            0.17
inaccuracy:  0.25000        0.30000           74.62           -0.01            0.13
inaccuracy:  0.30000        0.35000           74.74           -0.01            0.12
inaccuracy:  0.35000        0.40000           76.64           -0.00            0.10
inaccuracy:  0.40000        0.45000           76.84           -0.01            0.10
inaccuracy:  0.45000        0.50000           76.17           -0.01            0.10
inaccuracy:  0.50000        0.55000           76.43           -0.01            0.10
inaccuracy:  0.55000        0.60000           76.94           -0.01            0.09
inaccuracy:  0.60000        0.65000           78.65           -0.01            0.09
inaccuracy:  0.65000        0.70000           77.46           -0.01            0.09
inaccuracy:  0.70000        0.75000           76.23           -0.01            0.09
inaccuracy:  0.75000        0.80000           77.60           -0.01            0.07
inaccuracy:  0.80000        0.85000           77.85           -0.01            0.08
inaccuracy:  0.85000        0.90000           77.27           -0.01            0.08
inaccuracy:  0.90000        0.95000           77.12           -0.01            0.08
inaccuracy:  0.95000        1.00000           77.71           -0.01            0.07
===================================================================================================================================
                BAR        
-----------------------------------------------------------------------------------------------------------------------------------
BAR-estimator:         λ             λ+δλ          ΔΔA             ΔA            C               Δδe            δe       
                          
-----------------------------------------------------------------------------------------------------------------------------------
BAR-estimator:      0.00000        0.05000        0.9232         0.9232         0.9232         0.0084         0.0084 
BAR-estimator:      0.05000        0.10000        0.5797         1.5029         0.5797         0.0068         0.0108 
BAR-estimator:      0.10000        0.15000        0.3677         1.8706         0.3677         0.0047         0.0118 
BAR-estimator:      0.15000        0.20000        0.2405         2.1111         0.2405         0.0042         0.0126 
BAR-estimator:      0.20000        0.25000        0.1823         2.2934         0.1823         0.0041         0.0132 
BAR-estimator:      0.25000        0.30000        0.1229         2.4164         0.1229         0.0037         0.0137 
BAR-estimator:      0.30000        0.35000        0.0973         2.5137         0.0973         0.0036         0.0142 
BAR-estimator:      0.35000        0.40000        0.0739         2.5875         0.0739         0.0031         0.0145 
BAR-estimator:      0.40000        0.45000        0.0553         2.6428         0.0553         0.0032         0.0149 
BAR-estimator:      0.45000        0.50000        0.0327         2.6755         0.0327         0.0030         0.0152 
BAR-estimator:      0.50000        0.55000        0.0334         2.7089         0.0334         0.0028         0.0154 
BAR-estimator:      0.55000        0.60000        0.0171         2.7260         0.0171         0.0030         0.0157 
BAR-estimator:      0.60000        0.65000        0.0157         2.7417         0.0157         0.0026         0.0159 
BAR-estimator:      0.65000        0.70000        0.0052         2.7470         0.0052         0.0028         0.0162 
BAR-estimator:      0.70000        0.75000       -0.0034         2.7436        -0.0034         0.0027         0.0164 
BAR-estimator:      0.75000        0.80000       -0.0100         2.7336        -0.0100         0.0026         0.0166 
BAR-estimator:      0.80000        0.85000       -0.0153         2.7184        -0.0153         0.0026         0.0168 
BAR-estimator:      0.85000        0.90000       -0.0151         2.7032        -0.0151         0.0027         0.0170 
BAR-estimator:      0.90000        0.95000       -0.0208         2.6824        -0.0208         0.0033         0.0173 
BAR-estimator:      0.95000        1.00000       -0.0324         2.6500        -0.0324         0.0034         0.0177 
BAR-estimator: total free energy change is 2.6499830596045393 , total error is 0.017677225568803235
