#========================================================================================
#                     Free energy perturbation    
#----------------------------------------------------------------------------------------
#forward/backward          λ              ΔΔA                 ΔA                  δε   
#                                                 
#----------------------------------------------------------------------------------------
forward:               0.0000              0.0000              0.0000              0.0000  
forward:               0.0500              1.4068              1.4068              0.0220  
forward:               0.1000              0.7415              2.1482              0.0272  
forward:               0.1500              0.4155              2.5638              0.0297  
forward:               0.2000              0.2368              2.8006              0.0308  
forward:               0.2500              0.1441              2.9447              0.0319  
forward:               0.3000              0.0766              3.0213              0.0324  
forward:               0.3500              0.0427              3.0640              0.0328  
forward:               0.4000             -0.0004              3.0636              0.0331  
forward:               0.4500             -0.0104              3.0532              0.0334  
forward:               0.5000             -0.0349              3.0183              0.0337  
forward:               0.5500             -0.0662              2.9521              0.0339  
forward:               0.6000             -0.1285              2.8236              0.0342  
forward:               0.6500             -0.1629              2.6608              0.0344  
forward:               0.7000             -0.2055              2.4553              0.0345  
forward:               0.7500             -0.2384              2.2169              0.0347  
forward:               0.8000             -0.2639              1.9531              0.0349  
forward:               0.8500             -0.2813              1.6718              0.0351  
forward:               0.9000             -0.3062              1.3656              0.0353  
forward:               0.9500             -0.3254              1.0402              0.0355  
forward:               1.0000             -0.3453              0.6949              0.0356  
backward:              1.0000              0.0000              0.6949              0.0000  
backward:              0.9500              0.3396              1.0346              0.0040  
backward:              0.9000              0.3259              1.3605              0.0056  
backward:              0.8500              0.3094              1.6699              0.0070  
backward:              0.8000              0.2841              1.9540              0.0075  
backward:              0.7500              0.2614              2.2154              0.0087  
backward:              0.7000              0.2369              2.4523              0.0105  
backward:              0.6500              0.2014              2.6537              0.0116  
backward:              0.6000              0.1650              2.8188              0.0126  
backward:              0.5500              0.1200              2.9387              0.0135  
backward:              0.5000              0.0666              3.0053              0.0144  
backward:              0.4500              0.0296              3.0349              0.0149  
backward:              0.4000              0.0164              3.0513              0.0156  
backward:              0.3500             -0.0180              3.0333              0.0168  
backward:              0.3000             -0.0390              2.9943              0.0176  
backward:              0.2500             -0.0810              2.9133              0.0192  
backward:              0.2000             -0.1586              2.7547              0.0207  
backward:              0.1500             -0.2407              2.5140              0.0224  
backward:              0.1000             -0.4145              2.0996              0.0268  
backward:              0.0500             -0.7827              1.3168              0.0378  
backward:              0.0000             -1.4366             -0.1198              0.0641  
Inaccuracy estimation
======================================================================================================
                   i        i+δi          P0_overlap_P1   δε(forward)/ε   δε(backward)/ε
======================================================================================================
inaccuracy:  0.00000        0.05000           38.39           -0.04            1.84
inaccuracy:  0.05000        0.10000           51.69           -0.02            0.79
inaccuracy:  0.10000        0.15000           60.73           -0.02            0.41
inaccuracy:  0.15000        0.20000           67.50           -0.01            0.25
inaccuracy:  0.20000        0.25000           71.56           -0.01            0.17
inaccuracy:  0.25000        0.30000           72.10           -0.01            0.14
inaccuracy:  0.30000        0.35000           73.17           -0.01            0.12
inaccuracy:  0.35000        0.40000           75.95           -0.01            0.10
inaccuracy:  0.40000        0.45000           75.54           -0.01            0.11
inaccuracy:  0.45000        0.50000           76.17           -0.01            0.09
inaccuracy:  0.50000        0.55000           73.90           -0.02            0.10
inaccuracy:  0.55000        0.60000           75.44           -0.02            0.08
inaccuracy:  0.60000        0.65000           74.99           -0.03            0.09
inaccuracy:  0.65000        0.70000           75.96           -0.02            0.07
inaccuracy:  0.70000        0.75000           75.22           -0.02            0.07
inaccuracy:  0.75000        0.80000           75.25           -0.02            0.07
inaccuracy:  0.80000        0.85000           74.82           -0.02            0.07
inaccuracy:  0.85000        0.90000           74.79           -0.03            0.07
inaccuracy:  0.90000        0.95000           75.29           -0.02            0.07
inaccuracy:  0.95000        1.00000           75.66           -0.03            0.06
===================================================================================================================================
                BAR        
-----------------------------------------------------------------------------------------------------------------------------------
BAR-estimator:         λ             λ+δλ          ΔΔA             ΔA            C               Δδe            δe       
                          
-----------------------------------------------------------------------------------------------------------------------------------
BAR-estimator:      0.00000        0.05000        1.4216         1.4216         1.4216         0.0121         0.0121 
BAR-estimator:      0.05000        0.10000        0.7569         2.1785         0.7569         0.0097         0.0155 
BAR-estimator:      0.10000        0.15000        0.4154         2.5939         0.4154         0.0076         0.0173 
BAR-estimator:      0.15000        0.20000        0.2407         2.8346         0.2407         0.0052         0.0181 
BAR-estimator:      0.20000        0.25000        0.1512         2.9858         0.1512         0.0047         0.0187 
BAR-estimator:      0.25000        0.30000        0.0778         3.0636         0.0778         0.0042         0.0191 
BAR-estimator:      0.30000        0.35000        0.0414         3.1050         0.0414         0.0033         0.0194 
BAR-estimator:      0.35000        0.40000        0.0056         3.1105         0.0056         0.0031         0.0197 
BAR-estimator:      0.40000        0.45000       -0.0118         3.0987        -0.0118         0.0030         0.0199 
BAR-estimator:      0.45000        0.50000       -0.0333         3.0655        -0.0333         0.0030         0.0201 
BAR-estimator:      0.50000        0.55000       -0.0662         2.9993        -0.0662         0.0031         0.0204 
BAR-estimator:      0.55000        0.60000       -0.1256         2.8737        -0.1256         0.0029         0.0206 
BAR-estimator:      0.60000        0.65000       -0.1625         2.7111        -0.1625         0.0035         0.0209 
BAR-estimator:      0.65000        0.70000       -0.2052         2.5060        -0.2052         0.0031         0.0211 
BAR-estimator:      0.70000        0.75000       -0.2387         2.2672        -0.2387         0.0028         0.0213 
BAR-estimator:      0.75000        0.80000       -0.2632         2.0040        -0.2632         0.0030         0.0215 
BAR-estimator:      0.80000        0.85000       -0.2829         1.7211        -0.2829         0.0032         0.0217 
BAR-estimator:      0.85000        0.90000       -0.3075         1.4135        -0.3075         0.0031         0.0219 
BAR-estimator:      0.90000        0.95000       -0.3239         1.0897        -0.3239         0.0032         0.0221 
BAR-estimator:      0.95000        1.00000       -0.3427         0.7470        -0.3427         0.0026         0.0223 
BAR-estimator: total free energy change is 0.7469771961551663 , total error is 0.022304362917915828
