#========================================================================================
#                     Free energy perturbation    
#----------------------------------------------------------------------------------------
#forward/backward          λ              ΔΔA                 ΔA                  δε   
#                                                 
#----------------------------------------------------------------------------------------
forward:               0.0000              0.0000              0.0000              0.0000  
forward:               0.0500              1.5503              1.5503              0.0241  
forward:               0.1000              0.8872              2.4375              0.0301  
forward:               0.1500              0.4638              2.9013              0.0311  
forward:               0.2000              0.2571              3.1585              0.0323  
forward:               0.2500              0.1399              3.2984              0.0335  
forward:               0.3000              0.0659              3.3643              0.0345  
forward:               0.3500              0.0110              3.3753              0.0349  
forward:               0.4000             -0.0276              3.3476              0.0353  
forward:               0.4500             -0.0553              3.2923              0.0356  
forward:               0.5000             -0.0861              3.2062              0.0359  
forward:               0.5500             -0.2008              3.0054              0.0364  
forward:               0.6000             -0.4636              2.5418              0.0369  
forward:               0.6500             -0.6618              1.8800              0.0375  
forward:               0.7000             -0.8355              1.0445              0.0381  
forward:               0.7500             -0.9497              0.0948              0.0385  
forward:               0.8000             -1.0334             -0.9386              0.0390  
forward:               0.8500             -1.0851             -2.0237              0.0393  
forward:               0.9000             -1.1179             -3.1416              0.0395  
forward:               0.9500             -1.1373             -4.2789              0.0396  
forward:               1.0000             -1.1519             -5.4308              0.0399  
backward:              1.0000              0.0000             -5.4308              0.0000  
backward:              0.9500              1.1455             -4.2853              0.0070  
backward:              0.9000              1.1319             -3.1534              0.0091  
backward:              0.8500              1.1115             -2.0419              0.0107  
backward:              0.8000              1.0803             -0.9616              0.0125  
backward:              0.7500              1.0383              0.0767              0.0145  
backward:              0.7000              0.9364              1.0130              0.0160  
backward:              0.6500              0.8194              1.8324              0.0174  
backward:              0.6000              0.6632              2.4955              0.0190  
backward:              0.5500              0.4491              2.9447              0.0202  
backward:              0.5000              0.2140              3.1587              0.0213  
backward:              0.4500              0.0692              3.2279              0.0225  
backward:              0.4000              0.0531              3.2810              0.0232  
backward:              0.3500              0.0269              3.3080              0.0240  
backward:              0.3000             -0.0077              3.3002              0.0248  
backward:              0.2500             -0.0507              3.2495              0.0253  
backward:              0.2000             -0.1401              3.1094              0.0272  
backward:              0.1500             -0.2428              2.8666              0.0300  
backward:              0.1000             -0.4593              2.4073              0.0334  
backward:              0.0500             -0.8811              1.5262              0.0432  
backward:              0.0000             -1.4726              0.0536              0.0510  
Inaccuracy estimation
======================================================================================================
                   i        i+δi          P0_overlap_P1   δε(forward)/ε   δε(backward)/ε
======================================================================================================
inaccuracy:  0.00000        0.05000           37.47           -0.04            1.61
inaccuracy:  0.05000        0.10000           46.44           -0.03            1.01
inaccuracy:  0.10000        0.15000           56.92           -0.02            0.51
inaccuracy:  0.15000        0.20000           63.30           -0.02            0.31
inaccuracy:  0.20000        0.25000           68.07           -0.02            0.20
inaccuracy:  0.25000        0.30000           69.08           -0.02            0.17
inaccuracy:  0.30000        0.35000           72.11           -0.02            0.13
inaccuracy:  0.35000        0.40000           73.30           -0.01            0.12
inaccuracy:  0.40000        0.45000           74.08           -0.02            0.10
inaccuracy:  0.45000        0.50000           75.73           -0.02            0.09
inaccuracy:  0.50000        0.55000           64.11           -0.09            0.17
inaccuracy:  0.55000        0.60000           66.84           -0.09            0.10
inaccuracy:  0.60000        0.65000           66.24           -0.10            0.08
inaccuracy:  0.65000        0.70000           67.95           -0.10            0.05
inaccuracy:  0.70000        0.75000           68.58           -0.09            0.04
inaccuracy:  0.75000        0.80000           67.32           -0.10            0.04
inaccuracy:  0.80000        0.85000           67.28           -0.11            0.04
inaccuracy:  0.85000        0.90000           68.08           -0.10            0.03
inaccuracy:  0.90000        0.95000           67.38           -0.11            0.03
inaccuracy:  0.95000        1.00000           67.25           -0.11            0.04
===================================================================================================================================
                BAR        
-----------------------------------------------------------------------------------------------------------------------------------
BAR-estimator:         λ             λ+δλ          ΔΔA             ΔA            C               Δδe            δe       
                          
-----------------------------------------------------------------------------------------------------------------------------------
BAR-estimator:      0.00000        0.05000        1.5471         1.5471         1.5471         0.0120         0.0120 
BAR-estimator:      0.05000        0.10000        0.8780         2.4251         0.8780         0.0103         0.0158 
BAR-estimator:      0.10000        0.15000        0.4679         2.8929         0.4679         0.0072         0.0174 
BAR-estimator:      0.15000        0.20000        0.2517         3.1446         0.2517         0.0059         0.0184 
BAR-estimator:      0.20000        0.25000        0.1400         3.2846         0.1400         0.0054         0.0191 
BAR-estimator:      0.25000        0.30000        0.0611         3.3457         0.0611         0.0056         0.0200 
BAR-estimator:      0.30000        0.35000        0.0098         3.3556         0.0098         0.0039         0.0203 
BAR-estimator:      0.35000        0.40000       -0.0255         3.3301        -0.0255         0.0038         0.0207 
BAR-estimator:      0.40000        0.45000       -0.0549         3.2751        -0.0549         0.0034         0.0210 
BAR-estimator:      0.45000        0.50000       -0.0824         3.1927        -0.0824         0.0033         0.0212 
BAR-estimator:      0.50000        0.55000       -0.2063         2.9864        -0.2063         0.0041         0.0216 
BAR-estimator:      0.55000        0.60000       -0.4570         2.5293        -0.4570         0.0040         0.0220 
BAR-estimator:      0.60000        0.65000       -0.6627         1.8666        -0.6627         0.0042         0.0224 
BAR-estimator:      0.65000        0.70000       -0.8276         1.0390        -0.8276         0.0040         0.0227 
BAR-estimator:      0.70000        0.75000       -0.9405         0.0985        -0.9405         0.0037         0.0230 
BAR-estimator:      0.75000        0.80000       -1.0340        -0.9354        -1.0340         0.0043         0.0234 
BAR-estimator:      0.80000        0.85000       -1.0851        -2.0206        -1.0851         0.0037         0.0237 
BAR-estimator:      0.85000        0.90000       -1.1139        -3.1344        -1.1139         0.0040         0.0240 
BAR-estimator:      0.90000        0.95000       -1.1351        -4.2695        -1.1351         0.0040         0.0244 
BAR-estimator:      0.95000        1.00000       -1.1497        -5.4192        -1.1497         0.0041         0.0247 
BAR-estimator: total free energy change is -5.4191676899403625 , total error is 0.024713656317246185
