#========================================================================================
#                     Free energy perturbation    
#----------------------------------------------------------------------------------------
#forward/backward          λ              ΔΔA                 ΔA                  δε   
#                                                 
#----------------------------------------------------------------------------------------
forward:               0.0000              0.0000              0.0000              0.0000  
forward:               0.0500              1.4144              1.4144              0.0330  
forward:               0.1000              0.9010              2.3154              0.0387  
forward:               0.1500              0.4927              2.8081              0.0411  
forward:               0.2000              0.2775              3.0856              0.0421  
forward:               0.2500              0.1697              3.2553              0.0427  
forward:               0.3000              0.0620              3.3173              0.0431  
forward:               0.3500              0.0162              3.3335              0.0435  
forward:               0.4000             -0.0166              3.3169              0.0440  
forward:               0.4500             -0.0509              3.2660              0.0443  
forward:               0.5000             -0.0677              3.1983              0.0446  
forward:               0.5500             -0.1887              3.0096              0.0450  
forward:               0.6000             -0.4505              2.5591              0.0455  
forward:               0.6500             -0.6968              1.8623              0.0461  
forward:               0.7000             -0.9001              0.9621              0.0467  
forward:               0.7500             -1.0364             -0.0742              0.0471  
forward:               0.8000             -1.1296             -1.2039              0.0475  
forward:               0.8500             -1.1736             -2.3775              0.0478  
forward:               0.9000             -1.2139             -3.5914              0.0481  
forward:               0.9500             -1.2083             -4.7998              0.0485  
forward:               1.0000             -1.1993             -5.9991              0.0488  
backward:              1.0000              0.0000             -5.9991              0.0000  
backward:              0.9500              1.2001             -4.7990              0.0083  
backward:              0.9000              1.2015             -3.5974              0.0111  
backward:              0.8500              1.2124             -2.3850              0.0126  
backward:              0.8000              1.1803             -1.2047              0.0143  
backward:              0.7500              1.1443             -0.0604              0.0161  
backward:              0.7000              1.0378              0.9774              0.0178  
backward:              0.6500              0.9019              1.8793              0.0197  
backward:              0.6000              0.6816              2.5609              0.0211  
backward:              0.5500              0.4504              3.0114              0.0224  
backward:              0.5000              0.1704              3.1817              0.0235  
backward:              0.4500              0.0805              3.2623              0.0241  
backward:              0.4000              0.0551              3.3174              0.0247  
backward:              0.3500              0.0149              3.3323              0.0255  
backward:              0.3000             -0.0060              3.3263              0.0264  
backward:              0.2500             -0.0679              3.2584              0.0276  
backward:              0.2000             -0.1409              3.1175              0.0295  
backward:              0.1500             -0.2831              2.8344              0.0330  
backward:              0.1000             -0.5142              2.3202              0.0371  
backward:              0.0500             -0.8901              1.4301              0.0459  
backward:              0.0000             -1.3879              0.0422              0.0618  
Inaccuracy estimation
======================================================================================================
                   i        i+δi          P0_overlap_P1   δε(forward)/ε   δε(backward)/ε
======================================================================================================
inaccuracy:  0.00000        0.05000           41.60           -0.04            1.35
inaccuracy:  0.05000        0.10000           46.95           -0.04            0.97
inaccuracy:  0.10000        0.15000           56.16           -0.02            0.53
inaccuracy:  0.15000        0.20000           61.88           -0.02            0.32
inaccuracy:  0.20000        0.25000           65.07           -0.02            0.25
inaccuracy:  0.25000        0.30000           69.50           -0.02            0.18
inaccuracy:  0.30000        0.35000           70.20           -0.02            0.16
inaccuracy:  0.35000        0.40000           71.81           -0.01            0.14
inaccuracy:  0.40000        0.45000           72.47           -0.02            0.12
inaccuracy:  0.45000        0.50000           71.65           -0.01            0.12
inaccuracy:  0.50000        0.55000           65.25           -0.10            0.15
inaccuracy:  0.55000        0.60000           64.03           -0.12            0.11
inaccuracy:  0.60000        0.65000           65.29           -0.11            0.08
inaccuracy:  0.65000        0.70000           64.45           -0.12            0.06
inaccuracy:  0.70000        0.75000           65.19           -0.14            0.05
inaccuracy:  0.75000        0.80000           64.64           -0.14            0.04
inaccuracy:  0.80000        0.85000           66.03           -0.14            0.03
inaccuracy:  0.85000        0.90000           66.31           -0.11            0.03
inaccuracy:  0.90000        0.95000           65.21           -0.12            0.04
inaccuracy:  0.95000        1.00000           64.78           -0.13            0.04
===================================================================================================================================
                BAR        
-----------------------------------------------------------------------------------------------------------------------------------
BAR-estimator:         λ             λ+δλ          ΔΔA             ΔA            C               Δδe            δe       
                          
-----------------------------------------------------------------------------------------------------------------------------------
BAR-estimator:      0.00000        0.05000        1.4099         1.4099         1.4099         0.0120         0.0120 
BAR-estimator:      0.05000        0.10000        0.9028         2.3126         0.9028         0.0101         0.0157 
BAR-estimator:      0.10000        0.15000        0.5011         2.8137         0.5011         0.0087         0.0179 
BAR-estimator:      0.15000        0.20000        0.2749         3.0886         0.2749         0.0062         0.0190 
BAR-estimator:      0.20000        0.25000        0.1579         3.2465         0.1579         0.0051         0.0196 
BAR-estimator:      0.25000        0.30000        0.0630         3.3095         0.0630         0.0048         0.0202 
BAR-estimator:      0.30000        0.35000        0.0128         3.3223         0.0128         0.0042         0.0206 
BAR-estimator:      0.35000        0.40000       -0.0169         3.3054        -0.0169         0.0045         0.0211 
BAR-estimator:      0.40000        0.45000       -0.0521         3.2533        -0.0521         0.0036         0.0214 
BAR-estimator:      0.45000        0.50000       -0.0731         3.1803        -0.0731         0.0034         0.0217 
BAR-estimator:      0.50000        0.55000       -0.1850         2.9953        -0.1850         0.0039         0.0220 
BAR-estimator:      0.55000        0.60000       -0.4526         2.5427        -0.4526         0.0042         0.0224 
BAR-estimator:      0.60000        0.65000       -0.6896         1.8531        -0.6896         0.0045         0.0229 
BAR-estimator:      0.65000        0.70000       -0.9003         0.9528        -0.9003         0.0049         0.0234 
BAR-estimator:      0.70000        0.75000       -1.0393        -0.0866        -1.0393         0.0041         0.0237 
BAR-estimator:      0.75000        0.80000       -1.1389        -1.2255        -1.1389         0.0045         0.0242 
BAR-estimator:      0.80000        0.85000       -1.1781        -2.4035        -1.1781         0.0042         0.0245 
BAR-estimator:      0.85000        0.90000       -1.2110        -3.6146        -1.2110         0.0043         0.0249 
BAR-estimator:      0.90000        0.95000       -1.2062        -4.8208        -1.2062         0.0048         0.0254 
BAR-estimator:      0.95000        1.00000       -1.2009        -6.0217        -1.2009         0.0053         0.0259 
BAR-estimator: total free energy change is -6.021708586425378 , total error is 0.025906868891131293
