#========================================================================================
#                     Free energy perturbation    
#----------------------------------------------------------------------------------------
#forward/backward          λ              ΔΔA                 ΔA                  δε   
#                                                 
#----------------------------------------------------------------------------------------
forward:               0.0000              0.0000              0.0000              0.0000  
forward:               0.0500              2.3978              2.3978              0.0282  
forward:               0.1000              1.3633              3.7611              0.0356  
forward:               0.1500              0.7416              4.5027              0.0386  
forward:               0.2000              0.3959              4.8986              0.0402  
forward:               0.2500              0.2176              5.1162              0.0411  
forward:               0.3000              0.1084              5.2246              0.0417  
forward:               0.3500              0.0341              5.2586              0.0422  
forward:               0.4000             -0.0108              5.2478              0.0425  
forward:               0.4500             -0.0550              5.1929              0.0428  
forward:               0.5000             -0.0822              5.1107              0.0432  
forward:               0.5500             -0.1291              4.9816              0.0435  
forward:               0.6000             -0.2423              4.7393              0.0439  
forward:               0.6500             -0.3335              4.4058              0.0442  
forward:               0.7000             -0.4022              4.0036              0.0446  
forward:               0.7500             -0.4687              3.5349              0.0449  
forward:               0.8000             -0.5258              3.0091              0.0452  
forward:               0.8500             -0.5724              2.4367              0.0454  
forward:               0.9000             -0.6013              1.8354              0.0457  
forward:               0.9500             -0.6255              1.2100              0.0460  
forward:               1.0000             -0.6333              0.5766              0.0462  
backward:              1.0000              0.0000              0.5766              0.0000  
backward:              0.9500              0.6361              1.2127              0.0065  
backward:              0.9000              0.6177              1.8304              0.0089  
backward:              0.8500              0.6008              2.4312              0.0114  
backward:              0.8000              0.5671              2.9983              0.0129  
backward:              0.7500              0.5242              3.5225              0.0141  
backward:              0.7000              0.4689              3.9914              0.0154  
backward:              0.6500              0.3948              4.3862              0.0167  
backward:              0.6000              0.3227              4.7090              0.0185  
backward:              0.5500              0.2346              4.9436              0.0197  
backward:              0.5000              0.1220              5.0656              0.0209  
backward:              0.4500              0.0845              5.1501              0.0218  
backward:              0.4000              0.0479              5.1980              0.0227  
backward:              0.3500              0.0145              5.2125              0.0237  
backward:              0.3000             -0.0313              5.1812              0.0250  
backward:              0.2500             -0.1146              5.0666              0.0266  
backward:              0.2000             -0.2450              4.8217              0.0484  
backward:              0.1500             -0.4237              4.3979              0.0576  
backward:              0.1000             -0.7672              3.6307              0.0656  
backward:              0.0500             -1.4546              2.1761              0.0804  
backward:              0.0000             -2.3324             -0.1563              0.1002  
Inaccuracy estimation
======================================================================================================
                   i        i+δi          P0_overlap_P1   δε(forward)/ε   δε(backward)/ε
======================================================================================================
inaccuracy:  0.00000        0.05000           27.48            0.06            2.83
inaccuracy:  0.05000        0.10000           37.72           -0.07            1.68
inaccuracy:  0.10000        0.15000           48.62           -0.04            0.87
inaccuracy:  0.15000        0.20000           56.63           -0.03            0.46
inaccuracy:  0.20000        0.25000           60.49           -0.02            0.34
inaccuracy:  0.25000        0.30000           64.64           -0.03            0.24
inaccuracy:  0.30000        0.35000           66.08           -0.03            0.21
inaccuracy:  0.35000        0.40000           67.48           -0.03            0.18
inaccuracy:  0.40000        0.45000           69.41           -0.03            0.15
inaccuracy:  0.45000        0.50000           69.11           -0.02            0.15
inaccuracy:  0.50000        0.55000           66.47           -0.05            0.16
inaccuracy:  0.55000        0.60000           67.64           -0.05            0.14
inaccuracy:  0.60000        0.65000           67.98           -0.05            0.11
inaccuracy:  0.65000        0.70000           67.62           -0.06            0.10
inaccuracy:  0.70000        0.75000           68.15           -0.07            0.10
inaccuracy:  0.75000        0.80000           68.38           -0.05            0.10
inaccuracy:  0.80000        0.85000           68.36           -0.05            0.09
inaccuracy:  0.85000        0.90000           67.27           -0.08            0.09
inaccuracy:  0.90000        0.95000           67.74           -0.07            0.09
inaccuracy:  0.95000        1.00000           66.53           -0.06            0.09
===================================================================================================================================
                BAR        
-----------------------------------------------------------------------------------------------------------------------------------
BAR-estimator:         λ             λ+δλ          ΔΔA             ΔA            C               Δδe            δe       
                          
-----------------------------------------------------------------------------------------------------------------------------------
BAR-estimator:      0.00000        0.05000        2.3593         2.3593         2.3593         0.0122         0.0122 
BAR-estimator:      0.05000        0.10000        1.3715         3.7308         1.3715         0.0121         0.0172 
BAR-estimator:      0.10000        0.15000        0.7502         4.4810         0.7502         0.0094         0.0196 
BAR-estimator:      0.15000        0.20000        0.3955         4.8765         0.3955         0.0062         0.0206 
BAR-estimator:      0.20000        0.25000        0.2173         5.0938         0.2173         0.0059         0.0214 
BAR-estimator:      0.25000        0.30000        0.1083         5.2021         0.1083         0.0046         0.0219 
BAR-estimator:      0.30000        0.35000        0.0326         5.2346         0.0326         0.0044         0.0223 
BAR-estimator:      0.35000        0.40000       -0.0107         5.2239        -0.0107         0.0029         0.0225 
BAR-estimator:      0.40000        0.45000       -0.0530         5.1710        -0.0530         0.0043         0.0229 
BAR-estimator:      0.45000        0.50000       -0.0824         5.0886        -0.0824         0.0041         0.0233 
BAR-estimator:      0.50000        0.55000       -0.1256         4.9630        -0.1256         0.0037         0.0236 
BAR-estimator:      0.55000        0.60000       -0.2385         4.7245        -0.2385         0.0039         0.0239 
BAR-estimator:      0.60000        0.65000       -0.3323         4.3922        -0.3323         0.0035         0.0241 
BAR-estimator:      0.65000        0.70000       -0.4013         3.9908        -0.4013         0.0031         0.0243 
BAR-estimator:      0.70000        0.75000       -0.4690         3.5218        -0.4690         0.0042         0.0247 
BAR-estimator:      0.75000        0.80000       -0.5209         3.0009        -0.5209         0.0035         0.0249 
BAR-estimator:      0.80000        0.85000       -0.5690         2.4319        -0.5690         0.0035         0.0252 
BAR-estimator:      0.85000        0.90000       -0.6052         1.8267        -0.6052         0.0041         0.0255 
BAR-estimator:      0.90000        0.95000       -0.6253         1.2014        -0.6253         0.0040         0.0258 
BAR-estimator:      0.95000        1.00000       -0.6351         0.5663        -0.6351         0.0037         0.0261 
BAR-estimator: total free energy change is 0.5662801435725577 , total error is 0.026066988526121018
