#========================================================================================
#                     Free energy perturbation    
#----------------------------------------------------------------------------------------
#forward/backward          λ              ΔΔA                 ΔA                  δε   
#                                                 
#----------------------------------------------------------------------------------------
forward:               0.0000              0.0000              0.0000              0.0000  
forward:               0.0500              1.6539              1.6539              0.0219  
forward:               0.1000              0.8563              2.5102              0.0287  
forward:               0.1500              0.4192              2.9294              0.0312  
forward:               0.2000              0.1805              3.1099              0.0320  
forward:               0.2500              0.0687              3.1786              0.0328  
forward:               0.3000             -0.0167              3.1619              0.0333  
forward:               0.3500             -0.0734              3.0884              0.0337  
forward:               0.4000             -0.1224              2.9661              0.0342  
forward:               0.4500             -0.1415              2.8246              0.0345  
forward:               0.5000             -0.1599              2.6647              0.0348  
forward:               0.5500             -0.3486              2.3161              0.0357  
forward:               0.6000             -0.6280              1.6881              0.0365  
forward:               0.6500             -0.9063              0.7819              0.0375  
forward:               0.7000             -1.1049             -0.3230              0.0389  
forward:               0.7500             -1.2333             -1.5563              0.0395  
forward:               0.8000             -1.2686             -2.8249              0.0400  
forward:               0.8500             -1.2653             -4.0902              0.0403  
forward:               0.9000             -1.2580             -5.3482              0.0406  
forward:               0.9500             -1.2285             -6.5767              0.0408  
forward:               1.0000             -1.2033             -7.7800              0.0411  
backward:              1.0000              0.0000             -7.7800              0.0000  
backward:              0.9500              1.2023             -6.5777              0.0059  
backward:              0.9000              1.2351             -5.3426              0.0084  
backward:              0.8500              1.2364             -4.1062              0.0107  
backward:              0.8000              1.2589             -2.8473              0.0132  
backward:              0.7500              1.2643             -1.5830              0.0156  
backward:              0.7000              1.2153             -0.3677              0.0178  
backward:              0.6500              1.0891              0.7214              0.0215  
backward:              0.6000              0.8885              1.6100              0.0232  
backward:              0.5500              0.6455              2.2555              0.0239  
backward:              0.5000              0.3443              2.5997              0.0248  
backward:              0.4500              0.1638              2.7635              0.0253  
backward:              0.4000              0.1511              2.9146              0.0258  
backward:              0.3500              0.1133              3.0279              0.0264  
backward:              0.3000              0.0850              3.1129              0.0273  
backward:              0.2500              0.0116              3.1245              0.0282  
backward:              0.2000             -0.0521              3.0724              0.0292  
backward:              0.1500             -0.1842              2.8883              0.0319  
backward:              0.1000             -0.5968              2.2915              0.1525  
backward:              0.0500             -0.8931              1.3983              0.1548  
backward:              0.0000             -1.6552             -0.2568              0.1583  
Inaccuracy estimation
======================================================================================================
                   i        i+δi          P0_overlap_P1   δε(forward)/ε   δε(backward)/ε
======================================================================================================
inaccuracy:  0.00000        0.05000           35.53           -0.04            1.76
inaccuracy:  0.05000        0.10000           47.15           -0.04            1.05
inaccuracy:  0.10000        0.15000           56.44           -0.02            0.54
inaccuracy:  0.15000        0.20000           63.78           -0.02            0.31
inaccuracy:  0.20000        0.25000           67.31           -0.02            0.23
inaccuracy:  0.25000        0.30000           71.18           -0.02            0.15
inaccuracy:  0.30000        0.35000           71.07           -0.02            0.13
inaccuracy:  0.35000        0.40000           74.39           -0.01            0.11
inaccuracy:  0.40000        0.45000           73.77           -0.02            0.10
inaccuracy:  0.45000        0.50000           73.73           -0.01            0.10
inaccuracy:  0.50000        0.55000           63.97           -0.11            0.19
inaccuracy:  0.55000        0.60000           63.90           -0.15            0.09
inaccuracy:  0.60000        0.65000           65.41           -0.17            0.06
inaccuracy:  0.65000        0.70000           65.04           -0.15            0.03
inaccuracy:  0.70000        0.75000           66.37           -0.14            0.02
inaccuracy:  0.75000        0.80000           65.59           -0.13            0.03
inaccuracy:  0.80000        0.85000           65.03           -0.13            0.03
inaccuracy:  0.85000        0.90000           65.62           -0.10            0.04
inaccuracy:  0.90000        0.95000           64.12           -0.10            0.04
inaccuracy:  0.95000        1.00000           63.71           -0.14            0.05
===================================================================================================================================
                BAR        
-----------------------------------------------------------------------------------------------------------------------------------
BAR-estimator:         λ             λ+δλ          ΔΔA             ΔA            C               Δδe            δe       
                          
-----------------------------------------------------------------------------------------------------------------------------------
BAR-estimator:      0.00000        0.05000        1.6610         1.6610         1.6610         0.0113         0.0113 
BAR-estimator:      0.05000        0.10000        0.8801         2.5411         0.8801         0.0112         0.0159 
BAR-estimator:      0.10000        0.15000        0.4189         2.9600         0.4189         0.0076         0.0176 
BAR-estimator:      0.15000        0.20000        0.1813         3.1414         0.1813         0.0054         0.0184 
BAR-estimator:      0.20000        0.25000        0.0665         3.2078         0.0665         0.0067         0.0196 
BAR-estimator:      0.25000        0.30000       -0.0142         3.1936        -0.0142         0.0046         0.0201 
BAR-estimator:      0.30000        0.35000       -0.0783         3.1153        -0.0783         0.0046         0.0206 
BAR-estimator:      0.35000        0.40000       -0.1167         2.9985        -0.1167         0.0043         0.0211 
BAR-estimator:      0.40000        0.45000       -0.1448         2.8537        -0.1448         0.0035         0.0214 
BAR-estimator:      0.45000        0.50000       -0.1614         2.6924        -0.1614         0.0032         0.0216 
BAR-estimator:      0.50000        0.55000       -0.3416         2.3508        -0.3416         0.0044         0.0220 
BAR-estimator:      0.55000        0.60000       -0.6383         1.7125        -0.6383         0.0042         0.0224 
BAR-estimator:      0.60000        0.65000       -0.8992         0.8133        -0.8992         0.0048         0.0229 
BAR-estimator:      0.65000        0.70000       -1.0988        -0.2855        -1.0988         0.0056         0.0236 
BAR-estimator:      0.70000        0.75000       -1.2261        -1.5116        -1.2261         0.0043         0.0240 
BAR-estimator:      0.75000        0.80000       -1.2690        -2.7806        -1.2690         0.0043         0.0244 
BAR-estimator:      0.80000        0.85000       -1.2654        -4.0460        -1.2654         0.0039         0.0247 
BAR-estimator:      0.85000        0.90000       -1.2488        -5.2948        -1.2488         0.0032         0.0249 
BAR-estimator:      0.90000        0.95000       -1.2261        -6.5209        -1.2261         0.0042         0.0253 
BAR-estimator:      0.95000        1.00000       -1.2062        -7.7271        -1.2062         0.0040         0.0256 
BAR-estimator: total free energy change is -7.727116740761872 , total error is 0.025574833126393914
