#========================================================================================
#                     Free energy perturbation    
#----------------------------------------------------------------------------------------
#forward/backward          λ              ΔΔA                 ΔA                  δε   
#                                                 
#----------------------------------------------------------------------------------------
forward:               0.0000              0.0000              0.0000              0.0000  
forward:               0.0500              2.6079              2.6079              0.0357  
forward:               0.1000              1.3544              3.9623              0.0423  
forward:               0.1500              0.6111              4.5734              0.0446  
forward:               0.2000              0.2698              4.8432              0.0456  
forward:               0.2500              0.1048              4.9480              0.0461  
forward:               0.3000              0.0009              4.9489              0.0467  
forward:               0.3500             -0.0652              4.8837              0.0470  
forward:               0.4000             -0.1158              4.7679              0.0473  
forward:               0.4500             -0.1487              4.6192              0.0475  
forward:               0.5000             -0.1770              4.4422              0.0477  
forward:               0.5500             -0.2268              4.2154              0.0480  
forward:               0.6000             -0.3007              3.9147              0.0482  
forward:               0.6500             -0.3453              3.5694              0.0483  
forward:               0.7000             -0.3778              3.1916              0.0484  
forward:               0.7500             -0.4110              2.7807              0.0486  
forward:               0.8000             -0.4410              2.3396              0.0487  
forward:               0.8500             -0.4610              1.8787              0.0488  
forward:               0.9000             -0.4865              1.3922              0.0490  
forward:               0.9500             -0.5092              0.8830              0.0491  
forward:               1.0000             -0.5224              0.3606              0.0492  
backward:              1.0000              0.0000              0.3606              0.0000  
backward:              0.9500              0.5243              0.8849              0.0038  
backward:              0.9000              0.5068              1.3917              0.0054  
backward:              0.8500              0.4787              1.8703              0.0069  
backward:              0.8000              0.4615              2.3318              0.0081  
backward:              0.7500              0.4349              2.7667              0.0090  
backward:              0.7000              0.4058              3.1724              0.0099  
backward:              0.6500              0.3693              3.5418              0.0109  
backward:              0.6000              0.3393              3.8811              0.0118  
backward:              0.5500              0.2876              4.1687              0.0130  
backward:              0.5000              0.2176              4.3863              0.0143  
backward:              0.4500              0.1744              4.5607              0.0153  
backward:              0.4000              0.1411              4.7019              0.0162  
backward:              0.3500              0.1069              4.8087              0.0174  
backward:              0.3000              0.0533              4.8620              0.0186  
backward:              0.2500              0.0063              4.8683              0.0199  
backward:              0.2000             -0.1112              4.7571              0.0224  
backward:              0.1500             -0.2539              4.5031              0.0266  
backward:              0.1000             -0.6310              3.8721              0.0331  
backward:              0.0500             -1.2766              2.5955              0.0415  
backward:              0.0000             -2.5202              0.0753              0.0707  
Inaccuracy estimation
======================================================================================================
                   i        i+δi          P0_overlap_P1   δε(forward)/ε   δε(backward)/ε
======================================================================================================
inaccuracy:  0.00000        0.05000           24.65            0.09            3.82
inaccuracy:  0.05000        0.10000           36.92           -0.06            1.78
inaccuracy:  0.10000        0.15000           51.89           -0.04            0.73
inaccuracy:  0.15000        0.20000           61.14           -0.03            0.38
inaccuracy:  0.20000        0.25000           66.85           -0.03            0.23
inaccuracy:  0.25000        0.30000           69.48           -0.01            0.15
inaccuracy:  0.30000        0.35000           72.62           -0.02            0.13
inaccuracy:  0.35000        0.40000           73.48           -0.02            0.10
inaccuracy:  0.40000        0.45000           74.89           -0.01            0.09
inaccuracy:  0.45000        0.50000           74.12           -0.02            0.09
inaccuracy:  0.50000        0.55000           73.80           -0.03            0.09
inaccuracy:  0.55000        0.60000           75.01           -0.03            0.07
inaccuracy:  0.60000        0.65000           74.44           -0.03            0.06
inaccuracy:  0.65000        0.70000           75.39           -0.03            0.06
inaccuracy:  0.70000        0.75000           75.19           -0.02            0.06
inaccuracy:  0.75000        0.80000           75.28           -0.03            0.05
inaccuracy:  0.80000        0.85000           75.11           -0.04            0.05
inaccuracy:  0.85000        0.90000           75.00           -0.04            0.05
inaccuracy:  0.90000        0.95000           74.95           -0.03            0.05
inaccuracy:  0.95000        1.00000           74.05           -0.03            0.05
===================================================================================================================================
                BAR        
-----------------------------------------------------------------------------------------------------------------------------------
BAR-estimator:         λ             λ+δλ          ΔΔA             ΔA            C               Δδe            δe       
                          
-----------------------------------------------------------------------------------------------------------------------------------
BAR-estimator:      0.00000        0.05000        2.6027         2.6027         2.6027         0.0154         0.0154 
BAR-estimator:      0.05000        0.10000        1.3466         3.9492         1.3466         0.0124         0.0197 
BAR-estimator:      0.10000        0.15000        0.6194         4.5686         0.6194         0.0086         0.0215 
BAR-estimator:      0.15000        0.20000        0.2691         4.8377         0.2691         0.0063         0.0224 
BAR-estimator:      0.20000        0.25000        0.1061         4.9438         0.1061         0.0045         0.0229 
BAR-estimator:      0.25000        0.30000       -0.0017         4.9421        -0.0017         0.0041         0.0232 
BAR-estimator:      0.30000        0.35000       -0.0630         4.8791        -0.0630         0.0037         0.0235 
BAR-estimator:      0.35000        0.40000       -0.1145         4.7645        -0.1145         0.0032         0.0237 
BAR-estimator:      0.40000        0.45000       -0.1449         4.6196        -0.1449         0.0028         0.0239 
BAR-estimator:      0.45000        0.50000       -0.1778         4.4418        -0.1778         0.0033         0.0241 
BAR-estimator:      0.50000        0.55000       -0.2239         4.2179        -0.2239         0.0031         0.0243 
BAR-estimator:      0.55000        0.60000       -0.2960         3.9219        -0.2960         0.0031         0.0245 
BAR-estimator:      0.60000        0.65000       -0.3433         3.5786        -0.3433         0.0029         0.0247 
BAR-estimator:      0.65000        0.70000       -0.3763         3.2022        -0.3763         0.0026         0.0248 
BAR-estimator:      0.70000        0.75000       -0.4081         2.7942        -0.4081         0.0028         0.0250 
BAR-estimator:      0.75000        0.80000       -0.4390         2.3552        -0.4390         0.0028         0.0252 
BAR-estimator:      0.80000        0.85000       -0.4612         1.8940        -0.4612         0.0029         0.0253 
BAR-estimator:      0.85000        0.90000       -0.4844         1.4096        -0.4844         0.0030         0.0255 
BAR-estimator:      0.90000        0.95000       -0.5085         0.9011        -0.5085         0.0028         0.0256 
BAR-estimator:      0.95000        1.00000       -0.5238         0.3773        -0.5238         0.0032         0.0258 
BAR-estimator: total free energy change is 0.3773237957353607 , total error is 0.02584554573633037
