#========================================================================================
#                     Free energy perturbation    
#----------------------------------------------------------------------------------------
#forward/backward          λ              ΔΔA                 ΔA                  δε   
#                                                 
#----------------------------------------------------------------------------------------
forward:               0.0000              0.0000              0.0000              0.0000  
forward:               0.0500              3.3965              3.3965              0.0542  
forward:               0.1000              1.7883              5.1847              0.0555  
forward:               0.1500              0.7960              5.9807              0.0588  
forward:               0.2000              0.3579              6.3386              0.0591  
forward:               0.2500              0.1313              6.4699              0.0599  
forward:               0.3000              0.0070              6.4769              0.0603  
forward:               0.3500             -0.0744              6.4025              0.0607  
forward:               0.4000             -0.1475              6.2551              0.0610  
forward:               0.4500             -0.1833              6.0717              0.0613  
forward:               0.5000             -0.2095              5.8622              0.0615  
forward:               0.5500             -0.2828              5.5794              0.0618  
forward:               0.6000             -0.4235              5.1559              0.0620  
forward:               0.6500             -0.5119              4.6439              0.0623  
forward:               0.7000             -0.5819              4.0621              0.0624  
forward:               0.7500             -0.6315              3.4305              0.0627  
forward:               0.8000             -0.6815              2.7490              0.0630  
forward:               0.8500             -0.7053              2.0437              0.0632  
forward:               0.9000             -0.7383              1.3054              0.0633  
forward:               0.9500             -0.7565              0.5490              0.0635  
forward:               1.0000             -0.7715             -0.2226              0.0637  
backward:              1.0000              0.0000             -0.2226              0.0000  
backward:              0.9500              0.7650              0.5425              0.0064  
backward:              0.9000              0.7519              1.2944              0.0087  
backward:              0.8500              0.7304              2.0248              0.0113  
backward:              0.8000              0.7026              2.7274              0.0128  
backward:              0.7500              0.6769              3.4043              0.0150  
backward:              0.7000              0.6239              4.0282              0.0165  
backward:              0.6500              0.5741              4.6023              0.0181  
backward:              0.6000              0.5049              5.1072              0.0193  
backward:              0.5500              0.4162              5.5233              0.0202  
backward:              0.5000              0.2882              5.8115              0.0208  
backward:              0.4500              0.2056              6.0171              0.0219  
backward:              0.4000              0.1780              6.1951              0.0229  
backward:              0.3500              0.1310              6.3261              0.0243  
backward:              0.3000              0.0733              6.3994              0.0256  
backward:              0.2500             -0.0101              6.3894              0.0317  
backward:              0.2000             -0.1743              6.2151              0.0363  
backward:              0.1500             -0.3560              5.8591              0.0391  
backward:              0.1000             -0.8892              4.9698              0.0496  
backward:              0.0500             -1.7485              3.2213              0.0600  
backward:              0.0000             -3.2979             -0.0765              0.0906  
Inaccuracy estimation
======================================================================================================
                   i        i+δi          P0_overlap_P1   δε(forward)/ε   δε(backward)/ε
======================================================================================================
inaccuracy:  0.00000        0.05000           18.45            0.35            5.10
inaccuracy:  0.05000        0.10000           30.61           -0.07            2.51
inaccuracy:  0.10000        0.15000           46.25           -0.07            1.13
inaccuracy:  0.15000        0.20000           55.27           -0.04            0.55
inaccuracy:  0.20000        0.25000           61.63           -0.03            0.30
inaccuracy:  0.25000        0.30000           63.97           -0.03            0.23
inaccuracy:  0.30000        0.35000           67.09           -0.03            0.16
inaccuracy:  0.35000        0.40000           68.92           -0.03            0.14
inaccuracy:  0.40000        0.45000           69.68           -0.03            0.13
inaccuracy:  0.45000        0.50000           69.77           -0.03            0.12
inaccuracy:  0.50000        0.55000           65.74           -0.07            0.14
inaccuracy:  0.55000        0.60000           68.39           -0.07            0.11
inaccuracy:  0.60000        0.65000           68.54           -0.07            0.09
inaccuracy:  0.65000        0.70000           68.74           -0.06            0.08
inaccuracy:  0.70000        0.75000           69.03           -0.07            0.07
inaccuracy:  0.75000        0.80000           68.80           -0.06            0.07
inaccuracy:  0.80000        0.85000           69.12           -0.07            0.07
inaccuracy:  0.85000        0.90000           68.92           -0.08            0.06
inaccuracy:  0.90000        0.95000           67.97           -0.05            0.06
inaccuracy:  0.95000        1.00000           68.70           -0.08            0.07
===================================================================================================================================
                BAR        
-----------------------------------------------------------------------------------------------------------------------------------
BAR-estimator:         λ             λ+δλ          ΔΔA             ΔA            C               Δδe            δe       
                          
-----------------------------------------------------------------------------------------------------------------------------------
BAR-estimator:      0.00000        0.05000        3.4162         3.4162         3.4162         0.0181         0.0181 
BAR-estimator:      0.05000        0.10000        1.8019         5.2181         1.8019         0.0121         0.0217 
BAR-estimator:      0.10000        0.15000        0.8363         6.0544         0.8363         0.0117         0.0247 
BAR-estimator:      0.15000        0.20000        0.3675         6.4219         0.3675         0.0070         0.0256 
BAR-estimator:      0.20000        0.25000        0.1384         6.5603         0.1384         0.0059         0.0263 
BAR-estimator:      0.25000        0.30000        0.0024         6.5627         0.0024         0.0049         0.0267 
BAR-estimator:      0.30000        0.35000       -0.0734         6.4893        -0.0734         0.0043         0.0271 
BAR-estimator:      0.35000        0.40000       -0.1444         6.3449        -0.1444         0.0040         0.0274 
BAR-estimator:      0.40000        0.45000       -0.1808         6.1641        -0.1808         0.0040         0.0277 
BAR-estimator:      0.45000        0.50000       -0.2114         5.9526        -0.2114         0.0035         0.0279 
BAR-estimator:      0.50000        0.55000       -0.2868         5.6658        -0.2868         0.0040         0.0282 
BAR-estimator:      0.55000        0.60000       -0.4212         5.2445        -0.4212         0.0042         0.0285 
BAR-estimator:      0.60000        0.65000       -0.5082         4.7364        -0.5082         0.0039         0.0288 
BAR-estimator:      0.65000        0.70000       -0.5829         4.1535        -0.5829         0.0036         0.0290 
BAR-estimator:      0.70000        0.75000       -0.6308         3.5227        -0.6308         0.0036         0.0292 
BAR-estimator:      0.75000        0.80000       -0.6826         2.8401        -0.6826         0.0036         0.0294 
BAR-estimator:      0.80000        0.85000       -0.7053         2.1348        -0.7053         0.0036         0.0297 
BAR-estimator:      0.85000        0.90000       -0.7383         1.3965        -0.7383         0.0039         0.0299 
BAR-estimator:      0.90000        0.95000       -0.7560         0.6405        -0.7560         0.0040         0.0302 
BAR-estimator:      0.95000        1.00000       -0.7689        -0.1284        -0.7689         0.0039         0.0304 
BAR-estimator: total free energy change is -0.12844848738017556 , total error is 0.030414753233961894
