#========================================================================================
#                     Free energy perturbation    
#----------------------------------------------------------------------------------------
#forward/backward          λ              ΔΔA                 ΔA                  δε   
#                                                 
#----------------------------------------------------------------------------------------
forward:               0.0000              0.0000              0.0000              0.0000  
forward:               0.0500              1.5791              1.5791              0.0190  
forward:               0.1000              0.9918              2.5709              0.0253  
forward:               0.1500              0.6079              3.1788              0.0279  
forward:               0.2000              0.3341              3.5129              0.0296  
forward:               0.2500              0.1982              3.7110              0.0304  
forward:               0.3000              0.1044              3.8154              0.0310  
forward:               0.3500              0.0539              3.8693              0.0318  
forward:               0.4000             -0.0072              3.8621              0.0322  
forward:               0.4500             -0.0314              3.8307              0.0326  
forward:               0.5000             -0.0610              3.7697              0.0330  
forward:               0.5500             -0.2019              3.5678              0.0335  
forward:               0.6000             -0.4594              3.1085              0.0341  
forward:               0.6500             -0.6851              2.4234              0.0347  
forward:               0.7000             -0.8832              1.5401              0.0354  
forward:               0.7500             -1.0208              0.5193              0.0361  
forward:               0.8000             -1.1176             -0.5983              0.0367  
forward:               0.8500             -1.1480             -1.7463              0.0372  
forward:               0.9000             -1.1651             -2.9114              0.0378  
forward:               0.9500             -1.1802             -4.0916              0.0410  
forward:               1.0000             -1.1783             -5.2699              0.0416  
backward:              1.0000              0.0000             -5.2699              0.0000  
backward:              0.9500              1.1842             -4.0857              0.0072  
backward:              0.9000              1.1740             -2.9117              0.0102  
backward:              0.8500              1.1730             -1.7387              0.0126  
backward:              0.8000              1.1630             -0.5757              0.0166  
backward:              0.7500              1.0969              0.5212              0.0184  
backward:              0.7000              1.0151              1.5363              0.0209  
backward:              0.6500              0.8896              2.4259              0.0221  
backward:              0.6000              0.6890              3.1149              0.0235  
backward:              0.5500              0.4531              3.5680              0.0243  
backward:              0.5000              0.2156              3.7836              0.0273  
backward:              0.4500              0.0505              3.8341              0.0281  
backward:              0.4000              0.0356              3.8697              0.0292  
backward:              0.3500             -0.0080              3.8617              0.0297  
backward:              0.3000             -0.0441              3.8176              0.0305  
backward:              0.2500             -0.1000              3.7176              0.0314  
backward:              0.2000             -0.2144              3.5032              0.0329  
backward:              0.1500             -0.3353              3.1679              0.0351  
backward:              0.1000             -0.6009              2.5670              0.0410  
backward:              0.0500             -0.9822              1.5848              0.0456  
backward:              0.0000             -1.5619              0.0230              0.0512  
Inaccuracy estimation
======================================================================================================
                   i        i+δi          P0_overlap_P1   δε(forward)/ε   δε(backward)/ε
======================================================================================================
inaccuracy:  0.00000        0.05000           37.46           -0.04            1.65
inaccuracy:  0.05000        0.10000           46.46           -0.05            1.10
inaccuracy:  0.10000        0.15000           52.84           -0.05            0.66
inaccuracy:  0.15000        0.20000           60.70           -0.02            0.40
inaccuracy:  0.20000        0.25000           64.62           -0.03            0.26
inaccuracy:  0.25000        0.30000           66.34           -0.03            0.22
inaccuracy:  0.30000        0.35000           67.42           -0.02            0.18
inaccuracy:  0.35000        0.40000           70.77           -0.03            0.15
inaccuracy:  0.40000        0.45000           70.31           -0.02            0.15
inaccuracy:  0.45000        0.50000           70.77           -0.02            0.13
inaccuracy:  0.50000        0.55000           62.10           -0.10            0.19
inaccuracy:  0.55000        0.60000           64.29           -0.13            0.13
inaccuracy:  0.60000        0.65000           62.46           -0.13            0.10
inaccuracy:  0.65000        0.70000           62.82           -0.14            0.08
inaccuracy:  0.70000        0.75000           64.13           -0.14            0.06
inaccuracy:  0.75000        0.80000           64.67           -0.11            0.05
inaccuracy:  0.80000        0.85000           62.29           -0.16            0.05
inaccuracy:  0.85000        0.90000           63.03           -0.14            0.05
inaccuracy:  0.90000        0.95000           62.58           -0.13            0.06
inaccuracy:  0.95000        1.00000           62.28           -0.18            0.06
===================================================================================================================================
                BAR        
-----------------------------------------------------------------------------------------------------------------------------------
BAR-estimator:         λ             λ+δλ          ΔΔA             ΔA            C               Δδe            δe       
                          
-----------------------------------------------------------------------------------------------------------------------------------
BAR-estimator:      0.00000        0.05000        1.5877         1.5877         1.5877         0.0097         0.0097 
BAR-estimator:      0.05000        0.10000        0.9972         2.5849         0.9972         0.0084         0.0128 
BAR-estimator:      0.10000        0.15000        0.6017         3.1866         0.6017         0.0066         0.0144 
BAR-estimator:      0.15000        0.20000        0.3403         3.5269         0.3403         0.0063         0.0157 
BAR-estimator:      0.20000        0.25000        0.2006         3.7275         0.2006         0.0051         0.0165 
BAR-estimator:      0.25000        0.30000        0.1029         3.8304         0.1029         0.0048         0.0172 
BAR-estimator:      0.30000        0.35000        0.0497         3.8801         0.0497         0.0047         0.0178 
BAR-estimator:      0.35000        0.40000       -0.0028         3.8774        -0.0028         0.0036         0.0182 
BAR-estimator:      0.40000        0.45000       -0.0316         3.8458        -0.0316         0.0035         0.0185 
BAR-estimator:      0.45000        0.50000       -0.0584         3.7874        -0.0584         0.0035         0.0189 
BAR-estimator:      0.50000        0.55000       -0.2049         3.5825        -0.2049         0.0037         0.0192 
BAR-estimator:      0.55000        0.60000       -0.4540         3.1284        -0.4540         0.0044         0.0197 
BAR-estimator:      0.60000        0.65000       -0.6889         2.4395        -0.6889         0.0037         0.0201 
BAR-estimator:      0.65000        0.70000       -0.8854         1.5541        -0.8854         0.0043         0.0205 
BAR-estimator:      0.70000        0.75000       -1.0170         0.5371        -1.0170         0.0043         0.0210 
BAR-estimator:      0.75000        0.80000       -1.1019        -0.5647        -1.1019         0.0047         0.0215 
BAR-estimator:      0.80000        0.85000       -1.1553        -1.7200        -1.1553         0.0052         0.0221 
BAR-estimator:      0.85000        0.90000       -1.1675        -2.8875        -1.1675         0.0050         0.0226 
BAR-estimator:      0.90000        0.95000       -1.1741        -4.0616        -1.1741         0.0081         0.0241 
BAR-estimator:      0.95000        1.00000       -1.1793        -5.2409        -1.1793         0.0049         0.0245 
BAR-estimator: total free energy change is -5.240905764807127 , total error is 0.024545199764241958
