#========================================================================================
#                     Free energy perturbation    
#----------------------------------------------------------------------------------------
#forward/backward          λ              ΔΔA                 ΔA                  δε   
#                                                 
#----------------------------------------------------------------------------------------
forward:               0.0000              0.0000              0.0000              0.0000  
forward:               0.0500              1.0442              1.0442              0.0179  
forward:               0.1000              0.5640              1.6082              0.0220  
forward:               0.1500              0.2656              1.8737              0.0237  
forward:               0.2000              0.1323              2.0061              0.0247  
forward:               0.2500              0.0536              2.0596              0.0257  
forward:               0.3000              0.0113              2.0709              0.0262  
forward:               0.3500             -0.0105              2.0605              0.0267  
forward:               0.4000             -0.0300              2.0305              0.0270  
forward:               0.4500             -0.0547              1.9758              0.0273  
forward:               0.5000             -0.0771              1.8986              0.0276  
forward:               0.5500             -0.1533              1.7453              0.0281  
forward:               0.6000             -0.3173              1.4281              0.0285  
forward:               0.6500             -0.4459              0.9822              0.0290  
forward:               0.7000             -0.5728              0.4094              0.0297  
forward:               0.7500             -0.6570             -0.2476              0.0301  
forward:               0.8000             -0.7092             -0.9568              0.0305  
forward:               0.8500             -0.7329             -1.6897              0.0307  
forward:               0.9000             -0.7425             -2.4322              0.0310  
forward:               0.9500             -0.7309             -3.1632              0.0311  
forward:               1.0000             -0.7207             -3.8838              0.0315  
backward:              1.0000              0.0000             -3.8838              0.0000  
backward:              0.9500              0.7171             -3.1667              0.0048  
backward:              0.9000              0.7166             -2.4501              0.0073  
backward:              0.8500              0.7409             -1.7092              0.0088  
backward:              0.8000              0.7269             -0.9823              0.0106  
backward:              0.7500              0.7123             -0.2700              0.0117  
backward:              0.7000              0.6594              0.3894              0.0119  
backward:              0.6500              0.5796              0.9690              0.0132  
backward:              0.6000              0.4524              1.4214              0.0144  
backward:              0.5500              0.3173              1.7387              0.0156  
backward:              0.5000              0.1600              1.8987              0.0166  
backward:              0.4500              0.0750              1.9737              0.0171  
backward:              0.4000              0.0580              2.0317              0.0178  
backward:              0.3500              0.0336              2.0653              0.0186  
backward:              0.3000              0.0244              2.0897              0.0197  
backward:              0.2500             -0.0084              2.0813              0.0207  
backward:              0.2000             -0.0554              2.0259              0.0218  
backward:              0.1500             -0.1270              1.8989              0.0237  
backward:              0.1000             -0.2909              1.6080              0.0287  
backward:              0.0500             -0.5469              1.0611              0.0370  
backward:              0.0000             -1.0911             -0.0301              0.0503  
Inaccuracy estimation
======================================================================================================
                   i        i+δi          P0_overlap_P1   δε(forward)/ε   δε(backward)/ε
======================================================================================================
inaccuracy:  0.00000        0.05000           46.16           -0.03            0.88
inaccuracy:  0.05000        0.10000           54.17           -0.02            0.69
inaccuracy:  0.10000        0.15000           65.24           -0.01            0.33
inaccuracy:  0.15000        0.20000           68.94           -0.01            0.20
inaccuracy:  0.20000        0.25000           72.82           -0.01            0.15
inaccuracy:  0.25000        0.30000           74.33           -0.01            0.12
inaccuracy:  0.30000        0.35000           73.99           -0.01            0.12
inaccuracy:  0.35000        0.40000           74.80           -0.01            0.09
inaccuracy:  0.40000        0.45000           75.95           -0.01            0.09
inaccuracy:  0.45000        0.50000           77.03           -0.01            0.09
inaccuracy:  0.50000        0.55000           69.42           -0.06            0.12
inaccuracy:  0.55000        0.60000           70.57           -0.07            0.09
inaccuracy:  0.60000        0.65000           69.86           -0.07            0.08
inaccuracy:  0.65000        0.70000           69.39           -0.08            0.06
inaccuracy:  0.70000        0.75000           70.03           -0.08            0.05
inaccuracy:  0.75000        0.80000           70.06           -0.07            0.06
inaccuracy:  0.80000        0.85000           71.04           -0.07            0.06
inaccuracy:  0.85000        0.90000           70.11           -0.06            0.06
inaccuracy:  0.90000        0.95000           70.31           -0.06            0.06
inaccuracy:  0.95000        1.00000           69.34           -0.07            0.07
===================================================================================================================================
                BAR        
-----------------------------------------------------------------------------------------------------------------------------------
BAR-estimator:         λ             λ+δλ          ΔΔA             ΔA            C               Δδe            δe       
                          
-----------------------------------------------------------------------------------------------------------------------------------
BAR-estimator:      0.00000        0.05000        1.0553         1.0553         1.0553         0.0095         0.0095 
BAR-estimator:      0.05000        0.10000        0.5668         1.6221         0.5668         0.0085         0.0127 
BAR-estimator:      0.10000        0.15000        0.2724         1.8946         0.2724         0.0060         0.0141 
BAR-estimator:      0.15000        0.20000        0.1295         2.0241         0.1295         0.0047         0.0149 
BAR-estimator:      0.20000        0.25000        0.0547         2.0788         0.0547         0.0045         0.0155 
BAR-estimator:      0.25000        0.30000        0.0112         2.0900         0.0112         0.0037         0.0160 
BAR-estimator:      0.30000        0.35000       -0.0157         2.0743        -0.0157         0.0031         0.0163 
BAR-estimator:      0.35000        0.40000       -0.0340         2.0403        -0.0340         0.0029         0.0165 
BAR-estimator:      0.40000        0.45000       -0.0554         1.9849        -0.0554         0.0031         0.0168 
BAR-estimator:      0.45000        0.50000       -0.0752         1.9097        -0.0752         0.0027         0.0170 
BAR-estimator:      0.50000        0.55000       -0.1545         1.7552        -0.1545         0.0035         0.0174 
BAR-estimator:      0.55000        0.60000       -0.3173         1.4379        -0.3173         0.0032         0.0177 
BAR-estimator:      0.60000        0.65000       -0.4459         0.9920        -0.4459         0.0035         0.0180 
BAR-estimator:      0.65000        0.70000       -0.5765         0.4155        -0.5765         0.0038         0.0184 
BAR-estimator:      0.70000        0.75000       -0.6603        -0.2448        -0.6603         0.0037         0.0188 
BAR-estimator:      0.75000        0.80000       -0.7109        -0.9557        -0.7109         0.0034         0.0191 
BAR-estimator:      0.80000        0.85000       -0.7318        -1.6875        -0.7318         0.0032         0.0194 
BAR-estimator:      0.85000        0.90000       -0.7421        -2.4296        -0.7421         0.0034         0.0197 
BAR-estimator:      0.90000        0.95000       -0.7277        -3.1574        -0.7277         0.0038         0.0200 
BAR-estimator:      0.95000        1.00000       -0.7196        -3.8769        -0.7196         0.0045         0.0205 
BAR-estimator: total free energy change is -3.876903599196315 , total error is 0.020531546601328915
