#========================================================================================
#                     Free energy perturbation    
#----------------------------------------------------------------------------------------
#forward/backward          λ              ΔΔA                 ΔA                  δε   
#                                                 
#----------------------------------------------------------------------------------------
forward:               0.0000              0.0000              0.0000              0.0000  
forward:               0.0500              3.8226              3.8226              0.0443  
forward:               0.1000              2.1354              5.9580              0.0625  
forward:               0.1500              0.9971              6.9551              0.0652  
forward:               0.2000              0.4852              7.4403              0.0666  
forward:               0.2500              0.2175              7.6578              0.0674  
forward:               0.3000              0.0549              7.7127              0.0681  
forward:               0.3500             -0.0653              7.6474              0.0686  
forward:               0.4000             -0.1241              7.5233              0.0690  
forward:               0.4500             -0.1980              7.3254              0.0693  
forward:               0.5000             -0.2253              7.1000              0.0696  
forward:               0.5500             -0.3660              6.7340              0.0700  
forward:               0.6000             -0.6915              6.0425              0.0705  
forward:               0.6500             -0.9806              5.0620              0.0710  
forward:               0.7000             -1.2913              3.7707              0.0717  
forward:               0.7500             -1.4989              2.2718              0.0725  
forward:               0.8000             -1.6258              0.6460              0.0729  
forward:               0.8500             -1.6832             -1.0372              0.0733  
forward:               0.9000             -1.7269             -2.7642              0.0739  
forward:               0.9500             -1.7509             -4.5151              0.0762  
forward:               1.0000             -1.8019             -6.3169              0.0765  
backward:              1.0000              0.0000             -6.3169              0.0000  
backward:              0.9500              1.7727             -4.5442              0.0073  
backward:              0.9000              1.7866             -2.7576              0.0104  
backward:              0.8500              1.7455             -1.0121              0.0154  
backward:              0.8000              1.6787              0.6665              0.0192  
backward:              0.7500              1.6337              2.3002              0.0216  
backward:              0.7000              1.5075              3.8077              0.0258  
backward:              0.6500              1.2886              5.0963              0.0274  
backward:              0.6000              0.9903              6.0866              0.0288  
backward:              0.5500              0.6981              6.7847              0.0303  
backward:              0.5000              0.3724              7.1572              0.0316  
backward:              0.4500              0.2258              7.3830              0.0325  
backward:              0.4000              0.1766              7.5596              0.0341  
backward:              0.3500              0.1347              7.6943              0.0351  
backward:              0.3000              0.0700              7.7643              0.0369  
backward:              0.2500             -0.0474              7.7170              0.0399  
backward:              0.2000             -0.1974              7.5196              0.0420  
backward:              0.1500             -0.4794              7.0402              0.0460  
backward:              0.1000             -1.0177              6.0225              0.0593  
backward:              0.0500             -2.0885              3.9339              0.0982  
backward:              0.0000             -3.5588              0.3751              0.1102  
Inaccuracy estimation
======================================================================================================
                   i        i+δi          P0_overlap_P1   δε(forward)/ε   δε(backward)/ε
======================================================================================================
inaccuracy:  0.00000        0.05000           16.80            0.55            5.44
inaccuracy:  0.05000        0.10000           25.63           -0.05            3.25
inaccuracy:  0.10000        0.15000           39.00           -0.11            1.46
inaccuracy:  0.15000        0.20000           48.57           -0.09            0.73
inaccuracy:  0.20000        0.25000           54.15           -0.06            0.46
inaccuracy:  0.25000        0.30000           58.08           -0.05            0.34
inaccuracy:  0.30000        0.35000           60.95           -0.06            0.26
inaccuracy:  0.35000        0.40000           62.00           -0.05            0.23
inaccuracy:  0.40000        0.45000           64.49           -0.05            0.20
inaccuracy:  0.45000        0.50000           63.45           -0.04            0.18
inaccuracy:  0.50000        0.55000           55.93           -0.17            0.24
inaccuracy:  0.55000        0.60000           56.24           -0.22            0.16
inaccuracy:  0.60000        0.65000           56.51           -0.27            0.12
inaccuracy:  0.65000        0.70000           55.84           -0.29            0.08
inaccuracy:  0.70000        0.75000           55.76           -0.24            0.04
inaccuracy:  0.75000        0.80000           56.91           -0.25            0.02
inaccuracy:  0.80000        0.85000           57.26           -0.23            0.01
inaccuracy:  0.85000        0.90000           56.18           -0.29            0.01
inaccuracy:  0.90000        0.95000           54.84           -0.32            0.01
inaccuracy:  0.95000        1.00000           56.39           -0.28            0.01
===================================================================================================================================
                BAR        
-----------------------------------------------------------------------------------------------------------------------------------
BAR-estimator:         λ             λ+δλ          ΔΔA             ΔA            C               Δδe            δe       
                          
-----------------------------------------------------------------------------------------------------------------------------------
BAR-estimator:      0.00000        0.05000        3.7367         3.7367         3.7367         0.0425         0.0425 
BAR-estimator:      0.05000        0.10000        2.1195         5.8562         2.1195         0.0393         0.0579 
BAR-estimator:      0.10000        0.15000        1.0106         6.8668         1.0106         0.0134         0.0594 
BAR-estimator:      0.15000        0.20000        0.4877         7.3544         0.4877         0.0089         0.0601 
BAR-estimator:      0.20000        0.25000        0.2112         7.5657         0.2112         0.0075         0.0605 
BAR-estimator:      0.25000        0.30000        0.0546         7.6203         0.0546         0.0061         0.0609 
BAR-estimator:      0.30000        0.35000       -0.0632         7.5571        -0.0632         0.0058         0.0611 
BAR-estimator:      0.35000        0.40000       -0.1240         7.4331        -0.1240         0.0045         0.0613 
BAR-estimator:      0.40000        0.45000       -0.1914         7.2417        -0.1914         0.0043         0.0614 
BAR-estimator:      0.45000        0.50000       -0.2278         7.0139        -0.2278         0.0037         0.0616 
BAR-estimator:      0.50000        0.55000       -0.3661         6.6478        -0.3661         0.0047         0.0617 
BAR-estimator:      0.55000        0.60000       -0.6959         5.9519        -0.6959         0.0051         0.0619 
BAR-estimator:      0.60000        0.65000       -0.9869         4.9650        -0.9869         0.0055         0.0622 
BAR-estimator:      0.65000        0.70000       -1.2904         3.6746        -1.2904         0.0057         0.0624 
BAR-estimator:      0.70000        0.75000       -1.5013         2.1733        -1.5013         0.0060         0.0627 
BAR-estimator:      0.75000        0.80000       -1.6277         0.5456        -1.6277         0.0055         0.0630 
BAR-estimator:      0.80000        0.85000       -1.6820        -1.1364        -1.6820         0.0057         0.0632 
BAR-estimator:      0.85000        0.90000       -1.7330        -2.8695        -1.7330         0.0050         0.0634 
BAR-estimator:      0.90000        0.95000       -1.7707        -4.6402        -1.7707         0.0046         0.0636 
BAR-estimator:      0.95000        1.00000       -1.7796        -6.4198        -1.7796         0.0136         0.0650 
BAR-estimator: total free energy change is -6.419799244259266 , total error is 0.06502831992234694
