#========================================================================================
#                     Free energy perturbation    
#----------------------------------------------------------------------------------------
#forward/backward          λ              ΔΔA                 ΔA                  δε   
#                                                 
#----------------------------------------------------------------------------------------
forward:               0.0000              0.0000              0.0000              0.0000  
forward:               0.0500              1.4900              1.4900              0.0245  
forward:               0.1000              0.8506              2.3406              0.0272  
forward:               0.1500              0.4597              2.8003              0.0294  
forward:               0.2000              0.2455              3.0457              0.0304  
forward:               0.2500              0.1314              3.1772              0.0312  
forward:               0.3000              0.0569              3.2341              0.0317  
forward:               0.3500              0.0211              3.2552              0.0321  
forward:               0.4000             -0.0197              3.2355              0.0325  
forward:               0.4500             -0.0391              3.1964              0.0328  
forward:               0.5000             -0.0623              3.1341              0.0335  
forward:               0.5500             -0.1253              3.0088              0.0339  
forward:               0.6000             -0.2717              2.7370              0.0345  
forward:               0.6500             -0.3773              2.3597              0.0348  
forward:               0.7000             -0.4824              1.8773              0.0356  
forward:               0.7500             -0.5722              1.3051              0.0358  
forward:               0.8000             -0.6178              0.6873              0.0361  
forward:               0.8500             -0.6780              0.0093              0.0366  
forward:               0.9000             -0.7107             -0.7014              0.0371  
forward:               0.9500             -0.7391             -1.4404              0.0374  
forward:               1.0000             -0.7551             -2.1955              0.0378  
backward:              1.0000              0.0000             -2.1955              0.0000  
backward:              0.9500              0.7612             -1.4343              0.0066  
backward:              0.9000              0.7386             -0.6958              0.0089  
backward:              0.8500              0.7118              0.0160              0.0103  
backward:              0.8000              0.6704              0.6864              0.0118  
backward:              0.7500              0.6135              1.2999              0.0131  
backward:              0.7000              0.5511              1.8510              0.0146  
backward:              0.6500              0.4809              2.3319              0.0152  
backward:              0.6000              0.3793              2.7112              0.0162  
backward:              0.5500              0.2723              2.9835              0.0175  
backward:              0.5000              0.1193              3.1028              0.0197  
backward:              0.4500              0.0585              3.1614              0.0203  
backward:              0.4000              0.0430              3.2043              0.0209  
backward:              0.3500              0.0114              3.2157              0.0217  
backward:              0.3000             -0.0086              3.2071              0.0225  
backward:              0.2500             -0.0673              3.1398              0.0237  
backward:              0.2000             -0.1366              3.0032              0.0241  
backward:              0.1500             -0.2385              2.7648              0.0257  
backward:              0.1000             -0.4768              2.2879              0.0313  
backward:              0.0500             -0.8278              1.4602              0.0380  
backward:              0.0000             -1.5017             -0.0415              0.0555  
Inaccuracy estimation
======================================================================================================
                   i        i+δi          P0_overlap_P1   δε(forward)/ε   δε(backward)/ε
======================================================================================================
inaccuracy:  0.00000        0.05000           38.04           -0.04            1.45
inaccuracy:  0.05000        0.10000           49.10           -0.03            0.92
inaccuracy:  0.10000        0.15000           58.07           -0.02            0.47
inaccuracy:  0.15000        0.20000           65.56           -0.01            0.30
inaccuracy:  0.20000        0.25000           69.55           -0.01            0.21
inaccuracy:  0.25000        0.30000           72.60           -0.01            0.14
inaccuracy:  0.30000        0.35000           71.94           -0.01            0.13
inaccuracy:  0.35000        0.40000           74.45           -0.01            0.11
inaccuracy:  0.40000        0.45000           74.17           -0.01            0.10
inaccuracy:  0.45000        0.50000           75.39           -0.01            0.10
inaccuracy:  0.50000        0.55000           68.49           -0.05            0.13
inaccuracy:  0.55000        0.60000           69.90           -0.05            0.10
inaccuracy:  0.60000        0.65000           70.23           -0.05            0.08
inaccuracy:  0.65000        0.70000           71.09           -0.06            0.07
inaccuracy:  0.70000        0.75000           72.36           -0.05            0.06
inaccuracy:  0.75000        0.80000           70.97           -0.05            0.06
inaccuracy:  0.80000        0.85000           71.01           -0.06            0.05
inaccuracy:  0.85000        0.90000           70.46           -0.06            0.06
inaccuracy:  0.90000        0.95000           70.24           -0.07            0.06
inaccuracy:  0.95000        1.00000           69.90           -0.06            0.06
===================================================================================================================================
                BAR        
-----------------------------------------------------------------------------------------------------------------------------------
BAR-estimator:         λ             λ+δλ          ΔΔA             ΔA            C               Δδe            δe       
                          
-----------------------------------------------------------------------------------------------------------------------------------
BAR-estimator:      0.00000        0.05000        1.4943         1.4943         1.4943         0.0122         0.0122 
BAR-estimator:      0.05000        0.10000        0.8538         2.3481         0.8538         0.0093         0.0154 
BAR-estimator:      0.10000        0.15000        0.4591         2.8072         0.4591         0.0070         0.0169 
BAR-estimator:      0.15000        0.20000        0.2505         3.0576         0.2505         0.0058         0.0178 
BAR-estimator:      0.20000        0.25000        0.1390         3.1966         0.1390         0.0046         0.0184 
BAR-estimator:      0.25000        0.30000        0.0607         3.2573         0.0607         0.0039         0.0188 
BAR-estimator:      0.30000        0.35000        0.0181         3.2754         0.0181         0.0037         0.0192 
BAR-estimator:      0.35000        0.40000       -0.0159         3.2595        -0.0159         0.0034         0.0195 
BAR-estimator:      0.40000        0.45000       -0.0404         3.2192        -0.0404         0.0031         0.0197 
BAR-estimator:      0.45000        0.50000       -0.0588         3.1604        -0.0588         0.0042         0.0202 
BAR-estimator:      0.50000        0.55000       -0.1267         3.0336        -0.1267         0.0037         0.0205 
BAR-estimator:      0.55000        0.60000       -0.2714         2.7622        -0.2714         0.0042         0.0210 
BAR-estimator:      0.60000        0.65000       -0.3771         2.3852        -0.3771         0.0036         0.0213 
BAR-estimator:      0.65000        0.70000       -0.4823         1.9028        -0.4823         0.0038         0.0216 
BAR-estimator:      0.70000        0.75000       -0.5644         1.3384        -0.5644         0.0033         0.0218 
BAR-estimator:      0.75000        0.80000       -0.6168         0.7216        -0.6168         0.0032         0.0221 
BAR-estimator:      0.80000        0.85000       -0.6758         0.0458        -0.6758         0.0040         0.0224 
BAR-estimator:      0.85000        0.90000       -0.7108        -0.6649        -0.7108         0.0040         0.0228 
BAR-estimator:      0.90000        0.95000       -0.7398        -1.4047        -0.7398         0.0038         0.0231 
BAR-estimator:      0.95000        1.00000       -0.7576        -2.1623        -0.7576         0.0044         0.0235 
BAR-estimator: total free energy change is -2.1623272928329564 , total error is 0.02352412766101626
