#========================================================================================
#                     Free energy perturbation    
#----------------------------------------------------------------------------------------
#forward/backward          λ              ΔΔA                 ΔA                  δε   
#                                                 
#----------------------------------------------------------------------------------------
forward:               0.0000              0.0000              0.0000              0.0000  
forward:               0.0500              2.2800              2.2800              0.0322  
forward:               0.1000              1.3182              3.5982              0.0390  
forward:               0.1500              0.6217              4.2199              0.0411  
forward:               0.2000              0.3202              4.5402              0.0426  
forward:               0.2500              0.1436              4.6837              0.0435  
forward:               0.3000              0.0456              4.7294              0.0440  
forward:               0.3500             -0.0222              4.7072              0.0445  
forward:               0.4000             -0.0627              4.6445              0.0449  
forward:               0.4500             -0.1029              4.5416              0.0452  
forward:               0.5000             -0.1270              4.4146              0.0455  
forward:               0.5500             -0.2432              4.1714              0.0458  
forward:               0.6000             -0.4384              3.7330              0.0462  
forward:               0.6500             -0.5984              3.1345              0.0467  
forward:               0.7000             -0.7636              2.3710              0.0470  
forward:               0.7500             -0.8547              1.5163              0.0475  
forward:               0.8000             -0.9307              0.5856              0.0478  
forward:               0.8500             -0.9647             -0.3791              0.0480  
forward:               0.9000             -0.9962             -1.3753              0.0482  
forward:               0.9500             -1.0152             -2.3905              0.0484  
forward:               1.0000             -1.0275             -3.4180              0.0487  
backward:              1.0000              0.0000             -3.4180              0.0000  
backward:              0.9500              1.0190             -2.3990              0.0066  
backward:              0.9000              1.0192             -1.3798              0.0087  
backward:              0.8500              1.0018             -0.3781              0.0107  
backward:              0.8000              0.9781              0.6001              0.0120  
backward:              0.7500              0.9264              1.5264              0.0138  
backward:              0.7000              0.8477              2.3741              0.0154  
backward:              0.6500              0.7576              3.1317              0.0167  
backward:              0.6000              0.6162              3.7480              0.0179  
backward:              0.5500              0.4272              4.1752              0.0191  
backward:              0.5000              0.2482              4.4234              0.0205  
backward:              0.4500              0.1382              4.5616              0.0215  
backward:              0.4000              0.1038              4.6654              0.0220  
backward:              0.3500              0.0677              4.7331              0.0235  
backward:              0.3000              0.0315              4.7646              0.0245  
backward:              0.2500             -0.0330              4.7316              0.0258  
backward:              0.2000             -0.1657              4.5660              0.0278  
backward:              0.1500             -0.2808              4.2852              0.0305  
backward:              0.1000             -0.6474              3.6378              0.0374  
backward:              0.0500             -1.3025              2.3353              0.0629  
backward:              0.0000             -2.1487              0.1866              0.0751  
Inaccuracy estimation
======================================================================================================
                   i        i+δi          P0_overlap_P1   δε(forward)/ε   δε(backward)/ε
======================================================================================================
inaccuracy:  0.00000        0.05000           28.54            0.03            2.70
inaccuracy:  0.05000        0.10000           36.59           -0.07            1.69
inaccuracy:  0.10000        0.15000           50.23           -0.03            0.80
inaccuracy:  0.15000        0.20000           57.11           -0.03            0.46
inaccuracy:  0.20000        0.25000           63.84           -0.02            0.29
inaccuracy:  0.25000        0.30000           65.61           -0.04            0.22
inaccuracy:  0.30000        0.35000           67.80           -0.03            0.18
inaccuracy:  0.35000        0.40000           69.15           -0.02            0.16
inaccuracy:  0.40000        0.45000           70.68           -0.02            0.14
inaccuracy:  0.45000        0.50000           69.71           -0.03            0.13
inaccuracy:  0.50000        0.55000           64.40           -0.09            0.16
inaccuracy:  0.55000        0.60000           64.93           -0.10            0.12
inaccuracy:  0.60000        0.65000           64.53           -0.11            0.11
inaccuracy:  0.65000        0.70000           65.37           -0.10            0.08
inaccuracy:  0.70000        0.75000           66.40           -0.10            0.07
inaccuracy:  0.75000        0.80000           65.89           -0.11            0.06
inaccuracy:  0.80000        0.85000           65.01           -0.10            0.06
inaccuracy:  0.85000        0.90000           65.05           -0.12            0.06
inaccuracy:  0.90000        0.95000           65.08           -0.10            0.06
inaccuracy:  0.95000        1.00000           64.48           -0.12            0.06
===================================================================================================================================
                BAR        
-----------------------------------------------------------------------------------------------------------------------------------
BAR-estimator:         λ             λ+δλ          ΔΔA             ΔA            C               Δδe            δe       
                          
-----------------------------------------------------------------------------------------------------------------------------------
BAR-estimator:      0.00000        0.05000        2.2564         2.2564         2.2564         0.0142         0.0142 
BAR-estimator:      0.05000        0.10000        1.3048         3.5612         1.3048         0.0116         0.0183 
BAR-estimator:      0.10000        0.15000        0.6358         4.1970         0.6358         0.0088         0.0203 
BAR-estimator:      0.15000        0.20000        0.3097         4.5067         0.3097         0.0069         0.0214 
BAR-estimator:      0.20000        0.25000        0.1531         4.6599         0.1531         0.0057         0.0222 
BAR-estimator:      0.25000        0.30000        0.0414         4.7013         0.0414         0.0048         0.0227 
BAR-estimator:      0.30000        0.35000       -0.0247         4.6765        -0.0247         0.0043         0.0231 
BAR-estimator:      0.35000        0.40000       -0.0620         4.6146        -0.0620         0.0041         0.0235 
BAR-estimator:      0.40000        0.45000       -0.1015         4.5131        -0.1015         0.0038         0.0238 
BAR-estimator:      0.45000        0.50000       -0.1323         4.3808        -0.1323         0.0033         0.0240 
BAR-estimator:      0.50000        0.55000       -0.2453         4.1355        -0.2453         0.0038         0.0243 
BAR-estimator:      0.55000        0.60000       -0.4354         3.7001        -0.4354         0.0038         0.0246 
BAR-estimator:      0.60000        0.65000       -0.6057         3.0944        -0.6057         0.0047         0.0250 
BAR-estimator:      0.65000        0.70000       -0.7571         2.3373        -0.7571         0.0039         0.0253 
BAR-estimator:      0.70000        0.75000       -0.8534         1.4838        -0.8534         0.0043         0.0257 
BAR-estimator:      0.75000        0.80000       -0.9304         0.5534        -0.9304         0.0041         0.0260 
BAR-estimator:      0.80000        0.85000       -0.9677        -0.4143        -0.9677         0.0039         0.0263 
BAR-estimator:      0.85000        0.90000       -1.0008        -1.4151        -1.0008         0.0039         0.0266 
BAR-estimator:      0.90000        0.95000       -1.0164        -2.4315        -1.0164         0.0042         0.0269 
BAR-estimator:      0.95000        1.00000       -1.0267        -3.4582        -1.0267         0.0043         0.0273 
BAR-estimator: total free energy change is -3.45819031486183 , total error is 0.027262531378435415
