#========================================================================================
#                     Free energy perturbation    
#----------------------------------------------------------------------------------------
#forward/backward          λ              ΔΔA                 ΔA                  δε   
#                                                 
#----------------------------------------------------------------------------------------
forward:               0.0000              0.0000              0.0000              0.0000  
forward:               0.0500              1.4142              1.4142              0.0267  
forward:               0.1000              0.7432              2.1574              0.0328  
forward:               0.1500              0.3750              2.5324              0.0343  
forward:               0.2000              0.1765              2.7089              0.0350  
forward:               0.2500              0.1001              2.8090              0.0359  
forward:               0.3000              0.0328              2.8418              0.0365  
forward:               0.3500              0.0046              2.8463              0.0370  
forward:               0.4000             -0.0373              2.8091              0.0373  
forward:               0.4500             -0.0543              2.7547              0.0376  
forward:               0.5000             -0.0791              2.6756              0.0378  
forward:               0.5500             -0.1709              2.5047              0.0381  
forward:               0.6000             -0.3279              2.1768              0.0385  
forward:               0.6500             -0.4834              1.6934              0.0389  
forward:               0.7000             -0.6181              1.0752              0.0393  
forward:               0.7500             -0.7047              0.3705              0.0396  
forward:               0.8000             -0.7784             -0.4079              0.0399  
forward:               0.8500             -0.8008             -1.2087              0.0401  
forward:               0.9000             -0.8350             -2.0437              0.0404  
forward:               0.9500             -0.8504             -2.8941              0.0407  
forward:               1.0000             -0.8614             -3.7555              0.0409  
backward:              1.0000              0.0000             -3.7555              0.0000  
backward:              0.9500              0.8638             -2.8917              0.0064  
backward:              0.9000              0.8408             -2.0509              0.0090  
backward:              0.8500              0.8286             -1.2223              0.0104  
backward:              0.8000              0.8070             -0.4153              0.0114  
backward:              0.7500              0.7613              0.3460              0.0128  
backward:              0.7000              0.7040              1.0500              0.0141  
backward:              0.6500              0.6084              1.6584              0.0153  
backward:              0.6000              0.4849              2.1433              0.0167  
backward:              0.5500              0.3359              2.4792              0.0176  
backward:              0.5000              0.1787              2.6579              0.0184  
backward:              0.4500              0.0763              2.7343              0.0193  
backward:              0.4000              0.0527              2.7869              0.0200  
backward:              0.3500              0.0346              2.8216              0.0211  
backward:              0.3000              0.0015              2.8231              0.0222  
backward:              0.2500             -0.0328              2.7903              0.0233  
backward:              0.2000             -0.1009              2.6895              0.0250  
backward:              0.1500             -0.1680              2.5214              0.0273  
backward:              0.1000             -0.3597              2.1617              0.0315  
backward:              0.0500             -0.7815              1.3802              0.0429  
backward:              0.0000             -1.7301             -0.3498              0.2001  
Inaccuracy estimation
======================================================================================================
                   i        i+δi          P0_overlap_P1   δε(forward)/ε   δε(backward)/ε
======================================================================================================
inaccuracy:  0.00000        0.05000           39.28           -0.04            1.30
inaccuracy:  0.05000        0.10000           49.60           -0.03            0.87
inaccuracy:  0.10000        0.15000           58.69           -0.02            0.49
inaccuracy:  0.15000        0.20000           66.02           -0.01            0.26
inaccuracy:  0.20000        0.25000           69.74           -0.01            0.19
inaccuracy:  0.25000        0.30000           71.80           -0.01            0.15
inaccuracy:  0.30000        0.35000           72.18           -0.01            0.13
inaccuracy:  0.35000        0.40000           74.25           -0.01            0.11
inaccuracy:  0.40000        0.45000           74.39           -0.01            0.10
inaccuracy:  0.45000        0.50000           75.07           -0.01            0.09
inaccuracy:  0.50000        0.55000           68.88           -0.06            0.13
inaccuracy:  0.55000        0.60000           68.45           -0.08            0.10
inaccuracy:  0.60000        0.65000           68.77           -0.08            0.08
inaccuracy:  0.65000        0.70000           69.56           -0.08            0.07
inaccuracy:  0.70000        0.75000           69.58           -0.07            0.06
inaccuracy:  0.75000        0.80000           70.43           -0.08            0.05
inaccuracy:  0.80000        0.85000           68.99           -0.08            0.06
inaccuracy:  0.85000        0.90000           69.33           -0.07            0.06
inaccuracy:  0.90000        0.95000           69.11           -0.07            0.06
inaccuracy:  0.95000        1.00000           67.72           -0.09            0.06
===================================================================================================================================
                BAR        
-----------------------------------------------------------------------------------------------------------------------------------
BAR-estimator:         λ             λ+δλ          ΔΔA             ΔA            C               Δδe            δe       
                          
-----------------------------------------------------------------------------------------------------------------------------------
BAR-estimator:      0.00000        0.05000        1.4491         1.4491         1.4491         0.0125         0.0125 
BAR-estimator:      0.05000        0.10000        0.7583         2.2074         0.7583         0.0101         0.0160 
BAR-estimator:      0.10000        0.15000        0.3741         2.5815         0.3741         0.0068         0.0174 
BAR-estimator:      0.15000        0.20000        0.1795         2.7610         0.1795         0.0048         0.0181 
BAR-estimator:      0.20000        0.25000        0.1008         2.8618         0.1008         0.0047         0.0187 
BAR-estimator:      0.25000        0.30000        0.0346         2.8964         0.0346         0.0046         0.0192 
BAR-estimator:      0.30000        0.35000        0.0008         2.8972         0.0008         0.0040         0.0197 
BAR-estimator:      0.35000        0.40000       -0.0367         2.8605        -0.0367         0.0034         0.0199 
BAR-estimator:      0.40000        0.45000       -0.0551         2.8054        -0.0551         0.0034         0.0202 
BAR-estimator:      0.45000        0.50000       -0.0782         2.7273        -0.0782         0.0029         0.0204 
BAR-estimator:      0.50000        0.55000       -0.1703         2.5570        -0.1703         0.0035         0.0207 
BAR-estimator:      0.55000        0.60000       -0.3326         2.2243        -0.3326         0.0028         0.0209 
BAR-estimator:      0.60000        0.65000       -0.4834         1.7409        -0.4834         0.0039         0.0213 
BAR-estimator:      0.65000        0.70000       -0.6124         1.1286        -0.6124         0.0035         0.0216 
BAR-estimator:      0.70000        0.75000       -0.7035         0.4251        -0.7035         0.0038         0.0219 
BAR-estimator:      0.75000        0.80000       -0.7713        -0.3462        -0.7713         0.0038         0.0222 
BAR-estimator:      0.80000        0.85000       -0.8009        -1.1472        -0.8009         0.0038         0.0225 
BAR-estimator:      0.85000        0.90000       -0.8320        -1.9792        -0.8320         0.0039         0.0229 
BAR-estimator:      0.90000        0.95000       -0.8477        -2.8269        -0.8477         0.0038         0.0232 
BAR-estimator:      0.95000        1.00000       -0.8630        -3.6899        -0.8630         0.0040         0.0235 
BAR-estimator: total free energy change is -3.689942574510978 , total error is 0.023533609202388554
