#========================================================================================
#                     Free energy perturbation    
#----------------------------------------------------------------------------------------
#forward/backward          λ              ΔΔA                 ΔA                  δε   
#                                                 
#----------------------------------------------------------------------------------------
forward:               0.0000              0.0000              0.0000              0.0000  
forward:               0.0500              1.5547              1.5547              0.0170  
forward:               0.1000              0.9472              2.5019              0.0236  
forward:               0.1500              0.5444              3.0463              0.0260  
forward:               0.2000              0.3235              3.3698              0.0277  
forward:               0.2500              0.1991              3.5690              0.0287  
forward:               0.3000              0.1034              3.6724              0.0294  
forward:               0.3500              0.0538              3.7262              0.0301  
forward:               0.4000              0.0087              3.7349              0.0305  
forward:               0.4500             -0.0147              3.7202              0.0307  
forward:               0.5000             -0.0331              3.6870              0.0311  
forward:               0.5500             -0.0781              3.6089              0.0315  
forward:               0.6000             -0.2103              3.3986              0.0322  
forward:               0.6500             -0.3652              3.0335              0.0333  
forward:               0.7000             -0.5549              2.4786              0.0342  
forward:               0.7500             -0.6618              1.8167              0.0347  
forward:               0.8000             -0.6905              1.1262              0.0351  
forward:               0.8500             -0.6733              0.4529              0.0354  
forward:               0.9000             -0.6309             -0.1780              0.0357  
forward:               0.9500             -0.5839             -0.7619              0.0359  
forward:               1.0000             -0.5376             -1.2996              0.0362  
backward:              1.0000              0.0000             -1.2996              0.0000  
backward:              0.9500              0.5401             -0.7594              0.0063  
backward:              0.9000              0.5866             -0.1728              0.0083  
backward:              0.8500              0.6293              0.4565              0.0098  
backward:              0.8000              0.6739              1.1304              0.0112  
backward:              0.7500              0.6902              1.8206              0.0130  
backward:              0.7000              0.6560              2.4766              0.0155  
backward:              0.6500              0.5601              3.0367              0.0191  
backward:              0.6000              0.3710              3.4077              0.0234  
backward:              0.5500              0.1959              3.6036              0.0243  
backward:              0.5000              0.0789              3.6825              0.0250  
backward:              0.4500              0.0300              3.7125              0.0256  
backward:              0.4000              0.0147              3.7272              0.0262  
backward:              0.3500             -0.0126              3.7146              0.0270  
backward:              0.3000             -0.0562              3.6585              0.0280  
backward:              0.2500             -0.1010              3.5575              0.0288  
backward:              0.2000             -0.2022              3.3552              0.0304  
backward:              0.1500             -0.3163              3.0390              0.0352  
backward:              0.1000             -0.5685              2.4705              0.0417  
backward:              0.0500             -0.9549              1.5156              0.0472  
backward:              0.0000             -1.5683             -0.0528              0.0579  
Inaccuracy estimation
======================================================================================================
                   i        i+δi          P0_overlap_P1   δε(forward)/ε   δε(backward)/ε
======================================================================================================
inaccuracy:  0.00000        0.05000           38.24           -0.03            1.59
inaccuracy:  0.05000        0.10000           46.23           -0.04            1.00
inaccuracy:  0.10000        0.15000           55.86           -0.03            0.58
inaccuracy:  0.15000        0.20000           61.42           -0.02            0.35
inaccuracy:  0.20000        0.25000           65.67           -0.03            0.24
inaccuracy:  0.25000        0.30000           68.51           -0.02            0.20
inaccuracy:  0.30000        0.35000           70.43           -0.01            0.17
inaccuracy:  0.35000        0.40000           72.18           -0.02            0.14
inaccuracy:  0.40000        0.45000           72.00           -0.02            0.12
inaccuracy:  0.45000        0.50000           72.22           -0.02            0.12
inaccuracy:  0.50000        0.55000           69.35           -0.06            0.13
inaccuracy:  0.55000        0.60000           69.10           -0.09            0.12
inaccuracy:  0.60000        0.65000           65.06           -0.10            0.11
inaccuracy:  0.65000        0.70000           64.48           -0.07            0.10
inaccuracy:  0.70000        0.75000           67.59           -0.06            0.08
inaccuracy:  0.75000        0.80000           68.10           -0.06            0.07
inaccuracy:  0.80000        0.85000           69.01           -0.06            0.08
inaccuracy:  0.85000        0.90000           69.24           -0.06            0.08
inaccuracy:  0.90000        0.95000           67.68           -0.05            0.10
inaccuracy:  0.95000        1.00000           66.73           -0.06            0.10
===================================================================================================================================
                BAR        
-----------------------------------------------------------------------------------------------------------------------------------
BAR-estimator:         λ             λ+δλ          ΔΔA             ΔA            C               Δδe            δe       
                          
-----------------------------------------------------------------------------------------------------------------------------------
BAR-estimator:      0.00000        0.05000        1.5506         1.5506         1.5506         0.0089         0.0089 
BAR-estimator:      0.05000        0.10000        0.9527         2.5033         0.9527         0.0063         0.0109 
BAR-estimator:      0.10000        0.15000        0.5473         3.0506         0.5473         0.0072         0.0130 
BAR-estimator:      0.15000        0.20000        0.3193         3.3699         0.3193         0.0061         0.0144 
BAR-estimator:      0.20000        0.25000        0.1989         3.5688         0.1989         0.0050         0.0153 
BAR-estimator:      0.25000        0.30000        0.1023         3.6711         0.1023         0.0047         0.0160 
BAR-estimator:      0.30000        0.35000        0.0555         3.7266         0.0555         0.0049         0.0167 
BAR-estimator:      0.35000        0.40000        0.0107         3.7373         0.0107         0.0040         0.0172 
BAR-estimator:      0.40000        0.45000       -0.0142         3.7231        -0.0142         0.0030         0.0174 
BAR-estimator:      0.45000        0.50000       -0.0316         3.6915        -0.0316         0.0034         0.0178 
BAR-estimator:      0.50000        0.55000       -0.0794         3.6122        -0.0794         0.0033         0.0181 
BAR-estimator:      0.55000        0.60000       -0.2054         3.4068        -0.2054         0.0038         0.0185 
BAR-estimator:      0.60000        0.65000       -0.3683         3.0385        -0.3683         0.0043         0.0190 
BAR-estimator:      0.65000        0.70000       -0.5549         2.4836        -0.5549         0.0047         0.0195 
BAR-estimator:      0.70000        0.75000       -0.6616         1.8221        -0.6616         0.0040         0.0199 
BAR-estimator:      0.75000        0.80000       -0.6915         1.1305        -0.6915         0.0036         0.0203 
BAR-estimator:      0.80000        0.85000       -0.6706         0.4600        -0.6706         0.0034         0.0205 
BAR-estimator:      0.85000        0.90000       -0.6278        -0.1679        -0.6278         0.0041         0.0209 
BAR-estimator:      0.90000        0.95000       -0.5820        -0.7499        -0.5820         0.0038         0.0213 
BAR-estimator:      0.95000        1.00000       -0.5404        -1.2902        -0.5404         0.0031         0.0215 
BAR-estimator: total free energy change is -1.290227080152528 , total error is 0.021504940443358194
