#========================================================================================
#                     Free energy perturbation    
#----------------------------------------------------------------------------------------
#forward/backward          λ              ΔΔA                 ΔA                  δε   
#                                                 
#----------------------------------------------------------------------------------------
forward:               0.0000              0.0000              0.0000              0.0000  
forward:               0.0500              2.8317              2.8317              0.0371  
forward:               0.1000              1.5182              4.3499              0.0465  
forward:               0.1500              0.7608              5.1107              0.0506  
forward:               0.2000              0.3505              5.4612              0.0518  
forward:               0.2500              0.1815              5.6427              0.0527  
forward:               0.3000              0.0407              5.6834              0.0533  
forward:               0.3500             -0.0293              5.6541              0.0538  
forward:               0.4000             -0.0676              5.5864              0.0541  
forward:               0.4500             -0.0999              5.4865              0.0544  
forward:               0.5000             -0.1443              5.3423              0.0546  
forward:               0.5500             -0.2231              5.1191              0.0550  
forward:               0.6000             -0.4145              4.7046              0.0553  
forward:               0.6500             -0.5424              4.1621              0.0558  
forward:               0.7000             -0.6748              3.4873              0.0561  
forward:               0.7500             -0.7600              2.7273              0.0564  
forward:               0.8000             -0.8362              1.8911              0.0568  
forward:               0.8500             -0.8875              1.0036              0.0572  
forward:               0.9000             -0.9517              0.0520              0.0575  
forward:               0.9500             -0.9699             -0.9179              0.0578  
forward:               1.0000             -0.9897             -1.9076              0.0581  
backward:              1.0000              0.0000             -1.9076              0.0000  
backward:              0.9500              0.9988             -0.9088              0.0066  
backward:              0.9000              0.9859              0.0771              0.0092  
backward:              0.8500              0.9485              1.0256              0.0114  
backward:              0.8000              0.8920              1.9176              0.0137  
backward:              0.7500              0.8446              2.7622              0.0159  
backward:              0.7000              0.7628              3.5250              0.0174  
backward:              0.6500              0.6703              4.1954              0.0186  
backward:              0.6000              0.5514              4.7468              0.0196  
backward:              0.5500              0.4167              5.1634              0.0210  
backward:              0.5000              0.2194              5.3829              0.0231  
backward:              0.4500              0.1499              5.5327              0.0238  
backward:              0.4000              0.1002              5.6329              0.0248  
backward:              0.3500              0.0726              5.7055              0.0262  
backward:              0.3000              0.0191              5.7246              0.0275  
backward:              0.2500             -0.0475              5.6771              0.0288  
backward:              0.2000             -0.2154              5.4616              0.0531  
backward:              0.1500             -0.3639              5.0977              0.0552  
backward:              0.1000             -0.7664              4.3313              0.0621  
backward:              0.0500             -1.4812              2.8502              0.0689  
backward:              0.0000             -2.7894              0.0608              0.0956  
Inaccuracy estimation
======================================================================================================
                   i        i+δi          P0_overlap_P1   δε(forward)/ε   δε(backward)/ε
======================================================================================================
inaccuracy:  0.00000        0.05000           23.31            0.17            3.66
inaccuracy:  0.05000        0.10000           34.82           -0.07            2.01
inaccuracy:  0.10000        0.15000           46.11           -0.05            0.99
inaccuracy:  0.15000        0.20000           57.39           -0.05            0.50
inaccuracy:  0.20000        0.25000           60.24           -0.04            0.35
inaccuracy:  0.25000        0.30000           66.47           -0.03            0.22
inaccuracy:  0.30000        0.35000           67.73           -0.02            0.19
inaccuracy:  0.35000        0.40000           67.94           -0.03            0.16
inaccuracy:  0.40000        0.45000           69.18           -0.03            0.15
inaccuracy:  0.45000        0.50000           69.70           -0.02            0.13
inaccuracy:  0.50000        0.55000           64.00           -0.07            0.17
inaccuracy:  0.55000        0.60000           65.24           -0.10            0.12
inaccuracy:  0.60000        0.65000           65.41           -0.08            0.10
inaccuracy:  0.65000        0.70000           66.47           -0.09            0.08
inaccuracy:  0.70000        0.75000           65.57           -0.11            0.07
inaccuracy:  0.75000        0.80000           66.01           -0.10            0.07
inaccuracy:  0.80000        0.85000           65.15           -0.12            0.07
inaccuracy:  0.85000        0.90000           66.28           -0.09            0.06
inaccuracy:  0.90000        0.95000           65.13           -0.11            0.06
inaccuracy:  0.95000        1.00000           64.59           -0.09            0.06
===================================================================================================================================
                BAR        
-----------------------------------------------------------------------------------------------------------------------------------
BAR-estimator:         λ             λ+δλ          ΔΔA             ΔA            C               Δδe            δe       
                          
-----------------------------------------------------------------------------------------------------------------------------------
BAR-estimator:      0.00000        0.05000        2.7893         2.7893         2.7893         0.0157         0.0157 
BAR-estimator:      0.05000        0.10000        1.5168         4.3061         1.5168         0.0145         0.0214 
BAR-estimator:      0.10000        0.15000        0.7610         5.0670         0.7610         0.0104         0.0238 
BAR-estimator:      0.15000        0.20000        0.3582         5.4253         0.3582         0.0062         0.0245 
BAR-estimator:      0.20000        0.25000        0.1782         5.6034         0.1782         0.0067         0.0254 
BAR-estimator:      0.25000        0.30000        0.0476         5.6510         0.0476         0.0052         0.0260 
BAR-estimator:      0.30000        0.35000       -0.0250         5.6261        -0.0250         0.0050         0.0264 
BAR-estimator:      0.35000        0.40000       -0.0727         5.5533        -0.0727         0.0038         0.0267 
BAR-estimator:      0.40000        0.45000       -0.1013         5.4520        -0.1013         0.0039         0.0270 
BAR-estimator:      0.45000        0.50000       -0.1428         5.3092        -0.1428         0.0036         0.0272 
BAR-estimator:      0.50000        0.55000       -0.2207         5.0885        -0.2207         0.0041         0.0275 
BAR-estimator:      0.55000        0.60000       -0.4158         4.6727        -0.4158         0.0042         0.0279 
BAR-estimator:      0.60000        0.65000       -0.5451         4.1277        -0.5451         0.0048         0.0283 
BAR-estimator:      0.65000        0.70000       -0.6723         3.4554        -0.6723         0.0039         0.0285 
BAR-estimator:      0.70000        0.75000       -0.7661         2.6893        -0.7661         0.0040         0.0288 
BAR-estimator:      0.75000        0.80000       -0.8409         1.8484        -0.8409         0.0039         0.0291 
BAR-estimator:      0.80000        0.85000       -0.8942         0.9542        -0.8942         0.0048         0.0295 
BAR-estimator:      0.85000        0.90000       -0.9476         0.0066        -0.9476         0.0052         0.0299 
BAR-estimator:      0.90000        0.95000       -0.9768        -0.9702        -0.9768         0.0043         0.0302 
BAR-estimator:      0.95000        1.00000       -0.9944        -1.9646        -0.9944         0.0038         0.0305 
BAR-estimator: total free energy change is -1.9646157260281223 , total error is 0.030455975888391773
