#========================================================================================
#                     Free energy perturbation    
#----------------------------------------------------------------------------------------
#forward/backward          λ              ΔΔA                 ΔA                  δε   
#                                                 
#----------------------------------------------------------------------------------------
forward:               0.0000              0.0000              0.0000              0.0000  
forward:               0.0500              3.2730              3.2730              0.0528  
forward:               0.1000              1.6918              4.9648              0.0631  
forward:               0.1500              0.7056              5.6705              0.0699  
forward:               0.2000              0.2083              5.8788              0.0708  
forward:               0.2500             -0.0283              5.8504              0.0712  
forward:               0.3000             -0.1512              5.6993              0.0716  
forward:               0.3500             -0.2154              5.4839              0.0719  
forward:               0.4000             -0.2805              5.2034              0.0720  
forward:               0.4500             -0.3244              4.8789              0.0722  
forward:               0.5000             -0.3695              4.5095              0.0724  
forward:               0.5500             -0.5969              3.9126              0.0728  
forward:               0.6000             -0.9496              2.9630              0.0732  
forward:               0.6500             -1.2109              1.7521              0.0736  
forward:               0.7000             -1.4177              0.3344              0.0739  
forward:               0.7500             -1.5478             -1.2135              0.0742  
forward:               0.8000             -1.6037             -2.8172              0.0746  
forward:               0.8500             -1.6163             -4.4335              0.0749  
forward:               0.9000             -1.6041             -6.0376              0.0753  
forward:               0.9500             -1.5687             -7.6063              0.0755  
forward:               1.0000             -1.5326             -9.1388              0.0757  
backward:              1.0000              0.0000             -9.1388              0.0000  
backward:              0.9500              1.5143             -7.6245              0.0075  
backward:              0.9000              1.5589             -6.0657              0.0102  
backward:              0.8500              1.5995             -4.4662              0.0124  
backward:              0.8000              1.6023             -2.8639              0.0147  
backward:              0.7500              1.6074             -1.2565              0.0184  
backward:              0.7000              1.5571              0.3006              0.0199  
backward:              0.6500              1.4197              1.7203              0.0216  
backward:              0.6000              1.2111              2.9314              0.0231  
backward:              0.5500              0.9583              3.8896              0.0245  
backward:              0.5000              0.5943              4.4839              0.0261  
backward:              0.4500              0.3666              4.8506              0.0269  
backward:              0.4000              0.3226              5.1732              0.0285  
backward:              0.3500              0.2780              5.4512              0.0292  
backward:              0.3000              0.2241              5.6753              0.0306  
backward:              0.2500              0.1306              5.8059              0.0319  
backward:              0.2000              0.0125              5.8184              0.0338  
backward:              0.1500             -0.2081              5.6104              0.0379  
backward:              0.1000             -0.6994              4.9109              0.0557  
backward:              0.0500             -2.0025              2.9084              0.2403  
backward:              0.0000             -3.4707             -0.5623              0.3504  
Inaccuracy estimation
======================================================================================================
                   i        i+δi          P0_overlap_P1   δε(forward)/ε   δε(backward)/ε
======================================================================================================
inaccuracy:  0.00000        0.05000           19.75            0.32            4.52
inaccuracy:  0.05000        0.10000           28.71           -0.10            2.61
inaccuracy:  0.10000        0.15000           41.86           -0.09            1.23
inaccuracy:  0.15000        0.20000           55.30           -0.05            0.50
inaccuracy:  0.20000        0.25000           62.80           -0.04            0.27
inaccuracy:  0.25000        0.30000           65.33           -0.03            0.20
inaccuracy:  0.30000        0.35000           66.42           -0.03            0.16
inaccuracy:  0.35000        0.40000           68.62           -0.03            0.13
inaccuracy:  0.40000        0.45000           69.07           -0.04            0.12
inaccuracy:  0.45000        0.50000           69.63           -0.03            0.11
inaccuracy:  0.50000        0.55000           58.09           -0.14            0.19
inaccuracy:  0.55000        0.60000           60.33           -0.17            0.09
inaccuracy:  0.60000        0.65000           61.26           -0.20            0.04
inaccuracy:  0.65000        0.70000           60.81           -0.21            0.02
inaccuracy:  0.70000        0.75000           61.12           -0.23            0.01
inaccuracy:  0.75000        0.80000           61.26           -0.22            0.00
inaccuracy:  0.80000        0.85000           61.49           -0.19            0.00
inaccuracy:  0.85000        0.90000           60.82           -0.20            0.01
inaccuracy:  0.90000        0.95000           60.47           -0.17            0.03
inaccuracy:  0.95000        1.00000           59.29           -0.17            0.04
===================================================================================================================================
                BAR        
-----------------------------------------------------------------------------------------------------------------------------------
BAR-estimator:         λ             λ+δλ          ΔΔA             ΔA            C               Δδe            δe       
                          
-----------------------------------------------------------------------------------------------------------------------------------
BAR-estimator:      0.00000        0.05000        3.2771         3.2771         3.2771         0.0181         0.0181 
BAR-estimator:      0.05000        0.10000        1.7082         4.9853         1.7082         0.0171         0.0249 
BAR-estimator:      0.10000        0.15000        0.7009         5.6861         0.7009         0.0144         0.0288 
BAR-estimator:      0.15000        0.20000        0.2108         5.8969         0.2108         0.0073         0.0297 
BAR-estimator:      0.20000        0.25000       -0.0227         5.8742        -0.0227         0.0056         0.0302 
BAR-estimator:      0.25000        0.30000       -0.1461         5.7281        -0.1461         0.0050         0.0306 
BAR-estimator:      0.30000        0.35000       -0.2174         5.5108        -0.2174         0.0043         0.0309 
BAR-estimator:      0.35000        0.40000       -0.2798         5.2309        -0.2798         0.0040         0.0311 
BAR-estimator:      0.40000        0.45000       -0.3246         4.9063        -0.3246         0.0038         0.0314 
BAR-estimator:      0.45000        0.50000       -0.3681         4.5382        -0.3681         0.0034         0.0316 
BAR-estimator:      0.50000        0.55000       -0.5933         3.9449        -0.5933         0.0051         0.0320 
BAR-estimator:      0.55000        0.60000       -0.9481         2.9968        -0.9481         0.0044         0.0323 
BAR-estimator:      0.60000        0.65000       -1.2121         1.7847        -1.2121         0.0043         0.0326 
BAR-estimator:      0.65000        0.70000       -1.4198         0.3649        -1.4198         0.0048         0.0329 
BAR-estimator:      0.70000        0.75000       -1.5538        -1.1889        -1.5538         0.0043         0.0332 
BAR-estimator:      0.75000        0.80000       -1.6079        -2.7968        -1.6079         0.0052         0.0336 
BAR-estimator:      0.80000        0.85000       -1.6102        -4.4070        -1.6102         0.0047         0.0339 
BAR-estimator:      0.85000        0.90000       -1.5963        -6.0032        -1.5963         0.0045         0.0342 
BAR-estimator:      0.90000        0.95000       -1.5595        -7.5627        -1.5595         0.0041         0.0345 
BAR-estimator:      0.95000        1.00000       -1.5252        -9.0879        -1.5252         0.0047         0.0348 
BAR-estimator: total free energy change is -9.087870610667707 , total error is 0.034794308489122516
