#========================================================================================
#                     Free energy perturbation    
#----------------------------------------------------------------------------------------
#forward/backward          λ              ΔΔA                 ΔA                  δε   
#                                                 
#----------------------------------------------------------------------------------------
forward:               0.0000              0.0000              0.0000              0.0000  
forward:               0.0500              2.3743              2.3743              0.0250  
forward:               0.1000              1.4883              3.8626              0.0321  
forward:               0.1500              0.8296              4.6923              0.0353  
forward:               0.2000              0.4757              5.1679              0.0375  
forward:               0.2500              0.2503              5.4183              0.0385  
forward:               0.3000              0.1475              5.5658              0.0393  
forward:               0.3500              0.0574              5.6232              0.0401  
forward:               0.4000             -0.0072              5.6159              0.0406  
forward:               0.4500             -0.0471              5.5688              0.0410  
forward:               0.5000             -0.0877              5.4811              0.0414  
forward:               0.5500             -0.2011              5.2800              0.0422  
forward:               0.6000             -0.3651              4.9149              0.0426  
forward:               0.6500             -0.5380              4.3769              0.0429  
forward:               0.7000             -0.6781              3.6988              0.0434  
forward:               0.7500             -0.7905              2.9083              0.0437  
forward:               0.8000             -0.8545              2.0538              0.0441  
forward:               0.8500             -0.9039              1.1499              0.0444  
forward:               0.9000             -0.9337              0.2163              0.0446  
forward:               0.9500             -0.9558             -0.7395              0.0449  
forward:               1.0000             -0.9585             -1.6980              0.0452  
backward:              1.0000              0.0000             -1.6980              0.0000  
backward:              0.9500              0.9579             -0.7401              0.0072  
backward:              0.9000              0.9555              0.2154              0.0112  
backward:              0.8500              0.9416              1.1570              0.0130  
backward:              0.8000              0.9053              2.0623              0.0144  
backward:              0.7500              0.8601              2.9224              0.0159  
backward:              0.7000              0.7929              3.7153              0.0174  
backward:              0.6500              0.6765              4.3918              0.0191  
backward:              0.6000              0.5334              4.9252              0.0211  
backward:              0.5500              0.3645              5.2897              0.0221  
backward:              0.5000              0.1853              5.4750              0.0233  
backward:              0.4500              0.0850              5.5600              0.0245  
backward:              0.4000              0.0543              5.6143              0.0255  
backward:              0.3500              0.0125              5.6268              0.0270  
backward:              0.3000             -0.0632              5.5635              0.0293  
backward:              0.2500             -0.1432              5.4204              0.0309  
backward:              0.2000             -0.2793              5.1411              0.0353  
backward:              0.1500             -0.4629              4.6782              0.0391  
backward:              0.1000             -0.8038              3.8744              0.0443  
backward:              0.0500             -1.4212              2.4532              0.0596  
backward:              0.0000             -2.3328              0.1204              0.0796  
Inaccuracy estimation
======================================================================================================
                   i        i+δi          P0_overlap_P1   δε(forward)/ε   δε(backward)/ε
======================================================================================================
inaccuracy:  0.00000        0.05000           27.80            0.06            2.95
inaccuracy:  0.05000        0.10000           35.48           -0.07            1.84
inaccuracy:  0.10000        0.15000           45.81           -0.07            1.02
inaccuracy:  0.15000        0.20000           52.62           -0.06            0.59
inaccuracy:  0.20000        0.25000           59.56           -0.04            0.38
inaccuracy:  0.25000        0.30000           61.98           -0.04            0.29
inaccuracy:  0.30000        0.35000           63.46           -0.03            0.25
inaccuracy:  0.35000        0.40000           65.13           -0.03            0.20
inaccuracy:  0.40000        0.45000           66.07           -0.03            0.19
inaccuracy:  0.45000        0.50000           66.87           -0.03            0.16
inaccuracy:  0.50000        0.55000           63.50           -0.08            0.18
inaccuracy:  0.55000        0.60000           63.17           -0.10            0.15
inaccuracy:  0.60000        0.65000           62.52           -0.12            0.13
inaccuracy:  0.65000        0.70000           63.11           -0.10            0.11
inaccuracy:  0.70000        0.75000           62.80           -0.11            0.10
inaccuracy:  0.75000        0.80000           63.55           -0.11            0.09
inaccuracy:  0.80000        0.85000           63.86           -0.12            0.09
inaccuracy:  0.85000        0.90000           63.62           -0.14            0.08
inaccuracy:  0.90000        0.95000           62.09           -0.12            0.09
inaccuracy:  0.95000        1.00000           62.18           -0.11            0.09
===================================================================================================================================
                BAR        
-----------------------------------------------------------------------------------------------------------------------------------
BAR-estimator:         λ             λ+δλ          ΔΔA             ΔA            C               Δδe            δe       
                          
-----------------------------------------------------------------------------------------------------------------------------------
BAR-estimator:      0.00000        0.05000        2.3761         2.3761         2.3761         0.0113         0.0113 
BAR-estimator:      0.05000        0.10000        1.4653         3.8414         1.4653         0.0116         0.0162 
BAR-estimator:      0.10000        0.15000        0.8325         4.6739         0.8325         0.0086         0.0184 
BAR-estimator:      0.15000        0.20000        0.4662         5.1401         0.4662         0.0077         0.0199 
BAR-estimator:      0.20000        0.25000        0.2537         5.3938         0.2537         0.0057         0.0207 
BAR-estimator:      0.25000        0.30000        0.1463         5.5401         0.1463         0.0051         0.0213 
BAR-estimator:      0.30000        0.35000        0.0573         5.5975         0.0573         0.0046         0.0218 
BAR-estimator:      0.35000        0.40000       -0.0122         5.5852        -0.0122         0.0041         0.0222 
BAR-estimator:      0.40000        0.45000       -0.0464         5.5388        -0.0464         0.0040         0.0226 
BAR-estimator:      0.45000        0.50000       -0.0893         5.4495        -0.0893         0.0042         0.0229 
BAR-estimator:      0.50000        0.55000       -0.1933         5.2562        -0.1933         0.0041         0.0233 
BAR-estimator:      0.55000        0.60000       -0.3670         4.8892        -0.3670         0.0061         0.0241 
BAR-estimator:      0.60000        0.65000       -0.5396         4.3497        -0.5396         0.0046         0.0245 
BAR-estimator:      0.65000        0.70000       -0.6762         3.6735        -0.6762         0.0043         0.0249 
BAR-estimator:      0.70000        0.75000       -0.7926         2.8809        -0.7926         0.0038         0.0252 
BAR-estimator:      0.75000        0.80000       -0.8550         2.0258        -0.8550         0.0040         0.0255 
BAR-estimator:      0.80000        0.85000       -0.9032         1.1226        -0.9032         0.0040         0.0258 
BAR-estimator:      0.85000        0.90000       -0.9381         0.1845        -0.9381         0.0039         0.0261 
BAR-estimator:      0.90000        0.95000       -0.9591        -0.7746        -0.9591         0.0061         0.0268 
BAR-estimator:      0.95000        1.00000       -0.9594        -1.7340        -0.9594         0.0039         0.0271 
BAR-estimator: total free energy change is -1.7339975216065864 , total error is 0.02708987862356605
