#========================================================================================
#                     Free energy perturbation    
#----------------------------------------------------------------------------------------
#forward/backward          λ              ΔΔA                 ΔA                  δε   
#                                                 
#----------------------------------------------------------------------------------------
forward:               0.0000              0.0000              0.0000              0.0000  
forward:               0.0500              1.2469              1.2469              0.0072  
forward:               0.1000              0.7666              2.0135              0.0157  
forward:               0.1500              0.4597              2.4732              0.0194  
forward:               0.2000              0.2821              2.7553              0.0214  
forward:               0.2500              0.1708              2.9261              0.0226  
forward:               0.3000              0.1134              3.0395              0.0234  
forward:               0.3500              0.0715              3.1110              0.0241  
forward:               0.4000              0.0314              3.1424              0.0248  
forward:               0.4500              0.0134              3.1558              0.0253  
forward:               0.5000             -0.0097              3.1462              0.0257  
forward:               0.5500             -0.1103              3.0359              0.0261  
forward:               0.6000             -0.2993              2.7366              0.0269  
forward:               0.6500             -0.4481              2.2885              0.0277  
forward:               0.7000             -0.6009              1.6876              0.0288  
forward:               0.7500             -0.6800              1.0076              0.0297  
forward:               0.8000             -0.7283              0.2793              0.0301  
forward:               0.8500             -0.7087             -0.4294              0.0305  
forward:               0.9000             -0.6876             -1.1170              0.0309  
forward:               0.9500             -0.6570             -1.7740              0.0312  
forward:               1.0000             -0.6300             -2.4040              0.0315  
backward:              1.0000              0.0000             -2.4040              0.0000  
backward:              0.9500              0.6177             -1.7863              0.0052  
backward:              0.9000              0.6465             -1.1399              0.0085  
backward:              0.8500              0.6837             -0.4561              0.0113  
backward:              0.8000              0.7021              0.2460              0.0137  
backward:              0.7500              0.7199              0.9659              0.0159  
backward:              0.7000              0.6950              1.6610              0.0174  
backward:              0.6500              0.5977              2.2587              0.0194  
backward:              0.6000              0.4521              2.7108              0.0212  
backward:              0.5500              0.2835              2.9943              0.0223  
backward:              0.5000              0.0992              3.0936              0.0234  
backward:              0.4500              0.0121              3.1056              0.0242  
backward:              0.4000             -0.0131              3.0925              0.0247  
backward:              0.3500             -0.0332              3.0593              0.0255  
backward:              0.3000             -0.0724              2.9869              0.0264  
backward:              0.2500             -0.1207              2.8662              0.0277  
backward:              0.2000             -0.1704              2.6958              0.0290  
backward:              0.1500             -0.2616              2.4342              0.0312  
backward:              0.1000             -0.4423              1.9919              0.0349  
backward:              0.0500             -0.7308              1.2611              0.0408  
backward:              0.0000             -1.2648             -0.0037              0.0519  
Inaccuracy estimation
======================================================================================================
                   i        i+δi          P0_overlap_P1   δε(forward)/ε   δε(backward)/ε
======================================================================================================
inaccuracy:  0.00000        0.05000           43.66           -0.04            1.17
inaccuracy:  0.05000        0.10000           49.52           -0.03            0.84
inaccuracy:  0.10000        0.15000           58.46           -0.02            0.46
inaccuracy:  0.15000        0.20000           63.43           -0.02            0.32
inaccuracy:  0.20000        0.25000           68.35           -0.02            0.20
inaccuracy:  0.25000        0.30000           70.16           -0.02            0.16
inaccuracy:  0.30000        0.35000           71.73           -0.01            0.14
inaccuracy:  0.35000        0.40000           73.54           -0.01            0.13
inaccuracy:  0.40000        0.45000           73.38           -0.01            0.12
inaccuracy:  0.45000        0.50000           73.87           -0.01            0.10
inaccuracy:  0.50000        0.55000           67.85           -0.07            0.14
inaccuracy:  0.55000        0.60000           69.00           -0.08            0.10
inaccuracy:  0.60000        0.65000           67.21           -0.11            0.09
inaccuracy:  0.65000        0.70000           67.04           -0.10            0.08
inaccuracy:  0.70000        0.75000           66.32           -0.09            0.07
inaccuracy:  0.75000        0.80000           68.80           -0.08            0.07
inaccuracy:  0.80000        0.85000           68.07           -0.06            0.08
inaccuracy:  0.85000        0.90000           67.34           -0.07            0.08
inaccuracy:  0.90000        0.95000           67.29           -0.06            0.09
inaccuracy:  0.95000        1.00000           67.61           -0.07            0.10
===================================================================================================================================
                BAR        
-----------------------------------------------------------------------------------------------------------------------------------
BAR-estimator:         λ             λ+δλ          ΔΔA             ΔA            C               Δδe            δe       
                          
-----------------------------------------------------------------------------------------------------------------------------------
BAR-estimator:      0.00000        0.05000        1.2452         1.2452         1.2452         0.0118         0.0118 
BAR-estimator:      0.05000        0.10000        0.7588         2.0040         0.7588         0.0085         0.0145 
BAR-estimator:      0.10000        0.15000        0.4554         2.4594         0.4554         0.0076         0.0164 
BAR-estimator:      0.15000        0.20000        0.2743         2.7337         0.2743         0.0065         0.0176 
BAR-estimator:      0.20000        0.25000        0.1700         2.9038         0.1700         0.0050         0.0183 
BAR-estimator:      0.25000        0.30000        0.1129         3.0166         0.1129         0.0045         0.0189 
BAR-estimator:      0.30000        0.35000        0.0712         3.0878         0.0712         0.0044         0.0194 
BAR-estimator:      0.35000        0.40000        0.0324         3.1202         0.0324         0.0045         0.0199 
BAR-estimator:      0.40000        0.45000        0.0122         3.1325         0.0122         0.0036         0.0202 
BAR-estimator:      0.45000        0.50000       -0.0133         3.1191        -0.0133         0.0034         0.0205 
BAR-estimator:      0.50000        0.55000       -0.1073         3.0118        -0.1073         0.0037         0.0208 
BAR-estimator:      0.55000        0.60000       -0.2899         2.7220        -0.2899         0.0037         0.0211 
BAR-estimator:      0.60000        0.65000       -0.4513         2.2707        -0.4513         0.0041         0.0215 
BAR-estimator:      0.65000        0.70000       -0.6011         1.6696        -0.6011         0.0045         0.0220 
BAR-estimator:      0.70000        0.75000       -0.6863         0.9833        -0.6863         0.0045         0.0224 
BAR-estimator:      0.75000        0.80000       -0.7247         0.2585        -0.7247         0.0050         0.0230 
BAR-estimator:      0.80000        0.85000       -0.7062        -0.4477        -0.7062         0.0038         0.0233 
BAR-estimator:      0.85000        0.90000       -0.6894        -1.1371        -0.6894         0.0042         0.0237 
BAR-estimator:      0.90000        0.95000       -0.6528        -1.7899        -0.6528         0.0037         0.0240 
BAR-estimator:      0.95000        1.00000       -0.6240        -2.4139        -0.6240         0.0039         0.0243 
BAR-estimator: total free energy change is -2.413925598904907 , total error is 0.024278184827874746
