#========================================================================================
#                     Free energy perturbation    
#----------------------------------------------------------------------------------------
#forward/backward          λ              ΔΔA                 ΔA                  δε   
#                                                 
#----------------------------------------------------------------------------------------
forward:               0.0000              0.0000              0.0000              0.0000  
forward:               0.0500              1.0918              1.0918              0.0160  
forward:               0.1000              0.6901              1.7819              0.0238  
forward:               0.1500              0.4514              2.2333              0.0264  
forward:               0.2000              0.3059              2.5392              0.0275  
forward:               0.2500              0.2190              2.7582              0.0285  
forward:               0.3000              0.1573              2.9155              0.0291  
forward:               0.3500              0.1110              3.0265              0.0295  
forward:               0.4000              0.0825              3.1090              0.0299  
forward:               0.4500              0.0589              3.1679              0.0303  
forward:               0.5000              0.0398              3.2076              0.0303  
forward:               0.5500              0.0356              3.2432              0.0306  
forward:               0.6000              0.0112              3.2545              0.0309  
forward:               0.6500             -0.0263              3.2282              0.0312  
forward:               0.7000             -0.0481              3.1801              0.0315  
forward:               0.7500             -0.0506              3.1295              0.0317  
forward:               0.8000             -0.0623              3.0672              0.0319  
forward:               0.8500             -0.0697              2.9975              0.0321  
forward:               0.9000             -0.0762              2.9213              0.0322  
forward:               0.9500             -0.0809              2.8404              0.0324  
forward:               1.0000             -0.0819              2.7585              0.0326  
backward:              1.0000              0.0000              2.7585              0.0000  
backward:              0.9500              0.0927              2.8512              0.0038  
backward:              0.9000              0.0778              2.9290              0.0057  
backward:              0.8500              0.0704              2.9993              0.0072  
backward:              0.8000              0.0705              3.0698              0.0083  
backward:              0.7500              0.0619              3.1317              0.0099  
backward:              0.7000              0.0455              3.1773              0.0108  
backward:              0.6500              0.0390              3.2162              0.0115  
backward:              0.6000              0.0231              3.2393              0.0126  
backward:              0.5500              0.0125              3.2518              0.0135  
backward:              0.5000             -0.0370              3.2148              0.0144  
backward:              0.4500             -0.0546              3.1602              0.0154  
backward:              0.4000             -0.0653              3.0950              0.0164  
backward:              0.3500             -0.0808              3.0141              0.0172  
backward:              0.3000             -0.1167              2.8974              0.0183  
backward:              0.2500             -0.1599              2.7375              0.0193  
backward:              0.2000             -0.2172              2.5204              0.0211  
backward:              0.1500             -0.3118              2.2085              0.0233  
backward:              0.1000             -0.4391              1.7695              0.0260  
backward:              0.0500             -0.6895              1.0799              0.0312  
backward:              0.0000             -1.0986             -0.0186              0.0442  
Inaccuracy estimation
======================================================================================================
                   i        i+δi          P0_overlap_P1   δε(forward)/ε   δε(backward)/ε
======================================================================================================
inaccuracy:  0.00000        0.05000           46.44           -0.02            1.03
inaccuracy:  0.05000        0.10000           55.26           -0.02            0.62
inaccuracy:  0.10000        0.15000           61.86           -0.01            0.38
inaccuracy:  0.15000        0.20000           66.59           -0.02            0.25
inaccuracy:  0.20000        0.25000           69.65           -0.01            0.19
inaccuracy:  0.25000        0.30000           71.48           -0.01            0.15
inaccuracy:  0.30000        0.35000           73.85           -0.01            0.13
inaccuracy:  0.35000        0.40000           73.92           -0.01            0.12
inaccuracy:  0.40000        0.45000           75.00           -0.01            0.11
inaccuracy:  0.45000        0.50000           76.32           -0.01            0.10
inaccuracy:  0.50000        0.55000           74.31           -0.01            0.11
inaccuracy:  0.55000        0.60000           72.55           -0.02            0.11
inaccuracy:  0.60000        0.65000           75.08           -0.01            0.09
inaccuracy:  0.65000        0.70000           76.98           -0.02            0.09
inaccuracy:  0.70000        0.75000           75.85           -0.01            0.08
inaccuracy:  0.75000        0.80000           75.33           -0.02            0.09
inaccuracy:  0.80000        0.85000           75.69           -0.02            0.08
inaccuracy:  0.85000        0.90000           75.54           -0.02            0.08
inaccuracy:  0.90000        0.95000           75.90           -0.02            0.08
inaccuracy:  0.95000        1.00000           74.38           -0.02            0.09
===================================================================================================================================
                BAR        
-----------------------------------------------------------------------------------------------------------------------------------
BAR-estimator:         λ             λ+δλ          ΔΔA             ΔA            C               Δδe            δe       
                          
-----------------------------------------------------------------------------------------------------------------------------------
BAR-estimator:      0.00000        0.05000        1.0999         1.0999         1.0999         0.0109         0.0109 
BAR-estimator:      0.05000        0.10000        0.6918         1.7917         0.6918         0.0102         0.0150 
BAR-estimator:      0.10000        0.15000        0.4484         2.2401         0.4484         0.0074         0.0167 
BAR-estimator:      0.15000        0.20000        0.3062         2.5463         0.3062         0.0052         0.0175 
BAR-estimator:      0.20000        0.25000        0.2160         2.7623         0.2160         0.0050         0.0182 
BAR-estimator:      0.25000        0.30000        0.1550         2.9173         0.1550         0.0040         0.0186 
BAR-estimator:      0.30000        0.35000        0.1143         3.0316         0.1143         0.0038         0.0190 
BAR-estimator:      0.35000        0.40000        0.0810         3.1127         0.0810         0.0034         0.0193 
BAR-estimator:      0.40000        0.45000        0.0621         3.1748         0.0621         0.0032         0.0196 
BAR-estimator:      0.45000        0.50000        0.0444         3.2191         0.0444         0.0029         0.0198 
BAR-estimator:      0.50000        0.55000        0.0367         3.2559         0.0367         0.0030         0.0200 
BAR-estimator:      0.55000        0.60000        0.0028         3.2586         0.0028         0.0031         0.0203 
BAR-estimator:      0.60000        0.65000       -0.0264         3.2322        -0.0264         0.0029         0.0205 
BAR-estimator:      0.65000        0.70000       -0.0429         3.1892        -0.0429         0.0029         0.0207 
BAR-estimator:      0.70000        0.75000       -0.0493         3.1399        -0.0493         0.0027         0.0209 
BAR-estimator:      0.75000        0.80000       -0.0629         3.0770        -0.0629         0.0030         0.0211 
BAR-estimator:      0.80000        0.85000       -0.0698         3.0072        -0.0698         0.0028         0.0213 
BAR-estimator:      0.85000        0.90000       -0.0755         2.9316        -0.0755         0.0030         0.0215 
BAR-estimator:      0.90000        0.95000       -0.0800         2.8516        -0.0800         0.0029         0.0217 
BAR-estimator:      0.95000        1.00000       -0.0855         2.7661        -0.0855         0.0029         0.0219 
BAR-estimator: total free energy change is 2.7661168374494176 , total error is 0.021856016271700248
