#========================================================================================
#                     Free energy perturbation    
#----------------------------------------------------------------------------------------
#forward/backward          λ              ΔΔA                 ΔA                  δε   
#                                                 
#----------------------------------------------------------------------------------------
forward:               0.0000              0.0000              0.0000              0.0000  
forward:               0.0500              2.0871              2.0871              0.0257  
forward:               0.1000              1.2268              3.3139              0.0361  
forward:               0.1500              0.6752              3.9891              0.0386  
forward:               0.2000              0.3205              4.3096              0.0402  
forward:               0.2500              0.1847              4.4943              0.0411  
forward:               0.3000              0.0842              4.5785              0.0416  
forward:               0.3500              0.0346              4.6131              0.0420  
forward:               0.4000             -0.0193              4.5938              0.0424  
forward:               0.4500             -0.0500              4.5438              0.0427  
forward:               0.5000             -0.0689              4.4750              0.0429  
forward:               0.5500             -0.1124              4.3626              0.0435  
forward:               0.6000             -0.2215              4.1411              0.0437  
forward:               0.6500             -0.3035              3.8376              0.0440  
forward:               0.7000             -0.3765              3.4611              0.0443  
forward:               0.7500             -0.4390              3.0221              0.0446  
forward:               0.8000             -0.4881              2.5341              0.0448  
forward:               0.8500             -0.5246              2.0095              0.0451  
forward:               0.9000             -0.5671              1.4424              0.0453  
forward:               0.9500             -0.5836              0.8588              0.0456  
forward:               1.0000             -0.5951              0.2637              0.0457  
backward:              1.0000              0.0000              0.2637              0.0000  
backward:              0.9500              0.5829              0.8466              0.0057  
backward:              0.9000              0.5751              1.4217              0.0080  
backward:              0.8500              0.5619              1.9836              0.0098  
backward:              0.8000              0.5202              2.5038              0.0114  
backward:              0.7500              0.4883              2.9921              0.0126  
backward:              0.7000              0.4286              3.4207              0.0142  
backward:              0.6500              0.3636              3.7843              0.0155  
backward:              0.6000              0.3077              4.0920              0.0167  
backward:              0.5500              0.2232              4.3152              0.0184  
backward:              0.5000              0.1094              4.4245              0.0216  
backward:              0.4500              0.0725              4.4970              0.0223  
backward:              0.4000              0.0407              4.5377              0.0231  
backward:              0.3500              0.0144              4.5521              0.0241  
backward:              0.3000             -0.0238              4.5283              0.0252  
backward:              0.2500             -0.1059              4.4224              0.0264  
backward:              0.2000             -0.1907              4.2317              0.0282  
backward:              0.1500             -0.3522              3.8795              0.0308  
backward:              0.1000             -0.6410              3.2385              0.0381  
backward:              0.0500             -1.1844              2.0541              0.0453  
backward:              0.0000             -2.1496             -0.0955              0.0702  
Inaccuracy estimation
======================================================================================================
                   i        i+δi          P0_overlap_P1   δε(forward)/ε   δε(backward)/ε
======================================================================================================
inaccuracy:  0.00000        0.05000           30.78           -0.00            2.42
inaccuracy:  0.05000        0.10000           39.33           -0.06            1.56
inaccuracy:  0.10000        0.15000           49.20           -0.05            0.80
inaccuracy:  0.15000        0.20000           61.24           -0.02            0.40
inaccuracy:  0.20000        0.25000           64.43           -0.01            0.28
inaccuracy:  0.25000        0.30000           68.28           -0.03            0.20
inaccuracy:  0.30000        0.35000           67.44           -0.03            0.17
inaccuracy:  0.35000        0.40000           70.01           -0.02            0.15
inaccuracy:  0.40000        0.45000           70.69           -0.02            0.14
inaccuracy:  0.45000        0.50000           70.84           -0.02            0.14
inaccuracy:  0.50000        0.55000           67.14           -0.05            0.14
inaccuracy:  0.55000        0.60000           69.02           -0.05            0.12
inaccuracy:  0.60000        0.65000           69.00           -0.05            0.11
inaccuracy:  0.65000        0.70000           69.57           -0.05            0.09
inaccuracy:  0.70000        0.75000           69.78           -0.05            0.09
inaccuracy:  0.75000        0.80000           69.10           -0.06            0.09
inaccuracy:  0.80000        0.85000           69.23           -0.05            0.08
inaccuracy:  0.85000        0.90000           70.50           -0.06            0.08
inaccuracy:  0.90000        0.95000           69.28           -0.06            0.08
inaccuracy:  0.95000        1.00000           69.28           -0.06            0.08
===================================================================================================================================
                BAR        
-----------------------------------------------------------------------------------------------------------------------------------
BAR-estimator:         λ             λ+δλ          ΔΔA             ΔA            C               Δδe            δe       
                          
-----------------------------------------------------------------------------------------------------------------------------------
BAR-estimator:      0.00000        0.05000        2.1226         2.1226         2.1226         0.0115         0.0115 
BAR-estimator:      0.05000        0.10000        1.2344         3.3570         1.2344         0.0131         0.0174 
BAR-estimator:      0.10000        0.15000        0.6588         4.0158         0.6588         0.0089         0.0196 
BAR-estimator:      0.15000        0.20000        0.3384         4.3542         0.3384         0.0073         0.0209 
BAR-estimator:      0.20000        0.25000        0.1891         4.5433         0.1891         0.0055         0.0216 
BAR-estimator:      0.25000        0.30000        0.0895         4.6328         0.0895         0.0044         0.0220 
BAR-estimator:      0.30000        0.35000        0.0279         4.6607         0.0279         0.0039         0.0224 
BAR-estimator:      0.35000        0.40000       -0.0177         4.6430        -0.0177         0.0040         0.0227 
BAR-estimator:      0.40000        0.45000       -0.0477         4.5953        -0.0477         0.0037         0.0230 
BAR-estimator:      0.45000        0.50000       -0.0686         4.5268        -0.0686         0.0033         0.0233 
BAR-estimator:      0.50000        0.55000       -0.1157         4.4111        -0.1157         0.0038         0.0236 
BAR-estimator:      0.55000        0.60000       -0.2201         4.1910        -0.2201         0.0034         0.0238 
BAR-estimator:      0.60000        0.65000       -0.3059         3.8852        -0.3059         0.0032         0.0241 
BAR-estimator:      0.65000        0.70000       -0.3703         3.5149        -0.3703         0.0037         0.0243 
BAR-estimator:      0.70000        0.75000       -0.4350         3.0798        -0.4350         0.0036         0.0246 
BAR-estimator:      0.75000        0.80000       -0.4892         2.5906        -0.4892         0.0036         0.0249 
BAR-estimator:      0.80000        0.85000       -0.5222         2.0684        -0.5222         0.0036         0.0251 
BAR-estimator:      0.85000        0.90000       -0.5624         1.5060        -0.5624         0.0039         0.0254 
BAR-estimator:      0.90000        0.95000       -0.5822         0.9238        -0.5822         0.0037         0.0257 
BAR-estimator:      0.95000        1.00000       -0.5919         0.3319        -0.5919         0.0033         0.0259 
BAR-estimator: total free energy change is 0.33186605830088234 , total error is 0.025912194244672806
