#========================================================================================
#                     Free energy perturbation    
#----------------------------------------------------------------------------------------
#forward/backward          λ              ΔΔA                 ΔA                  δε   
#                                                 
#----------------------------------------------------------------------------------------
forward:               0.0000              0.0000              0.0000              0.0000  
forward:               0.0500              0.6123              0.6123              0.0131  
forward:               0.1000              0.3457              0.9580              0.0155  
forward:               0.1500              0.2140              1.1719              0.0166  
forward:               0.2000              0.1378              1.3097              0.0177  
forward:               0.2500              0.0969              1.4066              0.0183  
forward:               0.3000              0.0765              1.4830              0.0188  
forward:               0.3500              0.0489              1.5319              0.0192  
forward:               0.4000              0.0245              1.5564              0.0196  
forward:               0.4500              0.0266              1.5831              0.0199  
forward:               0.5000              0.0047              1.5877              0.0202  
forward:               0.5500             -0.0653              1.5224              0.0206  
forward:               0.6000             -0.1846              1.3378              0.0211  
forward:               0.6500             -0.2885              1.0493              0.0215  
forward:               0.7000             -0.3685              0.6808              0.0218  
forward:               0.7500             -0.4458              0.2350              0.0221  
forward:               0.8000             -0.5055             -0.2705              0.0224  
forward:               0.8500             -0.5465             -0.8170              0.0226  
forward:               0.9000             -0.5948             -1.4118              0.0229  
forward:               0.9500             -0.6216             -2.0334              0.0231  
forward:               1.0000             -0.6534             -2.6868              0.0233  
backward:              1.0000              0.0000             -2.6868              0.0000  
backward:              0.9500              0.6490             -2.0378              0.0037  
backward:              0.9000              0.6192             -1.4186              0.0052  
backward:              0.8500              0.5891             -0.8296              0.0064  
backward:              0.8000              0.5468             -0.2828              0.0074  
backward:              0.7500              0.5108              0.2280              0.0082  
backward:              0.7000              0.4438              0.6718              0.0090  
backward:              0.6500              0.3755              1.0473              0.0099  
backward:              0.6000              0.2858              1.3331              0.0107  
backward:              0.5500              0.1867              1.5198              0.0115  
backward:              0.5000              0.0647              1.5845              0.0126  
backward:              0.4500             -0.0040              1.5805              0.0133  
backward:              0.4000             -0.0189              1.5616              0.0137  
backward:              0.3500             -0.0278              1.5337              0.0144  
backward:              0.3000             -0.0578              1.4760              0.0152  
backward:              0.2500             -0.0730              1.4030              0.0159  
backward:              0.2000             -0.1103              1.2926              0.0169  
backward:              0.1500             -0.1465              1.1461              0.0178  
backward:              0.1000             -0.2164              0.9297              0.0196  
backward:              0.0500             -0.3274              0.6023              0.0217  
backward:              0.0000             -0.5842              0.0180              0.0271  
Inaccuracy estimation
======================================================================================================
                   i        i+δi          P0_overlap_P1   δε(forward)/ε   δε(backward)/ε
======================================================================================================
inaccuracy:  0.00000        0.05000           56.04           -0.01            0.74
inaccuracy:  0.05000        0.10000           66.32           -0.01            0.34
inaccuracy:  0.10000        0.15000           73.03           -0.00            0.18
inaccuracy:  0.15000        0.20000           77.07           -0.01            0.13
inaccuracy:  0.20000        0.25000           78.81           -0.01            0.10
inaccuracy:  0.25000        0.30000           78.88           -0.00            0.09
inaccuracy:  0.30000        0.35000           80.81           -0.00            0.07
inaccuracy:  0.35000        0.40000           81.09           -0.00            0.07
inaccuracy:  0.40000        0.45000           79.71           -0.01            0.07
inaccuracy:  0.45000        0.50000           80.88           -0.00            0.06
inaccuracy:  0.50000        0.55000           74.25           -0.03            0.08
inaccuracy:  0.55000        0.60000           74.97           -0.04            0.07
inaccuracy:  0.60000        0.65000           76.55           -0.03            0.05
inaccuracy:  0.65000        0.70000           75.29           -0.04            0.05
inaccuracy:  0.70000        0.75000           76.95           -0.04            0.04
inaccuracy:  0.75000        0.80000           75.89           -0.03            0.04
inaccuracy:  0.80000        0.85000           76.67           -0.04            0.04
inaccuracy:  0.85000        0.90000           77.43           -0.04            0.04
inaccuracy:  0.90000        0.95000           76.33           -0.04            0.03
inaccuracy:  0.95000        1.00000           76.96           -0.04            0.03
===================================================================================================================================
                BAR        
-----------------------------------------------------------------------------------------------------------------------------------
BAR-estimator:         λ             λ+δλ          ΔΔA             ΔA            C               Δδe            δe       
                          
-----------------------------------------------------------------------------------------------------------------------------------
BAR-estimator:      0.00000        0.05000        0.6197         0.6197         0.6197         0.0087         0.0087 
BAR-estimator:      0.05000        0.10000        0.3459         0.9656         0.3459         0.0056         0.0103 
BAR-estimator:      0.10000        0.15000        0.2164         1.1820         0.2164         0.0046         0.0113 
BAR-estimator:      0.15000        0.20000        0.1439         1.3259         0.1439         0.0036         0.0118 
BAR-estimator:      0.20000        0.25000        0.1020         1.4279         0.1020         0.0034         0.0123 
BAR-estimator:      0.25000        0.30000        0.0760         1.5039         0.0760         0.0029         0.0127 
BAR-estimator:      0.30000        0.35000        0.0519         1.5558         0.0519         0.0027         0.0129 
BAR-estimator:      0.35000        0.40000        0.0267         1.5825         0.0267         0.0029         0.0133 
BAR-estimator:      0.40000        0.45000        0.0248         1.6073         0.0248         0.0024         0.0135 
BAR-estimator:      0.45000        0.50000        0.0041         1.6114         0.0041         0.0024         0.0137 
BAR-estimator:      0.50000        0.55000       -0.0660         1.5455        -0.0660         0.0029         0.0140 
BAR-estimator:      0.55000        0.60000       -0.1861         1.3593        -0.1861         0.0030         0.0143 
BAR-estimator:      0.60000        0.65000       -0.2870         1.0723        -0.2870         0.0030         0.0146 
BAR-estimator:      0.65000        0.70000       -0.3712         0.7011        -0.3712         0.0028         0.0149 
BAR-estimator:      0.70000        0.75000       -0.4432         0.2580        -0.4432         0.0022         0.0151 
BAR-estimator:      0.75000        0.80000       -0.5054        -0.2475        -0.5054         0.0027         0.0153 
BAR-estimator:      0.80000        0.85000       -0.5464        -0.7939        -0.5464         0.0028         0.0155 
BAR-estimator:      0.85000        0.90000       -0.5916        -1.3855        -0.5916         0.0030         0.0158 
BAR-estimator:      0.90000        0.95000       -0.6199        -2.0054        -0.6199         0.0024         0.0160 
BAR-estimator:      0.95000        1.00000       -0.6507        -2.6561        -0.6507         0.0027         0.0162 
BAR-estimator: total free energy change is -2.656103691314784 , total error is 0.016246782717257297
