#========================================================================================
#                     Free energy perturbation    
#----------------------------------------------------------------------------------------
#forward/backward          λ              ΔΔA                 ΔA                  δε   
#                                                 
#----------------------------------------------------------------------------------------
forward:               0.0000              0.0000              0.0000              0.0000  
forward:               0.0500              1.6942              1.6942              0.0102  
forward:               0.1000              0.9218              2.6160              0.0220  
forward:               0.1500              0.4480              3.0640              0.0251  
forward:               0.2000              0.1901              3.2541              0.0266  
forward:               0.2500              0.0612              3.3153              0.0272  
forward:               0.3000             -0.0116              3.3037              0.0279  
forward:               0.3500             -0.0613              3.2423              0.0284  
forward:               0.4000             -0.1163              3.1260              0.0288  
forward:               0.4500             -0.1446              2.9814              0.0294  
forward:               0.5000             -0.1786              2.8028              0.0298  
forward:               0.5500             -0.3536              2.4492              0.0305  
forward:               0.6000             -0.6496              1.7996              0.0312  
forward:               0.6500             -0.8993              0.9004              0.0321  
forward:               0.7000             -1.0874             -0.1870              0.0325  
forward:               0.7500             -1.2109             -1.3979              0.0333  
forward:               0.8000             -1.2849             -2.6829              0.0341  
forward:               0.8500             -1.3184             -4.0013              0.0346  
forward:               0.9000             -1.3166             -5.3178              0.0349  
forward:               0.9500             -1.3179             -6.6358              0.0352  
forward:               1.0000             -1.3141             -7.9499              0.0355  
backward:              1.0000              0.0000             -7.9499              0.0000  
backward:              0.9500              1.3204             -6.6295              0.0065  
backward:              0.9000              1.3205             -5.3090              0.0084  
backward:              0.8500              1.3229             -3.9861              0.0112  
backward:              0.8000              1.3081             -2.6780              0.0131  
backward:              0.7500              1.2873             -1.3907              0.0152  
backward:              0.7000              1.2085             -0.1822              0.0168  
backward:              0.6500              1.0582              0.8760              0.0184  
backward:              0.6000              0.8905              1.7666              0.0199  
backward:              0.5500              0.6432              2.4098              0.0213  
backward:              0.5000              0.3588              2.7686              0.0237  
backward:              0.4500              0.1828              2.9515              0.0242  
backward:              0.4000              0.1416              3.0931              0.0246  
backward:              0.3500              0.1051              3.1983              0.0254  
backward:              0.3000              0.0791              3.2774              0.0261  
backward:              0.2500              0.0152              3.2925              0.0272  
backward:              0.2000             -0.0633              3.2292              0.0306  
backward:              0.1500             -0.1766              3.0526              0.0322  
backward:              0.1000             -0.4134              2.6392              0.0356  
backward:              0.0500             -0.8951              1.7441              0.0441  
backward:              0.0000             -1.7463             -0.0021              0.0624  
Inaccuracy estimation
======================================================================================================
                   i        i+δi          P0_overlap_P1   δε(forward)/ε   δε(backward)/ε
======================================================================================================
inaccuracy:  0.00000        0.05000           34.10           -0.04            1.79
inaccuracy:  0.05000        0.10000           44.28           -0.06            1.13
inaccuracy:  0.10000        0.15000           55.68           -0.03            0.58
inaccuracy:  0.15000        0.20000           63.50           -0.03            0.32
inaccuracy:  0.20000        0.25000           67.36           -0.02            0.22
inaccuracy:  0.25000        0.30000           69.96           -0.02            0.16
inaccuracy:  0.30000        0.35000           70.29           -0.02            0.13
inaccuracy:  0.35000        0.40000           73.46           -0.02            0.10
inaccuracy:  0.40000        0.45000           74.52           -0.02            0.10
inaccuracy:  0.45000        0.50000           74.73           -0.01            0.09
inaccuracy:  0.50000        0.55000           61.72           -0.10            0.18
inaccuracy:  0.55000        0.60000           65.06           -0.14            0.09
inaccuracy:  0.60000        0.65000           65.35           -0.13            0.06
inaccuracy:  0.65000        0.70000           67.10           -0.13            0.03
inaccuracy:  0.70000        0.75000           65.34           -0.16            0.02
inaccuracy:  0.75000        0.80000           65.20           -0.15            0.02
inaccuracy:  0.80000        0.85000           65.95           -0.13            0.03
inaccuracy:  0.85000        0.90000           64.01           -0.15            0.03
inaccuracy:  0.90000        0.95000           63.93           -0.12            0.04
inaccuracy:  0.95000        1.00000           63.15           -0.13            0.04
===================================================================================================================================
                BAR        
-----------------------------------------------------------------------------------------------------------------------------------
BAR-estimator:         λ             λ+δλ          ΔΔA             ΔA            C               Δδe            δe       
                          
-----------------------------------------------------------------------------------------------------------------------------------
BAR-estimator:      0.00000        0.05000        1.7133         1.7133         1.7133         0.0131         0.0131 
BAR-estimator:      0.05000        0.10000        0.9067         2.6201         0.9067         0.0119         0.0177 
BAR-estimator:      0.10000        0.15000        0.4468         3.0669         0.4468         0.0101         0.0204 
BAR-estimator:      0.15000        0.20000        0.1876         3.2545         0.1876         0.0059         0.0213 
BAR-estimator:      0.20000        0.25000        0.0632         3.3178         0.0632         0.0046         0.0218 
BAR-estimator:      0.25000        0.30000       -0.0133         3.3045        -0.0133         0.0055         0.0224 
BAR-estimator:      0.30000        0.35000       -0.0681         3.2364        -0.0681         0.0033         0.0227 
BAR-estimator:      0.35000        0.40000       -0.1127         3.1237        -0.1127         0.0043         0.0231 
BAR-estimator:      0.40000        0.45000       -0.1444         2.9794        -0.1444         0.0031         0.0233 
BAR-estimator:      0.45000        0.50000       -0.1788         2.8006        -0.1788         0.0032         0.0235 
BAR-estimator:      0.50000        0.55000       -0.3562         2.4444        -0.3562         0.0043         0.0239 
BAR-estimator:      0.55000        0.60000       -0.6517         1.7927        -0.6517         0.0049         0.0244 
BAR-estimator:      0.60000        0.65000       -0.8919         0.9009        -0.8919         0.0044         0.0248 
BAR-estimator:      0.65000        0.70000       -1.0724        -0.1716        -1.0724         0.0045         0.0252 
BAR-estimator:      0.70000        0.75000       -1.2112        -1.3827        -1.2112         0.0048         0.0257 
BAR-estimator:      0.75000        0.80000       -1.2849        -2.6676        -1.2849         0.0042         0.0260 
BAR-estimator:      0.80000        0.85000       -1.3126        -3.9803        -1.3126         0.0043         0.0263 
BAR-estimator:      0.85000        0.90000       -1.3200        -5.3002        -1.3200         0.0041         0.0267 
BAR-estimator:      0.90000        0.95000       -1.3181        -6.6184        -1.3181         0.0032         0.0268 
BAR-estimator:      0.95000        1.00000       -1.3135        -7.9319        -1.3135         0.0043         0.0272 
BAR-estimator: total free energy change is -7.93189795489425 , total error is 0.027184790726278798
