#========================================================================================
#                     Free energy perturbation    
#----------------------------------------------------------------------------------------
#forward/backward          λ              ΔΔA                 ΔA                  δε   
#                                                 
#----------------------------------------------------------------------------------------
forward:               0.0000              0.0000              0.0000              0.0000  
forward:               0.0500              2.4256              2.4256              0.0398  
forward:               0.1000              1.3669              3.7925              0.0496  
forward:               0.1500              0.6384              4.4309              0.0519  
forward:               0.2000              0.2826              4.7135              0.0527  
forward:               0.2500              0.1248              4.8383              0.0534  
forward:               0.3000              0.0379              4.8762              0.0538  
forward:               0.3500             -0.0378              4.8384              0.0542  
forward:               0.4000             -0.0816              4.7568              0.0545  
forward:               0.4500             -0.1166              4.6402              0.0547  
forward:               0.5000             -0.1472              4.4930              0.0549  
forward:               0.5500             -0.2152              4.2779              0.0553  
forward:               0.6000             -0.3820              3.8958              0.0556  
forward:               0.6500             -0.5188              3.3770              0.0560  
forward:               0.7000             -0.6260              2.7510              0.0563  
forward:               0.7500             -0.7074              2.0435              0.0566  
forward:               0.8000             -0.7972              1.2464              0.0569  
forward:               0.8500             -0.8551              0.3913              0.0574  
forward:               0.9000             -0.9020             -0.5107              0.0576  
forward:               0.9500             -0.9393             -1.4500              0.0578  
forward:               1.0000             -0.9639             -2.4139              0.0580  
backward:              1.0000              0.0000             -2.4139              0.0000  
backward:              0.9500              0.9718             -1.4421              0.0056  
backward:              0.9000              0.9350             -0.5070              0.0084  
backward:              0.8500              0.9015              0.3945              0.0105  
backward:              0.8000              0.8398              1.2343              0.0128  
backward:              0.7500              0.7904              2.0247              0.0142  
backward:              0.7000              0.7150              2.7397              0.0154  
backward:              0.6500              0.6200              3.3597              0.0170  
backward:              0.6000              0.5137              3.8734              0.0182  
backward:              0.5500              0.3813              4.2546              0.0192  
backward:              0.5000              0.2083              4.4630              0.0211  
backward:              0.4500              0.1463              4.6092              0.0220  
backward:              0.4000              0.1100              4.7192              0.0229  
backward:              0.3500              0.0799              4.7991              0.0241  
backward:              0.3000              0.0220              4.8211              0.0251  
backward:              0.2500             -0.0311              4.7900              0.0265  
backward:              0.2000             -0.1396              4.6504              0.0292  
backward:              0.1500             -0.3124              4.3380              0.0340  
backward:              0.1000             -0.6149              3.7231              0.0403  
backward:              0.0500             -1.3500              2.3731              0.0662  
backward:              0.0000             -2.4353             -0.0623              0.0886  
Inaccuracy estimation
======================================================================================================
                   i        i+δi          P0_overlap_P1   δε(forward)/ε   δε(backward)/ε
======================================================================================================
inaccuracy:  0.00000        0.05000           27.66            0.07            3.02
inaccuracy:  0.05000        0.10000           35.20           -0.08            1.82
inaccuracy:  0.10000        0.15000           48.54           -0.04            0.84
inaccuracy:  0.15000        0.20000           59.51           -0.03            0.39
inaccuracy:  0.20000        0.25000           64.63           -0.02            0.26
inaccuracy:  0.25000        0.30000           65.78           -0.02            0.21
inaccuracy:  0.30000        0.35000           69.69           -0.02            0.15
inaccuracy:  0.35000        0.40000           70.34           -0.02            0.14
inaccuracy:  0.40000        0.45000           70.97           -0.02            0.12
inaccuracy:  0.45000        0.50000           71.15           -0.02            0.12
inaccuracy:  0.50000        0.55000           66.62           -0.07            0.15
inaccuracy:  0.55000        0.60000           67.70           -0.07            0.12
inaccuracy:  0.60000        0.65000           67.19           -0.08            0.09
inaccuracy:  0.65000        0.70000           68.89           -0.07            0.08
inaccuracy:  0.70000        0.75000           67.67           -0.07            0.07
inaccuracy:  0.75000        0.80000           68.47           -0.07            0.06
inaccuracy:  0.80000        0.85000           68.94           -0.08            0.06
inaccuracy:  0.85000        0.90000           67.74           -0.07            0.05
inaccuracy:  0.90000        0.95000           68.41           -0.09            0.05
inaccuracy:  0.95000        1.00000           67.97           -0.09            0.05
===================================================================================================================================
                BAR        
-----------------------------------------------------------------------------------------------------------------------------------
BAR-estimator:         λ             λ+δλ          ΔΔA             ΔA            C               Δδe            δe       
                          
-----------------------------------------------------------------------------------------------------------------------------------
BAR-estimator:      0.00000        0.05000        2.4562         2.4562         2.4562         0.0154         0.0154 
BAR-estimator:      0.05000        0.10000        1.3471         3.8033         1.3471         0.0160         0.0222 
BAR-estimator:      0.10000        0.15000        0.6362         4.4395         0.6362         0.0094         0.0241 
BAR-estimator:      0.15000        0.20000        0.2891         4.7287         0.2891         0.0065         0.0250 
BAR-estimator:      0.20000        0.25000        0.1323         4.8609         0.1323         0.0050         0.0255 
BAR-estimator:      0.25000        0.30000        0.0332         4.8941         0.0332         0.0045         0.0259 
BAR-estimator:      0.30000        0.35000       -0.0326         4.8615        -0.0326         0.0041         0.0262 
BAR-estimator:      0.35000        0.40000       -0.0813         4.7802        -0.0813         0.0040         0.0265 
BAR-estimator:      0.40000        0.45000       -0.1141         4.6661        -0.1141         0.0037         0.0268 
BAR-estimator:      0.45000        0.50000       -0.1488         4.5173        -0.1488         0.0036         0.0270 
BAR-estimator:      0.50000        0.55000       -0.2139         4.3033        -0.2139         0.0042         0.0273 
BAR-estimator:      0.55000        0.60000       -0.3789         3.9244        -0.3789         0.0035         0.0275 
BAR-estimator:      0.60000        0.65000       -0.5170         3.4074        -0.5170         0.0044         0.0279 
BAR-estimator:      0.65000        0.70000       -0.6206         2.7868        -0.6206         0.0044         0.0282 
BAR-estimator:      0.70000        0.75000       -0.7103         2.0765        -0.7103         0.0039         0.0285 
BAR-estimator:      0.75000        0.80000       -0.7932         1.2833        -0.7932         0.0041         0.0288 
BAR-estimator:      0.80000        0.85000       -0.8487         0.4347        -0.8487         0.0046         0.0292 
BAR-estimator:      0.85000        0.90000       -0.8997        -0.4650        -0.8997         0.0028         0.0293 
BAR-estimator:      0.90000        0.95000       -0.9352        -1.4003        -0.9352         0.0040         0.0296 
BAR-estimator:      0.95000        1.00000       -0.9649        -2.3652        -0.9649         0.0041         0.0298 
BAR-estimator: total free energy change is -2.3651944327554117 , total error is 0.029847410922095977
