#========================================================================================
#                     Free energy perturbation    
#----------------------------------------------------------------------------------------
#forward/backward          λ              ΔΔA                 ΔA                  δε   
#                                                 
#----------------------------------------------------------------------------------------
forward:               0.0000              0.0000              0.0000              0.0000  
forward:               0.0500              4.3315              4.3315              0.0558  
forward:               0.1000              2.2766              6.6081              0.0643  
forward:               0.1500              1.0757              7.6838              0.0697  
forward:               0.2000              0.4501              8.1339              0.0718  
forward:               0.2500              0.1499              8.2838              0.0727  
forward:               0.3000             -0.0279              8.2559              0.0732  
forward:               0.3500             -0.1475              8.1084              0.0736  
forward:               0.4000             -0.2154              7.8930              0.0739  
forward:               0.4500             -0.2662              7.6267              0.0741  
forward:               0.5000             -0.3069              7.3199              0.0743  
forward:               0.5500             -0.5390              6.7809              0.0747  
forward:               0.6000             -0.8861              5.8948              0.0750  
forward:               0.6500             -1.1916              4.7031              0.0754  
forward:               0.7000             -1.4607              3.2425              0.0758  
forward:               0.7500             -1.6544              1.5881              0.0762  
forward:               0.8000             -1.8472             -0.2591              0.0768  
forward:               0.8500             -1.9651             -2.2242              0.0772  
forward:               0.9000             -2.0711             -4.2953              0.0775  
forward:               0.9500             -2.1510             -6.4464              0.0778  
forward:               1.0000             -2.2469             -8.6932              0.0781  
backward:              1.0000              0.0000             -8.6932              0.0000  
backward:              0.9500              2.2643             -6.4290              0.0145  
backward:              0.9000              2.1666             -4.2624              0.0183  
backward:              0.8500              2.0971             -2.1653              0.0252  
backward:              0.8000              1.9762             -0.1891              0.0270  
backward:              0.7500              1.8341              1.6450              0.0288  
backward:              0.7000              1.6753              3.3203              0.0301  
backward:              0.6500              1.4457              4.7660              0.0331  
backward:              0.6000              1.1819              5.9479              0.0340  
backward:              0.5500              0.8762              6.8241              0.0352  
backward:              0.5000              0.5401              7.3642              0.0364  
backward:              0.4500              0.3185              7.6827              0.0369  
backward:              0.4000              0.2753              7.9579              0.0376  
backward:              0.3500              0.2099              8.1678              0.0386  
backward:              0.3000              0.1305              8.2984              0.0405  
backward:              0.2500              0.0148              8.3131              0.0420  
backward:              0.2000             -0.1251              8.1881              0.0445  
backward:              0.1500             -0.4788              7.7093              0.0513  
backward:              0.1000             -1.1084              6.6009              0.0663  
backward:              0.0500             -2.3078              4.2931              0.1204  
backward:              0.0000             -4.0371              0.2560              0.1412  
Inaccuracy estimation
======================================================================================================
                   i        i+δi          P0_overlap_P1   δε(forward)/ε   δε(backward)/ε
======================================================================================================
inaccuracy:  0.00000        0.05000           12.81            0.86            7.41
inaccuracy:  0.05000        0.10000           23.73           -0.04            3.52
inaccuracy:  0.10000        0.15000           38.15           -0.11            1.53
inaccuracy:  0.15000        0.20000           49.57           -0.09            0.72
inaccuracy:  0.20000        0.25000           55.34           -0.06            0.45
inaccuracy:  0.25000        0.30000           60.34           -0.05            0.29
inaccuracy:  0.30000        0.35000           63.48           -0.04            0.21
inaccuracy:  0.35000        0.40000           65.01           -0.05            0.18
inaccuracy:  0.40000        0.45000           65.32           -0.05            0.16
inaccuracy:  0.45000        0.50000           65.55           -0.06            0.15
inaccuracy:  0.50000        0.55000           58.20           -0.19            0.18
inaccuracy:  0.55000        0.60000           58.12           -0.21            0.11
inaccuracy:  0.60000        0.65000           59.59           -0.24            0.06
inaccuracy:  0.65000        0.70000           59.34           -0.26            0.03
inaccuracy:  0.70000        0.75000           57.96           -0.26           -0.01
inaccuracy:  0.75000        0.80000           60.32           -0.23           -0.03
inaccuracy:  0.80000        0.85000           58.21           -0.28           -0.04
inaccuracy:  0.85000        0.90000           57.37           -0.31           -0.07
inaccuracy:  0.90000        0.95000           57.05           -0.31           -0.07
inaccuracy:  0.95000        1.00000           56.72           -0.35           -0.08
===================================================================================================================================
                BAR        
-----------------------------------------------------------------------------------------------------------------------------------
BAR-estimator:         λ             λ+δλ          ΔΔA             ΔA            C               Δδe            δe       
                          
-----------------------------------------------------------------------------------------------------------------------------------
BAR-estimator:      0.00000        0.05000        4.2558         4.2558         4.2558         0.0227         0.0227 
BAR-estimator:      0.05000        0.10000        2.2634         6.5193         2.2634         0.0161         0.0278 
BAR-estimator:      0.10000        0.15000        1.0844         7.6036         1.0844         0.0143         0.0313 
BAR-estimator:      0.15000        0.20000        0.4555         8.0591         0.4555         0.0111         0.0332 
BAR-estimator:      0.20000        0.25000        0.1439         8.2030         0.1439         0.0075         0.0340 
BAR-estimator:      0.25000        0.30000       -0.0216         8.1814        -0.0216         0.0055         0.0345 
BAR-estimator:      0.30000        0.35000       -0.1424         8.0390        -0.1424         0.0062         0.0350 
BAR-estimator:      0.35000        0.40000       -0.2140         7.8250        -0.2140         0.0048         0.0354 
BAR-estimator:      0.40000        0.45000       -0.2680         7.5570        -0.2680         0.0041         0.0356 
BAR-estimator:      0.45000        0.50000       -0.3100         7.2469        -0.3100         0.0037         0.0358 
BAR-estimator:      0.50000        0.55000       -0.5432         6.7037        -0.5432         0.0044         0.0361 
BAR-estimator:      0.55000        0.60000       -0.8835         5.8202        -0.8835         0.0050         0.0364 
BAR-estimator:      0.60000        0.65000       -1.1853         4.6349        -1.1853         0.0054         0.0368 
BAR-estimator:      0.65000        0.70000       -1.4561         3.1788        -1.4561         0.0062         0.0373 
BAR-estimator:      0.70000        0.75000       -1.6690         1.5098        -1.6690         0.0057         0.0378 
BAR-estimator:      0.75000        0.80000       -1.8373        -0.3275        -1.8373         0.0053         0.0381 
BAR-estimator:      0.80000        0.85000       -1.9717        -2.2992        -1.9717         0.0057         0.0385 
BAR-estimator:      0.85000        0.90000       -2.0812        -4.3805        -2.0812         0.0060         0.0390 
BAR-estimator:      0.90000        0.95000       -2.1603        -6.5408        -2.1603         0.0052         0.0394 
BAR-estimator:      0.95000        1.00000       -2.2555        -8.7963        -2.2555         0.0053         0.0397 
BAR-estimator: total free energy change is -8.79628678315446 , total error is 0.03970559116796789
