#========================================================================================
#                     Free energy perturbation    
#----------------------------------------------------------------------------------------
#forward/backward          λ              ΔΔA                 ΔA                  δε   
#                                                 
#----------------------------------------------------------------------------------------
forward:               0.0000              0.0000              0.0000              0.0000  
forward:               0.0500              1.6472              1.6472              0.0225  
forward:               0.1000              0.9085              2.5556              0.0276  
forward:               0.1500              0.4399              2.9956              0.0304  
forward:               0.2000              0.2512              3.2467              0.0318  
forward:               0.2500              0.1454              3.3921              0.0325  
forward:               0.3000              0.0722              3.4643              0.0330  
forward:               0.3500              0.0247              3.4890              0.0335  
forward:               0.4000             -0.0059              3.4831              0.0339  
forward:               0.4500             -0.0381              3.4450              0.0341  
forward:               0.5000             -0.0590              3.3860              0.0344  
forward:               0.5500             -0.1325              3.2535              0.0350  
forward:               0.6000             -0.2953              2.9582              0.0355  
forward:               0.6500             -0.4641              2.4941              0.0360  
forward:               0.7000             -0.6069              1.8872              0.0366  
forward:               0.7500             -0.7189              1.1683              0.0371  
forward:               0.8000             -0.7942              0.3742              0.0374  
forward:               0.8500             -0.8232             -0.4490              0.0378  
forward:               0.9000             -0.8460             -1.2951              0.0381  
forward:               0.9500             -0.8482             -2.1433              0.0384  
forward:               1.0000             -0.8511             -2.9944              0.0388  
backward:              1.0000              0.0000             -2.9944              0.0000  
backward:              0.9500              0.8534             -2.1410              0.0060  
backward:              0.9000              0.8545             -1.2865              0.0080  
backward:              0.8500              0.8488             -0.4377              0.0108  
backward:              0.8000              0.8354              0.3976              0.0123  
backward:              0.7500              0.7882              1.1858              0.0140  
backward:              0.7000              0.7159              1.9017              0.0157  
backward:              0.6500              0.5960              2.4977              0.0177  
backward:              0.6000              0.4525              2.9501              0.0188  
backward:              0.5500              0.3085              3.2586              0.0198  
backward:              0.5000              0.1330              3.3916              0.0207  
backward:              0.4500              0.0620              3.4536              0.0214  
backward:              0.4000              0.0273              3.4809              0.0222  
backward:              0.3500              0.0085              3.4895              0.0232  
backward:              0.3000             -0.0413              3.4482              0.0247  
backward:              0.2500             -0.0806              3.3676              0.0256  
backward:              0.2000             -0.1281              3.2394              0.0267  
backward:              0.1500             -0.2631              2.9763              0.0292  
backward:              0.1000             -0.4810              2.4953              0.0332  
backward:              0.0500             -0.8679              1.6274              0.0418  
backward:              0.0000             -1.6491             -0.0216              0.0656  
Inaccuracy estimation
======================================================================================================
                   i        i+δi          P0_overlap_P1   δε(forward)/ε   δε(backward)/ε
======================================================================================================
inaccuracy:  0.00000        0.05000           35.65           -0.04            1.77
inaccuracy:  0.05000        0.10000           46.01           -0.05            1.08
inaccuracy:  0.10000        0.15000           59.86           -0.02            0.49
inaccuracy:  0.15000        0.20000           65.46           -0.01            0.30
inaccuracy:  0.20000        0.25000           67.63           -0.02            0.21
inaccuracy:  0.25000        0.30000           71.51           -0.01            0.17
inaccuracy:  0.30000        0.35000           72.25           -0.02            0.13
inaccuracy:  0.35000        0.40000           72.49           -0.01            0.13
inaccuracy:  0.40000        0.45000           74.08           -0.01            0.10
inaccuracy:  0.45000        0.50000           73.72           -0.01            0.10
inaccuracy:  0.50000        0.55000           67.62           -0.06            0.13
inaccuracy:  0.55000        0.60000           66.97           -0.08            0.11
inaccuracy:  0.60000        0.65000           68.62           -0.08            0.09
inaccuracy:  0.65000        0.70000           68.20           -0.08            0.07
inaccuracy:  0.70000        0.75000           67.83           -0.08            0.06
inaccuracy:  0.75000        0.80000           68.83           -0.08            0.06
inaccuracy:  0.80000        0.85000           67.99           -0.08            0.06
inaccuracy:  0.85000        0.90000           68.24           -0.08            0.06
inaccuracy:  0.90000        0.95000           67.95           -0.08            0.06
inaccuracy:  0.95000        1.00000           67.88           -0.08            0.06
===================================================================================================================================
                BAR        
-----------------------------------------------------------------------------------------------------------------------------------
BAR-estimator:         λ             λ+δλ          ΔΔA             ΔA            C               Δδe            δe       
                          
-----------------------------------------------------------------------------------------------------------------------------------
BAR-estimator:      0.00000        0.05000        1.6211         1.6211         1.6211         0.0132         0.0132 
BAR-estimator:      0.05000        0.10000        0.8949         2.5159         0.8949         0.0096         0.0164 
BAR-estimator:      0.10000        0.15000        0.4552         2.9711         0.4552         0.0079         0.0182 
BAR-estimator:      0.15000        0.20000        0.2602         3.2313         0.2602         0.0056         0.0190 
BAR-estimator:      0.20000        0.25000        0.1410         3.3723         0.1410         0.0047         0.0196 
BAR-estimator:      0.25000        0.30000        0.0765         3.4488         0.0765         0.0044         0.0201 
BAR-estimator:      0.30000        0.35000        0.0265         3.4753         0.0265         0.0040         0.0205 
BAR-estimator:      0.35000        0.40000       -0.0062         3.4691        -0.0062         0.0038         0.0208 
BAR-estimator:      0.40000        0.45000       -0.0343         3.4348        -0.0343         0.0030         0.0210 
BAR-estimator:      0.45000        0.50000       -0.0608         3.3739        -0.0608         0.0030         0.0213 
BAR-estimator:      0.50000        0.55000       -0.1309         3.2430        -0.1309         0.0041         0.0217 
BAR-estimator:      0.55000        0.60000       -0.3003         2.9427        -0.3003         0.0040         0.0220 
BAR-estimator:      0.60000        0.65000       -0.4558         2.4869        -0.4558         0.0041         0.0224 
BAR-estimator:      0.65000        0.70000       -0.6062         1.8807        -0.6062         0.0043         0.0228 
BAR-estimator:      0.70000        0.75000       -0.7183         1.1624        -0.7183         0.0037         0.0231 
BAR-estimator:      0.75000        0.80000       -0.7902         0.3722        -0.7902         0.0037         0.0234 
BAR-estimator:      0.80000        0.85000       -0.8276        -0.4553        -0.8276         0.0038         0.0237 
BAR-estimator:      0.85000        0.90000       -0.8488        -1.3041        -0.8488         0.0039         0.0240 
BAR-estimator:      0.90000        0.95000       -0.8513        -2.1555        -0.8513         0.0039         0.0243 
BAR-estimator:      0.95000        1.00000       -0.8505        -3.0059        -0.8505         0.0047         0.0248 
BAR-estimator: total free energy change is -3.005924721525132 , total error is 0.024802761794471884
