#========================================================================================
#                     Free energy perturbation    
#----------------------------------------------------------------------------------------
#forward/backward          λ              ΔΔA                 ΔA                  δε   
#                                                 
#----------------------------------------------------------------------------------------
forward:               0.0000              0.0000              0.0000              0.0000  
forward:               0.0500              2.9750              2.9750              0.0376  
forward:               0.1000              1.6950              4.6700              0.0482  
forward:               0.1500              0.7654              5.4354              0.0522  
forward:               0.2000              0.2750              5.7104              0.0534  
forward:               0.2500              0.0379              5.7483              0.0542  
forward:               0.3000             -0.1003              5.6480              0.0547  
forward:               0.3500             -0.1803              5.4677              0.0553  
forward:               0.4000             -0.2589              5.2088              0.0556  
forward:               0.4500             -0.3127              4.8961              0.0559  
forward:               0.5000             -0.3383              4.5578              0.0561  
forward:               0.5500             -0.4552              4.1026              0.0565  
forward:               0.6000             -0.5852              3.5173              0.0567  
forward:               0.6500             -0.6581              2.8593              0.0570  
forward:               0.7000             -0.7219              2.1373              0.0572  
forward:               0.7500             -0.7558              1.3815              0.0574  
forward:               0.8000             -0.7702              0.6113              0.0576  
forward:               0.8500             -0.7917             -0.1804              0.0578  
forward:               0.9000             -0.8057             -0.9861              0.0580  
forward:               0.9500             -0.8069             -1.7930              0.0581  
forward:               1.0000             -0.8251             -2.6181              0.0583  
backward:              1.0000              0.0000             -2.6181              0.0000  
backward:              0.9500              0.8100             -1.8080              0.0057  
backward:              0.9000              0.7992             -1.0089              0.0086  
backward:              0.8500              0.8146             -0.1942              0.0102  
backward:              0.8000              0.7904              0.5961              0.0117  
backward:              0.7500              0.7774              1.3735              0.0131  
backward:              0.7000              0.7580              2.1316              0.0142  
backward:              0.6500              0.7194              2.8510              0.0154  
backward:              0.6000              0.6693              3.5202              0.0163  
backward:              0.5500              0.5797              4.0999              0.0175  
backward:              0.5000              0.4344              4.5343              0.0191  
backward:              0.4500              0.3369              4.8712              0.0202  
backward:              0.4000              0.2970              5.1682              0.0212  
backward:              0.3500              0.2549              5.4231              0.0225  
backward:              0.3000              0.1724              5.5955              0.0250  
backward:              0.2500              0.0988              5.6943              0.0275  
backward:              0.2000             -0.0306              5.6637              0.0311  
backward:              0.1500             -0.2564              5.4073              0.0366  
backward:              0.1000             -0.7796              4.6277              0.0630  
backward:              0.0500             -1.5463              3.0813              0.0737  
backward:              0.0000             -2.9819              0.0994              0.1360  
Inaccuracy estimation
======================================================================================================
                   i        i+δi          P0_overlap_P1   δε(forward)/ε   δε(backward)/ε
======================================================================================================
inaccuracy:  0.00000        0.05000           22.36            0.19            3.92
inaccuracy:  0.05000        0.10000           29.22           -0.11            2.49
inaccuracy:  0.10000        0.15000           41.74           -0.11            1.19
inaccuracy:  0.15000        0.20000           52.32           -0.08            0.60
inaccuracy:  0.20000        0.25000           58.65           -0.06            0.35
inaccuracy:  0.25000        0.30000           62.11           -0.05            0.23
inaccuracy:  0.30000        0.35000           64.38           -0.05            0.20
inaccuracy:  0.35000        0.40000           66.38           -0.03            0.16
inaccuracy:  0.40000        0.45000           68.24           -0.04            0.14
inaccuracy:  0.45000        0.50000           68.17           -0.05            0.12
inaccuracy:  0.50000        0.55000           64.79           -0.07            0.15
inaccuracy:  0.55000        0.60000           65.84           -0.08            0.11
inaccuracy:  0.60000        0.65000           65.95           -0.09            0.09
inaccuracy:  0.65000        0.70000           66.88           -0.07            0.08
inaccuracy:  0.70000        0.75000           67.51           -0.07            0.08
inaccuracy:  0.75000        0.80000           66.40           -0.07            0.08
inaccuracy:  0.80000        0.85000           66.57           -0.08            0.08
inaccuracy:  0.85000        0.90000           66.16           -0.09            0.08
inaccuracy:  0.90000        0.95000           66.09           -0.08            0.08
inaccuracy:  0.95000        1.00000           66.14           -0.09            0.08
===================================================================================================================================
                BAR        
-----------------------------------------------------------------------------------------------------------------------------------
BAR-estimator:         λ             λ+δλ          ΔΔA             ΔA            C               Δδe            δe       
                          
-----------------------------------------------------------------------------------------------------------------------------------
BAR-estimator:      0.00000        0.05000        2.9830         2.9830         2.9830         0.0153         0.0153 
BAR-estimator:      0.05000        0.10000        1.6487         4.6317         1.6487         0.0144         0.0210 
BAR-estimator:      0.10000        0.15000        0.7562         5.3880         0.7562         0.0112         0.0238 
BAR-estimator:      0.15000        0.20000        0.2686         5.6565         0.2686         0.0073         0.0249 
BAR-estimator:      0.20000        0.25000        0.0362         5.6927         0.0362         0.0059         0.0256 
BAR-estimator:      0.25000        0.30000       -0.1023         5.5903        -0.1023         0.0050         0.0261 
BAR-estimator:      0.30000        0.35000       -0.1809         5.4095        -0.1809         0.0050         0.0266 
BAR-estimator:      0.35000        0.40000       -0.2556         5.1538        -0.2556         0.0039         0.0269 
BAR-estimator:      0.40000        0.45000       -0.3055         4.8483        -0.3055         0.0039         0.0271 
BAR-estimator:      0.45000        0.50000       -0.3390         4.5094        -0.3390         0.0036         0.0274 
BAR-estimator:      0.50000        0.55000       -0.4487         4.0607        -0.4487         0.0039         0.0277 
BAR-estimator:      0.55000        0.60000       -0.5839         3.4768        -0.5839         0.0037         0.0279 
BAR-estimator:      0.60000        0.65000       -0.6614         2.8154        -0.6614         0.0039         0.0282 
BAR-estimator:      0.65000        0.70000       -0.7214         2.0940        -0.7214         0.0038         0.0284 
BAR-estimator:      0.70000        0.75000       -0.7533         1.3407        -0.7533         0.0038         0.0287 
BAR-estimator:      0.75000        0.80000       -0.7727         0.5680        -0.7727         0.0038         0.0289 
BAR-estimator:      0.80000        0.85000       -0.7920        -0.2240        -0.7920         0.0039         0.0292 
BAR-estimator:      0.85000        0.90000       -0.8097        -1.0337        -0.8097         0.0034         0.0294 
BAR-estimator:      0.90000        0.95000       -0.8051        -1.8387        -0.8051         0.0039         0.0296 
BAR-estimator:      0.95000        1.00000       -0.8212        -2.6600        -0.8212         0.0040         0.0299 
BAR-estimator: total free energy change is -2.6599737079250287 , total error is 0.029922706991680745
