#========================================================================================
#                     Free energy perturbation    
#----------------------------------------------------------------------------------------
#forward/backward          λ              ΔΔA                 ΔA                  δε   
#                                                 
#----------------------------------------------------------------------------------------
forward:               0.0000              0.0000              0.0000              0.0000  
forward:               0.0500              1.5331              1.5331              0.0203  
forward:               0.1000              0.9290              2.4621              0.0242  
forward:               0.1500              0.5186              2.9807              0.0254  
forward:               0.2000              0.3135              3.2942              0.0273  
forward:               0.2500              0.2048              3.4990              0.0280  
forward:               0.3000              0.1269              3.6259              0.0287  
forward:               0.3500              0.0752              3.7011              0.0292  
forward:               0.4000              0.0253              3.7264              0.0297  
forward:               0.4500              0.0076              3.7340              0.0301  
forward:               0.5000             -0.0276              3.7064              0.0304  
forward:               0.5500             -0.0965              3.6099              0.0306  
forward:               0.6000             -0.2496              3.3603              0.0313  
forward:               0.6500             -0.4273              2.9330              0.0329  
forward:               0.7000             -0.6270              2.3060              0.0343  
forward:               0.7500             -0.7227              1.5833              0.0350  
forward:               0.8000             -0.7549              0.8284              0.0353  
forward:               0.8500             -0.7173              0.1111              0.0356  
forward:               0.9000             -0.6722             -0.5611              0.0359  
forward:               0.9500             -0.6429             -1.2040              0.0362  
forward:               1.0000             -0.6098             -1.8138              0.0365  
backward:              1.0000              0.0000             -1.8138              0.0000  
backward:              0.9500              0.6164             -1.1974              0.0060  
backward:              0.9000              0.6450             -0.5524              0.0084  
backward:              0.8500              0.6797              0.1273              0.0103  
backward:              0.8000              0.7128              0.8401              0.0118  
backward:              0.7500              0.7320              1.5720              0.0140  
backward:              0.7000              0.7187              2.2907              0.0160  
backward:              0.6500              0.6253              2.9160              0.0188  
backward:              0.6000              0.4340              3.3500              0.0211  
backward:              0.5500              0.2562              3.6063              0.0220  
backward:              0.5000              0.1111              3.7174              0.0230  
backward:              0.4500              0.0179              3.7353              0.0239  
backward:              0.4000              0.0007              3.7360              0.0247  
backward:              0.3500             -0.0254              3.7106              0.0254  
backward:              0.3000             -0.0928              3.6177              0.0276  
backward:              0.2500             -0.1180              3.4997              0.0293  
backward:              0.2000             -0.2117              3.2880              0.0310  
backward:              0.1500             -0.3349              2.9531              0.0331  
backward:              0.1000             -0.5333              2.4198              0.0370  
backward:              0.0500             -0.9495              1.4703              0.0537  
backward:              0.0000             -1.5349             -0.0646              0.0619  
Inaccuracy estimation
======================================================================================================
                   i        i+δi          P0_overlap_P1   δε(forward)/ε   δε(backward)/ε
======================================================================================================
inaccuracy:  0.00000        0.05000           38.17           -0.04            1.62
inaccuracy:  0.05000        0.10000           47.66           -0.04            0.98
inaccuracy:  0.10000        0.15000           56.76           -0.02            0.55
inaccuracy:  0.15000        0.20000           63.61           -0.03            0.35
inaccuracy:  0.20000        0.25000           65.65           -0.02            0.26
inaccuracy:  0.25000        0.30000           66.62           -0.02            0.20
inaccuracy:  0.30000        0.35000           70.14           -0.02            0.17
inaccuracy:  0.35000        0.40000           70.88           -0.01            0.16
inaccuracy:  0.40000        0.45000           70.63           -0.02            0.14
inaccuracy:  0.45000        0.50000           72.48           -0.02            0.13
inaccuracy:  0.50000        0.55000           66.82           -0.08            0.15
inaccuracy:  0.55000        0.60000           66.72           -0.10            0.13
inaccuracy:  0.60000        0.65000           63.93           -0.12            0.11
inaccuracy:  0.65000        0.70000           64.40           -0.09            0.10
inaccuracy:  0.70000        0.75000           66.04           -0.07            0.09
inaccuracy:  0.75000        0.80000           68.35           -0.08            0.08
inaccuracy:  0.80000        0.85000           67.80           -0.06            0.09
inaccuracy:  0.85000        0.90000           66.25           -0.07            0.09
inaccuracy:  0.90000        0.95000           65.89           -0.07            0.11
inaccuracy:  0.95000        1.00000           65.45           -0.08            0.11
===================================================================================================================================
                BAR        
-----------------------------------------------------------------------------------------------------------------------------------
BAR-estimator:         λ             λ+δλ          ΔΔA             ΔA            C               Δδe            δe       
                          
-----------------------------------------------------------------------------------------------------------------------------------
BAR-estimator:      0.00000        0.05000        1.5369         1.5369         1.5369         0.0098         0.0098 
BAR-estimator:      0.05000        0.10000        0.9287         2.4655         0.9287         0.0080         0.0126 
BAR-estimator:      0.10000        0.15000        0.5310         2.9965         0.5310         0.0055         0.0138 
BAR-estimator:      0.15000        0.20000        0.3265         3.3230         0.3265         0.0060         0.0150 
BAR-estimator:      0.20000        0.25000        0.2046         3.5277         0.2046         0.0046         0.0157 
BAR-estimator:      0.25000        0.30000        0.1211         3.6487         0.1211         0.0044         0.0163 
BAR-estimator:      0.30000        0.35000        0.0775         3.7262         0.0775         0.0045         0.0169 
BAR-estimator:      0.35000        0.40000        0.0283         3.7544         0.0283         0.0045         0.0175 
BAR-estimator:      0.40000        0.45000        0.0040         3.7585         0.0040         0.0037         0.0179 
BAR-estimator:      0.45000        0.50000       -0.0262         3.7323        -0.0262         0.0032         0.0182 
BAR-estimator:      0.50000        0.55000       -0.1017         3.6305        -0.1017         0.0039         0.0186 
BAR-estimator:      0.55000        0.60000       -0.2514         3.3791        -0.2514         0.0041         0.0190 
BAR-estimator:      0.60000        0.65000       -0.4325         2.9467        -0.4325         0.0044         0.0195 
BAR-estimator:      0.65000        0.70000       -0.6266         2.3200        -0.6266         0.0054         0.0203 
BAR-estimator:      0.70000        0.75000       -0.7183         1.6017        -0.7183         0.0055         0.0210 
BAR-estimator:      0.75000        0.80000       -0.7467         0.8550        -0.7467         0.0038         0.0213 
BAR-estimator:      0.80000        0.85000       -0.7135         0.1416        -0.7135         0.0032         0.0216 
BAR-estimator:      0.85000        0.90000       -0.6783        -0.5368        -0.6783         0.0029         0.0218 
BAR-estimator:      0.90000        0.95000       -0.6395        -1.1762        -0.6395         0.0038         0.0221 
BAR-estimator:      0.95000        1.00000       -0.6119        -1.7881        -0.6119         0.0048         0.0226 
BAR-estimator: total free energy change is -1.788134104324361 , total error is 0.022598334594459597
