#========================================================================================
#                     Free energy perturbation    
#----------------------------------------------------------------------------------------
#forward/backward          λ              ΔΔA                 ΔA                  δε   
#                                                 
#----------------------------------------------------------------------------------------
forward:               0.0000              0.0000              0.0000              0.0000  
forward:               0.0500              1.3293              1.3293              0.0200  
forward:               0.1000              0.7327              2.0620              0.0245  
forward:               0.1500              0.3904              2.4524              0.0271  
forward:               0.2000              0.1658              2.6182              0.0285  
forward:               0.2500              0.0381              2.6563              0.0296  
forward:               0.3000             -0.0448              2.6115              0.0301  
forward:               0.3500             -0.1120              2.4996              0.0306  
forward:               0.4000             -0.1444              2.3551              0.0311  
forward:               0.4500             -0.1868              2.1683              0.0315  
forward:               0.5000             -0.2112              1.9571              0.0318  
forward:               0.5500             -0.3363              1.6208              0.0322  
forward:               0.6000             -0.5231              1.0977              0.0326  
forward:               0.6500             -0.6543              0.4434              0.0330  
forward:               0.7000             -0.7648             -0.3214              0.0333  
forward:               0.7500             -0.8499             -1.1713              0.0336  
forward:               0.8000             -0.9259             -2.0972              0.0338  
forward:               0.8500             -0.9692             -3.0664              0.0341  
forward:               0.9000             -1.0169             -4.0832              0.0344  
forward:               0.9500             -1.0513             -5.1345              0.0347  
forward:               1.0000             -1.0819             -6.2164              0.0349  
backward:              1.0000              0.0000             -6.2164              0.0000  
backward:              0.9500              1.0911             -5.1253              0.0058  
backward:              0.9000              1.0617             -4.0636              0.0080  
backward:              0.8500              1.0255             -3.0381              0.0095  
backward:              0.8000              0.9719             -2.0662              0.0111  
backward:              0.7500              0.9239             -1.1423              0.0122  
backward:              0.7000              0.8408             -0.3014              0.0132  
backward:              0.6500              0.7601              0.4586              0.0144  
backward:              0.6000              0.6551              1.1137              0.0154  
backward:              0.5500              0.5194              1.6332              0.0163  
backward:              0.5000              0.3387              1.9719              0.0177  
backward:              0.4500              0.2178              2.1897              0.0184  
backward:              0.4000              0.1791              2.3688              0.0194  
backward:              0.3500              0.1573              2.5261              0.0203  
backward:              0.3000              0.1130              2.6391              0.0214  
backward:              0.2500              0.0418              2.6809              0.0228  
backward:              0.2000             -0.0448              2.6361              0.0244  
backward:              0.1500             -0.1615              2.4746              0.0266  
backward:              0.1000             -0.3845              2.0901              0.0342  
backward:              0.0500             -0.7816              1.3085              0.0563  
backward:              0.0000             -1.1912              0.1173              0.0603  
Inaccuracy estimation
======================================================================================================
                   i        i+δi          P0_overlap_P1   δε(forward)/ε   δε(backward)/ε
======================================================================================================
inaccuracy:  0.00000        0.05000           38.35           -0.05            1.46
inaccuracy:  0.05000        0.10000           48.79           -0.04            0.93
inaccuracy:  0.10000        0.15000           56.04           -0.03            0.50
inaccuracy:  0.15000        0.20000           62.59           -0.02            0.30
inaccuracy:  0.20000        0.25000           67.31           -0.02            0.23
inaccuracy:  0.25000        0.30000           68.88           -0.02            0.17
inaccuracy:  0.30000        0.35000           71.53           -0.02            0.13
inaccuracy:  0.35000        0.40000           71.41           -0.02            0.13
inaccuracy:  0.40000        0.45000           72.97           -0.02            0.11
inaccuracy:  0.45000        0.50000           72.83           -0.02            0.10
inaccuracy:  0.50000        0.55000           66.17           -0.08            0.13
inaccuracy:  0.55000        0.60000           68.41           -0.07            0.08
inaccuracy:  0.60000        0.65000           68.34           -0.07            0.07
inaccuracy:  0.65000        0.70000           69.25           -0.08            0.06
inaccuracy:  0.70000        0.75000           69.98           -0.07            0.05
inaccuracy:  0.75000        0.80000           69.63           -0.08            0.04
inaccuracy:  0.80000        0.85000           68.77           -0.08            0.04
inaccuracy:  0.85000        0.90000           68.41           -0.11            0.03
inaccuracy:  0.90000        0.95000           67.82           -0.09            0.03
inaccuracy:  0.95000        1.00000           67.23           -0.09            0.03
===================================================================================================================================
                BAR        
-----------------------------------------------------------------------------------------------------------------------------------
BAR-estimator:         λ             λ+δλ          ΔΔA             ΔA            C               Δδe            δe       
                          
-----------------------------------------------------------------------------------------------------------------------------------
BAR-estimator:      0.00000        0.05000        1.3001         1.3001         1.3001         0.0105         0.0105 
BAR-estimator:      0.05000        0.10000        0.7526         2.0527         0.7526         0.0094         0.0141 
BAR-estimator:      0.10000        0.15000        0.3800         2.4328         0.3800         0.0074         0.0159 
BAR-estimator:      0.15000        0.20000        0.1581         2.5909         0.1581         0.0058         0.0169 
BAR-estimator:      0.20000        0.25000        0.0437         2.6346         0.0437         0.0053         0.0177 
BAR-estimator:      0.25000        0.30000       -0.0466         2.5880        -0.0466         0.0041         0.0182 
BAR-estimator:      0.30000        0.35000       -0.1102         2.4778        -0.1102         0.0043         0.0187 
BAR-estimator:      0.35000        0.40000       -0.1469         2.3309        -0.1469         0.0036         0.0190 
BAR-estimator:      0.40000        0.45000       -0.1841         2.1468        -0.1841         0.0032         0.0193 
BAR-estimator:      0.45000        0.50000       -0.2130         1.9339        -0.2130         0.0030         0.0195 
BAR-estimator:      0.50000        0.55000       -0.3388         1.5951        -0.3388         0.0037         0.0199 
BAR-estimator:      0.55000        0.60000       -0.5241         1.0710        -0.5241         0.0032         0.0201 
BAR-estimator:      0.60000        0.65000       -0.6544         0.4166        -0.6544         0.0035         0.0204 
BAR-estimator:      0.65000        0.70000       -0.7638        -0.3472        -0.7638         0.0035         0.0207 
BAR-estimator:      0.70000        0.75000       -0.8458        -1.1930        -0.8458         0.0035         0.0210 
BAR-estimator:      0.75000        0.80000       -0.9233        -2.1163        -0.9233         0.0034         0.0213 
BAR-estimator:      0.80000        0.85000       -0.9714        -3.0877        -0.9714         0.0032         0.0216 
BAR-estimator:      0.85000        0.90000       -1.0220        -4.1097        -1.0220         0.0032         0.0218 
BAR-estimator:      0.90000        0.95000       -1.0551        -5.1648        -1.0551         0.0037         0.0221 
BAR-estimator:      0.95000        1.00000       -1.0889        -6.2538        -1.0889         0.0038         0.0224 
BAR-estimator: total free energy change is -6.253782653108167 , total error is 0.022425499098345483
