#========================================================================================
#                     Free energy perturbation    
#----------------------------------------------------------------------------------------
#forward/backward          λ              ΔΔA                 ΔA                  δε   
#                                                 
#----------------------------------------------------------------------------------------
forward:               0.0000              0.0000              0.0000              0.0000  
forward:               0.0500              2.1036              2.1036              0.0337  
forward:               0.1000              1.2271              3.3307              0.0415  
forward:               0.1500              0.6349              3.9655              0.0443  
forward:               0.2000              0.3469              4.3125              0.0470  
forward:               0.2500              0.1775              4.4900              0.0483  
forward:               0.3000              0.0844              4.5744              0.0489  
forward:               0.3500              0.0320              4.6064              0.0501  
forward:               0.4000             -0.0215              4.5849              0.0507  
forward:               0.4500             -0.0599              4.5250              0.0510  
forward:               0.5000             -0.0811              4.4439              0.0512  
forward:               0.5500             -0.1169              4.3270              0.0515  
forward:               0.6000             -0.2139              4.1131              0.0519  
forward:               0.6500             -0.3041              3.8090              0.0521  
forward:               0.7000             -0.3723              3.4367              0.0525  
forward:               0.7500             -0.4400              2.9967              0.0528  
forward:               0.8000             -0.4935              2.5032              0.0530  
forward:               0.8500             -0.5170              1.9861              0.0533  
forward:               0.9000             -0.5565              1.4296              0.0536  
forward:               0.9500             -0.5671              0.8626              0.0538  
forward:               1.0000             -0.5778              0.2847              0.0540  
backward:              1.0000              0.0000              0.2847              0.0000  
backward:              0.9500              0.5832              0.8680              0.0057  
backward:              0.9000              0.5708              1.4387              0.0081  
backward:              0.8500              0.5530              1.9917              0.0098  
backward:              0.8000              0.5184              2.5101              0.0118  
backward:              0.7500              0.4817              2.9918              0.0135  
backward:              0.7000              0.4367              3.4285              0.0147  
backward:              0.6500              0.3793              3.8078              0.0158  
backward:              0.6000              0.3080              4.1158              0.0168  
backward:              0.5500              0.2174              4.3333              0.0180  
backward:              0.5000              0.1116              4.4448              0.0218  
backward:              0.4500              0.0736              4.5184              0.0225  
backward:              0.4000              0.0480              4.5664              0.0234  
backward:              0.3500              0.0229              4.5892              0.0247  
backward:              0.3000             -0.0245              4.5647              0.0260  
backward:              0.2500             -0.1053              4.4594              0.0281  
backward:              0.2000             -0.1789              4.2805              0.0300  
backward:              0.1500             -0.3214              3.9591              0.0328  
backward:              0.1000             -0.6400              3.3191              0.0373  
backward:              0.0500             -1.2437              2.0754              0.0595  
backward:              0.0000             -2.0753              0.0001              0.0718  
Inaccuracy estimation
======================================================================================================
                   i        i+δi          P0_overlap_P1   δε(forward)/ε   δε(backward)/ε
======================================================================================================
inaccuracy:  0.00000        0.05000           30.43            0.01            2.42
inaccuracy:  0.05000        0.10000           39.40           -0.06            1.63
inaccuracy:  0.10000        0.15000           51.16           -0.03            0.76
inaccuracy:  0.15000        0.20000           58.34           -0.03            0.45
inaccuracy:  0.20000        0.25000           64.07           -0.03            0.28
inaccuracy:  0.25000        0.30000           67.48           -0.01            0.21
inaccuracy:  0.30000        0.35000           67.52           -0.02            0.18
inaccuracy:  0.35000        0.40000           69.55           -0.02            0.15
inaccuracy:  0.40000        0.45000           71.37           -0.02            0.13
inaccuracy:  0.45000        0.50000           72.34           -0.02            0.13
inaccuracy:  0.50000        0.55000           68.04           -0.05            0.14
inaccuracy:  0.55000        0.60000           68.19           -0.05            0.12
inaccuracy:  0.60000        0.65000           69.49           -0.05            0.11
inaccuracy:  0.65000        0.70000           68.97           -0.06            0.10
inaccuracy:  0.70000        0.75000           69.81           -0.06            0.09
inaccuracy:  0.75000        0.80000           70.89           -0.05            0.08
inaccuracy:  0.80000        0.85000           69.40           -0.06            0.08
inaccuracy:  0.85000        0.90000           70.09           -0.05            0.08
inaccuracy:  0.90000        0.95000           68.70           -0.05            0.09
inaccuracy:  0.95000        1.00000           68.42           -0.07            0.09
===================================================================================================================================
                BAR        
-----------------------------------------------------------------------------------------------------------------------------------
BAR-estimator:         λ             λ+δλ          ΔΔA             ΔA            C               Δδe            δe       
                          
-----------------------------------------------------------------------------------------------------------------------------------
BAR-estimator:      0.00000        0.05000        2.1037         2.1037         2.1037         0.0149         0.0149 
BAR-estimator:      0.05000        0.10000        1.2229         3.3266         1.2229         0.0127         0.0196 
BAR-estimator:      0.10000        0.15000        0.6452         3.9717         0.6452         0.0097         0.0219 
BAR-estimator:      0.15000        0.20000        0.3418         4.3135         0.3418         0.0101         0.0241 
BAR-estimator:      0.20000        0.25000        0.1818         4.4953         0.1818         0.0071         0.0251 
BAR-estimator:      0.25000        0.30000        0.0944         4.5897         0.0944         0.0051         0.0256 
BAR-estimator:      0.30000        0.35000        0.0292         4.6189         0.0292         0.0047         0.0260 
BAR-estimator:      0.35000        0.40000       -0.0226         4.5962        -0.0226         0.0043         0.0264 
BAR-estimator:      0.40000        0.45000       -0.0556         4.5407        -0.0556         0.0038         0.0267 
BAR-estimator:      0.45000        0.50000       -0.0761         4.4646        -0.0761         0.0038         0.0269 
BAR-estimator:      0.50000        0.55000       -0.1213         4.3433        -0.1213         0.0041         0.0272 
BAR-estimator:      0.55000        0.60000       -0.2166         4.1266        -0.2166         0.0038         0.0275 
BAR-estimator:      0.60000        0.65000       -0.3029         3.8238        -0.3029         0.0036         0.0277 
BAR-estimator:      0.65000        0.70000       -0.3758         3.4480        -0.3758         0.0040         0.0280 
BAR-estimator:      0.70000        0.75000       -0.4379         3.0100        -0.4379         0.0042         0.0283 
BAR-estimator:      0.75000        0.80000       -0.4869         2.5231        -0.4869         0.0039         0.0286 
BAR-estimator:      0.80000        0.85000       -0.5182         2.0050        -0.5182         0.0040         0.0289 
BAR-estimator:      0.85000        0.90000       -0.5516         1.4534        -0.5516         0.0043         0.0292 
BAR-estimator:      0.90000        0.95000       -0.5650         0.8884        -0.5650         0.0040         0.0295 
BAR-estimator:      0.95000        1.00000       -0.5796         0.3088        -0.5796         0.0038         0.0297 
BAR-estimator: total free energy change is 0.30879916347200265 , total error is 0.029719667936412748
