#========================================================================================
#                     Free energy perturbation    
#----------------------------------------------------------------------------------------
#forward/backward          λ              ΔΔA                 ΔA                  δε   
#                                                 
#----------------------------------------------------------------------------------------
forward:               0.0000              0.0000              0.0000              0.0000  
forward:               0.0500              2.9359              2.9359              0.0472  
forward:               0.1000              1.7613              4.6972              0.0607  
forward:               0.1500              0.8693              5.5665              0.0634  
forward:               0.2000              0.4243              5.9908              0.0645  
forward:               0.2500              0.1951              6.1859              0.0651  
forward:               0.3000              0.0593              6.2452              0.0656  
forward:               0.3500             -0.0403              6.2049              0.0660  
forward:               0.4000             -0.0946              6.1103              0.0664  
forward:               0.4500             -0.1445              5.9658              0.0667  
forward:               0.5000             -0.1859              5.7799              0.0669  
forward:               0.5500             -0.3999              5.3799              0.0673  
forward:               0.6000             -0.7594              4.6205              0.0676  
forward:               0.6500             -1.0840              3.5365              0.0681  
forward:               0.7000             -1.4237              2.1128              0.0691  
forward:               0.7500             -1.4605              0.6524              0.1178  
forward:               0.8000             -1.3951             -0.7427              0.1180  
forward:               0.8500             -1.4049             -2.1476              0.1181  
forward:               0.9000             -1.3639             -3.5115              0.1182  
forward:               0.9500             -1.3281             -4.8396              0.1185  
forward:               1.0000             -1.3006             -6.1401              0.1186  
backward:              1.0000              0.0000             -6.1401              0.0000  
backward:              0.9500              2.1644             -3.9758              0.0118  
backward:              0.9000              2.1523             -1.8235              0.0148  
backward:              0.8500              2.0899              0.2665              0.0188  
backward:              0.8000              2.0212              2.2877              0.0225  
backward:              0.7500              1.8624              4.1501              0.0252  
backward:              0.7000              1.6762              5.8262              0.0279  
backward:              0.6500              1.4078              7.2340              0.0299  
backward:              0.6000              1.1063              8.3404              0.0312  
backward:              0.5500              0.7576              9.0980              0.0322  
backward:              0.5000              0.4034              9.5013              0.0337  
backward:              0.4500              0.1817              9.6831              0.0342  
backward:              0.4000              0.1326              9.8156              0.0351  
backward:              0.3500              0.0782              9.8938              0.0362  
backward:              0.3000              0.0368              9.9307              0.0372  
backward:              0.2500             -0.0572              9.8735              0.0389  
backward:              0.2000             -0.2014              9.6721              0.0410  
backward:              0.1500             -0.4334              9.2387              0.0443  
backward:              0.1000             -0.8560              8.3827              0.0531  
backward:              0.0500             -1.7318              6.6509              0.0724  
backward:              0.0000             -2.8793              3.7716              0.0879  
Inaccuracy estimation
======================================================================================================
                   i        i+δi          P0_overlap_P1   δε(forward)/ε   δε(backward)/ε
======================================================================================================
inaccuracy:  0.00000        0.05000           22.56            0.20            3.92
inaccuracy:  0.05000        0.10000           29.53           -0.07            2.46
inaccuracy:  0.10000        0.15000           42.45           -0.07            1.21
inaccuracy:  0.15000        0.20000           52.38           -0.06            0.61
inaccuracy:  0.20000        0.25000           57.99           -0.05            0.40
inaccuracy:  0.25000        0.30000           60.85           -0.05            0.29
inaccuracy:  0.30000        0.35000           63.87           -0.03            0.23
inaccuracy:  0.35000        0.40000           65.57           -0.03            0.19
inaccuracy:  0.40000        0.45000           67.07           -0.03            0.17
inaccuracy:  0.45000        0.50000           67.49           -0.03            0.16
inaccuracy:  0.50000        0.55000           56.29           -0.16            0.23
inaccuracy:  0.55000        0.60000           58.20           -0.18            0.14
inaccuracy:  0.60000        0.65000           56.59           -0.26            0.09
inaccuracy:  0.65000        0.70000           56.26           -0.33            0.05
inaccuracy:  0.70000        0.75000           46.38           -0.62            0.02
inaccuracy:  0.75000        0.80000           36.37           -1.09           -0.01
inaccuracy:  0.80000        0.85000           30.85           -1.43           -0.06
inaccuracy:  0.85000        0.90000           26.50           -1.57           -0.05
inaccuracy:  0.90000        0.95000           23.59           -1.79           -0.07
inaccuracy:  0.95000        1.00000           22.04           -1.86           -0.06
===================================================================================================================================
                BAR        
-----------------------------------------------------------------------------------------------------------------------------------
BAR-estimator:         λ             λ+δλ          ΔΔA             ΔA            C               Δδe            δe       
                          
-----------------------------------------------------------------------------------------------------------------------------------
BAR-estimator:      0.00000        0.05000        2.9829         2.9829         2.9829         0.0137         0.0137 
BAR-estimator:      0.05000        0.10000        1.7643         4.7472         1.7643         0.0174         0.0221 
BAR-estimator:      0.10000        0.15000        0.8743         5.6216         0.8743         0.0114         0.0248 
BAR-estimator:      0.15000        0.20000        0.4272         6.0488         0.4272         0.0087         0.0263 
BAR-estimator:      0.20000        0.25000        0.1943         6.2431         0.1943         0.0061         0.0270 
BAR-estimator:      0.25000        0.30000        0.0563         6.2994         0.0563         0.0059         0.0277 
BAR-estimator:      0.30000        0.35000       -0.0393         6.2601        -0.0393         0.0046         0.0281 
BAR-estimator:      0.35000        0.40000       -0.0896         6.1705        -0.0896         0.0044         0.0284 
BAR-estimator:      0.40000        0.45000       -0.1406         6.0299        -0.1406         0.0040         0.0287 
BAR-estimator:      0.45000        0.50000       -0.1821         5.8478        -0.1821         0.0037         0.0289 
BAR-estimator:      0.50000        0.55000       -0.4008         5.4470        -0.4008         0.0046         0.0293 
BAR-estimator:      0.55000        0.60000       -0.7533         4.6938        -0.7533         0.0046         0.0296 
BAR-estimator:      0.60000        0.65000       -1.0924         3.6014        -1.0924         0.0046         0.0300 
BAR-estimator:      0.65000        0.70000       -1.4131         2.1883        -1.4131         0.0055         0.0305 
BAR-estimator:      0.70000        0.75000       -1.5838         0.6045        -1.5838         0.0424         0.0522 
BAR-estimator:      0.75000        0.80000       -1.6637        -1.0592        -1.6637         0.0056         0.0525 
BAR-estimator:      0.80000        0.85000       -1.7444        -2.8036        -1.7444         0.0057         0.0528 
BAR-estimator:      0.85000        0.90000       -1.7618        -4.5654        -1.7618         0.0060         0.0532 
BAR-estimator:      0.90000        0.95000       -1.7774        -6.3428        -1.7774         0.0074         0.0537 
BAR-estimator:      0.95000        1.00000       -1.7741        -8.1170        -1.7741         0.0076         0.0542 
BAR-estimator: total free energy change is -8.11696659191524 , total error is 0.054214403479905075
