#========================================================================================
#                     Free energy perturbation    
#----------------------------------------------------------------------------------------
#forward/backward          λ              ΔΔA                 ΔA                  δε   
#                                                 
#----------------------------------------------------------------------------------------
forward:               0.0000              0.0000              0.0000              0.0000  
forward:               0.0500              0.8050              0.8050              0.0179  
forward:               0.1000              0.5208              1.3258              0.0209  
forward:               0.1500              0.3273              1.6531              0.0228  
forward:               0.2000              0.2128              1.8659              0.0238  
forward:               0.2500              0.1455              2.0114              0.0245  
forward:               0.3000              0.0897              2.1011              0.0248  
forward:               0.3500              0.0543              2.1554              0.0253  
forward:               0.4000              0.0271              2.1824              0.0256  
forward:               0.4500              0.0177              2.2001              0.0260  
forward:               0.5000             -0.0077              2.1924              0.0263  
forward:               0.5500             -0.1167              2.0757              0.0267  
forward:               0.6000             -0.2908              1.7848              0.0272  
forward:               0.6500             -0.4490              1.3358              0.0278  
forward:               0.7000             -0.5710              0.7648              0.0283  
forward:               0.7500             -0.6525              0.1123              0.0287  
forward:               0.8000             -0.7019             -0.5897              0.0289  
forward:               0.8500             -0.7306             -1.3203              0.0292  
forward:               0.9000             -0.7339             -2.0542              0.0295  
forward:               0.9500             -0.7198             -2.7739              0.0298  
forward:               1.0000             -0.7089             -3.4829              0.0300  
backward:              1.0000              0.0000             -3.4829              0.0000  
backward:              0.9500              0.7228             -2.7601              0.0049  
backward:              0.9000              0.7204             -2.0397              0.0071  
backward:              0.8500              0.7227             -1.3170              0.0094  
backward:              0.8000              0.7105             -0.6065              0.0111  
backward:              0.7500              0.7082              0.1017              0.0123  
backward:              0.7000              0.6424              0.7441              0.0135  
backward:              0.6500              0.5787              1.3228              0.0146  
backward:              0.6000              0.4418              1.7647              0.0155  
backward:              0.5500              0.2917              2.0563              0.0165  
backward:              0.5000              0.1118              2.1681              0.0174  
backward:              0.4500              0.0039              2.1719              0.0179  
backward:              0.4000             -0.0116              2.1604              0.0184  
backward:              0.3500             -0.0368              2.1236              0.0192  
backward:              0.3000             -0.0599              2.0636              0.0199  
backward:              0.2500             -0.1080              1.9557              0.0254  
backward:              0.2000             -0.1488              1.8069              0.0270  
backward:              0.1500             -0.2268              1.5800              0.0283  
backward:              0.1000             -0.3316              1.2484              0.0306  
backward:              0.0500             -0.5445              0.7040              0.0367  
backward:              0.0000             -0.8111             -0.1072              0.0434  
Inaccuracy estimation
======================================================================================================
                   i        i+δi          P0_overlap_P1   δε(forward)/ε   δε(backward)/ε
======================================================================================================
inaccuracy:  0.00000        0.05000           52.19           -0.01            0.70
inaccuracy:  0.05000        0.10000           60.13           -0.02            0.48
inaccuracy:  0.10000        0.15000           65.55           -0.00            0.30
inaccuracy:  0.15000        0.20000           70.60           -0.01            0.20
inaccuracy:  0.20000        0.25000           72.83           -0.01            0.16
inaccuracy:  0.25000        0.30000           75.12           -0.01            0.12
inaccuracy:  0.30000        0.35000           76.58           -0.01            0.10
inaccuracy:  0.35000        0.40000           77.20           -0.01            0.10
inaccuracy:  0.40000        0.45000           76.19           -0.01            0.09
inaccuracy:  0.45000        0.50000           77.12           -0.01            0.09
inaccuracy:  0.50000        0.55000           69.79           -0.05            0.13
inaccuracy:  0.55000        0.60000           70.07           -0.07            0.09
inaccuracy:  0.60000        0.65000           70.78           -0.06            0.07
inaccuracy:  0.65000        0.70000           69.90           -0.07            0.06
inaccuracy:  0.70000        0.75000           71.49           -0.07            0.05
inaccuracy:  0.75000        0.80000           70.80           -0.07            0.05
inaccuracy:  0.80000        0.85000           72.32           -0.06            0.05
inaccuracy:  0.85000        0.90000           71.05           -0.06            0.06
inaccuracy:  0.90000        0.95000           69.93           -0.07            0.06
inaccuracy:  0.95000        1.00000           68.60           -0.07            0.07
===================================================================================================================================
                BAR        
-----------------------------------------------------------------------------------------------------------------------------------
BAR-estimator:         λ             λ+δλ          ΔΔA             ΔA            C               Δδe            δe       
                          
-----------------------------------------------------------------------------------------------------------------------------------
BAR-estimator:      0.00000        0.05000        0.8110         0.8110         0.8110         0.0101         0.0101 
BAR-estimator:      0.05000        0.10000        0.5320         1.3430         0.5320         0.0069         0.0122 
BAR-estimator:      0.10000        0.15000        0.3299         1.6729         0.3299         0.0060         0.0136 
BAR-estimator:      0.15000        0.20000        0.2201         1.8930         0.2201         0.0048         0.0144 
BAR-estimator:      0.20000        0.25000        0.1456         2.0386         0.1456         0.0040         0.0150 
BAR-estimator:      0.25000        0.30000        0.0908         2.1294         0.0908         0.0035         0.0154 
BAR-estimator:      0.30000        0.35000        0.0574         2.1868         0.0574         0.0033         0.0157 
BAR-estimator:      0.35000        0.40000        0.0308         2.2176         0.0308         0.0030         0.0160 
BAR-estimator:      0.40000        0.45000        0.0159         2.2335         0.0159         0.0033         0.0163 
BAR-estimator:      0.45000        0.50000       -0.0077         2.2258        -0.0077         0.0028         0.0166 
BAR-estimator:      0.50000        0.55000       -0.1129         2.1129        -0.1129         0.0031         0.0169 
BAR-estimator:      0.55000        0.60000       -0.2895         1.8234        -0.2895         0.0034         0.0172 
BAR-estimator:      0.60000        0.65000       -0.4432         1.3802        -0.4432         0.0038         0.0176 
BAR-estimator:      0.65000        0.70000       -0.5734         0.8068        -0.5734         0.0036         0.0180 
BAR-estimator:      0.70000        0.75000       -0.6475         0.1592        -0.6475         0.0033         0.0183 
BAR-estimator:      0.75000        0.80000       -0.7046        -0.5453        -0.7046         0.0034         0.0186 
BAR-estimator:      0.80000        0.85000       -0.7208        -1.2661        -0.7208         0.0034         0.0189 
BAR-estimator:      0.85000        0.90000       -0.7309        -1.9971        -0.7309         0.0036         0.0192 
BAR-estimator:      0.90000        0.95000       -0.7203        -2.7173        -0.7203         0.0034         0.0195 
BAR-estimator:      0.95000        1.00000       -0.7138        -3.4311        -0.7138         0.0044         0.0200 
BAR-estimator: total free energy change is -3.4311037724909292 , total error is 0.020018643598122488
