#========================================================================================
#                     Free energy perturbation    
#----------------------------------------------------------------------------------------
#forward/backward          λ              ΔΔA                 ΔA                  δε   
#                                                 
#----------------------------------------------------------------------------------------
forward:               0.0000              0.0000              0.0000              0.0000  
forward:               0.0500              1.7238              1.7238              0.0264  
forward:               0.1000              0.9293              2.6531              0.0318  
forward:               0.1500              0.4915              3.1446              0.0346  
forward:               0.2000              0.2479              3.3925              0.0356  
forward:               0.2500              0.1314              3.5240              0.0363  
forward:               0.3000              0.0354              3.5594              0.0367  
forward:               0.3500             -0.0076              3.5517              0.0372  
forward:               0.4000             -0.0483              3.5035              0.0375  
forward:               0.4500             -0.0785              3.4249              0.0378  
forward:               0.5000             -0.1094              3.3155              0.0382  
forward:               0.5500             -0.2808              3.0347              0.0389  
forward:               0.6000             -0.5924              2.4423              0.0398  
forward:               0.6500             -0.8805              1.5619              0.0405  
forward:               0.7000             -1.0883              0.4735              0.0413  
forward:               0.7500             -1.2609             -0.7873              0.0420  
forward:               0.8000             -1.3641             -2.1515              0.0425  
forward:               0.8500             -1.3938             -3.5453              0.0427  
forward:               0.9000             -1.4011             -4.9463              0.0431  
forward:               0.9500             -1.4026             -6.3489              0.0434  
forward:               1.0000             -1.3894             -7.7383              0.0437  
backward:              1.0000              0.0000             -7.7383              0.0000  
backward:              0.9500              1.3782             -6.3601              0.0076  
backward:              0.9000              1.3969             -4.9633              0.0115  
backward:              0.8500              1.4156             -3.5477              0.0159  
backward:              0.8000              1.3912             -2.1565              0.0172  
backward:              0.7500              1.3383             -0.8182              0.0189  
backward:              0.7000              1.2409              0.4227              0.0212  
backward:              0.6500              1.1025              1.5252              0.0233  
backward:              0.6000              0.8774              2.4025              0.0247  
backward:              0.5500              0.6191              3.0216              0.0259  
backward:              0.5000              0.2783              3.2999              0.0276  
backward:              0.4500              0.1012              3.4012              0.0282  
backward:              0.4000              0.0752              3.4764              0.0288  
backward:              0.3500              0.0481              3.5244              0.0295  
backward:              0.3000              0.0054              3.5298              0.0302  
backward:              0.2500             -0.0513              3.4785              0.0310  
backward:              0.2000             -0.1411              3.3375              0.0352  
backward:              0.1500             -0.2450              3.0924              0.0370  
backward:              0.1000             -0.5056              2.5869              0.0410  
backward:              0.0500             -0.9200              1.6668              0.0510  
backward:              0.0000             -1.8280             -0.1611              0.0812  
Inaccuracy estimation
======================================================================================================
                   i        i+δi          P0_overlap_P1   δε(forward)/ε   δε(backward)/ε
======================================================================================================
inaccuracy:  0.00000        0.05000           35.67           -0.03            1.69
inaccuracy:  0.05000        0.10000           45.57           -0.04            1.08
inaccuracy:  0.10000        0.15000           56.29           -0.03            0.55
inaccuracy:  0.15000        0.20000           63.32           -0.01            0.33
inaccuracy:  0.20000        0.25000           67.18           -0.02            0.22
inaccuracy:  0.25000        0.30000           71.72           -0.02            0.15
inaccuracy:  0.30000        0.35000           72.10           -0.02            0.12
inaccuracy:  0.35000        0.40000           72.88           -0.02            0.12
inaccuracy:  0.40000        0.45000           74.65           -0.02            0.11
inaccuracy:  0.45000        0.50000           75.45           -0.02            0.10
inaccuracy:  0.50000        0.55000           61.79           -0.11            0.20
inaccuracy:  0.55000        0.60000           62.46           -0.15            0.11
inaccuracy:  0.60000        0.65000           64.55           -0.16            0.06
inaccuracy:  0.65000        0.70000           62.94           -0.17            0.04
inaccuracy:  0.70000        0.75000           64.77           -0.15            0.02
inaccuracy:  0.75000        0.80000           65.92           -0.16            0.02
inaccuracy:  0.80000        0.85000           64.23           -0.15            0.02
inaccuracy:  0.85000        0.90000           62.57           -0.18            0.02
inaccuracy:  0.90000        0.95000           62.91           -0.16            0.03
inaccuracy:  0.95000        1.00000           62.43           -0.14            0.04
===================================================================================================================================
                BAR        
-----------------------------------------------------------------------------------------------------------------------------------
BAR-estimator:         λ             λ+δλ          ΔΔA             ΔA            C               Δδe            δe       
                          
-----------------------------------------------------------------------------------------------------------------------------------
BAR-estimator:      0.00000        0.05000        1.7111         1.7111         1.7111         0.0126         0.0126 
BAR-estimator:      0.05000        0.10000        0.9268         2.6379         0.9268         0.0105         0.0163 
BAR-estimator:      0.10000        0.15000        0.4926         3.1305         0.4926         0.0089         0.0186 
BAR-estimator:      0.15000        0.20000        0.2478         3.3783         0.2478         0.0058         0.0195 
BAR-estimator:      0.20000        0.25000        0.1276         3.5059         0.1276         0.0046         0.0200 
BAR-estimator:      0.25000        0.30000        0.0432         3.5491         0.0432         0.0042         0.0205 
BAR-estimator:      0.30000        0.35000       -0.0083         3.5408        -0.0083         0.0045         0.0209 
BAR-estimator:      0.35000        0.40000       -0.0499         3.4909        -0.0499         0.0037         0.0213 
BAR-estimator:      0.40000        0.45000       -0.0761         3.4149        -0.0761         0.0036         0.0216 
BAR-estimator:      0.45000        0.50000       -0.1051         3.3098        -0.1051         0.0039         0.0219 
BAR-estimator:      0.50000        0.55000       -0.2774         3.0324        -0.2774         0.0046         0.0224 
BAR-estimator:      0.55000        0.60000       -0.6031         2.4293        -0.6031         0.0048         0.0229 
BAR-estimator:      0.60000        0.65000       -0.8792         1.5501        -0.8792         0.0049         0.0234 
BAR-estimator:      0.65000        0.70000       -1.0941         0.4560        -1.0941         0.0046         0.0239 
BAR-estimator:      0.70000        0.75000       -1.2492        -0.7932        -1.2492         0.0046         0.0243 
BAR-estimator:      0.75000        0.80000       -1.3546        -2.1478        -1.3546         0.0043         0.0247 
BAR-estimator:      0.80000        0.85000       -1.3904        -3.5382        -1.3904         0.0037         0.0250 
BAR-estimator:      0.85000        0.90000       -1.4052        -4.9434        -1.4052         0.0045         0.0254 
BAR-estimator:      0.90000        0.95000       -1.4031        -6.3465        -1.4031         0.0045         0.0258 
BAR-estimator:      0.95000        1.00000       -1.3900        -7.7365        -1.3900         0.0045         0.0262 
BAR-estimator: total free energy change is -7.736531818817284 , total error is 0.026162901533435746
