#========================================================================================
#                     Free energy perturbation    
#----------------------------------------------------------------------------------------
#forward/backward          λ              ΔΔA                 ΔA                  δε   
#                                                 
#----------------------------------------------------------------------------------------
forward:               0.0000              0.0000              0.0000              0.0000  
forward:               0.0500              1.8881              1.8881              0.0273  
forward:               0.1000              1.0144              2.9025              0.0360  
forward:               0.1500              0.4847              3.3872              0.0377  
forward:               0.2000              0.2614              3.6486              0.0386  
forward:               0.2500              0.1353              3.7839              0.0393  
forward:               0.3000              0.0478              3.8317              0.0397  
forward:               0.3500              0.0035              3.8352              0.0400  
forward:               0.4000             -0.0311              3.8040              0.0402  
forward:               0.4500             -0.0584              3.7457              0.0405  
forward:               0.5000             -0.0968              3.6488              0.0407  
forward:               0.5500             -0.1382              3.5106              0.0410  
forward:               0.6000             -0.2208              3.2898              0.0412  
forward:               0.6500             -0.2762              3.0136              0.0415  
forward:               0.7000             -0.3191              2.6945              0.0416  
forward:               0.7500             -0.3574              2.3371              0.0419  
forward:               0.8000             -0.3738              1.9633              0.0420  
forward:               0.8500             -0.3946              1.5687              0.0422  
forward:               0.9000             -0.4211              1.1476              0.0424  
forward:               0.9500             -0.4241              0.7235              0.0425  
forward:               1.0000             -0.4421              0.2814              0.0427  
backward:              1.0000              0.0000              0.2814              0.0000  
backward:              0.9500              0.4402              0.7216              0.0039  
backward:              0.9000              0.4251              1.1467              0.0056  
backward:              0.8500              0.4175              1.5642              0.0067  
backward:              0.8000              0.3991              1.9633              0.0080  
backward:              0.7500              0.3749              2.3382              0.0092  
backward:              0.7000              0.3511              2.6893              0.0102  
backward:              0.6500              0.3143              3.0035              0.0110  
backward:              0.6000              0.2720              3.2755              0.0120  
backward:              0.5500              0.2186              3.4941              0.0128  
backward:              0.5000              0.1302              3.6243              0.0140  
backward:              0.4500              0.0966              3.7209              0.0148  
backward:              0.4000              0.0625              3.7834              0.0156  
backward:              0.3500              0.0272              3.8107              0.0165  
backward:              0.3000             -0.0048              3.8059              0.0175  
backward:              0.2500             -0.0463              3.7596              0.0188  
backward:              0.2000             -0.1365              3.6232              0.0206  
backward:              0.1500             -0.2791              3.3441              0.0250  
backward:              0.1000             -0.4750              2.8691              0.0288  
backward:              0.0500             -1.0141              1.8550              0.0399  
backward:              0.0000             -1.8086              0.0464              0.0557  
Inaccuracy estimation
======================================================================================================
                   i        i+δi          P0_overlap_P1   δε(forward)/ε   δε(backward)/ε
======================================================================================================
inaccuracy:  0.00000        0.05000           31.86           -0.02            2.42
inaccuracy:  0.05000        0.10000           44.10           -0.03            1.18
inaccuracy:  0.10000        0.15000           57.16           -0.02            0.55
inaccuracy:  0.15000        0.20000           65.61           -0.01            0.28
inaccuracy:  0.20000        0.25000           69.03           -0.01            0.19
inaccuracy:  0.25000        0.30000           71.93           -0.01            0.15
inaccuracy:  0.30000        0.35000           73.45           -0.02            0.13
inaccuracy:  0.35000        0.40000           73.76           -0.01            0.11
inaccuracy:  0.40000        0.45000           74.14           -0.02            0.09
inaccuracy:  0.45000        0.50000           75.85           -0.01            0.08
inaccuracy:  0.50000        0.55000           72.65           -0.03            0.09
inaccuracy:  0.55000        0.60000           73.56           -0.03            0.08
inaccuracy:  0.60000        0.65000           74.77           -0.03            0.07
inaccuracy:  0.65000        0.70000           74.86           -0.03            0.07
inaccuracy:  0.70000        0.75000           76.14           -0.03            0.06
inaccuracy:  0.75000        0.80000           74.39           -0.03            0.06
inaccuracy:  0.80000        0.85000           74.68           -0.03            0.06
inaccuracy:  0.85000        0.90000           75.24           -0.04            0.06
inaccuracy:  0.90000        0.95000           75.15           -0.03            0.06
inaccuracy:  0.95000        1.00000           74.86           -0.03            0.05
===================================================================================================================================
                BAR        
-----------------------------------------------------------------------------------------------------------------------------------
BAR-estimator:         λ             λ+δλ          ΔΔA             ΔA            C               Δδe            δe       
                          
-----------------------------------------------------------------------------------------------------------------------------------
BAR-estimator:      0.00000        0.05000        1.8662         1.8662         1.8662         0.0124         0.0124 
BAR-estimator:      0.05000        0.10000        1.0195         2.8857         1.0195         0.0151         0.0195 
BAR-estimator:      0.10000        0.15000        0.4931         3.3788         0.4931         0.0049         0.0201 
BAR-estimator:      0.15000        0.20000        0.2678         3.6466         0.2678         0.0056         0.0209 
BAR-estimator:      0.20000        0.25000        0.1350         3.7816         0.1350         0.0047         0.0214 
BAR-estimator:      0.25000        0.30000        0.0494         3.8310         0.0494         0.0039         0.0217 
BAR-estimator:      0.30000        0.35000        0.0060         3.8370         0.0060         0.0035         0.0220 
BAR-estimator:      0.35000        0.40000       -0.0303         3.8068        -0.0303         0.0030         0.0222 
BAR-estimator:      0.40000        0.45000       -0.0616         3.7452        -0.0616         0.0032         0.0224 
BAR-estimator:      0.45000        0.50000       -0.0974         3.6478        -0.0974         0.0030         0.0226 
BAR-estimator:      0.50000        0.55000       -0.1372         3.5106        -0.1372         0.0033         0.0229 
BAR-estimator:      0.55000        0.60000       -0.2213         3.2894        -0.2213         0.0033         0.0231 
BAR-estimator:      0.60000        0.65000       -0.2752         3.0142        -0.2752         0.0030         0.0233 
BAR-estimator:      0.65000        0.70000       -0.3171         2.6971        -0.3171         0.0028         0.0235 
BAR-estimator:      0.70000        0.75000       -0.3526         2.3444        -0.3526         0.0029         0.0237 
BAR-estimator:      0.75000        0.80000       -0.3749         1.9695        -0.3749         0.0029         0.0238 
BAR-estimator:      0.80000        0.85000       -0.3970         1.5725        -0.3970         0.0032         0.0241 
BAR-estimator:      0.85000        0.90000       -0.4196         1.1529        -0.4196         0.0031         0.0242 
BAR-estimator:      0.90000        0.95000       -0.4229         0.7300        -0.4229         0.0029         0.0244 
BAR-estimator:      0.95000        1.00000       -0.4420         0.2880        -0.4420         0.0030         0.0246 
BAR-estimator: total free energy change is 0.28799370945314834 , total error is 0.02460897655313068
