#========================================================================================
#                     Free energy perturbation    
#----------------------------------------------------------------------------------------
#forward/backward          λ              ΔΔA                 ΔA                  δε   
#                                                 
#----------------------------------------------------------------------------------------
forward:               0.0000              0.0000              0.0000              0.0000  
forward:               0.0500              1.3708              1.3708              0.0213  
forward:               0.1000              0.7585              2.1293              0.0260  
forward:               0.1500              0.3907              2.5200              0.0277  
forward:               0.2000              0.2361              2.7562              0.0288  
forward:               0.2500              0.1341              2.8903              0.0296  
forward:               0.3000              0.0566              2.9468              0.0300  
forward:               0.3500              0.0327              2.9796              0.0305  
forward:               0.4000             -0.0120              2.9675              0.0310  
forward:               0.4500             -0.0361              2.9314              0.0313  
forward:               0.5000             -0.0474              2.8840              0.0316  
forward:               0.5500             -0.1162              2.7678              0.0320  
forward:               0.6000             -0.2846              2.4832              0.0323  
forward:               0.6500             -0.4057              2.0775              0.0327  
forward:               0.7000             -0.5205              1.5570              0.0332  
forward:               0.7500             -0.6175              0.9395              0.0336  
forward:               0.8000             -0.6880              0.2515              0.0339  
forward:               0.8500             -0.7173             -0.4658              0.0342  
forward:               0.9000             -0.7502             -1.2160              0.0345  
forward:               0.9500             -0.7550             -1.9710              0.0348  
forward:               1.0000             -0.7622             -2.7332              0.0351  
backward:              1.0000              0.0000             -2.7332              0.0000  
backward:              0.9500              0.7650             -1.9682              0.0064  
backward:              0.9000              0.7385             -1.2298              0.0085  
backward:              0.8500              0.7431             -0.4866              0.0101  
backward:              0.8000              0.7292              0.2425              0.0114  
backward:              0.7500              0.6875              0.9300              0.0126  
backward:              0.7000              0.6174              1.5474              0.0140  
backward:              0.6500              0.5346              2.0820              0.0152  
backward:              0.6000              0.4012              2.4833              0.0163  
backward:              0.5500              0.2706              2.7539              0.0173  
backward:              0.5000              0.1230              2.8769              0.0183  
backward:              0.4500              0.0483              2.9251              0.0190  
backward:              0.4000              0.0228              2.9479              0.0196  
backward:              0.3500              0.0086              2.9565              0.0205  
backward:              0.3000             -0.0352              2.9213              0.0218  
backward:              0.2500             -0.0710              2.8504              0.0229  
backward:              0.2000             -0.1194              2.7309              0.0240  
backward:              0.1500             -0.2244              2.5065              0.0260  
backward:              0.1000             -0.4091              2.0974              0.0320  
backward:              0.0500             -0.7374              1.3599              0.0368  
backward:              0.0000             -1.4748             -0.1148              0.0545  
Inaccuracy estimation
======================================================================================================
                   i        i+δi          P0_overlap_P1   δε(forward)/ε   δε(backward)/ε
======================================================================================================
inaccuracy:  0.00000        0.05000           40.54           -0.04            1.34
inaccuracy:  0.05000        0.10000           49.93           -0.03            0.84
inaccuracy:  0.10000        0.15000           61.30           -0.01            0.39
inaccuracy:  0.15000        0.20000           65.90           -0.02            0.26
inaccuracy:  0.20000        0.25000           69.37           -0.02            0.19
inaccuracy:  0.25000        0.30000           74.42           -0.02            0.14
inaccuracy:  0.30000        0.35000           73.60           -0.02            0.12
inaccuracy:  0.35000        0.40000           75.17           -0.01            0.11
inaccuracy:  0.40000        0.45000           76.55           -0.01            0.09
inaccuracy:  0.45000        0.50000           75.84           -0.02            0.09
inaccuracy:  0.50000        0.55000           69.19           -0.06            0.12
inaccuracy:  0.55000        0.60000           71.49           -0.06            0.09
inaccuracy:  0.60000        0.65000           70.77           -0.07            0.08
inaccuracy:  0.65000        0.70000           68.75           -0.07            0.07
inaccuracy:  0.70000        0.75000           70.24           -0.08            0.06
inaccuracy:  0.75000        0.80000           70.98           -0.06            0.05
inaccuracy:  0.80000        0.85000           70.30           -0.07            0.06
inaccuracy:  0.85000        0.90000           71.74           -0.07            0.05
inaccuracy:  0.90000        0.95000           71.51           -0.06            0.05
inaccuracy:  0.95000        1.00000           70.11           -0.07            0.06
===================================================================================================================================
                BAR        
-----------------------------------------------------------------------------------------------------------------------------------
BAR-estimator:         λ             λ+δλ          ΔΔA             ΔA            C               Δδe            δe       
                          
-----------------------------------------------------------------------------------------------------------------------------------
BAR-estimator:      0.00000        0.05000        1.3883         1.3883         1.3883         0.0111         0.0111 
BAR-estimator:      0.05000        0.10000        0.7581         2.1463         0.7581         0.0102         0.0151 
BAR-estimator:      0.10000        0.15000        0.3933         2.5397         0.3933         0.0062         0.0163 
BAR-estimator:      0.15000        0.20000        0.2304         2.7701         0.2304         0.0052         0.0171 
BAR-estimator:      0.20000        0.25000        0.1302         2.9003         0.1302         0.0044         0.0177 
BAR-estimator:      0.25000        0.30000        0.0646         2.9649         0.0646         0.0037         0.0181 
BAR-estimator:      0.30000        0.35000        0.0319         2.9968         0.0319         0.0038         0.0185 
BAR-estimator:      0.35000        0.40000       -0.0104         2.9864        -0.0104         0.0034         0.0188 
BAR-estimator:      0.40000        0.45000       -0.0309         2.9555        -0.0309         0.0031         0.0190 
BAR-estimator:      0.45000        0.50000       -0.0487         2.9068        -0.0487         0.0030         0.0193 
BAR-estimator:      0.50000        0.55000       -0.1203         2.7864        -0.1203         0.0034         0.0196 
BAR-estimator:      0.55000        0.60000       -0.2770         2.5094        -0.2770         0.0035         0.0199 
BAR-estimator:      0.60000        0.65000       -0.4052         2.1042        -0.4052         0.0040         0.0203 
BAR-estimator:      0.65000        0.70000       -0.5296         1.5746        -0.5296         0.0037         0.0206 
BAR-estimator:      0.70000        0.75000       -0.6184         0.9562        -0.6184         0.0038         0.0209 
BAR-estimator:      0.75000        0.80000       -0.6870         0.2692        -0.6870         0.0033         0.0212 
BAR-estimator:      0.80000        0.85000       -0.7209        -0.4517        -0.7209         0.0034         0.0215 
BAR-estimator:      0.85000        0.90000       -0.7452        -1.1969        -0.7452         0.0035         0.0218 
BAR-estimator:      0.90000        0.95000       -0.7468        -1.9437        -0.7468         0.0034         0.0220 
BAR-estimator:      0.95000        1.00000       -0.7620        -2.7057        -0.7620         0.0037         0.0223 
BAR-estimator: total free energy change is -2.7056910284804623 , total error is 0.02234830944948003
