#========================================================================================
#                     Free energy perturbation    
#----------------------------------------------------------------------------------------
#forward/backward          λ              ΔΔA                 ΔA                  δε   
#                                                 
#----------------------------------------------------------------------------------------
forward:               0.0000              0.0000              0.0000              0.0000  
forward:               0.0500              1.8542              1.8542              0.0257  
forward:               0.1000              1.0507              2.9049              0.0311  
forward:               0.1500              0.5899              3.4948              0.0336  
forward:               0.2000              0.3278              3.8226              0.0354  
forward:               0.2500              0.1969              4.0195              0.0363  
forward:               0.3000              0.1137              4.1332              0.0369  
forward:               0.3500              0.0572              4.1904              0.0375  
forward:               0.4000              0.0103              4.2007              0.0379  
forward:               0.4500             -0.0199              4.1808              0.0382  
forward:               0.5000             -0.0385              4.1422              0.0385  
forward:               0.5500             -0.0952              4.0470              0.0389  
forward:               0.6000             -0.1718              3.8752              0.0392  
forward:               0.6500             -0.2463              3.6289              0.0394  
forward:               0.7000             -0.3248              3.3041              0.0399  
forward:               0.7500             -0.3762              2.9278              0.0402  
forward:               0.8000             -0.4254              2.5024              0.0405  
forward:               0.8500             -0.4651              2.0373              0.0411  
forward:               0.9000             -0.5095              1.5278              0.0413  
forward:               0.9500             -0.5164              1.0115              0.0414  
forward:               1.0000             -0.5421              0.4694              0.0416  
backward:              1.0000              0.0000              0.4694              0.0000  
backward:              0.9500              0.5343              1.0037              0.0047  
backward:              0.9000              0.5085              1.5122              0.0075  
backward:              0.8500              0.5033              2.0155              0.0091  
backward:              0.8000              0.4660              2.4815              0.0105  
backward:              0.7500              0.4294              2.9109              0.0118  
backward:              0.7000              0.3851              3.2960              0.0134  
backward:              0.6500              0.3191              3.6151              0.0147  
backward:              0.6000              0.2429              3.8580              0.0157  
backward:              0.5500              0.1791              4.0371              0.0166  
backward:              0.5000              0.0859              4.1230              0.0175  
backward:              0.4500              0.0418              4.1648              0.0185  
backward:              0.4000              0.0176              4.1824              0.0197  
backward:              0.3500             -0.0206              4.1618              0.0209  
backward:              0.3000             -0.0582              4.1036              0.0222  
backward:              0.2500             -0.0985              4.0051              0.0235  
backward:              0.2000             -0.2212              3.7839              0.0316  
backward:              0.1500             -0.3257              3.4582              0.0343  
backward:              0.1000             -0.5898              2.8684              0.0413  
backward:              0.0500             -1.0486              1.8198              0.0533  
backward:              0.0000             -1.7923              0.0275              0.0681  
Inaccuracy estimation
======================================================================================================
                   i        i+δi          P0_overlap_P1   δε(forward)/ε   δε(backward)/ε
======================================================================================================
inaccuracy:  0.00000        0.05000           32.31           -0.02            2.18
inaccuracy:  0.05000        0.10000           44.61           -0.04            1.17
inaccuracy:  0.10000        0.15000           53.60           -0.03            0.59
inaccuracy:  0.15000        0.20000           61.46           -0.03            0.40
inaccuracy:  0.20000        0.25000           65.83           -0.02            0.25
inaccuracy:  0.25000        0.30000           67.53           -0.02            0.20
inaccuracy:  0.30000        0.35000           69.60           -0.01            0.16
inaccuracy:  0.35000        0.40000           72.03           -0.01            0.14
inaccuracy:  0.40000        0.45000           72.37           -0.02            0.13
inaccuracy:  0.45000        0.50000           72.31           -0.02            0.12
inaccuracy:  0.50000        0.55000           70.27           -0.04            0.12
inaccuracy:  0.55000        0.60000           70.02           -0.04            0.12
inaccuracy:  0.60000        0.65000           70.76           -0.05            0.10
inaccuracy:  0.65000        0.70000           70.85           -0.05            0.09
inaccuracy:  0.70000        0.75000           69.75           -0.05            0.09
inaccuracy:  0.75000        0.80000           70.31           -0.05            0.09
inaccuracy:  0.80000        0.85000           70.69           -0.05            0.08
inaccuracy:  0.85000        0.90000           71.70           -0.04            0.08
inaccuracy:  0.90000        0.95000           70.21           -0.04            0.08
inaccuracy:  0.95000        1.00000           70.30           -0.04            0.08
===================================================================================================================================
                BAR        
-----------------------------------------------------------------------------------------------------------------------------------
BAR-estimator:         λ             λ+δλ          ΔΔA             ΔA            C               Δδe            δe       
                          
-----------------------------------------------------------------------------------------------------------------------------------
BAR-estimator:      0.00000        0.05000        1.8068         1.8068         1.8068         0.0126         0.0126 
BAR-estimator:      0.05000        0.10000        1.0532         2.8600         1.0532         0.0105         0.0164 
BAR-estimator:      0.10000        0.15000        0.5876         3.4475         0.5876         0.0088         0.0186 
BAR-estimator:      0.15000        0.20000        0.3314         3.7790         0.3314         0.0073         0.0200 
BAR-estimator:      0.20000        0.25000        0.1974         3.9764         0.1974         0.0051         0.0206 
BAR-estimator:      0.25000        0.30000        0.1077         4.0841         0.1077         0.0044         0.0211 
BAR-estimator:      0.30000        0.35000        0.0569         4.1410         0.0569         0.0047         0.0216 
BAR-estimator:      0.35000        0.40000        0.0145         4.1554         0.0145         0.0037         0.0219 
BAR-estimator:      0.40000        0.45000       -0.0187         4.1368        -0.0187         0.0035         0.0222 
BAR-estimator:      0.45000        0.50000       -0.0395         4.0973        -0.0395         0.0033         0.0224 
BAR-estimator:      0.50000        0.55000       -0.0926         4.0047        -0.0926         0.0035         0.0227 
BAR-estimator:      0.55000        0.60000       -0.1734         3.8313        -0.1734         0.0038         0.0230 
BAR-estimator:      0.60000        0.65000       -0.2465         3.5848        -0.2465         0.0034         0.0233 
BAR-estimator:      0.65000        0.70000       -0.3238         3.2610        -0.3238         0.0040         0.0236 
BAR-estimator:      0.70000        0.75000       -0.3813         2.8797        -0.3813         0.0035         0.0239 
BAR-estimator:      0.75000        0.80000       -0.4261         2.4536        -0.4261         0.0035         0.0241 
BAR-estimator:      0.80000        0.85000       -0.4662         1.9874        -0.4662         0.0038         0.0244 
BAR-estimator:      0.85000        0.90000       -0.5054         1.4820        -0.5054         0.0038         0.0247 
BAR-estimator:      0.90000        0.95000       -0.5145         0.9676        -0.5145         0.0042         0.0251 
BAR-estimator:      0.95000        1.00000       -0.5398         0.4278        -0.5398         0.0036         0.0253 
BAR-estimator: total free energy change is 0.4277972250450697 , total error is 0.025332040000747576
