#========================================================================================
#                     Free energy perturbation    
#----------------------------------------------------------------------------------------
#forward/backward          λ              ΔΔA                 ΔA                  δε   
#                                                 
#----------------------------------------------------------------------------------------
forward:               0.0000              0.0000              0.0000              0.0000  
forward:               0.0500              1.8914              1.8914              0.0209  
forward:               0.1000              1.2172              3.1086              0.0278  
forward:               0.1500              0.6575              3.7661              0.0342  
forward:               0.2000              0.3524              4.1185              0.0359  
forward:               0.2500              0.1933              4.3118              0.0368  
forward:               0.3000              0.1117              4.4236              0.0375  
forward:               0.3500              0.0328              4.4564              0.0380  
forward:               0.4000              0.0052              4.4616              0.0383  
forward:               0.4500             -0.0260              4.4355              0.0386  
forward:               0.5000             -0.0598              4.3758              0.0389  
forward:               0.5500             -0.0608              4.3149              0.0391  
forward:               0.6000             -0.0806              4.2343              0.0393  
forward:               0.6500             -0.1002              4.1341              0.0396  
forward:               0.7000             -0.1145              4.0196              0.0398  
forward:               0.7500             -0.1212              3.8984              0.0400  
forward:               0.8000             -0.1241              3.7744              0.0402  
forward:               0.8500             -0.1418              3.6325              0.0404  
forward:               0.9000             -0.1369              3.4956              0.0405  
forward:               0.9500             -0.1389              3.3567              0.0407  
forward:               1.0000             -0.1618              3.1949              0.0408  
backward:              1.0000              0.0000              3.1949              0.0000  
backward:              0.9500              0.1486              3.3434              0.0048  
backward:              0.9000              0.1398              3.4833              0.0065  
backward:              0.8500              0.1398              3.6231              0.0079  
backward:              0.8000              0.1345              3.7576              0.0093  
backward:              0.7500              0.1272              3.8848              0.0103  
backward:              0.7000              0.1261              4.0108              0.0113  
backward:              0.6500              0.0967              4.1076              0.0129  
backward:              0.6000              0.1001              4.2076              0.0139  
backward:              0.5500              0.0793              4.2869              0.0144  
backward:              0.5000              0.0728              4.3597              0.0154  
backward:              0.4500              0.0486              4.4083              0.0166  
backward:              0.4000              0.0290              4.4373              0.0183  
backward:              0.3500             -0.0121              4.4252              0.0196  
backward:              0.3000             -0.0357              4.3895              0.0209  
backward:              0.2500             -0.1001              4.2894              0.0223  
backward:              0.2000             -0.1834              4.1060              0.0246  
backward:              0.1500             -0.3379              3.7681              0.0287  
backward:              0.1000             -0.6531              3.1151              0.0387  
backward:              0.0500             -1.2542              1.8609              0.0599  
backward:              0.0000             -1.8860             -0.0252              0.0672  
Inaccuracy estimation
======================================================================================================
                   i        i+δi          P0_overlap_P1   δε(forward)/ε   δε(backward)/ε
======================================================================================================
inaccuracy:  0.00000        0.05000           34.08           -0.01            2.02
inaccuracy:  0.05000        0.10000           40.54           -0.06            1.34
inaccuracy:  0.10000        0.15000           50.12           -0.05            0.74
inaccuracy:  0.15000        0.20000           58.57           -0.03            0.44
inaccuracy:  0.20000        0.25000           64.04           -0.03            0.29
inaccuracy:  0.25000        0.30000           66.14           -0.02            0.23
inaccuracy:  0.30000        0.35000           69.22           -0.02            0.18
inaccuracy:  0.35000        0.40000           69.78           -0.02            0.15
inaccuracy:  0.40000        0.45000           69.63           -0.01            0.14
inaccuracy:  0.45000        0.50000           71.95           -0.02            0.12
inaccuracy:  0.50000        0.55000           70.83           -0.02            0.13
inaccuracy:  0.55000        0.60000           72.01           -0.02            0.12
inaccuracy:  0.60000        0.65000           73.06           -0.02            0.11
inaccuracy:  0.65000        0.70000           73.35           -0.02            0.10
inaccuracy:  0.70000        0.75000           72.45           -0.02            0.11
inaccuracy:  0.75000        0.80000           72.14           -0.02            0.10
inaccuracy:  0.80000        0.85000           72.74           -0.02            0.10
inaccuracy:  0.85000        0.90000           71.93           -0.02            0.11
inaccuracy:  0.90000        0.95000           71.80           -0.02            0.10
inaccuracy:  0.95000        1.00000           73.25           -0.02            0.10
===================================================================================================================================
                BAR        
-----------------------------------------------------------------------------------------------------------------------------------
BAR-estimator:         λ             λ+δλ          ΔΔA             ΔA            C               Δδe            δe       
                          
-----------------------------------------------------------------------------------------------------------------------------------
BAR-estimator:      0.00000        0.05000        1.9055         1.9055         1.9055         0.0095         0.0095 
BAR-estimator:      0.05000        0.10000        1.2085         3.1139         1.2085         0.0102         0.0140 
BAR-estimator:      0.10000        0.15000        0.6431         3.7571         0.6431         0.0118         0.0183 
BAR-estimator:      0.15000        0.20000        0.3471         4.1042         0.3471         0.0072         0.0196 
BAR-estimator:      0.20000        0.25000        0.1916         4.2958         0.1916         0.0052         0.0203 
BAR-estimator:      0.25000        0.30000        0.1080         4.4038         0.1080         0.0047         0.0209 
BAR-estimator:      0.30000        0.35000        0.0350         4.4387         0.0350         0.0039         0.0212 
BAR-estimator:      0.35000        0.40000        0.0055         4.4442         0.0055         0.0036         0.0215 
BAR-estimator:      0.40000        0.45000       -0.0296         4.4146        -0.0296         0.0035         0.0218 
BAR-estimator:      0.45000        0.50000       -0.0567         4.3580        -0.0567         0.0035         0.0221 
BAR-estimator:      0.50000        0.55000       -0.0653         4.2927        -0.0653         0.0031         0.0223 
BAR-estimator:      0.55000        0.60000       -0.0807         4.2119        -0.0807         0.0024         0.0224 
BAR-estimator:      0.60000        0.65000       -0.0975         4.1144        -0.0975         0.0035         0.0227 
BAR-estimator:      0.65000        0.70000       -0.1117         4.0027        -0.1117         0.0032         0.0229 
BAR-estimator:      0.70000        0.75000       -0.1230         3.8796        -0.1230         0.0030         0.0231 
BAR-estimator:      0.75000        0.80000       -0.1246         3.7550        -0.1246         0.0031         0.0233 
BAR-estimator:      0.80000        0.85000       -0.1418         3.6132        -0.1418         0.0031         0.0235 
BAR-estimator:      0.85000        0.90000       -0.1390         3.4742        -0.1390         0.0037         0.0238 
BAR-estimator:      0.90000        0.95000       -0.1407         3.3335        -0.1407         0.0033         0.0240 
BAR-estimator:      0.95000        1.00000       -0.1562         3.1773        -0.1562         0.0034         0.0243 
BAR-estimator: total free energy change is 3.1772942907880988 , total error is 0.024276312845198347
