#========================================================================================
#                     Free energy perturbation    
#----------------------------------------------------------------------------------------
#forward/backward          λ              ΔΔA                 ΔA                  δε   
#                                                 
#----------------------------------------------------------------------------------------
forward:               0.0000              0.0000              0.0000              0.0000  
forward:               0.0500              1.3167              1.3167              0.0201  
forward:               0.1000              0.8273              2.1441              0.0259  
forward:               0.1500              0.5125              2.6566              0.0288  
forward:               0.2000              0.3089              2.9655              0.0300  
forward:               0.2500              0.2057              3.1711              0.0311  
forward:               0.3000              0.1450              3.3162              0.0320  
forward:               0.3500              0.0966              3.4128              0.0324  
forward:               0.4000              0.0524              3.4652              0.0329  
forward:               0.4500              0.0340              3.4991              0.0332  
forward:               0.5000              0.0129              3.5120              0.0336  
forward:               0.5500              0.0003              3.5123              0.0339  
forward:               0.6000             -0.0290              3.4833              0.0342  
forward:               0.6500             -0.0541              3.4292              0.0344  
forward:               0.7000             -0.0755              3.3537              0.0347  
forward:               0.7500             -0.0790              3.2748              0.0349  
forward:               0.8000             -0.0986              3.1761              0.0351  
forward:               0.8500             -0.1037              3.0724              0.0353  
forward:               0.9000             -0.1149              2.9575              0.0358  
forward:               0.9500             -0.1182              2.8393              0.0360  
forward:               1.0000             -0.1238              2.7156              0.0362  
backward:              1.0000              0.0000              2.7156              0.0000  
backward:              0.9500              0.1260              2.8415              0.0041  
backward:              0.9000              0.1147              2.9562              0.0059  
backward:              0.8500              0.1115              3.0677              0.0073  
backward:              0.8000              0.0953              3.1631              0.0085  
backward:              0.7500              0.0899              3.2529              0.0097  
backward:              0.7000              0.0842              3.3371              0.0107  
backward:              0.6500              0.0736              3.4107              0.0116  
backward:              0.6000              0.0607              3.4713              0.0124  
backward:              0.5500              0.0228              3.4942              0.0132  
backward:              0.5000             -0.0018              3.4924              0.0142  
backward:              0.4500             -0.0071              3.4853              0.0155  
backward:              0.4000             -0.0355              3.4498              0.0169  
backward:              0.3500             -0.0468              3.4030              0.0179  
backward:              0.3000             -0.0913              3.3117              0.0193  
backward:              0.2500             -0.1480              3.1637              0.0209  
backward:              0.2000             -0.1948              2.9689              0.0228  
backward:              0.1500             -0.3271              2.6419              0.0283  
backward:              0.1000             -0.4966              2.1452              0.0363  
backward:              0.0500             -0.8012              1.3440              0.0404  
backward:              0.0000             -1.3159              0.0280              0.0535  
Inaccuracy estimation
======================================================================================================
                   i        i+δi          P0_overlap_P1   δε(forward)/ε   δε(backward)/ε
======================================================================================================
inaccuracy:  0.00000        0.05000           43.16           -0.03            1.30
inaccuracy:  0.05000        0.10000           50.32           -0.03            0.83
inaccuracy:  0.10000        0.15000           57.56           -0.01            0.52
inaccuracy:  0.15000        0.20000           65.58           -0.02            0.31
inaccuracy:  0.20000        0.25000           67.34           -0.01            0.23
inaccuracy:  0.25000        0.30000           70.05           -0.01            0.17
inaccuracy:  0.30000        0.35000           70.54           -0.01            0.14
inaccuracy:  0.35000        0.40000           72.50           -0.01            0.12
inaccuracy:  0.40000        0.45000           74.18           -0.01            0.12
inaccuracy:  0.45000        0.50000           74.10           -0.01            0.12
inaccuracy:  0.50000        0.55000           73.80           -0.02            0.11
inaccuracy:  0.55000        0.60000           74.37           -0.02            0.11
inaccuracy:  0.60000        0.65000           73.96           -0.01            0.10
inaccuracy:  0.65000        0.70000           75.01           -0.02            0.09
inaccuracy:  0.70000        0.75000           74.43           -0.02            0.10
inaccuracy:  0.75000        0.80000           75.44           -0.02            0.09
inaccuracy:  0.80000        0.85000           75.24           -0.02            0.08
inaccuracy:  0.85000        0.90000           75.18           -0.02            0.09
inaccuracy:  0.90000        0.95000           75.00           -0.02            0.09
inaccuracy:  0.95000        1.00000           74.31           -0.02            0.08
===================================================================================================================================
                BAR        
-----------------------------------------------------------------------------------------------------------------------------------
BAR-estimator:         λ             λ+δλ          ΔΔA             ΔA            C               Δδe            δe       
                          
-----------------------------------------------------------------------------------------------------------------------------------
BAR-estimator:      0.00000        0.05000        1.3323         1.3323         1.3323         0.0111         0.0111 
BAR-estimator:      0.05000        0.10000        0.8275         2.1598         0.8275         0.0094         0.0145 
BAR-estimator:      0.10000        0.15000        0.5075         2.6673         0.5075         0.0081         0.0167 
BAR-estimator:      0.15000        0.20000        0.3149         2.9822         0.3149         0.0053         0.0175 
BAR-estimator:      0.20000        0.25000        0.2034         3.1857         0.2034         0.0051         0.0182 
BAR-estimator:      0.25000        0.30000        0.1440         3.3296         0.1440         0.0043         0.0187 
BAR-estimator:      0.30000        0.35000        0.0913         3.4210         0.0913         0.0037         0.0191 
BAR-estimator:      0.35000        0.40000        0.0502         3.4712         0.0502         0.0033         0.0194 
BAR-estimator:      0.40000        0.45000        0.0358         3.5069         0.0358         0.0034         0.0197 
BAR-estimator:      0.45000        0.50000        0.0112         3.5182         0.0112         0.0033         0.0199 
BAR-estimator:      0.50000        0.55000        0.0021         3.5202         0.0021         0.0034         0.0202 
BAR-estimator:      0.55000        0.60000       -0.0268         3.4934        -0.0268         0.0033         0.0205 
BAR-estimator:      0.60000        0.65000       -0.0555         3.4379        -0.0555         0.0034         0.0208 
BAR-estimator:      0.65000        0.70000       -0.0726         3.3653        -0.0726         0.0033         0.0210 
BAR-estimator:      0.70000        0.75000       -0.0797         3.2855        -0.0797         0.0032         0.0213 
BAR-estimator:      0.75000        0.80000       -0.0964         3.1892        -0.0964         0.0032         0.0215 
BAR-estimator:      0.80000        0.85000       -0.1012         3.0879        -0.1012         0.0028         0.0217 
BAR-estimator:      0.85000        0.90000       -0.1137         2.9742        -0.1137         0.0032         0.0219 
BAR-estimator:      0.90000        0.95000       -0.1166         2.8576        -0.1166         0.0035         0.0222 
BAR-estimator:      0.95000        1.00000       -0.1254         2.7323        -0.1254         0.0031         0.0224 
BAR-estimator: total free energy change is 2.7322722979937906 , total error is 0.02242768249475457
