#========================================================================================
#                     Free energy perturbation    
#----------------------------------------------------------------------------------------
#forward/backward          λ              ΔΔA                 ΔA                  δε   
#                                                 
#----------------------------------------------------------------------------------------
forward:               0.0000              0.0000              0.0000              0.0000  
forward:               0.0500              1.7454              1.7454              0.0277  
forward:               0.1000              0.9890              2.7344              0.0337  
forward:               0.1500              0.5326              3.2671              0.0359  
forward:               0.2000              0.2617              3.5287              0.0370  
forward:               0.2500              0.1503              3.6790              0.0375  
forward:               0.3000              0.0463              3.7252              0.0379  
forward:               0.3500              0.0019              3.7272              0.0384  
forward:               0.4000             -0.0430              3.6841              0.0385  
forward:               0.4500             -0.0761              3.6081              0.0388  
forward:               0.5000             -0.0886              3.5194              0.0390  
forward:               0.5500             -0.2081              3.3113              0.0395  
forward:               0.6000             -0.4267              2.8847              0.0402  
forward:               0.6500             -0.5912              2.2934              0.0406  
forward:               0.7000             -0.7712              1.5223              0.0412  
forward:               0.7500             -0.8739              0.6483              0.0417  
forward:               0.8000             -0.9410             -0.2926              0.0424  
forward:               0.8500             -0.9778             -1.2705              0.0427  
forward:               0.9000             -1.0178             -2.2883              0.0431  
forward:               0.9500             -1.0191             -3.3074              0.0434  
forward:               1.0000             -1.0188             -4.3262              0.0438  
backward:              1.0000              0.0000             -4.3262              0.0000  
backward:              0.9500              1.0101             -3.3161              0.0077  
backward:              0.9000              1.0243             -2.2918              0.0096  
backward:              0.8500              1.0108             -1.2810              0.0114  
backward:              0.8000              0.9893             -0.2917              0.0133  
backward:              0.7500              0.9305              0.6388              0.0152  
backward:              0.7000              0.8600              1.4988              0.0168  
backward:              0.6500              0.7401              2.2389              0.0183  
backward:              0.6000              0.5965              2.8355              0.0196  
backward:              0.5500              0.4294              3.2649              0.0208  
backward:              0.5000              0.1965              3.4614              0.0235  
backward:              0.4500              0.0837              3.5451              0.0242  
backward:              0.4000              0.0637              3.6088              0.0249  
backward:              0.3500              0.0391              3.6478              0.0262  
backward:              0.3000             -0.0034              3.6444              0.0271  
backward:              0.2500             -0.0579              3.5865              0.0282  
backward:              0.2000             -0.1305              3.4560              0.0292  
backward:              0.1500             -0.2269              3.2290              0.0313  
backward:              0.1000             -0.5158              2.7132              0.0365  
backward:              0.0500             -0.9711              1.7421              0.0440  
backward:              0.0000             -1.9400             -0.1979              0.1101  
Inaccuracy estimation
======================================================================================================
                   i        i+δi          P0_overlap_P1   δε(forward)/ε   δε(backward)/ε
======================================================================================================
inaccuracy:  0.00000        0.05000           35.50           -0.03            1.87
inaccuracy:  0.05000        0.10000           44.02           -0.04            1.21
inaccuracy:  0.10000        0.15000           54.13           -0.02            0.61
inaccuracy:  0.15000        0.20000           61.77           -0.02            0.37
inaccuracy:  0.20000        0.25000           65.51           -0.02            0.23
inaccuracy:  0.25000        0.30000           70.68           -0.01            0.16
inaccuracy:  0.30000        0.35000           70.92           -0.01            0.14
inaccuracy:  0.35000        0.40000           72.76           -0.02            0.12
inaccuracy:  0.40000        0.45000           74.53           -0.01            0.11
inaccuracy:  0.45000        0.50000           73.74           -0.01            0.11
inaccuracy:  0.50000        0.55000           65.64           -0.07            0.16
inaccuracy:  0.55000        0.60000           66.56           -0.10            0.10
inaccuracy:  0.60000        0.65000           66.56           -0.10            0.08
inaccuracy:  0.65000        0.70000           69.14           -0.09            0.06
inaccuracy:  0.70000        0.75000           67.99           -0.11            0.05
inaccuracy:  0.75000        0.80000           67.21           -0.09            0.05
inaccuracy:  0.80000        0.85000           66.47           -0.11            0.05
inaccuracy:  0.85000        0.90000           66.95           -0.09            0.05
inaccuracy:  0.90000        0.95000           65.89           -0.10            0.05
inaccuracy:  0.95000        1.00000           66.29           -0.09            0.05
===================================================================================================================================
                BAR        
-----------------------------------------------------------------------------------------------------------------------------------
BAR-estimator:         λ             λ+δλ          ΔΔA             ΔA            C               Δδe            δe       
                          
-----------------------------------------------------------------------------------------------------------------------------------
BAR-estimator:      0.00000        0.05000        1.7801         1.7801         1.7801         0.0138         0.0138 
BAR-estimator:      0.05000        0.10000        0.9990         2.7791         0.9990         0.0108         0.0175 
BAR-estimator:      0.10000        0.15000        0.5279         3.3069         0.5279         0.0081         0.0193 
BAR-estimator:      0.15000        0.20000        0.2579         3.5648         0.2579         0.0062         0.0203 
BAR-estimator:      0.20000        0.25000        0.1424         3.7072         0.1424         0.0054         0.0210 
BAR-estimator:      0.25000        0.30000        0.0516         3.7588         0.0516         0.0043         0.0214 
BAR-estimator:      0.30000        0.35000        0.0023         3.7611         0.0023         0.0041         0.0218 
BAR-estimator:      0.35000        0.40000       -0.0417         3.7195        -0.0417         0.0040         0.0222 
BAR-estimator:      0.40000        0.45000       -0.0706         3.6489        -0.0706         0.0034         0.0224 
BAR-estimator:      0.45000        0.50000       -0.0882         3.5607        -0.0882         0.0033         0.0227 
BAR-estimator:      0.50000        0.55000       -0.2074         3.3532        -0.2074         0.0042         0.0231 
BAR-estimator:      0.55000        0.60000       -0.4290         2.9242        -0.4290         0.0043         0.0235 
BAR-estimator:      0.60000        0.65000       -0.5920         2.3323        -0.5920         0.0045         0.0239 
BAR-estimator:      0.65000        0.70000       -0.7506         1.5816        -0.7506         0.0042         0.0242 
BAR-estimator:      0.70000        0.75000       -0.8679         0.7138        -0.8679         0.0044         0.0246 
BAR-estimator:      0.75000        0.80000       -0.9365        -0.2228        -0.9365         0.0046         0.0250 
BAR-estimator:      0.80000        0.85000       -0.9810        -1.2038        -0.9810         0.0043         0.0254 
BAR-estimator:      0.85000        0.90000       -1.0150        -2.2188        -1.0150         0.0045         0.0258 
BAR-estimator:      0.90000        0.95000       -1.0182        -3.2370        -1.0182         0.0046         0.0262 
BAR-estimator:      0.95000        1.00000       -1.0159        -4.2530        -1.0159         0.0042         0.0265 
BAR-estimator: total free energy change is -4.252951327329376 , total error is 0.026547419119296187
