#========================================================================================
#                     Free energy perturbation    
#----------------------------------------------------------------------------------------
#forward/backward          λ              ΔΔA                 ΔA                  δε   
#                                                 
#----------------------------------------------------------------------------------------
forward:               0.0000              0.0000              0.0000              0.0000  
forward:               0.0500              2.4985              2.4985              0.0388  
forward:               0.1000              1.2553              3.7538              0.0466  
forward:               0.1500              0.5170              4.2709              0.0494  
forward:               0.2000              0.1581              4.4290              0.0506  
forward:               0.2500             -0.0155              4.4135              0.0509  
forward:               0.3000             -0.1289              4.2845              0.0514  
forward:               0.3500             -0.1817              4.1029              0.0517  
forward:               0.4000             -0.2424              3.8605              0.0520  
forward:               0.4500             -0.2700              3.5904              0.0523  
forward:               0.5000             -0.2999              3.2905              0.0525  
forward:               0.5500             -0.5960              2.6945              0.0532  
forward:               0.6000             -1.1278              1.5667              0.0540  
forward:               0.6500             -1.6418             -0.0751              0.0552  
forward:               0.7000             -2.1164             -2.1914              0.0564  
forward:               0.7500             -2.3423             -4.5337              0.0570  
forward:               0.8000             -2.4460             -6.9797              0.0577  
forward:               0.8500             -2.4695             -9.4492              0.0583  
forward:               0.9000             -2.4534            -11.9026              0.0586  
forward:               0.9500             -2.3967            -14.2992              0.0590  
forward:               1.0000             -2.3468            -16.6460              0.0593  
backward:              1.0000              0.0000            -16.6460              0.0000  
backward:              0.9500              2.3303            -14.3157              0.0111  
backward:              0.9000              2.4125            -11.9031              0.0154  
backward:              0.8500              2.4614             -9.4417              0.0196  
backward:              0.8000              2.4652             -6.9765              0.0223  
backward:              0.7500              2.4512             -4.5252              0.0259  
backward:              0.7000              2.3349             -2.1904              0.0288  
backward:              0.6500              2.0891             -0.1012              0.0311  
backward:              0.6000              1.6506              1.5493              0.0331  
backward:              0.5500              1.1296              2.6789              0.0346  
backward:              0.5000              0.5860              3.2649              0.0359  
backward:              0.4500              0.3100              3.5749              0.0363  
backward:              0.4000              0.2781              3.8529              0.0369  
backward:              0.3500              0.2462              4.0991              0.0374  
backward:              0.3000              0.1918              4.2909              0.0382  
backward:              0.2500              0.1073              4.3983              0.0391  
backward:              0.2000              0.0036              4.4019              0.0402  
backward:              0.1500             -0.1853              4.2166              0.0487  
backward:              0.1000             -0.5400              3.6767              0.0539  
backward:              0.0500             -1.2182              2.4584              0.0819  
backward:              0.0000             -2.3046              0.1539              0.0886  
Inaccuracy estimation
======================================================================================================
                   i        i+δi          P0_overlap_P1   δε(forward)/ε   δε(backward)/ε
======================================================================================================
inaccuracy:  0.00000        0.05000           24.52            0.07            3.27
inaccuracy:  0.05000        0.10000           34.70           -0.10            1.82
inaccuracy:  0.10000        0.15000           49.09           -0.05            0.83
inaccuracy:  0.15000        0.20000           58.08           -0.04            0.43
inaccuracy:  0.20000        0.25000           64.18           -0.03            0.25
inaccuracy:  0.25000        0.30000           67.69           -0.04            0.19
inaccuracy:  0.30000        0.35000           67.52           -0.03            0.16
inaccuracy:  0.35000        0.40000           68.93           -0.03            0.14
inaccuracy:  0.40000        0.45000           69.31           -0.04            0.12
inaccuracy:  0.45000        0.50000           69.79           -0.03            0.12
inaccuracy:  0.50000        0.55000           56.05           -0.24            0.19
inaccuracy:  0.55000        0.60000           54.58           -0.37            0.09
inaccuracy:  0.60000        0.65000           53.54           -0.42            0.02
inaccuracy:  0.65000        0.70000           54.96           -0.36           -0.05
inaccuracy:  0.70000        0.75000           56.31           -0.35           -0.08
inaccuracy:  0.75000        0.80000           55.57           -0.37           -0.12
inaccuracy:  0.80000        0.85000           56.33           -0.39           -0.10
inaccuracy:  0.85000        0.90000           54.22           -0.40           -0.12
inaccuracy:  0.90000        0.95000           53.81           -0.39           -0.11
inaccuracy:  0.95000        1.00000           54.04           -0.37           -0.08
===================================================================================================================================
                BAR        
-----------------------------------------------------------------------------------------------------------------------------------
BAR-estimator:         λ             λ+δλ          ΔΔA             ΔA            C               Δδe            δe       
                          
-----------------------------------------------------------------------------------------------------------------------------------
BAR-estimator:      0.00000        0.05000        2.4610         2.4610         2.4610         0.0161         0.0161 
BAR-estimator:      0.05000        0.10000        1.2434         3.7044         1.2434         0.0136         0.0211 
BAR-estimator:      0.10000        0.15000        0.5295         4.2339         0.5295         0.0094         0.0231 
BAR-estimator:      0.15000        0.20000        0.1601         4.3940         0.1601         0.0070         0.0241 
BAR-estimator:      0.20000        0.25000       -0.0087         4.3853        -0.0087         0.0036         0.0244 
BAR-estimator:      0.25000        0.30000       -0.1197         4.2657        -0.1197         0.0050         0.0249 
BAR-estimator:      0.30000        0.35000       -0.1831         4.0826        -0.1831         0.0045         0.0253 
BAR-estimator:      0.35000        0.40000       -0.2403         3.8423        -0.2403         0.0040         0.0256 
BAR-estimator:      0.40000        0.45000       -0.2736         3.5687        -0.2736         0.0037         0.0258 
BAR-estimator:      0.45000        0.50000       -0.3034         3.2654        -0.3034         0.0033         0.0261 
BAR-estimator:      0.50000        0.55000       -0.5895         2.6759        -0.5895         0.0050         0.0265 
BAR-estimator:      0.55000        0.60000       -1.1282         1.5477        -1.1282         0.0048         0.0270 
BAR-estimator:      0.60000        0.65000       -1.6497        -0.1020        -1.6497         0.0061         0.0276 
BAR-estimator:      0.65000        0.70000       -2.0978        -2.1998        -2.0978         0.0061         0.0283 
BAR-estimator:      0.70000        0.75000       -2.3424        -4.5421        -2.3424         0.0056         0.0289 
BAR-estimator:      0.75000        0.80000       -2.4511        -6.9932        -2.4511         0.0051         0.0293 
BAR-estimator:      0.80000        0.85000       -2.4702        -9.4635        -2.4702         0.0054         0.0298 
BAR-estimator:      0.85000        0.90000       -2.4633       -11.9267        -2.4633         0.0052         0.0302 
BAR-estimator:      0.90000        0.95000       -2.4097       -14.3364        -2.4097         0.0057         0.0308 
BAR-estimator:      0.95000        1.00000       -2.3455       -16.6818        -2.3455         0.0054         0.0313 
BAR-estimator: total free energy change is -16.681845404548945 , total error is 0.031254434422063056
