#========================================================================================
#                     Free energy perturbation    
#----------------------------------------------------------------------------------------
#forward/backward          λ              ΔΔA                 ΔA                  δε   
#                                                 
#----------------------------------------------------------------------------------------
forward:               0.0000              0.0000              0.0000              0.0000  
forward:               0.0500              1.4121              1.4121              0.0174  
forward:               0.1000              0.9299              2.3420              0.0237  
forward:               0.1500              0.5429              2.8849              0.0271  
forward:               0.2000              0.2933              3.1782              0.0296  
forward:               0.2500              0.1732              3.3514              0.0306  
forward:               0.3000              0.0941              3.4455              0.0312  
forward:               0.3500              0.0291              3.4746              0.0316  
forward:               0.4000             -0.0013              3.4734              0.0320  
forward:               0.4500             -0.0270              3.4463              0.0324  
forward:               0.5000             -0.0520              3.3943              0.0327  
forward:               0.5500             -0.1360              3.2583              0.0332  
forward:               0.6000             -0.3133              2.9450              0.0336  
forward:               0.6500             -0.5062              2.4388              0.0341  
forward:               0.7000             -0.6499              1.7889              0.0347  
forward:               0.7500             -0.7580              1.0309              0.0352  
forward:               0.8000             -0.8354              0.1955              0.0357  
forward:               0.8500             -0.8875             -0.6920              0.0361  
forward:               0.9000             -0.9927             -1.6848              0.0897  
forward:               0.9500             -0.8953             -2.5801              0.0898  
forward:               1.0000             -0.9002             -3.4803              0.0900  
backward:              1.0000              0.0000             -3.4803              0.0000  
backward:              0.9500              0.9204             -2.5599              0.0059  
backward:              0.9000              0.9463             -1.6136              0.0297  
backward:              0.8500              0.9212             -0.6924              0.0304  
backward:              0.8000              0.8873              0.1949              0.0310  
backward:              0.7500              0.8201              1.0150              0.0317  
backward:              0.7000              0.7605              1.7755              0.0324  
backward:              0.6500              0.6440              2.4195              0.0330  
backward:              0.6000              0.4817              2.9011              0.0334  
backward:              0.5500              0.3075              3.2086              0.0340  
backward:              0.5000              0.1317              3.3403              0.0346  
backward:              0.4500              0.0460              3.3863              0.0350  
backward:              0.4000              0.0295              3.4158              0.0353  
backward:              0.3500              0.0084              3.4242              0.0358  
backward:              0.3000             -0.0399              3.3843              0.0363  
backward:              0.2500             -0.0881              3.2962              0.0371  
backward:              0.2000             -0.1843              3.1119              0.0385  
backward:              0.1500             -0.3193              2.7926              0.0403  
backward:              0.1000             -0.5253              2.2674              0.0428  
backward:              0.0500             -0.9150              1.3524              0.0475  
backward:              0.0000             -1.4047             -0.0524              0.0513  
Inaccuracy estimation
======================================================================================================
                   i        i+δi          P0_overlap_P1   δε(forward)/ε   δε(backward)/ε
======================================================================================================
inaccuracy:  0.00000        0.05000           41.66           -0.03            1.33
inaccuracy:  0.05000        0.10000           46.84           -0.05            0.94
inaccuracy:  0.10000        0.15000           54.27           -0.03            0.59
inaccuracy:  0.15000        0.20000           62.93           -0.02            0.34
inaccuracy:  0.20000        0.25000           66.39           -0.02            0.24
inaccuracy:  0.25000        0.30000           67.84           -0.02            0.20
inaccuracy:  0.30000        0.35000           71.75           -0.01            0.16
inaccuracy:  0.35000        0.40000           71.61           -0.02            0.15
inaccuracy:  0.40000        0.45000           72.31           -0.02            0.13
inaccuracy:  0.45000        0.50000           73.18           -0.02            0.11
inaccuracy:  0.50000        0.55000           65.89           -0.07            0.15
inaccuracy:  0.55000        0.60000           66.90           -0.08            0.11
inaccuracy:  0.60000        0.65000           67.70           -0.08            0.09
inaccuracy:  0.65000        0.70000           66.79           -0.10            0.09
inaccuracy:  0.70000        0.75000           66.07           -0.09            0.07
inaccuracy:  0.75000        0.80000           66.95           -0.10            0.06
inaccuracy:  0.80000        0.85000           66.35           -0.09            0.07
inaccuracy:  0.85000        0.90000           69.45           -0.07            0.06
inaccuracy:  0.90000        0.95000           62.02           -0.16            0.07
inaccuracy:  0.95000        1.00000           62.94           -0.13            0.08
===================================================================================================================================
                BAR        
-----------------------------------------------------------------------------------------------------------------------------------
BAR-estimator:         λ             λ+δλ          ΔΔA             ΔA            C               Δδe            δe       
                          
-----------------------------------------------------------------------------------------------------------------------------------
BAR-estimator:      0.00000        0.05000        1.4302         1.4302         1.4302         0.0087         0.0087 
BAR-estimator:      0.05000        0.10000        0.9235         2.3537         0.9235         0.0215         0.0231 
BAR-estimator:      0.10000        0.15000        0.5484         2.9021         0.5484         0.0082         0.0246 
BAR-estimator:      0.15000        0.20000        0.3041         3.2061         0.3041         0.0067         0.0255 
BAR-estimator:      0.20000        0.25000        0.1757         3.3818         0.1757         0.0052         0.0260 
BAR-estimator:      0.25000        0.30000        0.0929         3.4747         0.0929         0.0044         0.0264 
BAR-estimator:      0.30000        0.35000        0.0343         3.5090         0.0343         0.0038         0.0266 
BAR-estimator:      0.35000        0.40000       -0.0001         3.5090        -0.0001         0.0036         0.0269 
BAR-estimator:      0.40000        0.45000       -0.0266         3.4823        -0.0266         0.0041         0.0272 
BAR-estimator:      0.45000        0.50000       -0.0500         3.4323        -0.0500         0.0030         0.0274 
BAR-estimator:      0.50000        0.55000       -0.1331         3.2992        -0.1331         0.0036         0.0276 
BAR-estimator:      0.55000        0.60000       -0.3117         2.9875        -0.3117         0.0033         0.0278 
BAR-estimator:      0.60000        0.65000       -0.4928         2.4947        -0.4928         0.0053         0.0283 
BAR-estimator:      0.65000        0.70000       -0.6436         1.8511        -0.6436         0.0040         0.0286 
BAR-estimator:      0.70000        0.75000       -0.7561         1.0950        -0.7561         0.0038         0.0288 
BAR-estimator:      0.75000        0.80000       -0.8303         0.2648        -0.8303         0.0041         0.0291 
BAR-estimator:      0.80000        0.85000       -0.8845        -0.6198        -0.8845         0.0042         0.0294 
BAR-estimator:      0.85000        0.90000       -0.9492        -1.5690        -0.9492         0.0384         0.0484 
BAR-estimator:      0.90000        0.95000       -0.9260        -2.4949        -0.9260         0.0040         0.0485 
BAR-estimator:      0.95000        1.00000       -0.9150        -3.4099        -0.9150         0.0039         0.0487 
BAR-estimator: total free energy change is -3.4099397545246974 , total error is 0.04870192899367511
