#========================================================================================
#                     Free energy perturbation    
#----------------------------------------------------------------------------------------
#forward/backward          λ              ΔΔA                 ΔA                  δε   
#                                                 
#----------------------------------------------------------------------------------------
forward:               0.0000              0.0000              0.0000              0.0000  
forward:               0.0500              3.5909              3.5909              0.0554  
forward:               0.1000              1.9907              5.5816              0.0661  
forward:               0.1500              0.9466              6.5282              0.0692  
forward:               0.2000              0.4241              6.9523              0.0705  
forward:               0.2500              0.1523              7.1046              0.0715  
forward:               0.3000             -0.0140              7.0906              0.0721  
forward:               0.3500             -0.0951              6.9955              0.0725  
forward:               0.4000             -0.1615              6.8341              0.0729  
forward:               0.4500             -0.2157              6.6184              0.0733  
forward:               0.5000             -0.2679              6.3505              0.0735  
forward:               0.5500             -0.5570              5.7935              0.0741  
forward:               0.6000             -1.0788              4.7147              0.0749  
forward:               0.6500             -1.5361              3.1786              0.0758  
forward:               0.7000             -1.9028              1.2758              0.0773  
forward:               0.7500             -2.1291             -0.8533              0.0779  
forward:               0.8000             -2.1936             -3.0469              0.0784  
forward:               0.8500             -2.1654             -5.2122              0.0788  
forward:               0.9000             -2.1248             -7.3370              0.0793  
forward:               0.9500             -2.0520             -9.3889              0.0796  
forward:               1.0000             -2.0092            -11.3981              0.0799  
backward:              1.0000              0.0000            -11.3981              0.0000  
backward:              0.9500              1.9789             -9.4192              0.0127  
backward:              0.9000              2.0574             -7.3618              0.0174  
backward:              0.8500              2.1250             -5.2368              0.0188  
backward:              0.8000              2.1635             -3.0733              0.0217  
backward:              0.7500              2.1522             -0.9211              0.0284  
backward:              0.7000              2.1145              1.1934              0.0307  
backward:              0.6500              1.9069              3.1003              0.0333  
backward:              0.6000              1.5302              4.6305              0.0354  
backward:              0.5500              1.0510              5.6814              0.0394  
backward:              0.5000              0.5435              6.2250              0.0428  
backward:              0.4500              0.2512              6.4762              0.0433  
backward:              0.4000              0.2116              6.6878              0.0444  
backward:              0.3500              0.1476              6.8354              0.0456  
backward:              0.3000              0.1167              6.9520              0.0462  
backward:              0.2500             -0.0148              6.9373              0.0480  
backward:              0.2000             -0.1718              6.7655              0.0508  
backward:              0.1500             -0.4427              6.3228              0.0548  
backward:              0.1000             -0.9033              5.4195              0.0601  
backward:              0.0500             -1.8625              3.5569              0.0735  
backward:              0.0000             -3.4386              0.1183              0.1109  
Inaccuracy estimation
======================================================================================================
                   i        i+δi          P0_overlap_P1   δε(forward)/ε   δε(backward)/ε
======================================================================================================
inaccuracy:  0.00000        0.05000           17.98            0.48            5.00
inaccuracy:  0.05000        0.10000           26.90           -0.07            3.03
inaccuracy:  0.10000        0.15000           40.04           -0.11            1.40
inaccuracy:  0.15000        0.20000           50.30           -0.06            0.66
inaccuracy:  0.20000        0.25000           57.34           -0.05            0.40
inaccuracy:  0.25000        0.30000           61.59           -0.04            0.28
inaccuracy:  0.30000        0.35000           62.03           -0.04            0.23
inaccuracy:  0.35000        0.40000           64.45           -0.04            0.20
inaccuracy:  0.40000        0.45000           65.44           -0.04            0.16
inaccuracy:  0.45000        0.50000           68.01           -0.03            0.14
inaccuracy:  0.50000        0.55000           53.37           -0.26            0.27
inaccuracy:  0.55000        0.60000           54.56           -0.35            0.12
inaccuracy:  0.60000        0.65000           53.18           -0.42            0.04
inaccuracy:  0.65000        0.70000           52.87           -0.40           -0.02
inaccuracy:  0.70000        0.75000           55.56           -0.39           -0.06
inaccuracy:  0.75000        0.80000           56.93           -0.32           -0.05
inaccuracy:  0.80000        0.85000           55.32           -0.34           -0.06
inaccuracy:  0.85000        0.90000           55.57           -0.37           -0.05
inaccuracy:  0.90000        0.95000           53.52           -0.34           -0.02
inaccuracy:  0.95000        1.00000           53.28           -0.35            0.00
===================================================================================================================================
                BAR        
-----------------------------------------------------------------------------------------------------------------------------------
BAR-estimator:         λ             λ+δλ          ΔΔA             ΔA            C               Δδe            δe       
                          
-----------------------------------------------------------------------------------------------------------------------------------
BAR-estimator:      0.00000        0.05000        3.5411         3.5411         3.5411         0.0184         0.0184 
BAR-estimator:      0.05000        0.10000        1.9746         5.5158         1.9746         0.0159         0.0244 
BAR-estimator:      0.10000        0.15000        0.9450         6.4608         0.9450         0.0143         0.0283 
BAR-estimator:      0.15000        0.20000        0.4246         6.8854         0.4246         0.0086         0.0295 
BAR-estimator:      0.20000        0.25000        0.1554         7.0408         0.1554         0.0073         0.0304 
BAR-estimator:      0.25000        0.30000       -0.0063         7.0345        -0.0063         0.0063         0.0311 
BAR-estimator:      0.30000        0.35000       -0.1002         6.9343        -0.1002         0.0060         0.0317 
BAR-estimator:      0.35000        0.40000       -0.1616         6.7727        -0.1616         0.0056         0.0322 
BAR-estimator:      0.40000        0.45000       -0.2153         6.5575        -0.2153         0.0048         0.0325 
BAR-estimator:      0.45000        0.50000       -0.2602         6.2973        -0.2602         0.0041         0.0328 
BAR-estimator:      0.50000        0.55000       -0.5475         5.7498        -0.5475         0.0055         0.0332 
BAR-estimator:      0.55000        0.60000       -1.0687         4.6811        -1.0687         0.0055         0.0337 
BAR-estimator:      0.60000        0.65000       -1.5308         3.1503        -1.5308         0.0065         0.0343 
BAR-estimator:      0.65000        0.70000       -1.9008         1.2495        -1.9008         0.0076         0.0351 
BAR-estimator:      0.70000        0.75000       -2.1227        -0.8732        -2.1227         0.0059         0.0356 
BAR-estimator:      0.75000        0.80000       -2.1796        -3.0528        -2.1796         0.0057         0.0361 
BAR-estimator:      0.80000        0.85000       -2.1639        -5.2167        -2.1639         0.0060         0.0366 
BAR-estimator:      0.85000        0.90000       -2.1198        -7.3365        -2.1198         0.0064         0.0371 
BAR-estimator:      0.90000        0.95000       -2.0512        -9.3877        -2.0512         0.0057         0.0375 
BAR-estimator:      0.95000        1.00000       -1.9992       -11.3868        -1.9992         0.0046         0.0378 
BAR-estimator: total free energy change is -11.386847541219558 , total error is 0.03781685647627267
