#========================================================================================
#                     Free energy perturbation    
#----------------------------------------------------------------------------------------
#forward/backward          λ              ΔΔA                 ΔA                  δε   
#                                                 
#----------------------------------------------------------------------------------------
forward:               0.0000              0.0000              0.0000              0.0000  
forward:               0.0500              0.1851              0.1851              0.0045  
forward:               0.1000              0.1447              0.3298              0.0060  
forward:               0.1500              0.1281              0.4579              0.0071  
forward:               0.2000              0.1145              0.5724              0.0077  
forward:               0.2500              0.1121              0.6844              0.0082  
forward:               0.3000              0.0928              0.7773              0.0086  
forward:               0.3500              0.0929              0.8701              0.0092  
forward:               0.4000              0.0961              0.9662              0.0096  
forward:               0.4500              0.0864              1.0525              0.0099  
forward:               0.5000              0.0795              1.1321              0.0102  
forward:               0.5500             -0.0367              1.0954              0.0111  
forward:               0.6000             -0.2461              0.8493              0.0121  
forward:               0.6500             -0.4306              0.4187              0.0136  
forward:               0.7000             -0.6006             -0.1819              0.0151  
forward:               0.7500             -0.6807             -0.8625              0.0163  
forward:               0.8000             -0.6900             -1.5525              0.0168  
forward:               0.8500             -0.6547             -2.2071              0.0172  
forward:               0.9000             -0.6100             -2.8171              0.0175  
forward:               0.9500             -0.5714             -3.3886              0.0178  
forward:               1.0000             -0.5351             -3.9237              0.0181  
backward:              1.0000              0.0000             -3.9237              0.0000  
backward:              0.9500              0.5308             -3.3929              0.0043  
backward:              0.9000              0.5670             -2.8260              0.0059  
backward:              0.8500              0.6085             -2.2175              0.0089  
backward:              0.8000              0.6521             -1.5654              0.0099  
backward:              0.7500              0.6960             -0.8694              0.0114  
backward:              0.7000              0.6858             -0.1836              0.0131  
backward:              0.6500              0.6014              0.4178              0.0146  
backward:              0.6000              0.4352              0.8530              0.0159  
backward:              0.5500              0.2410              1.0940              0.0166  
backward:              0.5000              0.0398              1.1338              0.0173  
backward:              0.4500             -0.0854              1.0484              0.0176  
backward:              0.4000             -0.0854              0.9631              0.0179  
backward:              0.3500             -0.0900              0.8731              0.0182  
backward:              0.3000             -0.0984              0.7747              0.0184  
backward:              0.2500             -0.0998              0.6748              0.0188  
backward:              0.2000             -0.1072              0.5676              0.0191  
backward:              0.1500             -0.1135              0.4541              0.0194  
backward:              0.1000             -0.1270              0.3271              0.0197  
backward:              0.0500             -0.1357              0.1914              0.0202  
backward:              0.0000             -0.1626              0.0288              0.0211  
Inaccuracy estimation
======================================================================================================
                   i        i+δi          P0_overlap_P1   δε(forward)/ε   δε(backward)/ε
======================================================================================================
inaccuracy:  0.00000        0.05000           79.27           -0.00            0.17
inaccuracy:  0.05000        0.10000           81.84            0.00            0.10
inaccuracy:  0.10000        0.15000           84.50           -0.00            0.07
inaccuracy:  0.15000        0.20000           84.91           -0.00            0.06
inaccuracy:  0.20000        0.25000           85.38           -0.00            0.06
inaccuracy:  0.25000        0.30000           87.47           -0.00            0.05
inaccuracy:  0.30000        0.35000           87.64           -0.00            0.04
inaccuracy:  0.35000        0.40000           85.21           -0.00            0.05
inaccuracy:  0.40000        0.45000           86.60           -0.00            0.04
inaccuracy:  0.45000        0.50000           87.94           -0.00            0.04
inaccuracy:  0.50000        0.55000           74.43           -0.05            0.10
inaccuracy:  0.55000        0.60000           75.12           -0.07            0.05
inaccuracy:  0.60000        0.65000           71.78           -0.09            0.04
inaccuracy:  0.65000        0.70000           71.93           -0.07            0.03
inaccuracy:  0.70000        0.75000           73.25           -0.07            0.03
inaccuracy:  0.75000        0.80000           75.00           -0.06            0.04
inaccuracy:  0.80000        0.85000           74.86           -0.04            0.04
inaccuracy:  0.85000        0.90000           73.34           -0.05            0.05
inaccuracy:  0.90000        0.95000           73.74           -0.04            0.06
inaccuracy:  0.95000        1.00000           73.02           -0.04            0.07
===================================================================================================================================
                BAR        
-----------------------------------------------------------------------------------------------------------------------------------
BAR-estimator:         λ             λ+δλ          ΔΔA             ΔA            C               Δδe            δe       
                          
-----------------------------------------------------------------------------------------------------------------------------------
BAR-estimator:      0.00000        0.05000        0.1823         0.1823         0.1823         0.0038         0.0038 
BAR-estimator:      0.05000        0.10000        0.1417         0.3240         0.1417         0.0023         0.0044 
BAR-estimator:      0.10000        0.15000        0.1278         0.4518         0.1278         0.0026         0.0051 
BAR-estimator:      0.15000        0.20000        0.1138         0.5656         0.1138         0.0020         0.0055 
BAR-estimator:      0.20000        0.25000        0.1107         0.6763         0.1107         0.0020         0.0058 
BAR-estimator:      0.25000        0.30000        0.0956         0.7719         0.0956         0.0021         0.0062 
BAR-estimator:      0.30000        0.35000        0.0952         0.8671         0.0952         0.0023         0.0066 
BAR-estimator:      0.35000        0.40000        0.0931         0.9602         0.0931         0.0021         0.0069 
BAR-estimator:      0.40000        0.45000        0.0860         1.0462         0.0860         0.0019         0.0072 
BAR-estimator:      0.45000        0.50000        0.0812         1.1275         0.0812         0.0018         0.0074 
BAR-estimator:      0.50000        0.55000       -0.0380         1.0895        -0.0380         0.0030         0.0080 
BAR-estimator:      0.55000        0.60000       -0.2419         0.8476        -0.2419         0.0032         0.0086 
BAR-estimator:      0.60000        0.65000       -0.4341         0.4135        -0.4341         0.0044         0.0097 
BAR-estimator:      0.65000        0.70000       -0.5990        -0.1856        -0.5990         0.0041         0.0105 
BAR-estimator:      0.70000        0.75000       -0.6850        -0.8706        -0.6850         0.0042         0.0113 
BAR-estimator:      0.75000        0.80000       -0.6908        -1.5614        -0.6908         0.0031         0.0117 
BAR-estimator:      0.80000        0.85000       -0.6529        -2.2143        -0.6529         0.0028         0.0121 
BAR-estimator:      0.85000        0.90000       -0.6135        -2.8278        -0.6135         0.0027         0.0124 
BAR-estimator:      0.90000        0.95000       -0.5693        -3.3971        -0.5693         0.0029         0.0127 
BAR-estimator:      0.95000        1.00000       -0.5340        -3.9312        -0.5340         0.0028         0.0130 
BAR-estimator: total free energy change is -3.931167467516125 , total error is 0.012994280041983117
