#========================================================================================
#                     Free energy perturbation    
#----------------------------------------------------------------------------------------
#forward/backward          λ              ΔΔA                 ΔA                  δε   
#                                                 
#----------------------------------------------------------------------------------------
forward:               0.0000              0.0000              0.0000              0.0000  
forward:               0.0500              0.9979              0.9979              0.0185  
forward:               0.1000              0.6301              1.6280              0.0214  
forward:               0.1500              0.3872              2.0152              0.0240  
forward:               0.2000              0.2572              2.2724              0.0251  
forward:               0.2500              0.1670              2.4394              0.0260  
forward:               0.3000              0.1214              2.5608              0.0266  
forward:               0.3500              0.0817              2.6425              0.0273  
forward:               0.4000              0.0595              2.7020              0.0278  
forward:               0.4500              0.0336              2.7356              0.0282  
forward:               0.5000              0.0088              2.7444              0.0285  
forward:               0.5500             -0.0346              2.7098              0.0290  
forward:               0.6000             -0.1249              2.5849              0.0298  
forward:               0.6500             -0.2102              2.3748              0.0303  
forward:               0.7000             -0.2892              2.0855              0.0308  
forward:               0.7500             -0.3477              1.7378              0.0312  
forward:               0.8000             -0.4046              1.3332              0.0315  
forward:               0.8500             -0.4207              0.9125              0.0318  
forward:               0.9000             -0.4291              0.4834              0.0322  
forward:               0.9500             -0.4316              0.0518              0.0324  
forward:               1.0000             -0.4389             -0.3871              0.0327  
backward:              1.0000              0.0000             -0.3871              0.0000  
backward:              0.9500              0.4337              0.0466              0.0054  
backward:              0.9000              0.4288              0.4754              0.0074  
backward:              0.8500              0.4342              0.9097              0.0093  
backward:              0.8000              0.4147              1.3244              0.0106  
backward:              0.7500              0.4002              1.7246              0.0119  
backward:              0.7000              0.3492              2.0738              0.0131  
backward:              0.6500              0.2942              2.3680              0.0144  
backward:              0.6000              0.2134              2.5814              0.0154  
backward:              0.5500              0.1274              2.7088              0.0161  
backward:              0.5000              0.0347              2.7436              0.0174  
backward:              0.4500             -0.0160              2.7276              0.0184  
backward:              0.4000             -0.0378              2.6898              0.0191  
backward:              0.3500             -0.0577              2.6320              0.0202  
backward:              0.3000             -0.0779              2.5542              0.0210  
backward:              0.2500             -0.1295              2.4247              0.0222  
backward:              0.2000             -0.1778              2.2469              0.0237  
backward:              0.1500             -0.2423              2.0046              0.0251  
backward:              0.1000             -0.3868              1.6179              0.0279  
backward:              0.0500             -0.6771              0.9408              0.0495  
backward:              0.0000             -0.9841             -0.0433              0.0548  
Inaccuracy estimation
======================================================================================================
                   i        i+δi          P0_overlap_P1   δε(forward)/ε   δε(backward)/ε
======================================================================================================
inaccuracy:  0.00000        0.05000           47.16           -0.02            0.91
inaccuracy:  0.05000        0.10000           56.61           -0.02            0.60
inaccuracy:  0.10000        0.15000           63.03           -0.02            0.36
inaccuracy:  0.15000        0.20000           67.28           -0.01            0.24
inaccuracy:  0.20000        0.25000           71.29           -0.01            0.19
inaccuracy:  0.25000        0.30000           72.36           -0.01            0.13
inaccuracy:  0.30000        0.35000           73.85           -0.01            0.14
inaccuracy:  0.35000        0.40000           73.84           -0.01            0.12
inaccuracy:  0.40000        0.45000           74.82           -0.01            0.10
inaccuracy:  0.45000        0.50000           76.07           -0.01            0.10
inaccuracy:  0.50000        0.55000           72.15           -0.04            0.11
inaccuracy:  0.55000        0.60000           71.88           -0.05            0.10
inaccuracy:  0.60000        0.65000           70.81           -0.05            0.09
inaccuracy:  0.65000        0.70000           71.30           -0.04            0.08
inaccuracy:  0.70000        0.75000           71.52           -0.05            0.08
inaccuracy:  0.75000        0.80000           72.55           -0.04            0.08
inaccuracy:  0.80000        0.85000           72.43           -0.04            0.08
inaccuracy:  0.85000        0.90000           71.20           -0.04            0.08
inaccuracy:  0.90000        0.95000           72.03           -0.04            0.08
inaccuracy:  0.95000        1.00000           72.01           -0.04            0.08
===================================================================================================================================
                BAR        
-----------------------------------------------------------------------------------------------------------------------------------
BAR-estimator:         λ             λ+δλ          ΔΔA             ΔA            C               Δδe            δe       
                          
-----------------------------------------------------------------------------------------------------------------------------------
BAR-estimator:      0.00000        0.05000        0.9987         0.9987         0.9987         0.0102         0.0102 
BAR-estimator:      0.05000        0.10000        0.6270         1.6258         0.6270         0.0070         0.0123 
BAR-estimator:      0.10000        0.15000        0.3899         2.0156         0.3899         0.0070         0.0142 
BAR-estimator:      0.15000        0.20000        0.2551         2.2707         0.2551         0.0054         0.0152 
BAR-estimator:      0.20000        0.25000        0.1707         2.4414         0.1707         0.0041         0.0157 
BAR-estimator:      0.25000        0.30000        0.1217         2.5631         0.1217         0.0040         0.0162 
BAR-estimator:      0.30000        0.35000        0.0834         2.6466         0.0834         0.0041         0.0167 
BAR-estimator:      0.35000        0.40000        0.0569         2.7034         0.0569         0.0036         0.0171 
BAR-estimator:      0.40000        0.45000        0.0347         2.7381         0.0347         0.0034         0.0175 
BAR-estimator:      0.45000        0.50000        0.0111         2.7492         0.0111         0.0030         0.0177 
BAR-estimator:      0.50000        0.55000       -0.0351         2.7141        -0.0351         0.0036         0.0181 
BAR-estimator:      0.55000        0.60000       -0.1274         2.5867        -0.1274         0.0040         0.0185 
BAR-estimator:      0.60000        0.65000       -0.2138         2.3729        -0.2138         0.0037         0.0189 
BAR-estimator:      0.65000        0.70000       -0.2918         2.0811        -0.2918         0.0037         0.0192 
BAR-estimator:      0.70000        0.75000       -0.3492         1.7319        -0.3492         0.0035         0.0196 
BAR-estimator:      0.75000        0.80000       -0.4011         1.3309        -0.4011         0.0028         0.0198 
BAR-estimator:      0.80000        0.85000       -0.4154         0.9155        -0.4154         0.0035         0.0201 
BAR-estimator:      0.85000        0.90000       -0.4304         0.4851        -0.4304         0.0030         0.0203 
BAR-estimator:      0.90000        0.95000       -0.4296         0.0555        -0.4296         0.0033         0.0206 
BAR-estimator:      0.95000        1.00000       -0.4353        -0.3798        -0.4353         0.0058         0.0214 
BAR-estimator: total free energy change is -0.37978056314379693 , total error is 0.02137139902011371
