#========================================================================================
#                     Free energy perturbation    
#----------------------------------------------------------------------------------------
#forward/backward          λ              ΔΔA                 ΔA                  δε   
#                                                 
#----------------------------------------------------------------------------------------
forward:               0.0000              0.0000              0.0000              0.0000  
forward:               0.0500              1.3715              1.3715              0.0243  
forward:               0.1000              0.7772              2.1488              0.0292  
forward:               0.1500              0.4169              2.5656              0.0320  
forward:               0.2000              0.2249              2.7905              0.0332  
forward:               0.2500              0.1425              2.9331              0.0339  
forward:               0.3000              0.0735              3.0065              0.0342  
forward:               0.3500              0.0338              3.0404              0.0346  
forward:               0.4000             -0.0049              3.0354              0.0349  
forward:               0.4500             -0.0300              3.0054              0.0353  
forward:               0.5000             -0.0550              2.9504              0.0355  
forward:               0.5500             -0.2070              2.7434              0.0363  
forward:               0.6000             -0.5243              2.2192              0.0372  
forward:               0.6500             -0.8049              1.4142              0.0386  
forward:               0.7000             -1.0421              0.3722              0.0397  
forward:               0.7500             -1.2001             -0.8279              0.0404  
forward:               0.8000             -1.2789             -2.1068              0.0410  
forward:               0.8500             -1.2865             -3.3933              0.0413  
forward:               0.9000             -1.2914             -4.6847              0.0416  
forward:               0.9500             -1.2803             -5.9650              0.0419  
forward:               1.0000             -1.2789             -7.2439              0.0420  
backward:              1.0000              0.0000             -7.2439              0.0000  
backward:              0.9500              1.2848             -5.9591              0.0053  
backward:              0.9000              1.2856             -4.6735              0.0083  
backward:              0.8500              1.2782             -3.3953              0.0106  
backward:              0.8000              1.2921             -2.1032              0.0128  
backward:              0.7500              1.2601             -0.8431              0.0159  
backward:              0.7000              1.1982              0.3551              0.0183  
backward:              0.6500              1.0520              1.4072              0.0205  
backward:              0.6000              0.8143              2.2215              0.0224  
backward:              0.5500              0.5162              2.7377              0.0228  
backward:              0.5000              0.2098              2.9475              0.0242  
backward:              0.4500              0.0480              2.9955              0.0247  
backward:              0.4000              0.0219              3.0174              0.0252  
backward:              0.3500              0.0050              3.0225              0.0258  
backward:              0.3000             -0.0328              2.9897              0.0264  
backward:              0.2500             -0.0656              2.9241              0.0272  
backward:              0.2000             -0.1292              2.7949              0.0283  
backward:              0.1500             -0.2512              2.5437              0.0304  
backward:              0.1000             -0.4307              2.1130              0.0341  
backward:              0.0500             -0.7688              1.3442              0.0430  
backward:              0.0000             -1.4309             -0.0867              0.0552  
Inaccuracy estimation
======================================================================================================
                   i        i+δi          P0_overlap_P1   δε(forward)/ε   δε(backward)/ε
======================================================================================================
inaccuracy:  0.00000        0.05000           40.39           -0.03            1.33
inaccuracy:  0.05000        0.10000           49.92           -0.03            0.89
inaccuracy:  0.10000        0.15000           60.85           -0.02            0.43
inaccuracy:  0.15000        0.20000           68.85           -0.01            0.25
inaccuracy:  0.20000        0.25000           69.37           -0.01            0.18
inaccuracy:  0.25000        0.30000           72.12           -0.01            0.14
inaccuracy:  0.30000        0.35000           73.78           -0.01            0.12
inaccuracy:  0.35000        0.40000           75.27           -0.01            0.10
inaccuracy:  0.40000        0.45000           76.71           -0.01            0.09
inaccuracy:  0.45000        0.50000           76.26           -0.01            0.08
inaccuracy:  0.50000        0.55000           63.64           -0.09            0.18
inaccuracy:  0.55000        0.60000           65.57           -0.13            0.09
inaccuracy:  0.60000        0.65000           64.24           -0.16            0.06
inaccuracy:  0.65000        0.70000           63.37           -0.17            0.04
inaccuracy:  0.70000        0.75000           64.89           -0.13            0.02
inaccuracy:  0.75000        0.80000           67.09           -0.13            0.02
inaccuracy:  0.80000        0.85000           64.50           -0.15            0.02
inaccuracy:  0.85000        0.90000           65.54           -0.14            0.03
inaccuracy:  0.90000        0.95000           64.53           -0.13            0.03
inaccuracy:  0.95000        1.00000           64.73           -0.13            0.04
===================================================================================================================================
                BAR        
-----------------------------------------------------------------------------------------------------------------------------------
BAR-estimator:         λ             λ+δλ          ΔΔA             ΔA            C               Δδe            δe       
                          
-----------------------------------------------------------------------------------------------------------------------------------
BAR-estimator:      0.00000        0.05000        1.4077         1.4077         1.4077         0.0097         0.0097 
BAR-estimator:      0.05000        0.10000        0.7796         2.1872         0.7796         0.0103         0.0142 
BAR-estimator:      0.10000        0.15000        0.4211         2.6083         0.4211         0.0069         0.0158 
BAR-estimator:      0.15000        0.20000        0.2350         2.8433         0.2350         0.0056         0.0167 
BAR-estimator:      0.20000        0.25000        0.1354         2.9787         0.1354         0.0050         0.0175 
BAR-estimator:      0.25000        0.30000        0.0699         3.0486         0.0699         0.0043         0.0180 
BAR-estimator:      0.30000        0.35000        0.0329         3.0815         0.0329         0.0041         0.0184 
BAR-estimator:      0.35000        0.40000       -0.0043         3.0772        -0.0043         0.0038         0.0188 
BAR-estimator:      0.40000        0.45000       -0.0269         3.0503        -0.0269         0.0036         0.0192 
BAR-estimator:      0.45000        0.50000       -0.0541         2.9961        -0.0541         0.0028         0.0194 
BAR-estimator:      0.50000        0.55000       -0.2079         2.7882        -0.2079         0.0046         0.0199 
BAR-estimator:      0.55000        0.60000       -0.5195         2.2687        -0.5195         0.0046         0.0204 
BAR-estimator:      0.60000        0.65000       -0.8081         1.4606        -0.8081         0.0052         0.0211 
BAR-estimator:      0.65000        0.70000       -1.0453         0.4153        -1.0453         0.0050         0.0217 
BAR-estimator:      0.70000        0.75000       -1.1956        -0.7804        -1.1956         0.0046         0.0222 
BAR-estimator:      0.75000        0.80000       -1.2702        -2.0506        -1.2702         0.0043         0.0226 
BAR-estimator:      0.80000        0.85000       -1.2905        -3.3411        -1.2905         0.0042         0.0230 
BAR-estimator:      0.85000        0.90000       -1.2872        -4.6283        -1.2872         0.0043         0.0234 
BAR-estimator:      0.90000        0.95000       -1.2831        -5.9115        -1.2831         0.0043         0.0237 
BAR-estimator:      0.95000        1.00000       -1.2792        -7.1907        -1.2792         0.0044         0.0241 
BAR-estimator: total free energy change is -7.190659986371598 , total error is 0.02414849600727078
