#========================================================================================
#                     Free energy perturbation    
#----------------------------------------------------------------------------------------
#forward/backward          λ              ΔΔA                 ΔA                  δε   
#                                                 
#----------------------------------------------------------------------------------------
forward:               0.0000              0.0000              0.0000              0.0000  
forward:               0.0500              1.5197              1.5197              0.0209  
forward:               0.1000              0.9342              2.4540              0.0269  
forward:               0.1500              0.5863              3.0403              0.0292  
forward:               0.2000              0.3204              3.3607              0.0304  
forward:               0.2500              0.2010              3.5617              0.0316  
forward:               0.3000              0.0986              3.6603              0.0324  
forward:               0.3500              0.0530              3.7133              0.0329  
forward:               0.4000              0.0088              3.7221              0.0334  
forward:               0.4500             -0.0193              3.7027              0.0338  
forward:               0.5000             -0.0451              3.6576              0.0341  
forward:               0.5500             -0.1441              3.5135              0.0345  
forward:               0.6000             -0.2847              3.2288              0.0350  
forward:               0.6500             -0.4406              2.7882              0.0357  
forward:               0.7000             -0.5623              2.2258              0.0361  
forward:               0.7500             -0.6397              1.5861              0.0366  
forward:               0.8000             -0.6994              0.8867              0.0370  
forward:               0.8500             -0.7138              0.1729              0.0374  
forward:               0.9000             -0.7283             -0.5554              0.0377  
forward:               0.9500             -0.7056             -1.2610              0.0380  
forward:               1.0000             -0.7059             -1.9669              0.0383  
backward:              1.0000              0.0000             -1.9669              0.0000  
backward:              0.9500              0.7149             -1.2520              0.0060  
backward:              0.9000              0.7088             -0.5431              0.0086  
backward:              0.8500              0.7267              0.1836              0.0106  
backward:              0.8000              0.7099              0.8935              0.0122  
backward:              0.7500              0.7004              1.5939              0.0140  
backward:              0.7000              0.6456              2.2395              0.0156  
backward:              0.6500              0.5522              2.7917              0.0172  
backward:              0.6000              0.4520              3.2437              0.0183  
backward:              0.5500              0.2974              3.5411              0.0195  
backward:              0.5000              0.1294              3.6705              0.0207  
backward:              0.4500              0.0505              3.7210              0.0218  
backward:              0.4000              0.0178              3.7388              0.0226  
backward:              0.3500             -0.0139              3.7249              0.0236  
backward:              0.3000             -0.0590              3.6659              0.0248  
backward:              0.2500             -0.1165              3.5494              0.0261  
backward:              0.2000             -0.2126              3.3368              0.0285  
backward:              0.1500             -0.3309              3.0058              0.0312  
backward:              0.1000             -0.5494              2.4565              0.0362  
backward:              0.0500             -0.8882              1.5683              0.0432  
backward:              0.0000             -1.5338              0.0345              0.0631  
Inaccuracy estimation
======================================================================================================
                   i        i+δi          P0_overlap_P1   δε(forward)/ε   δε(backward)/ε
======================================================================================================
inaccuracy:  0.00000        0.05000           39.02           -0.04            1.54
inaccuracy:  0.05000        0.10000           45.87           -0.04            1.03
inaccuracy:  0.10000        0.15000           53.13           -0.03            0.62
inaccuracy:  0.15000        0.20000           61.61           -0.03            0.36
inaccuracy:  0.20000        0.25000           65.16           -0.03            0.26
inaccuracy:  0.25000        0.30000           68.17           -0.02            0.19
inaccuracy:  0.30000        0.35000           69.28           -0.02            0.16
inaccuracy:  0.35000        0.40000           70.86           -0.02            0.15
inaccuracy:  0.40000        0.45000           71.78           -0.01            0.13
inaccuracy:  0.45000        0.50000           71.33           -0.02            0.13
inaccuracy:  0.50000        0.55000           67.87           -0.07            0.15
inaccuracy:  0.55000        0.60000           65.78           -0.09            0.13
inaccuracy:  0.60000        0.65000           66.23           -0.08            0.10
inaccuracy:  0.65000        0.70000           67.83           -0.08            0.09
inaccuracy:  0.70000        0.75000           67.35           -0.08            0.08
inaccuracy:  0.75000        0.80000           67.57           -0.07            0.08
inaccuracy:  0.80000        0.85000           67.92           -0.08            0.08
inaccuracy:  0.85000        0.90000           67.32           -0.08            0.08
inaccuracy:  0.90000        0.95000           66.38           -0.07            0.09
inaccuracy:  0.95000        1.00000           65.32           -0.08            0.09
===================================================================================================================================
                BAR        
-----------------------------------------------------------------------------------------------------------------------------------
BAR-estimator:         λ             λ+δλ          ΔΔA             ΔA            C               Δδe            δe       
                          
-----------------------------------------------------------------------------------------------------------------------------------
BAR-estimator:      0.00000        0.05000        1.5113         1.5113         1.5113         0.0112         0.0112 
BAR-estimator:      0.05000        0.10000        0.9256         2.4369         0.9256         0.0098         0.0149 
BAR-estimator:      0.10000        0.15000        0.5737         3.0106         0.5737         0.0072         0.0166 
BAR-estimator:      0.15000        0.20000        0.3246         3.3352         0.3246         0.0059         0.0176 
BAR-estimator:      0.20000        0.25000        0.2026         3.5379         0.2026         0.0057         0.0185 
BAR-estimator:      0.25000        0.30000        0.1062         3.6441         0.1062         0.0049         0.0191 
BAR-estimator:      0.30000        0.35000        0.0546         3.6986         0.0546         0.0040         0.0195 
BAR-estimator:      0.35000        0.40000        0.0108         3.7094         0.0108         0.0039         0.0199 
BAR-estimator:      0.40000        0.45000       -0.0190         3.6905        -0.0190         0.0036         0.0202 
BAR-estimator:      0.45000        0.50000       -0.0494         3.6411        -0.0494         0.0032         0.0205 
BAR-estimator:      0.50000        0.55000       -0.1368         3.5043        -0.1368         0.0038         0.0209 
BAR-estimator:      0.55000        0.60000       -0.2892         3.2151        -0.2892         0.0034         0.0211 
BAR-estimator:      0.60000        0.65000       -0.4429         2.7722        -0.4429         0.0042         0.0216 
BAR-estimator:      0.65000        0.70000       -0.5573         2.2149        -0.5573         0.0040         0.0219 
BAR-estimator:      0.70000        0.75000       -0.6374         1.5775        -0.6374         0.0041         0.0223 
BAR-estimator:      0.75000        0.80000       -0.6978         0.8797        -0.6978         0.0042         0.0227 
BAR-estimator:      0.80000        0.85000       -0.7115         0.1682        -0.7115         0.0038         0.0230 
BAR-estimator:      0.85000        0.90000       -0.7250        -0.5569        -0.7250         0.0041         0.0234 
BAR-estimator:      0.90000        0.95000       -0.7069        -1.2638        -0.7069         0.0048         0.0239 
BAR-estimator:      0.95000        1.00000       -0.7090        -1.9728        -0.7090         0.0036         0.0241 
BAR-estimator: total free energy change is -1.9727757560648467 , total error is 0.024119993545182523
