#========================================================================================
#                     Free energy perturbation    
#----------------------------------------------------------------------------------------
#forward/backward          λ              ΔΔA                 ΔA                  δε   
#                                                 
#----------------------------------------------------------------------------------------
forward:               0.0000              0.0000              0.0000              0.0000  
forward:               0.0500              1.7725              1.7725              0.0253  
forward:               0.1000              1.0252              2.7976              0.0319  
forward:               0.1500              0.5281              3.3258              0.0340  
forward:               0.2000              0.2903              3.6161              0.0349  
forward:               0.2500              0.1521              3.7682              0.0354  
forward:               0.3000              0.0712              3.8393              0.0360  
forward:               0.3500              0.0246              3.8639              0.0364  
forward:               0.4000             -0.0197              3.8442              0.0368  
forward:               0.4500             -0.0541              3.7901              0.0372  
forward:               0.5000             -0.0835              3.7065              0.0375  
forward:               0.5500             -0.2149              3.4916              0.0381  
forward:               0.6000             -0.4856              3.0060              0.0390  
forward:               0.6500             -0.7046              2.3014              0.0400  
forward:               0.7000             -0.8811              1.4203              0.0409  
forward:               0.7500             -1.0202              0.4001              0.0418  
forward:               0.8000             -1.0840             -0.6839              0.0423  
forward:               0.8500             -1.0815             -1.7654              0.0427  
forward:               0.9000             -1.0747             -2.8401              0.0430  
forward:               0.9500             -1.0685             -3.9086              0.0433  
forward:               1.0000             -1.0563             -4.9649              0.0435  
backward:              1.0000              0.0000             -4.9649              0.0000  
backward:              0.9500              1.0422             -3.9227              0.0060  
backward:              0.9000              1.0687             -2.8540              0.0089  
backward:              0.8500              1.0742             -1.7797              0.0108  
backward:              0.8000              1.0850             -0.6947              0.0133  
backward:              0.7500              1.0856              0.3909              0.0154  
backward:              0.7000              1.0132              1.4041              0.0177  
backward:              0.6500              0.8935              2.2977              0.0202  
backward:              0.6000              0.6900              2.9877              0.0225  
backward:              0.5500              0.4774              3.4651              0.0241  
backward:              0.5000              0.1986              3.6636              0.0258  
backward:              0.4500              0.0734              3.7371              0.0263  
backward:              0.4000              0.0453              3.7824              0.0269  
backward:              0.3500              0.0167              3.7991              0.0277  
backward:              0.3000             -0.0360              3.7631              0.0283  
backward:              0.2500             -0.0756              3.6875              0.0292  
backward:              0.2000             -0.1580              3.5296              0.0304  
backward:              0.1500             -0.2879              3.2417              0.0329  
backward:              0.1000             -0.5260              2.7157              0.0368  
backward:              0.0500             -0.9989              1.7167              0.0433  
backward:              0.0000             -1.7750             -0.0583              0.0557  
Inaccuracy estimation
======================================================================================================
                   i        i+δi          P0_overlap_P1   δε(forward)/ε   δε(backward)/ε
======================================================================================================
inaccuracy:  0.00000        0.05000           34.36           -0.03            1.86
inaccuracy:  0.05000        0.10000           44.02           -0.05            1.23
inaccuracy:  0.10000        0.15000           55.68           -0.02            0.58
inaccuracy:  0.15000        0.20000           62.36           -0.03            0.35
inaccuracy:  0.20000        0.25000           66.89           -0.02            0.23
inaccuracy:  0.25000        0.30000           69.35           -0.01            0.19
inaccuracy:  0.30000        0.35000           71.23           -0.02            0.15
inaccuracy:  0.35000        0.40000           71.93           -0.02            0.13
inaccuracy:  0.40000        0.45000           73.96           -0.01            0.11
inaccuracy:  0.45000        0.50000           74.17           -0.01            0.11
inaccuracy:  0.50000        0.55000           64.42           -0.10            0.17
inaccuracy:  0.55000        0.60000           65.31           -0.12            0.11
inaccuracy:  0.60000        0.65000           64.77           -0.13            0.08
inaccuracy:  0.65000        0.70000           63.46           -0.13            0.06
inaccuracy:  0.70000        0.75000           64.99           -0.13            0.05
inaccuracy:  0.75000        0.80000           65.07           -0.12            0.05
inaccuracy:  0.80000        0.85000           64.64           -0.12            0.05
inaccuracy:  0.85000        0.90000           64.70           -0.11            0.06
inaccuracy:  0.90000        0.95000           64.53           -0.12            0.06
inaccuracy:  0.95000        1.00000           64.81           -0.11            0.07
===================================================================================================================================
                BAR        
-----------------------------------------------------------------------------------------------------------------------------------
BAR-estimator:         λ             λ+δλ          ΔΔA             ΔA            C               Δδe            δe       
                          
-----------------------------------------------------------------------------------------------------------------------------------
BAR-estimator:      0.00000        0.05000        1.7828         1.7828         1.7828         0.0126         0.0126 
BAR-estimator:      0.05000        0.10000        1.0229         2.8057         1.0229         0.0117         0.0171 
BAR-estimator:      0.10000        0.15000        0.5323         3.3379         0.5323         0.0075         0.0187 
BAR-estimator:      0.15000        0.20000        0.2868         3.6248         0.2868         0.0058         0.0196 
BAR-estimator:      0.20000        0.25000        0.1566         3.7814         0.1566         0.0053         0.0203 
BAR-estimator:      0.25000        0.30000        0.0749         3.8563         0.0749         0.0049         0.0209 
BAR-estimator:      0.30000        0.35000        0.0289         3.8852         0.0289         0.0043         0.0213 
BAR-estimator:      0.35000        0.40000       -0.0185         3.8667        -0.0185         0.0040         0.0217 
BAR-estimator:      0.40000        0.45000       -0.0479         3.8188        -0.0479         0.0039         0.0220 
BAR-estimator:      0.45000        0.50000       -0.0766         3.7422        -0.0766         0.0038         0.0224 
BAR-estimator:      0.50000        0.55000       -0.2133         3.5289        -0.2133         0.0043         0.0228 
BAR-estimator:      0.55000        0.60000       -0.4779         3.0510        -0.4779         0.0047         0.0232 
BAR-estimator:      0.60000        0.65000       -0.6996         2.3514        -0.6996         0.0048         0.0237 
BAR-estimator:      0.65000        0.70000       -0.8895         1.4619        -0.8895         0.0051         0.0243 
BAR-estimator:      0.70000        0.75000       -1.0156         0.4463        -1.0156         0.0052         0.0248 
BAR-estimator:      0.75000        0.80000       -1.0835        -0.6372        -1.0835         0.0044         0.0252 
BAR-estimator:      0.80000        0.85000       -1.0838        -1.7210        -1.0838         0.0043         0.0256 
BAR-estimator:      0.85000        0.90000       -1.0736        -2.7945        -1.0736         0.0044         0.0259 
BAR-estimator:      0.90000        0.95000       -1.0648        -3.8593        -1.0648         0.0043         0.0263 
BAR-estimator:      0.95000        1.00000       -1.0463        -4.9055        -1.0463         0.0046         0.0267 
BAR-estimator: total free energy change is -4.905535853847399 , total error is 0.026687546778636564
