#========================================================================================
#                     Free energy perturbation    
#----------------------------------------------------------------------------------------
#forward/backward          λ              ΔΔA                 ΔA                  δε   
#                                                 
#----------------------------------------------------------------------------------------
forward:               0.0000              0.0000              0.0000              0.0000  
forward:               0.0500              0.8525              0.8525              0.0152  
forward:               0.1000              0.5201              1.3726              0.0184  
forward:               0.1500              0.3444              1.7170              0.0198  
forward:               0.2000              0.2219              1.9390              0.0217  
forward:               0.2500              0.1548              2.0938              0.0226  
forward:               0.3000              0.1005              2.1943              0.0232  
forward:               0.3500              0.0840              2.2783              0.0238  
forward:               0.4000              0.0530              2.3314              0.0242  
forward:               0.4500              0.0382              2.3695              0.0246  
forward:               0.5000              0.0177              2.3872              0.0250  
forward:               0.5500             -0.0781              2.3091              0.0260  
forward:               0.6000             -0.2528              2.0562              0.0267  
forward:               0.6500             -0.4366              1.6197              0.0282  
forward:               0.7000             -0.6027              1.0170              0.0294  
forward:               0.7500             -0.6758              0.3412              0.0299  
forward:               0.8000             -0.7008             -0.3596              0.0303  
forward:               0.8500             -0.6675             -1.0271              0.0309  
forward:               0.9000             -0.6219             -1.6489              0.0313  
forward:               0.9500             -0.5826             -2.2316              0.0315  
forward:               1.0000             -0.5465             -2.7781              0.0318  
backward:              1.0000              0.0000             -2.7781              0.0000  
backward:              0.9500              0.5349             -2.2432              0.0101  
backward:              0.9000              0.5615             -1.6817              0.0133  
backward:              0.8500              0.6282             -1.0535              0.0139  
backward:              0.8000              0.6564             -0.3971              0.0157  
backward:              0.7500              0.6953              0.2982              0.0171  
backward:              0.7000              0.6898              0.9880              0.0185  
backward:              0.6500              0.5946              1.5826              0.0201  
backward:              0.6000              0.4386              2.0212              0.0214  
backward:              0.5500              0.2589              2.2801              0.0222  
backward:              0.5000              0.0910              2.3711              0.0230  
backward:              0.4500             -0.0243              2.3468              0.0235  
backward:              0.4000             -0.0338              2.3130              0.0240  
backward:              0.3500             -0.0594              2.2536              0.0245  
backward:              0.3000             -0.0785              2.1751              0.0252  
backward:              0.2500             -0.1070              2.0681              0.0259  
backward:              0.2000             -0.1505              1.9175              0.0268  
backward:              0.1500             -0.2267              1.6908              0.0280  
backward:              0.1000             -0.3420              1.3488              0.0299  
backward:              0.0500             -0.5271              0.8217              0.0341  
backward:              0.0000             -0.8587             -0.0370              0.0395  
Inaccuracy estimation
======================================================================================================
                   i        i+δi          P0_overlap_P1   δε(forward)/ε   δε(backward)/ε
======================================================================================================
inaccuracy:  0.00000        0.05000           51.56           -0.02            0.76
inaccuracy:  0.05000        0.10000           59.74           -0.01            0.47
inaccuracy:  0.10000        0.15000           65.84           -0.01            0.29
inaccuracy:  0.15000        0.20000           71.20           -0.00            0.20
inaccuracy:  0.20000        0.25000           73.09           -0.00            0.15
inaccuracy:  0.25000        0.30000           75.52           -0.01            0.12
inaccuracy:  0.30000        0.35000           75.12           -0.00            0.11
inaccuracy:  0.35000        0.40000           77.66           -0.01            0.10
inaccuracy:  0.40000        0.45000           76.64           -0.01            0.09
inaccuracy:  0.45000        0.50000           78.00           -0.01            0.09
inaccuracy:  0.50000        0.55000           69.26           -0.07            0.13
inaccuracy:  0.55000        0.60000           70.20           -0.09            0.09
inaccuracy:  0.60000        0.65000           68.29           -0.09            0.07
inaccuracy:  0.65000        0.70000           68.98           -0.08            0.06
inaccuracy:  0.70000        0.75000           68.90           -0.08            0.06
inaccuracy:  0.75000        0.80000           70.73           -0.06            0.06
inaccuracy:  0.80000        0.85000           70.82           -0.06            0.06
inaccuracy:  0.85000        0.90000           69.74           -0.06            0.08
inaccuracy:  0.90000        0.95000           70.98           -0.06            0.09
inaccuracy:  0.95000        1.00000           69.03           -0.06            0.09
===================================================================================================================================
                BAR        
-----------------------------------------------------------------------------------------------------------------------------------
BAR-estimator:         λ             λ+δλ          ΔΔA             ΔA            C               Δδe            δe       
                          
-----------------------------------------------------------------------------------------------------------------------------------
BAR-estimator:      0.00000        0.05000        0.8521         0.8521         0.8521         0.0091         0.0091 
BAR-estimator:      0.05000        0.10000        0.5197         1.3718         0.5197         0.0055         0.0107 
BAR-estimator:      0.10000        0.15000        0.3428         1.7147         0.3428         0.0050         0.0118 
BAR-estimator:      0.15000        0.20000        0.2269         1.9416         0.2269         0.0056         0.0131 
BAR-estimator:      0.20000        0.25000        0.1552         2.0967         0.1552         0.0044         0.0138 
BAR-estimator:      0.25000        0.30000        0.1038         2.2006         0.1038         0.0041         0.0144 
BAR-estimator:      0.30000        0.35000        0.0809         2.2815         0.0809         0.0038         0.0149 
BAR-estimator:      0.35000        0.40000        0.0560         2.3375         0.0560         0.0036         0.0153 
BAR-estimator:      0.40000        0.45000        0.0378         2.3752         0.0378         0.0031         0.0156 
BAR-estimator:      0.45000        0.50000        0.0198         2.3950         0.0198         0.0030         0.0159 
BAR-estimator:      0.50000        0.55000       -0.0831         2.3119        -0.0831         0.0043         0.0165 
BAR-estimator:      0.55000        0.60000       -0.2583         2.0536        -0.2583         0.0039         0.0170 
BAR-estimator:      0.60000        0.65000       -0.4359         1.6177        -0.4359         0.0045         0.0175 
BAR-estimator:      0.65000        0.70000       -0.5948         1.0229        -0.5948         0.0063         0.0186 
BAR-estimator:      0.70000        0.75000       -0.6824         0.3405        -0.6824         0.0029         0.0189 
BAR-estimator:      0.75000        0.80000       -0.6983        -0.3578        -0.6983         0.0037         0.0192 
BAR-estimator:      0.80000        0.85000       -0.6659        -1.0237        -0.6659         0.0038         0.0196 
BAR-estimator:      0.85000        0.90000       -0.6256        -1.6493        -0.6256         0.0038         0.0200 
BAR-estimator:      0.90000        0.95000       -0.5771        -2.2264        -0.5771         0.0045         0.0205 
BAR-estimator:      0.95000        1.00000       -0.5480        -2.7744        -0.5480         0.0037         0.0208 
BAR-estimator: total free energy change is -2.774394939286012 , total error is 0.020801677838511112
