#========================================================================================
#                     Free energy perturbation    
#----------------------------------------------------------------------------------------
#forward/backward          λ              ΔΔA                 ΔA                  δε   
#                                                 
#----------------------------------------------------------------------------------------
forward:               0.0000              0.0000              0.0000              0.0000  
forward:               0.0500              1.8393              1.8393              0.0199  
forward:               0.1000              1.0349              2.8742              0.0252  
forward:               0.1500              0.5777              3.4519              0.0266  
forward:               0.2000              0.3363              3.7882              0.0279  
forward:               0.2500              0.1984              3.9866              0.0285  
forward:               0.3000              0.1328              4.1194              0.0292  
forward:               0.3500              0.0680              4.1875              0.0296  
forward:               0.4000              0.0265              4.2140              0.0300  
forward:               0.4500             -0.0152              4.1988              0.0307  
forward:               0.5000             -0.0285              4.1704              0.0309  
forward:               0.5500             -0.0763              4.0940              0.0312  
forward:               0.6000             -0.1608              3.9333              0.0316  
forward:               0.6500             -0.2417              3.6915              0.0320  
forward:               0.7000             -0.3045              3.3870              0.0323  
forward:               0.7500             -0.3660              3.0209              0.0326  
forward:               0.8000             -0.4205              2.6005              0.0329  
forward:               0.8500             -0.4502              2.1502              0.0332  
forward:               0.9000             -0.4786              1.6717              0.0335  
forward:               0.9500             -0.5069              1.1647              0.0337  
forward:               1.0000             -0.5201              0.6447              0.0339  
backward:              1.0000              0.0000              0.6447              0.0000  
backward:              0.9500              0.5208              1.1654              0.0049  
backward:              0.9000              0.5057              1.6711              0.0070  
backward:              0.8500              0.4784              2.1495              0.0087  
backward:              0.8000              0.4549              2.6044              0.0103  
backward:              0.7500              0.4073              3.0117              0.0114  
backward:              0.7000              0.3652              3.3769              0.0131  
backward:              0.6500              0.2981              3.6750              0.0143  
backward:              0.6000              0.2407              3.9157              0.0156  
backward:              0.5500              0.1639              4.0797              0.0165  
backward:              0.5000              0.0797              4.1594              0.0178  
backward:              0.4500              0.0336              4.1929              0.0186  
backward:              0.4000             -0.0034              4.1895              0.0201  
backward:              0.3500             -0.0219              4.1676              0.0210  
backward:              0.3000             -0.0752              4.0925              0.0229  
backward:              0.2500             -0.1100              3.9825              0.0240  
backward:              0.2000             -0.1920              3.7905              0.0262  
backward:              0.1500             -0.3505              3.4400              0.0286  
backward:              0.1000             -0.5951              2.8449              0.0339  
backward:              0.0500             -1.0443              1.8006              0.0455  
backward:              0.0000             -1.8378             -0.0372              0.0806  
Inaccuracy estimation
======================================================================================================
                   i        i+δi          P0_overlap_P1   δε(forward)/ε   δε(backward)/ε
======================================================================================================
inaccuracy:  0.00000        0.05000           33.08           -0.02            2.17
inaccuracy:  0.05000        0.10000           44.43           -0.04            1.15
inaccuracy:  0.10000        0.15000           54.70           -0.03            0.60
inaccuracy:  0.15000        0.20000           62.42           -0.02            0.36
inaccuracy:  0.20000        0.25000           65.50           -0.02            0.26
inaccuracy:  0.25000        0.30000           66.43           -0.02            0.21
inaccuracy:  0.30000        0.35000           68.74           -0.01            0.16
inaccuracy:  0.35000        0.40000           70.02           -0.02            0.15
inaccuracy:  0.40000        0.45000           72.87           -0.01            0.13
inaccuracy:  0.45000        0.50000           71.73           -0.02            0.12
inaccuracy:  0.50000        0.55000           69.13           -0.04            0.13
inaccuracy:  0.55000        0.60000           69.69           -0.05            0.12
inaccuracy:  0.60000        0.65000           70.32           -0.05            0.11
inaccuracy:  0.65000        0.70000           70.48           -0.05            0.09
inaccuracy:  0.70000        0.75000           70.68           -0.04            0.09
inaccuracy:  0.75000        0.80000           72.18           -0.04            0.08
inaccuracy:  0.80000        0.85000           70.34           -0.04            0.09
inaccuracy:  0.85000        0.90000           70.69           -0.05            0.08
inaccuracy:  0.90000        0.95000           70.73           -0.04            0.08
inaccuracy:  0.95000        1.00000           70.20           -0.05            0.08
===================================================================================================================================
                BAR        
-----------------------------------------------------------------------------------------------------------------------------------
BAR-estimator:         λ             λ+δλ          ΔΔA             ΔA            C               Δδe            δe       
                          
-----------------------------------------------------------------------------------------------------------------------------------
BAR-estimator:      0.00000        0.05000        1.8143         1.8143         1.8143         0.0105         0.0105 
BAR-estimator:      0.05000        0.10000        1.0380         2.8523         1.0380         0.0088         0.0137 
BAR-estimator:      0.10000        0.15000        0.5879         3.4402         0.5879         0.0077         0.0157 
BAR-estimator:      0.15000        0.20000        0.3454         3.7856         0.3454         0.0074         0.0174 
BAR-estimator:      0.20000        0.25000        0.1965         3.9821         0.1965         0.0048         0.0180 
BAR-estimator:      0.25000        0.30000        0.1238         4.1059         0.1238         0.0042         0.0185 
BAR-estimator:      0.30000        0.35000        0.0665         4.1724         0.0665         0.0035         0.0188 
BAR-estimator:      0.35000        0.40000        0.0228         4.1952         0.0228         0.0035         0.0192 
BAR-estimator:      0.40000        0.45000       -0.0102         4.1850        -0.0102         0.0033         0.0194 
BAR-estimator:      0.45000        0.50000       -0.0326         4.1524        -0.0326         0.0031         0.0197 
BAR-estimator:      0.50000        0.55000       -0.0777         4.0747        -0.0777         0.0034         0.0200 
BAR-estimator:      0.55000        0.60000       -0.1637         3.9110        -0.1637         0.0035         0.0203 
BAR-estimator:      0.60000        0.65000       -0.2420         3.6691        -0.2420         0.0033         0.0205 
BAR-estimator:      0.65000        0.70000       -0.3048         3.3642        -0.3048         0.0034         0.0208 
BAR-estimator:      0.70000        0.75000       -0.3645         2.9998        -0.3645         0.0034         0.0211 
BAR-estimator:      0.75000        0.80000       -0.4150         2.5847        -0.4150         0.0033         0.0214 
BAR-estimator:      0.80000        0.85000       -0.4539         2.1308        -0.4539         0.0035         0.0216 
BAR-estimator:      0.85000        0.90000       -0.4777         1.6531        -0.4777         0.0035         0.0219 
BAR-estimator:      0.90000        0.95000       -0.5061         1.1471        -0.5061         0.0036         0.0222 
BAR-estimator:      0.95000        1.00000       -0.5184         0.6286        -0.5184         0.0038         0.0225 
BAR-estimator: total free energy change is 0.6286205922601771 , total error is 0.02254448763116257
