#========================================================================================
#                     Free energy perturbation    
#----------------------------------------------------------------------------------------
#forward/backward          λ              ΔΔA                 ΔA                  δε   
#                                                 
#----------------------------------------------------------------------------------------
forward:               0.0000              0.0000              0.0000              0.0000  
forward:               0.0500              2.0601              2.0601              0.0404  
forward:               0.1000              1.1220              3.1821              0.0461  
forward:               0.1500              0.5122              3.6943              0.0489  
forward:               0.2000              0.2302              3.9245              0.0491  
forward:               0.2500              0.1016              4.0261              0.0496  
forward:               0.3000              0.0122              4.0384              0.0500  
forward:               0.3500             -0.0444              3.9940              0.0502  
forward:               0.4000             -0.0951              3.8989              0.0505  
forward:               0.4500             -0.1235              3.7754              0.0507  
forward:               0.5000             -0.1546              3.6208              0.0509  
forward:               0.5500             -0.2952              3.3256              0.0514  
forward:               0.6000             -0.5712              2.7543              0.0519  
forward:               0.6500             -0.8301              1.9242              0.0526  
forward:               0.7000             -1.0279              0.8964              0.0535  
forward:               0.7500             -1.1743             -0.2779              0.0541  
forward:               0.8000             -1.2274             -1.5053              0.0546  
forward:               0.8500             -1.2544             -2.7597              0.0549  
forward:               0.9000             -1.2558             -4.0155              0.0552  
forward:               0.9500             -1.2353             -5.2507              0.0554  
forward:               1.0000             -1.2304             -6.4811              0.0557  
backward:              1.0000              0.0000             -6.4811              0.0000  
backward:              0.9500              1.2233             -5.2578              0.0067  
backward:              0.9000              1.2499             -4.0079              0.0091  
backward:              0.8500              1.2537             -2.7542              0.0105  
backward:              0.8000              1.2395             -1.5147              0.0124  
backward:              0.7500              1.2353             -0.2794              0.0147  
backward:              0.7000              1.1718              0.8924              0.0172  
backward:              0.6500              1.0340              1.9264              0.0214  
backward:              0.6000              0.8299              2.7563              0.0233  
backward:              0.5500              0.5849              3.3413              0.0248  
backward:              0.5000              0.2885              3.6298              0.0264  
backward:              0.4500              0.1489              3.7787              0.0269  
backward:              0.4000              0.1106              3.8893              0.0276  
backward:              0.3500              0.0853              3.9746              0.0282  
backward:              0.3000              0.0422              4.0168              0.0289  
backward:              0.2500             -0.0204              3.9965              0.0306  
backward:              0.2000             -0.0923              3.9041              0.0318  
backward:              0.1500             -0.2367              3.6675              0.0337  
backward:              0.1000             -0.4998              3.1677              0.0390  
backward:              0.0500             -1.0801              2.0875              0.0454  
backward:              0.0000             -2.0614              0.0261              0.0574  
Inaccuracy estimation
======================================================================================================
                   i        i+δi          P0_overlap_P1   δε(forward)/ε   δε(backward)/ε
======================================================================================================
inaccuracy:  0.00000        0.05000           30.99           -0.00            2.41
inaccuracy:  0.05000        0.10000           40.35           -0.06            1.39
inaccuracy:  0.10000        0.15000           52.66           -0.04            0.67
inaccuracy:  0.15000        0.20000           62.47           -0.02            0.33
inaccuracy:  0.20000        0.25000           66.65           -0.03            0.23
inaccuracy:  0.25000        0.30000           68.61           -0.02            0.17
inaccuracy:  0.30000        0.35000           71.62           -0.02            0.13
inaccuracy:  0.35000        0.40000           73.17           -0.02            0.12
inaccuracy:  0.40000        0.45000           73.54           -0.02            0.10
inaccuracy:  0.45000        0.50000           74.57           -0.02            0.10
inaccuracy:  0.50000        0.55000           63.57           -0.09            0.18
inaccuracy:  0.55000        0.60000           64.02           -0.15            0.10
inaccuracy:  0.60000        0.65000           63.74           -0.16            0.07
inaccuracy:  0.65000        0.70000           63.82           -0.16            0.05
inaccuracy:  0.70000        0.75000           65.20           -0.14            0.03
inaccuracy:  0.75000        0.80000           63.91           -0.14            0.03
inaccuracy:  0.80000        0.85000           65.40           -0.12            0.04
inaccuracy:  0.85000        0.90000           64.90           -0.13            0.03
inaccuracy:  0.90000        0.95000           63.18           -0.15            0.04
inaccuracy:  0.95000        1.00000           64.61           -0.13            0.04
===================================================================================================================================
                BAR        
-----------------------------------------------------------------------------------------------------------------------------------
BAR-estimator:         λ             λ+δλ          ΔΔA             ΔA            C               Δδe            δe       
                          
-----------------------------------------------------------------------------------------------------------------------------------
BAR-estimator:      0.00000        0.05000        2.1099         2.1099         2.1099         0.0164         0.0164 
BAR-estimator:      0.05000        0.10000        1.1140         3.2239         1.1140         0.0115         0.0200 
BAR-estimator:      0.10000        0.15000        0.5092         3.7331         0.5092         0.0129         0.0238 
BAR-estimator:      0.15000        0.20000        0.2341         3.9672         0.2341         0.0061         0.0246 
BAR-estimator:      0.20000        0.25000        0.0997         4.0669         0.0997         0.0051         0.0251 
BAR-estimator:      0.25000        0.30000        0.0120         4.0789         0.0120         0.0048         0.0256 
BAR-estimator:      0.30000        0.35000       -0.0439         4.0350        -0.0439         0.0047         0.0260 
BAR-estimator:      0.35000        0.40000       -0.0908         3.9442        -0.0908         0.0040         0.0263 
BAR-estimator:      0.40000        0.45000       -0.1181         3.8261        -0.1181         0.0035         0.0265 
BAR-estimator:      0.45000        0.50000       -0.1519         3.6742        -0.1519         0.0033         0.0267 
BAR-estimator:      0.50000        0.55000       -0.2893         3.3849        -0.2893         0.0045         0.0271 
BAR-estimator:      0.55000        0.60000       -0.5777         2.8072        -0.5777         0.0043         0.0275 
BAR-estimator:      0.60000        0.65000       -0.8251         1.9821        -0.8251         0.0047         0.0279 
BAR-estimator:      0.65000        0.70000       -1.0280         0.9541        -1.0280         0.0054         0.0284 
BAR-estimator:      0.70000        0.75000       -1.1739        -0.2198        -1.1739         0.0049         0.0288 
BAR-estimator:      0.75000        0.80000       -1.2303        -1.4500        -1.2303         0.0042         0.0291 
BAR-estimator:      0.80000        0.85000       -1.2490        -2.6990        -1.2490         0.0038         0.0293 
BAR-estimator:      0.85000        0.90000       -1.2526        -3.9516        -1.2526         0.0042         0.0296 
BAR-estimator:      0.90000        0.95000       -1.2414        -5.1931        -1.2414         0.0051         0.0301 
BAR-estimator:      0.95000        1.00000       -1.2274        -6.4205        -1.2274         0.0045         0.0304 
BAR-estimator: total free energy change is -6.420495645375521 , total error is 0.03040887624125337
