#========================================================================================
#                     Free energy perturbation    
#----------------------------------------------------------------------------------------
#forward/backward          λ              ΔΔA                 ΔA                  δε   
#                                                 
#----------------------------------------------------------------------------------------
forward:               0.0000              0.0000              0.0000              0.0000  
forward:               0.0500              2.5047              2.5047              0.0378  
forward:               0.1000              1.3557              3.8603              0.0501  
forward:               0.1500              0.6525              4.5128              0.0523  
forward:               0.2000              0.3236              4.8365              0.0533  
forward:               0.2500              0.1536              4.9901              0.0537  
forward:               0.3000              0.0459              5.0360              0.0542  
forward:               0.3500             -0.0006              5.0354              0.0545  
forward:               0.4000             -0.0625              4.9730              0.0548  
forward:               0.4500             -0.0912              4.8818              0.0551  
forward:               0.5000             -0.1287              4.7531              0.0553  
forward:               0.5500             -0.1951              4.5580              0.0558  
forward:               0.6000             -0.3816              4.1764              0.0561  
forward:               0.6500             -0.5037              3.6727              0.0564  
forward:               0.7000             -0.6141              3.0586              0.0567  
forward:               0.7500             -0.7004              2.3582              0.0570  
forward:               0.8000             -0.7921              1.5661              0.0572  
forward:               0.8500             -0.8375              0.7286              0.0574  
forward:               0.9000             -0.9041             -0.1756              0.0577  
forward:               0.9500             -0.9300             -1.1055              0.0579  
forward:               1.0000             -0.9757             -2.0813              0.0581  
backward:              1.0000              0.0000             -2.0813              0.0000  
backward:              0.9500              0.9770             -1.1043              0.0049  
backward:              0.9000              0.9478             -0.1565              0.0076  
backward:              0.8500              0.8976              0.7411              0.0098  
backward:              0.8000              0.8468              1.5879              0.0116  
backward:              0.7500              0.7856              2.3735              0.0138  
backward:              0.7000              0.7151              3.0886              0.0150  
backward:              0.6500              0.6035              3.6921              0.0167  
backward:              0.6000              0.4956              4.1877              0.0178  
backward:              0.5500              0.3675              4.5552              0.0197  
backward:              0.5000              0.2177              4.7729              0.0210  
backward:              0.4500              0.1389              4.9118              0.0219  
backward:              0.4000              0.1049              5.0167              0.0227  
backward:              0.3500              0.0795              5.0962              0.0237  
backward:              0.3000              0.0070              5.1033              0.0247  
backward:              0.2500             -0.0443              5.0589              0.0262  
backward:              0.2000             -0.1591              4.8998              0.0289  
backward:              0.1500             -0.2934              4.6064              0.0313  
backward:              0.1000             -0.6167              3.9897              0.0374  
backward:              0.0500             -1.3816              2.6081              0.0688  
backward:              0.0000             -2.5578              0.0503              0.1085  
Inaccuracy estimation
======================================================================================================
                   i        i+δi          P0_overlap_P1   δε(forward)/ε   δε(backward)/ε
======================================================================================================
inaccuracy:  0.00000        0.05000           25.92            0.09            3.06
inaccuracy:  0.05000        0.10000           35.51           -0.07            1.79
inaccuracy:  0.10000        0.15000           48.66           -0.04            0.83
inaccuracy:  0.15000        0.20000           58.53           -0.03            0.44
inaccuracy:  0.20000        0.25000           63.20           -0.03            0.29
inaccuracy:  0.25000        0.30000           66.56           -0.02            0.21
inaccuracy:  0.30000        0.35000           67.10           -0.03            0.17
inaccuracy:  0.35000        0.40000           68.24           -0.03            0.16
inaccuracy:  0.40000        0.45000           69.20           -0.03            0.15
inaccuracy:  0.45000        0.50000           69.92           -0.03            0.13
inaccuracy:  0.50000        0.55000           63.77           -0.08            0.16
inaccuracy:  0.55000        0.60000           67.54           -0.08            0.12
inaccuracy:  0.60000        0.65000           68.03           -0.06            0.10
inaccuracy:  0.65000        0.70000           67.72           -0.08            0.09
inaccuracy:  0.70000        0.75000           66.94           -0.08            0.08
inaccuracy:  0.75000        0.80000           68.24           -0.08            0.06
inaccuracy:  0.80000        0.85000           66.94           -0.09            0.06
inaccuracy:  0.85000        0.90000           67.48           -0.09            0.06
inaccuracy:  0.90000        0.95000           67.01           -0.10            0.05
inaccuracy:  0.95000        1.00000           66.93           -0.10            0.05
===================================================================================================================================
                BAR        
-----------------------------------------------------------------------------------------------------------------------------------
BAR-estimator:         λ             λ+δλ          ΔΔA             ΔA            C               Δδe            δe       
                          
-----------------------------------------------------------------------------------------------------------------------------------
BAR-estimator:      0.00000        0.05000        2.4916         2.4916         2.4916         0.0116         0.0116 
BAR-estimator:      0.05000        0.10000        1.3441         3.8357         1.3441         0.0147         0.0187 
BAR-estimator:      0.10000        0.15000        0.6404         4.4761         0.6404         0.0089         0.0208 
BAR-estimator:      0.15000        0.20000        0.3218         4.7979         0.3218         0.0072         0.0220 
BAR-estimator:      0.20000        0.25000        0.1555         4.9534         0.1555         0.0061         0.0228 
BAR-estimator:      0.25000        0.30000        0.0458         4.9991         0.0458         0.0049         0.0233 
BAR-estimator:      0.30000        0.35000       -0.0045         4.9946        -0.0045         0.0041         0.0237 
BAR-estimator:      0.35000        0.40000       -0.0689         4.9257        -0.0689         0.0038         0.0240 
BAR-estimator:      0.40000        0.45000       -0.0959         4.8297        -0.0959         0.0040         0.0243 
BAR-estimator:      0.45000        0.50000       -0.1334         4.6964        -0.1334         0.0035         0.0245 
BAR-estimator:      0.50000        0.55000       -0.2061         4.4903        -0.2061         0.0043         0.0249 
BAR-estimator:      0.55000        0.60000       -0.3768         4.1135        -0.3768         0.0039         0.0252 
BAR-estimator:      0.60000        0.65000       -0.4971         3.6164        -0.4971         0.0039         0.0255 
BAR-estimator:      0.65000        0.70000       -0.6113         3.0050        -0.6113         0.0038         0.0258 
BAR-estimator:      0.70000        0.75000       -0.7033         2.3017        -0.7033         0.0042         0.0261 
BAR-estimator:      0.75000        0.80000       -0.7887         1.5130        -0.7887         0.0040         0.0264 
BAR-estimator:      0.80000        0.85000       -0.8408         0.6722        -0.8408         0.0037         0.0267 
BAR-estimator:      0.85000        0.90000       -0.9033        -0.2311        -0.9033         0.0037         0.0270 
BAR-estimator:      0.90000        0.95000       -0.9375        -1.1686        -0.9375         0.0041         0.0273 
BAR-estimator:      0.95000        1.00000       -0.9777        -2.1464        -0.9777         0.0038         0.0275 
BAR-estimator: total free energy change is -2.1463503715138286 , total error is 0.02753226711114796
