#========================================================================================
#                     Free energy perturbation    
#----------------------------------------------------------------------------------------
#forward/backward          λ              ΔΔA                 ΔA                  δε   
#                                                 
#----------------------------------------------------------------------------------------
forward:               0.0000              0.0000              0.0000              0.0000  
forward:               0.0500              2.6717              2.6717              0.0382  
forward:               0.1000              1.4928              4.1645              0.0474  
forward:               0.1500              0.7537              4.9183              0.0503  
forward:               0.2000              0.3048              5.2231              0.0510  
forward:               0.2500              0.1156              5.3387              0.0518  
forward:               0.3000             -0.0087              5.3300              0.0524  
forward:               0.3500             -0.0743              5.2557              0.0527  
forward:               0.4000             -0.1355              5.1202              0.0531  
forward:               0.4500             -0.1709              4.9493              0.0533  
forward:               0.5000             -0.2018              4.7475              0.0538  
forward:               0.5500             -0.3551              4.3924              0.0542  
forward:               0.6000             -0.6413              3.7511              0.0548  
forward:               0.6500             -0.8485              2.9026              0.0551  
forward:               0.7000             -1.0503              1.8522              0.0559  
forward:               0.7500             -1.1611              0.6911              0.0563  
forward:               0.8000             -1.2333             -0.5422              0.0567  
forward:               0.8500             -1.2622             -1.8044              0.0570  
forward:               0.9000             -1.2720             -3.0764              0.0572  
forward:               0.9500             -1.2741             -4.3505              0.0575  
forward:               1.0000             -1.2598             -5.6103              0.0576  
backward:              1.0000              0.0000             -5.6103              0.0000  
backward:              0.9500              1.2594             -4.3509              0.0069  
backward:              0.9000              1.2557             -3.0952              0.0099  
backward:              0.8500              1.2721             -1.8230              0.0121  
backward:              0.8000              1.2714             -0.5516              0.0169  
backward:              0.7500              1.2424              0.6908              0.0188  
backward:              0.7000              1.1733              1.8641              0.0205  
backward:              0.6500              1.0391              2.9032              0.0226  
backward:              0.6000              0.8531              3.7562              0.0245  
backward:              0.5500              0.6292              4.3854              0.0258  
backward:              0.5000              0.3816              4.7670              0.0269  
backward:              0.4500              0.2124              4.9795              0.0276  
backward:              0.4000              0.1746              5.1540              0.0283  
backward:              0.3500              0.1253              5.2793              0.0293  
backward:              0.3000              0.0739              5.3532              0.0304  
backward:              0.2500             -0.0153              5.3379              0.0320  
backward:              0.2000             -0.1242              5.2138              0.0335  
backward:              0.1500             -0.3326              4.8812              0.0377  
backward:              0.1000             -0.7215              4.1597              0.0450  
backward:              0.0500             -1.5242              2.6355              0.0705  
backward:              0.0000             -2.6877             -0.0522              0.1034  
Inaccuracy estimation
======================================================================================================
                   i        i+δi          P0_overlap_P1   δε(forward)/ε   δε(backward)/ε
======================================================================================================
inaccuracy:  0.00000        0.05000           24.50            0.10            3.49
inaccuracy:  0.05000        0.10000           34.45           -0.07            2.03
inaccuracy:  0.10000        0.15000           45.43           -0.05            0.99
inaccuracy:  0.15000        0.20000           58.25           -0.03            0.45
inaccuracy:  0.20000        0.25000           62.80           -0.04            0.28
inaccuracy:  0.25000        0.30000           66.75           -0.02            0.19
inaccuracy:  0.30000        0.35000           68.14           -0.03            0.16
inaccuracy:  0.35000        0.40000           70.28           -0.03            0.13
inaccuracy:  0.40000        0.45000           70.94           -0.02            0.12
inaccuracy:  0.45000        0.50000           69.75           -0.03            0.12
inaccuracy:  0.50000        0.55000           61.51           -0.11            0.18
inaccuracy:  0.55000        0.60000           64.44           -0.12            0.10
inaccuracy:  0.60000        0.65000           63.86           -0.17            0.07
inaccuracy:  0.65000        0.70000           64.03           -0.15            0.05
inaccuracy:  0.70000        0.75000           63.88           -0.17            0.03
inaccuracy:  0.75000        0.80000           63.31           -0.15            0.03
inaccuracy:  0.80000        0.85000           63.85           -0.17            0.03
inaccuracy:  0.85000        0.90000           63.59           -0.14            0.04
inaccuracy:  0.90000        0.95000           64.71           -0.13            0.04
inaccuracy:  0.95000        1.00000           63.03           -0.12            0.04
===================================================================================================================================
                BAR        
-----------------------------------------------------------------------------------------------------------------------------------
BAR-estimator:         λ             λ+δλ          ΔΔA             ΔA            C               Δδe            δe       
                          
-----------------------------------------------------------------------------------------------------------------------------------
BAR-estimator:      0.00000        0.05000        2.6522         2.6522         2.6522         0.0159         0.0159 
BAR-estimator:      0.05000        0.10000        1.5105         4.1627         1.5105         0.0132         0.0206 
BAR-estimator:      0.10000        0.15000        0.7401         4.9028         0.7401         0.0104         0.0231 
BAR-estimator:      0.15000        0.20000        0.3221         5.2249         0.3221         0.0070         0.0241 
BAR-estimator:      0.20000        0.25000        0.1195         5.3444         0.1195         0.0064         0.0250 
BAR-estimator:      0.25000        0.30000       -0.0024         5.3420        -0.0024         0.0043         0.0253 
BAR-estimator:      0.30000        0.35000       -0.0760         5.2660        -0.0760         0.0046         0.0258 
BAR-estimator:      0.35000        0.40000       -0.1331         5.1329        -0.1331         0.0047         0.0262 
BAR-estimator:      0.40000        0.45000       -0.1706         4.9623        -0.1706         0.0036         0.0264 
BAR-estimator:      0.45000        0.50000       -0.2068         4.7555        -0.2068         0.0035         0.0266 
BAR-estimator:      0.50000        0.55000       -0.3651         4.3904        -0.3651         0.0042         0.0270 
BAR-estimator:      0.55000        0.60000       -0.6349         3.7554        -0.6349         0.0044         0.0273 
BAR-estimator:      0.60000        0.65000       -0.8533         2.9021        -0.8533         0.0034         0.0275 
BAR-estimator:      0.65000        0.70000       -1.0480         1.8541        -1.0480         0.0048         0.0280 
BAR-estimator:      0.70000        0.75000       -1.1716         0.6825        -1.1716         0.0042         0.0283 
BAR-estimator:      0.75000        0.80000       -1.2408        -0.5583        -1.2408         0.0065         0.0290 
BAR-estimator:      0.80000        0.85000       -1.2693        -1.8276        -1.2693         0.0045         0.0294 
BAR-estimator:      0.85000        0.90000       -1.2738        -3.1014        -1.2738         0.0046         0.0297 
BAR-estimator:      0.90000        0.95000       -1.2650        -4.3664        -1.2650         0.0040         0.0300 
BAR-estimator:      0.95000        1.00000       -1.2553        -5.6217        -1.2553         0.0038         0.0302 
BAR-estimator: total free energy change is -5.621711167808506 , total error is 0.030229920583764093
