#========================================================================================
#                     Free energy perturbation    
#----------------------------------------------------------------------------------------
#forward/backward          λ              ΔΔA                 ΔA                  δε   
#                                                 
#----------------------------------------------------------------------------------------
forward:               0.0000              0.0000              0.0000              0.0000  
forward:               0.0500              1.3385              1.3385              0.0149  
forward:               0.1000              0.8229              2.1614              0.0181  
forward:               0.1500              0.4810              2.6424              0.0205  
forward:               0.2000              0.2978              2.9402              0.0217  
forward:               0.2500              0.1962              3.1363              0.0227  
forward:               0.3000              0.1113              3.2476              0.0234  
forward:               0.3500              0.0638              3.3114              0.0243  
forward:               0.4000              0.0178              3.3292              0.0249  
forward:               0.4500             -0.0085              3.3207              0.0254  
forward:               0.5000             -0.0241              3.2966              0.0258  
forward:               0.5500             -0.1476              3.1490              0.0263  
forward:               0.6000             -0.3405              2.8084              0.0269  
forward:               0.6500             -0.5118              2.2966              0.0275  
forward:               0.7000             -0.6608              1.6358              0.0281  
forward:               0.7500             -0.7619              0.8739              0.0287  
forward:               0.8000             -0.8066              0.0673              0.0293  
forward:               0.8500             -0.8230             -0.7558              0.0301  
forward:               0.9000             -0.8323             -1.5881              0.0310  
forward:               0.9500             -0.8645             -2.4526              0.0329  
forward:               1.0000             -0.9292             -3.3818              0.0347  
backward:              1.0000              0.0000             -3.3818              0.0000  
backward:              0.9500              0.9293             -2.4525              0.0129  
backward:              0.9000              0.8816             -1.5709              0.0156  
backward:              0.8500              0.8377             -0.7332              0.0178  
backward:              0.8000              0.8226              0.0894              0.0192  
backward:              0.7500              0.8092              0.8986              0.0204  
backward:              0.7000              0.7552              1.6538              0.0216  
backward:              0.6500              0.6566              2.3105              0.0227  
backward:              0.6000              0.5259              2.8364              0.0235  
backward:              0.5500              0.3336              3.1700              0.0241  
backward:              0.5000              0.1512              3.3212              0.0249  
backward:              0.4500              0.0391              3.3603              0.0256  
backward:              0.4000              0.0097              3.3701              0.0262  
backward:              0.3500             -0.0251              3.3449              0.0271  
backward:              0.3000             -0.0644              3.2805              0.0280  
backward:              0.2500             -0.1233              3.1572              0.0319  
backward:              0.2000             -0.1855              2.9716              0.0328  
backward:              0.1500             -0.3225              2.6491              0.0345  
backward:              0.1000             -0.4895              2.1596              0.0385  
backward:              0.0500             -0.8250              1.3346              0.0445  
backward:              0.0000             -1.2965              0.0381              0.0514  
Inaccuracy estimation
======================================================================================================
                   i        i+δi          P0_overlap_P1   δε(forward)/ε   δε(backward)/ε
======================================================================================================
inaccuracy:  0.00000        0.05000           40.06           -0.04            1.31
inaccuracy:  0.05000        0.10000           49.96           -0.04            0.89
inaccuracy:  0.10000        0.15000           58.12           -0.02            0.49
inaccuracy:  0.15000        0.20000           64.09           -0.02            0.31
inaccuracy:  0.20000        0.25000           66.44           -0.01            0.24
inaccuracy:  0.25000        0.30000           68.62           -0.01            0.18
inaccuracy:  0.30000        0.35000           70.39           -0.01            0.15
inaccuracy:  0.35000        0.40000           71.94           -0.01            0.13
inaccuracy:  0.40000        0.45000           72.13           -0.02            0.13
inaccuracy:  0.45000        0.50000           71.80           -0.01            0.12
inaccuracy:  0.50000        0.55000           66.65           -0.08            0.16
inaccuracy:  0.55000        0.60000           67.05           -0.10            0.12
inaccuracy:  0.60000        0.65000           65.70           -0.12            0.09
inaccuracy:  0.65000        0.70000           66.27           -0.11            0.09
inaccuracy:  0.70000        0.75000           65.80           -0.12            0.07
inaccuracy:  0.75000        0.80000           65.03           -0.12            0.07
inaccuracy:  0.80000        0.85000           65.15           -0.13            0.08
inaccuracy:  0.85000        0.90000           64.00           -0.15            0.09
inaccuracy:  0.90000        0.95000           60.78           -0.20            0.10
inaccuracy:  0.95000        1.00000           59.56           -0.18            0.10
===================================================================================================================================
                BAR        
-----------------------------------------------------------------------------------------------------------------------------------
BAR-estimator:         λ             λ+δλ          ΔΔA             ΔA            C               Δδe            δe       
                          
-----------------------------------------------------------------------------------------------------------------------------------
BAR-estimator:      0.00000        0.05000        1.3247         1.3247         1.3247         0.0111         0.0111 
BAR-estimator:      0.05000        0.10000        0.8272         2.1518         0.8272         0.0088         0.0142 
BAR-estimator:      0.10000        0.15000        0.4845         2.6363         0.4845         0.0070         0.0158 
BAR-estimator:      0.15000        0.20000        0.3069         2.9432         0.3069         0.0055         0.0168 
BAR-estimator:      0.20000        0.25000        0.1957         3.1390         0.1957         0.0045         0.0174 
BAR-estimator:      0.25000        0.30000        0.1095         3.2485         0.1095         0.0041         0.0178 
BAR-estimator:      0.30000        0.35000        0.0634         3.3119         0.0634         0.0045         0.0184 
BAR-estimator:      0.35000        0.40000        0.0184         3.3303         0.0184         0.0036         0.0188 
BAR-estimator:      0.40000        0.45000       -0.0087         3.3216        -0.0087         0.0037         0.0191 
BAR-estimator:      0.45000        0.50000       -0.0298         3.2918        -0.0298         0.0032         0.0194 
BAR-estimator:      0.50000        0.55000       -0.1493         3.1425        -0.1493         0.0035         0.0197 
BAR-estimator:      0.55000        0.60000       -0.3374         2.8052        -0.3374         0.0035         0.0200 
BAR-estimator:      0.60000        0.65000       -0.5162         2.2890        -0.5162         0.0035         0.0203 
BAR-estimator:      0.65000        0.70000       -0.6570         1.6320        -0.6570         0.0039         0.0207 
BAR-estimator:      0.70000        0.75000       -0.7597         0.8723        -0.7597         0.0040         0.0211 
BAR-estimator:      0.75000        0.80000       -0.8070         0.0653        -0.8070         0.0040         0.0215 
BAR-estimator:      0.80000        0.85000       -0.8224        -0.7571        -0.8224         0.0044         0.0219 
BAR-estimator:      0.85000        0.90000       -0.8332        -1.5903        -0.8332         0.0048         0.0224 
BAR-estimator:      0.90000        0.95000       -0.8799        -2.4701        -0.8799         0.0059         0.0232 
BAR-estimator:      0.95000        1.00000       -0.9361        -3.4062        -0.9361         0.0059         0.0239 
BAR-estimator: total free energy change is -3.406191704811628 , total error is 0.023924233609298375
