#========================================================================================
#                     Free energy perturbation    
#----------------------------------------------------------------------------------------
#forward/backward          λ              ΔΔA                 ΔA                  δε   
#                                                 
#----------------------------------------------------------------------------------------
forward:               0.0000              0.0000              0.0000              0.0000  
forward:               0.0500              1.5598              1.5598              0.0223  
forward:               0.1000              0.8141              2.3739              0.0291  
forward:               0.1500              0.4280              2.8019              0.0312  
forward:               0.2000              0.2074              3.0093              0.0325  
forward:               0.2500              0.1064              3.1158              0.0332  
forward:               0.3000              0.0299              3.1457              0.0340  
forward:               0.3500             -0.0249              3.1208              0.0345  
forward:               0.4000             -0.0572              3.0636              0.0348  
forward:               0.4500             -0.0783              2.9854              0.0352  
forward:               0.5000             -0.0903              2.8951              0.0355  
forward:               0.5500             -0.2298              2.6653              0.0359  
forward:               0.6000             -0.5134              2.1519              0.0364  
forward:               0.6500             -0.7761              1.3758              0.0371  
forward:               0.7000             -0.9991              0.3766              0.0377  
forward:               0.7500             -1.1527             -0.7761              0.0381  
forward:               0.8000             -1.2505             -2.0266              0.0385  
forward:               0.8500             -1.3178             -3.3444              0.0387  
forward:               0.9000             -1.3535             -4.6979              0.0391  
forward:               0.9500             -1.3739             -6.0718              0.0395  
forward:               1.0000             -1.3853             -7.4571              0.0400  
backward:              1.0000              0.0000             -7.4571              0.0000  
backward:              0.9500              1.3904             -6.0667              0.0072  
backward:              0.9000              1.3660             -4.7007              0.0101  
backward:              0.8500              1.3570             -3.3437              0.0131  
backward:              0.8000              1.3119             -2.0317              0.0140  
backward:              0.7500              1.2496             -0.7821              0.0156  
backward:              0.7000              1.1762              0.3940              0.0170  
backward:              0.6500              1.0087              1.4028              0.0190  
backward:              0.6000              0.7636              2.1664              0.0203  
backward:              0.5500              0.5010              2.6673              0.0217  
backward:              0.5000              0.2425              2.9099              0.0227  
backward:              0.4500              0.1239              3.0338              0.0233  
backward:              0.4000              0.0863              3.1201              0.0239  
backward:              0.3500              0.0498              3.1700              0.0248  
backward:              0.3000              0.0311              3.2010              0.0257  
backward:              0.2500             -0.0293              3.1718              0.0275  
backward:              0.2000             -0.1017              3.0700              0.0286  
backward:              0.1500             -0.1823              2.8878              0.0310  
backward:              0.1000             -0.4447              2.4431              0.0344  
backward:              0.0500             -0.8519              1.5912              0.0431  
backward:              0.0000             -1.6074             -0.0162              0.0593  
Inaccuracy estimation
======================================================================================================
                   i        i+δi          P0_overlap_P1   δε(forward)/ε   δε(backward)/ε
======================================================================================================
inaccuracy:  0.00000        0.05000           36.12           -0.04            1.69
inaccuracy:  0.05000        0.10000           47.53           -0.03            1.01
inaccuracy:  0.10000        0.15000           57.18           -0.03            0.50
inaccuracy:  0.15000        0.20000           62.65           -0.01            0.32
inaccuracy:  0.20000        0.25000           67.24           -0.01            0.21
inaccuracy:  0.25000        0.30000           69.30           -0.02            0.17
inaccuracy:  0.30000        0.35000           70.97           -0.02            0.14
inaccuracy:  0.35000        0.40000           72.88           -0.02            0.12
inaccuracy:  0.40000        0.45000           72.85           -0.01            0.11
inaccuracy:  0.45000        0.50000           70.97           -0.02            0.12
inaccuracy:  0.50000        0.55000           63.52           -0.11            0.15
inaccuracy:  0.55000        0.60000           64.59           -0.14            0.11
inaccuracy:  0.60000        0.65000           64.00           -0.15            0.08
inaccuracy:  0.65000        0.70000           63.16           -0.13            0.06
inaccuracy:  0.70000        0.75000           64.29           -0.16            0.04
inaccuracy:  0.75000        0.80000           64.74           -0.14            0.03
inaccuracy:  0.80000        0.85000           65.50           -0.13            0.02
inaccuracy:  0.85000        0.90000           64.29           -0.15            0.02
inaccuracy:  0.90000        0.95000           64.05           -0.15            0.03
inaccuracy:  0.95000        1.00000           63.43           -0.14            0.02
===================================================================================================================================
                BAR        
-----------------------------------------------------------------------------------------------------------------------------------
BAR-estimator:         λ             λ+δλ          ΔΔA             ΔA            C               Δδe            δe       
                          
-----------------------------------------------------------------------------------------------------------------------------------
BAR-estimator:      0.00000        0.05000        1.5755         1.5755         1.5755         0.0127         0.0127 
BAR-estimator:      0.05000        0.10000        0.8311         2.4066         0.8311         0.0113         0.0170 
BAR-estimator:      0.10000        0.15000        0.4319         2.8386         0.4319         0.0073         0.0185 
BAR-estimator:      0.15000        0.20000        0.2017         3.0402         0.2017         0.0071         0.0198 
BAR-estimator:      0.20000        0.25000        0.1054         3.1456         0.1054         0.0052         0.0205 
BAR-estimator:      0.25000        0.30000        0.0300         3.1756         0.0300         0.0044         0.0210 
BAR-estimator:      0.30000        0.35000       -0.0252         3.1504        -0.0252         0.0039         0.0213 
BAR-estimator:      0.35000        0.40000       -0.0558         3.0946        -0.0558         0.0034         0.0216 
BAR-estimator:      0.40000        0.45000       -0.0807         3.0139        -0.0807         0.0034         0.0219 
BAR-estimator:      0.45000        0.50000       -0.1018         2.9122        -0.1018         0.0032         0.0221 
BAR-estimator:      0.50000        0.55000       -0.2373         2.6749        -0.2373         0.0037         0.0224 
BAR-estimator:      0.55000        0.60000       -0.5130         2.1618        -0.5130         0.0040         0.0228 
BAR-estimator:      0.60000        0.65000       -0.7676         1.3943        -0.7676         0.0045         0.0232 
BAR-estimator:      0.65000        0.70000       -1.0019         0.3924        -1.0019         0.0037         0.0235 
BAR-estimator:      0.70000        0.75000       -1.1609        -0.7686        -1.1609         0.0041         0.0239 
BAR-estimator:      0.75000        0.80000       -1.2515        -2.0200        -1.2515         0.0040         0.0242 
BAR-estimator:      0.80000        0.85000       -1.3131        -3.3331        -1.3131         0.0045         0.0246 
BAR-estimator:      0.85000        0.90000       -1.3546        -4.6877        -1.3546         0.0043         0.0250 
BAR-estimator:      0.90000        0.95000       -1.3693        -6.0571        -1.3693         0.0047         0.0254 
BAR-estimator:      0.95000        1.00000       -1.3857        -7.4428        -1.3857         0.0049         0.0259 
BAR-estimator: total free energy change is -7.442802188878535 , total error is 0.025885866804206972
