#========================================================================================
#                     Free energy perturbation    
#----------------------------------------------------------------------------------------
#forward/backward          λ              ΔΔA                 ΔA                  δε   
#                                                 
#----------------------------------------------------------------------------------------
forward:               0.0000              0.0000              0.0000              0.0000  
forward:               0.0500              2.0349              2.0349              0.0283  
forward:               0.1000              1.2118              3.2467              0.0352  
forward:               0.1500              0.6214              3.8681              0.0393  
forward:               0.2000              0.2944              4.1626              0.0408  
forward:               0.2500              0.1462              4.3088              0.0415  
forward:               0.3000              0.0459              4.3547              0.0421  
forward:               0.3500             -0.0397              4.3150              0.0426  
forward:               0.4000             -0.0719              4.2431              0.0430  
forward:               0.4500             -0.1020              4.1410              0.0433  
forward:               0.5000             -0.1389              4.0021              0.0435  
forward:               0.5500             -0.2989              3.7032              0.0440  
forward:               0.6000             -0.5730              3.1303              0.0445  
forward:               0.6500             -0.7858              2.3445              0.0450  
forward:               0.7000             -0.9922              1.3523              0.0454  
forward:               0.7500             -1.1387              0.2136              0.0458  
forward:               0.8000             -1.2474             -1.0338              0.0462  
forward:               0.8500             -1.3096             -2.3435              0.0465  
forward:               0.9000             -1.3593             -3.7028              0.0468  
forward:               0.9500             -1.3815             -5.0843              0.0470  
forward:               1.0000             -1.3946             -6.4789              0.0473  
backward:              1.0000              0.0000             -6.4789              0.0000  
backward:              0.9500              1.3929             -5.0859              0.0078  
backward:              0.9000              1.3734             -3.7126              0.0100  
backward:              0.8500              1.3543             -2.3583              0.0123  
backward:              0.8000              1.2993             -1.0590              0.0140  
backward:              0.7500              1.2428              0.1838              0.0154  
backward:              0.7000              1.1436              1.3274              0.0174  
backward:              0.6500              0.9904              2.3178              0.0189  
backward:              0.6000              0.7894              3.1072              0.0202  
backward:              0.5500              0.5464              3.6536              0.0219  
backward:              0.5000              0.2897              3.9433              0.0232  
backward:              0.4500              0.1422              4.0855              0.0234  
backward:              0.4000              0.0997              4.1852              0.0241  
backward:              0.3500              0.0853              4.2704              0.0249  
backward:              0.3000              0.0291              4.2995              0.0262  
backward:              0.2500             -0.0413              4.2582              0.0274  
backward:              0.2000             -0.1286              4.1297              0.0297  
backward:              0.1500             -0.3411              3.7886              0.0381  
backward:              0.1000             -0.6833              3.1053              0.0732  
backward:              0.0500             -1.1099              1.9954              0.0787  
backward:              0.0000             -2.0035             -0.0082              0.0887  
Inaccuracy estimation
======================================================================================================
                   i        i+δi          P0_overlap_P1   δε(forward)/ε   δε(backward)/ε
======================================================================================================
inaccuracy:  0.00000        0.05000           30.69           -0.01            2.35
inaccuracy:  0.05000        0.10000           38.90           -0.06            1.52
inaccuracy:  0.10000        0.15000           50.96           -0.04            0.74
inaccuracy:  0.15000        0.20000           59.96           -0.04            0.37
inaccuracy:  0.20000        0.25000           63.18           -0.02            0.27
inaccuracy:  0.25000        0.30000           67.16           -0.02            0.20
inaccuracy:  0.30000        0.35000           70.27           -0.01            0.16
inaccuracy:  0.35000        0.40000           69.67           -0.03            0.15
inaccuracy:  0.40000        0.45000           71.33           -0.03            0.13
inaccuracy:  0.45000        0.50000           71.76           -0.03            0.12
inaccuracy:  0.50000        0.55000           62.69           -0.11            0.16
inaccuracy:  0.55000        0.60000           64.44           -0.12            0.11
inaccuracy:  0.60000        0.65000           63.12           -0.13            0.08
inaccuracy:  0.65000        0.70000           63.68           -0.15            0.06
inaccuracy:  0.70000        0.75000           63.88           -0.14            0.04
inaccuracy:  0.75000        0.80000           64.97           -0.13            0.03
inaccuracy:  0.80000        0.85000           64.52           -0.14            0.03
inaccuracy:  0.85000        0.90000           63.88           -0.12            0.02
inaccuracy:  0.90000        0.95000           64.69           -0.14            0.03
inaccuracy:  0.95000        1.00000           63.40           -0.15            0.02
===================================================================================================================================
                BAR        
-----------------------------------------------------------------------------------------------------------------------------------
BAR-estimator:         λ             λ+δλ          ΔΔA             ΔA            C               Δδe            δe       
                          
-----------------------------------------------------------------------------------------------------------------------------------
BAR-estimator:      0.00000        0.05000        2.0464         2.0464         2.0464         0.0143         0.0143 
BAR-estimator:      0.05000        0.10000        1.1788         3.2253         1.1788         0.0122         0.0188 
BAR-estimator:      0.10000        0.15000        0.6217         3.8469         0.6217         0.0087         0.0207 
BAR-estimator:      0.15000        0.20000        0.3005         4.1474         0.3005         0.0092         0.0227 
BAR-estimator:      0.20000        0.25000        0.1404         4.2878         0.1404         0.0050         0.0232 
BAR-estimator:      0.25000        0.30000        0.0456         4.3334         0.0456         0.0049         0.0238 
BAR-estimator:      0.30000        0.35000       -0.0335         4.2999        -0.0335         0.0043         0.0241 
BAR-estimator:      0.35000        0.40000       -0.0752         4.2247        -0.0752         0.0039         0.0245 
BAR-estimator:      0.40000        0.45000       -0.1012         4.1235        -0.1012         0.0034         0.0247 
BAR-estimator:      0.45000        0.50000       -0.1391         3.9844        -0.1391         0.0033         0.0249 
BAR-estimator:      0.50000        0.55000       -0.2952         3.6892        -0.2952         0.0044         0.0253 
BAR-estimator:      0.55000        0.60000       -0.5650         3.1242        -0.5650         0.0041         0.0256 
BAR-estimator:      0.60000        0.65000       -0.7913         2.3329        -0.7913         0.0042         0.0260 
BAR-estimator:      0.65000        0.70000       -0.9952         1.3377        -0.9952         0.0042         0.0263 
BAR-estimator:      0.70000        0.75000       -1.1431         0.1947        -1.1431         0.0042         0.0266 
BAR-estimator:      0.75000        0.80000       -1.2418        -1.0471        -1.2418         0.0041         0.0270 
BAR-estimator:      0.80000        0.85000       -1.3047        -2.3518        -1.3047         0.0040         0.0273 
BAR-estimator:      0.85000        0.90000       -1.3581        -3.7099        -1.3581         0.0037         0.0275 
BAR-estimator:      0.90000        0.95000       -1.3765        -5.0864        -1.3765         0.0046         0.0279 
BAR-estimator:      0.95000        1.00000       -1.3955        -6.4819        -1.3955         0.0043         0.0282 
BAR-estimator: total free energy change is -6.481928871873945 , total error is 0.02820962132698806
