#========================================================================================
#                     Free energy perturbation    
#----------------------------------------------------------------------------------------
#forward/backward          λ              ΔΔA                 ΔA                  δε   
#                                                 
#----------------------------------------------------------------------------------------
forward:               0.0000              0.0000              0.0000              0.0000  
forward:               0.0500              1.7301              1.7301              0.0273  
forward:               0.1000              0.8821              2.6123              0.0330  
forward:               0.1500              0.4342              3.0464              0.0350  
forward:               0.2000              0.1763              3.2227              0.0361  
forward:               0.2500              0.0587              3.2815              0.0370  
forward:               0.3000             -0.0182              3.2633              0.0377  
forward:               0.3500             -0.0751              3.1882              0.0380  
forward:               0.4000             -0.1106              3.0776              0.0383  
forward:               0.4500             -0.1390              2.9386              0.0386  
forward:               0.5000             -0.1781              2.7605              0.0388  
forward:               0.5500             -0.3711              2.3894              0.0396  
forward:               0.6000             -0.6691              1.7203              0.0403  
forward:               0.6500             -0.9145              0.8058              0.0410  
forward:               0.7000             -1.0939             -0.2882              0.0418  
forward:               0.7500             -1.2294             -1.5176              0.0425  
forward:               0.8000             -1.3102             -2.8278              0.0430  
forward:               0.8500             -1.3471             -4.1749              0.0434  
forward:               0.9000             -1.3433             -5.5182              0.0437  
forward:               0.9500             -1.3683             -6.8865              0.0440  
forward:               1.0000             -1.3679             -8.2545              0.0442  
backward:              1.0000              0.0000             -8.2545              0.0000  
backward:              0.9500              1.3630             -6.8914              0.0067  
backward:              0.9000              1.3618             -5.5296              0.0092  
backward:              0.8500              1.3619             -4.1677              0.0109  
backward:              0.8000              1.3332             -2.8345              0.0127  
backward:              0.7500              1.3234             -1.5110              0.0145  
backward:              0.7000              1.2515             -0.2595              0.0152  
backward:              0.6500              1.1088              0.8493              0.0172  
backward:              0.6000              0.9229              1.7722              0.0192  
backward:              0.5500              0.6788              2.4510              0.0210  
backward:              0.5000              0.3718              2.8228              0.0217  
backward:              0.4500              0.1736              2.9964              0.0222  
backward:              0.4000              0.1450              3.1414              0.0229  
backward:              0.3500              0.1153              3.2568              0.0236  
backward:              0.3000              0.0807              3.3375              0.0245  
backward:              0.2500              0.0112              3.3487              0.0259  
backward:              0.2000             -0.0513              3.2973              0.0271  
backward:              0.1500             -0.1794              3.1179              0.0292  
backward:              0.1000             -0.4314              2.6865              0.0332  
backward:              0.0500             -0.9250              1.7615              0.0617  
backward:              0.0000             -1.7139              0.0476              0.0813  
Inaccuracy estimation
======================================================================================================
                   i        i+δi          P0_overlap_P1   δε(forward)/ε   δε(backward)/ε
======================================================================================================
inaccuracy:  0.00000        0.05000           32.92           -0.04            1.93
inaccuracy:  0.05000        0.10000           44.95           -0.04            1.11
inaccuracy:  0.10000        0.15000           57.14           -0.02            0.56
inaccuracy:  0.15000        0.20000           64.93           -0.02            0.31
inaccuracy:  0.20000        0.25000           68.04           -0.02            0.20
inaccuracy:  0.25000        0.30000           69.99           -0.02            0.15
inaccuracy:  0.30000        0.35000           71.57           -0.01            0.13
inaccuracy:  0.35000        0.40000           72.97           -0.01            0.12
inaccuracy:  0.40000        0.45000           73.23           -0.02            0.10
inaccuracy:  0.45000        0.50000           74.83           -0.01            0.09
inaccuracy:  0.50000        0.55000           61.90           -0.12            0.19
inaccuracy:  0.55000        0.60000           63.80           -0.14            0.09
inaccuracy:  0.60000        0.65000           64.84           -0.16            0.06
inaccuracy:  0.65000        0.70000           64.43           -0.16            0.03
inaccuracy:  0.70000        0.75000           64.28           -0.17            0.02
inaccuracy:  0.75000        0.80000           64.37           -0.13            0.02
inaccuracy:  0.80000        0.85000           65.39           -0.13            0.03
inaccuracy:  0.85000        0.90000           63.00           -0.18            0.03
inaccuracy:  0.90000        0.95000           64.41           -0.14            0.04
inaccuracy:  0.95000        1.00000           63.29           -0.16            0.04
===================================================================================================================================
                BAR        
-----------------------------------------------------------------------------------------------------------------------------------
BAR-estimator:         λ             λ+δλ          ΔΔA             ΔA            C               Δδe            δe       
                          
-----------------------------------------------------------------------------------------------------------------------------------
BAR-estimator:      0.00000        0.05000        1.7156         1.7156         1.7156         0.0118         0.0118 
BAR-estimator:      0.05000        0.10000        0.8966         2.6122         0.8966         0.0127         0.0173 
BAR-estimator:      0.10000        0.15000        0.4368         3.0490         0.4368         0.0077         0.0190 
BAR-estimator:      0.15000        0.20000        0.1849         3.2339         0.1849         0.0059         0.0198 
BAR-estimator:      0.20000        0.25000        0.0572         3.2911         0.0572         0.0055         0.0206 
BAR-estimator:      0.25000        0.30000       -0.0182         3.2729        -0.0182         0.0044         0.0211 
BAR-estimator:      0.30000        0.35000       -0.0773         3.1957        -0.0773         0.0039         0.0214 
BAR-estimator:      0.35000        0.40000       -0.1113         3.0843        -0.1113         0.0036         0.0217 
BAR-estimator:      0.40000        0.45000       -0.1400         2.9443        -0.1400         0.0034         0.0220 
BAR-estimator:      0.45000        0.50000       -0.1751         2.7692        -0.1751         0.0031         0.0222 
BAR-estimator:      0.50000        0.55000       -0.3691         2.4001        -0.3691         0.0046         0.0227 
BAR-estimator:      0.55000        0.60000       -0.6750         1.7252        -0.6750         0.0045         0.0231 
BAR-estimator:      0.60000        0.65000       -0.9190         0.8062        -0.9190         0.0046         0.0236 
BAR-estimator:      0.65000        0.70000       -1.1019        -0.2958        -1.1019         0.0043         0.0239 
BAR-estimator:      0.70000        0.75000       -1.2376        -1.5334        -1.2376         0.0044         0.0243 
BAR-estimator:      0.75000        0.80000       -1.3146        -2.8480        -1.3146         0.0043         0.0247 
BAR-estimator:      0.80000        0.85000       -1.3421        -4.1901        -1.3421         0.0043         0.0251 
BAR-estimator:      0.85000        0.90000       -1.3537        -5.5437        -1.3537         0.0043         0.0255 
BAR-estimator:      0.90000        0.95000       -1.3630        -6.9067        -1.3630         0.0056         0.0261 
BAR-estimator:      0.95000        1.00000       -1.3643        -8.2710        -1.3643         0.0043         0.0264 
BAR-estimator: total free energy change is -8.271002677960213 , total error is 0.026421962710580837
