#========================================================================================
#                     Free energy perturbation    
#----------------------------------------------------------------------------------------
#forward/backward          λ              ΔΔA                 ΔA                  δε   
#                                                 
#----------------------------------------------------------------------------------------
forward:               0.0000              0.0000              0.0000              0.0000  
forward:               0.0500              1.9442              1.9442              0.0358  
forward:               0.1000              1.1635              3.1077              0.0397  
forward:               0.1500              0.6514              3.7591              0.0423  
forward:               0.2000              0.3820              4.1411              0.0436  
forward:               0.2500              0.2355              4.3766              0.0444  
forward:               0.3000              0.1409              4.5175              0.0450  
forward:               0.3500              0.0741              4.5916              0.0454  
forward:               0.4000              0.0141              4.6057              0.0458  
forward:               0.4500             -0.0137              4.5920              0.0461  
forward:               0.5000             -0.0479              4.5441              0.0464  
forward:               0.5500             -0.0773              4.4668              0.0467  
forward:               0.6000             -0.1455              4.3213              0.0469  
forward:               0.6500             -0.1847              4.1366              0.0472  
forward:               0.7000             -0.2374              3.8992              0.0474  
forward:               0.7500             -0.2581              3.6411              0.0476  
forward:               0.8000             -0.2896              3.3514              0.0478  
forward:               0.8500             -0.2974              3.0541              0.0480  
forward:               0.9000             -0.3277              2.7263              0.0481  
forward:               0.9500             -0.3402              2.3861              0.0483  
forward:               1.0000             -0.3658              2.0204              0.0485  
backward:              1.0000              0.0000              2.0204              0.0000  
backward:              0.9500              0.3553              2.3757              0.0053  
backward:              0.9000              0.3407              2.7164              0.0072  
backward:              0.8500              0.3403              3.0567              0.0086  
backward:              0.8000              0.3056              3.3623              0.0101  
backward:              0.7500              0.2814              3.6436              0.0116  
backward:              0.7000              0.2427              3.8863              0.0123  
backward:              0.6500              0.2224              4.1087              0.0134  
backward:              0.6000              0.1954              4.3041              0.0145  
backward:              0.5500              0.1483              4.4524              0.0155  
backward:              0.5000              0.0856              4.5380              0.0170  
backward:              0.4500              0.0407              4.5787              0.0181  
backward:              0.4000              0.0184              4.5971              0.0192  
backward:              0.3500             -0.0168              4.5803              0.0208  
backward:              0.3000             -0.0731              4.5073              0.0231  
backward:              0.2500             -0.1326              4.3747              0.0254  
backward:              0.2000             -0.2439              4.1307              0.0282  
backward:              0.1500             -0.4314              3.6994              0.0427  
backward:              0.1000             -0.6495              3.0499              0.0461  
backward:              0.0500             -1.1626              1.8873              0.0754  
backward:              0.0000             -2.0781             -0.1909              0.1658  
Inaccuracy estimation
======================================================================================================
                   i        i+δi          P0_overlap_P1   δε(forward)/ε   δε(backward)/ε
======================================================================================================
inaccuracy:  0.00000        0.05000           31.63           -0.01            2.46
inaccuracy:  0.05000        0.10000           42.47           -0.06            1.32
inaccuracy:  0.10000        0.15000           51.94           -0.04            0.70
inaccuracy:  0.15000        0.20000           59.01           -0.03            0.40
inaccuracy:  0.20000        0.25000           62.85           -0.02            0.32
inaccuracy:  0.25000        0.30000           65.52           -0.03            0.24
inaccuracy:  0.30000        0.35000           67.35           -0.02            0.20
inaccuracy:  0.35000        0.40000           68.85           -0.02            0.16
inaccuracy:  0.40000        0.45000           69.81           -0.02            0.15
inaccuracy:  0.45000        0.50000           70.76           -0.02            0.14
inaccuracy:  0.50000        0.55000           67.94           -0.03            0.14
inaccuracy:  0.55000        0.60000           69.02           -0.04            0.13
inaccuracy:  0.60000        0.65000           69.76           -0.04            0.12
inaccuracy:  0.65000        0.70000           71.91           -0.03            0.11
inaccuracy:  0.70000        0.75000           71.33           -0.04            0.10
inaccuracy:  0.75000        0.80000           71.10           -0.04            0.10
inaccuracy:  0.80000        0.85000           70.01           -0.03            0.10
inaccuracy:  0.85000        0.90000           70.02           -0.04            0.10
inaccuracy:  0.90000        0.95000           70.57           -0.03            0.10
inaccuracy:  0.95000        1.00000           71.28           -0.03            0.10
===================================================================================================================================
                BAR        
-----------------------------------------------------------------------------------------------------------------------------------
BAR-estimator:         λ             λ+δλ          ΔΔA             ΔA            C               Δδe            δe       
                          
-----------------------------------------------------------------------------------------------------------------------------------
BAR-estimator:      0.00000        0.05000        1.9705         1.9705         1.9705         0.0154         0.0154 
BAR-estimator:      0.05000        0.10000        1.1504         3.1209         1.1504         0.0098         0.0182 
BAR-estimator:      0.10000        0.15000        0.6547         3.7756         0.6547         0.0088         0.0202 
BAR-estimator:      0.15000        0.20000        0.3830         4.1587         0.3830         0.0067         0.0213 
BAR-estimator:      0.20000        0.25000        0.2409         4.3996         0.2409         0.0061         0.0222 
BAR-estimator:      0.25000        0.30000        0.1407         4.5403         0.1407         0.0054         0.0228 
BAR-estimator:      0.30000        0.35000        0.0757         4.6160         0.0757         0.0042         0.0232 
BAR-estimator:      0.35000        0.40000        0.0147         4.6307         0.0147         0.0038         0.0235 
BAR-estimator:      0.40000        0.45000       -0.0139         4.6168        -0.0139         0.0038         0.0238 
BAR-estimator:      0.45000        0.50000       -0.0433         4.5735        -0.0433         0.0036         0.0241 
BAR-estimator:      0.50000        0.55000       -0.0820         4.4915        -0.0820         0.0038         0.0244 
BAR-estimator:      0.55000        0.60000       -0.1475         4.3441        -0.1475         0.0036         0.0247 
BAR-estimator:      0.60000        0.65000       -0.1888         4.1553        -0.1888         0.0036         0.0249 
BAR-estimator:      0.65000        0.70000       -0.2318         3.9235        -0.2318         0.0042         0.0253 
BAR-estimator:      0.70000        0.75000       -0.2533         3.6702        -0.2533         0.0035         0.0255 
BAR-estimator:      0.75000        0.80000       -0.2877         3.3825        -0.2877         0.0036         0.0258 
BAR-estimator:      0.80000        0.85000       -0.3007         3.0818        -0.3007         0.0033         0.0260 
BAR-estimator:      0.85000        0.90000       -0.3307         2.7511        -0.3307         0.0032         0.0262 
BAR-estimator:      0.90000        0.95000       -0.3392         2.4119        -0.3392         0.0034         0.0264 
BAR-estimator:      0.95000        1.00000       -0.3582         2.0537        -0.3582         0.0032         0.0266 
BAR-estimator: total free energy change is 2.0537121024891785 , total error is 0.02659287201807793
