#========================================================================================
#                     Free energy perturbation    
#----------------------------------------------------------------------------------------
#forward/backward          λ              ΔΔA                 ΔA                  δε   
#                                                 
#----------------------------------------------------------------------------------------
forward:               0.0000              0.0000              0.0000              0.0000  
forward:               0.0500              1.0527              1.0527              0.0160  
forward:               0.1000              0.6387              1.6915              0.0217  
forward:               0.1500              0.4182              2.1097              0.0241  
forward:               0.2000              0.2598              2.3694              0.0253  
forward:               0.2500              0.1626              2.5321              0.0262  
forward:               0.3000              0.0995              2.6316              0.0272  
forward:               0.3500              0.0517              2.6833              0.0278  
forward:               0.4000              0.0355              2.7188              0.0283  
forward:               0.4500              0.0089              2.7277              0.0288  
forward:               0.5000             -0.0096              2.7180              0.0291  
forward:               0.5500             -0.1195              2.5986              0.0298  
forward:               0.6000             -0.3125              2.2861              0.0304  
forward:               0.6500             -0.4750              1.8111              0.0310  
forward:               0.7000             -0.6298              1.1813              0.0316  
forward:               0.7500             -0.7577              0.4236              0.0322  
forward:               0.8000             -0.8428             -0.4192              0.0327  
forward:               0.8500             -0.8913             -1.3105              0.0331  
forward:               0.9000             -0.9297             -2.2403              0.0335  
forward:               0.9500             -0.9484             -3.1887              0.0339  
forward:               1.0000             -0.9490             -4.1377              0.0342  
backward:              1.0000              0.0000             -4.1377              0.0000  
backward:              0.9500              0.9443             -3.1934              0.0060  
backward:              0.9000              0.9363             -2.2571              0.0085  
backward:              0.8500              0.9228             -1.3343              0.0109  
backward:              0.8000              0.8966             -0.4377              0.0123  
backward:              0.7500              0.8421              0.4044              0.0141  
backward:              0.7000              0.7503              1.1547              0.0156  
backward:              0.6500              0.6387              1.7934              0.0174  
backward:              0.6000              0.4864              2.2798              0.0188  
backward:              0.5500              0.3052              2.5850              0.0201  
backward:              0.5000              0.1110              2.6960              0.0214  
backward:              0.4500              0.0105              2.7064              0.0224  
backward:              0.4000             -0.0028              2.7036              0.0230  
backward:              0.3500             -0.0233              2.6803              0.0237  
backward:              0.3000             -0.0610              2.6193              0.0247  
backward:              0.2500             -0.1080              2.5113              0.0258  
backward:              0.2000             -0.1761              2.3352              0.0275  
backward:              0.1500             -0.2813              2.0539              0.0305  
backward:              0.1000             -0.4009              1.6530              0.0333  
backward:              0.0500             -0.6484              1.0046              0.0370  
backward:              0.0000             -1.0130             -0.0084              0.0431  
Inaccuracy estimation
======================================================================================================
                   i        i+δi          P0_overlap_P1   δε(forward)/ε   δε(backward)/ε
======================================================================================================
inaccuracy:  0.00000        0.05000           46.68           -0.03            0.96
inaccuracy:  0.05000        0.10000           55.50           -0.02            0.62
inaccuracy:  0.10000        0.15000           60.39           -0.01            0.40
inaccuracy:  0.15000        0.20000           66.62           -0.02            0.26
inaccuracy:  0.20000        0.25000           69.76           -0.01            0.18
inaccuracy:  0.25000        0.30000           71.31           -0.01            0.16
inaccuracy:  0.30000        0.35000           73.70           -0.01            0.13
inaccuracy:  0.35000        0.40000           72.08           -0.01            0.13
inaccuracy:  0.40000        0.45000           73.73           -0.01            0.12
inaccuracy:  0.45000        0.50000           74.01           -0.02            0.10
inaccuracy:  0.50000        0.55000           67.70           -0.06            0.14
inaccuracy:  0.55000        0.60000           67.40           -0.08            0.11
inaccuracy:  0.60000        0.65000           66.63           -0.08            0.09
inaccuracy:  0.65000        0.70000           67.48           -0.08            0.07
inaccuracy:  0.70000        0.75000           68.38           -0.09            0.06
inaccuracy:  0.75000        0.80000           68.18           -0.09            0.05
inaccuracy:  0.80000        0.85000           67.83           -0.08            0.05
inaccuracy:  0.85000        0.90000           68.37           -0.08            0.05
inaccuracy:  0.90000        0.95000           68.66           -0.08            0.05
inaccuracy:  0.95000        1.00000           67.37           -0.08            0.05
===================================================================================================================================
                BAR        
-----------------------------------------------------------------------------------------------------------------------------------
BAR-estimator:         λ             λ+δλ          ΔΔA             ΔA            C               Δδe            δe       
                          
-----------------------------------------------------------------------------------------------------------------------------------
BAR-estimator:      0.00000        0.05000        1.0461         1.0461         1.0461         0.0098         0.0098 
BAR-estimator:      0.05000        0.10000        0.6525         1.6986         0.6525         0.0089         0.0132 
BAR-estimator:      0.10000        0.15000        0.4102         2.1088         0.4102         0.0066         0.0148 
BAR-estimator:      0.15000        0.20000        0.2612         2.3700         0.2612         0.0052         0.0157 
BAR-estimator:      0.20000        0.25000        0.1656         2.5355         0.1656         0.0046         0.0164 
BAR-estimator:      0.25000        0.30000        0.1027         2.6382         0.1027         0.0054         0.0172 
BAR-estimator:      0.30000        0.35000        0.0553         2.6936         0.0553         0.0043         0.0178 
BAR-estimator:      0.35000        0.40000        0.0294         2.7230         0.0294         0.0037         0.0181 
BAR-estimator:      0.40000        0.45000        0.0082         2.7312         0.0082         0.0038         0.0185 
BAR-estimator:      0.45000        0.50000       -0.0109         2.7203        -0.0109         0.0033         0.0188 
BAR-estimator:      0.50000        0.55000       -0.1177         2.6026        -0.1177         0.0042         0.0193 
BAR-estimator:      0.55000        0.60000       -0.3096         2.2929        -0.3096         0.0038         0.0197 
BAR-estimator:      0.60000        0.65000       -0.4817         1.8113        -0.4817         0.0039         0.0201 
BAR-estimator:      0.65000        0.70000       -0.6338         1.1775        -0.6338         0.0043         0.0205 
BAR-estimator:      0.70000        0.75000       -0.7563         0.4212        -0.7563         0.0040         0.0209 
BAR-estimator:      0.75000        0.80000       -0.8449        -0.4237        -0.8449         0.0038         0.0212 
BAR-estimator:      0.80000        0.85000       -0.8926        -1.3163        -0.8926         0.0039         0.0216 
BAR-estimator:      0.85000        0.90000       -0.9289        -2.2452        -0.9289         0.0037         0.0219 
BAR-estimator:      0.90000        0.95000       -0.9437        -3.1889        -0.9437         0.0040         0.0223 
BAR-estimator:      0.95000        1.00000       -0.9478        -4.1368        -0.9478         0.0043         0.0227 
BAR-estimator: total free energy change is -4.136767634477988 , total error is 0.02268368508911348
