#========================================================================================
#                     Free energy perturbation    
#----------------------------------------------------------------------------------------
#forward/backward          λ              ΔΔA                 ΔA                  δε   
#                                                 
#----------------------------------------------------------------------------------------
forward:               0.0000              0.0000              0.0000              0.0000  
forward:               0.0500              3.7059              3.7059              0.0670  
forward:               0.1000              1.9676              5.6735              0.0745  
forward:               0.1500              0.8368              6.5104              0.0772  
forward:               0.2000              0.2963              6.8067              0.0784  
forward:               0.2500              0.0366              6.8433              0.0791  
forward:               0.3000             -0.1230              6.7203              0.0796  
forward:               0.3500             -0.2051              6.5152              0.0799  
forward:               0.4000             -0.2761              6.2391              0.0802  
forward:               0.4500             -0.3392              5.9000              0.0804  
forward:               0.5000             -0.3809              5.5190              0.0806  
forward:               0.5500             -0.6760              4.8430              0.0811  
forward:               0.6000             -1.1822              3.6608              0.0816  
forward:               0.6500             -1.6257              2.0351              0.0819  
forward:               0.7000             -1.9852              0.0499              0.0830  
forward:               0.7500             -2.2324             -2.1825              0.0835  
forward:               0.8000             -2.3601             -4.5426              0.0840  
forward:               0.8500             -2.3891             -6.9317              0.0844  
forward:               0.9000             -2.4001             -9.3318              0.0847  
forward:               0.9500             -2.3684            -11.7002              0.0850  
forward:               1.0000             -2.3474            -14.0477              0.0853  
backward:              1.0000              0.0000            -14.0477              0.0000  
backward:              0.9500              2.3398            -11.7079              0.0092  
backward:              0.9000              2.3612             -9.3467              0.0135  
backward:              0.8500              2.3852             -6.9615              0.0167  
backward:              0.8000              2.3985             -4.5630              0.0193  
backward:              0.7500              2.3647             -2.1983              0.0222  
backward:              0.7000              2.2300              0.0317              0.0247  
backward:              0.6500              1.9719              2.0036              0.0291  
backward:              0.6000              1.6239              3.6275              0.0312  
backward:              0.5500              1.1899              4.8175              0.0327  
backward:              0.5000              0.6865              5.5040              0.0344  
backward:              0.4500              0.3794              5.8834              0.0352  
backward:              0.4000              0.3226              6.2059              0.0362  
backward:              0.3500              0.2772              6.4832              0.0372  
backward:              0.3000              0.2137              6.6969              0.0386  
backward:              0.2500              0.1080              6.8049              0.0402  
backward:              0.2000             -0.0654              6.7395              0.0472  
backward:              0.1500             -0.3574              6.3820              0.0530  
backward:              0.1000             -0.8227              5.5593              0.0658  
backward:              0.0500             -1.8738              3.6855              0.0864  
backward:              0.0000             -3.7288             -0.0434              0.1467  
Inaccuracy estimation
======================================================================================================
                   i        i+δi          P0_overlap_P1   δε(forward)/ε   δε(backward)/ε
======================================================================================================
inaccuracy:  0.00000        0.05000           17.46            0.49            5.20
inaccuracy:  0.05000        0.10000           26.12           -0.09            3.10
inaccuracy:  0.10000        0.15000           39.58           -0.10            1.31
inaccuracy:  0.15000        0.20000           51.79           -0.07            0.65
inaccuracy:  0.20000        0.25000           58.84           -0.06            0.36
inaccuracy:  0.25000        0.30000           62.06           -0.05            0.25
inaccuracy:  0.30000        0.35000           63.56           -0.05            0.21
inaccuracy:  0.35000        0.40000           65.43           -0.05            0.18
inaccuracy:  0.40000        0.45000           66.85           -0.04            0.15
inaccuracy:  0.45000        0.50000           66.90           -0.04            0.13
inaccuracy:  0.50000        0.55000           52.61           -0.25            0.23
inaccuracy:  0.55000        0.60000           54.47           -0.35            0.10
inaccuracy:  0.60000        0.65000           54.02           -0.35            0.02
inaccuracy:  0.65000        0.70000           54.53           -0.39           -0.03
inaccuracy:  0.70000        0.75000           55.34           -0.39           -0.07
inaccuracy:  0.75000        0.80000           55.60           -0.33           -0.10
inaccuracy:  0.80000        0.85000           54.47           -0.37           -0.10
inaccuracy:  0.85000        0.90000           55.28           -0.36           -0.10
inaccuracy:  0.90000        0.95000           54.82           -0.41           -0.08
inaccuracy:  0.95000        1.00000           53.40           -0.36           -0.08
===================================================================================================================================
                BAR        
-----------------------------------------------------------------------------------------------------------------------------------
BAR-estimator:         λ             λ+δλ          ΔΔA             ΔA            C               Δδe            δe       
                          
-----------------------------------------------------------------------------------------------------------------------------------
BAR-estimator:      0.00000        0.05000        3.6877         3.6877         3.6877         0.0182         0.0182 
BAR-estimator:      0.05000        0.10000        1.9662         5.6539         1.9662         0.0159         0.0241 
BAR-estimator:      0.10000        0.15000        0.8280         6.4819         0.8280         0.0118         0.0269 
BAR-estimator:      0.15000        0.20000        0.3098         6.7917         0.3098         0.0087         0.0283 
BAR-estimator:      0.20000        0.25000        0.0413         6.8330         0.0413         0.0067         0.0290 
BAR-estimator:      0.25000        0.30000       -0.1164         6.7166        -0.1164         0.0038         0.0293 
BAR-estimator:      0.30000        0.35000       -0.2099         6.5067        -0.2099         0.0058         0.0299 
BAR-estimator:      0.35000        0.40000       -0.2762         6.2305        -0.2762         0.0048         0.0302 
BAR-estimator:      0.40000        0.45000       -0.3331         5.8973        -0.3331         0.0042         0.0305 
BAR-estimator:      0.45000        0.50000       -0.3822         5.5152        -0.3822         0.0038         0.0308 
BAR-estimator:      0.50000        0.55000       -0.6742         4.8410        -0.6742         0.0043         0.0311 
BAR-estimator:      0.55000        0.60000       -1.1861         3.6549        -1.1861         0.0062         0.0317 
BAR-estimator:      0.60000        0.65000       -1.6199         2.0349        -1.6199         0.0057         0.0322 
BAR-estimator:      0.65000        0.70000       -1.9849         0.0500        -1.9849         0.0067         0.0329 
BAR-estimator:      0.70000        0.75000       -2.2301        -2.1801        -2.2301         0.0058         0.0334 
BAR-estimator:      0.75000        0.80000       -2.3578        -4.5379        -2.3578         0.0042         0.0336 
BAR-estimator:      0.80000        0.85000       -2.3928        -6.9307        -2.3928         0.0054         0.0341 
BAR-estimator:      0.85000        0.90000       -2.3922        -9.3228        -2.3922         0.0055         0.0345 
BAR-estimator:      0.90000        0.95000       -2.3640       -11.6868        -2.3640         0.0057         0.0350 
BAR-estimator:      0.95000        1.00000       -2.3426       -14.0294        -2.3426         0.0049         0.0353 
BAR-estimator: total free energy change is -14.029426450718262 , total error is 0.03531161110147453
