#========================================================================================
#                     Free energy perturbation    
#----------------------------------------------------------------------------------------
#forward/backward          λ              ΔΔA                 ΔA                  δε   
#                                                 
#----------------------------------------------------------------------------------------
forward:               0.0000              0.0000              0.0000              0.0000  
forward:               0.0500              2.3057              2.3057              0.0339  
forward:               0.1000              1.3132              3.6189              0.0386  
forward:               0.1500              0.6329              4.2518              0.0416  
forward:               0.2000              0.2784              4.5302              0.0430  
forward:               0.2500              0.1434              4.6736              0.0439  
forward:               0.3000              0.0456              4.7192              0.0448  
forward:               0.3500             -0.0258              4.6933              0.0456  
forward:               0.4000             -0.0733              4.6200              0.0462  
forward:               0.4500             -0.1040              4.5160              0.0467  
forward:               0.5000             -0.1339              4.3821              0.0470  
forward:               0.5500             -0.2195              4.1626              0.0473  
forward:               0.6000             -0.4188              3.7438              0.0483  
forward:               0.6500             -0.6056              3.1383              0.0487  
forward:               0.7000             -0.7561              2.3822              0.0491  
forward:               0.7500             -0.8588              1.5234              0.0495  
forward:               0.8000             -0.9327              0.5907              0.0498  
forward:               0.8500             -0.9686             -0.3779              0.0501  
forward:               0.9000             -0.9952             -1.3731              0.0504  
forward:               0.9500             -1.0226             -2.3957              0.0505  
forward:               1.0000             -1.0376             -3.4333              0.0507  
backward:              1.0000              0.0000             -3.4333              0.0000  
backward:              0.9500              1.0382             -2.3951              0.0064  
backward:              0.9000              1.0177             -1.3774              0.0095  
backward:              0.8500              0.9978             -0.3795              0.0116  
backward:              0.8000              0.9728              0.5933              0.0134  
backward:              0.7500              0.9261              1.5193              0.0150  
backward:              0.7000              0.8622              2.3816              0.0165  
backward:              0.6500              0.7514              3.1329              0.0179  
backward:              0.6000              0.5900              3.7229              0.0193  
backward:              0.5500              0.4330              4.1559              0.0204  
backward:              0.5000              0.2429              4.3989              0.0218  
backward:              0.4500              0.1315              4.5303              0.0228  
backward:              0.4000              0.1005              4.6308              0.0239  
backward:              0.3500              0.0780              4.7089              0.0249  
backward:              0.3000              0.0265              4.7354              0.0268  
backward:              0.2500             -0.0377              4.6977              0.0285  
backward:              0.2000             -0.1412              4.5564              0.0310  
backward:              0.1500             -0.2923              4.2641              0.0345  
backward:              0.1000             -0.5901              3.6740              0.0409  
backward:              0.0500             -1.2639              2.4101              0.0535  
backward:              0.0000             -2.3196              0.0904              0.0696  
Inaccuracy estimation
======================================================================================================
                   i        i+δi          P0_overlap_P1   δε(forward)/ε   δε(backward)/ε
======================================================================================================
inaccuracy:  0.00000        0.05000           28.67            0.03            2.73
inaccuracy:  0.05000        0.10000           35.75           -0.08            1.71
inaccuracy:  0.10000        0.15000           48.28           -0.05            0.89
inaccuracy:  0.15000        0.20000           59.06           -0.04            0.42
inaccuracy:  0.20000        0.25000           61.93           -0.02            0.30
inaccuracy:  0.25000        0.30000           65.69           -0.03            0.22
inaccuracy:  0.30000        0.35000           66.99           -0.03            0.19
inaccuracy:  0.35000        0.40000           68.77           -0.03            0.16
inaccuracy:  0.40000        0.45000           69.70           -0.02            0.15
inaccuracy:  0.45000        0.50000           70.16           -0.02            0.13
inaccuracy:  0.50000        0.55000           63.29           -0.09            0.17
inaccuracy:  0.55000        0.60000           64.29           -0.11            0.13
inaccuracy:  0.60000        0.65000           65.83           -0.10            0.10
inaccuracy:  0.65000        0.70000           65.22           -0.09            0.08
inaccuracy:  0.70000        0.75000           65.67           -0.12            0.07
inaccuracy:  0.75000        0.80000           66.12           -0.09            0.07
inaccuracy:  0.80000        0.85000           64.93           -0.11            0.06
inaccuracy:  0.85000        0.90000           64.46           -0.12            0.06
inaccuracy:  0.90000        0.95000           65.30           -0.10            0.06
inaccuracy:  0.95000        1.00000           64.15           -0.12            0.07
===================================================================================================================================
                BAR        
-----------------------------------------------------------------------------------------------------------------------------------
BAR-estimator:         λ             λ+δλ          ΔΔA             ΔA            C               Δδe            δe       
                          
-----------------------------------------------------------------------------------------------------------------------------------
BAR-estimator:      0.00000        0.05000        2.3180         2.3180         2.3180         0.0151         0.0151 
BAR-estimator:      0.05000        0.10000        1.2857         3.6037         1.2857         0.0126         0.0197 
BAR-estimator:      0.10000        0.15000        0.6296         4.2333         0.6296         0.0096         0.0219 
BAR-estimator:      0.15000        0.20000        0.2829         4.5162         0.2829         0.0073         0.0231 
BAR-estimator:      0.20000        0.25000        0.1411         4.6573         0.1411         0.0060         0.0239 
BAR-estimator:      0.25000        0.30000        0.0450         4.7023         0.0450         0.0048         0.0244 
BAR-estimator:      0.30000        0.35000       -0.0288         4.6735        -0.0288         0.0043         0.0248 
BAR-estimator:      0.35000        0.40000       -0.0716         4.6019        -0.0716         0.0042         0.0251 
BAR-estimator:      0.40000        0.45000       -0.1022         4.4997        -0.1022         0.0046         0.0255 
BAR-estimator:      0.45000        0.50000       -0.1335         4.3662        -0.1335         0.0034         0.0257 
BAR-estimator:      0.50000        0.55000       -0.2333         4.1329        -0.2333         0.0040         0.0261 
BAR-estimator:      0.55000        0.60000       -0.4218         3.7111        -0.4218         0.0054         0.0266 
BAR-estimator:      0.60000        0.65000       -0.5974         3.1137        -0.5974         0.0043         0.0270 
BAR-estimator:      0.65000        0.70000       -0.7532         2.3605        -0.7532         0.0043         0.0273 
BAR-estimator:      0.70000        0.75000       -0.8608         1.4997        -0.8608         0.0042         0.0276 
BAR-estimator:      0.75000        0.80000       -0.9258         0.5739        -0.9258         0.0039         0.0279 
BAR-estimator:      0.80000        0.85000       -0.9705        -0.3967        -0.9705         0.0042         0.0282 
BAR-estimator:      0.85000        0.90000       -0.9991        -1.3957        -0.9991         0.0043         0.0285 
BAR-estimator:      0.90000        0.95000       -1.0193        -2.4151        -1.0193         0.0041         0.0288 
BAR-estimator:      0.95000        1.00000       -1.0387        -3.4537        -1.0387         0.0041         0.0291 
BAR-estimator: total free energy change is -3.4537433510185194 , total error is 0.029111120986359113
