#========================================================================================
#                     Free energy perturbation    
#----------------------------------------------------------------------------------------
#forward/backward          λ              ΔΔA                 ΔA                  δε   
#                                                 
#----------------------------------------------------------------------------------------
forward:               0.0000              0.0000              0.0000              0.0000  
forward:               0.0500              2.4880              2.4880              0.0377  
forward:               0.1000              1.3177              3.8058              0.0450  
forward:               0.1500              0.6694              4.4752              0.0475  
forward:               0.2000              0.3446              4.8198              0.0488  
forward:               0.2500              0.1475              4.9673              0.0494  
forward:               0.3000              0.0381              5.0055              0.0500  
forward:               0.3500             -0.0236              4.9819              0.0505  
forward:               0.4000             -0.0827              4.8992              0.0509  
forward:               0.4500             -0.1155              4.7837              0.0512  
forward:               0.5000             -0.1480              4.6357              0.0515  
forward:               0.5500             -0.2003              4.4354              0.0519  
forward:               0.6000             -0.3786              4.0568              0.0522  
forward:               0.6500             -0.5202              3.5366              0.0526  
forward:               0.7000             -0.6158              2.9208              0.0528  
forward:               0.7500             -0.7055              2.2154              0.0531  
forward:               0.8000             -0.7756              1.4398              0.0534  
forward:               0.8500             -0.8357              0.6041              0.0537  
forward:               0.9000             -0.8681             -0.2640              0.0539  
forward:               0.9500             -0.8982             -1.1622              0.0542  
forward:               1.0000             -0.9136             -2.0758              0.0544  
backward:              1.0000              0.0000             -2.0758              0.0000  
backward:              0.9500              0.9109             -1.1649              0.0071  
backward:              0.9000              0.8952             -0.2697              0.0096  
backward:              0.8500              0.8787              0.6090              0.0113  
backward:              0.8000              0.8189              1.4279              0.0128  
backward:              0.7500              0.7691              2.1970              0.0143  
backward:              0.7000              0.6973              2.8943              0.0155  
backward:              0.6500              0.6292              3.5235              0.0171  
backward:              0.6000              0.5068              4.0303              0.0185  
backward:              0.5500              0.3851              4.4154              0.0195  
backward:              0.5000              0.1969              4.6123              0.0211  
backward:              0.4500              0.1451              4.7575              0.0219  
backward:              0.4000              0.1039              4.8613              0.0230  
backward:              0.3500              0.0829              4.9443              0.0240  
backward:              0.3000              0.0333              4.9776              0.0250  
backward:              0.2500             -0.0501              4.9275              0.0268  
backward:              0.2000             -0.1661              4.7614              0.0294  
backward:              0.1500             -0.4012              4.3602              0.0707  
backward:              0.1000             -0.6195              3.7407              0.0731  
backward:              0.0500             -1.3484              2.3923              0.0825  
backward:              0.0000             -2.4803             -0.0880              0.1113  
Inaccuracy estimation
======================================================================================================
                   i        i+δi          P0_overlap_P1   δε(forward)/ε   δε(backward)/ε
======================================================================================================
inaccuracy:  0.00000        0.05000           26.59            0.08            3.05
inaccuracy:  0.05000        0.10000           37.80           -0.07            1.76
inaccuracy:  0.10000        0.15000           48.28           -0.05            0.87
inaccuracy:  0.15000        0.20000           56.65           -0.03            0.44
inaccuracy:  0.20000        0.25000           63.92           -0.03            0.28
inaccuracy:  0.25000        0.30000           67.59           -0.02            0.21
inaccuracy:  0.30000        0.35000           68.06           -0.02            0.17
inaccuracy:  0.35000        0.40000           69.55           -0.02            0.15
inaccuracy:  0.40000        0.45000           70.57           -0.02            0.13
inaccuracy:  0.45000        0.50000           70.51           -0.02            0.12
inaccuracy:  0.50000        0.55000           63.82           -0.07            0.16
inaccuracy:  0.55000        0.60000           65.88           -0.07            0.12
inaccuracy:  0.60000        0.65000           67.16           -0.06            0.09
inaccuracy:  0.65000        0.70000           66.77           -0.08            0.09
inaccuracy:  0.70000        0.75000           67.87           -0.08            0.07
inaccuracy:  0.75000        0.80000           67.73           -0.08            0.07
inaccuracy:  0.80000        0.85000           68.04           -0.08            0.06
inaccuracy:  0.85000        0.90000           66.97           -0.10            0.06
inaccuracy:  0.90000        0.95000           67.12           -0.08            0.06
inaccuracy:  0.95000        1.00000           65.69           -0.10            0.06
===================================================================================================================================
                BAR        
-----------------------------------------------------------------------------------------------------------------------------------
BAR-estimator:         λ             λ+δλ          ΔΔA             ΔA            C               Δδe            δe       
                          
-----------------------------------------------------------------------------------------------------------------------------------
BAR-estimator:      0.00000        0.05000        2.4863         2.4863         2.4863         0.0129         0.0129 
BAR-estimator:      0.05000        0.10000        1.3431         3.8294         1.3431         0.0128         0.0182 
BAR-estimator:      0.10000        0.15000        0.6648         4.4942         0.6648         0.0109         0.0212 
BAR-estimator:      0.15000        0.20000        0.3405         4.8347         0.3405         0.0072         0.0224 
BAR-estimator:      0.20000        0.25000        0.1523         4.9871         0.1523         0.0054         0.0230 
BAR-estimator:      0.25000        0.30000        0.0430         5.0301         0.0430         0.0049         0.0235 
BAR-estimator:      0.30000        0.35000       -0.0244         5.0056        -0.0244         0.0044         0.0239 
BAR-estimator:      0.35000        0.40000       -0.0808         4.9248        -0.0808         0.0039         0.0242 
BAR-estimator:      0.40000        0.45000       -0.1115         4.8133        -0.1115         0.0038         0.0245 
BAR-estimator:      0.45000        0.50000       -0.1464         4.6670        -0.1464         0.0040         0.0249 
BAR-estimator:      0.50000        0.55000       -0.1999         4.4671        -0.1999         0.0045         0.0253 
BAR-estimator:      0.55000        0.60000       -0.3808         4.0863        -0.3808         0.0041         0.0256 
BAR-estimator:      0.60000        0.65000       -0.5147         3.5716        -0.5147         0.0041         0.0259 
BAR-estimator:      0.65000        0.70000       -0.6239         2.9477        -0.6239         0.0039         0.0262 
BAR-estimator:      0.70000        0.75000       -0.7030         2.2447        -0.7030         0.0035         0.0264 
BAR-estimator:      0.75000        0.80000       -0.7724         1.4723        -0.7724         0.0041         0.0268 
BAR-estimator:      0.80000        0.85000       -0.8303         0.6420        -0.8303         0.0039         0.0270 
BAR-estimator:      0.85000        0.90000       -0.8713        -0.2293        -0.8713         0.0039         0.0273 
BAR-estimator:      0.90000        0.95000       -0.8955        -1.1247        -0.8955         0.0047         0.0277 
BAR-estimator:      0.95000        1.00000       -0.9165        -2.0412        -0.9165         0.0041         0.0280 
BAR-estimator: total free energy change is -2.041230447710822 , total error is 0.028010473857652443
