#========================================================================================
#                     Free energy perturbation    
#----------------------------------------------------------------------------------------
#forward/backward          λ              ΔΔA                 ΔA                  δε   
#                                                 
#----------------------------------------------------------------------------------------
forward:               0.0000              0.0000              0.0000              0.0000  
forward:               0.0500              1.6366              1.6366              0.0094  
forward:               0.1000              0.8765              2.5131              0.0220  
forward:               0.1500              0.4615              2.9745              0.0249  
forward:               0.2000              0.2429              3.2174              0.0262  
forward:               0.2500              0.1185              3.3359              0.0271  
forward:               0.3000              0.0418              3.3777              0.0278  
forward:               0.3500             -0.0131              3.3646              0.0284  
forward:               0.4000             -0.0467              3.3180              0.0288  
forward:               0.4500             -0.0824              3.2356              0.0292  
forward:               0.5000             -0.1105              3.1251              0.0296  
forward:               0.5500             -0.3154              2.8098              0.0304  
forward:               0.6000             -0.7124              2.0974              0.0315  
forward:               0.6500             -1.0349              1.0625              0.0324  
forward:               0.7000             -1.3283             -0.2659              0.0333  
forward:               0.7500             -1.5006             -1.7665              0.0339  
forward:               0.8000             -1.6270             -3.3936              0.0346  
forward:               0.8500             -1.6996             -5.0932              0.0351  
forward:               0.9000             -1.7189             -6.8121              0.0356  
forward:               0.9500             -1.7659             -8.5780              0.0361  
forward:               1.0000             -1.7568            -10.3348              0.0366  
backward:              1.0000              0.0000            -10.3348              0.0000  
backward:              0.9500              1.7640             -8.5708              0.0055  
backward:              0.9000              1.7534             -6.8174              0.0093  
backward:              0.8500              1.7257             -5.0917              0.0120  
backward:              0.8000              1.7010             -3.3907              0.0138  
backward:              0.7500              1.6225             -1.7682              0.0159  
backward:              0.7000              1.5074             -0.2608              0.0176  
backward:              0.6500              1.3012              1.0404              0.0207  
backward:              0.6000              1.0414              2.0819              0.0224  
backward:              0.5500              0.7023              2.7842              0.0236  
backward:              0.5000              0.3245              3.1087              0.0245  
backward:              0.4500              0.1019              3.2106              0.0250  
backward:              0.4000              0.0875              3.2982              0.0254  
backward:              0.3500              0.0408              3.3390              0.0261  
backward:              0.3000              0.0219              3.3609              0.0270  
backward:              0.2500             -0.0291              3.3318              0.0280  
backward:              0.2000             -0.1340              3.1978              0.0305  
backward:              0.1500             -0.2228              2.9750              0.0333  
backward:              0.1000             -0.4305              2.5444              0.0360  
backward:              0.0500             -0.9091              1.6353              0.0457  
backward:              0.0000             -1.6807             -0.0454              0.0605  
Inaccuracy estimation
======================================================================================================
                   i        i+δi          P0_overlap_P1   δε(forward)/ε   δε(backward)/ε
======================================================================================================
inaccuracy:  0.00000        0.05000           37.11           -0.03            1.69
inaccuracy:  0.05000        0.10000           46.61           -0.02            1.05
inaccuracy:  0.10000        0.15000           56.42           -0.02            0.52
inaccuracy:  0.15000        0.20000           63.11           -0.02            0.33
inaccuracy:  0.20000        0.25000           68.36           -0.01            0.20
inaccuracy:  0.25000        0.30000           70.08           -0.01            0.16
inaccuracy:  0.30000        0.35000           72.02           -0.01            0.13
inaccuracy:  0.35000        0.40000           74.07           -0.02            0.11
inaccuracy:  0.40000        0.45000           74.37           -0.02            0.10
inaccuracy:  0.45000        0.50000           75.44           -0.01            0.09
inaccuracy:  0.50000        0.55000           60.99           -0.12            0.19
inaccuracy:  0.55000        0.60000           62.26           -0.17            0.10
inaccuracy:  0.60000        0.65000           60.31           -0.19            0.05
inaccuracy:  0.65000        0.70000           63.44           -0.18            0.02
inaccuracy:  0.70000        0.75000           63.15           -0.21            0.00
inaccuracy:  0.75000        0.80000           63.55           -0.19           -0.01
inaccuracy:  0.80000        0.85000           62.84           -0.19           -0.02
inaccuracy:  0.85000        0.90000           62.27           -0.19           -0.02
inaccuracy:  0.90000        0.95000           62.86           -0.18           -0.01
inaccuracy:  0.95000        1.00000           61.45           -0.21           -0.02
===================================================================================================================================
                BAR        
-----------------------------------------------------------------------------------------------------------------------------------
BAR-estimator:         λ             λ+δλ          ΔΔA             ΔA            C               Δδe            δe       
                          
-----------------------------------------------------------------------------------------------------------------------------------
BAR-estimator:      0.00000        0.05000        1.6748         1.6748         1.6748         0.0122         0.0122 
BAR-estimator:      0.05000        0.10000        0.8998         2.5745         0.8998         0.0112         0.0166 
BAR-estimator:      0.10000        0.15000        0.4558         3.0303         0.4558         0.0074         0.0182 
BAR-estimator:      0.15000        0.20000        0.2362         3.2666         0.2362         0.0055         0.0190 
BAR-estimator:      0.20000        0.25000        0.1202         3.3868         0.1202         0.0050         0.0197 
BAR-estimator:      0.25000        0.30000        0.0361         3.4229         0.0361         0.0044         0.0201 
BAR-estimator:      0.30000        0.35000       -0.0154         3.4074        -0.0154         0.0039         0.0205 
BAR-estimator:      0.35000        0.40000       -0.0446         3.3628        -0.0446         0.0037         0.0209 
BAR-estimator:      0.40000        0.45000       -0.0835         3.2792        -0.0835         0.0032         0.0211 
BAR-estimator:      0.45000        0.50000       -0.1068         3.1725        -0.1068         0.0035         0.0214 
BAR-estimator:      0.50000        0.55000       -0.3148         2.8576        -0.3148         0.0043         0.0218 
BAR-estimator:      0.55000        0.60000       -0.7024         2.1553        -0.7024         0.0046         0.0223 
BAR-estimator:      0.60000        0.65000       -1.0375         1.1178        -1.0375         0.0047         0.0228 
BAR-estimator:      0.65000        0.70000       -1.3174        -0.1996        -1.3174         0.0050         0.0233 
BAR-estimator:      0.70000        0.75000       -1.5037        -1.7033        -1.5037         0.0040         0.0237 
BAR-estimator:      0.75000        0.80000       -1.6232        -3.3265        -1.6232         0.0041         0.0240 
BAR-estimator:      0.80000        0.85000       -1.6981        -5.0246        -1.6981         0.0046         0.0244 
BAR-estimator:      0.85000        0.90000       -1.7254        -6.7500        -1.7254         0.0045         0.0249 
BAR-estimator:      0.90000        0.95000       -1.7576        -8.5076        -1.7576         0.0048         0.0253 
BAR-estimator:      0.95000        1.00000       -1.7569       -10.2645        -1.7569         0.0049         0.0258 
BAR-estimator: total free energy change is -10.264505015735809 , total error is 0.02580042048238075
