#========================================================================================
#                     Free energy perturbation    
#----------------------------------------------------------------------------------------
#forward/backward          λ              ΔΔA                 ΔA                  δε   
#                                                 
#----------------------------------------------------------------------------------------
forward:               0.0000              0.0000              0.0000              0.0000  
forward:               0.0500              1.3168              1.3168              0.0205  
forward:               0.1000              0.7494              2.0662              0.0244  
forward:               0.1500              0.4211              2.4873              0.0268  
forward:               0.2000              0.2364              2.7237              0.0281  
forward:               0.2500              0.1402              2.8639              0.0289  
forward:               0.3000              0.0745              2.9384              0.0296  
forward:               0.3500              0.0376              2.9759              0.0302  
forward:               0.4000             -0.0068              2.9691              0.0306  
forward:               0.4500             -0.0225              2.9466              0.0310  
forward:               0.5000             -0.0395              2.9070              0.0313  
forward:               0.5500             -0.1223              2.7847              0.0317  
forward:               0.6000             -0.2503              2.5344              0.0320  
forward:               0.6500             -0.3259              2.2086              0.0323  
forward:               0.7000             -0.4306              1.7779              0.0328  
forward:               0.7500             -0.4945              1.2834              0.0331  
forward:               0.8000             -0.5568              0.7267              0.0334  
forward:               0.8500             -0.5980              0.1287              0.0337  
forward:               0.9000             -0.6414             -0.5127              0.0340  
forward:               0.9500             -0.6725             -1.1853              0.0342  
forward:               1.0000             -0.7065             -1.8917              0.0344  
backward:              1.0000              0.0000             -1.8917              0.0000  
backward:              0.9500              0.7006             -1.1912              0.0042  
backward:              0.9000              0.6728             -0.5184              0.0062  
backward:              0.8500              0.6385              0.1201              0.0080  
backward:              0.8000              0.6062              0.7263              0.0096  
backward:              0.7500              0.5512              1.2776              0.0113  
backward:              0.7000              0.4919              1.7695              0.0124  
backward:              0.6500              0.4193              2.1888              0.0131  
backward:              0.6000              0.3391              2.5279              0.0142  
backward:              0.5500              0.2386              2.7665              0.0152  
backward:              0.5000              0.1204              2.8869              0.0162  
backward:              0.4500              0.0530              2.9399              0.0170  
backward:              0.4000              0.0283              2.9682              0.0177  
backward:              0.3500             -0.0038              2.9644              0.0187  
backward:              0.3000             -0.0419              2.9225              0.0198  
backward:              0.2500             -0.0822              2.8402              0.0208  
backward:              0.2000             -0.1433              2.6969              0.0225  
backward:              0.1500             -0.2423              2.4546              0.0245  
backward:              0.1000             -0.4125              2.0421              0.0278  
backward:              0.0500             -0.7371              1.3050              0.0347  
backward:              0.0000             -1.3960             -0.0910              0.0560  
Inaccuracy estimation
======================================================================================================
                   i        i+δi          P0_overlap_P1   δε(forward)/ε   δε(backward)/ε
======================================================================================================
inaccuracy:  0.00000        0.05000           40.18           -0.04            1.50
inaccuracy:  0.05000        0.10000           51.79           -0.02            0.75
inaccuracy:  0.10000        0.15000           59.86           -0.01            0.45
inaccuracy:  0.15000        0.20000           66.40           -0.02            0.25
inaccuracy:  0.20000        0.25000           69.42           -0.01            0.20
inaccuracy:  0.25000        0.30000           71.65           -0.01            0.15
inaccuracy:  0.30000        0.35000           72.57           -0.02            0.13
inaccuracy:  0.35000        0.40000           74.35           -0.01            0.12
inaccuracy:  0.40000        0.45000           74.44           -0.01            0.11
inaccuracy:  0.45000        0.50000           74.07           -0.02            0.11
inaccuracy:  0.50000        0.55000           70.44           -0.05            0.12
inaccuracy:  0.55000        0.60000           71.80           -0.04            0.09
inaccuracy:  0.60000        0.65000           70.24           -0.05            0.09
inaccuracy:  0.65000        0.70000           72.32           -0.05            0.07
inaccuracy:  0.70000        0.75000           72.16           -0.05            0.07
inaccuracy:  0.75000        0.80000           71.83           -0.06            0.06
inaccuracy:  0.80000        0.85000           71.09           -0.06            0.06
inaccuracy:  0.85000        0.90000           71.18           -0.06            0.05
inaccuracy:  0.90000        0.95000           72.14           -0.05            0.05
inaccuracy:  0.95000        1.00000           71.63           -0.06            0.05
===================================================================================================================================
                BAR        
-----------------------------------------------------------------------------------------------------------------------------------
BAR-estimator:         λ             λ+δλ          ΔΔA             ΔA            C               Δδe            δe       
                          
-----------------------------------------------------------------------------------------------------------------------------------
BAR-estimator:      0.00000        0.05000        1.3276         1.3276         1.3276         0.0176         0.0176 
BAR-estimator:      0.05000        0.10000        0.7490         2.0766         0.7490         0.0082         0.0194 
BAR-estimator:      0.10000        0.15000        0.4237         2.5004         0.4237         0.0068         0.0206 
BAR-estimator:      0.15000        0.20000        0.2417         2.7421         0.2417         0.0055         0.0213 
BAR-estimator:      0.20000        0.25000        0.1407         2.8827         0.1407         0.0046         0.0218 
BAR-estimator:      0.25000        0.30000        0.0771         2.9599         0.0771         0.0042         0.0222 
BAR-estimator:      0.30000        0.35000        0.0384         2.9983         0.0384         0.0038         0.0225 
BAR-estimator:      0.35000        0.40000       -0.0035         2.9948        -0.0035         0.0035         0.0228 
BAR-estimator:      0.40000        0.45000       -0.0241         2.9707        -0.0241         0.0031         0.0230 
BAR-estimator:      0.45000        0.50000       -0.0431         2.9275        -0.0431         0.0031         0.0232 
BAR-estimator:      0.50000        0.55000       -0.1222         2.8053        -0.1222         0.0034         0.0234 
BAR-estimator:      0.55000        0.60000       -0.2451         2.5602        -0.2451         0.0031         0.0236 
BAR-estimator:      0.60000        0.65000       -0.3304         2.2298        -0.3304         0.0034         0.0239 
BAR-estimator:      0.65000        0.70000       -0.4262         1.8036        -0.4262         0.0032         0.0241 
BAR-estimator:      0.70000        0.75000       -0.4932         1.3104        -0.4932         0.0036         0.0244 
BAR-estimator:      0.75000        0.80000       -0.5570         0.7534        -0.5570         0.0032         0.0246 
BAR-estimator:      0.80000        0.85000       -0.6020         0.1514        -0.6020         0.0036         0.0249 
BAR-estimator:      0.85000        0.90000       -0.6427        -0.4914        -0.6427         0.0036         0.0251 
BAR-estimator:      0.90000        0.95000       -0.6723        -1.1637        -0.6723         0.0034         0.0253 
BAR-estimator:      0.95000        1.00000       -0.7047        -1.8683        -0.7047         0.0037         0.0256 
BAR-estimator: total free energy change is -1.8683270414495028 , total error is 0.025601490341920313
