#========================================================================================
#                     Free energy perturbation    
#----------------------------------------------------------------------------------------
#forward/backward          λ              ΔΔA                 ΔA                  δε   
#                                                 
#----------------------------------------------------------------------------------------
forward:               0.0000              0.0000              0.0000              0.0000  
forward:               0.0500              1.5093              1.5093              0.0173  
forward:               0.1000              0.9633              2.4726              0.0217  
forward:               0.1500              0.5464              3.0191              0.0258  
forward:               0.2000              0.3117              3.3307              0.0271  
forward:               0.2500              0.1725              3.5032              0.0279  
forward:               0.3000              0.0828              3.5860              0.0286  
forward:               0.3500              0.0403              3.6263              0.0291  
forward:               0.4000             -0.0066              3.6197              0.0295  
forward:               0.4500             -0.0375              3.5822              0.0303  
forward:               0.5000             -0.0625              3.5197              0.0306  
forward:               0.5500             -0.2122              3.3075              0.0311  
forward:               0.6000             -0.4174              2.8901              0.0316  
forward:               0.6500             -0.5932              2.2970              0.0322  
forward:               0.7000             -0.7501              1.5469              0.0328  
forward:               0.7500             -0.8397              0.7073              0.0334  
forward:               0.8000             -0.8549             -0.1476              0.0338  
forward:               0.8500             -0.8312             -0.9788              0.0341  
forward:               0.9000             -0.7981             -1.7769              0.0343  
forward:               0.9500             -0.7655             -2.5423              0.0346  
forward:               1.0000             -0.7253             -3.2676              0.0349  
backward:              1.0000              0.0000             -3.2676              0.0000  
backward:              0.9500              1.5179             -1.7497              0.0075  
backward:              0.9000              1.5246             -0.2251              0.0099  
backward:              0.8500              1.5134              1.2882              0.0130  
backward:              0.8000              1.4949              2.7832              0.0148  
backward:              0.7500              1.4512              4.2343              0.0169  
backward:              0.7000              1.3493              5.5836              0.0188  
backward:              0.6500              1.1358              6.7195              0.0206  
backward:              0.6000              0.8725              7.5919              0.0219  
backward:              0.5500              0.5747              8.1666              0.0232  
backward:              0.5000              0.2646              8.4313              0.0246  
backward:              0.4500              0.0646              8.4959              0.0252  
backward:              0.4000              0.0354              8.5313              0.0258  
backward:              0.3500              0.0114              8.5428              0.0267  
backward:              0.3000             -0.0264              8.5164              0.0274  
backward:              0.2500             -0.1043              8.4120              0.0287  
backward:              0.2000             -0.1909              8.2212              0.0301  
backward:              0.1500             -0.3228              7.8983              0.0327  
backward:              0.1000             -0.5252              7.3731              0.0348  
backward:              0.0500             -0.9376              6.4355              0.0453  
backward:              0.0000             -1.5312              4.9044              0.0554  
Inaccuracy estimation
======================================================================================================
                   i        i+δi          P0_overlap_P1   δε(forward)/ε   δε(backward)/ε
======================================================================================================
inaccuracy:  0.00000        0.05000           38.09           -0.04            1.57
inaccuracy:  0.05000        0.10000           45.90           -0.05            1.08
inaccuracy:  0.10000        0.15000           54.67           -0.03            0.60
inaccuracy:  0.15000        0.20000           61.55           -0.02            0.37
inaccuracy:  0.20000        0.25000           66.48           -0.02            0.24
inaccuracy:  0.25000        0.30000           69.70           -0.02            0.19
inaccuracy:  0.30000        0.35000           69.43           -0.02            0.17
inaccuracy:  0.35000        0.40000           70.50           -0.02            0.15
inaccuracy:  0.40000        0.45000           71.64           -0.01            0.12
inaccuracy:  0.45000        0.50000           72.48           -0.02            0.12
inaccuracy:  0.50000        0.55000           60.39           -0.18            0.15
inaccuracy:  0.55000        0.60000           54.28           -0.30            0.13
inaccuracy:  0.60000        0.65000           46.60           -0.46            0.11
inaccuracy:  0.65000        0.70000           40.71           -0.66            0.09
inaccuracy:  0.70000        0.75000           34.85           -0.87            0.06
inaccuracy:  0.75000        0.80000           30.82           -1.08            0.06
inaccuracy:  0.80000        0.85000           27.64           -1.17            0.07
inaccuracy:  0.85000        0.90000           25.64           -1.28            0.08
inaccuracy:  0.90000        0.95000           24.61           -1.35            0.08
inaccuracy:  0.95000        1.00000           23.21           -1.36            0.10
===================================================================================================================================
                BAR        
-----------------------------------------------------------------------------------------------------------------------------------
BAR-estimator:         λ             λ+δλ          ΔΔA             ΔA            C               Δδe            δe       
                          
-----------------------------------------------------------------------------------------------------------------------------------
BAR-estimator:      0.00000        0.05000        1.5307         1.5307         1.5307         0.0097         0.0097 
BAR-estimator:      0.05000        0.10000        0.9567         2.4873         0.9567         0.0079         0.0125 
BAR-estimator:      0.10000        0.15000        0.5488         3.0361         0.5488         0.0088         0.0153 
BAR-estimator:      0.15000        0.20000        0.3188         3.3549         0.3188         0.0055         0.0162 
BAR-estimator:      0.20000        0.25000        0.1794         3.5342         0.1794         0.0048         0.0169 
BAR-estimator:      0.25000        0.30000        0.0915         3.6257         0.0915         0.0048         0.0176 
BAR-estimator:      0.30000        0.35000        0.0367         3.6624         0.0367         0.0042         0.0181 
BAR-estimator:      0.35000        0.40000       -0.0080         3.6544        -0.0080         0.0035         0.0184 
BAR-estimator:      0.40000        0.45000       -0.0369         3.6175        -0.0369         0.0042         0.0189 
BAR-estimator:      0.45000        0.50000       -0.0627         3.5547        -0.0627         0.0033         0.0192 
BAR-estimator:      0.50000        0.55000       -0.2644         3.2903        -0.2644         0.0046         0.0197 
BAR-estimator:      0.55000        0.60000       -0.5191         2.7713        -0.5191         0.0044         0.0202 
BAR-estimator:      0.60000        0.65000       -0.7614         2.0098        -0.7614         0.0045         0.0207 
BAR-estimator:      0.65000        0.70000       -0.9718         1.0380        -0.9718         0.0048         0.0212 
BAR-estimator:      0.70000        0.75000       -1.1182        -0.0801        -1.1182         0.0051         0.0218 
BAR-estimator:      0.75000        0.80000       -1.1801        -1.2602        -1.1801         0.0051         0.0224 
BAR-estimator:      0.80000        0.85000       -1.1905        -2.4507        -1.1905         0.0051         0.0230 
BAR-estimator:      0.85000        0.90000       -1.1851        -3.6358        -1.1851         0.0051         0.0235 
BAR-estimator:      0.90000        0.95000       -1.1698        -4.8056        -1.1698         0.0058         0.0242 
BAR-estimator:      0.95000        1.00000       -1.1513        -5.9568        -1.1513         0.0052         0.0248 
BAR-estimator: total free energy change is -5.956849825953928 , total error is 0.024785298937458854
