#========================================================================================
#                     Free energy perturbation    
#----------------------------------------------------------------------------------------
#forward/backward          λ              ΔΔA                 ΔA                  δε   
#                                                 
#----------------------------------------------------------------------------------------
forward:               0.0000              0.0000              0.0000              0.0000  
forward:               0.0500              1.6307              1.6307              0.0254  
forward:               0.1000              1.0392              2.6700              0.0313  
forward:               0.1500              0.5670              3.2370              0.0344  
forward:               0.2000              0.3419              3.5789              0.0359  
forward:               0.2500              0.1851              3.7639              0.0370  
forward:               0.3000              0.1070              3.8709              0.0378  
forward:               0.3500              0.0526              3.9235              0.0383  
forward:               0.4000              0.0341              3.9576              0.0387  
forward:               0.4500             -0.0031              3.9545              0.0390  
forward:               0.5000             -0.0276              3.9268              0.0393  
forward:               0.5500             -0.0265              3.9003              0.0396  
forward:               0.6000             -0.0510              3.8493              0.0399  
forward:               0.6500             -0.0726              3.7766              0.0401  
forward:               0.7000             -0.0865              3.6901              0.0403  
forward:               0.7500             -0.0821              3.6080              0.0406  
forward:               0.8000             -0.0962              3.5118              0.0407  
forward:               0.8500             -0.1021              3.4097              0.0408  
forward:               0.9000             -0.1148              3.2950              0.0410  
forward:               0.9500             -0.1054              3.1895              0.0412  
forward:               1.0000             -0.1293              3.0602              0.0413  
backward:              1.0000              0.0000              3.0602              0.0000  
backward:              0.9500              0.1094              3.1697              0.0045  
backward:              0.9000              0.1007              3.2703              0.0062  
backward:              0.8500              0.1132              3.3835              0.0080  
backward:              0.8000              0.0973              3.4808              0.0086  
backward:              0.7500              0.0974              3.5782              0.0099  
backward:              0.7000              0.0896              3.6678              0.0114  
backward:              0.6500              0.0772              3.7449              0.0127  
backward:              0.6000              0.0699              3.8148              0.0138  
backward:              0.5500              0.0579              3.8727              0.0148  
backward:              0.5000              0.0278              3.9005              0.0159  
backward:              0.4500              0.0318              3.9323              0.0169  
backward:              0.4000              0.0025              3.9349              0.0178  
backward:              0.3500             -0.0208              3.9141              0.0194  
backward:              0.3000             -0.0662              3.8479              0.0205  
backward:              0.2500             -0.1257              3.7221              0.0221  
backward:              0.2000             -0.2129              3.5092              0.0245  
backward:              0.1500             -0.3636              3.1456              0.0306  
backward:              0.1000             -0.5504              2.5952              0.0355  
backward:              0.0500             -1.0180              1.5773              0.0453  
backward:              0.0000             -1.6646             -0.0873              0.0592  
Inaccuracy estimation
======================================================================================================
                   i        i+δi          P0_overlap_P1   δε(forward)/ε   δε(backward)/ε
======================================================================================================
inaccuracy:  0.00000        0.05000           37.38           -0.03            1.63
inaccuracy:  0.05000        0.10000           45.34           -0.04            1.10
inaccuracy:  0.10000        0.15000           53.27           -0.03            0.63
inaccuracy:  0.15000        0.20000           61.20           -0.03            0.36
inaccuracy:  0.20000        0.25000           67.43           -0.02            0.23
inaccuracy:  0.25000        0.30000           69.39           -0.02            0.19
inaccuracy:  0.30000        0.35000           71.40           -0.01            0.16
inaccuracy:  0.35000        0.40000           69.16           -0.02            0.15
inaccuracy:  0.40000        0.45000           71.97           -0.01            0.13
inaccuracy:  0.45000        0.50000           71.82           -0.01            0.13
inaccuracy:  0.50000        0.55000           71.63           -0.02            0.12
inaccuracy:  0.55000        0.60000           72.21           -0.01            0.11
inaccuracy:  0.60000        0.65000           73.17           -0.02            0.11
inaccuracy:  0.65000        0.70000           74.09           -0.01            0.11
inaccuracy:  0.70000        0.75000           72.72           -0.03            0.11
inaccuracy:  0.75000        0.80000           73.04           -0.02            0.11
inaccuracy:  0.80000        0.85000           73.79           -0.02            0.10
inaccuracy:  0.85000        0.90000           73.48           -0.02            0.09
inaccuracy:  0.90000        0.95000           73.20           -0.03            0.11
inaccuracy:  0.95000        1.00000           75.11           -0.02            0.09
===================================================================================================================================
                BAR        
-----------------------------------------------------------------------------------------------------------------------------------
BAR-estimator:         λ             λ+δλ          ΔΔA             ΔA            C               Δδe            δe       
                          
-----------------------------------------------------------------------------------------------------------------------------------
BAR-estimator:      0.00000        0.05000        1.6427         1.6427         1.6427         0.0125         0.0125 
BAR-estimator:      0.05000        0.10000        1.0372         2.6799         1.0372         0.0101         0.0161 
BAR-estimator:      0.10000        0.15000        0.5623         3.2421         0.5623         0.0085         0.0182 
BAR-estimator:      0.15000        0.20000        0.3435         3.5857         0.3435         0.0066         0.0194 
BAR-estimator:      0.20000        0.25000        0.1940         3.7797         0.1940         0.0060         0.0203 
BAR-estimator:      0.25000        0.30000        0.1145         3.8942         0.1145         0.0046         0.0208 
BAR-estimator:      0.30000        0.35000        0.0617         3.9559         0.0617         0.0042         0.0212 
BAR-estimator:      0.35000        0.40000        0.0267         3.9825         0.0267         0.0039         0.0215 
BAR-estimator:      0.40000        0.45000       -0.0024         3.9802        -0.0024         0.0036         0.0218 
BAR-estimator:      0.45000        0.50000       -0.0285         3.9516        -0.0285         0.0034         0.0221 
BAR-estimator:      0.50000        0.55000       -0.0294         3.9222        -0.0294         0.0033         0.0223 
BAR-estimator:      0.55000        0.60000       -0.0529         3.8693        -0.0529         0.0034         0.0226 
BAR-estimator:      0.60000        0.65000       -0.0717         3.7976        -0.0717         0.0032         0.0228 
BAR-estimator:      0.65000        0.70000       -0.0842         3.7134        -0.0842         0.0030         0.0230 
BAR-estimator:      0.70000        0.75000       -0.0855         3.6279        -0.0855         0.0032         0.0232 
BAR-estimator:      0.75000        0.80000       -0.0955         3.5325        -0.0955         0.0026         0.0234 
BAR-estimator:      0.80000        0.85000       -0.1003         3.4321        -0.1003         0.0034         0.0236 
BAR-estimator:      0.85000        0.90000       -0.1148         3.3173        -0.1148         0.0031         0.0238 
BAR-estimator:      0.90000        0.95000       -0.1053         3.2121        -0.1053         0.0034         0.0241 
BAR-estimator:      0.95000        1.00000       -0.1226         3.0895        -0.1226         0.0033         0.0243 
BAR-estimator: total free energy change is 3.089457307881419 , total error is 0.024297066574843915
