#========================================================================================
#                     Free energy perturbation    
#----------------------------------------------------------------------------------------
#forward/backward          λ              ΔΔA                 ΔA                  δε   
#                                                 
#----------------------------------------------------------------------------------------
forward:               0.0000              0.0000              0.0000              0.0000  
forward:               0.0500              2.0439              2.0439              0.0315  
forward:               0.1000              1.1594              3.2032              0.0386  
forward:               0.1500              0.5435              3.7467              0.0425  
forward:               0.2000              0.2665              4.0132              0.0436  
forward:               0.2500              0.1375              4.1506              0.0443  
forward:               0.3000              0.0335              4.1841              0.0449  
forward:               0.3500             -0.0236              4.1605              0.0453  
forward:               0.4000             -0.0751              4.0854              0.0456  
forward:               0.4500             -0.1068              3.9785              0.0459  
forward:               0.5000             -0.1341              3.8445              0.0460  
forward:               0.5500             -0.2823              3.5622              0.0465  
forward:               0.6000             -0.5827              2.9795              0.0471  
forward:               0.6500             -0.8704              2.1091              0.0476  
forward:               0.7000             -1.1184              0.9907              0.0481  
forward:               0.7500             -1.2784             -0.2878              0.0486  
forward:               0.8000             -1.4058             -1.6936              0.0489  
forward:               0.8500             -1.4645             -3.1581              0.0492  
forward:               0.9000             -1.5163             -4.6744              0.0496  
forward:               0.9500             -1.5433             -6.2177              0.0499  
forward:               1.0000             -1.5528             -7.7706              0.0502  
backward:              1.0000              0.0000             -7.7706              0.0000  
backward:              0.9500              1.5625             -6.2081              0.0067  
backward:              0.9000              1.5287             -4.6794              0.0102  
backward:              0.8500              1.5217             -3.1577              0.0128  
backward:              0.8000              1.4687             -1.6890              0.0152  
backward:              0.7500              1.3836             -0.3054              0.0166  
backward:              0.7000              1.2735              0.9681              0.0183  
backward:              0.6500              1.1020              2.0701              0.0201  
backward:              0.6000              0.8652              2.9353              0.0224  
backward:              0.5500              0.5717              3.5070              0.0250  
backward:              0.5000              0.2660              3.7729              0.0263  
backward:              0.4500              0.1316              3.9045              0.0271  
backward:              0.4000              0.1045              4.0090              0.0278  
backward:              0.3500              0.0691              4.0781              0.0285  
backward:              0.3000              0.0281              4.1062              0.0294  
backward:              0.2500             -0.0428              4.0634              0.0298  
backward:              0.2000             -0.1180              3.9454              0.0307  
backward:              0.1500             -0.2758              3.6696              0.0334  
backward:              0.1000             -0.5883              3.0813              0.0393  
backward:              0.0500             -1.2262              1.8551              0.0760  
backward:              0.0000             -2.1501             -0.2950              0.1498  
Inaccuracy estimation
======================================================================================================
                   i        i+δi          P0_overlap_P1   δε(forward)/ε   δε(backward)/ε
======================================================================================================
inaccuracy:  0.00000        0.05000           31.36            0.00            2.38
inaccuracy:  0.05000        0.10000           40.01           -0.05            1.41
inaccuracy:  0.10000        0.15000           53.09           -0.03            0.66
inaccuracy:  0.15000        0.20000           60.63           -0.02            0.39
inaccuracy:  0.20000        0.25000           63.65           -0.02            0.26
inaccuracy:  0.25000        0.30000           67.38           -0.02            0.20
inaccuracy:  0.30000        0.35000           68.98           -0.02            0.17
inaccuracy:  0.35000        0.40000           70.85           -0.02            0.14
inaccuracy:  0.40000        0.45000           71.18           -0.02            0.12
inaccuracy:  0.45000        0.50000           71.48           -0.02            0.12
inaccuracy:  0.50000        0.55000           62.55           -0.12            0.18
inaccuracy:  0.55000        0.60000           61.42           -0.14            0.12
inaccuracy:  0.60000        0.65000           61.28           -0.17            0.08
inaccuracy:  0.65000        0.70000           63.53           -0.17            0.05
inaccuracy:  0.70000        0.75000           62.49           -0.19            0.03
inaccuracy:  0.75000        0.80000           64.36           -0.18            0.02
inaccuracy:  0.80000        0.85000           62.90           -0.17            0.02
inaccuracy:  0.85000        0.90000           62.15           -0.19            0.01
inaccuracy:  0.90000        0.95000           62.30           -0.17            0.01
inaccuracy:  0.95000        1.00000           61.36           -0.18            0.01
===================================================================================================================================
                BAR        
-----------------------------------------------------------------------------------------------------------------------------------
BAR-estimator:         λ             λ+δλ          ΔΔA             ΔA            C               Δδe            δe       
                          
-----------------------------------------------------------------------------------------------------------------------------------
BAR-estimator:      0.00000        0.05000        2.0584         2.0584         2.0584         0.0143         0.0143 
BAR-estimator:      0.05000        0.10000        1.1645         3.2229         1.1645         0.0114         0.0183 
BAR-estimator:      0.10000        0.15000        0.5681         3.7910         0.5681         0.0108         0.0212 
BAR-estimator:      0.15000        0.20000        0.2751         4.0661         0.2751         0.0066         0.0222 
BAR-estimator:      0.20000        0.25000        0.1284         4.1945         0.1284         0.0055         0.0229 
BAR-estimator:      0.25000        0.30000        0.0365         4.2310         0.0365         0.0046         0.0234 
BAR-estimator:      0.30000        0.35000       -0.0235         4.2074        -0.0235         0.0041         0.0237 
BAR-estimator:      0.35000        0.40000       -0.0722         4.1352        -0.0722         0.0039         0.0241 
BAR-estimator:      0.40000        0.45000       -0.1066         4.0286        -0.1066         0.0037         0.0243 
BAR-estimator:      0.45000        0.50000       -0.1327         3.8959        -0.1327         0.0033         0.0246 
BAR-estimator:      0.50000        0.55000       -0.2754         3.6205        -0.2754         0.0037         0.0248 
BAR-estimator:      0.55000        0.60000       -0.5793         3.0412        -0.5793         0.0044         0.0252 
BAR-estimator:      0.60000        0.65000       -0.8725         2.1686        -0.8725         0.0046         0.0256 
BAR-estimator:      0.65000        0.70000       -1.1092         1.0594        -1.1092         0.0045         0.0260 
BAR-estimator:      0.70000        0.75000       -1.2808        -0.2214        -1.2808         0.0045         0.0264 
BAR-estimator:      0.75000        0.80000       -1.3998        -1.6212        -1.3998         0.0047         0.0268 
BAR-estimator:      0.80000        0.85000       -1.4656        -3.0868        -1.4656         0.0045         0.0272 
BAR-estimator:      0.85000        0.90000       -1.5217        -4.6084        -1.5217         0.0047         0.0276 
BAR-estimator:      0.90000        0.95000       -1.5407        -6.1491        -1.5407         0.0044         0.0280 
BAR-estimator:      0.95000        1.00000       -1.5574        -7.7065        -1.5574         0.0038         0.0282 
BAR-estimator: total free energy change is -7.706516074827497 , total error is 0.028237584639971836
