#========================================================================================
#                     Free energy perturbation    
#----------------------------------------------------------------------------------------
#forward/backward          λ              ΔΔA                 ΔA                  δε   
#                                                 
#----------------------------------------------------------------------------------------
forward:               0.0000              0.0000              0.0000              0.0000  
forward:               0.0500              2.9804              2.9804              0.0391  
forward:               0.1000              1.7360              4.7164              0.0480  
forward:               0.1500              0.9534              5.6698              0.0500  
forward:               0.2000              0.4746              6.1444              0.0517  
forward:               0.2500              0.2275              6.3719              0.0527  
forward:               0.3000              0.0982              6.4700              0.0533  
forward:               0.3500              0.0013              6.4714              0.0539  
forward:               0.4000             -0.0542              6.4172              0.0543  
forward:               0.4500             -0.1139              6.3032              0.0546  
forward:               0.5000             -0.1553              6.1479              0.0549  
forward:               0.5500             -0.2753              5.8726              0.0553  
forward:               0.6000             -0.5272              5.3454              0.0557  
forward:               0.6500             -0.7609              4.5845              0.0562  
forward:               0.7000             -0.9581              3.6264              0.0567  
forward:               0.7500             -1.0926              2.5338              0.0571  
forward:               0.8000             -1.1551              1.3787              0.0574  
forward:               0.8500             -1.1998              0.1789              0.0577  
forward:               0.9000             -1.2083             -1.0294              0.0580  
forward:               0.9500             -1.2329             -2.2623              0.0583  
forward:               1.0000             -1.2045             -3.4668              0.0586  
backward:              1.0000              0.0000             -3.4668              0.0000  
backward:              0.9500              1.2163             -2.2506              0.0089  
backward:              0.9000              1.1992             -1.0513              0.0167  
backward:              0.8500              1.2103              0.1589              0.0184  
backward:              0.8000              1.1903              1.3493              0.0199  
backward:              0.7500              1.1418              2.4911              0.0215  
backward:              0.7000              1.0780              3.5691              0.0231  
backward:              0.6500              0.9669              4.5360              0.0254  
backward:              0.6000              0.7634              5.2994              0.0267  
backward:              0.5500              0.5299              5.8293              0.0279  
backward:              0.5000              0.2778              6.1071              0.0296  
backward:              0.4500              0.1449              6.2520              0.0303  
backward:              0.4000              0.0989              6.3509              0.0314  
backward:              0.3500              0.0570              6.4078              0.0325  
backward:              0.3000              0.0120              6.4198              0.0338  
backward:              0.2500             -0.1890              6.2308              0.0981  
backward:              0.2000             -0.2765              5.9543              0.1003  
backward:              0.1500             -0.4867              5.4676              0.1046  
backward:              0.1000             -0.9100              4.5575              0.1085  
backward:              0.0500             -1.6236              2.9339              0.1126  
backward:              0.0000             -3.0337             -0.0998              0.2047  
Inaccuracy estimation
======================================================================================================
                   i        i+δi          P0_overlap_P1   δε(forward)/ε   δε(backward)/ε
======================================================================================================
inaccuracy:  0.00000        0.05000           21.73            0.24            4.14
inaccuracy:  0.05000        0.10000           31.52           -0.07            2.27
inaccuracy:  0.10000        0.15000           40.17           -0.10            1.27
inaccuracy:  0.15000        0.20000           51.33           -0.06            0.65
inaccuracy:  0.20000        0.25000           58.47           -0.05            0.40
inaccuracy:  0.25000        0.30000           59.77           -0.05            0.31
inaccuracy:  0.30000        0.35000           62.53           -0.05            0.25
inaccuracy:  0.35000        0.40000           64.12           -0.04            0.21
inaccuracy:  0.40000        0.45000           66.12           -0.04            0.18
inaccuracy:  0.45000        0.50000           66.86           -0.03            0.17
inaccuracy:  0.50000        0.55000           59.72           -0.13            0.20
inaccuracy:  0.55000        0.60000           60.03           -0.16            0.16
inaccuracy:  0.60000        0.65000           58.96           -0.16            0.13
inaccuracy:  0.65000        0.70000           59.68           -0.15            0.10
inaccuracy:  0.70000        0.75000           60.68           -0.16            0.07
inaccuracy:  0.75000        0.80000           61.99           -0.16            0.07
inaccuracy:  0.80000        0.85000           61.80           -0.17            0.06
inaccuracy:  0.85000        0.90000           60.47           -0.16            0.07
inaccuracy:  0.90000        0.95000           61.44           -0.15            0.07
inaccuracy:  0.95000        1.00000           59.23           -0.15            0.08
===================================================================================================================================
                BAR        
-----------------------------------------------------------------------------------------------------------------------------------
BAR-estimator:         λ             λ+δλ          ΔΔA             ΔA            C               Δδe            δe       
                          
-----------------------------------------------------------------------------------------------------------------------------------
BAR-estimator:      0.00000        0.05000        2.9351         2.9351         2.9351         0.0132         0.0132 
BAR-estimator:      0.05000        0.10000        1.7213         4.6564         1.7213         0.0143         0.0194 
BAR-estimator:      0.10000        0.15000        0.9346         5.5910         0.9346         0.0101         0.0219 
BAR-estimator:      0.15000        0.20000        0.4756         6.0666         0.4756         0.0078         0.0232 
BAR-estimator:      0.20000        0.25000        0.2381         6.3047         0.2381         0.0068         0.0242 
BAR-estimator:      0.25000        0.30000        0.0899         6.3946         0.0899         0.0055         0.0248 
BAR-estimator:      0.30000        0.35000       -0.0038         6.3908        -0.0038         0.0053         0.0254 
BAR-estimator:      0.35000        0.40000       -0.0559         6.3348        -0.0559         0.0044         0.0257 
BAR-estimator:      0.40000        0.45000       -0.1087         6.2262        -0.1087         0.0041         0.0261 
BAR-estimator:      0.45000        0.50000       -0.1502         6.0760        -0.1502         0.0040         0.0264 
BAR-estimator:      0.50000        0.55000       -0.2769         5.7991        -0.2769         0.0040         0.0267 
BAR-estimator:      0.55000        0.60000       -0.5263         5.2729        -0.5263         0.0046         0.0271 
BAR-estimator:      0.60000        0.65000       -0.7612         4.5117        -0.7612         0.0048         0.0275 
BAR-estimator:      0.65000        0.70000       -0.9606         3.5510        -0.9606         0.0047         0.0279 
BAR-estimator:      0.70000        0.75000       -1.0875         2.4636        -1.0875         0.0041         0.0282 
BAR-estimator:      0.75000        0.80000       -1.1492         1.3144        -1.1492         0.0048         0.0286 
BAR-estimator:      0.80000        0.85000       -1.1972         0.1172        -1.1972         0.0044         0.0289 
BAR-estimator:      0.85000        0.90000       -1.2077        -1.0905        -1.2077         0.0062         0.0296 
BAR-estimator:      0.90000        0.95000       -1.2238        -2.3144        -1.2238         0.0045         0.0299 
BAR-estimator:      0.95000        1.00000       -1.2095        -3.5238        -1.2095         0.0051         0.0304 
BAR-estimator: total free energy change is -3.5238351940932935 , total error is 0.03035487639392364
