#========================================================================================
#                     Free energy perturbation    
#----------------------------------------------------------------------------------------
#forward/backward          λ              ΔΔA                 ΔA                  δε   
#                                                 
#----------------------------------------------------------------------------------------
forward:               0.0000              0.0000              0.0000              0.0000  
forward:               0.0500              1.4547              1.4547              0.0215  
forward:               0.1000              0.7990              2.2537              0.0260  
forward:               0.1500              0.4052              2.6589              0.0281  
forward:               0.2000              0.2075              2.8663              0.0286  
forward:               0.2500              0.1224              2.9887              0.0292  
forward:               0.3000              0.0760              3.0647              0.0297  
forward:               0.3500              0.0339              3.0986              0.0301  
forward:               0.4000             -0.0072              3.0913              0.0305  
forward:               0.4500             -0.0086              3.0827              0.0307  
forward:               0.5000             -0.0294              3.0533              0.0310  
forward:               0.5500             -0.0618              2.9915              0.0314  
forward:               0.6000             -0.1265              2.8650              0.0317  
forward:               0.6500             -0.1861              2.6789              0.0320  
forward:               0.7000             -0.2399              2.4390              0.0323  
forward:               0.7500             -0.2751              2.1639              0.0326  
forward:               0.8000             -0.3028              1.8611              0.0329  
forward:               0.8500             -0.3216              1.5394              0.0332  
forward:               0.9000             -0.3411              1.1983              0.0335  
forward:               0.9500             -0.3516              0.8467              0.0337  
forward:               1.0000             -0.3597              0.4870              0.0340  
backward:              1.0000              0.0000              0.4870              0.0000  
backward:              0.9500              0.3656              0.8526              0.0050  
backward:              0.9000              0.3538              1.2064              0.0070  
backward:              0.8500              0.3359              1.5423              0.0082  
backward:              0.8000              0.3245              1.8668              0.0096  
backward:              0.7500              0.3015              2.1683              0.0106  
backward:              0.7000              0.2748              2.4431              0.0117  
backward:              0.6500              0.2216              2.6647              0.0129  
backward:              0.6000              0.1842              2.8489              0.0138  
backward:              0.5500              0.1255              2.9744              0.0147  
backward:              0.5000              0.0439              3.0183              0.0157  
backward:              0.4500              0.0263              3.0446              0.0163  
backward:              0.4000              0.0110              3.0557              0.0170  
backward:              0.3500              0.0024              3.0580              0.0181  
backward:              0.3000             -0.0309              3.0271              0.0190  
backward:              0.2500             -0.0696              2.9575              0.0199  
backward:              0.2000             -0.1387              2.8188              0.0209  
backward:              0.1500             -0.2142              2.6046              0.0235  
backward:              0.1000             -0.4088              2.1957              0.0279  
backward:              0.0500             -0.7913              1.4044              0.0482  
backward:              0.0000             -1.5467             -0.1423              0.0785  
Inaccuracy estimation
======================================================================================================
                   i        i+δi          P0_overlap_P1   δε(forward)/ε   δε(backward)/ε
======================================================================================================
inaccuracy:  0.00000        0.05000           39.59           -0.03            1.39
inaccuracy:  0.05000        0.10000           48.53           -0.03            0.90
inaccuracy:  0.10000        0.15000           60.24           -0.02            0.44
inaccuracy:  0.15000        0.20000           68.14           -0.02            0.24
inaccuracy:  0.20000        0.25000           72.63           -0.01            0.16
inaccuracy:  0.25000        0.30000           72.32           -0.01            0.15
inaccuracy:  0.30000        0.35000           73.82           -0.01            0.12
inaccuracy:  0.35000        0.40000           75.88           -0.01            0.10
inaccuracy:  0.40000        0.45000           74.94           -0.01            0.10
inaccuracy:  0.45000        0.50000           75.57           -0.01            0.09
inaccuracy:  0.50000        0.55000           73.87           -0.02            0.11
inaccuracy:  0.55000        0.60000           73.84           -0.03            0.10
inaccuracy:  0.60000        0.65000           74.03           -0.03            0.09
inaccuracy:  0.65000        0.70000           75.37           -0.03            0.07
inaccuracy:  0.70000        0.75000           74.79           -0.04            0.08
inaccuracy:  0.75000        0.80000           74.61           -0.03            0.07
inaccuracy:  0.80000        0.85000           73.77           -0.04            0.07
inaccuracy:  0.85000        0.90000           73.59           -0.03            0.07
inaccuracy:  0.90000        0.95000           74.08           -0.03            0.07
inaccuracy:  0.95000        1.00000           73.17           -0.04            0.08
===================================================================================================================================
                BAR        
-----------------------------------------------------------------------------------------------------------------------------------
BAR-estimator:         λ             λ+δλ          ΔΔA             ΔA            C               Δδe            δe       
                          
-----------------------------------------------------------------------------------------------------------------------------------
BAR-estimator:      0.00000        0.05000        1.4717         1.4717         1.4717         0.0108         0.0108 
BAR-estimator:      0.05000        0.10000        0.7922         2.2639         0.7922         0.0090         0.0140 
BAR-estimator:      0.10000        0.15000        0.4024         2.6663         0.4024         0.0072         0.0158 
BAR-estimator:      0.15000        0.20000        0.2118         2.8781         0.2118         0.0053         0.0166 
BAR-estimator:      0.20000        0.25000        0.1302         3.0083         0.1302         0.0041         0.0171 
BAR-estimator:      0.25000        0.30000        0.0747         3.0829         0.0747         0.0039         0.0175 
BAR-estimator:      0.30000        0.35000        0.0312         3.1141         0.0312         0.0025         0.0177 
BAR-estimator:      0.35000        0.40000       -0.0041         3.1100        -0.0041         0.0023         0.0179 
BAR-estimator:      0.40000        0.45000       -0.0101         3.0999        -0.0101         0.0028         0.0181 
BAR-estimator:      0.45000        0.50000       -0.0275         3.0724        -0.0275         0.0029         0.0183 
BAR-estimator:      0.50000        0.55000       -0.0533         3.0191        -0.0533         0.0032         0.0186 
BAR-estimator:      0.55000        0.60000       -0.1257         2.8934        -0.1257         0.0032         0.0189 
BAR-estimator:      0.60000        0.65000       -0.1855         2.7078        -0.1855         0.0031         0.0191 
BAR-estimator:      0.65000        0.70000       -0.2329         2.4749        -0.2329         0.0029         0.0193 
BAR-estimator:      0.70000        0.75000       -0.2737         2.2012        -0.2737         0.0031         0.0196 
BAR-estimator:      0.75000        0.80000       -0.3020         1.8992        -0.3020         0.0031         0.0198 
BAR-estimator:      0.80000        0.85000       -0.3244         1.5748        -0.3244         0.0034         0.0201 
BAR-estimator:      0.85000        0.90000       -0.3410         1.2338        -0.3410         0.0034         0.0204 
BAR-estimator:      0.90000        0.95000       -0.3510         0.8828        -0.3510         0.0036         0.0207 
BAR-estimator:      0.95000        1.00000       -0.3609         0.5218        -0.3609         0.0031         0.0210 
BAR-estimator: total free energy change is 0.5218463437465723 , total error is 0.020961287046397322
