#========================================================================================
#                     Free energy perturbation    
#----------------------------------------------------------------------------------------
#forward/backward          λ              ΔΔA                 ΔA                  δε   
#                                                 
#----------------------------------------------------------------------------------------
forward:               0.0000              0.0000              0.0000              0.0000  
forward:               0.0500              1.9939              1.9939              0.0290  
forward:               0.1000              1.2083              3.2022              0.0356  
forward:               0.1500              0.6658              3.8679              0.0389  
forward:               0.2000              0.3678              4.2357              0.0402  
forward:               0.2500              0.2272              4.4630              0.0411  
forward:               0.3000              0.1327              4.5956              0.0419  
forward:               0.3500              0.0677              4.6633              0.0426  
forward:               0.4000              0.0162              4.6795              0.0431  
forward:               0.4500             -0.0372              4.6422              0.0436  
forward:               0.5000             -0.0631              4.5791              0.0439  
forward:               0.5500             -0.1649              4.4143              0.0445  
forward:               0.6000             -0.3411              4.0731              0.0449  
forward:               0.6500             -0.5013              3.5718              0.0454  
forward:               0.7000             -0.6374              2.9344              0.0461  
forward:               0.7500             -0.7151              2.2193              0.0465  
forward:               0.8000             -0.7879              1.4314              0.0469  
forward:               0.8500             -0.8020              0.6294              0.0472  
forward:               0.9000             -0.8291             -0.1998              0.0476  
forward:               0.9500             -0.8126             -1.0123              0.0478  
forward:               1.0000             -0.8065             -1.8189              0.0481  
backward:              1.0000              0.0000             -1.8189              0.0000  
backward:              0.9500              0.8159             -1.0029              0.0060  
backward:              0.9000              0.8068             -0.1962              0.0093  
backward:              0.8500              0.8071              0.6109              0.0118  
backward:              0.8000              0.8014              1.4123              0.0140  
backward:              0.7500              0.7770              2.1893              0.0159  
backward:              0.7000              0.7154              2.9047              0.0176  
backward:              0.6500              0.6530              3.5577              0.0189  
backward:              0.6000              0.5098              4.0675              0.0203  
backward:              0.5500              0.3399              4.4075              0.0216  
backward:              0.5000              0.1628              4.5703              0.0229  
backward:              0.4500              0.0658              4.6361              0.0238  
backward:              0.4000              0.0193              4.6554              0.0253  
backward:              0.3500             -0.0083              4.6470              0.0268  
backward:              0.3000             -0.0436              4.6034              0.0279  
backward:              0.2500             -0.1279              4.4755              0.0306  
backward:              0.2000             -0.2155              4.2600              0.0330  
backward:              0.1500             -0.3979              3.8621              0.0362  
backward:              0.1000             -0.6571              3.2050              0.0415  
backward:              0.0500             -1.1871              2.0179              0.0500  
backward:              0.0000             -1.9319              0.0860              0.0601  
Inaccuracy estimation
======================================================================================================
                   i        i+δi          P0_overlap_P1   δε(forward)/ε   δε(backward)/ε
======================================================================================================
inaccuracy:  0.00000        0.05000           31.15           -0.01            2.31
inaccuracy:  0.05000        0.10000           40.50           -0.06            1.47
inaccuracy:  0.10000        0.15000           49.69           -0.04            0.82
inaccuracy:  0.15000        0.20000           58.25           -0.04            0.45
inaccuracy:  0.20000        0.25000           61.37           -0.04            0.32
inaccuracy:  0.25000        0.30000           63.70           -0.03            0.24
inaccuracy:  0.30000        0.35000           64.79           -0.03            0.21
inaccuracy:  0.35000        0.40000           66.38           -0.03            0.19
inaccuracy:  0.40000        0.45000           69.46           -0.03            0.14
inaccuracy:  0.45000        0.50000           69.17           -0.02            0.15
inaccuracy:  0.50000        0.55000           64.11           -0.07            0.18
inaccuracy:  0.55000        0.60000           64.47           -0.08            0.14
inaccuracy:  0.60000        0.65000           63.98           -0.10            0.12
inaccuracy:  0.65000        0.70000           64.31           -0.10            0.10
inaccuracy:  0.70000        0.75000           64.87           -0.11            0.09
inaccuracy:  0.75000        0.80000           65.90           -0.10            0.08
inaccuracy:  0.80000        0.85000           65.34           -0.09            0.09
inaccuracy:  0.85000        0.90000           66.63           -0.10            0.09
inaccuracy:  0.90000        0.95000           64.62           -0.09            0.09
inaccuracy:  0.95000        1.00000           63.33           -0.11            0.10
===================================================================================================================================
                BAR        
-----------------------------------------------------------------------------------------------------------------------------------
BAR-estimator:         λ             λ+δλ          ΔΔA             ΔA            C               Δδe            δe       
                          
-----------------------------------------------------------------------------------------------------------------------------------
BAR-estimator:      0.00000        0.05000        2.0017         2.0017         2.0017         0.0177         0.0177 
BAR-estimator:      0.05000        0.10000        1.2140         3.2157         1.2140         0.0111         0.0209 
BAR-estimator:      0.10000        0.15000        0.6708         3.8865         0.6708         0.0094         0.0229 
BAR-estimator:      0.15000        0.20000        0.3779         4.2644         0.3779         0.0069         0.0240 
BAR-estimator:      0.20000        0.25000        0.2216         4.4860         0.2216         0.0057         0.0246 
BAR-estimator:      0.25000        0.30000        0.1282         4.6142         0.1282         0.0053         0.0252 
BAR-estimator:      0.30000        0.35000        0.0597         4.6739         0.0597         0.0049         0.0257 
BAR-estimator:      0.35000        0.40000        0.0128         4.6867         0.0128         0.0047         0.0261 
BAR-estimator:      0.40000        0.45000       -0.0337         4.6530        -0.0337         0.0040         0.0264 
BAR-estimator:      0.45000        0.50000       -0.0626         4.5904        -0.0626         0.0038         0.0267 
BAR-estimator:      0.50000        0.55000       -0.1625         4.4279        -0.1625         0.0047         0.0271 
BAR-estimator:      0.55000        0.60000       -0.3399         4.0880        -0.3399         0.0044         0.0275 
BAR-estimator:      0.60000        0.65000       -0.5063         3.5817        -0.5063         0.0044         0.0278 
BAR-estimator:      0.65000        0.70000       -0.6407         2.9410        -0.6407         0.0046         0.0282 
BAR-estimator:      0.70000        0.75000       -0.7151         2.2259        -0.7151         0.0046         0.0286 
BAR-estimator:      0.75000        0.80000       -0.7846         1.4413        -0.7846         0.0043         0.0289 
BAR-estimator:      0.80000        0.85000       -0.8036         0.6377        -0.8036         0.0042         0.0292 
BAR-estimator:      0.85000        0.90000       -0.8169        -0.1792        -0.8169         0.0043         0.0295 
BAR-estimator:      0.90000        0.95000       -0.8108        -0.9900        -0.8108         0.0049         0.0299 
BAR-estimator:      0.95000        1.00000       -0.8103        -1.8004        -0.8103         0.0043         0.0302 
BAR-estimator: total free energy change is -1.8003659457719823 , total error is 0.030226089230616236
