#========================================================================================
#                     Free energy perturbation    
#----------------------------------------------------------------------------------------
#forward/backward          λ              ΔΔA                 ΔA                  δε   
#                                                 
#----------------------------------------------------------------------------------------
forward:               0.0000              0.0000              0.0000              0.0000  
forward:               0.0500              0.8610              0.8610              0.0134  
forward:               0.1000              0.5618              1.4228              0.0178  
forward:               0.1500              0.3489              1.7716              0.0197  
forward:               0.2000              0.1951              1.9668              0.0210  
forward:               0.2500              0.1550              2.1217              0.0218  
forward:               0.3000              0.0734              2.1951              0.0226  
forward:               0.3500              0.0664              2.2615              0.0231  
forward:               0.4000              0.0202              2.2817              0.0236  
forward:               0.4500              0.0097              2.2914              0.0240  
forward:               0.5000             -0.0117              2.2797              0.0245  
forward:               0.5500             -0.0783              2.2014              0.0251  
forward:               0.6000             -0.2198              1.9816              0.0257  
forward:               0.6500             -0.3479              1.6336              0.0262  
forward:               0.7000             -0.4469              1.1867              0.0267  
forward:               0.7500             -0.5132              0.6735              0.0272  
forward:               0.8000             -0.5721              0.1014              0.0276  
forward:               0.8500             -0.5680             -0.4666              0.0280  
forward:               0.9000             -0.5843             -1.0508              0.0284  
forward:               0.9500             -0.5698             -1.6206              0.0287  
forward:               1.0000             -0.5513             -2.1719              0.0289  
backward:              1.0000              0.0000             -2.1719              0.0000  
backward:              0.9500              0.5412             -1.6307              0.0060  
backward:              0.9000              0.5609             -1.0698              0.0076  
backward:              0.8500              0.5752             -0.4946              0.0093  
backward:              0.8000              0.5831              0.0884              0.0107  
backward:              0.7500              0.5631              0.6515              0.0120  
backward:              0.7000              0.5053              1.1568              0.0130  
backward:              0.6500              0.4500              1.6068              0.0141  
backward:              0.6000              0.3354              1.9422              0.0150  
backward:              0.5500              0.2129              2.1551              0.0161  
backward:              0.5000              0.0741              2.2292              0.0169  
backward:              0.4500              0.0112              2.2404              0.0175  
backward:              0.4000             -0.0147              2.2257              0.0182  
backward:              0.3500             -0.0227              2.2030              0.0188  
backward:              0.3000             -0.0550              2.1480              0.0197  
backward:              0.2500             -0.0861              2.0619              0.0209  
backward:              0.2000             -0.1477              1.9142              0.0225  
backward:              0.1500             -0.2217              1.6926              0.0241  
backward:              0.1000             -0.3542              1.3383              0.0282  
backward:              0.0500             -0.5333              0.8050              0.0342  
backward:              0.0000             -0.8084             -0.0034              0.0380  
Inaccuracy estimation
======================================================================================================
                   i        i+δi          P0_overlap_P1   δε(forward)/ε   δε(backward)/ε
======================================================================================================
inaccuracy:  0.00000        0.05000           50.91           -0.03            0.71
inaccuracy:  0.05000        0.10000           57.08           -0.02            0.51
inaccuracy:  0.10000        0.15000           64.00           -0.01            0.30
inaccuracy:  0.15000        0.20000           71.69           -0.00            0.20
inaccuracy:  0.20000        0.25000           70.44           -0.01            0.17
inaccuracy:  0.25000        0.30000           75.72           -0.01            0.13
inaccuracy:  0.30000        0.35000           73.71           -0.01            0.12
inaccuracy:  0.35000        0.40000           76.16           -0.01            0.10
inaccuracy:  0.40000        0.45000           76.59           -0.00            0.09
inaccuracy:  0.45000        0.50000           76.88           -0.01            0.09
inaccuracy:  0.50000        0.55000           71.33           -0.04            0.11
inaccuracy:  0.55000        0.60000           71.79           -0.05            0.09
inaccuracy:  0.60000        0.65000           72.52           -0.05            0.08
inaccuracy:  0.65000        0.70000           71.11           -0.06            0.07
inaccuracy:  0.70000        0.75000           71.64           -0.06            0.06
inaccuracy:  0.75000        0.80000           72.09           -0.06            0.06
inaccuracy:  0.80000        0.85000           69.61           -0.06            0.06
inaccuracy:  0.85000        0.90000           71.84           -0.05            0.07
inaccuracy:  0.90000        0.95000           71.47           -0.05            0.07
inaccuracy:  0.95000        1.00000           71.29           -0.05            0.08
===================================================================================================================================
                BAR        
-----------------------------------------------------------------------------------------------------------------------------------
BAR-estimator:         λ             λ+δλ          ΔΔA             ΔA            C               Δδe            δe       
                          
-----------------------------------------------------------------------------------------------------------------------------------
BAR-estimator:      0.00000        0.05000        0.8434         0.8434         0.8434         0.0084         0.0084 
BAR-estimator:      0.05000        0.10000        0.5537         1.3971         0.5537         0.0073         0.0111 
BAR-estimator:      0.10000        0.15000        0.3456         1.7427         0.3456         0.0053         0.0123 
BAR-estimator:      0.15000        0.20000        0.2057         1.9485         0.2057         0.0049         0.0132 
BAR-estimator:      0.20000        0.25000        0.1491         2.0975         0.1491         0.0043         0.0139 
BAR-estimator:      0.25000        0.30000        0.0796         2.1772         0.0796         0.0041         0.0145 
BAR-estimator:      0.30000        0.35000        0.0611         2.2383         0.0611         0.0035         0.0149 
BAR-estimator:      0.35000        0.40000        0.0225         2.2608         0.0225         0.0034         0.0153 
BAR-estimator:      0.40000        0.45000        0.0107         2.2714         0.0107         0.0036         0.0157 
BAR-estimator:      0.45000        0.50000       -0.0112         2.2603        -0.0112         0.0033         0.0160 
BAR-estimator:      0.50000        0.55000       -0.0744         2.1858        -0.0744         0.0036         0.0164 
BAR-estimator:      0.55000        0.60000       -0.2144         1.9714        -0.2144         0.0033         0.0168 
BAR-estimator:      0.60000        0.65000       -0.3419         1.6295        -0.3419         0.0034         0.0171 
BAR-estimator:      0.65000        0.70000       -0.4469         1.1827        -0.4469         0.0039         0.0176 
BAR-estimator:      0.70000        0.75000       -0.5114         0.6713        -0.5114         0.0035         0.0179 
BAR-estimator:      0.75000        0.80000       -0.5670         0.1042        -0.5670         0.0039         0.0183 
BAR-estimator:      0.80000        0.85000       -0.5766        -0.4724        -0.5766         0.0036         0.0187 
BAR-estimator:      0.85000        0.90000       -0.5809        -1.0532        -0.5809         0.0037         0.0190 
BAR-estimator:      0.90000        0.95000       -0.5672        -1.6205        -0.5672         0.0033         0.0193 
BAR-estimator:      0.95000        1.00000       -0.5445        -2.1650        -0.5445         0.0036         0.0197 
BAR-estimator: total free energy change is -2.1649734892032755 , total error is 0.019650661131640875
