#========================================================================================
#                     Free energy perturbation    
#----------------------------------------------------------------------------------------
#forward/backward          λ              ΔΔA                 ΔA                  δε   
#                                                 
#----------------------------------------------------------------------------------------
forward:               0.0000              0.0000              0.0000              0.0000  
forward:               0.0500              0.9599              0.9599              0.0201  
forward:               0.1000              0.5067              1.4666              0.0234  
forward:               0.1500              0.2855              1.7521              0.0249  
forward:               0.2000              0.1593              1.9115              0.0257  
forward:               0.2500              0.0869              1.9983              0.0262  
forward:               0.3000              0.0501              2.0484              0.0269  
forward:               0.3500              0.0253              2.0737              0.0273  
forward:               0.4000              0.0081              2.0819              0.0277  
forward:               0.4500             -0.0179              2.0640              0.0279  
forward:               0.5000             -0.0356              2.0284              0.0283  
forward:               0.5500             -0.0779              1.9505              0.0287  
forward:               0.6000             -0.1850              1.7655              0.0291  
forward:               0.6500             -0.2780              1.4876              0.0295  
forward:               0.7000             -0.3693              1.1183              0.0299  
forward:               0.7500             -0.4273              0.6910              0.0303  
forward:               0.8000             -0.4674              0.2236              0.0306  
forward:               0.8500             -0.4917             -0.2681              0.0309  
forward:               0.9000             -0.5098             -0.7779              0.0311  
forward:               0.9500             -0.5025             -1.2805              0.0313  
forward:               1.0000             -0.5133             -1.7938              0.0316  
backward:              1.0000              0.0000             -1.7938              0.0000  
backward:              0.9500              0.5136             -1.2802              0.0047  
backward:              0.9000              0.5043             -0.7758              0.0058  
backward:              0.8500              0.5098             -0.2660              0.0075  
backward:              0.8000              0.4882              0.2221              0.0091  
backward:              0.7500              0.4710              0.6932              0.0103  
backward:              0.7000              0.4196              1.1127              0.0115  
backward:              0.6500              0.3587              1.4714              0.0126  
backward:              0.6000              0.2676              1.7390              0.0136  
backward:              0.5500              0.1794              1.9184              0.0146  
backward:              0.5000              0.0726              1.9909              0.0156  
backward:              0.4500              0.0359              2.0269              0.0162  
backward:              0.4000              0.0199              2.0468              0.0168  
backward:              0.3500              0.0067              2.0535              0.0175  
backward:              0.3000             -0.0218              2.0316              0.0184  
backward:              0.2500             -0.0454              1.9862              0.0195  
backward:              0.2000             -0.0930              1.8932              0.0207  
backward:              0.1500             -0.1542              1.7390              0.0230  
backward:              0.1000             -0.2892              1.4498              0.0259  
backward:              0.0500             -0.5010              0.9488              0.0304  
backward:              0.0000             -0.9099              0.0388              0.0369  
Inaccuracy estimation
======================================================================================================
                   i        i+δi          P0_overlap_P1   δε(forward)/ε   δε(backward)/ε
======================================================================================================
inaccuracy:  0.00000        0.05000           45.38           -0.03            0.92
inaccuracy:  0.05000        0.10000           57.37           -0.02            0.59
inaccuracy:  0.10000        0.15000           65.15           -0.01            0.32
inaccuracy:  0.15000        0.20000           69.89           -0.01            0.20
inaccuracy:  0.20000        0.25000           73.62           -0.01            0.14
inaccuracy:  0.25000        0.30000           74.77           -0.01            0.13
inaccuracy:  0.30000        0.35000           75.49           -0.01            0.10
inaccuracy:  0.35000        0.40000           75.53           -0.01            0.10
inaccuracy:  0.40000        0.45000           77.30           -0.01            0.09
inaccuracy:  0.45000        0.50000           77.25           -0.01            0.08
inaccuracy:  0.50000        0.55000           73.38           -0.04            0.10
inaccuracy:  0.55000        0.60000           73.14           -0.05            0.08
inaccuracy:  0.60000        0.65000           74.26           -0.05            0.07
inaccuracy:  0.65000        0.70000           74.01           -0.05            0.07
inaccuracy:  0.70000        0.75000           73.82           -0.04            0.06
inaccuracy:  0.75000        0.80000           72.64           -0.05            0.07
inaccuracy:  0.80000        0.85000           73.13           -0.04            0.06
inaccuracy:  0.85000        0.90000           72.46           -0.04            0.06
inaccuracy:  0.90000        0.95000           72.02           -0.05            0.07
inaccuracy:  0.95000        1.00000           72.20           -0.04            0.07
===================================================================================================================================
                BAR        
-----------------------------------------------------------------------------------------------------------------------------------
BAR-estimator:         λ             λ+δλ          ΔΔA             ΔA            C               Δδe            δe       
                          
-----------------------------------------------------------------------------------------------------------------------------------
BAR-estimator:      0.00000        0.05000        0.9598         0.9598         0.9598         0.0111         0.0111 
BAR-estimator:      0.05000        0.10000        0.5102         1.4699         0.5102         0.0079         0.0136 
BAR-estimator:      0.10000        0.15000        0.2841         1.7540         0.2841         0.0058         0.0148 
BAR-estimator:      0.15000        0.20000        0.1571         1.9111         0.1571         0.0044         0.0154 
BAR-estimator:      0.20000        0.25000        0.0878         1.9989         0.0878         0.0036         0.0159 
BAR-estimator:      0.25000        0.30000        0.0503         2.0491         0.0503         0.0042         0.0164 
BAR-estimator:      0.30000        0.35000        0.0226         2.0717         0.0226         0.0032         0.0167 
BAR-estimator:      0.35000        0.40000        0.0029         2.0746         0.0029         0.0034         0.0171 
BAR-estimator:      0.40000        0.45000       -0.0187         2.0559        -0.0187         0.0029         0.0173 
BAR-estimator:      0.45000        0.50000       -0.0348         2.0211        -0.0348         0.0029         0.0176 
BAR-estimator:      0.50000        0.55000       -0.0765         1.9446        -0.0765         0.0033         0.0179 
BAR-estimator:      0.55000        0.60000       -0.1838         1.7607        -0.1838         0.0032         0.0181 
BAR-estimator:      0.60000        0.65000       -0.2737         1.4871        -0.2737         0.0036         0.0185 
BAR-estimator:      0.65000        0.70000       -0.3628         1.1243        -0.3628         0.0032         0.0188 
BAR-estimator:      0.70000        0.75000       -0.4221         0.7022        -0.4221         0.0033         0.0191 
BAR-estimator:      0.75000        0.80000       -0.4687         0.2335        -0.4687         0.0032         0.0193 
BAR-estimator:      0.80000        0.85000       -0.4899        -0.2564        -0.4899         0.0033         0.0196 
BAR-estimator:      0.85000        0.90000       -0.5091        -0.7655        -0.5091         0.0030         0.0199 
BAR-estimator:      0.90000        0.95000       -0.5050        -1.2704        -0.5050         0.0039         0.0202 
BAR-estimator:      0.95000        1.00000       -0.5130        -1.7834        -0.5130         0.0036         0.0206 
BAR-estimator: total free energy change is -1.7834277535085896 , total error is 0.020554687265820423
