#========================================================================================
#                     Free energy perturbation    
#----------------------------------------------------------------------------------------
#forward/backward          λ              ΔΔA                 ΔA                  δε   
#                                                 
#----------------------------------------------------------------------------------------
forward:               0.0000              0.0000              0.0000              0.0000  
forward:               0.0500              1.0834              1.0834              0.0137  
forward:               0.1000              0.6692              1.7526              0.0178  
forward:               0.1500              0.4283              2.1809              0.0197  
forward:               0.2000              0.2568              2.4377              0.0211  
forward:               0.2500              0.1508              2.5884              0.0221  
forward:               0.3000              0.0924              2.6808              0.0226  
forward:               0.3500              0.0680              2.7488              0.0231  
forward:               0.4000              0.0259              2.7748              0.0236  
forward:               0.4500              0.0034              2.7781              0.0242  
forward:               0.5000             -0.0271              2.7510              0.0245  
forward:               0.5500             -0.1453              2.6057              0.0250  
forward:               0.6000             -0.3348              2.2709              0.0255  
forward:               0.6500             -0.5226              1.7483              0.0262  
forward:               0.7000             -0.6773              1.0710              0.0268  
forward:               0.7500             -0.7737              0.2973              0.0275  
forward:               0.8000             -0.8255             -0.5282              0.0281  
forward:               0.8500             -0.8427             -1.3709              0.0289  
forward:               0.9000             -0.8388             -2.2098              0.0298  
forward:               0.9500             -0.8915             -3.1013              0.0314  
forward:               1.0000             -0.9276             -4.0288              0.0337  
backward:              1.0000              0.0000             -4.0288              0.0000  
backward:              0.9500              0.9355             -3.0933              0.0178  
backward:              0.9000              0.8901             -2.2032              0.0217  
backward:              0.8500              0.8610             -1.3423              0.0230  
backward:              0.8000              0.8318             -0.5104              0.0240  
backward:              0.7500              0.8174              0.3070              0.0250  
backward:              0.7000              0.7634              1.0704              0.0258  
backward:              0.6500              0.6636              1.7340              0.0268  
backward:              0.6000              0.5168              2.2509              0.0276  
backward:              0.5500              0.3377              2.5885              0.0283  
backward:              0.5000              0.1328              2.7213              0.0288  
backward:              0.4500              0.0225              2.7438              0.0292  
backward:              0.4000             -0.0038              2.7400              0.0297  
backward:              0.3500             -0.0344              2.7057              0.0302  
backward:              0.3000             -0.0519              2.6538              0.0307  
backward:              0.2500             -0.1061              2.5476              0.0313  
backward:              0.2000             -0.1534              2.3942              0.0321  
backward:              0.1500             -0.2592              2.1350              0.0334  
backward:              0.1000             -0.4165              1.7185              0.0361  
backward:              0.0500             -0.7033              1.0152              0.0425  
backward:              0.0000             -1.0653             -0.0501              0.0506  
Inaccuracy estimation
======================================================================================================
                   i        i+δi          P0_overlap_P1   δε(forward)/ε   δε(backward)/ε
======================================================================================================
inaccuracy:  0.00000        0.05000           45.58           -0.03            1.05
inaccuracy:  0.05000        0.10000           55.29           -0.02            0.67
inaccuracy:  0.10000        0.15000           60.04           -0.01            0.38
inaccuracy:  0.15000        0.20000           66.33           -0.02            0.28
inaccuracy:  0.20000        0.25000           69.99           -0.01            0.19
inaccuracy:  0.25000        0.30000           72.86           -0.01            0.15
inaccuracy:  0.30000        0.35000           72.34           -0.02            0.14
inaccuracy:  0.35000        0.40000           73.64           -0.01            0.12
inaccuracy:  0.40000        0.45000           73.77           -0.01            0.11
inaccuracy:  0.45000        0.50000           75.71           -0.01            0.10
inaccuracy:  0.50000        0.55000           67.99           -0.06            0.14
inaccuracy:  0.55000        0.60000           67.56           -0.10            0.11
inaccuracy:  0.60000        0.65000           67.40           -0.10            0.08
inaccuracy:  0.65000        0.70000           67.48           -0.11            0.07
inaccuracy:  0.70000        0.75000           67.07           -0.11            0.07
inaccuracy:  0.75000        0.80000           66.44           -0.12            0.07
inaccuracy:  0.80000        0.85000           66.82           -0.11            0.07
inaccuracy:  0.85000        0.90000           63.62           -0.15            0.09
inaccuracy:  0.90000        0.95000           62.84           -0.13            0.09
inaccuracy:  0.95000        1.00000           60.13           -0.16            0.09
===================================================================================================================================
                BAR        
-----------------------------------------------------------------------------------------------------------------------------------
BAR-estimator:         λ             λ+δλ          ΔΔA             ΔA            C               Δδe            δe       
                          
-----------------------------------------------------------------------------------------------------------------------------------
BAR-estimator:      0.00000        0.05000        1.0853         1.0853         1.0853         0.0099         0.0099 
BAR-estimator:      0.05000        0.10000        0.6807         1.7660         0.6807         0.0085         0.0131 
BAR-estimator:      0.10000        0.15000        0.4213         2.1873         0.4213         0.0060         0.0144 
BAR-estimator:      0.15000        0.20000        0.2610         2.4483         0.2610         0.0053         0.0154 
BAR-estimator:      0.20000        0.25000        0.1536         2.6019         0.1536         0.0044         0.0160 
BAR-estimator:      0.25000        0.30000        0.1006         2.7026         0.1006         0.0035         0.0164 
BAR-estimator:      0.30000        0.35000        0.0640         2.7665         0.0640         0.0035         0.0167 
BAR-estimator:      0.35000        0.40000        0.0286         2.7952         0.0286         0.0035         0.0171 
BAR-estimator:      0.40000        0.45000        0.0036         2.7987         0.0036         0.0036         0.0175 
BAR-estimator:      0.45000        0.50000       -0.0223         2.7764        -0.0223         0.0027         0.0177 
BAR-estimator:      0.50000        0.55000       -0.1401         2.6363        -0.1401         0.0035         0.0180 
BAR-estimator:      0.55000        0.60000       -0.3360         2.3003        -0.3360         0.0030         0.0183 
BAR-estimator:      0.60000        0.65000       -0.5199         1.7804        -0.5199         0.0035         0.0186 
BAR-estimator:      0.65000        0.70000       -0.6706         1.1098        -0.6706         0.0039         0.0190 
BAR-estimator:      0.70000        0.75000       -0.7687         0.3411        -0.7687         0.0039         0.0194 
BAR-estimator:      0.75000        0.80000       -0.8236        -0.4825        -0.8236         0.0039         0.0198 
BAR-estimator:      0.80000        0.85000       -0.8350        -1.3175        -0.8350         0.0038         0.0202 
BAR-estimator:      0.85000        0.90000       -0.8489        -2.1664        -0.8489         0.0045         0.0207 
BAR-estimator:      0.90000        0.95000       -0.8879        -3.0543        -0.8879         0.0050         0.0212 
BAR-estimator:      0.95000        1.00000       -0.9383        -3.9927        -0.9383         0.0065         0.0222 
BAR-estimator: total free energy change is -3.9926703381854347 , total error is 0.022201029235197973
