#========================================================================================
#                     Free energy perturbation    
#----------------------------------------------------------------------------------------
#forward/backward          λ              ΔΔA                 ΔA                  δε   
#                                                 
#----------------------------------------------------------------------------------------
forward:               0.0000              0.0000              0.0000              0.0000  
forward:               0.0500              0.7356              0.7356              0.0125  
forward:               0.1000              0.4715              1.2071              0.0166  
forward:               0.1500              0.3224              1.5295              0.0188  
forward:               0.2000              0.2183              1.7478              0.0199  
forward:               0.2500              0.1662              1.9140              0.0205  
forward:               0.3000              0.1104              2.0243              0.0211  
forward:               0.3500              0.0853              2.1097              0.0215  
forward:               0.4000              0.0527              2.1624              0.0219  
forward:               0.4500              0.0469              2.2093              0.0223  
forward:               0.5000              0.0321              2.2414              0.0227  
forward:               0.5500             -0.0710              2.1704              0.0234  
forward:               0.6000             -0.2730              1.8974              0.0241  
forward:               0.6500             -0.4522              1.4452              0.0252  
forward:               0.7000             -0.5923              0.8530              0.0263  
forward:               0.7500             -0.6838              0.1692              0.0271  
forward:               0.8000             -0.7312             -0.5621              0.0276  
forward:               0.8500             -0.7284             -1.2904              0.0280  
forward:               0.9000             -0.7106             -2.0010              0.0284  
forward:               0.9500             -0.6738             -2.6748              0.0287  
forward:               1.0000             -0.6589             -3.3338              0.0292  
backward:              1.0000              0.0000             -3.3338              0.0000  
backward:              0.9500              0.6600             -2.6738              0.0055  
backward:              0.9000              0.6675             -2.0063              0.0084  
backward:              0.8500              0.7041             -1.3022              0.0113  
backward:              0.8000              0.7224             -0.5798              0.0127  
backward:              0.7500              0.7280              0.1482              0.0144  
backward:              0.7000              0.6868              0.8350              0.0160  
backward:              0.6500              0.5952              1.4302              0.0182  
backward:              0.6000              0.4311              1.8613              0.0195  
backward:              0.5500              0.2814              2.1427              0.0207  
backward:              0.5000              0.0793              2.2220              0.0216  
backward:              0.4500             -0.0258              2.1962              0.0220  
backward:              0.4000             -0.0538              2.1424              0.0225  
backward:              0.3500             -0.0600              2.0824              0.0230  
backward:              0.3000             -0.0907              1.9917              0.0236  
backward:              0.2500             -0.1161              1.8756              0.0242  
backward:              0.2000             -0.1620              1.7136              0.0251  
backward:              0.1500             -0.1969              1.5167              0.0264  
backward:              0.1000             -0.3064              1.2103              0.0279  
backward:              0.0500             -0.4613              0.7490              0.0324  
backward:              0.0000             -0.7280              0.0210              0.0385  
Inaccuracy estimation
======================================================================================================
                   i        i+δi          P0_overlap_P1   δε(forward)/ε   δε(backward)/ε
======================================================================================================
inaccuracy:  0.00000        0.05000           54.43           -0.01            0.62
inaccuracy:  0.05000        0.10000           62.00           -0.01            0.42
inaccuracy:  0.10000        0.15000           67.84           -0.01            0.24
inaccuracy:  0.15000        0.20000           71.20           -0.00            0.20
inaccuracy:  0.20000        0.25000           73.53           -0.00            0.13
inaccuracy:  0.25000        0.30000           77.08           -0.00            0.11
inaccuracy:  0.30000        0.35000           77.60           -0.01            0.10
inaccuracy:  0.35000        0.40000           78.97           -0.01            0.09
inaccuracy:  0.40000        0.45000           79.15           -0.00            0.08
inaccuracy:  0.45000        0.50000           77.98           -0.01            0.08
inaccuracy:  0.50000        0.55000           70.03           -0.06            0.13
inaccuracy:  0.55000        0.60000           69.78           -0.08            0.08
inaccuracy:  0.60000        0.65000           71.70           -0.08            0.07
inaccuracy:  0.65000        0.70000           68.99           -0.10            0.06
inaccuracy:  0.70000        0.75000           70.26           -0.09            0.05
inaccuracy:  0.75000        0.80000           70.56           -0.08            0.05
inaccuracy:  0.80000        0.85000           70.54           -0.06            0.06
inaccuracy:  0.85000        0.90000           69.97           -0.06            0.06
inaccuracy:  0.90000        0.95000           69.59           -0.06            0.07
inaccuracy:  0.95000        1.00000           68.97           -0.06            0.08
===================================================================================================================================
                BAR        
-----------------------------------------------------------------------------------------------------------------------------------
BAR-estimator:         λ             λ+δλ          ΔΔA             ΔA            C               Δδe            δe       
                          
-----------------------------------------------------------------------------------------------------------------------------------
BAR-estimator:      0.00000        0.05000        0.7360         0.7360         0.7360         0.0081         0.0081 
BAR-estimator:      0.05000        0.10000        0.4672         1.2033         0.4672         0.0068         0.0106 
BAR-estimator:      0.10000        0.15000        0.3199         1.5232         0.3199         0.0056         0.0120 
BAR-estimator:      0.15000        0.20000        0.2126         1.7358         0.2126         0.0045         0.0128 
BAR-estimator:      0.20000        0.25000        0.1618         1.8976         0.1618         0.0037         0.0133 
BAR-estimator:      0.25000        0.30000        0.1144         2.0120         0.1144         0.0035         0.0138 
BAR-estimator:      0.30000        0.35000        0.0865         2.0985         0.0865         0.0034         0.0142 
BAR-estimator:      0.35000        0.40000        0.0564         2.1549         0.0564         0.0032         0.0145 
BAR-estimator:      0.40000        0.45000        0.0498         2.2047         0.0498         0.0032         0.0149 
BAR-estimator:      0.45000        0.50000        0.0303         2.2350         0.0303         0.0028         0.0151 
BAR-estimator:      0.50000        0.55000       -0.0755         2.1595        -0.0755         0.0036         0.0156 
BAR-estimator:      0.55000        0.60000       -0.2774         1.8821        -0.2774         0.0039         0.0161 
BAR-estimator:      0.60000        0.65000       -0.4403         1.4418        -0.4403         0.0043         0.0166 
BAR-estimator:      0.65000        0.70000       -0.5949         0.8470        -0.5949         0.0044         0.0172 
BAR-estimator:      0.70000        0.75000       -0.6839         0.1630        -0.6839         0.0041         0.0177 
BAR-estimator:      0.75000        0.80000       -0.7306        -0.5676        -0.7306         0.0036         0.0180 
BAR-estimator:      0.80000        0.85000       -0.7243        -1.2919        -0.7243         0.0036         0.0184 
BAR-estimator:      0.85000        0.90000       -0.7102        -2.0021        -0.7102         0.0036         0.0187 
BAR-estimator:      0.90000        0.95000       -0.6756        -2.6777        -0.6756         0.0035         0.0191 
BAR-estimator:      0.95000        1.00000       -0.6577        -3.3354        -0.6577         0.0036         0.0194 
BAR-estimator: total free energy change is -3.335374499796264 , total error is 0.01939717178161968
