#========================================================================================
#                     Free energy perturbation    
#----------------------------------------------------------------------------------------
#forward/backward          λ              ΔΔA                 ΔA                  δε   
#                                                 
#----------------------------------------------------------------------------------------
forward:               0.0000              0.0000              0.0000              0.0000  
forward:               0.0500              2.8366              2.8366              0.0443  
forward:               0.1000              1.4812              4.3178              0.0524  
forward:               0.1500              0.6801              4.9979              0.0549  
forward:               0.2000              0.2745              5.2724              0.0559  
forward:               0.2500              0.1003              5.3727              0.0565  
forward:               0.3000             -0.0240              5.3487              0.0569  
forward:               0.3500             -0.0904              5.2582              0.0573  
forward:               0.4000             -0.1493              5.1089              0.0576  
forward:               0.4500             -0.1811              4.9278              0.0578  
forward:               0.5000             -0.2249              4.7030              0.0580  
forward:               0.5500             -0.5422              4.1608              0.0587  
forward:               0.6000             -1.1561              3.0047              0.0607  
forward:               0.6500             -1.8108              1.1939              0.0630  
forward:               0.7000             -2.3340             -1.1401              0.0650  
forward:               0.7500             -2.5322             -3.6724              0.0659  
forward:               0.8000             -2.5519             -6.2243              0.0664  
forward:               0.8500             -2.5271             -8.7514              0.0669  
forward:               0.9000             -2.4645            -11.2159              0.0673  
forward:               0.9500             -2.3698            -13.5857              0.0676  
forward:               1.0000             -2.2948            -15.8805              0.0680  
backward:              1.0000              0.0000            -15.8805              0.0000  
backward:              0.9500              2.2551            -13.6254              0.0111  
backward:              0.9000              2.3582            -11.2672              0.0161  
backward:              0.8500              2.4400             -8.8272              0.0227  
backward:              0.8000              2.5186             -6.3086              0.0249  
backward:              0.7500              2.5741             -3.7346              0.0268  
backward:              0.7000              2.5282             -1.2064              0.0308  
backward:              0.6500              2.3090              1.1027              0.0337  
backward:              0.6000              1.8112              2.9138              0.0358  
backward:              0.5500              1.1539              4.0677              0.0385  
backward:              0.5000              0.5498              4.6175              0.0397  
backward:              0.4500              0.2247              4.8421              0.0402  
backward:              0.4000              0.1877              5.0298              0.0407  
backward:              0.3500              0.1455              5.1753              0.0414  
backward:              0.3000              0.0979              5.2732              0.0420  
backward:              0.2500              0.0124              5.2856              0.0429  
backward:              0.2000             -0.0932              5.1924              0.0445  
backward:              0.1500             -0.2628              4.9296              0.0465  
backward:              0.1000             -0.6788              4.2508              0.0570  
backward:              0.0500             -1.3906              2.8602              0.0686  
backward:              0.0000             -2.7719              0.0882              0.0920  
Inaccuracy estimation
======================================================================================================
                   i        i+δi          P0_overlap_P1   δε(forward)/ε   δε(backward)/ε
======================================================================================================
inaccuracy:  0.00000        0.05000           22.13            0.16            4.41
inaccuracy:  0.05000        0.10000           32.43           -0.09            2.07
inaccuracy:  0.10000        0.15000           46.38           -0.05            0.93
inaccuracy:  0.15000        0.20000           56.91           -0.04            0.45
inaccuracy:  0.20000        0.25000           62.29           -0.03            0.28
inaccuracy:  0.25000        0.30000           66.15           -0.03            0.19
inaccuracy:  0.30000        0.35000           68.07           -0.03            0.16
inaccuracy:  0.35000        0.40000           69.49           -0.03            0.13
inaccuracy:  0.40000        0.45000           70.23           -0.02            0.13
inaccuracy:  0.45000        0.50000           71.33           -0.03            0.10
inaccuracy:  0.50000        0.55000           55.42           -0.25            0.22
inaccuracy:  0.55000        0.60000           52.89           -0.45            0.09
inaccuracy:  0.60000        0.65000           50.04           -0.50           -0.01
inaccuracy:  0.65000        0.70000           53.66           -0.45           -0.08
inaccuracy:  0.70000        0.75000           55.14           -0.45           -0.12
inaccuracy:  0.75000        0.80000           54.89           -0.43           -0.13
inaccuracy:  0.80000        0.85000           55.29           -0.37           -0.12
inaccuracy:  0.85000        0.90000           54.47           -0.39           -0.11
inaccuracy:  0.90000        0.95000           53.74           -0.33           -0.08
inaccuracy:  0.95000        1.00000           53.40           -0.35           -0.06
===================================================================================================================================
                BAR        
-----------------------------------------------------------------------------------------------------------------------------------
BAR-estimator:         λ             λ+δλ          ΔΔA             ΔA            C               Δδe            δe       
                          
-----------------------------------------------------------------------------------------------------------------------------------
BAR-estimator:      0.00000        0.05000        2.8911         2.8911         2.8911         0.0149         0.0149 
BAR-estimator:      0.05000        0.10000        1.4619         4.3530         1.4619         0.0140         0.0204 
BAR-estimator:      0.10000        0.15000        0.6689         5.0219         0.6689         0.0100         0.0228 
BAR-estimator:      0.15000        0.20000        0.2727         5.2946         0.2727         0.0070         0.0238 
BAR-estimator:      0.20000        0.25000        0.0958         5.3905         0.0958         0.0052         0.0244 
BAR-estimator:      0.25000        0.30000       -0.0209         5.3696        -0.0209         0.0052         0.0249 
BAR-estimator:      0.30000        0.35000       -0.0915         5.2780        -0.0915         0.0049         0.0254 
BAR-estimator:      0.35000        0.40000       -0.1494         5.1286        -0.1494         0.0045         0.0258 
BAR-estimator:      0.40000        0.45000       -0.1833         4.9453        -0.1833         0.0041         0.0261 
BAR-estimator:      0.45000        0.50000       -0.2240         4.7213        -0.2240         0.0034         0.0263 
BAR-estimator:      0.50000        0.55000       -0.5416         4.1797        -0.5416         0.0052         0.0268 
BAR-estimator:      0.55000        0.60000       -1.1571         3.0226        -1.1571         0.0064         0.0276 
BAR-estimator:      0.60000        0.65000       -1.8015         1.2212        -1.8015         0.0079         0.0287 
BAR-estimator:      0.65000        0.70000       -2.3189        -1.0977        -2.3189         0.0080         0.0298 
BAR-estimator:      0.70000        0.75000       -2.5357        -3.6334        -2.5357         0.0062         0.0304 
BAR-estimator:      0.75000        0.80000       -2.5616        -6.1950        -2.5616         0.0055         0.0309 
BAR-estimator:      0.80000        0.85000       -2.5234        -8.7184        -2.5234         0.0056         0.0314 
BAR-estimator:      0.85000        0.90000       -2.4534       -11.1718        -2.4534         0.0070         0.0322 
BAR-estimator:      0.90000        0.95000       -2.3664       -13.5382        -2.3664         0.0057         0.0327 
BAR-estimator:      0.95000        1.00000       -2.2787       -15.8168        -2.2787         0.0050         0.0331 
BAR-estimator: total free energy change is -15.816836754977569 , total error is 0.033064313927118824
