#========================================================================================
#                     Free energy perturbation    
#----------------------------------------------------------------------------------------
#forward/backward          λ              ΔΔA                 ΔA                  δε   
#                                                 
#----------------------------------------------------------------------------------------
forward:               0.0000              0.0000              0.0000              0.0000  
forward:               0.0500              2.6165              2.6165              0.0439  
forward:               0.1000              1.3603              3.9768              0.0499  
forward:               0.1500              0.6723              4.6491              0.0523  
forward:               0.2000              0.3045              4.9536              0.0535  
forward:               0.2500              0.1242              5.0777              0.0543  
forward:               0.3000              0.0055              5.0833              0.0551  
forward:               0.3500             -0.0882              4.9951              0.0555  
forward:               0.4000             -0.1461              4.8490              0.0560  
forward:               0.4500             -0.1943              4.6547              0.0563  
forward:               0.5000             -0.2430              4.4117              0.0567  
forward:               0.5500             -0.5075              3.9042              0.0577  
forward:               0.6000             -0.8997              3.0045              0.0583  
forward:               0.6500             -1.2678              1.7367              0.0591  
forward:               0.7000             -1.5443              0.1924              0.0604  
forward:               0.7500             -1.7114             -1.5190              0.0613  
forward:               0.8000             -1.7739             -3.2929              0.0618  
forward:               0.8500             -1.7761             -5.0690              0.0623  
forward:               0.9000             -1.7383             -6.8073              0.0627  
forward:               0.9500             -1.6762             -8.4835              0.0629  
forward:               1.0000             -1.6349            -10.1184              0.0632  
backward:              1.0000              0.0000            -10.1184              0.0000  
backward:              0.9500              1.6216             -8.4967              0.0101  
backward:              0.9000              1.6777             -6.8190              0.0139  
backward:              0.8500              1.7332             -5.0857              0.0162  
backward:              0.8000              1.7658             -3.3199              0.0190  
backward:              0.7500              1.7688             -1.5511              0.0215  
backward:              0.7000              1.7240              0.1728              0.0243  
backward:              0.6500              1.5325              1.7054              0.0263  
backward:              0.6000              1.2521              2.9575              0.0284  
backward:              0.5500              0.8855              3.8430              0.0304  
backward:              0.5000              0.5076              4.3506              0.0318  
backward:              0.4500              0.2470              4.5976              0.0327  
backward:              0.4000              0.1950              4.7926              0.0346  
backward:              0.3500              0.1565              4.9491              0.0357  
backward:              0.3000              0.0895              5.0386              0.0370  
backward:              0.2500             -0.0153              5.0233              0.0390  
backward:              0.2000             -0.1065              4.9169              0.0404  
backward:              0.1500             -0.3137              4.6031              0.0445  
backward:              0.1000             -0.7011              3.9021              0.0623  
backward:              0.0500             -1.3653              2.5367              0.0740  
backward:              0.0000             -2.6137             -0.0769              0.0923  
Inaccuracy estimation
======================================================================================================
                   i        i+δi          P0_overlap_P1   δε(forward)/ε   δε(backward)/ε
======================================================================================================
inaccuracy:  0.00000        0.05000           22.58            0.10            3.85
inaccuracy:  0.05000        0.10000           35.70           -0.09            1.85
inaccuracy:  0.10000        0.15000           46.96           -0.06            0.92
inaccuracy:  0.15000        0.20000           55.38           -0.03            0.50
inaccuracy:  0.20000        0.25000           60.60           -0.04            0.32
inaccuracy:  0.25000        0.30000           64.40           -0.03            0.23
inaccuracy:  0.30000        0.35000           65.91           -0.04            0.18
inaccuracy:  0.35000        0.40000           66.70           -0.03            0.17
inaccuracy:  0.40000        0.45000           68.47           -0.04            0.15
inaccuracy:  0.45000        0.50000           69.92           -0.03            0.12
inaccuracy:  0.50000        0.55000           57.75           -0.20            0.22
inaccuracy:  0.55000        0.60000           58.92           -0.22            0.11
inaccuracy:  0.60000        0.65000           58.66           -0.28            0.05
inaccuracy:  0.65000        0.70000           58.04           -0.26            0.01
inaccuracy:  0.70000        0.75000           57.88           -0.29           -0.01
inaccuracy:  0.75000        0.80000           58.78           -0.26           -0.01
inaccuracy:  0.80000        0.85000           58.41           -0.27            0.00
inaccuracy:  0.85000        0.90000           57.79           -0.26            0.01
inaccuracy:  0.90000        0.95000           57.10           -0.23            0.03
inaccuracy:  0.95000        1.00000           57.22           -0.25            0.05
===================================================================================================================================
                BAR        
-----------------------------------------------------------------------------------------------------------------------------------
BAR-estimator:         λ             λ+δλ          ΔΔA             ΔA            C               Δδe            δe       
                          
-----------------------------------------------------------------------------------------------------------------------------------
BAR-estimator:      0.00000        0.05000        2.6674         2.6674         2.6674         0.0159         0.0159 
BAR-estimator:      0.05000        0.10000        1.3633         4.0307         1.3633         0.0130         0.0205 
BAR-estimator:      0.10000        0.15000        0.6688         4.6996         0.6688         0.0094         0.0226 
BAR-estimator:      0.15000        0.20000        0.3089         5.0085         0.3089         0.0072         0.0237 
BAR-estimator:      0.20000        0.25000        0.1188         5.1273         0.1188         0.0068         0.0247 
BAR-estimator:      0.25000        0.30000        0.0046         5.1319         0.0046         0.0063         0.0255 
BAR-estimator:      0.30000        0.35000       -0.0919         5.0400        -0.0919         0.0050         0.0259 
BAR-estimator:      0.35000        0.40000       -0.1487         4.8914        -0.1487         0.0049         0.0264 
BAR-estimator:      0.40000        0.45000       -0.1942         4.6972        -0.1942         0.0045         0.0268 
BAR-estimator:      0.45000        0.50000       -0.2420         4.4551        -0.2420         0.0038         0.0271 
BAR-estimator:      0.50000        0.55000       -0.5031         3.9520        -0.5031         0.0067         0.0279 
BAR-estimator:      0.55000        0.60000       -0.8935         3.0585        -0.8935         0.0049         0.0283 
BAR-estimator:      0.60000        0.65000       -1.2636         1.7949        -1.2636         0.0057         0.0289 
BAR-estimator:      0.65000        0.70000       -1.5361         0.2589        -1.5361         0.0064         0.0296 
BAR-estimator:      0.70000        0.75000       -1.7196        -1.4607        -1.7196         0.0064         0.0303 
BAR-estimator:      0.75000        0.80000       -1.7704        -3.2312        -1.7704         0.0048         0.0306 
BAR-estimator:      0.80000        0.85000       -1.7693        -5.0004        -1.7693         0.0056         0.0311 
BAR-estimator:      0.85000        0.90000       -1.7338        -6.7342        -1.7338         0.0055         0.0316 
BAR-estimator:      0.90000        0.95000       -1.6728        -8.4070        -1.6728         0.0044         0.0319 
BAR-estimator:      0.95000        1.00000       -1.6230       -10.0300        -1.6230         0.0051         0.0323 
BAR-estimator: total free energy change is -10.030018448179613 , total error is 0.03232304500180829
