#========================================================================================
#                     Free energy perturbation    
#----------------------------------------------------------------------------------------
#forward/backward          λ              ΔΔA                 ΔA                  δε   
#                                                 
#----------------------------------------------------------------------------------------
forward:               0.0000              0.0000              0.0000              0.0000  
forward:               0.0500              3.1531              3.1531              0.0478  
forward:               0.1000              1.6340              4.7871              0.0559  
forward:               0.1500              0.7908              5.5779              0.0588  
forward:               0.2000              0.3814              5.9594              0.0599  
forward:               0.2500              0.1328              6.0922              0.0606  
forward:               0.3000              0.0152              6.1074              0.0610  
forward:               0.3500             -0.0862              6.0212              0.0614  
forward:               0.4000             -0.1542              5.8669              0.0617  
forward:               0.4500             -0.2060              5.6609              0.0619  
forward:               0.5000             -0.2341              5.4269              0.0622  
forward:               0.5500             -0.4928              4.9341              0.0627  
forward:               0.6000             -0.8787              4.0554              0.0632  
forward:               0.6500             -1.2256              2.8298              0.0638  
forward:               0.7000             -1.4965              1.3334              0.0644  
forward:               0.7500             -1.6681             -0.3348              0.0651  
forward:               0.8000             -1.7623             -2.0971              0.0658  
forward:               0.8500             -1.7890             -3.8861              0.0662  
forward:               0.9000             -1.7757             -5.6617              0.0666  
forward:               0.9500             -1.7411             -7.4028              0.0670  
forward:               1.0000             -1.7256             -9.1284              0.0673  
backward:              1.0000              0.0000             -9.1284              0.0000  
backward:              0.9500              1.7103             -7.4181              0.0089  
backward:              0.9000              1.7039             -5.7142              0.0126  
backward:              0.8500              1.7146             -3.9996              0.0171  
backward:              0.8000              1.7657             -2.2339              0.0193  
backward:              0.7500              1.7388             -0.4951              0.0216  
backward:              0.7000              1.6534              1.1583              0.0237  
backward:              0.6500              1.4813              2.6396              0.0258  
backward:              0.6000              1.2135              3.8531              0.0280  
backward:              0.5500              0.8667              4.7198              0.0298  
backward:              0.5000              0.4719              5.1917              0.0317  
backward:              0.4500              0.2357              5.4274              0.0324  
backward:              0.4000              0.2022              5.6296              0.0333  
backward:              0.3500              0.1619              5.7915              0.0341  
backward:              0.3000              0.0674              5.8589              0.0367  
backward:              0.2500             -0.0178              5.8412              0.0388  
backward:              0.2000             -0.1121              5.7291              0.0402  
backward:              0.1500             -0.3386              5.3905              0.0430  
backward:              0.1000             -0.8207              4.5698              0.0567  
backward:              0.0500             -1.6090              2.9608              0.0706  
backward:              0.0000             -3.0575             -0.0967              0.0958  
Inaccuracy estimation
======================================================================================================
                   i        i+δi          P0_overlap_P1   δε(forward)/ε   δε(backward)/ε
======================================================================================================
inaccuracy:  0.00000        0.05000           18.72            0.30            4.90
inaccuracy:  0.05000        0.10000           31.06           -0.09            2.40
inaccuracy:  0.10000        0.15000           43.53           -0.09            1.12
inaccuracy:  0.15000        0.20000           50.88           -0.06            0.61
inaccuracy:  0.20000        0.25000           57.57           -0.06            0.38
inaccuracy:  0.25000        0.30000           59.55           -0.05            0.29
inaccuracy:  0.30000        0.35000           63.47           -0.04            0.23
inaccuracy:  0.35000        0.40000           64.44           -0.06            0.20
inaccuracy:  0.40000        0.45000           65.33           -0.05            0.16
inaccuracy:  0.45000        0.50000           65.89           -0.04            0.16
inaccuracy:  0.50000        0.55000           55.74           -0.20            0.22
inaccuracy:  0.55000        0.60000           56.89           -0.23            0.13
inaccuracy:  0.60000        0.65000           56.12           -0.30            0.08
inaccuracy:  0.65000        0.70000           56.58           -0.30            0.04
inaccuracy:  0.70000        0.75000           57.29           -0.28            0.01
inaccuracy:  0.75000        0.80000           57.72           -0.30            0.00
inaccuracy:  0.80000        0.85000           56.93           -0.26            0.01
inaccuracy:  0.85000        0.90000           57.11           -0.23            0.03
inaccuracy:  0.90000        0.95000           55.65           -0.27            0.04
inaccuracy:  0.95000        1.00000           54.50           -0.26            0.05
===================================================================================================================================
                BAR        
-----------------------------------------------------------------------------------------------------------------------------------
BAR-estimator:         λ             λ+δλ          ΔΔA             ΔA            C               Δδe            δe       
                          
-----------------------------------------------------------------------------------------------------------------------------------
BAR-estimator:      0.00000        0.05000        3.1840         3.1840         3.1840         0.0162         0.0162 
BAR-estimator:      0.05000        0.10000        1.6329         4.8169         1.6329         0.0141         0.0215 
BAR-estimator:      0.10000        0.15000        0.8018         5.6187         0.8018         0.0099         0.0237 
BAR-estimator:      0.15000        0.20000        0.3722         5.9908         0.3722         0.0070         0.0247 
BAR-estimator:      0.20000        0.25000        0.1291         6.1199         0.1291         0.0060         0.0254 
BAR-estimator:      0.25000        0.30000        0.0142         6.1341         0.0142         0.0051         0.0259 
BAR-estimator:      0.30000        0.35000       -0.0798         6.0544        -0.0798         0.0049         0.0264 
BAR-estimator:      0.35000        0.40000       -0.1574         5.8970        -0.1574         0.0038         0.0267 
BAR-estimator:      0.40000        0.45000       -0.2065         5.6905        -0.2065         0.0040         0.0270 
BAR-estimator:      0.45000        0.50000       -0.2341         5.4564        -0.2341         0.0041         0.0273 
BAR-estimator:      0.50000        0.55000       -0.4874         4.9691        -0.4874         0.0048         0.0277 
BAR-estimator:      0.55000        0.60000       -0.8750         4.0940        -0.8750         0.0047         0.0281 
BAR-estimator:      0.60000        0.65000       -1.2208         2.8732        -1.2208         0.0051         0.0286 
BAR-estimator:      0.65000        0.70000       -1.4889         1.3843        -1.4889         0.0054         0.0291 
BAR-estimator:      0.70000        0.75000       -1.6603        -0.2760        -1.6603         0.0055         0.0296 
BAR-estimator:      0.75000        0.80000       -1.7468        -2.0228        -1.7468         0.0055         0.0301 
BAR-estimator:      0.80000        0.85000       -1.7693        -3.7921        -1.7693         0.0052         0.0305 
BAR-estimator:      0.85000        0.90000       -1.7468        -5.5389        -1.7468         0.0055         0.0310 
BAR-estimator:      0.90000        0.95000       -1.7143        -7.2533        -1.7143         0.0051         0.0315 
BAR-estimator:      0.95000        1.00000       -1.7063        -8.9596        -1.7063         0.0047         0.0318 
BAR-estimator: total free energy change is -8.959555156792069 , total error is 0.03180070479187189
