#========================================================================================
#                     Free energy perturbation    
#----------------------------------------------------------------------------------------
#forward/backward          λ              ΔΔA                 ΔA                  δε   
#                                                 
#----------------------------------------------------------------------------------------
forward:               0.0000              0.0000              0.0000              0.0000  
forward:               0.0500              1.6470              1.6470              0.0233  
forward:               0.1000              0.9649              2.6118              0.0301  
forward:               0.1500              0.5565              3.1684              0.0331  
forward:               0.2000              0.3163              3.4847              0.0347  
forward:               0.2500              0.1953              3.6800              0.0357  
forward:               0.3000              0.1037              3.7837              0.0366  
forward:               0.3500              0.0711              3.8548              0.0372  
forward:               0.4000              0.0267              3.8815              0.0376  
forward:               0.4500              0.0004              3.8819              0.0379  
forward:               0.5000             -0.0346              3.8472              0.0382  
forward:               0.5500             -0.0389              3.8083              0.0385  
forward:               0.6000             -0.0548              3.7535              0.0388  
forward:               0.6500             -0.0617              3.6918              0.0390  
forward:               0.7000             -0.0764              3.6153              0.0393  
forward:               0.7500             -0.0832              3.5321              0.0394  
forward:               0.8000             -0.0899              3.4422              0.0396  
forward:               0.8500             -0.0946              3.3476              0.0398  
forward:               0.9000             -0.1148              3.2328              0.0400  
forward:               0.9500             -0.1123              3.1205              0.0402  
forward:               1.0000             -0.1199              3.0006              0.0404  
backward:              1.0000              0.0000              3.0006              0.0000  
backward:              0.9500              0.1174              3.1180              0.0044  
backward:              0.9000              0.0988              3.2168              0.0064  
backward:              0.8500              0.1124              3.3291              0.0076  
backward:              0.8000              0.1034              3.4325              0.0090  
backward:              0.7500              0.0966              3.5291              0.0101  
backward:              0.7000              0.0891              3.6182              0.0118  
backward:              0.6500              0.0779              3.6961              0.0129  
backward:              0.6000              0.0653              3.7614              0.0139  
backward:              0.5500              0.0457              3.8071              0.0157  
backward:              0.5000              0.0247              3.8318              0.0169  
backward:              0.4500              0.0230              3.8548              0.0180  
backward:              0.4000             -0.0116              3.8433              0.0192  
backward:              0.3500             -0.0050              3.8383              0.0202  
backward:              0.3000             -0.0644              3.7739              0.0215  
backward:              0.2500             -0.1129              3.6610              0.0229  
backward:              0.2000             -0.1959              3.4650              0.0245  
backward:              0.1500             -0.3249              3.1401              0.0285  
backward:              0.1000             -0.5332              2.6069              0.0350  
backward:              0.0500             -0.9069              1.7000              0.0423  
backward:              0.0000             -1.6135              0.0865              0.0539  
Inaccuracy estimation
======================================================================================================
                   i        i+δi          P0_overlap_P1   δε(forward)/ε   δε(backward)/ε
======================================================================================================
inaccuracy:  0.00000        0.05000           36.50           -0.03            1.69
inaccuracy:  0.05000        0.10000           44.04           -0.05            1.10
inaccuracy:  0.10000        0.15000           54.19           -0.03            0.60
inaccuracy:  0.15000        0.20000           61.23           -0.02            0.37
inaccuracy:  0.20000        0.25000           66.75           -0.02            0.26
inaccuracy:  0.25000        0.30000           69.55           -0.02            0.20
inaccuracy:  0.30000        0.35000           69.37           -0.02            0.18
inaccuracy:  0.35000        0.40000           69.44           -0.02            0.15
inaccuracy:  0.40000        0.45000           72.12           -0.02            0.13
inaccuracy:  0.45000        0.50000           72.80           -0.01            0.12
inaccuracy:  0.50000        0.55000           73.19           -0.02            0.11
inaccuracy:  0.55000        0.60000           72.43           -0.02            0.11
inaccuracy:  0.60000        0.65000           73.03           -0.02            0.11
inaccuracy:  0.65000        0.70000           73.24           -0.02            0.11
inaccuracy:  0.70000        0.75000           72.64           -0.01            0.11
inaccuracy:  0.75000        0.80000           72.46           -0.02            0.11
inaccuracy:  0.80000        0.85000           71.72           -0.02            0.10
inaccuracy:  0.85000        0.90000           73.92           -0.02            0.10
inaccuracy:  0.90000        0.95000           73.89           -0.02            0.09
inaccuracy:  0.95000        1.00000           73.23           -0.02            0.10
===================================================================================================================================
                BAR        
-----------------------------------------------------------------------------------------------------------------------------------
BAR-estimator:         λ             λ+δλ          ΔΔA             ΔA            C               Δδe            δe       
                          
-----------------------------------------------------------------------------------------------------------------------------------
BAR-estimator:      0.00000        0.05000        1.6458         1.6458         1.6458         0.0118         0.0118 
BAR-estimator:      0.05000        0.10000        0.9545         2.6004         0.9545         0.0106         0.0158 
BAR-estimator:      0.10000        0.15000        0.5503         3.1507         0.5503         0.0085         0.0180 
BAR-estimator:      0.15000        0.20000        0.3173         3.4680         0.3173         0.0067         0.0192 
BAR-estimator:      0.20000        0.25000        0.2040         3.6720         0.2040         0.0060         0.0201 
BAR-estimator:      0.25000        0.30000        0.1081         3.7801         0.1081         0.0054         0.0208 
BAR-estimator:      0.30000        0.35000        0.0689         3.8490         0.0689         0.0042         0.0212 
BAR-estimator:      0.35000        0.40000        0.0171         3.8662         0.0171         0.0038         0.0216 
BAR-estimator:      0.40000        0.45000        0.0027         3.8689         0.0027         0.0038         0.0219 
BAR-estimator:      0.45000        0.50000       -0.0318         3.8371        -0.0318         0.0036         0.0222 
BAR-estimator:      0.50000        0.55000       -0.0353         3.8018        -0.0353         0.0033         0.0224 
BAR-estimator:      0.55000        0.60000       -0.0544         3.7474        -0.0544         0.0033         0.0227 
BAR-estimator:      0.60000        0.65000       -0.0628         3.6846        -0.0628         0.0035         0.0229 
BAR-estimator:      0.65000        0.70000       -0.0769         3.6077        -0.0769         0.0032         0.0232 
BAR-estimator:      0.70000        0.75000       -0.0867         3.5210        -0.0867         0.0030         0.0234 
BAR-estimator:      0.75000        0.80000       -0.0924         3.4286        -0.0924         0.0033         0.0236 
BAR-estimator:      0.80000        0.85000       -0.1003         3.3282        -0.1003         0.0033         0.0238 
BAR-estimator:      0.85000        0.90000       -0.1121         3.2162        -0.1121         0.0034         0.0241 
BAR-estimator:      0.90000        0.95000       -0.1107         3.1055        -0.1107         0.0034         0.0243 
BAR-estimator:      0.95000        1.00000       -0.1180         2.9875        -0.1180         0.0035         0.0246 
BAR-estimator: total free energy change is 2.987521235469114 , total error is 0.024554461749527547
