#========================================================================================
#                     Free energy perturbation    
#----------------------------------------------------------------------------------------
#forward/backward          λ              ΔΔA                 ΔA                  δε   
#                                                 
#----------------------------------------------------------------------------------------
forward:               0.0000              0.0000              0.0000              0.0000  
forward:               0.0500              1.6094              1.6094              0.0282  
forward:               0.1000              0.8193              2.4287              0.0342  
forward:               0.1500              0.3832              2.8120              0.0360  
forward:               0.2000              0.1551              2.9671              0.0370  
forward:               0.2500              0.0392              3.0063              0.0376  
forward:               0.3000             -0.0426              2.9637              0.0381  
forward:               0.3500             -0.0868              2.8769              0.0383  
forward:               0.4000             -0.1384              2.7385              0.0385  
forward:               0.4500             -0.1573              2.5812              0.0387  
forward:               0.5000             -0.1811              2.4001              0.0390  
forward:               0.5500             -0.5158              1.8843              0.0395  
forward:               0.6000             -1.0362              0.8481              0.0404  
forward:               0.6500             -1.4767             -0.6286              0.0417  
forward:               0.7000             -1.8653             -2.4938              0.0426  
forward:               0.7500             -2.0738             -4.5676              0.0434  
forward:               0.8000             -2.1546             -6.7222              0.0441  
forward:               0.8500             -2.1545             -8.8767              0.0446  
forward:               0.9000             -2.1041            -10.9808              0.0450  
forward:               0.9500             -2.0467            -13.0275              0.0455  
forward:               1.0000             -1.9680            -14.9955              0.0458  
backward:              1.0000              0.0000            -14.9955              0.0000  
backward:              0.9500              1.9762            -13.0194              0.0083  
backward:              0.9000              2.0402            -10.9791              0.0117  
backward:              0.8500              2.1099             -8.8692              0.0145  
backward:              0.8000              2.1654             -6.7038              0.0164  
backward:              0.7500              2.1451             -4.5587              0.0187  
backward:              0.7000              2.0558             -2.5029              0.0212  
backward:              0.6500              1.8408             -0.6621              0.0232  
backward:              0.6000              1.4778              0.8157              0.0252  
backward:              0.5500              1.0285              1.8442              0.0266  
backward:              0.5000              0.5244              2.3686              0.0277  
backward:              0.4500              0.1862              2.5548              0.0281  
backward:              0.4000              0.1529              2.7077              0.0286  
backward:              0.3500              0.1235              2.8312              0.0293  
backward:              0.3000              0.0793              2.9106              0.0297  
backward:              0.2500              0.0431              2.9536              0.0303  
backward:              0.2000             -0.0437              2.9100              0.0313  
backward:              0.1500             -0.1592              2.7508              0.0345  
backward:              0.1000             -0.3387              2.4120              0.0368  
backward:              0.0500             -0.7918              1.6202              0.0434  
backward:              0.0000             -1.5971              0.0231              0.0573  
Inaccuracy estimation
======================================================================================================
                   i        i+δi          P0_overlap_P1   δε(forward)/ε   δε(backward)/ε
======================================================================================================
inaccuracy:  0.00000        0.05000           33.76           -0.04            1.98
inaccuracy:  0.05000        0.10000           47.17           -0.05            1.00
inaccuracy:  0.10000        0.15000           56.22           -0.02            0.49
inaccuracy:  0.15000        0.20000           65.33           -0.02            0.26
inaccuracy:  0.20000        0.25000           69.49           -0.02            0.17
inaccuracy:  0.25000        0.30000           72.80           -0.01            0.14
inaccuracy:  0.30000        0.35000           74.24           -0.01            0.10
inaccuracy:  0.35000        0.40000           76.17           -0.02            0.09
inaccuracy:  0.40000        0.45000           76.28           -0.01            0.08
inaccuracy:  0.45000        0.50000           75.59           -0.02            0.08
inaccuracy:  0.50000        0.55000           58.58           -0.20            0.19
inaccuracy:  0.55000        0.60000           59.18           -0.27            0.07
inaccuracy:  0.60000        0.65000           57.71           -0.32            0.01
inaccuracy:  0.65000        0.70000           60.40           -0.28           -0.03
inaccuracy:  0.70000        0.75000           60.64           -0.30           -0.05
inaccuracy:  0.75000        0.80000           60.44           -0.30           -0.06
inaccuracy:  0.80000        0.85000           59.50           -0.30           -0.07
inaccuracy:  0.85000        0.90000           58.82           -0.30           -0.06
inaccuracy:  0.90000        0.95000           57.39           -0.28           -0.03
inaccuracy:  0.95000        1.00000           56.65           -0.29           -0.02
===================================================================================================================================
                BAR        
-----------------------------------------------------------------------------------------------------------------------------------
BAR-estimator:         λ             λ+δλ          ΔΔA             ΔA            C               Δδe            δe       
                          
-----------------------------------------------------------------------------------------------------------------------------------
BAR-estimator:      0.00000        0.05000        1.6224         1.6224         1.6224         0.0135         0.0135 
BAR-estimator:      0.05000        0.10000        0.8153         2.4377         0.8153         0.0127         0.0185 
BAR-estimator:      0.10000        0.15000        0.3671         2.8048         0.3671         0.0074         0.0199 
BAR-estimator:      0.15000        0.20000        0.1515         2.9564         0.1515         0.0057         0.0208 
BAR-estimator:      0.20000        0.25000        0.0391         2.9955         0.0391         0.0045         0.0212 
BAR-estimator:      0.25000        0.30000       -0.0401         2.9554        -0.0401         0.0043         0.0217 
BAR-estimator:      0.30000        0.35000       -0.0826         2.8729        -0.0826         0.0035         0.0220 
BAR-estimator:      0.35000        0.40000       -0.1323         2.7406        -0.1323         0.0032         0.0222 
BAR-estimator:      0.40000        0.45000       -0.1544         2.5861        -0.1544         0.0031         0.0224 
BAR-estimator:      0.45000        0.50000       -0.1838         2.4023        -0.1838         0.0029         0.0226 
BAR-estimator:      0.50000        0.55000       -0.5197         1.8826        -0.5197         0.0045         0.0231 
BAR-estimator:      0.55000        0.60000       -1.0324         0.8503        -1.0324         0.0050         0.0236 
BAR-estimator:      0.60000        0.65000       -1.4808        -0.6305        -1.4808         0.0055         0.0242 
BAR-estimator:      0.65000        0.70000       -1.8506        -2.4811        -1.8506         0.0041         0.0246 
BAR-estimator:      0.70000        0.75000       -2.0707        -4.5518        -2.0707         0.0051         0.0251 
BAR-estimator:      0.75000        0.80000       -2.1545        -6.7064        -2.1545         0.0045         0.0255 
BAR-estimator:      0.80000        0.85000       -2.1596        -8.8660        -2.1596         0.0049         0.0259 
BAR-estimator:      0.85000        0.90000       -2.1070       -10.9730        -2.1070         0.0048         0.0264 
BAR-estimator:      0.90000        0.95000       -2.0441       -13.0171        -2.0441         0.0048         0.0268 
BAR-estimator:      0.95000        1.00000       -1.9668       -14.9839        -1.9668         0.0052         0.0273 
BAR-estimator: total free energy change is -14.983885317407257 , total error is 0.02733417415122166
