#========================================================================================
#                     Free energy perturbation    
#----------------------------------------------------------------------------------------
#forward/backward          λ              ΔΔA                 ΔA                  δε   
#                                                 
#----------------------------------------------------------------------------------------
forward:               0.0000              0.0000              0.0000              0.0000  
forward:               0.0500              4.1748              4.1748              0.0843  
forward:               0.1000              2.3564              6.5312              0.0953  
forward:               0.1500              1.0312              7.5624              0.1005  
forward:               0.2000              0.3510              7.9134              0.1020  
forward:               0.2500              0.0619              7.9753              0.1028  
forward:               0.3000             -0.1414              7.8339              0.1034  
forward:               0.3500             -0.2509              7.5830              0.1037  
forward:               0.4000             -0.3282              7.2548              0.1040  
forward:               0.4500             -0.3952              6.8596              0.1042  
forward:               0.5000             -0.4390              6.4205              0.1044  
forward:               0.5500             -0.7397              5.6809              0.1048  
forward:               0.6000             -1.1434              4.5374              0.1053  
forward:               0.6500             -1.4849              3.0525              0.1057  
forward:               0.7000             -1.7559              1.2966              0.1061  
forward:               0.7500             -1.9388             -0.6422              0.1067  
forward:               0.8000             -2.0465             -2.6887              0.1070  
forward:               0.8500             -2.0634             -4.7521              0.1072  
forward:               0.9000             -2.0692             -6.8213              0.1075  
forward:               0.9500             -2.0597             -8.8810              0.1077  
forward:               1.0000             -2.0495            -10.9305              0.1079  
backward:              1.0000              0.0000            -10.9305              0.0000  
backward:              0.9500              2.0202             -8.9103              0.0226  
backward:              0.9000              2.0549             -6.8553              0.0246  
backward:              0.8500              2.0598             -4.7955              0.0266  
backward:              0.8000              2.0692             -2.7263              0.0282  
backward:              0.7500              2.0172             -0.7091              0.0313  
backward:              0.7000              1.9409              1.2318              0.0334  
backward:              0.6500              1.7376              2.9693              0.0359  
backward:              0.6000              1.4684              4.4378              0.0378  
backward:              0.5500              1.1366              5.5744              0.0406  
backward:              0.5000              0.7075              6.2819              0.0423  
backward:              0.4500              0.4409              6.7228              0.0430  
backward:              0.4000              0.3999              7.1226              0.0438  
backward:              0.3500              0.3228              7.4454              0.0464  
backward:              0.3000              0.2669              7.7123              0.0476  
backward:              0.2500              0.1476              7.8600              0.0490  
backward:              0.2000             -0.0226              7.8374              0.0552  
backward:              0.1500             -0.3713              7.4661              0.0588  
backward:              0.1000             -0.9732              6.4929              0.0700  
backward:              0.0500             -2.1876              4.3054              0.0914  
backward:              0.0000             -4.0162              0.2892              0.1237  
Inaccuracy estimation
======================================================================================================
                   i        i+δi          P0_overlap_P1   δε(forward)/ε   δε(backward)/ε
======================================================================================================
inaccuracy:  0.00000        0.05000           13.94            0.81            6.62
inaccuracy:  0.05000        0.10000           21.02           -0.04            4.04
inaccuracy:  0.10000        0.15000           32.96           -0.17            1.87
inaccuracy:  0.15000        0.20000           46.24           -0.12            0.84
inaccuracy:  0.20000        0.25000           50.48           -0.10            0.52
inaccuracy:  0.25000        0.30000           56.53           -0.08            0.33
inaccuracy:  0.30000        0.35000           58.79           -0.08            0.28
inaccuracy:  0.35000        0.40000           60.24           -0.07            0.22
inaccuracy:  0.40000        0.45000           62.73           -0.08            0.19
inaccuracy:  0.45000        0.50000           62.88           -0.08            0.17
inaccuracy:  0.50000        0.55000           53.74           -0.23            0.23
inaccuracy:  0.55000        0.60000           53.87           -0.30            0.13
inaccuracy:  0.60000        0.65000           54.37           -0.33            0.06
inaccuracy:  0.65000        0.70000           55.23           -0.35            0.02
inaccuracy:  0.70000        0.75000           55.48           -0.39           -0.02
inaccuracy:  0.75000        0.80000           55.68           -0.34           -0.03
inaccuracy:  0.80000        0.85000           54.26           -0.35           -0.03
inaccuracy:  0.85000        0.90000           54.38           -0.31           -0.03
inaccuracy:  0.90000        0.95000           53.53           -0.33           -0.02
inaccuracy:  0.95000        1.00000           53.16           -0.33           -0.02
===================================================================================================================================
                BAR        
-----------------------------------------------------------------------------------------------------------------------------------
BAR-estimator:         λ             λ+δλ          ΔΔA             ΔA            C               Δδe            δe       
                          
-----------------------------------------------------------------------------------------------------------------------------------
BAR-estimator:      0.00000        0.05000        4.2528         4.2528         4.2528         0.0217         0.0217 
BAR-estimator:      0.05000        0.10000        2.3410         6.5938         2.3410         0.0184         0.0284 
BAR-estimator:      0.10000        0.15000        1.0213         7.6150         1.0213         0.0160         0.0326 
BAR-estimator:      0.15000        0.20000        0.3622         7.9772         0.3622         0.0103         0.0342 
BAR-estimator:      0.20000        0.25000        0.0475         8.0247         0.0475         0.0074         0.0350 
BAR-estimator:      0.25000        0.30000       -0.1397         7.8851        -0.1397         0.0072         0.0357 
BAR-estimator:      0.30000        0.35000       -0.2526         7.6324        -0.2526         0.0056         0.0362 
BAR-estimator:      0.35000        0.40000       -0.3343         7.2981        -0.3343         0.0042         0.0364 
BAR-estimator:      0.40000        0.45000       -0.3944         6.9037        -0.3944         0.0044         0.0367 
BAR-estimator:      0.45000        0.50000       -0.4415         6.4622        -0.4415         0.0042         0.0369 
BAR-estimator:      0.50000        0.55000       -0.7175         5.7447        -0.7175         0.0055         0.0373 
BAR-estimator:      0.55000        0.60000       -1.1431         4.6015        -1.1431         0.0052         0.0377 
BAR-estimator:      0.60000        0.65000       -1.4830         3.1185        -1.4830         0.0054         0.0381 
BAR-estimator:      0.65000        0.70000       -1.7508         1.3677        -1.7508         0.0054         0.0385 
BAR-estimator:      0.70000        0.75000       -1.9427        -0.5750        -1.9427         0.0056         0.0389 
BAR-estimator:      0.75000        0.80000       -2.0404        -2.6154        -2.0404         0.0048         0.0392 
BAR-estimator:      0.80000        0.85000       -2.0673        -4.6827        -2.0673         0.0053         0.0395 
BAR-estimator:      0.85000        0.90000       -2.0702        -6.7528        -2.0702         0.0063         0.0400 
BAR-estimator:      0.90000        0.95000       -2.0600        -8.8128        -2.0600         0.0072         0.0407 
BAR-estimator:      0.95000        1.00000       -2.0467       -10.8596        -2.0467         0.0050         0.0410 
BAR-estimator: total free energy change is -10.85958072050092 , total error is 0.04095719045330605
