#========================================================================================
#                     Free energy perturbation    
#----------------------------------------------------------------------------------------
#forward/backward          λ              ΔΔA                 ΔA                  δε   
#                                                 
#----------------------------------------------------------------------------------------
forward:               0.0000              0.0000              0.0000              0.0000  
forward:               0.0500              1.7973              1.7973              0.0251  
forward:               0.1000              1.0335              2.8308              0.0311  
forward:               0.1500              0.5295              3.3603              0.0334  
forward:               0.2000              0.2856              3.6459              0.0346  
forward:               0.2500              0.1480              3.7939              0.0353  
forward:               0.3000              0.0730              3.8669              0.0359  
forward:               0.3500              0.0174              3.8843              0.0364  
forward:               0.4000             -0.0225              3.8618              0.0367  
forward:               0.4500             -0.0508              3.8110              0.0371  
forward:               0.5000             -0.0857              3.7253              0.0373  
forward:               0.5500             -0.2152              3.5101              0.0379  
forward:               0.6000             -0.4573              3.0528              0.0387  
forward:               0.6500             -0.6530              2.3998              0.0398  
forward:               0.7000             -0.8429              1.5569              0.0407  
forward:               0.7500             -0.9653              0.5916              0.0413  
forward:               0.8000             -1.0119             -0.4203              0.0419  
forward:               0.8500             -1.0109             -1.4312              0.0423  
forward:               0.9000             -0.9998             -2.4311              0.0426  
forward:               0.9500             -0.9728             -3.4039              0.0428  
forward:               1.0000             -0.9557             -4.3596              0.0430  
backward:              1.0000              0.0000             -4.3596              0.0000  
backward:              0.9500              0.9400             -3.4196              0.0067  
backward:              0.9000              0.9702             -2.4494              0.0101  
backward:              0.8500              0.9876             -1.4618              0.0124  
backward:              0.8000              1.0090             -0.4528              0.0141  
backward:              0.7500              1.0009              0.5481              0.0159  
backward:              0.7000              0.9612              1.5093              0.0182  
backward:              0.6500              0.8159              2.3253              0.0208  
backward:              0.6000              0.6692              2.9944              0.0228  
backward:              0.5500              0.4394              3.4338              0.0252  
backward:              0.5000              0.2013              3.6351              0.0266  
backward:              0.4500              0.0760              3.7111              0.0270  
backward:              0.4000              0.0544              3.7655              0.0277  
backward:              0.3500              0.0281              3.7936              0.0284  
backward:              0.3000             -0.0042              3.7894              0.0290  
backward:              0.2500             -0.0647              3.7247              0.0299  
backward:              0.2000             -0.1519              3.5728              0.0312  
backward:              0.1500             -0.2822              3.2906              0.0347  
backward:              0.1000             -0.5198              2.7707              0.0381  
backward:              0.0500             -0.9452              1.8255              0.0469  
backward:              0.0000             -1.7383              0.0872              0.0582  
Inaccuracy estimation
======================================================================================================
                   i        i+δi          P0_overlap_P1   δε(forward)/ε   δε(backward)/ε
======================================================================================================
inaccuracy:  0.00000        0.05000           34.18           -0.02            1.98
inaccuracy:  0.05000        0.10000           42.68           -0.06            1.24
inaccuracy:  0.10000        0.15000           54.52           -0.03            0.59
inaccuracy:  0.15000        0.20000           61.94           -0.03            0.33
inaccuracy:  0.20000        0.25000           66.79           -0.02            0.23
inaccuracy:  0.25000        0.30000           68.81           -0.02            0.18
inaccuracy:  0.30000        0.35000           70.58           -0.01            0.15
inaccuracy:  0.35000        0.40000           71.49           -0.02            0.14
inaccuracy:  0.40000        0.45000           72.43           -0.02            0.12
inaccuracy:  0.45000        0.50000           74.17           -0.02            0.10
inaccuracy:  0.50000        0.55000           65.86           -0.09            0.16
inaccuracy:  0.55000        0.60000           66.23           -0.11            0.11
inaccuracy:  0.60000        0.65000           64.58           -0.14            0.08
inaccuracy:  0.65000        0.70000           66.98           -0.12            0.06
inaccuracy:  0.70000        0.75000           65.37           -0.11            0.05
inaccuracy:  0.75000        0.80000           66.31           -0.12            0.05
inaccuracy:  0.80000        0.85000           65.61           -0.13            0.06
inaccuracy:  0.85000        0.90000           65.04           -0.11            0.06
inaccuracy:  0.90000        0.95000           64.52           -0.11            0.07
inaccuracy:  0.95000        1.00000           65.20           -0.10            0.08
===================================================================================================================================
                BAR        
-----------------------------------------------------------------------------------------------------------------------------------
BAR-estimator:         λ             λ+δλ          ΔΔA             ΔA            C               Δδe            δe       
                          
-----------------------------------------------------------------------------------------------------------------------------------
BAR-estimator:      0.00000        0.05000        1.7821         1.7821         1.7821         0.0061         0.0061 
BAR-estimator:      0.05000        0.10000        1.0103         2.7925         1.0103         0.0104         0.0120 
BAR-estimator:      0.10000        0.15000        0.5276         3.3200         0.5276         0.0077         0.0143 
BAR-estimator:      0.15000        0.20000        0.2772         3.5973         0.2772         0.0060         0.0155 
BAR-estimator:      0.20000        0.25000        0.1467         3.7439         0.1467         0.0051         0.0163 
BAR-estimator:      0.25000        0.30000        0.0698         3.8137         0.0698         0.0048         0.0170 
BAR-estimator:      0.30000        0.35000        0.0141         3.8278         0.0141         0.0045         0.0176 
BAR-estimator:      0.35000        0.40000       -0.0222         3.8056        -0.0222         0.0041         0.0181 
BAR-estimator:      0.40000        0.45000       -0.0521         3.7534        -0.0521         0.0041         0.0185 
BAR-estimator:      0.45000        0.50000       -0.0830         3.6704        -0.0830         0.0033         0.0188 
BAR-estimator:      0.50000        0.55000       -0.2102         3.4602        -0.2102         0.0041         0.0193 
BAR-estimator:      0.55000        0.60000       -0.4499         3.0103        -0.4499         0.0049         0.0199 
BAR-estimator:      0.60000        0.65000       -0.6596         2.3508        -0.6596         0.0047         0.0204 
BAR-estimator:      0.65000        0.70000       -0.8269         1.5239        -0.8269         0.0050         0.0210 
BAR-estimator:      0.70000        0.75000       -0.9638         0.5601        -0.9638         0.0047         0.0216 
BAR-estimator:      0.75000        0.80000       -1.0052        -0.4451        -1.0052         0.0048         0.0221 
BAR-estimator:      0.80000        0.85000       -1.0114        -1.4566        -1.0114         0.0043         0.0225 
BAR-estimator:      0.85000        0.90000       -0.9963        -2.4529        -0.9963         0.0044         0.0229 
BAR-estimator:      0.90000        0.95000       -0.9733        -3.4261        -0.9733         0.0045         0.0234 
BAR-estimator:      0.95000        1.00000       -0.9492        -4.3753        -0.9492         0.0043         0.0238 
BAR-estimator: total free energy change is -4.3753312911536515 , total error is 0.023753422904242195
