#========================================================================================
#                     Free energy perturbation    
#----------------------------------------------------------------------------------------
#forward/backward          λ              ΔΔA                 ΔA                  δε   
#                                                 
#----------------------------------------------------------------------------------------
forward:               0.0000              0.0000              0.0000              0.0000  
forward:               0.0500              1.1846              1.1846              0.0187  
forward:               0.1000              0.7213              1.9059              0.0242  
forward:               0.1500              0.4141              2.3200              0.0261  
forward:               0.2000              0.2674              2.5874              0.0272  
forward:               0.2500              0.1799              2.7673              0.0280  
forward:               0.3000              0.1061              2.8734              0.0287  
forward:               0.3500              0.0742              2.9476              0.0290  
forward:               0.4000              0.0510              2.9985              0.0294  
forward:               0.4500              0.0407              3.0392              0.0297  
forward:               0.5000              0.0060              3.0453              0.0300  
forward:               0.5500              0.0102              3.0555              0.0304  
forward:               0.6000             -0.0146              3.0409              0.0306  
forward:               0.6500             -0.0123              3.0286              0.0309  
forward:               0.7000             -0.0188              3.0098              0.0311  
forward:               0.7500             -0.0264              2.9834              0.0313  
forward:               0.8000             -0.0419              2.9414              0.0315  
forward:               0.8500             -0.0445              2.8970              0.0316  
forward:               0.9000             -0.0476              2.8494              0.0318  
forward:               0.9500             -0.0507              2.7987              0.0321  
forward:               1.0000             -0.0562              2.7425              0.0323  
backward:              1.0000              0.0000              2.7425              0.0000  
backward:              0.9500              0.0537              2.7962              0.0039  
backward:              0.9000              0.0527              2.8489              0.0058  
backward:              0.8500              0.0490              2.8978              0.0070  
backward:              0.8000              0.0432              2.9411              0.0080  
backward:              0.7500              0.0393              2.9804              0.0092  
backward:              0.7000              0.0279              3.0083              0.0102  
backward:              0.6500              0.0266              3.0349              0.0111  
backward:              0.6000              0.0158              3.0507              0.0117  
backward:              0.5500             -0.0004              3.0502              0.0127  
backward:              0.5000             -0.0089              3.0413              0.0136  
backward:              0.4500             -0.0164              3.0249              0.0145  
backward:              0.4000             -0.0377              2.9872              0.0160  
backward:              0.3500             -0.0495              2.9377              0.0171  
backward:              0.3000             -0.0895              2.8482              0.0186  
backward:              0.2500             -0.1122              2.7360              0.0196  
backward:              0.2000             -0.1745              2.5615              0.0216  
backward:              0.1500             -0.2557              2.3058              0.0226  
backward:              0.1000             -0.4156              1.8902              0.0291  
backward:              0.0500             -0.6774              1.2128              0.0339  
backward:              0.0000             -1.1246              0.0883              0.0446  
Inaccuracy estimation
======================================================================================================
                   i        i+δi          P0_overlap_P1   δε(forward)/ε   δε(backward)/ε
======================================================================================================
inaccuracy:  0.00000        0.05000           43.63           -0.04            1.11
inaccuracy:  0.05000        0.10000           51.66           -0.03            0.72
inaccuracy:  0.10000        0.15000           61.75           -0.01            0.41
inaccuracy:  0.15000        0.20000           66.14           -0.02            0.26
inaccuracy:  0.20000        0.25000           69.81           -0.01            0.20
inaccuracy:  0.25000        0.30000           73.36           -0.01            0.16
inaccuracy:  0.30000        0.35000           75.12           -0.01            0.12
inaccuracy:  0.35000        0.40000           73.62           -0.01            0.12
inaccuracy:  0.40000        0.45000           74.55           -0.01            0.11
inaccuracy:  0.45000        0.50000           76.33           -0.01            0.10
inaccuracy:  0.50000        0.55000           75.43           -0.01            0.11
inaccuracy:  0.55000        0.60000           77.25           -0.01            0.09
inaccuracy:  0.60000        0.65000           75.07           -0.01            0.09
inaccuracy:  0.65000        0.70000           75.25           -0.01            0.09
inaccuracy:  0.70000        0.75000           76.67           -0.01            0.09
inaccuracy:  0.75000        0.80000           76.06           -0.01            0.09
inaccuracy:  0.80000        0.85000           76.78           -0.01            0.08
inaccuracy:  0.85000        0.90000           75.69           -0.01            0.08
inaccuracy:  0.90000        0.95000           75.50           -0.01            0.09
inaccuracy:  0.95000        1.00000           76.13           -0.01            0.09
===================================================================================================================================
                BAR        
-----------------------------------------------------------------------------------------------------------------------------------
BAR-estimator:         λ             λ+δλ          ΔΔA             ΔA            C               Δδe            δe       
                          
-----------------------------------------------------------------------------------------------------------------------------------
BAR-estimator:      0.00000        0.05000        1.1572         1.1572         1.1572         0.0108         0.0108 
BAR-estimator:      0.05000        0.10000        0.7071         1.8643         0.7071         0.0094         0.0144 
BAR-estimator:      0.10000        0.15000        0.4167         2.2810         0.4167         0.0070         0.0160 
BAR-estimator:      0.15000        0.20000        0.2643         2.5453         0.2643         0.0053         0.0168 
BAR-estimator:      0.20000        0.25000        0.1773         2.7226         0.1773         0.0044         0.0174 
BAR-estimator:      0.25000        0.30000        0.1125         2.8351         0.1125         0.0040         0.0178 
BAR-estimator:      0.30000        0.35000        0.0807         2.9157         0.0807         0.0035         0.0182 
BAR-estimator:      0.35000        0.40000        0.0486         2.9643         0.0486         0.0034         0.0185 
BAR-estimator:      0.40000        0.45000        0.0404         3.0047         0.0404         0.0032         0.0188 
BAR-estimator:      0.45000        0.50000        0.0103         3.0150         0.0103         0.0030         0.0190 
BAR-estimator:      0.50000        0.55000        0.0111         3.0260         0.0111         0.0032         0.0193 
BAR-estimator:      0.55000        0.60000       -0.0087         3.0173        -0.0087         0.0030         0.0195 
BAR-estimator:      0.60000        0.65000       -0.0149         3.0024        -0.0149         0.0027         0.0197 
BAR-estimator:      0.65000        0.70000       -0.0220         2.9805        -0.0220         0.0029         0.0199 
BAR-estimator:      0.70000        0.75000       -0.0260         2.9545        -0.0260         0.0028         0.0201 
BAR-estimator:      0.75000        0.80000       -0.0415         2.9130        -0.0415         0.0026         0.0203 
BAR-estimator:      0.80000        0.85000       -0.0433         2.8697        -0.0433         0.0028         0.0205 
BAR-estimator:      0.85000        0.90000       -0.0483         2.8213        -0.0483         0.0030         0.0207 
BAR-estimator:      0.90000        0.95000       -0.0517         2.7696        -0.0517         0.0035         0.0210 
BAR-estimator:      0.95000        1.00000       -0.0555         2.7141        -0.0555         0.0031         0.0212 
BAR-estimator: total free energy change is 2.7140901133021544 , total error is 0.02119207018037655
