#========================================================================================
#                     Free energy perturbation    
#----------------------------------------------------------------------------------------
#forward/backward          λ              ΔΔA                 ΔA                  δε   
#                                                 
#----------------------------------------------------------------------------------------
forward:               0.0000              0.0000              0.0000              0.0000  
forward:               0.0500              2.2094              2.2094              0.0305  
forward:               0.1000              1.3733              3.5826              0.0366  
forward:               0.1500              0.8178              4.4004              0.0408  
forward:               0.2000              0.4746              4.8750              0.0429  
forward:               0.2500              0.2820              5.1570              0.0445  
forward:               0.3000              0.1708              5.3278              0.0453  
forward:               0.3500              0.0923              5.4201              0.0459  
forward:               0.4000              0.0192              5.4393              0.0464  
forward:               0.4500             -0.0059              5.4334              0.0469  
forward:               0.5000             -0.0605              5.3729              0.0474  
forward:               0.5500             -0.0726              5.3003              0.0477  
forward:               0.6000             -0.1016              5.1987              0.0481  
forward:               0.6500             -0.1329              5.0658              0.0484  
forward:               0.7000             -0.1413              4.9244              0.0487  
forward:               0.7500             -0.1534              4.7710              0.0490  
forward:               0.8000             -0.1653              4.6057              0.0492  
forward:               0.8500             -0.1741              4.4316              0.0494  
forward:               0.9000             -0.1942              4.2374              0.0495  
forward:               0.9500             -0.1912              4.0462              0.0497  
forward:               1.0000             -0.2071              3.8391              0.0499  
backward:              1.0000              0.0000              3.8391              0.0000  
backward:              0.9500              0.2074              4.0465              0.0058  
backward:              0.9000              0.1828              4.2293              0.0086  
backward:              0.8500              0.1836              4.4129              0.0104  
backward:              0.8000              0.1762              4.5892              0.0125  
backward:              0.7500              0.1778              4.7670              0.0137  
backward:              0.7000              0.1486              4.9156              0.0151  
backward:              0.6500              0.1406              5.0562              0.0170  
backward:              0.6000              0.1168              5.1729              0.0182  
backward:              0.5500              0.1084              5.2813              0.0192  
backward:              0.5000              0.0746              5.3559              0.0204  
backward:              0.4500              0.0594              5.4152              0.0217  
backward:              0.4000              0.0067              5.4219              0.0230  
backward:              0.3500             -0.0274              5.3945              0.0245  
backward:              0.3000             -0.0762              5.3183              0.0257  
backward:              0.2500             -0.1685              5.1498              0.0284  
backward:              0.2000             -0.2806              4.8692              0.0317  
backward:              0.1500             -0.4708              4.3984              0.0355  
backward:              0.1000             -0.8225              3.5758              0.0477  
backward:              0.0500             -1.4536              2.1222              0.0704  
backward:              0.0000             -2.3477             -0.2255              0.1146  
Inaccuracy estimation
======================================================================================================
                   i        i+δi          P0_overlap_P1   δε(forward)/ε   δε(backward)/ε
======================================================================================================
inaccuracy:  0.00000        0.05000           28.72            0.02            2.85
inaccuracy:  0.05000        0.10000           38.99           -0.07            1.55
inaccuracy:  0.10000        0.15000           45.97           -0.05            0.97
inaccuracy:  0.15000        0.20000           53.82           -0.05            0.54
inaccuracy:  0.20000        0.25000           58.87           -0.04            0.38
inaccuracy:  0.25000        0.30000           61.18           -0.05            0.32
inaccuracy:  0.30000        0.35000           62.65           -0.04            0.26
inaccuracy:  0.35000        0.40000           65.62           -0.03            0.21
inaccuracy:  0.40000        0.45000           65.70           -0.03            0.19
inaccuracy:  0.45000        0.50000           66.57           -0.03            0.18
inaccuracy:  0.50000        0.55000           67.21           -0.03            0.17
inaccuracy:  0.55000        0.60000           67.38           -0.04            0.17
inaccuracy:  0.60000        0.65000           69.02           -0.03            0.14
inaccuracy:  0.65000        0.70000           68.07           -0.03            0.15
inaccuracy:  0.70000        0.75000           68.56           -0.03            0.14
inaccuracy:  0.75000        0.80000           67.71           -0.04            0.14
inaccuracy:  0.80000        0.85000           67.77           -0.04            0.14
inaccuracy:  0.85000        0.90000           68.15           -0.03            0.13
inaccuracy:  0.90000        0.95000           68.69           -0.05            0.13
inaccuracy:  0.95000        1.00000           68.44           -0.03            0.14
===================================================================================================================================
                BAR        
-----------------------------------------------------------------------------------------------------------------------------------
BAR-estimator:         λ             λ+δλ          ΔΔA             ΔA            C               Δδe            δe       
                          
-----------------------------------------------------------------------------------------------------------------------------------
BAR-estimator:      0.00000        0.05000        2.2743         2.2743         2.2743         0.0149         0.0149 
BAR-estimator:      0.05000        0.10000        1.3772         3.6515         1.3772         0.0114         0.0187 
BAR-estimator:      0.10000        0.15000        0.8206         4.4721         0.8206         0.0101         0.0213 
BAR-estimator:      0.15000        0.20000        0.4707         4.9428         0.4707         0.0077         0.0227 
BAR-estimator:      0.20000        0.25000        0.2848         5.2276         0.2848         0.0101         0.0248 
BAR-estimator:      0.25000        0.30000        0.1664         5.3940         0.1664         0.0053         0.0254 
BAR-estimator:      0.30000        0.35000        0.0882         5.4822         0.0882         0.0050         0.0259 
BAR-estimator:      0.35000        0.40000        0.0223         5.5044         0.0223         0.0045         0.0262 
BAR-estimator:      0.40000        0.45000       -0.0066         5.4979        -0.0066         0.0044         0.0266 
BAR-estimator:      0.45000        0.50000       -0.0607         5.4372        -0.0607         0.0047         0.0270 
BAR-estimator:      0.50000        0.55000       -0.0731         5.3641        -0.0731         0.0033         0.0272 
BAR-estimator:      0.55000        0.60000       -0.1000         5.2641        -0.1000         0.0040         0.0275 
BAR-estimator:      0.60000        0.65000       -0.1245         5.1396        -0.1245         0.0037         0.0278 
BAR-estimator:      0.65000        0.70000       -0.1414         4.9981        -0.1414         0.0037         0.0280 
BAR-estimator:      0.70000        0.75000       -0.1511         4.8471        -0.1511         0.0036         0.0282 
BAR-estimator:      0.75000        0.80000       -0.1684         4.6787        -0.1684         0.0038         0.0285 
BAR-estimator:      0.80000        0.85000       -0.1757         4.5030        -0.1757         0.0037         0.0287 
BAR-estimator:      0.85000        0.90000       -0.1896         4.3134        -0.1896         0.0039         0.0290 
BAR-estimator:      0.90000        0.95000       -0.1910         4.1223        -0.1910         0.0037         0.0292 
BAR-estimator:      0.95000        1.00000       -0.2040         3.9183        -0.2040         0.0036         0.0295 
BAR-estimator: total free energy change is 3.9183469302689926 , total error is 0.02945940139708
