#========================================================================================
#                     Free energy perturbation    
#----------------------------------------------------------------------------------------
#forward/backward          λ              ΔΔA                 ΔA                  δε   
#                                                 
#----------------------------------------------------------------------------------------
forward:               0.0000              0.0000              0.0000              0.0000  
forward:               0.0500              2.3042              2.3042              0.0263  
forward:               0.1000              1.4460              3.7503              0.0346  
forward:               0.1500              0.8283              4.5785              0.0389  
forward:               0.2000              0.4615              5.0400              0.0411  
forward:               0.2500              0.2405              5.2805              0.0425  
forward:               0.3000              0.1324              5.4129              0.0432  
forward:               0.3500              0.0367              5.4496              0.0438  
forward:               0.4000             -0.0048              5.4448              0.0443  
forward:               0.4500             -0.0663              5.3785              0.0447  
forward:               0.5000             -0.0938              5.2847              0.0451  
forward:               0.5500             -0.1942              5.0905              0.0454  
forward:               0.6000             -0.3797              4.7108              0.0457  
forward:               0.6500             -0.5550              4.1558              0.0464  
forward:               0.7000             -0.7300              3.4259              0.0474  
forward:               0.7500             -0.8199              2.6059              0.0481  
forward:               0.8000             -0.9001              1.7059              0.0502  
forward:               0.8500             -0.9077              0.7982              0.0506  
forward:               0.9000             -0.9027             -0.1046              0.0508  
forward:               0.9500             -0.8929             -0.9974              0.0512  
forward:               1.0000             -0.8778             -1.8752              0.0515  
backward:              1.0000              0.0000             -1.8752              0.0000  
backward:              0.9500              0.8677             -1.0075              0.0066  
backward:              0.9000              0.8863             -0.1213              0.0099  
backward:              0.8500              0.8965              0.7752              0.0128  
backward:              0.8000              0.9059              1.6811              0.0159  
backward:              0.7500              0.8997              2.5807              0.0184  
backward:              0.7000              0.8295              3.4102              0.0207  
backward:              0.6500              0.7229              4.1331              0.0223  
backward:              0.6000              0.5577              4.6908              0.0232  
backward:              0.5500              0.3826              5.0735              0.0252  
backward:              0.5000              0.2083              5.2818              0.0258  
backward:              0.4500              0.0901              5.3719              0.0268  
backward:              0.4000              0.0448              5.4167              0.0279  
backward:              0.3500              0.0193              5.4360              0.0293  
backward:              0.3000             -0.0416              5.3943              0.0306  
backward:              0.2500             -0.1174              5.2769              0.0320  
backward:              0.2000             -0.2746              5.0023              0.0361  
backward:              0.1500             -0.4999              4.5024              0.0418  
backward:              0.1000             -0.8402              3.6622              0.0505  
backward:              0.0500             -1.4325              2.2297              0.0577  
backward:              0.0000             -2.2520             -0.0223              0.0736  
Inaccuracy estimation
======================================================================================================
                   i        i+δi          P0_overlap_P1   δε(forward)/ε   δε(backward)/ε
======================================================================================================
inaccuracy:  0.00000        0.05000           28.00            0.05            2.80
inaccuracy:  0.05000        0.10000           38.15           -0.06            1.59
inaccuracy:  0.10000        0.15000           46.87           -0.06            0.95
inaccuracy:  0.15000        0.20000           55.37           -0.05            0.55
inaccuracy:  0.20000        0.25000           61.42           -0.04            0.35
inaccuracy:  0.25000        0.30000           62.87           -0.03            0.25
inaccuracy:  0.30000        0.35000           66.21           -0.02            0.20
inaccuracy:  0.35000        0.40000           66.21           -0.03            0.19
inaccuracy:  0.40000        0.45000           69.82           -0.03            0.14
inaccuracy:  0.45000        0.50000           69.24           -0.03            0.14
inaccuracy:  0.50000        0.55000           64.50           -0.10            0.17
inaccuracy:  0.55000        0.60000           64.32           -0.11            0.13
inaccuracy:  0.60000        0.65000           63.60           -0.12            0.12
inaccuracy:  0.65000        0.70000           63.80           -0.15            0.10
inaccuracy:  0.70000        0.75000           62.53           -0.13            0.09
inaccuracy:  0.75000        0.80000           63.85           -0.13            0.08
inaccuracy:  0.80000        0.85000           63.13           -0.12            0.08
inaccuracy:  0.85000        0.90000           64.08           -0.12            0.09
inaccuracy:  0.90000        0.95000           63.23           -0.10            0.10
inaccuracy:  0.95000        1.00000           63.06           -0.13            0.10
===================================================================================================================================
                BAR        
-----------------------------------------------------------------------------------------------------------------------------------
BAR-estimator:         λ             λ+δλ          ΔΔA             ΔA            C               Δδe            δe       
                          
-----------------------------------------------------------------------------------------------------------------------------------
BAR-estimator:      0.00000        0.05000        2.3080         2.3080         2.3080         0.0118         0.0118 
BAR-estimator:      0.05000        0.10000        1.4500         3.7580         1.4500         0.0110         0.0161 
BAR-estimator:      0.10000        0.15000        0.8363         4.5943         0.8363         0.0109         0.0194 
BAR-estimator:      0.15000        0.20000        0.4656         5.0599         0.4656         0.0087         0.0213 
BAR-estimator:      0.20000        0.25000        0.2463         5.3062         0.2463         0.0071         0.0224 
BAR-estimator:      0.25000        0.30000        0.1287         5.4349         0.1287         0.0059         0.0232 
BAR-estimator:      0.30000        0.35000        0.0369         5.4718         0.0369         0.0065         0.0241 
BAR-estimator:      0.35000        0.40000       -0.0132         5.4586        -0.0132         0.0046         0.0245 
BAR-estimator:      0.40000        0.45000       -0.0597         5.3989        -0.0597         0.0040         0.0248 
BAR-estimator:      0.45000        0.50000       -0.0922         5.3067        -0.0922         0.0039         0.0251 
BAR-estimator:      0.50000        0.55000       -0.2007         5.1060        -0.2007         0.0038         0.0254 
BAR-estimator:      0.55000        0.60000       -0.3859         4.7201        -0.3859         0.0044         0.0258 
BAR-estimator:      0.60000        0.65000       -0.5549         4.1652        -0.5549         0.0047         0.0262 
BAR-estimator:      0.65000        0.70000       -0.7274         3.4378        -0.7274         0.0053         0.0267 
BAR-estimator:      0.70000        0.75000       -0.8231         2.6146        -0.8231         0.0053         0.0273 
BAR-estimator:      0.75000        0.80000       -0.9004         1.7142        -0.9004         0.0059         0.0279 
BAR-estimator:      0.80000        0.85000       -0.9121         0.8021        -0.9121         0.0049         0.0283 
BAR-estimator:      0.85000        0.90000       -0.9001        -0.0980        -0.9001         0.0044         0.0286 
BAR-estimator:      0.90000        0.95000       -0.8880        -0.9860        -0.8880         0.0049         0.0291 
BAR-estimator:      0.95000        1.00000       -0.8753        -1.8613        -0.8753         0.0038         0.0293 
BAR-estimator: total free energy change is -1.861261553577826 , total error is 0.02931018821153961
