#========================================================================================
#                     Free energy perturbation    
#----------------------------------------------------------------------------------------
#forward/backward          λ              ΔΔA                 ΔA                  δε   
#                                                 
#----------------------------------------------------------------------------------------
forward:               0.0000              0.0000              0.0000              0.0000  
forward:               0.0500              2.7654              2.7654              0.0444  
forward:               0.1000              1.4732              4.2386              0.0515  
forward:               0.1500              0.6282              4.8669              0.0543  
forward:               0.2000              0.2414              5.1083              0.0553  
forward:               0.2500              0.0842              5.1925              0.0559  
forward:               0.3000             -0.0167              5.1758              0.0562  
forward:               0.3500             -0.0889              5.0869              0.0566  
forward:               0.4000             -0.1453              4.9416              0.0569  
forward:               0.4500             -0.1653              4.7763              0.0571  
forward:               0.5000             -0.2057              4.5706              0.0573  
forward:               0.5500             -0.2986              4.2720              0.0577  
forward:               0.6000             -0.5062              3.7658              0.0580  
forward:               0.6500             -0.6674              3.0984              0.0583  
forward:               0.7000             -0.8047              2.2937              0.0586  
forward:               0.7500             -0.9305              1.3633              0.0589  
forward:               0.8000             -1.0261              0.3372              0.0592  
forward:               0.8500             -1.0982             -0.7610              0.0594  
forward:               0.9000             -1.1734             -1.9344              0.0597  
forward:               0.9500             -1.2192             -3.1536              0.0599  
forward:               1.0000             -1.2648             -4.4184              0.0601  
backward:              1.0000              0.0000             -4.4184              0.0000  
backward:              0.9500              1.2461             -3.1723              0.0064  
backward:              0.9000              1.1941             -1.9782              0.0088  
backward:              0.8500              1.1611             -0.8171              0.0108  
backward:              0.8000              1.0889              0.2718              0.0131  
backward:              0.7500              1.0086              1.2804              0.0147  
backward:              0.7000              0.9105              2.1909              0.0162  
backward:              0.6500              0.8196              3.0105              0.0172  
backward:              0.6000              0.6698              3.6803              0.0185  
backward:              0.5500              0.4997              4.1800              0.0199  
backward:              0.5000              0.2851              4.4651              0.0213  
backward:              0.4500              0.2020              4.6671              0.0220  
backward:              0.4000              0.1715              4.8387              0.0231  
backward:              0.3500              0.1389              4.9775              0.0242  
backward:              0.3000              0.0788              5.0563              0.0251  
backward:              0.2500             -0.0030              5.0533              0.0281  
backward:              0.2000             -0.0688              4.9845              0.0301  
backward:              0.1500             -0.2715              4.7130              0.0336  
backward:              0.1000             -0.6532              4.0598              0.0472  
backward:              0.0500             -1.2878              2.7720              0.0581  
backward:              0.0000             -2.7275              0.0445              0.0894  
Inaccuracy estimation
======================================================================================================
                   i        i+δi          P0_overlap_P1   δε(forward)/ε   δε(backward)/ε
======================================================================================================
inaccuracy:  0.00000        0.05000           23.46            0.15            3.60
inaccuracy:  0.05000        0.10000           31.81           -0.08            2.24
inaccuracy:  0.10000        0.15000           47.11           -0.04            0.93
inaccuracy:  0.15000        0.20000           59.66           -0.03            0.40
inaccuracy:  0.20000        0.25000           62.87           -0.03            0.27
inaccuracy:  0.25000        0.30000           67.40           -0.02            0.19
inaccuracy:  0.30000        0.35000           68.71           -0.03            0.15
inaccuracy:  0.35000        0.40000           70.57           -0.02            0.14
inaccuracy:  0.40000        0.45000           69.70           -0.03            0.11
inaccuracy:  0.45000        0.50000           71.55           -0.02            0.11
inaccuracy:  0.50000        0.55000           64.58           -0.09            0.15
inaccuracy:  0.55000        0.60000           66.03           -0.09            0.11
inaccuracy:  0.60000        0.65000           65.67           -0.10            0.08
inaccuracy:  0.65000        0.70000           66.17           -0.10            0.07
inaccuracy:  0.70000        0.75000           67.95           -0.09            0.05
inaccuracy:  0.75000        0.80000           67.94           -0.10            0.04
inaccuracy:  0.80000        0.85000           66.84           -0.11            0.04
inaccuracy:  0.85000        0.90000           68.00           -0.10            0.03
inaccuracy:  0.90000        0.95000           67.98           -0.11            0.03
inaccuracy:  0.95000        1.00000           67.20           -0.12            0.02
===================================================================================================================================
                BAR        
-----------------------------------------------------------------------------------------------------------------------------------
BAR-estimator:         λ             λ+δλ          ΔΔA             ΔA            C               Δδe            δe       
                          
-----------------------------------------------------------------------------------------------------------------------------------
BAR-estimator:      0.00000        0.05000        2.7833         2.7833         2.7833         0.0171         0.0171 
BAR-estimator:      0.05000        0.10000        1.4495         4.2329         1.4495         0.0132         0.0216 
BAR-estimator:      0.10000        0.15000        0.6379         4.8708         0.6379         0.0125         0.0250 
BAR-estimator:      0.15000        0.20000        0.2493         5.1201         0.2493         0.0072         0.0260 
BAR-estimator:      0.20000        0.25000        0.0790         5.1991         0.0790         0.0053         0.0265 
BAR-estimator:      0.25000        0.30000       -0.0164         5.1826        -0.0164         0.0045         0.0269 
BAR-estimator:      0.30000        0.35000       -0.0859         5.0967        -0.0859         0.0040         0.0272 
BAR-estimator:      0.35000        0.40000       -0.1444         4.9523        -0.1444         0.0042         0.0275 
BAR-estimator:      0.40000        0.45000       -0.1715         4.7809        -0.1715         0.0036         0.0278 
BAR-estimator:      0.45000        0.50000       -0.2052         4.5757        -0.2052         0.0033         0.0279 
BAR-estimator:      0.50000        0.55000       -0.2944         4.2813        -0.2944         0.0044         0.0283 
BAR-estimator:      0.55000        0.60000       -0.5061         3.7751        -0.5061         0.0037         0.0285 
BAR-estimator:      0.60000        0.65000       -0.6666         3.1086        -0.6666         0.0037         0.0288 
BAR-estimator:      0.65000        0.70000       -0.8097         2.2988        -0.8097         0.0038         0.0290 
BAR-estimator:      0.70000        0.75000       -0.9208         1.3781        -0.9208         0.0043         0.0294 
BAR-estimator:      0.75000        0.80000       -1.0194         0.3587        -1.0194         0.0042         0.0296 
BAR-estimator:      0.80000        0.85000       -1.0976        -0.7389        -1.0976         0.0037         0.0299 
BAR-estimator:      0.85000        0.90000       -1.1623        -1.9012        -1.1623         0.0042         0.0302 
BAR-estimator:      0.90000        0.95000       -1.2107        -3.1119        -1.2107         0.0041         0.0305 
BAR-estimator:      0.95000        1.00000       -1.2583        -4.3702        -1.2583         0.0041         0.0307 
BAR-estimator: total free energy change is -4.37023319717423 , total error is 0.030730600328446486
