#========================================================================================
#                     Free energy perturbation    
#----------------------------------------------------------------------------------------
#forward/backward          λ              ΔΔA                 ΔA                  δε   
#                                                 
#----------------------------------------------------------------------------------------
forward:               0.0000              0.0000              0.0000              0.0000  
forward:               0.0500              2.0022              2.0022              0.0276  
forward:               0.1000              1.1105              3.1127              0.0326  
forward:               0.1500              0.5945              3.7072              0.0362  
forward:               0.2000              0.2856              3.9928              0.0377  
forward:               0.2500              0.1474              4.1402              0.0385  
forward:               0.3000              0.0556              4.1957              0.0390  
forward:               0.3500             -0.0019              4.1938              0.0395  
forward:               0.4000             -0.0357              4.1581              0.0398  
forward:               0.4500             -0.0770              4.0811              0.0401  
forward:               0.5000             -0.1010              3.9801              0.0404  
forward:               0.5500             -0.2231              3.7570              0.0409  
forward:               0.6000             -0.4606              3.2964              0.0415  
forward:               0.6500             -0.6574              2.6391              0.0423  
forward:               0.7000             -0.8226              1.8165              0.0430  
forward:               0.7500             -0.9420              0.8744              0.0436  
forward:               0.8000             -1.0151             -0.1407              0.0441  
forward:               0.8500             -1.0314             -1.1720              0.0446  
forward:               0.9000             -1.0432             -2.2152              0.0463  
forward:               0.9500             -1.0289             -3.2441              0.0465  
forward:               1.0000             -1.0101             -4.2543              0.0468  
backward:              1.0000              0.0000             -4.2543              0.0000  
backward:              0.9500              1.0092             -3.2451              0.0069  
backward:              0.9000              1.0350             -2.2101              0.0106  
backward:              0.8500              1.0460             -1.1641              0.0126  
backward:              0.8000              1.0315             -0.1325              0.0142  
backward:              0.7500              1.0122              0.8797              0.0161  
backward:              0.7000              0.9275              1.8072              0.0178  
backward:              0.6500              0.8121              2.6193              0.0197  
backward:              0.6000              0.6390              3.2584              0.0213  
backward:              0.5500              0.4400              3.6983              0.0231  
backward:              0.5000              0.2301              3.9285              0.0243  
backward:              0.4500              0.0915              4.0200              0.0249  
backward:              0.4000              0.0672              4.0871              0.0256  
backward:              0.3500              0.0474              4.1346              0.0263  
backward:              0.3000              0.0007              4.1353              0.0270  
backward:              0.2500             -0.0613              4.0740              0.0281  
backward:              0.2000             -0.1531              3.9208              0.0297  
backward:              0.1500             -0.2986              3.6222              0.0320  
backward:              0.1000             -0.5919              3.0303              0.0382  
backward:              0.0500             -1.1522              1.8781              0.0517  
backward:              0.0000             -1.9480             -0.0699              0.0638  
Inaccuracy estimation
======================================================================================================
                   i        i+δi          P0_overlap_P1   δε(forward)/ε   δε(backward)/ε
======================================================================================================
inaccuracy:  0.00000        0.05000           30.43           -0.01            2.33
inaccuracy:  0.05000        0.10000           42.51           -0.06            1.31
inaccuracy:  0.10000        0.15000           52.58           -0.04            0.70
inaccuracy:  0.15000        0.20000           61.57           -0.02            0.37
inaccuracy:  0.20000        0.25000           65.47           -0.01            0.26
inaccuracy:  0.25000        0.30000           68.42           -0.02            0.19
inaccuracy:  0.30000        0.35000           70.09           -0.01            0.16
inaccuracy:  0.35000        0.40000           70.67           -0.02            0.14
inaccuracy:  0.40000        0.45000           72.60           -0.02            0.12
inaccuracy:  0.45000        0.50000           73.27           -0.02            0.11
inaccuracy:  0.50000        0.55000           64.02           -0.11            0.16
inaccuracy:  0.55000        0.60000           66.45           -0.10            0.11
inaccuracy:  0.60000        0.65000           65.97           -0.12            0.09
inaccuracy:  0.65000        0.70000           65.36           -0.12            0.07
inaccuracy:  0.70000        0.75000           66.24           -0.10            0.06
inaccuracy:  0.75000        0.80000           65.26           -0.11            0.05
inaccuracy:  0.80000        0.85000           64.97           -0.09            0.06
inaccuracy:  0.85000        0.90000           64.59           -0.12            0.06
inaccuracy:  0.90000        0.95000           64.52           -0.11            0.07
inaccuracy:  0.95000        1.00000           64.20           -0.12            0.07
===================================================================================================================================
                BAR        
-----------------------------------------------------------------------------------------------------------------------------------
BAR-estimator:         λ             λ+δλ          ΔΔA             ΔA            C               Δδe            δe       
                          
-----------------------------------------------------------------------------------------------------------------------------------
BAR-estimator:      0.00000        0.05000        1.9937         1.9937         1.9937         0.0137         0.0137 
BAR-estimator:      0.05000        0.10000        1.1234         3.1170         1.1234         0.0114         0.0178 
BAR-estimator:      0.10000        0.15000        0.5966         3.7137         0.5966         0.0097         0.0203 
BAR-estimator:      0.15000        0.20000        0.2944         4.0081         0.2944         0.0076         0.0217 
BAR-estimator:      0.20000        0.25000        0.1534         4.1615         0.1534         0.0054         0.0223 
BAR-estimator:      0.25000        0.30000        0.0624         4.2239         0.0624         0.0045         0.0228 
BAR-estimator:      0.30000        0.35000       -0.0010         4.2229        -0.0010         0.0044         0.0232 
BAR-estimator:      0.35000        0.40000       -0.0389         4.1840        -0.0389         0.0038         0.0235 
BAR-estimator:      0.40000        0.45000       -0.0697         4.1143        -0.0697         0.0042         0.0239 
BAR-estimator:      0.45000        0.50000       -0.0977         4.0166        -0.0977         0.0032         0.0241 
BAR-estimator:      0.50000        0.55000       -0.2313         3.7853        -0.2313         0.0044         0.0245 
BAR-estimator:      0.55000        0.60000       -0.4509         3.3344        -0.4509         0.0045         0.0249 
BAR-estimator:      0.60000        0.65000       -0.6496         2.6848        -0.6496         0.0049         0.0253 
BAR-estimator:      0.65000        0.70000       -0.8162         1.8686        -0.8162         0.0045         0.0257 
BAR-estimator:      0.70000        0.75000       -0.9323         0.9364        -0.9323         0.0046         0.0261 
BAR-estimator:      0.75000        0.80000       -1.0138        -0.0774        -1.0138         0.0044         0.0265 
BAR-estimator:      0.80000        0.85000       -1.0259        -1.1033        -1.0259         0.0039         0.0268 
BAR-estimator:      0.85000        0.90000       -1.0434        -2.1467        -1.0434         0.0049         0.0272 
BAR-estimator:      0.90000        0.95000       -1.0294        -3.1762        -1.0294         0.0046         0.0276 
BAR-estimator:      0.95000        1.00000       -1.0090        -4.1852        -1.0090         0.0047         0.0280 
BAR-estimator: total free energy change is -4.185195049407657 , total error is 0.028034246270699628
