#========================================================================================
#                     Free energy perturbation    
#----------------------------------------------------------------------------------------
#forward/backward          λ              ΔΔA                 ΔA                  δε   
#                                                 
#----------------------------------------------------------------------------------------
forward:               0.0000              0.0000              0.0000              0.0000  
forward:               0.0500              2.4003              2.4003              0.0394  
forward:               0.1000              1.1994              3.5997              0.0446  
forward:               0.1500              0.5777              4.1774              0.0471  
forward:               0.2000              0.2697              4.4471              0.0482  
forward:               0.2500              0.1238              4.5709              0.0484  
forward:               0.3000              0.0120              4.5829              0.0489  
forward:               0.3500             -0.0550              4.5280              0.0492  
forward:               0.4000             -0.0977              4.4302              0.0495  
forward:               0.4500             -0.1258              4.3045              0.0498  
forward:               0.5000             -0.1549              4.1496              0.0502  
forward:               0.5500             -0.2975              3.8521              0.0507  
forward:               0.6000             -0.5995              3.2526              0.0514  
forward:               0.6500             -0.8525              2.4001              0.0523  
forward:               0.7000             -1.0922              1.3079              0.0529  
forward:               0.7500             -1.2728              0.0351              0.0534  
forward:               0.8000             -1.4037             -1.3685              0.0539  
forward:               0.8500             -1.4722             -2.8407              0.0542  
forward:               0.9000             -1.5345             -4.3752              0.0547  
forward:               0.9500             -1.5686             -5.9438              0.0550  
forward:               1.0000             -1.5761             -7.5199              0.0553  
backward:              1.0000              0.0000             -7.5199              0.0000  
backward:              0.9500              1.5823             -5.9376              0.0082  
backward:              0.9000              1.5680             -4.3696              0.0114  
backward:              0.8500              1.5347             -2.8349              0.0135  
backward:              0.8000              1.4758             -1.3591              0.0159  
backward:              0.7500              1.3840              0.0248              0.0180  
backward:              0.7000              1.2741              1.2990              0.0197  
backward:              0.6500              1.0927              2.3917              0.0212  
backward:              0.6000              0.8671              3.2587              0.0236  
backward:              0.5500              0.5910              3.8498              0.0251  
backward:              0.5000              0.2794              4.1292              0.0275  
backward:              0.4500              0.1556              4.2848              0.0283  
backward:              0.4000              0.1284              4.4132              0.0289  
backward:              0.3500              0.0961              4.5093              0.0297  
backward:              0.3000              0.0404              4.5497              0.0307  
backward:              0.2500             -0.0135              4.5362              0.0319  
backward:              0.2000             -0.1603              4.3759              0.0375  
backward:              0.1500             -0.2801              4.0958              0.0406  
backward:              0.1000             -0.5685              3.5273              0.0457  
backward:              0.0500             -1.1751              2.3522              0.0577  
backward:              0.0000             -2.2942              0.0581              0.0776  
Inaccuracy estimation
======================================================================================================
                   i        i+δi          P0_overlap_P1   δε(forward)/ε   δε(backward)/ε
======================================================================================================
inaccuracy:  0.00000        0.05000           25.17            0.06            3.08
inaccuracy:  0.05000        0.10000           38.38           -0.06            1.57
inaccuracy:  0.10000        0.15000           50.68           -0.04            0.73
inaccuracy:  0.15000        0.20000           59.84           -0.02            0.39
inaccuracy:  0.20000        0.25000           63.80           -0.03            0.26
inaccuracy:  0.25000        0.30000           67.39           -0.02            0.19
inaccuracy:  0.30000        0.35000           69.41           -0.02            0.15
inaccuracy:  0.35000        0.40000           70.50           -0.02            0.14
inaccuracy:  0.40000        0.45000           70.63           -0.03            0.13
inaccuracy:  0.45000        0.50000           70.99           -0.02            0.11
inaccuracy:  0.50000        0.55000           61.88           -0.12            0.17
inaccuracy:  0.55000        0.60000           62.91           -0.14            0.12
inaccuracy:  0.60000        0.65000           61.55           -0.18            0.08
inaccuracy:  0.65000        0.70000           62.59           -0.15            0.05
inaccuracy:  0.70000        0.75000           63.41           -0.17            0.03
inaccuracy:  0.75000        0.80000           64.01           -0.17            0.02
inaccuracy:  0.80000        0.85000           62.41           -0.18            0.01
inaccuracy:  0.85000        0.90000           63.00           -0.18            0.01
inaccuracy:  0.90000        0.95000           63.12           -0.17            0.00
inaccuracy:  0.95000        1.00000           62.29           -0.17            0.00
===================================================================================================================================
                BAR        
-----------------------------------------------------------------------------------------------------------------------------------
BAR-estimator:         λ             λ+δλ          ΔΔA             ΔA            C               Δδe            δe       
                          
-----------------------------------------------------------------------------------------------------------------------------------
BAR-estimator:      0.00000        0.05000        2.3570         2.3570         2.3570         0.0152         0.0152 
BAR-estimator:      0.05000        0.10000        1.1844         3.5415         1.1844         0.0121         0.0194 
BAR-estimator:      0.10000        0.15000        0.5816         4.1231         0.5816         0.0094         0.0216 
BAR-estimator:      0.15000        0.20000        0.2728         4.3958         0.2728         0.0063         0.0225 
BAR-estimator:      0.20000        0.25000        0.1259         4.5217         0.1259         0.0055         0.0232 
BAR-estimator:      0.25000        0.30000        0.0130         4.5347         0.0130         0.0048         0.0237 
BAR-estimator:      0.30000        0.35000       -0.0503         4.4843        -0.0503         0.0040         0.0240 
BAR-estimator:      0.35000        0.40000       -0.0937         4.3907        -0.0937         0.0037         0.0243 
BAR-estimator:      0.40000        0.45000       -0.1241         4.2666        -0.1241         0.0039         0.0246 
BAR-estimator:      0.45000        0.50000       -0.1578         4.1087        -0.1578         0.0035         0.0248 
BAR-estimator:      0.50000        0.55000       -0.2934         3.8154        -0.2934         0.0047         0.0253 
BAR-estimator:      0.55000        0.60000       -0.5935         3.2218        -0.5935         0.0049         0.0257 
BAR-estimator:      0.60000        0.65000       -0.8610         2.3608        -0.8610         0.0056         0.0263 
BAR-estimator:      0.65000        0.70000       -1.0925         1.2684        -1.0925         0.0051         0.0268 
BAR-estimator:      0.70000        0.75000       -1.2740        -0.0056        -1.2740         0.0048         0.0273 
BAR-estimator:      0.75000        0.80000       -1.3989        -1.4045        -1.3989         0.0046         0.0276 
BAR-estimator:      0.80000        0.85000       -1.4780        -2.8826        -1.4780         0.0049         0.0281 
BAR-estimator:      0.85000        0.90000       -1.5361        -4.4187        -1.5361         0.0054         0.0286 
BAR-estimator:      0.90000        0.95000       -1.5701        -5.9888        -1.5701         0.0049         0.0290 
BAR-estimator:      0.95000        1.00000       -1.5752        -7.5640        -1.5752         0.0047         0.0294 
BAR-estimator: total free energy change is -7.564033278719876 , total error is 0.029374215348427157
