#========================================================================================
#                     Free energy perturbation    
#----------------------------------------------------------------------------------------
#forward/backward          λ              ΔΔA                 ΔA                  δε   
#                                                 
#----------------------------------------------------------------------------------------
forward:               0.0000              0.0000              0.0000              0.0000  
forward:               0.0500              1.6244              1.6244              0.0279  
forward:               0.1000              0.8684              2.4928              0.0327  
forward:               0.1500              0.4832              2.9760              0.0346  
forward:               0.2000              0.2460              3.2220              0.0356  
forward:               0.2500              0.1339              3.3559              0.0363  
forward:               0.3000              0.0743              3.4302              0.0368  
forward:               0.3500              0.0227              3.4529              0.0373  
forward:               0.4000             -0.0151              3.4378              0.0376  
forward:               0.4500             -0.0239              3.4139              0.0379  
forward:               0.5000             -0.0531              3.3609              0.0382  
forward:               0.5500             -0.1368              3.2241              0.0387  
forward:               0.6000             -0.2980              2.9261              0.0390  
forward:               0.6500             -0.4428              2.4833              0.0397  
forward:               0.7000             -0.5801              1.9032              0.0402  
forward:               0.7500             -0.6875              1.2157              0.0407  
forward:               0.8000             -0.7517              0.4640              0.0411  
forward:               0.8500             -0.7947             -0.3306              0.0414  
forward:               0.9000             -0.8076             -1.1382              0.0416  
forward:               0.9500             -0.8055             -1.9437              0.0418  
forward:               1.0000             -0.7971             -2.7408              0.0421  
backward:              1.0000              0.0000             -2.7408              0.0000  
backward:              0.9500              0.8135             -1.9273              0.0060  
backward:              0.9000              0.7926             -1.1347              0.0084  
backward:              0.8500              0.7918             -0.3429              0.0104  
backward:              0.8000              0.7881              0.4452              0.0119  
backward:              0.7500              0.7584              1.2036              0.0132  
backward:              0.7000              0.6761              1.8797              0.0151  
backward:              0.6500              0.5927              2.4725              0.0167  
backward:              0.6000              0.4493              2.9218              0.0179  
backward:              0.5500              0.2950              3.2169              0.0193  
backward:              0.5000              0.1331              3.3500              0.0202  
backward:              0.4500              0.0666              3.4166              0.0210  
backward:              0.4000              0.0322              3.4487              0.0217  
backward:              0.3500              0.0038              3.4525              0.0226  
backward:              0.3000             -0.0301              3.4225              0.0236  
backward:              0.2500             -0.0674              3.3551              0.0248  
backward:              0.2000             -0.1482              3.2068              0.0262  
backward:              0.1500             -0.2535              2.9533              0.0307  
backward:              0.1000             -0.4423              2.5110              0.0349  
backward:              0.0500             -0.8838              1.6272              0.0431  
backward:              0.0000             -1.5892              0.0380              0.0568  
Inaccuracy estimation
======================================================================================================
                   i        i+δi          P0_overlap_P1   δε(forward)/ε   δε(backward)/ε
======================================================================================================
inaccuracy:  0.00000        0.05000           35.84           -0.04            1.73
inaccuracy:  0.05000        0.10000           47.74           -0.03            1.00
inaccuracy:  0.10000        0.15000           56.85           -0.02            0.54
inaccuracy:  0.15000        0.20000           64.66           -0.02            0.30
inaccuracy:  0.20000        0.25000           69.05           -0.02            0.19
inaccuracy:  0.25000        0.30000           69.55           -0.01            0.17
inaccuracy:  0.30000        0.35000           72.27           -0.02            0.14
inaccuracy:  0.35000        0.40000           73.70           -0.02            0.11
inaccuracy:  0.40000        0.45000           72.51           -0.01            0.11
inaccuracy:  0.45000        0.50000           73.21           -0.02            0.11
inaccuracy:  0.50000        0.55000           69.02           -0.06            0.13
inaccuracy:  0.55000        0.60000           68.12           -0.07            0.10
inaccuracy:  0.60000        0.65000           67.78           -0.08            0.10
inaccuracy:  0.65000        0.70000           67.88           -0.09            0.08
inaccuracy:  0.70000        0.75000           68.73           -0.07            0.06
inaccuracy:  0.75000        0.80000           68.95           -0.08            0.06
inaccuracy:  0.80000        0.85000           69.77           -0.07            0.05
inaccuracy:  0.85000        0.90000           69.63           -0.07            0.06
inaccuracy:  0.90000        0.95000           69.75           -0.07            0.06
inaccuracy:  0.95000        1.00000           67.77           -0.07            0.06
===================================================================================================================================
                BAR        
-----------------------------------------------------------------------------------------------------------------------------------
BAR-estimator:         λ             λ+δλ          ΔΔA             ΔA            C               Δδe            δe       
                          
-----------------------------------------------------------------------------------------------------------------------------------
BAR-estimator:      0.00000        0.05000        1.6104         1.6104         1.6104         0.0132         0.0132 
BAR-estimator:      0.05000        0.10000        0.8767         2.4872         0.8767         0.0104         0.0167 
BAR-estimator:      0.10000        0.15000        0.4712         2.9584         0.4712         0.0069         0.0181 
BAR-estimator:      0.15000        0.20000        0.2492         3.2076         0.2492         0.0054         0.0189 
BAR-estimator:      0.20000        0.25000        0.1389         3.3465         0.1389         0.0049         0.0195 
BAR-estimator:      0.25000        0.30000        0.0725         3.4189         0.0725         0.0045         0.0200 
BAR-estimator:      0.30000        0.35000        0.0254         3.4444         0.0254         0.0038         0.0204 
BAR-estimator:      0.35000        0.40000       -0.0121         3.4322        -0.0121         0.0037         0.0207 
BAR-estimator:      0.40000        0.45000       -0.0284         3.4038        -0.0284         0.0034         0.0210 
BAR-estimator:      0.45000        0.50000       -0.0590         3.3448        -0.0590         0.0033         0.0213 
BAR-estimator:      0.50000        0.55000       -0.1303         3.2145        -0.1303         0.0038         0.0216 
BAR-estimator:      0.55000        0.60000       -0.3005         2.9140        -0.3005         0.0037         0.0219 
BAR-estimator:      0.60000        0.65000       -0.4395         2.4745        -0.4395         0.0041         0.0223 
BAR-estimator:      0.65000        0.70000       -0.5852         1.8893        -0.5852         0.0040         0.0226 
BAR-estimator:      0.70000        0.75000       -0.6842         1.2052        -0.6842         0.0038         0.0230 
BAR-estimator:      0.75000        0.80000       -0.7553         0.4499        -0.7553         0.0039         0.0233 
BAR-estimator:      0.80000        0.85000       -0.7894        -0.3395        -0.7894         0.0040         0.0236 
BAR-estimator:      0.85000        0.90000       -0.8021        -1.1416        -0.8021         0.0039         0.0240 
BAR-estimator:      0.90000        0.95000       -0.7999        -1.9415        -0.7999         0.0036         0.0242 
BAR-estimator:      0.95000        1.00000       -0.8042        -2.7457        -0.8042         0.0039         0.0245 
BAR-estimator: total free energy change is -2.745676534646575 , total error is 0.02453996264890273
