#========================================================================================
#                     Free energy perturbation    
#----------------------------------------------------------------------------------------
#forward/backward          λ              ΔΔA                 ΔA                  δε   
#                                                 
#----------------------------------------------------------------------------------------
forward:               0.0000              0.0000              0.0000              0.0000  
forward:               0.0500              1.8749              1.8749              0.0299  
forward:               0.1000              1.0193              2.8942              0.0361  
forward:               0.1500              0.5314              3.4256              0.0382  
forward:               0.2000              0.2555              3.6810              0.0391  
forward:               0.2500              0.1294              3.8104              0.0398  
forward:               0.3000              0.0414              3.8518              0.0404  
forward:               0.3500             -0.0064              3.8454              0.0407  
forward:               0.4000             -0.0581              3.7874              0.0410  
forward:               0.4500             -0.0861              3.7013              0.0413  
forward:               0.5000             -0.1152              3.5861              0.0416  
forward:               0.5500             -0.2478              3.3383              0.0421  
forward:               0.6000             -0.5018              2.8365              0.0427  
forward:               0.6500             -0.7414              2.0951              0.0435  
forward:               0.7000             -0.9262              1.1689              0.0451  
forward:               0.7500             -1.0464              0.1226              0.0456  
forward:               0.8000             -1.0775             -0.9549              0.0463  
forward:               0.8500             -1.0854             -2.0404              0.0466  
forward:               0.9000             -1.0789             -3.1193              0.0469  
forward:               0.9500             -1.0441             -4.1634              0.0471  
forward:               1.0000             -1.0351             -5.1985              0.0474  
backward:              1.0000              0.0000             -5.1985              0.0000  
backward:              0.9500              1.0187             -4.1798              0.0060  
backward:              0.9000              1.0477             -3.1322              0.0097  
backward:              0.8500              1.0771             -2.0551              0.0117  
backward:              0.8000              1.0707             -0.9844              0.0140  
backward:              0.7500              1.0781              0.0937              0.0156  
backward:              0.7000              1.0368              1.1305              0.0176  
backward:              0.6500              0.9107              2.0412              0.0201  
backward:              0.6000              0.7366              2.7779              0.0221  
backward:              0.5500              0.5026              3.2805              0.0236  
backward:              0.5000              0.2452              3.5257              0.0251  
backward:              0.4500              0.1086              3.6343              0.0256  
backward:              0.4000              0.0767              3.7110              0.0260  
backward:              0.3500              0.0480              3.7590              0.0267  
backward:              0.3000              0.0082              3.7672              0.0276  
backward:              0.2500             -0.0496              3.7176              0.0290  
backward:              0.2000             -0.1281              3.5896              0.0307  
backward:              0.1500             -0.2566              3.3330              0.0326  
backward:              0.1000             -0.5234              2.8096              0.0372  
backward:              0.0500             -0.9719              1.8376              0.0446  
backward:              0.0000             -2.0381             -0.2005              0.0800  
Inaccuracy estimation
======================================================================================================
                   i        i+δi          P0_overlap_P1   δε(forward)/ε   δε(backward)/ε
======================================================================================================
inaccuracy:  0.00000        0.05000           32.78           -0.02            2.11
inaccuracy:  0.05000        0.10000           42.88           -0.04            1.27
inaccuracy:  0.10000        0.15000           53.98           -0.02            0.63
inaccuracy:  0.15000        0.20000           63.74           -0.03            0.32
inaccuracy:  0.20000        0.25000           67.11           -0.02            0.21
inaccuracy:  0.25000        0.30000           69.94           -0.02            0.16
inaccuracy:  0.30000        0.35000           72.10           -0.02            0.14
inaccuracy:  0.35000        0.40000           74.27           -0.02            0.11
inaccuracy:  0.40000        0.45000           74.77           -0.01            0.10
inaccuracy:  0.45000        0.50000           75.28           -0.01            0.09
inaccuracy:  0.50000        0.55000           64.83           -0.08            0.16
inaccuracy:  0.55000        0.60000           65.94           -0.14            0.09
inaccuracy:  0.60000        0.65000           65.97           -0.14            0.07
inaccuracy:  0.65000        0.70000           65.89           -0.13            0.05
inaccuracy:  0.70000        0.75000           67.37           -0.13            0.04
inaccuracy:  0.75000        0.80000           65.41           -0.12            0.04
inaccuracy:  0.80000        0.85000           66.64           -0.11            0.04
inaccuracy:  0.85000        0.90000           65.98           -0.11            0.05
inaccuracy:  0.90000        0.95000           65.09           -0.10            0.06
inaccuracy:  0.95000        1.00000           65.73           -0.09            0.06
===================================================================================================================================
                BAR        
-----------------------------------------------------------------------------------------------------------------------------------
BAR-estimator:         λ             λ+δλ          ΔΔA             ΔA            C               Δδe            δe       
                          
-----------------------------------------------------------------------------------------------------------------------------------
BAR-estimator:      0.00000        0.05000        1.9104         1.9104         1.9104         0.0133         0.0133 
BAR-estimator:      0.05000        0.10000        1.0252         2.9355         1.0252         0.0113         0.0174 
BAR-estimator:      0.10000        0.15000        0.5303         3.4658         0.5303         0.0080         0.0192 
BAR-estimator:      0.15000        0.20000        0.2575         3.7233         0.2575         0.0057         0.0200 
BAR-estimator:      0.20000        0.25000        0.1291         3.8524         0.1291         0.0046         0.0205 
BAR-estimator:      0.25000        0.30000        0.0434         3.8958         0.0434         0.0049         0.0211 
BAR-estimator:      0.30000        0.35000       -0.0085         3.8873        -0.0085         0.0043         0.0215 
BAR-estimator:      0.35000        0.40000       -0.0550         3.8323        -0.0550         0.0040         0.0219 
BAR-estimator:      0.40000        0.45000       -0.0813         3.7510        -0.0813         0.0036         0.0222 
BAR-estimator:      0.45000        0.50000       -0.1121         3.6389        -0.1121         0.0032         0.0224 
BAR-estimator:      0.50000        0.55000       -0.2473         3.3916        -0.2473         0.0040         0.0228 
BAR-estimator:      0.55000        0.60000       -0.5093         2.8823        -0.5093         0.0039         0.0231 
BAR-estimator:      0.60000        0.65000       -0.7398         2.1425        -0.7398         0.0045         0.0236 
BAR-estimator:      0.65000        0.70000       -0.9180         1.2245        -0.9180         0.0063         0.0244 
BAR-estimator:      0.70000        0.75000       -1.0404         0.1841        -1.0404         0.0029         0.0246 
BAR-estimator:      0.75000        0.80000       -1.0843        -0.9002        -1.0843         0.0051         0.0251 
BAR-estimator:      0.80000        0.85000       -1.0811        -1.9813        -1.0811         0.0044         0.0255 
BAR-estimator:      0.85000        0.90000       -1.0770        -3.0583        -1.0770         0.0042         0.0258 
BAR-estimator:      0.90000        0.95000       -1.0469        -4.1052        -1.0469         0.0052         0.0263 
BAR-estimator:      0.95000        1.00000       -1.0279        -5.1331        -1.0279         0.0040         0.0266 
BAR-estimator: total free energy change is -5.133126887825461 , total error is 0.026646807508414003
