#========================================================================================
#                     Free energy perturbation    
#----------------------------------------------------------------------------------------
#forward/backward          λ              ΔΔA                 ΔA                  δε   
#                                                 
#----------------------------------------------------------------------------------------
forward:               0.0000              0.0000              0.0000              0.0000  
forward:               0.0500              2.0463              2.0463              0.0307  
forward:               0.1000              0.9533              2.9996              0.0369  
forward:               0.1500              0.4712              3.4708              0.0390  
forward:               0.2000              0.2055              3.6763              0.0398  
forward:               0.2500              0.0867              3.7630              0.0404  
forward:               0.3000              0.0094              3.7724              0.0407  
forward:               0.3500             -0.0369              3.7355              0.0410  
forward:               0.4000             -0.0819              3.6536              0.0413  
forward:               0.4500             -0.1142              3.5394              0.0415  
forward:               0.5000             -0.1377              3.4018              0.0417  
forward:               0.5500             -0.2221              3.1797              0.0421  
forward:               0.6000             -0.3866              2.7930              0.0424  
forward:               0.6500             -0.4927              2.3003              0.0427  
forward:               0.7000             -0.5778              1.7225              0.0430  
forward:               0.7500             -0.6185              1.1040              0.0433  
forward:               0.8000             -0.6600              0.4440              0.0435  
forward:               0.8500             -0.6642             -0.2202              0.0437  
forward:               0.9000             -0.6762             -0.8964              0.0439  
forward:               0.9500             -0.6656             -1.5620              0.0441  
forward:               1.0000             -0.6711             -2.2331              0.0443  
backward:              1.0000              0.0000             -2.2331              0.0000  
backward:              0.9500              0.6641             -1.5689              0.0041  
backward:              0.9000              0.6650             -0.9039              0.0063  
backward:              0.8500              0.6852             -0.2188              0.0080  
backward:              0.8000              0.6791              0.4603              0.0094  
backward:              0.7500              0.6552              1.1155              0.0106  
backward:              0.7000              0.6263              1.7419              0.0118  
backward:              0.6500              0.5916              2.3335              0.0131  
backward:              0.6000              0.4872              2.8207              0.0144  
backward:              0.5500              0.3919              3.2126              0.0154  
backward:              0.5000              0.2240              3.4366              0.0167  
backward:              0.4500              0.1396              3.5762              0.0177  
backward:              0.4000              0.1097              3.6859              0.0185  
backward:              0.3500              0.0766              3.7625              0.0193  
backward:              0.3000              0.0479              3.8104              0.0204  
backward:              0.2500             -0.0114              3.7990              0.0217  
backward:              0.2000             -0.0870              3.7119              0.0240  
backward:              0.1500             -0.2301              3.4818              0.0272  
backward:              0.1000             -0.4701              3.0118              0.0483  
backward:              0.0500             -1.0116              2.0002              0.0655  
backward:              0.0000             -1.9101              0.0901              0.0769  
Inaccuracy estimation
======================================================================================================
                   i        i+δi          P0_overlap_P1   δε(forward)/ε   δε(backward)/ε
======================================================================================================
inaccuracy:  0.00000        0.05000           27.31           -0.02            3.37
inaccuracy:  0.05000        0.10000           46.02           -0.04            1.14
inaccuracy:  0.10000        0.15000           55.28           -0.02            0.55
inaccuracy:  0.15000        0.20000           65.41           -0.01            0.29
inaccuracy:  0.20000        0.25000           69.32           -0.02            0.20
inaccuracy:  0.25000        0.30000           71.20           -0.02            0.13
inaccuracy:  0.30000        0.35000           72.66           -0.01            0.12
inaccuracy:  0.35000        0.40000           75.13           -0.01            0.10
inaccuracy:  0.40000        0.45000           75.93           -0.01            0.09
inaccuracy:  0.45000        0.50000           75.37           -0.01            0.09
inaccuracy:  0.50000        0.55000           67.96           -0.06            0.12
inaccuracy:  0.55000        0.60000           70.64           -0.06            0.08
inaccuracy:  0.60000        0.65000           71.80           -0.06            0.06
inaccuracy:  0.65000        0.70000           71.57           -0.07            0.06
inaccuracy:  0.70000        0.75000           71.64           -0.06            0.05
inaccuracy:  0.75000        0.80000           72.50           -0.06            0.05
inaccuracy:  0.80000        0.85000           70.77           -0.06            0.05
inaccuracy:  0.85000        0.90000           71.54           -0.06            0.05
inaccuracy:  0.90000        0.95000           71.30           -0.05            0.06
inaccuracy:  0.95000        1.00000           72.13           -0.05            0.06
===================================================================================================================================
                BAR        
-----------------------------------------------------------------------------------------------------------------------------------
BAR-estimator:         λ             λ+δλ          ΔΔA             ΔA            C               Δδe            δe       
                          
-----------------------------------------------------------------------------------------------------------------------------------
BAR-estimator:      0.00000        0.05000        2.0534         2.0534         2.0534         0.0169         0.0169 
BAR-estimator:      0.05000        0.10000        0.9677         3.0211         0.9677         0.0115         0.0205 
BAR-estimator:      0.10000        0.15000        0.4620         3.4831         0.4620         0.0085         0.0222 
BAR-estimator:      0.15000        0.20000        0.2126         3.6957         0.2126         0.0055         0.0228 
BAR-estimator:      0.20000        0.25000        0.0871         3.7828         0.0871         0.0044         0.0233 
BAR-estimator:      0.25000        0.30000        0.0088         3.7916         0.0088         0.0040         0.0236 
BAR-estimator:      0.30000        0.35000       -0.0404         3.7512        -0.0404         0.0037         0.0239 
BAR-estimator:      0.35000        0.40000       -0.0804         3.6708        -0.0804         0.0033         0.0241 
BAR-estimator:      0.40000        0.45000       -0.1111         3.5597        -0.1111         0.0030         0.0243 
BAR-estimator:      0.45000        0.50000       -0.1389         3.4208        -0.1389         0.0030         0.0245 
BAR-estimator:      0.50000        0.55000       -0.2272         3.1937        -0.2272         0.0037         0.0248 
BAR-estimator:      0.55000        0.60000       -0.3874         2.8062        -0.3874         0.0036         0.0250 
BAR-estimator:      0.60000        0.65000       -0.4920         2.3142        -0.4920         0.0033         0.0252 
BAR-estimator:      0.65000        0.70000       -0.5814         1.7329        -0.5814         0.0038         0.0255 
BAR-estimator:      0.70000        0.75000       -0.6220         1.1109        -0.6220         0.0032         0.0257 
BAR-estimator:      0.75000        0.80000       -0.6592         0.4517        -0.6592         0.0034         0.0260 
BAR-estimator:      0.80000        0.85000       -0.6695        -0.2178        -0.6695         0.0031         0.0262 
BAR-estimator:      0.85000        0.90000       -0.6790        -0.8968        -0.6790         0.0036         0.0264 
BAR-estimator:      0.90000        0.95000       -0.6641        -1.5609        -0.6641         0.0034         0.0266 
BAR-estimator:      0.95000        1.00000       -0.6666        -2.2275        -0.6666         0.0031         0.0268 
BAR-estimator: total free energy change is -2.2275008140966372 , total error is 0.026800469265409507
