#========================================================================================
#                     Free energy perturbation    
#----------------------------------------------------------------------------------------
#forward/backward          λ              ΔΔA                 ΔA                  δε   
#                                                 
#----------------------------------------------------------------------------------------
forward:               0.0000              0.0000              0.0000              0.0000  
forward:               0.0500              1.7106              1.7106              0.0257  
forward:               0.1000              0.8981              2.6087              0.0324  
forward:               0.1500              0.4165              3.0252              0.0351  
forward:               0.2000              0.1909              3.2161              0.0360  
forward:               0.2500              0.0610              3.2771              0.0367  
forward:               0.3000             -0.0411              3.2360              0.0372  
forward:               0.3500             -0.0906              3.1454              0.0376  
forward:               0.4000             -0.1088              3.0366              0.0379  
forward:               0.4500             -0.1453              2.8913              0.0381  
forward:               0.5000             -0.1810              2.7103              0.0384  
forward:               0.5500             -0.3251              2.3852              0.0389  
forward:               0.6000             -0.5769              1.8083              0.0394  
forward:               0.6500             -0.7289              1.0794              0.0399  
forward:               0.7000             -0.8818              0.1976              0.0404  
forward:               0.7500             -0.9700             -0.7724              0.0408  
forward:               0.8000             -1.0264             -1.7988              0.0412  
forward:               0.8500             -1.0597             -2.8586              0.0415  
forward:               0.9000             -1.0776             -3.9362              0.0418  
forward:               0.9500             -1.0972             -5.0334              0.0421  
forward:               1.0000             -1.1052             -6.1386              0.0423  
backward:              1.0000              0.0000             -6.1386              0.0000  
backward:              0.9500              1.1099             -5.0286              0.0048  
backward:              0.9000              1.0976             -3.9310              0.0075  
backward:              0.8500              1.0731             -2.8579              0.0101  
backward:              0.8000              1.0571             -1.8008              0.0117  
backward:              0.7500              1.0333             -0.7674              0.0135  
backward:              0.7000              0.9544              0.1870              0.0154  
backward:              0.6500              0.8672              1.0542              0.0169  
backward:              0.6000              0.7402              1.7944              0.0182  
backward:              0.5500              0.5513              2.3457              0.0195  
backward:              0.5000              0.3183              2.6640              0.0210  
backward:              0.4500              0.1810              2.8450              0.0216  
backward:              0.4000              0.1556              3.0005              0.0221  
backward:              0.3500              0.1188              3.1194              0.0227  
backward:              0.3000              0.0787              3.1981              0.0234  
backward:              0.2500              0.0273              3.2254              0.0243  
backward:              0.2000             -0.0355              3.1899              0.0255  
backward:              0.1500             -0.1627              3.0272              0.0273  
backward:              0.1000             -0.4070              2.6202              0.0319  
backward:              0.0500             -0.9487              1.6716              0.0506  
backward:              0.0000             -1.6289              0.0427              0.0638  
Inaccuracy estimation
======================================================================================================
                   i        i+δi          P0_overlap_P1   δε(forward)/ε   δε(backward)/ε
======================================================================================================
inaccuracy:  0.00000        0.05000           34.90           -0.04            1.89
inaccuracy:  0.05000        0.10000           44.90           -0.05            1.14
inaccuracy:  0.10000        0.15000           56.06           -0.02            0.54
inaccuracy:  0.15000        0.20000           62.60           -0.02            0.33
inaccuracy:  0.20000        0.25000           66.93           -0.02            0.21
inaccuracy:  0.25000        0.30000           72.07           -0.01            0.15
inaccuracy:  0.30000        0.35000           73.57           -0.01            0.11
inaccuracy:  0.35000        0.40000           72.47           -0.02            0.11
inaccuracy:  0.40000        0.45000           73.65           -0.02            0.10
inaccuracy:  0.45000        0.50000           74.57           -0.02            0.08
inaccuracy:  0.50000        0.55000           65.92           -0.08            0.16
inaccuracy:  0.55000        0.60000           68.52           -0.10            0.08
inaccuracy:  0.60000        0.65000           66.90           -0.11            0.06
inaccuracy:  0.65000        0.70000           69.70           -0.11            0.04
inaccuracy:  0.70000        0.75000           68.85           -0.11            0.04
inaccuracy:  0.75000        0.80000           68.05           -0.10            0.04
inaccuracy:  0.80000        0.85000           67.49           -0.10            0.04
inaccuracy:  0.85000        0.90000           67.32           -0.09            0.04
inaccuracy:  0.90000        0.95000           66.26           -0.09            0.05
inaccuracy:  0.95000        1.00000           66.35           -0.10            0.05
===================================================================================================================================
                BAR        
-----------------------------------------------------------------------------------------------------------------------------------
BAR-estimator:         λ             λ+δλ          ΔΔA             ΔA            C               Δδe            δe       
                          
-----------------------------------------------------------------------------------------------------------------------------------
BAR-estimator:      0.00000        0.05000        1.6777         1.6777         1.6777         0.0132         0.0132 
BAR-estimator:      0.05000        0.10000        0.9034         2.5810         0.9034         0.0108         0.0170 
BAR-estimator:      0.10000        0.15000        0.4150         2.9960         0.4150         0.0088         0.0192 
BAR-estimator:      0.15000        0.20000        0.1854         3.1815         0.1854         0.0052         0.0199 
BAR-estimator:      0.20000        0.25000        0.0560         3.2375         0.0560         0.0046         0.0204 
BAR-estimator:      0.25000        0.30000       -0.0352         3.2022        -0.0352         0.0045         0.0209 
BAR-estimator:      0.30000        0.35000       -0.0860         3.1162        -0.0860         0.0038         0.0212 
BAR-estimator:      0.35000        0.40000       -0.1123         3.0039        -0.1123         0.0037         0.0215 
BAR-estimator:      0.40000        0.45000       -0.1495         2.8544        -0.1495         0.0032         0.0218 
BAR-estimator:      0.45000        0.50000       -0.1828         2.6716        -0.1828         0.0029         0.0220 
BAR-estimator:      0.50000        0.55000       -0.3233         2.3483        -0.3233         0.0041         0.0223 
BAR-estimator:      0.55000        0.60000       -0.5657         1.7825        -0.5657         0.0034         0.0226 
BAR-estimator:      0.60000        0.65000       -0.7355         1.0470        -0.7355         0.0042         0.0230 
BAR-estimator:      0.65000        0.70000       -0.8739         0.1731        -0.8739         0.0037         0.0233 
BAR-estimator:      0.70000        0.75000       -0.9651        -0.7920        -0.9651         0.0037         0.0236 
BAR-estimator:      0.75000        0.80000       -1.0267        -1.8187        -1.0267         0.0041         0.0240 
BAR-estimator:      0.80000        0.85000       -1.0603        -2.8790        -1.0603         0.0037         0.0242 
BAR-estimator:      0.85000        0.90000       -1.0768        -3.9558        -1.0768         0.0041         0.0246 
BAR-estimator:      0.90000        0.95000       -1.0976        -5.0534        -1.0976         0.0037         0.0249 
BAR-estimator:      0.95000        1.00000       -1.1021        -6.1555        -1.1021         0.0041         0.0252 
BAR-estimator: total free energy change is -6.155502405123526 , total error is 0.025195583035424126
