#========================================================================================
#                     Free energy perturbation    
#----------------------------------------------------------------------------------------
#forward/backward          λ              ΔΔA                 ΔA                  δε   
#                                                 
#----------------------------------------------------------------------------------------
forward:               0.0000              0.0000              0.0000              0.0000  
forward:               0.0500              1.2921              1.2921              0.0245  
forward:               0.1000              0.7953              2.0874              0.0283  
forward:               0.1500              0.4696              2.5570              0.0303  
forward:               0.2000              0.2688              2.8258              0.0323  
forward:               0.2500              0.1823              3.0081              0.0330  
forward:               0.3000              0.0925              3.1006              0.0335  
forward:               0.3500              0.0427              3.1433              0.0339  
forward:               0.4000              0.0089              3.1522              0.0343  
forward:               0.4500             -0.0205              3.1317              0.0347  
forward:               0.5000             -0.0351              3.0966              0.0350  
forward:               0.5500             -0.1415              2.9552              0.0355  
forward:               0.6000             -0.3250              2.6302              0.0359  
forward:               0.6500             -0.4826              2.1476              0.0365  
forward:               0.7000             -0.6210              1.5265              0.0369  
forward:               0.7500             -0.7158              0.8108              0.0373  
forward:               0.8000             -0.7810              0.0297              0.0376  
forward:               0.8500             -0.7957             -0.7659              0.0380  
forward:               0.9000             -0.8075             -1.5734              0.0383  
forward:               0.9500             -0.7909             -2.3643              0.0385  
forward:               1.0000             -0.7840             -3.1483              0.0387  
backward:              1.0000              0.0000             -3.1483              0.0000  
backward:              0.9500              0.7864             -2.3620              0.0064  
backward:              0.9000              0.7968             -1.5651              0.0089  
backward:              0.8500              0.7970             -0.7682              0.0108  
backward:              0.8000              0.7957              0.0275              0.0123  
backward:              0.7500              0.7625              0.7900              0.0135  
backward:              0.7000              0.6989              1.4889              0.0189  
backward:              0.6500              0.6193              2.1082              0.0204  
backward:              0.6000              0.4835              2.5917              0.0215  
backward:              0.5500              0.3220              2.9138              0.0224  
backward:              0.5000              0.1312              3.0449              0.0235  
backward:              0.4500              0.0281              3.0730              0.0245  
backward:              0.4000              0.0021              3.0751              0.0252  
backward:              0.3500             -0.0217              3.0534              0.0263  
backward:              0.3000             -0.0581              2.9954              0.0276  
backward:              0.2500             -0.0797              2.9157              0.0285  
backward:              0.2000             -0.1972              2.7185              0.0301  
backward:              0.1500             -0.2724              2.4460              0.0319  
backward:              0.1000             -0.4918              1.9543              0.0355  
backward:              0.0500             -0.7998              1.1545              0.0404  
backward:              0.0000             -1.3124             -0.1579              0.0558  
Inaccuracy estimation
======================================================================================================
                   i        i+δi          P0_overlap_P1   δε(forward)/ε   δε(backward)/ε
======================================================================================================
inaccuracy:  0.00000        0.05000           41.57           -0.04            1.17
inaccuracy:  0.05000        0.10000           51.30           -0.03            0.80
inaccuracy:  0.10000        0.15000           57.97           -0.02            0.46
inaccuracy:  0.15000        0.20000           64.87           -0.02            0.31
inaccuracy:  0.20000        0.25000           67.61           -0.01            0.22
inaccuracy:  0.25000        0.30000           69.04           -0.02            0.17
inaccuracy:  0.30000        0.35000           72.29           -0.02            0.15
inaccuracy:  0.35000        0.40000           73.29           -0.02            0.12
inaccuracy:  0.40000        0.45000           75.26           -0.01            0.11
inaccuracy:  0.45000        0.50000           73.67           -0.02            0.11
inaccuracy:  0.50000        0.55000           67.68           -0.07            0.14
inaccuracy:  0.55000        0.60000           67.23           -0.09            0.11
inaccuracy:  0.60000        0.65000           67.14           -0.09            0.10
inaccuracy:  0.65000        0.70000           67.42           -0.09            0.07
inaccuracy:  0.70000        0.75000           68.22           -0.08            0.07
inaccuracy:  0.75000        0.80000           69.76           -0.08            0.06
inaccuracy:  0.80000        0.85000           68.80           -0.07            0.06
inaccuracy:  0.85000        0.90000           68.49           -0.08            0.06
inaccuracy:  0.90000        0.95000           67.24           -0.08            0.08
inaccuracy:  0.95000        1.00000           66.83           -0.08            0.08
===================================================================================================================================
                BAR        
-----------------------------------------------------------------------------------------------------------------------------------
BAR-estimator:         λ             λ+δλ          ΔΔA             ΔA            C               Δδe            δe       
                          
-----------------------------------------------------------------------------------------------------------------------------------
BAR-estimator:      0.00000        0.05000        1.2894         1.2894         1.2894         0.0109         0.0109 
BAR-estimator:      0.05000        0.10000        0.7986         2.0880         0.7986         0.0086         0.0139 
BAR-estimator:      0.10000        0.15000        0.4670         2.5550         0.4670         0.0069         0.0155 
BAR-estimator:      0.15000        0.20000        0.2736         2.8286         0.2736         0.0065         0.0168 
BAR-estimator:      0.20000        0.25000        0.1844         3.0130         0.1844         0.0043         0.0174 
BAR-estimator:      0.25000        0.30000        0.0886         3.1016         0.0886         0.0048         0.0180 
BAR-estimator:      0.30000        0.35000        0.0455         3.1471         0.0455         0.0039         0.0184 
BAR-estimator:      0.35000        0.40000        0.0099         3.1571         0.0099         0.0039         0.0188 
BAR-estimator:      0.40000        0.45000       -0.0132         3.1439        -0.0132         0.0034         0.0191 
BAR-estimator:      0.45000        0.50000       -0.0337         3.1102        -0.0337         0.0031         0.0194 
BAR-estimator:      0.50000        0.55000       -0.1367         2.9735        -0.1367         0.0037         0.0197 
BAR-estimator:      0.55000        0.60000       -0.3230         2.6505        -0.3230         0.0036         0.0201 
BAR-estimator:      0.60000        0.65000       -0.4817         2.1688        -0.4817         0.0042         0.0205 
BAR-estimator:      0.65000        0.70000       -0.6235         1.5453        -0.6235         0.0038         0.0209 
BAR-estimator:      0.70000        0.75000       -0.7158         0.8294        -0.7158         0.0039         0.0212 
BAR-estimator:      0.75000        0.80000       -0.7721         0.0573        -0.7721         0.0036         0.0215 
BAR-estimator:      0.80000        0.85000       -0.7948        -0.7375        -0.7948         0.0038         0.0219 
BAR-estimator:      0.85000        0.90000       -0.8047        -1.5422        -0.8047         0.0038         0.0222 
BAR-estimator:      0.90000        0.95000       -0.7901        -2.3323        -0.7901         0.0040         0.0226 
BAR-estimator:      0.95000        1.00000       -0.7854        -3.1177        -0.7854         0.0037         0.0229 
BAR-estimator: total free energy change is -3.117708634814926 , total error is 0.022864441733065132
