#========================================================================================
#                     Free energy perturbation    
#----------------------------------------------------------------------------------------
#forward/backward          λ              ΔΔA                 ΔA                  δε   
#                                                 
#----------------------------------------------------------------------------------------
forward:               0.0000              0.0000              0.0000              0.0000  
forward:               0.0500              1.5970              1.5970              0.0087  
forward:               0.1000              0.9333              2.5303              0.0165  
forward:               0.1500              0.5074              3.0377              0.0197  
forward:               0.2000              0.2888              3.3265              0.0208  
forward:               0.2500              0.1761              3.5026              0.0218  
forward:               0.3000              0.0951              3.5977              0.0224  
forward:               0.3500              0.0367              3.6343              0.0230  
forward:               0.4000              0.0018              3.6362              0.0233  
forward:               0.4500             -0.0229              3.6132              0.0237  
forward:               0.5000             -0.0501              3.5632              0.0240  
forward:               0.5500             -0.1091              3.4540              0.0245  
forward:               0.6000             -0.2024              3.2516              0.0248  
forward:               0.6500             -0.2668              2.9848              0.0251  
forward:               0.7000             -0.3166              2.6682              0.0253  
forward:               0.7500             -0.3613              2.3069              0.0261  
forward:               0.8000             -0.3993              1.9076              0.0266  
forward:               0.8500             -0.4400              1.4677              0.0269  
forward:               0.9000             -0.4586              1.0091              0.0272  
forward:               0.9500             -0.4669              0.5422              0.0276  
forward:               1.0000             -0.5012              0.0410              0.0280  
backward:              1.0000              0.0000              0.0410              0.0000  
backward:              0.9500              0.4941              0.5351              0.0059  
backward:              0.9000              0.4816              1.0167              0.0075  
backward:              0.8500              0.4524              1.4692              0.0090  
backward:              0.8000              0.4320              1.9011              0.0101  
backward:              0.7500              0.3965              2.2976              0.0110  
backward:              0.7000              0.3566              2.6542              0.0118  
backward:              0.6500              0.3058              2.9601              0.0127  
backward:              0.6000              0.2612              3.2212              0.0142  
backward:              0.5500              0.1953              3.4166              0.0150  
backward:              0.5000              0.1143              3.5309              0.0159  
backward:              0.4500              0.0520              3.5829              0.0166  
backward:              0.4000              0.0247              3.6077              0.0174  
backward:              0.3500              0.0003              3.6079              0.0181  
backward:              0.3000             -0.0418              3.5661              0.0190  
backward:              0.2500             -0.0952              3.4709              0.0223  
backward:              0.2000             -0.1708              3.3001              0.0238  
backward:              0.1500             -0.3024              2.9977              0.0255  
backward:              0.1000             -0.5104              2.4873              0.0293  
backward:              0.0500             -0.9508              1.5365              0.0408  
backward:              0.0000             -1.6390             -0.1025              0.0757  
Inaccuracy estimation
======================================================================================================
                   i        i+δi          P0_overlap_P1   δε(forward)/ε   δε(backward)/ε
======================================================================================================
inaccuracy:  0.00000        0.05000           36.01           -0.03            1.96
inaccuracy:  0.05000        0.10000           47.19           -0.04            0.96
inaccuracy:  0.10000        0.15000           57.53           -0.03            0.51
inaccuracy:  0.15000        0.20000           65.20           -0.01            0.29
inaccuracy:  0.20000        0.25000           67.84           -0.01            0.21
inaccuracy:  0.25000        0.30000           70.11           -0.01            0.17
inaccuracy:  0.30000        0.35000           73.20           -0.02            0.13
inaccuracy:  0.35000        0.40000           73.55           -0.02            0.12
inaccuracy:  0.40000        0.45000           74.59           -0.01            0.10
inaccuracy:  0.45000        0.50000           74.79           -0.01            0.10
inaccuracy:  0.50000        0.55000           71.84           -0.03            0.11
inaccuracy:  0.55000        0.60000           73.82           -0.03            0.09
inaccuracy:  0.60000        0.65000           73.73           -0.03            0.08
inaccuracy:  0.65000        0.70000           74.42           -0.03            0.07
inaccuracy:  0.70000        0.75000           74.08           -0.03            0.07
inaccuracy:  0.75000        0.80000           74.22           -0.03            0.07
inaccuracy:  0.80000        0.85000           74.59           -0.04            0.06
inaccuracy:  0.85000        0.90000           73.68           -0.04            0.06
inaccuracy:  0.90000        0.95000           72.03           -0.05            0.06
inaccuracy:  0.95000        1.00000           73.68           -0.04            0.06
===================================================================================================================================
                BAR        
-----------------------------------------------------------------------------------------------------------------------------------
BAR-estimator:         λ             λ+δλ          ΔΔA             ΔA            C               Δδe            δe       
                          
-----------------------------------------------------------------------------------------------------------------------------------
BAR-estimator:      0.00000        0.05000        1.5960         1.5960         1.5960         0.0107         0.0107 
BAR-estimator:      0.05000        0.10000        0.9377         2.5337         0.9377         0.0087         0.0138 
BAR-estimator:      0.10000        0.15000        0.5080         3.0417         0.5080         0.0071         0.0155 
BAR-estimator:      0.15000        0.20000        0.2955         3.3371         0.2955         0.0046         0.0162 
BAR-estimator:      0.20000        0.25000        0.1748         3.5119         0.1748         0.0047         0.0168 
BAR-estimator:      0.25000        0.30000        0.0914         3.6033         0.0914         0.0036         0.0172 
BAR-estimator:      0.30000        0.35000        0.0390         3.6424         0.0390         0.0033         0.0175 
BAR-estimator:      0.35000        0.40000        0.0018         3.6441         0.0018         0.0036         0.0179 
BAR-estimator:      0.40000        0.45000       -0.0238         3.6203        -0.0238         0.0030         0.0181 
BAR-estimator:      0.45000        0.50000       -0.0502         3.5701        -0.0502         0.0028         0.0183 
BAR-estimator:      0.50000        0.55000       -0.1095         3.4606        -0.1095         0.0032         0.0186 
BAR-estimator:      0.55000        0.60000       -0.1981         3.2626        -0.1981         0.0031         0.0189 
BAR-estimator:      0.60000        0.65000       -0.2654         2.9971        -0.2654         0.0028         0.0191 
BAR-estimator:      0.65000        0.70000       -0.3137         2.6835        -0.3137         0.0027         0.0193 
BAR-estimator:      0.70000        0.75000       -0.3586         2.3248        -0.3586         0.0040         0.0197 
BAR-estimator:      0.75000        0.80000       -0.3962         1.9286        -0.3962         0.0032         0.0199 
BAR-estimator:      0.80000        0.85000       -0.4364         1.4922        -0.4364         0.0031         0.0202 
BAR-estimator:      0.85000        0.90000       -0.4573         1.0349        -0.4573         0.0031         0.0204 
BAR-estimator:      0.90000        0.95000       -0.4754         0.5595        -0.4754         0.0032         0.0207 
BAR-estimator:      0.95000        1.00000       -0.4986         0.0609        -0.4986         0.0030         0.0209 
BAR-estimator: total free energy change is 0.06089403098077617 , total error is 0.02087984309137352
