#========================================================================================
#                     Free energy perturbation    
#----------------------------------------------------------------------------------------
#forward/backward          λ              ΔΔA                 ΔA                  δε   
#                                                 
#----------------------------------------------------------------------------------------
forward:               0.0000              0.0000              0.0000              0.0000  
forward:               0.0500              2.8157              2.8157              0.0311  
forward:               0.1000              1.7540              4.5696              0.0390  
forward:               0.1500              1.0079              5.5776              0.0435  
forward:               0.2000              0.5381              6.1157              0.0456  
forward:               0.2500              0.2708              6.3865              0.0469  
forward:               0.3000              0.1158              6.5023              0.0477  
forward:               0.3500              0.0374              6.5397              0.0484  
forward:               0.4000             -0.0209              6.5188              0.0488  
forward:               0.4500             -0.0809              6.4379              0.0492  
forward:               0.5000             -0.1122              6.3256              0.0494  
forward:               0.5500             -0.2314              6.0943              0.0499  
forward:               0.6000             -0.4584              5.6359              0.0503  
forward:               0.6500             -0.6665              4.9694              0.0510  
forward:               0.7000             -0.8342              4.1352              0.0514  
forward:               0.7500             -0.9623              3.1729              0.0518  
forward:               0.8000             -1.0134              2.1595              0.0522  
forward:               0.8500             -1.0779              1.0815              0.0525  
forward:               0.9000             -1.0944             -0.0128              0.0528  
forward:               0.9500             -1.0966             -1.1095              0.0531  
forward:               1.0000             -1.0561             -2.1656              0.0534  
backward:              1.0000              0.0000             -2.1656              0.0000  
backward:              0.9500              1.0854             -1.0802              0.0074  
backward:              0.9000              1.0916              0.0115              0.0120  
backward:              0.8500              1.0492              1.0607              0.0150  
backward:              0.8000              1.0264              2.0871              0.0168  
backward:              0.7500              0.9877              3.0747              0.0182  
backward:              0.7000              0.9405              4.0152              0.0197  
backward:              0.6500              0.8241              4.8393              0.0219  
backward:              0.6000              0.6619              5.5011              0.0235  
backward:              0.5500              0.4321              5.9332              0.0253  
backward:              0.5000              0.2145              6.1477              0.0270  
backward:              0.4500              0.0899              6.2376              0.0281  
backward:              0.4000              0.0931              6.3307              0.0290  
backward:              0.3500              0.0162              6.3469              0.0305  
backward:              0.3000             -0.0300              6.3169              0.0319  
backward:              0.2500             -0.1438              6.1731              0.0336  
backward:              0.2000             -0.2635              5.9095              0.0359  
backward:              0.1500             -0.5301              5.3794              0.0407  
backward:              0.1000             -0.9612              4.4182              0.0523  
backward:              0.0500             -1.6931              2.7250              0.0619  
backward:              0.0000             -2.6882              0.0369              0.0719  
Inaccuracy estimation
======================================================================================================
                   i        i+δi          P0_overlap_P1   δε(forward)/ε   δε(backward)/ε
======================================================================================================
inaccuracy:  0.00000        0.05000           24.60            0.16            3.59
inaccuracy:  0.05000        0.10000           32.43           -0.06            2.27
inaccuracy:  0.10000        0.15000           41.09           -0.07            1.30
inaccuracy:  0.15000        0.20000           49.96           -0.05            0.70
inaccuracy:  0.20000        0.25000           56.83           -0.05            0.44
inaccuracy:  0.25000        0.30000           62.19           -0.04            0.28
inaccuracy:  0.30000        0.35000           62.93           -0.03            0.27
inaccuracy:  0.35000        0.40000           64.10           -0.04            0.21
inaccuracy:  0.40000        0.45000           65.14           -0.03            0.19
inaccuracy:  0.45000        0.50000           68.10           -0.04            0.16
inaccuracy:  0.50000        0.55000           61.49           -0.10            0.20
inaccuracy:  0.55000        0.60000           61.49           -0.11            0.16
inaccuracy:  0.60000        0.65000           61.74           -0.15            0.13
inaccuracy:  0.65000        0.70000           62.14           -0.14            0.10
inaccuracy:  0.70000        0.75000           63.60           -0.10            0.08
inaccuracy:  0.75000        0.80000           63.74           -0.13            0.08
inaccuracy:  0.80000        0.85000           64.90           -0.10            0.07
inaccuracy:  0.85000        0.90000           63.67           -0.11            0.07
inaccuracy:  0.90000        0.95000           60.83           -0.14            0.08
inaccuracy:  0.95000        1.00000           59.08           -0.20            0.09
===================================================================================================================================
                BAR        
-----------------------------------------------------------------------------------------------------------------------------------
BAR-estimator:         λ             λ+δλ          ΔΔA             ΔA            C               Δδe            δe       
                          
-----------------------------------------------------------------------------------------------------------------------------------
BAR-estimator:      0.00000        0.05000        2.8220         2.8220         2.8220         0.0123         0.0123 
BAR-estimator:      0.05000        0.10000        1.7573         4.5793         1.7573         0.0109         0.0165 
BAR-estimator:      0.10000        0.15000        0.9984         5.5777         0.9984         0.0108         0.0197 
BAR-estimator:      0.15000        0.20000        0.5359         6.1136         0.5359         0.0085         0.0214 
BAR-estimator:      0.20000        0.25000        0.2713         6.3849         0.2713         0.0070         0.0225 
BAR-estimator:      0.25000        0.30000        0.1234         6.5083         0.1234         0.0056         0.0232 
BAR-estimator:      0.30000        0.35000        0.0382         6.5465         0.0382         0.0055         0.0239 
BAR-estimator:      0.35000        0.40000       -0.0244         6.5221        -0.0244         0.0053         0.0244 
BAR-estimator:      0.40000        0.45000       -0.0820         6.4401        -0.0820         0.0039         0.0247 
BAR-estimator:      0.45000        0.50000       -0.1068         6.3332        -0.1068         0.0037         0.0250 
BAR-estimator:      0.50000        0.55000       -0.2196         6.1136        -0.2196         0.0042         0.0254 
BAR-estimator:      0.55000        0.60000       -0.4472         5.6664        -0.4472         0.0048         0.0258 
BAR-estimator:      0.60000        0.65000       -0.6597         5.0067        -0.6597         0.0045         0.0262 
BAR-estimator:      0.65000        0.70000       -0.8346         4.1721        -0.8346         0.0044         0.0266 
BAR-estimator:      0.70000        0.75000       -0.9492         3.2230        -0.9492         0.0043         0.0269 
BAR-estimator:      0.75000        0.80000       -0.9975         2.2255        -0.9975         0.0044         0.0273 
BAR-estimator:      0.80000        0.85000       -1.0478         1.1776        -1.0478         0.0048         0.0277 
BAR-estimator:      0.85000        0.90000       -1.0728         0.1048        -1.0728         0.0049         0.0281 
BAR-estimator:      0.90000        0.95000       -1.0942        -0.9894        -1.0942         0.0052         0.0286 
BAR-estimator:      0.95000        1.00000       -1.0754        -2.0648        -1.0754         0.0058         0.0292 
BAR-estimator: total free energy change is -2.0648036448590905 , total error is 0.029192296272933637
