#========================================================================================
#                     Free energy perturbation    
#----------------------------------------------------------------------------------------
#forward/backward          λ              ΔΔA                 ΔA                  δε   
#                                                 
#----------------------------------------------------------------------------------------
forward:               0.0000              0.0000              0.0000              0.0000  
forward:               0.0500              0.8716              0.8716              0.0135  
forward:               0.1000              0.5472              1.4188              0.0177  
forward:               0.1500              0.3821              1.8009              0.0197  
forward:               0.2000              0.2639              2.0647              0.0210  
forward:               0.2500              0.1999              2.2646              0.0218  
forward:               0.3000              0.1500              2.4146              0.0228  
forward:               0.3500              0.1191              2.5337              0.0232  
forward:               0.4000              0.1000              2.6337              0.0238  
forward:               0.4500              0.0714              2.7051              0.0242  
forward:               0.5000              0.0660              2.7711              0.0245  
forward:               0.5500              0.0597              2.8308              0.0250  
forward:               0.6000              0.0190              2.8498              0.0252  
forward:               0.6500              0.0031              2.8529              0.0255  
forward:               0.7000             -0.0170              2.8359              0.0257  
forward:               0.7500             -0.0264              2.8095              0.0260  
forward:               0.8000             -0.0304              2.7791              0.0262  
forward:               0.8500             -0.0359              2.7432              0.0264  
forward:               0.9000             -0.0479              2.6953              0.0267  
forward:               0.9500             -0.0505              2.6448              0.0268  
forward:               1.0000             -0.0556              2.5892              0.0271  
backward:              1.0000              0.0000              2.5892              0.0000  
backward:              0.9500              0.0504              2.6396              0.0040  
backward:              0.9000              0.0448              2.6844              0.0056  
backward:              0.8500              0.0424              2.7268              0.0070  
backward:              0.8000              0.0327              2.7595              0.0082  
backward:              0.7500              0.0351              2.7946              0.0092  
backward:              0.7000              0.0230              2.8176              0.0100  
backward:              0.6500              0.0160              2.8336              0.0112  
backward:              0.6000             -0.0105              2.8231              0.0119  
backward:              0.5500             -0.0239              2.7992              0.0127  
backward:              0.5000             -0.0561              2.7431              0.0135  
backward:              0.4500             -0.0682              2.6749              0.0143  
backward:              0.4000             -0.0734              2.6015              0.0150  
backward:              0.3500             -0.0990              2.5025              0.0160  
backward:              0.3000             -0.1135              2.3890              0.0171  
backward:              0.2500             -0.1439              2.2451              0.0181  
backward:              0.2000             -0.2130              2.0321              0.0195  
backward:              0.1500             -0.2648              1.7674              0.0217  
backward:              0.1000             -0.3666              1.4007              0.0235  
backward:              0.0500             -0.5774              0.8233              0.0353  
backward:              0.0000             -0.9077             -0.0844              0.0422  
Inaccuracy estimation
======================================================================================================
                   i        i+δi          P0_overlap_P1   δε(forward)/ε   δε(backward)/ε
======================================================================================================
inaccuracy:  0.00000        0.05000           51.91           -0.02            0.73
inaccuracy:  0.05000        0.10000           60.13           -0.01            0.45
inaccuracy:  0.10000        0.15000           65.19           -0.01            0.31
inaccuracy:  0.15000        0.20000           69.12           -0.01            0.19
inaccuracy:  0.20000        0.25000           73.68           -0.01            0.14
inaccuracy:  0.25000        0.30000           73.68           -0.01            0.13
inaccuracy:  0.30000        0.35000           74.97           -0.01            0.12
inaccuracy:  0.35000        0.40000           76.15           -0.01            0.10
inaccuracy:  0.40000        0.45000           77.54           -0.00            0.10
inaccuracy:  0.45000        0.50000           76.79           -0.01            0.09
inaccuracy:  0.50000        0.55000           76.19           -0.01            0.10
inaccuracy:  0.55000        0.60000           76.76           -0.01            0.08
inaccuracy:  0.60000        0.65000           77.40           -0.01            0.08
inaccuracy:  0.65000        0.70000           77.13           -0.01            0.08
inaccuracy:  0.70000        0.75000           78.15           -0.01            0.08
inaccuracy:  0.75000        0.80000           76.53           -0.01            0.08
inaccuracy:  0.80000        0.85000           77.38           -0.01            0.08
inaccuracy:  0.85000        0.90000           77.83           -0.01            0.07
inaccuracy:  0.90000        0.95000           78.35           -0.02            0.07
inaccuracy:  0.95000        1.00000           77.64           -0.01            0.07
===================================================================================================================================
                BAR        
-----------------------------------------------------------------------------------------------------------------------------------
BAR-estimator:         λ             λ+δλ          ΔΔA             ΔA            C               Δδe            δe       
                          
-----------------------------------------------------------------------------------------------------------------------------------
BAR-estimator:      0.00000        0.05000        0.8678         0.8678         0.8678         0.0082         0.0082 
BAR-estimator:      0.05000        0.10000        0.5489         1.4167         0.5489         0.0074         0.0111 
BAR-estimator:      0.10000        0.15000        0.3780         1.7947         0.3780         0.0056         0.0124 
BAR-estimator:      0.15000        0.20000        0.2589         2.0536         0.2589         0.0048         0.0133 
BAR-estimator:      0.20000        0.25000        0.2035         2.2571         0.2035         0.0039         0.0139 
BAR-estimator:      0.25000        0.30000        0.1476         2.4047         0.1476         0.0043         0.0145 
BAR-estimator:      0.30000        0.35000        0.1177         2.5224         0.1177         0.0033         0.0149 
BAR-estimator:      0.35000        0.40000        0.0999         2.6224         0.0999         0.0034         0.0153 
BAR-estimator:      0.40000        0.45000        0.0727         2.6951         0.0727         0.0029         0.0156 
BAR-estimator:      0.45000        0.50000        0.0656         2.7607         0.0656         0.0030         0.0158 
BAR-estimator:      0.50000        0.55000        0.0579         2.8187         0.0579         0.0032         0.0162 
BAR-estimator:      0.55000        0.60000        0.0202         2.8389         0.0202         0.0027         0.0164 
BAR-estimator:      0.60000        0.65000        0.0048         2.8437         0.0048         0.0029         0.0166 
BAR-estimator:      0.65000        0.70000       -0.0181         2.8256        -0.0181         0.0026         0.0168 
BAR-estimator:      0.70000        0.75000       -0.0248         2.8009        -0.0248         0.0031         0.0171 
BAR-estimator:      0.75000        0.80000       -0.0326         2.7683        -0.0326         0.0027         0.0173 
BAR-estimator:      0.80000        0.85000       -0.0365         2.7318        -0.0365         0.0028         0.0176 
BAR-estimator:      0.85000        0.90000       -0.0458         2.6860        -0.0458         0.0028         0.0178 
BAR-estimator:      0.90000        0.95000       -0.0480         2.6380        -0.0480         0.0028         0.0180 
BAR-estimator:      0.95000        1.00000       -0.0545         2.5835        -0.0545         0.0030         0.0182 
BAR-estimator: total free energy change is 2.5835059818173685 , total error is 0.018236464349197956
