#========================================================================================
#                     Free energy perturbation    
#----------------------------------------------------------------------------------------
#forward/backward          λ              ΔΔA                 ΔA                  δε   
#                                                 
#----------------------------------------------------------------------------------------
forward:               0.0000              0.0000              0.0000              0.0000  
forward:               0.0500              1.1172              1.1172              0.0207  
forward:               0.1000              0.5785              1.6956              0.0239  
forward:               0.1500              0.3177              2.0133              0.0252  
forward:               0.2000              0.1909              2.2043              0.0264  
forward:               0.2500              0.1186              2.3229              0.0271  
forward:               0.3000              0.0765              2.3994              0.0276  
forward:               0.3500              0.0411              2.4405              0.0280  
forward:               0.4000              0.0081              2.4486              0.0284  
forward:               0.4500              0.0055              2.4541              0.0288  
forward:               0.5000             -0.0158              2.4384              0.0291  
forward:               0.5500             -0.0148              2.4235              0.0294  
forward:               0.6000             -0.0315              2.3921              0.0297  
forward:               0.6500             -0.0389              2.3531              0.0299  
forward:               0.7000             -0.0544              2.2988              0.0301  
forward:               0.7500             -0.0582              2.2406              0.0303  
forward:               0.8000             -0.0589              2.1817              0.0305  
forward:               0.8500             -0.0577              2.1240              0.0307  
forward:               0.9000             -0.0665              2.0574              0.0309  
forward:               0.9500             -0.0617              1.9957              0.0311  
forward:               1.0000             -0.0671              1.9286              0.0313  
backward:              1.0000              0.0000              1.9286              0.0000  
backward:              0.9500              0.0740              2.0026              0.0038  
backward:              0.9000              0.0633              2.0659              0.0055  
backward:              0.8500              0.0641              2.1301              0.0068  
backward:              0.8000              0.0581              2.1882              0.0079  
backward:              0.7500              0.0586              2.2468              0.0089  
backward:              0.7000              0.0466              2.2934              0.0098  
backward:              0.6500              0.0461              2.3395              0.0110  
backward:              0.6000              0.0412              2.3807              0.0119  
backward:              0.5500              0.0341              2.4148              0.0128  
backward:              0.5000              0.0137              2.4285              0.0138  
backward:              0.4500              0.0051              2.4336              0.0151  
backward:              0.4000             -0.0032              2.4305              0.0161  
backward:              0.3500             -0.0346              2.3959              0.0173  
backward:              0.3000             -0.0416              2.3542              0.0185  
backward:              0.2500             -0.0733              2.2810              0.0197  
backward:              0.2000             -0.1289              2.1521              0.0210  
backward:              0.1500             -0.1957              1.9564              0.0227  
backward:              0.1000             -0.3573              1.5991              0.0382  
backward:              0.0500             -0.6124              0.9867              0.0464  
backward:              0.0000             -1.1791             -0.1924              0.0554  
Inaccuracy estimation
======================================================================================================
                   i        i+δi          P0_overlap_P1   δε(forward)/ε   δε(backward)/ε
======================================================================================================
inaccuracy:  0.00000        0.05000           44.01           -0.03            1.02
inaccuracy:  0.05000        0.10000           55.13           -0.01            0.66
inaccuracy:  0.10000        0.15000           64.28           -0.01            0.32
inaccuracy:  0.15000        0.20000           69.93           -0.02            0.21
inaccuracy:  0.20000        0.25000           72.91           -0.01            0.16
inaccuracy:  0.25000        0.30000           72.64           -0.01            0.14
inaccuracy:  0.30000        0.35000           74.76           -0.00            0.12
inaccuracy:  0.35000        0.40000           77.17           -0.01            0.10
inaccuracy:  0.40000        0.45000           75.45           -0.01            0.10
inaccuracy:  0.45000        0.50000           76.47           -0.01            0.09
inaccuracy:  0.50000        0.55000           76.26           -0.01            0.09
inaccuracy:  0.55000        0.60000           76.24           -0.01            0.09
inaccuracy:  0.60000        0.65000           75.89           -0.02            0.09
inaccuracy:  0.65000        0.70000           77.44           -0.01            0.08
inaccuracy:  0.70000        0.75000           77.32           -0.01            0.08
inaccuracy:  0.75000        0.80000           76.43           -0.01            0.08
inaccuracy:  0.80000        0.85000           76.55           -0.02            0.08
inaccuracy:  0.85000        0.90000           76.29           -0.01            0.08
inaccuracy:  0.90000        0.95000           75.78           -0.01            0.08
inaccuracy:  0.95000        1.00000           75.68           -0.01            0.08
===================================================================================================================================
                BAR        
-----------------------------------------------------------------------------------------------------------------------------------
BAR-estimator:         λ             λ+δλ          ΔΔA             ΔA            C               Δδe            δe       
                          
-----------------------------------------------------------------------------------------------------------------------------------
BAR-estimator:      0.00000        0.05000        1.1482         1.1482         1.1482         0.0111         0.0111 
BAR-estimator:      0.05000        0.10000        0.5853         1.7335         0.5853         0.0081         0.0137 
BAR-estimator:      0.10000        0.15000        0.3179         2.0514         0.3179         0.0053         0.0147 
BAR-estimator:      0.15000        0.20000        0.1937         2.2451         0.1937         0.0050         0.0155 
BAR-estimator:      0.20000        0.25000        0.1221         2.3673         0.1221         0.0041         0.0161 
BAR-estimator:      0.25000        0.30000        0.0738         2.4410         0.0738         0.0038         0.0165 
BAR-estimator:      0.30000        0.35000        0.0413         2.4824         0.0413         0.0031         0.0168 
BAR-estimator:      0.35000        0.40000        0.0154         2.4978         0.0154         0.0033         0.0171 
BAR-estimator:      0.40000        0.45000        0.0039         2.5017         0.0039         0.0033         0.0174 
BAR-estimator:      0.45000        0.50000       -0.0145         2.4872        -0.0145         0.0029         0.0177 
BAR-estimator:      0.50000        0.55000       -0.0151         2.4721        -0.0151         0.0031         0.0179 
BAR-estimator:      0.55000        0.60000       -0.0314         2.4407        -0.0314         0.0029         0.0182 
BAR-estimator:      0.60000        0.65000       -0.0417         2.3990        -0.0417         0.0026         0.0183 
BAR-estimator:      0.65000        0.70000       -0.0522         2.3468        -0.0522         0.0028         0.0186 
BAR-estimator:      0.70000        0.75000       -0.0539         2.2929        -0.0539         0.0029         0.0188 
BAR-estimator:      0.75000        0.80000       -0.0591         2.2338        -0.0591         0.0028         0.0190 
BAR-estimator:      0.80000        0.85000       -0.0586         2.1751        -0.0586         0.0028         0.0192 
BAR-estimator:      0.85000        0.90000       -0.0674         2.1077        -0.0674         0.0029         0.0194 
BAR-estimator:      0.90000        0.95000       -0.0637         2.0440        -0.0637         0.0033         0.0197 
BAR-estimator:      0.95000        1.00000       -0.0698         1.9743        -0.0698         0.0030         0.0199 
BAR-estimator: total free energy change is 1.9742738262159956 , total error is 0.019906168326783175
