#========================================================================================
#                     Free energy perturbation    
#----------------------------------------------------------------------------------------
#forward/backward          λ              ΔΔA                 ΔA                  δε   
#                                                 
#----------------------------------------------------------------------------------------
forward:               0.0000              0.0000              0.0000              0.0000  
forward:               0.0500              1.5813              1.5813              0.0257  
forward:               0.1000              0.9256              2.5069              0.0310  
forward:               0.1500              0.4516              2.9585              0.0332  
forward:               0.2000              0.2423              3.2008              0.0343  
forward:               0.2500              0.1419              3.3427              0.0349  
forward:               0.3000              0.0718              3.4145              0.0355  
forward:               0.3500              0.0257              3.4403              0.0360  
forward:               0.4000             -0.0168              3.4234              0.0366  
forward:               0.4500             -0.0301              3.3933              0.0369  
forward:               0.5000             -0.0647              3.3286              0.0371  
forward:               0.5500             -0.1384              3.1902              0.0376  
forward:               0.6000             -0.2960              2.8942              0.0380  
forward:               0.6500             -0.4475              2.4467              0.0385  
forward:               0.7000             -0.5951              1.8517              0.0390  
forward:               0.7500             -0.6848              1.1669              0.0394  
forward:               0.8000             -0.7616              0.4053              0.0397  
forward:               0.8500             -0.7986             -0.3933              0.0401  
forward:               0.9000             -0.8211             -1.2144              0.0404  
forward:               0.9500             -0.8339             -2.0482              0.0406  
forward:               1.0000             -0.8321             -2.8803              0.0410  
backward:              1.0000              0.0000             -2.8803              0.0000  
backward:              0.9500              0.8340             -2.0464              0.0054  
backward:              0.9000              0.8253             -1.2211              0.0085  
backward:              0.8500              0.8282             -0.3929              0.0102  
backward:              0.8000              0.8027              0.4098              0.0117  
backward:              0.7500              0.7515              1.1613              0.0134  
backward:              0.7000              0.7047              1.8660              0.0146  
backward:              0.6500              0.5874              2.4534              0.0164  
backward:              0.6000              0.4390              2.8923              0.0177  
backward:              0.5500              0.2982              3.1905              0.0189  
backward:              0.5000              0.1297              3.3202              0.0199  
backward:              0.4500              0.0607              3.3809              0.0208  
backward:              0.4000              0.0459              3.4268              0.0215  
backward:              0.3500              0.0063              3.4332              0.0224  
backward:              0.3000             -0.0259              3.4072              0.0235  
backward:              0.2500             -0.0791              3.3282              0.0247  
backward:              0.2000             -0.1448              3.1834              0.0258  
backward:              0.1500             -0.2475              2.9359              0.0275  
backward:              0.1000             -0.4437              2.4922              0.0307  
backward:              0.0500             -0.8195              1.6726              0.0347  
backward:              0.0000             -1.6111              0.0615              0.0544  
Inaccuracy estimation
======================================================================================================
                   i        i+δi          P0_overlap_P1   δε(forward)/ε   δε(backward)/ε
======================================================================================================
inaccuracy:  0.00000        0.05000           36.94           -0.03            1.72
inaccuracy:  0.05000        0.10000           45.27           -0.04            1.13
inaccuracy:  0.10000        0.15000           58.40           -0.02            0.52
inaccuracy:  0.15000        0.20000           65.18           -0.02            0.29
inaccuracy:  0.20000        0.25000           68.83           -0.01            0.21
inaccuracy:  0.25000        0.30000           70.62           -0.01            0.17
inaccuracy:  0.30000        0.35000           71.94           -0.02            0.14
inaccuracy:  0.35000        0.40000           73.92           -0.02            0.12
inaccuracy:  0.40000        0.45000           72.32           -0.02            0.11
inaccuracy:  0.45000        0.50000           74.52           -0.02            0.11
inaccuracy:  0.50000        0.55000           69.00           -0.07            0.13
inaccuracy:  0.55000        0.60000           68.74           -0.08            0.11
inaccuracy:  0.60000        0.65000           68.90           -0.08            0.08
inaccuracy:  0.65000        0.70000           68.97           -0.09            0.07
inaccuracy:  0.70000        0.75000           67.05           -0.09            0.06
inaccuracy:  0.75000        0.80000           69.74           -0.08            0.06
inaccuracy:  0.80000        0.85000           69.46           -0.07            0.06
inaccuracy:  0.85000        0.90000           69.12           -0.09            0.06
inaccuracy:  0.90000        0.95000           68.60           -0.08            0.06
inaccuracy:  0.95000        1.00000           68.08           -0.07            0.06
===================================================================================================================================
                BAR        
-----------------------------------------------------------------------------------------------------------------------------------
BAR-estimator:         λ             λ+δλ          ΔΔA             ΔA            C               Δδe            δe       
                          
-----------------------------------------------------------------------------------------------------------------------------------
BAR-estimator:      0.00000        0.05000        1.5996         1.5996         1.5996         0.0132         0.0132 
BAR-estimator:      0.05000        0.10000        0.9100         2.5097         0.9100         0.0116         0.0176 
BAR-estimator:      0.10000        0.15000        0.4567         2.9664         0.4567         0.0076         0.0191 
BAR-estimator:      0.15000        0.20000        0.2466         3.2131         0.2466         0.0058         0.0200 
BAR-estimator:      0.20000        0.25000        0.1465         3.3595         0.1465         0.0046         0.0205 
BAR-estimator:      0.25000        0.30000        0.0731         3.4327         0.0731         0.0044         0.0210 
BAR-estimator:      0.30000        0.35000        0.0279         3.4606         0.0279         0.0041         0.0214 
BAR-estimator:      0.35000        0.40000       -0.0125         3.4481        -0.0125         0.0045         0.0219 
BAR-estimator:      0.40000        0.45000       -0.0357         3.4123        -0.0357         0.0033         0.0221 
BAR-estimator:      0.45000        0.50000       -0.0633         3.3490        -0.0633         0.0031         0.0223 
BAR-estimator:      0.50000        0.55000       -0.1344         3.2146        -0.1344         0.0037         0.0226 
BAR-estimator:      0.55000        0.60000       -0.2968         2.9178        -0.2968         0.0039         0.0230 
BAR-estimator:      0.60000        0.65000       -0.4473         2.4705        -0.4473         0.0040         0.0233 
BAR-estimator:      0.65000        0.70000       -0.5920         1.8784        -0.5920         0.0043         0.0237 
BAR-estimator:      0.70000        0.75000       -0.6933         1.1851        -0.6933         0.0035         0.0240 
BAR-estimator:      0.75000        0.80000       -0.7596         0.4255        -0.7596         0.0036         0.0242 
BAR-estimator:      0.80000        0.85000       -0.7976        -0.3721        -0.7976         0.0038         0.0245 
BAR-estimator:      0.85000        0.90000       -0.8259        -1.1980        -0.8259         0.0040         0.0248 
BAR-estimator:      0.90000        0.95000       -0.8338        -2.0319        -0.8338         0.0039         0.0251 
BAR-estimator:      0.95000        1.00000       -0.8330        -2.8649        -0.8330         0.0039         0.0254 
BAR-estimator: total free energy change is -2.8648607245852493 , total error is 0.025444468763330015
