#========================================================================================
#                     Free energy perturbation    
#----------------------------------------------------------------------------------------
#forward/backward          λ              ΔΔA                 ΔA                  δε   
#                                                 
#----------------------------------------------------------------------------------------
forward:               0.0000              0.0000              0.0000              0.0000  
forward:               0.0500              0.8117              0.8117              0.0136  
forward:               0.1000              0.5153              1.3270              0.0181  
forward:               0.1500              0.3685              1.6955              0.0200  
forward:               0.2000              0.2727              1.9682              0.0209  
forward:               0.2500              0.2107              2.1788              0.0217  
forward:               0.3000              0.1605              2.3394              0.0223  
forward:               0.3500              0.1367              2.4761              0.0228  
forward:               0.4000              0.1089              2.5850              0.0232  
forward:               0.4500              0.0967              2.6817              0.0237  
forward:               0.5000              0.0751              2.7569              0.0240  
forward:               0.5500              0.0652              2.8221              0.0246  
forward:               0.6000              0.0044              2.8264              0.0250  
forward:               0.6500             -0.0332              2.7933              0.0253  
forward:               0.7000             -0.0595              2.7337              0.0255  
forward:               0.7500             -0.0845              2.6493              0.0257  
forward:               0.8000             -0.0934              2.5559              0.0260  
forward:               0.8500             -0.1069              2.4490              0.0262  
forward:               0.9000             -0.1199              2.3290              0.0264  
forward:               0.9500             -0.1196              2.2094              0.0266  
forward:               1.0000             -0.1385              2.0710              0.0268  
backward:              1.0000              0.0000              2.0710              0.0000  
backward:              0.9500              0.1327              2.2036              0.0041  
backward:              0.9000              0.1225              2.3261              0.0057  
backward:              0.8500              0.1253              2.4514              0.0069  
backward:              0.8000              0.1058              2.5572              0.0079  
backward:              0.7500              0.0926              2.6498              0.0089  
backward:              0.7000              0.0735              2.7233              0.0098  
backward:              0.6500              0.0567              2.7800              0.0107  
backward:              0.6000              0.0262              2.8062              0.0116  
backward:              0.5500             -0.0082              2.7981              0.0124  
backward:              0.5000             -0.0657              2.7324              0.0137  
backward:              0.4500             -0.0796              2.6527              0.0143  
backward:              0.4000             -0.1011              2.5517              0.0153  
backward:              0.3500             -0.1073              2.4443              0.0163  
backward:              0.3000             -0.1314              2.3129              0.0172  
backward:              0.2500             -0.1759              2.1370              0.0191  
backward:              0.2000             -0.2050              1.9320              0.0202  
backward:              0.1500             -0.2672              1.6648              0.0220  
backward:              0.1000             -0.3537              1.3111              0.0240  
backward:              0.0500             -0.5375              0.7736              0.0322  
backward:              0.0000             -0.8212             -0.0475              0.0380  
Inaccuracy estimation
======================================================================================================
                   i        i+δi          P0_overlap_P1   δε(forward)/ε   δε(backward)/ε
======================================================================================================
inaccuracy:  0.00000        0.05000           53.87           -0.01            0.64
inaccuracy:  0.05000        0.10000           62.49           -0.00            0.41
inaccuracy:  0.10000        0.15000           66.88           -0.01            0.26
inaccuracy:  0.15000        0.20000           70.03           -0.01            0.19
inaccuracy:  0.20000        0.25000           73.21           -0.01            0.15
inaccuracy:  0.25000        0.30000           75.56           -0.01            0.12
inaccuracy:  0.30000        0.35000           76.65           -0.01            0.11
inaccuracy:  0.35000        0.40000           77.45           -0.00            0.10
inaccuracy:  0.40000        0.45000           78.06           -0.01            0.08
inaccuracy:  0.45000        0.50000           78.85           -0.01            0.08
inaccuracy:  0.50000        0.55000           76.00           -0.01            0.10
inaccuracy:  0.55000        0.60000           76.94           -0.02            0.08
inaccuracy:  0.60000        0.65000           78.10           -0.02            0.08
inaccuracy:  0.65000        0.70000           77.84           -0.02            0.06
inaccuracy:  0.70000        0.75000           78.54           -0.01            0.06
inaccuracy:  0.75000        0.80000           77.61           -0.02            0.07
inaccuracy:  0.80000        0.85000           77.86           -0.02            0.07
inaccuracy:  0.85000        0.90000           77.36           -0.01            0.07
inaccuracy:  0.90000        0.95000           76.99           -0.01            0.07
inaccuracy:  0.95000        1.00000           77.37           -0.02            0.06
===================================================================================================================================
                BAR        
-----------------------------------------------------------------------------------------------------------------------------------
BAR-estimator:         λ             λ+δλ          ΔΔA             ΔA            C               Δδe            δe       
                          
-----------------------------------------------------------------------------------------------------------------------------------
BAR-estimator:      0.00000        0.05000        0.8100         0.8100         0.8100         0.0083         0.0083 
BAR-estimator:      0.05000        0.10000        0.5145         1.3246         0.5145         0.0075         0.0112 
BAR-estimator:      0.10000        0.15000        0.3617         1.6863         0.3617         0.0055         0.0125 
BAR-estimator:      0.15000        0.20000        0.2694         1.9557         0.2694         0.0042         0.0132 
BAR-estimator:      0.20000        0.25000        0.2086         2.1644         0.2086         0.0038         0.0137 
BAR-estimator:      0.25000        0.30000        0.1624         2.3268         0.1624         0.0038         0.0142 
BAR-estimator:      0.30000        0.35000        0.1355         2.4623         0.1355         0.0033         0.0146 
BAR-estimator:      0.35000        0.40000        0.1084         2.5706         0.1084         0.0031         0.0149 
BAR-estimator:      0.40000        0.45000        0.0955         2.6662         0.0955         0.0030         0.0152 
BAR-estimator:      0.45000        0.50000        0.0771         2.7432         0.0771         0.0028         0.0155 
BAR-estimator:      0.50000        0.55000        0.0650         2.8083         0.0650         0.0037         0.0159 
BAR-estimator:      0.55000        0.60000        0.0044         2.8127         0.0044         0.0031         0.0162 
BAR-estimator:      0.60000        0.65000       -0.0287         2.7839        -0.0287         0.0028         0.0165 
BAR-estimator:      0.65000        0.70000       -0.0594         2.7245        -0.0594         0.0025         0.0167 
BAR-estimator:      0.70000        0.75000       -0.0801         2.6444        -0.0801         0.0026         0.0169 
BAR-estimator:      0.75000        0.80000       -0.0934         2.5510        -0.0934         0.0027         0.0171 
BAR-estimator:      0.80000        0.85000       -0.1055         2.4455        -0.1055         0.0027         0.0173 
BAR-estimator:      0.85000        0.90000       -0.1212         2.3243        -0.1212         0.0028         0.0175 
BAR-estimator:      0.90000        0.95000       -0.1210         2.2034        -0.1210         0.0027         0.0177 
BAR-estimator:      0.95000        1.00000       -0.1374         2.0660        -0.1374         0.0030         0.0179 
BAR-estimator: total free energy change is 2.065975156900306 , total error is 0.017947295540603078
