#========================================================================================
#                     Free energy perturbation    
#----------------------------------------------------------------------------------------
#forward/backward          λ              ΔΔA                 ΔA                  δε   
#                                                 
#----------------------------------------------------------------------------------------
forward:               0.0000              0.0000              0.0000              0.0000  
forward:               0.0500              2.1354              2.1354              0.0197  
forward:               0.1000              1.0915              3.2268              0.0268  
forward:               0.1500              0.5793              3.8061              0.0302  
forward:               0.2000              0.3407              4.1468              0.0319  
forward:               0.2500              0.1977              4.3446              0.0327  
forward:               0.3000              0.1076              4.4522              0.0334  
forward:               0.3500              0.0340              4.4861              0.0340  
forward:               0.4000             -0.0236              4.4625              0.0345  
forward:               0.4500             -0.0543              4.4082              0.0349  
forward:               0.5000             -0.0902              4.3180              0.0353  
forward:               0.5500             -0.1289              4.1891              0.0356  
forward:               0.6000             -0.2080              3.9811              0.0360  
forward:               0.6500             -0.2640              3.7171              0.0364  
forward:               0.7000             -0.3295              3.3876              0.0368  
forward:               0.7500             -0.3706              3.0170              0.0370  
forward:               0.8000             -0.4114              2.6056              0.0373  
forward:               0.8500             -0.4396              2.1660              0.0375  
forward:               0.9000             -0.4721              1.6939              0.0378  
forward:               0.9500             -0.4910              1.2029              0.0380  
forward:               1.0000             -0.5070              0.6959              0.0383  
backward:              1.0000              0.0000              0.6959              0.0000  
backward:              0.9500              0.5146              1.2105              0.0038  
backward:              0.9000              0.4874              1.6979              0.0062  
backward:              0.8500              0.4625              2.1604              0.0084  
backward:              0.8000              0.4435              2.6039              0.0097  
backward:              0.7500              0.4107              3.0146              0.0108  
backward:              0.7000              0.3699              3.3845              0.0119  
backward:              0.6500              0.3251              3.7096              0.0130  
backward:              0.6000              0.2661              3.9757              0.0142  
backward:              0.5500              0.2118              4.1875              0.0155  
backward:              0.5000              0.1387              4.3262              0.0168  
backward:              0.4500              0.0821              4.4083              0.0179  
backward:              0.4000              0.0504              4.4587              0.0189  
backward:              0.3500              0.0145              4.4732              0.0200  
backward:              0.3000             -0.0322              4.4410              0.0215  
backward:              0.2500             -0.1037              4.3372              0.0271  
backward:              0.2000             -0.1747              4.1625              0.0286  
backward:              0.1500             -0.3536              3.8089              0.0313  
backward:              0.1000             -0.5798              3.2291              0.0358  
backward:              0.0500             -1.0570              2.1721              0.0442  
backward:              0.0000             -1.8991              0.2730              0.0562  
Inaccuracy estimation
======================================================================================================
                   i        i+δi          P0_overlap_P1   δε(forward)/ε   δε(backward)/ε
======================================================================================================
inaccuracy:  0.00000        0.05000           25.67           -0.01            3.64
inaccuracy:  0.05000        0.10000           42.14           -0.05            1.27
inaccuracy:  0.10000        0.15000           53.99           -0.03            0.63
inaccuracy:  0.15000        0.20000           60.50           -0.03            0.37
inaccuracy:  0.20000        0.25000           62.82           -0.02            0.27
inaccuracy:  0.25000        0.30000           66.18           -0.02            0.22
inaccuracy:  0.30000        0.35000           68.43           -0.02            0.17
inaccuracy:  0.35000        0.40000           71.17           -0.02            0.14
inaccuracy:  0.40000        0.45000           71.69           -0.02            0.13
inaccuracy:  0.45000        0.50000           72.49           -0.02            0.12
inaccuracy:  0.50000        0.55000           68.62           -0.03            0.13
inaccuracy:  0.55000        0.60000           69.89           -0.04            0.11
inaccuracy:  0.60000        0.65000           70.47           -0.04            0.10
inaccuracy:  0.65000        0.70000           71.76           -0.04            0.09
inaccuracy:  0.70000        0.75000           71.18           -0.03            0.08
inaccuracy:  0.75000        0.80000           71.88           -0.04            0.09
inaccuracy:  0.80000        0.85000           70.82           -0.04            0.08
inaccuracy:  0.85000        0.90000           71.65           -0.04            0.08
inaccuracy:  0.90000        0.95000           71.90           -0.04            0.08
inaccuracy:  0.95000        1.00000           70.56           -0.05            0.08
===================================================================================================================================
                BAR        
-----------------------------------------------------------------------------------------------------------------------------------
BAR-estimator:         λ             λ+δλ          ΔΔA             ΔA            C               Δδe            δe       
                          
-----------------------------------------------------------------------------------------------------------------------------------
BAR-estimator:      0.00000        0.05000        2.0759         2.0759         2.0759         0.0148         0.0148 
BAR-estimator:      0.05000        0.10000        1.0799         3.1558         1.0799         0.0102         0.0180 
BAR-estimator:      0.10000        0.15000        0.5855         3.7413         0.5855         0.0077         0.0195 
BAR-estimator:      0.15000        0.20000        0.3449         4.0863         0.3449         0.0065         0.0206 
BAR-estimator:      0.20000        0.25000        0.1925         4.2787         0.1925         0.0049         0.0212 
BAR-estimator:      0.25000        0.30000        0.1011         4.3798         0.1011         0.0045         0.0217 
BAR-estimator:      0.30000        0.35000        0.0313         4.4112         0.0313         0.0042         0.0221 
BAR-estimator:      0.35000        0.40000       -0.0210         4.3902        -0.0210         0.0040         0.0224 
BAR-estimator:      0.40000        0.45000       -0.0524         4.3378        -0.0524         0.0037         0.0227 
BAR-estimator:      0.45000        0.50000       -0.0854         4.2524        -0.0854         0.0034         0.0230 
BAR-estimator:      0.50000        0.55000       -0.1330         4.1194        -0.1330         0.0037         0.0233 
BAR-estimator:      0.55000        0.60000       -0.2096         3.9098        -0.2096         0.0035         0.0235 
BAR-estimator:      0.60000        0.65000       -0.2656         3.6442        -0.2656         0.0034         0.0238 
BAR-estimator:      0.65000        0.70000       -0.3286         3.3155        -0.3286         0.0035         0.0240 
BAR-estimator:      0.70000        0.75000       -0.3704         2.9452        -0.3704         0.0033         0.0242 
BAR-estimator:      0.75000        0.80000       -0.4080         2.5372        -0.4080         0.0034         0.0245 
BAR-estimator:      0.80000        0.85000       -0.4417         2.0955        -0.4417         0.0033         0.0247 
BAR-estimator:      0.85000        0.90000       -0.4666         1.6289        -0.4666         0.0035         0.0250 
BAR-estimator:      0.90000        0.95000       -0.4887         1.1401        -0.4887         0.0033         0.0252 
BAR-estimator:      0.95000        1.00000       -0.5102         0.6299        -0.5102         0.0035         0.0254 
BAR-estimator: total free energy change is 0.6299375876286791 , total error is 0.02541328196204812
