#========================================================================================
#                     Free energy perturbation    
#----------------------------------------------------------------------------------------
#forward/backward          λ              ΔΔA                 ΔA                  δε   
#                                                 
#----------------------------------------------------------------------------------------
forward:               0.0000              0.0000              0.0000              0.0000  
forward:               0.0500              1.8843              1.8843              0.0288  
forward:               0.1000              0.9833              2.8676              0.0348  
forward:               0.1500              0.5010              3.3686              0.0369  
forward:               0.2000              0.2523              3.6209              0.0377  
forward:               0.2500              0.1411              3.7620              0.0385  
forward:               0.3000              0.0564              3.8183              0.0391  
forward:               0.3500              0.0100              3.8283              0.0395  
forward:               0.4000             -0.0438              3.7845              0.0398  
forward:               0.4500             -0.0703              3.7142              0.0401  
forward:               0.5000             -0.0930              3.6212              0.0403  
forward:               0.5500             -0.1389              3.4823              0.0406  
forward:               0.6000             -0.2338              3.2485              0.0409  
forward:               0.6500             -0.3059              2.9426              0.0411  
forward:               0.7000             -0.3581              2.5845              0.0414  
forward:               0.7500             -0.4057              2.1787              0.0416  
forward:               0.8000             -0.4626              1.7161              0.0417  
forward:               0.8500             -0.4945              1.2217              0.0419  
forward:               0.9000             -0.5207              0.7010              0.0421  
forward:               0.9500             -0.5449              0.1560              0.0423  
forward:               1.0000             -0.5639             -0.4079              0.0424  
backward:              1.0000              0.0000             -0.4079              0.0000  
backward:              0.9500              0.5577              0.1498              0.0050  
backward:              0.9000              0.5405              0.6903              0.0068  
backward:              0.8500              0.5259              1.2162              0.0082  
backward:              0.8000              0.4832              1.6994              0.0091  
backward:              0.7500              0.4559              2.1553              0.0104  
backward:              0.7000              0.4180              2.5733              0.0113  
backward:              0.6500              0.3705              2.9438              0.0123  
backward:              0.6000              0.3078              3.2516              0.0155  
backward:              0.5500              0.2370              3.4886              0.0174  
backward:              0.5000              0.1451              3.6337              0.0184  
backward:              0.4500              0.0909              3.7246              0.0194  
backward:              0.4000              0.0701              3.7947              0.0202  
backward:              0.3500              0.0451              3.8398              0.0209  
backward:              0.3000             -0.0102              3.8296              0.0223  
backward:              0.2500             -0.0462              3.7834              0.0228  
backward:              0.2000             -0.1505              3.6330              0.0250  
backward:              0.1500             -0.2474              3.3856              0.0269  
backward:              0.1000             -0.4975              2.8880              0.0304  
backward:              0.0500             -0.9765              1.9116              0.0403  
backward:              0.0000             -1.8668              0.0448              0.0589  
Inaccuracy estimation
======================================================================================================
                   i        i+δi          P0_overlap_P1   δε(forward)/ε   δε(backward)/ε
======================================================================================================
inaccuracy:  0.00000        0.05000           32.32           -0.02            2.49
inaccuracy:  0.05000        0.10000           45.06           -0.04            1.17
inaccuracy:  0.10000        0.15000           56.85           -0.03            0.55
inaccuracy:  0.15000        0.20000           63.75           -0.02            0.29
inaccuracy:  0.20000        0.25000           67.92           -0.02            0.20
inaccuracy:  0.25000        0.30000           69.94           -0.02            0.17
inaccuracy:  0.30000        0.35000           71.38           -0.01            0.14
inaccuracy:  0.35000        0.40000           73.37           -0.02            0.12
inaccuracy:  0.40000        0.45000           74.43           -0.01            0.10
inaccuracy:  0.45000        0.50000           75.07           -0.02            0.10
inaccuracy:  0.50000        0.55000           70.01           -0.04            0.12
inaccuracy:  0.55000        0.60000           71.33           -0.03            0.10
inaccuracy:  0.60000        0.65000           72.59           -0.04            0.08
inaccuracy:  0.65000        0.70000           71.68           -0.04            0.08
inaccuracy:  0.70000        0.75000           72.32           -0.05            0.07
inaccuracy:  0.75000        0.80000           74.30           -0.04            0.06
inaccuracy:  0.80000        0.85000           73.31           -0.04            0.06
inaccuracy:  0.85000        0.90000           72.23           -0.05            0.06
inaccuracy:  0.90000        0.95000           73.23           -0.04            0.06
inaccuracy:  0.95000        1.00000           73.12           -0.04            0.06
===================================================================================================================================
                BAR        
-----------------------------------------------------------------------------------------------------------------------------------
BAR-estimator:         λ             λ+δλ          ΔΔA             ΔA            C               Δδe            δe       
                          
-----------------------------------------------------------------------------------------------------------------------------------
BAR-estimator:      0.00000        0.05000        1.9035         1.9035         1.9035         0.0142         0.0142 
BAR-estimator:      0.05000        0.10000        1.0012         2.9047         1.0012         0.0102         0.0175 
BAR-estimator:      0.10000        0.15000        0.5033         3.4079         0.5033         0.0085         0.0195 
BAR-estimator:      0.15000        0.20000        0.2530         3.6609         0.2530         0.0051         0.0201 
BAR-estimator:      0.20000        0.25000        0.1434         3.8044         0.1434         0.0048         0.0207 
BAR-estimator:      0.25000        0.30000        0.0531         3.8575         0.0531         0.0029         0.0209 
BAR-estimator:      0.30000        0.35000        0.0082         3.8657         0.0082         0.0046         0.0214 
BAR-estimator:      0.35000        0.40000       -0.0439         3.8218        -0.0439         0.0045         0.0218 
BAR-estimator:      0.40000        0.45000       -0.0692         3.7526        -0.0692         0.0032         0.0221 
BAR-estimator:      0.45000        0.50000       -0.0916         3.6610        -0.0916         0.0031         0.0223 
BAR-estimator:      0.50000        0.55000       -0.1400         3.5210        -0.1400         0.0034         0.0225 
BAR-estimator:      0.55000        0.60000       -0.2356         3.2855        -0.2356         0.0035         0.0228 
BAR-estimator:      0.60000        0.65000       -0.3048         2.9807        -0.3048         0.0032         0.0230 
BAR-estimator:      0.65000        0.70000       -0.3622         2.6185        -0.3622         0.0033         0.0233 
BAR-estimator:      0.70000        0.75000       -0.4093         2.2092        -0.4093         0.0032         0.0235 
BAR-estimator:      0.75000        0.80000       -0.4598         1.7494        -0.4598         0.0029         0.0237 
BAR-estimator:      0.80000        0.85000       -0.4928         1.2566        -0.4928         0.0036         0.0239 
BAR-estimator:      0.85000        0.90000       -0.5232         0.7335        -0.5232         0.0043         0.0243 
BAR-estimator:      0.90000        0.95000       -0.5413         0.1922        -0.5413         0.0033         0.0245 
BAR-estimator:      0.95000        1.00000       -0.5631        -0.3709        -0.5631         0.0034         0.0248 
BAR-estimator: total free energy change is -0.37088723942303503 , total error is 0.024766621419878326
