#========================================================================================
#                     Free energy perturbation    
#----------------------------------------------------------------------------------------
#forward/backward          λ              ΔΔA                 ΔA                  δε   
#                                                 
#----------------------------------------------------------------------------------------
forward:               0.0000              0.0000              0.0000              0.0000  
forward:               0.0500              1.6570              1.6570              0.0291  
forward:               0.1000              0.9739              2.6309              0.0327  
forward:               0.1500              0.5056              3.1366              0.0354  
forward:               0.2000              0.2800              3.4166              0.0366  
forward:               0.2500              0.1357              3.5523              0.0370  
forward:               0.3000              0.0534              3.6057              0.0375  
forward:               0.3500             -0.0022              3.6035              0.0379  
forward:               0.4000             -0.0367              3.5668              0.0382  
forward:               0.4500             -0.0762              3.4906              0.0385  
forward:               0.5000             -0.0879              3.4027              0.0387  
forward:               0.5500             -0.2110              3.1917              0.0393  
forward:               0.6000             -0.4321              2.7596              0.0397  
forward:               0.6500             -0.6268              2.1328              0.0402  
forward:               0.7000             -0.7727              1.3601              0.0406  
forward:               0.7500             -0.8951              0.4649              0.0411  
forward:               0.8000             -0.9911             -0.5262              0.0415  
forward:               0.8500             -1.0270             -1.5532              0.0419  
forward:               0.9000             -1.0604             -2.6136              0.0422  
forward:               0.9500             -1.0751             -3.6886              0.0425  
forward:               1.0000             -1.0920             -4.7806              0.0427  
backward:              1.0000              0.0000             -4.7806              0.0000  
backward:              0.9500              1.0843             -3.6963              0.0055  
backward:              0.9000              1.0709             -2.6254              0.0084  
backward:              0.8500              1.0460             -1.5794              0.0111  
backward:              0.8000              1.0205             -0.5590              0.0127  
backward:              0.7500              0.9679              0.4089              0.0150  
backward:              0.7000              0.8898              1.2987              0.0163  
backward:              0.6500              0.7694              2.0681              0.0178  
backward:              0.6000              0.6087              2.6768              0.0190  
backward:              0.5500              0.4290              3.1057              0.0200  
backward:              0.5000              0.2054              3.3112              0.0211  
backward:              0.4500              0.0919              3.4030              0.0218  
backward:              0.4000              0.0634              3.4665              0.0223  
backward:              0.3500              0.0430              3.5095              0.0231  
backward:              0.3000              0.0018              3.5113              0.0243  
backward:              0.2500             -0.0488              3.4625              0.0253  
backward:              0.2000             -0.1297              3.3328              0.0266  
backward:              0.1500             -0.2659              3.0669              0.0327  
backward:              0.1000             -0.5076              2.5593              0.0367  
backward:              0.0500             -0.9700              1.5894              0.0569  
backward:              0.0000             -1.7318             -0.1424              0.0687  
Inaccuracy estimation
======================================================================================================
                   i        i+δi          P0_overlap_P1   δε(forward)/ε   δε(backward)/ε
======================================================================================================
inaccuracy:  0.00000        0.05000           37.22           -0.03            1.70
inaccuracy:  0.05000        0.10000           44.17           -0.03            1.15
inaccuracy:  0.10000        0.15000           55.92           -0.02            0.57
inaccuracy:  0.15000        0.20000           61.09           -0.02            0.36
inaccuracy:  0.20000        0.25000           67.05           -0.01            0.22
inaccuracy:  0.25000        0.30000           69.77           -0.02            0.16
inaccuracy:  0.30000        0.35000           71.77           -0.01            0.14
inaccuracy:  0.35000        0.40000           71.81           -0.02            0.12
inaccuracy:  0.40000        0.45000           74.59           -0.01            0.10
inaccuracy:  0.45000        0.50000           73.68           -0.02            0.10
inaccuracy:  0.50000        0.55000           66.62           -0.07            0.15
inaccuracy:  0.55000        0.60000           66.93           -0.09            0.10
inaccuracy:  0.60000        0.65000           67.78           -0.09            0.07
inaccuracy:  0.65000        0.70000           66.61           -0.09            0.06
inaccuracy:  0.70000        0.75000           67.98           -0.09            0.05
inaccuracy:  0.75000        0.80000           68.38           -0.09            0.04
inaccuracy:  0.80000        0.85000           68.07           -0.09            0.04
inaccuracy:  0.85000        0.90000           67.54           -0.11            0.04
inaccuracy:  0.90000        0.95000           67.50           -0.10            0.04
inaccuracy:  0.95000        1.00000           67.50           -0.10            0.04
===================================================================================================================================
                BAR        
-----------------------------------------------------------------------------------------------------------------------------------
BAR-estimator:         λ             λ+δλ          ΔΔA             ΔA            C               Δδe            δe       
                          
-----------------------------------------------------------------------------------------------------------------------------------
BAR-estimator:      0.00000        0.05000        1.6903         1.6903         1.6903         0.0131         0.0131 
BAR-estimator:      0.05000        0.10000        0.9697         2.6600         0.9697         0.0099         0.0165 
BAR-estimator:      0.10000        0.15000        0.5080         3.1680         0.5080         0.0087         0.0186 
BAR-estimator:      0.15000        0.20000        0.2719         3.4399         0.2719         0.0063         0.0197 
BAR-estimator:      0.20000        0.25000        0.1355         3.5755         0.1355         0.0052         0.0204 
BAR-estimator:      0.25000        0.30000        0.0521         3.6275         0.0521         0.0047         0.0209 
BAR-estimator:      0.30000        0.35000       -0.0007         3.6269        -0.0007         0.0040         0.0213 
BAR-estimator:      0.35000        0.40000       -0.0401         3.5867        -0.0401         0.0033         0.0215 
BAR-estimator:      0.40000        0.45000       -0.0721         3.5146        -0.0721         0.0030         0.0217 
BAR-estimator:      0.45000        0.50000       -0.0898         3.4248        -0.0898         0.0031         0.0220 
BAR-estimator:      0.50000        0.55000       -0.2090         3.2159        -0.2090         0.0046         0.0224 
BAR-estimator:      0.55000        0.60000       -0.4306         2.7853        -0.4306         0.0038         0.0228 
BAR-estimator:      0.60000        0.65000       -0.6174         2.1679        -0.6174         0.0036         0.0230 
BAR-estimator:      0.65000        0.70000       -0.7750         1.3928        -0.7750         0.0048         0.0235 
BAR-estimator:      0.70000        0.75000       -0.8919         0.5010        -0.8919         0.0041         0.0239 
BAR-estimator:      0.75000        0.80000       -0.9835        -0.4825        -0.9835         0.0037         0.0242 
BAR-estimator:      0.80000        0.85000       -1.0236        -1.5062        -1.0236         0.0037         0.0244 
BAR-estimator:      0.85000        0.90000       -1.0569        -2.5631        -1.0569         0.0038         0.0247 
BAR-estimator:      0.90000        0.95000       -1.0747        -3.6379        -1.0747         0.0043         0.0251 
BAR-estimator:      0.95000        1.00000       -1.0863        -4.7242        -1.0863         0.0041         0.0254 
BAR-estimator: total free energy change is -4.724198552311151 , total error is 0.025449642057816694
