#========================================================================================
#                     Free energy perturbation    
#----------------------------------------------------------------------------------------
#forward/backward          λ              ΔΔA                 ΔA                  δε   
#                                                 
#----------------------------------------------------------------------------------------
forward:               0.0000              0.0000              0.0000              0.0000  
forward:               0.0500              2.2310              2.2310              0.0337  
forward:               0.1000              1.3139              3.5449              0.0409  
forward:               0.1500              0.6848              4.2298              0.0443  
forward:               0.2000              0.3225              4.5523              0.0454  
forward:               0.2500              0.1715              4.7238              0.0460  
forward:               0.3000              0.0661              4.7899              0.0465  
forward:               0.3500              0.0192              4.8091              0.0469  
forward:               0.4000             -0.0325              4.7765              0.0473  
forward:               0.4500             -0.0629              4.7136              0.0475  
forward:               0.5000             -0.0925              4.6211              0.0478  
forward:               0.5500             -0.1916              4.4295              0.0481  
forward:               0.6000             -0.3350              4.0945              0.0483  
forward:               0.6500             -0.4263              3.6682              0.0485  
forward:               0.7000             -0.5118              3.1564              0.0486  
forward:               0.7500             -0.5801              2.5763              0.0489  
forward:               0.8000             -0.6410              1.9353              0.0490  
forward:               0.8500             -0.6826              1.2526              0.0492  
forward:               0.9000             -0.7242              0.5284              0.0494  
forward:               0.9500             -0.7672             -0.2388              0.0495  
forward:               1.0000             -0.7961             -1.0349              0.0497  
backward:              1.0000              0.0000             -1.0349              0.0000  
backward:              0.9500              0.7941             -0.2408              0.0065  
backward:              0.9000              0.7464              0.5056              0.0083  
backward:              0.8500              0.7100              1.2156              0.0105  
backward:              0.8000              0.6695              1.8851              0.0120  
backward:              0.7500              0.6356              2.5207              0.0131  
backward:              0.7000              0.5817              3.1023              0.0140  
backward:              0.6500              0.5129              3.6152              0.0148  
backward:              0.6000              0.4326              4.0478              0.0156  
backward:              0.5500              0.3262              4.3740              0.0166  
backward:              0.5000              0.1680              4.5420              0.0188  
backward:              0.4500              0.0892              4.6312              0.0196  
backward:              0.4000              0.0569              4.6880              0.0204  
backward:              0.3500              0.0264              4.7145              0.0212  
backward:              0.3000             -0.0181              4.6964              0.0226  
backward:              0.2500             -0.0474              4.6490              0.0239  
backward:              0.2000             -0.1730              4.4759              0.0255  
backward:              0.1500             -0.3445              4.1315              0.0302  
backward:              0.1000             -0.7672              3.3643              0.0873  
backward:              0.0500             -1.2784              2.0859              0.0931  
backward:              0.0000             -2.2096             -0.1237              0.1271  
Inaccuracy estimation
======================================================================================================
                   i        i+δi          P0_overlap_P1   δε(forward)/ε   δε(backward)/ε
======================================================================================================
inaccuracy:  0.00000        0.05000           31.05            0.04            2.27
inaccuracy:  0.05000        0.10000           38.51           -0.06            1.62
inaccuracy:  0.10000        0.15000           50.01           -0.04            0.84
inaccuracy:  0.15000        0.20000           61.37           -0.02            0.39
inaccuracy:  0.20000        0.25000           65.09           -0.02            0.25
inaccuracy:  0.25000        0.30000           67.69           -0.02            0.20
inaccuracy:  0.30000        0.35000           69.62           -0.01            0.15
inaccuracy:  0.35000        0.40000           71.59           -0.02            0.13
inaccuracy:  0.40000        0.45000           72.52           -0.02            0.12
inaccuracy:  0.45000        0.50000           73.27           -0.01            0.11
inaccuracy:  0.50000        0.55000           68.75           -0.05            0.12
inaccuracy:  0.55000        0.60000           70.02           -0.05            0.10
inaccuracy:  0.60000        0.65000           69.97           -0.05            0.09
inaccuracy:  0.65000        0.70000           70.49           -0.06            0.07
inaccuracy:  0.70000        0.75000           70.33           -0.06            0.07
inaccuracy:  0.75000        0.80000           71.24           -0.06            0.06
inaccuracy:  0.80000        0.85000           71.57           -0.06            0.06
inaccuracy:  0.85000        0.90000           71.05           -0.05            0.05
inaccuracy:  0.90000        0.95000           71.92           -0.06            0.05
inaccuracy:  0.95000        1.00000           70.39           -0.07            0.05
===================================================================================================================================
                BAR        
-----------------------------------------------------------------------------------------------------------------------------------
BAR-estimator:         λ             λ+δλ          ΔΔA             ΔA            C               Δδe            δe       
                          
-----------------------------------------------------------------------------------------------------------------------------------
BAR-estimator:      0.00000        0.05000        2.1843         2.1843         2.1843         0.0133         0.0133 
BAR-estimator:      0.05000        0.10000        1.3160         3.5003         1.3160         0.0119         0.0179 
BAR-estimator:      0.10000        0.15000        0.6884         4.1887         0.6884         0.0073         0.0193 
BAR-estimator:      0.15000        0.20000        0.3295         4.5182         0.3295         0.0063         0.0203 
BAR-estimator:      0.20000        0.25000        0.1727         4.6909         0.1727         0.0053         0.0210 
BAR-estimator:      0.25000        0.30000        0.0650         4.7559         0.0650         0.0045         0.0214 
BAR-estimator:      0.30000        0.35000        0.0180         4.7740         0.0180         0.0041         0.0218 
BAR-estimator:      0.35000        0.40000       -0.0302         4.7437        -0.0302         0.0039         0.0222 
BAR-estimator:      0.40000        0.45000       -0.0614         4.6823        -0.0614         0.0035         0.0225 
BAR-estimator:      0.45000        0.50000       -0.0906         4.5917        -0.0906         0.0033         0.0227 
BAR-estimator:      0.50000        0.55000       -0.1866         4.4052        -0.1866         0.0043         0.0231 
BAR-estimator:      0.55000        0.60000       -0.3299         4.0752        -0.3299         0.0032         0.0233 
BAR-estimator:      0.60000        0.65000       -0.4272         3.6481        -0.4272         0.0033         0.0236 
BAR-estimator:      0.65000        0.70000       -0.5125         3.1355        -0.5125         0.0032         0.0238 
BAR-estimator:      0.70000        0.75000       -0.5802         2.5553        -0.5802         0.0035         0.0240 
BAR-estimator:      0.75000        0.80000       -0.6396         1.9157        -0.6396         0.0033         0.0242 
BAR-estimator:      0.80000        0.85000       -0.6779         1.2378        -0.6779         0.0037         0.0245 
BAR-estimator:      0.85000        0.90000       -0.7199         0.5179        -0.7199         0.0033         0.0248 
BAR-estimator:      0.90000        0.95000       -0.7598        -0.2419        -0.7598         0.0039         0.0251 
BAR-estimator:      0.95000        1.00000       -0.7943        -1.0362        -0.7943         0.0040         0.0254 
BAR-estimator: total free energy change is -1.0362278200402364 , total error is 0.025387059008025636
