#========================================================================================
#                     Free energy perturbation    
#----------------------------------------------------------------------------------------
#forward/backward          λ              ΔΔA                 ΔA                  δε   
#                                                 
#----------------------------------------------------------------------------------------
forward:               0.0000              0.0000              0.0000              0.0000  
forward:               0.0500              1.9762              1.9762              0.0267  
forward:               0.1000              1.1876              3.1639              0.0351  
forward:               0.1500              0.6736              3.8374              0.0390  
forward:               0.2000              0.4116              4.2490              0.0406  
forward:               0.2500              0.2448              4.4938              0.0418  
forward:               0.3000              0.1098              4.6036              0.0426  
forward:               0.3500              0.0470              4.6506              0.0432  
forward:               0.4000             -0.0044              4.6462              0.0437  
forward:               0.4500             -0.0347              4.6116              0.0442  
forward:               0.5000             -0.0839              4.5276              0.0446  
forward:               0.5500             -0.1866              4.3410              0.0449  
forward:               0.6000             -0.3667              3.9744              0.0453  
forward:               0.6500             -0.5427              3.4317              0.0458  
forward:               0.7000             -0.6792              2.7524              0.0463  
forward:               0.7500             -0.7752              1.9772              0.0468  
forward:               0.8000             -0.8207              1.1565              0.0472  
forward:               0.8500             -0.8616              0.2949              0.0475  
forward:               0.9000             -0.8646             -0.5697              0.0478  
forward:               0.9500             -0.8593             -1.4290              0.0481  
forward:               1.0000             -0.8595             -2.2885              0.0484  
backward:              1.0000              0.0000             -2.2885              0.0000  
backward:              0.9500              0.8479             -1.4406              0.0085  
backward:              0.9000              0.8384             -0.6022              0.0115  
backward:              0.8500              0.8534              0.2513              0.0137  
backward:              0.8000              0.8425              1.0938              0.0156  
backward:              0.7500              0.8389              1.9327              0.0172  
backward:              0.7000              0.7859              2.7186              0.0196  
backward:              0.6500              0.6856              3.4043              0.0211  
backward:              0.6000              0.5501              3.9544              0.0223  
backward:              0.5500              0.3657              4.3201              0.0231  
backward:              0.5000              0.1857              4.5058              0.0243  
backward:              0.4500              0.0811              4.5869              0.0264  
backward:              0.4000              0.0311              4.6180              0.0283  
backward:              0.3500              0.0135              4.6315              0.0296  
backward:              0.3000             -0.0577              4.5738              0.0309  
backward:              0.2500             -0.1167              4.4571              0.0321  
backward:              0.2000             -0.2344              4.2227              0.0339  
backward:              0.1500             -0.3534              3.8693              0.0359  
backward:              0.1000             -0.7239              3.1454              0.0446  
backward:              0.0500             -1.1940              1.9514              0.0552  
backward:              0.0000             -1.9668             -0.0154              0.0701  
Inaccuracy estimation
======================================================================================================
                   i        i+δi          P0_overlap_P1   δε(forward)/ε   δε(backward)/ε
======================================================================================================
inaccuracy:  0.00000        0.05000           32.01           -0.01            2.26
inaccuracy:  0.05000        0.10000           40.90           -0.05            1.41
inaccuracy:  0.10000        0.15000           50.84           -0.04            0.79
inaccuracy:  0.15000        0.20000           54.81           -0.03            0.52
inaccuracy:  0.20000        0.25000           60.94           -0.04            0.35
inaccuracy:  0.25000        0.30000           64.71           -0.03            0.25
inaccuracy:  0.30000        0.35000           66.37           -0.03            0.20
inaccuracy:  0.35000        0.40000           65.87           -0.03            0.19
inaccuracy:  0.40000        0.45000           67.25           -0.04            0.16
inaccuracy:  0.45000        0.50000           68.76           -0.03            0.16
inaccuracy:  0.50000        0.55000           63.27           -0.09            0.18
inaccuracy:  0.55000        0.60000           63.30           -0.10            0.14
inaccuracy:  0.60000        0.65000           63.52           -0.11            0.13
inaccuracy:  0.65000        0.70000           63.75           -0.12            0.10
inaccuracy:  0.70000        0.75000           63.20           -0.10            0.09
inaccuracy:  0.75000        0.80000           63.47           -0.10            0.08
inaccuracy:  0.80000        0.85000           65.05           -0.10            0.08
inaccuracy:  0.85000        0.90000           64.70           -0.11            0.09
inaccuracy:  0.90000        0.95000           64.80           -0.09            0.09
inaccuracy:  0.95000        1.00000           64.00           -0.10            0.09
===================================================================================================================================
                BAR        
-----------------------------------------------------------------------------------------------------------------------------------
BAR-estimator:         λ             λ+δλ          ΔΔA             ΔA            C               Δδe            δe       
                          
-----------------------------------------------------------------------------------------------------------------------------------
BAR-estimator:      0.00000        0.05000        1.9599         1.9599         1.9599         0.0130         0.0130 
BAR-estimator:      0.05000        0.10000        1.2095         3.1693         1.2095         0.0117         0.0175 
BAR-estimator:      0.10000        0.15000        0.6985         3.8678         0.6985         0.0096         0.0200 
BAR-estimator:      0.15000        0.20000        0.4037         4.2716         0.4037         0.0065         0.0210 
BAR-estimator:      0.20000        0.25000        0.2422         4.5138         0.2422         0.0063         0.0219 
BAR-estimator:      0.25000        0.30000        0.1146         4.6285         0.1146         0.0053         0.0225 
BAR-estimator:      0.30000        0.35000        0.0511         4.6795         0.0511         0.0049         0.0231 
BAR-estimator:      0.35000        0.40000       -0.0090         4.6705        -0.0090         0.0040         0.0234 
BAR-estimator:      0.40000        0.45000       -0.0383         4.6322        -0.0383         0.0042         0.0238 
BAR-estimator:      0.45000        0.50000       -0.0831         4.5491        -0.0831         0.0041         0.0241 
BAR-estimator:      0.50000        0.55000       -0.1872         4.3619        -0.1872         0.0041         0.0245 
BAR-estimator:      0.55000        0.60000       -0.3701         3.9918        -0.3701         0.0044         0.0249 
BAR-estimator:      0.60000        0.65000       -0.5436         3.4482        -0.5436         0.0044         0.0253 
BAR-estimator:      0.65000        0.70000       -0.6806         2.7675        -0.6806         0.0044         0.0257 
BAR-estimator:      0.70000        0.75000       -0.7823         1.9852        -0.7823         0.0046         0.0261 
BAR-estimator:      0.75000        0.80000       -0.8298         1.1554        -0.8298         0.0034         0.0263 
BAR-estimator:      0.80000        0.85000       -0.8538         0.3016        -0.8538         0.0044         0.0266 
BAR-estimator:      0.85000        0.90000       -0.8573        -0.5557        -0.8573         0.0043         0.0270 
BAR-estimator:      0.90000        0.95000       -0.8526        -1.4083        -0.8526         0.0042         0.0273 
BAR-estimator:      0.95000        1.00000       -0.8560        -2.2642        -0.8560         0.0045         0.0277 
BAR-estimator: total free energy change is -2.2642427600201684 , total error is 0.027680312285933897
