#========================================================================================
#                     Free energy perturbation    
#----------------------------------------------------------------------------------------
#forward/backward          λ              ΔΔA                 ΔA                  δε   
#                                                 
#----------------------------------------------------------------------------------------
forward:               0.0000              0.0000              0.0000              0.0000  
forward:               0.0500              0.7475              0.7475              0.0147  
forward:               0.1000              0.4605              1.2080              0.0169  
forward:               0.1500              0.3090              1.5170              0.0183  
forward:               0.2000              0.2318              1.7488              0.0194  
forward:               0.2500              0.1656              1.9145              0.0199  
forward:               0.3000              0.1296              2.0441              0.0204  
forward:               0.3500              0.1039              2.1479              0.0208  
forward:               0.4000              0.0766              2.2245              0.0212  
forward:               0.4500              0.0691              2.2936              0.0216  
forward:               0.5000              0.0484              2.3420              0.0219  
forward:               0.5500              0.0258              2.3678              0.0221  
forward:               0.6000             -0.0226              2.3452              0.0224  
forward:               0.6500             -0.0573              2.2879              0.0227  
forward:               0.7000             -0.0813              2.2067              0.0228  
forward:               0.7500             -0.1031              2.1036              0.0230  
forward:               0.8000             -0.1218              1.9818              0.0232  
forward:               0.8500             -0.1371              1.8447              0.0234  
forward:               0.9000             -0.1525              1.6921              0.0236  
forward:               0.9500             -0.1533              1.5388              0.0238  
forward:               1.0000             -0.1755              1.3634              0.0240  
backward:              1.0000              0.0000              1.3634              0.0000  
backward:              0.9500              0.1709              1.5343              0.0032  
backward:              0.9000              0.1591              1.6934              0.0043  
backward:              0.8500              0.1512              1.8446              0.0055  
backward:              0.8000              0.1354              1.9800              0.0064  
backward:              0.7500              0.1239              2.1039              0.0073  
backward:              0.7000              0.0966              2.2005              0.0095  
backward:              0.6500              0.0877              2.2882              0.0101  
backward:              0.6000              0.0586              2.3467              0.0112  
backward:              0.5500              0.0208              2.3676              0.0117  
backward:              0.5000             -0.0350              2.3326              0.0125  
backward:              0.4500             -0.0498              2.2828              0.0130  
backward:              0.4000             -0.0653              2.2175              0.0138  
backward:              0.3500             -0.0800              2.1375              0.0145  
backward:              0.3000             -0.1114              2.0260              0.0154  
backward:              0.2500             -0.1260              1.9000              0.0163  
backward:              0.2000             -0.1745              1.7256              0.0176  
backward:              0.1500             -0.2177              1.5078              0.0187  
backward:              0.1000             -0.2985              1.2093              0.0206  
backward:              0.0500             -0.4392              0.7701              0.0239  
backward:              0.0000             -0.7956             -0.0255              0.0348  
Inaccuracy estimation
======================================================================================================
                   i        i+δi          P0_overlap_P1   δε(forward)/ε   δε(backward)/ε
======================================================================================================
inaccuracy:  0.00000        0.05000           55.20           -0.01            0.71
inaccuracy:  0.05000        0.10000           64.02           -0.01            0.38
inaccuracy:  0.10000        0.15000           70.44           -0.01            0.21
inaccuracy:  0.15000        0.20000           73.33           -0.01            0.16
inaccuracy:  0.20000        0.25000           76.82           -0.01            0.11
inaccuracy:  0.25000        0.30000           77.65           -0.00            0.10
inaccuracy:  0.30000        0.35000           79.47           -0.00            0.08
inaccuracy:  0.35000        0.40000           80.37           -0.00            0.07
inaccuracy:  0.40000        0.45000           79.69           -0.00            0.07
inaccuracy:  0.45000        0.50000           80.97           -0.00            0.06
inaccuracy:  0.50000        0.55000           79.04           -0.01            0.07
inaccuracy:  0.55000        0.60000           79.17           -0.01            0.07
inaccuracy:  0.60000        0.65000           79.63           -0.01            0.06
inaccuracy:  0.65000        0.70000           79.36           -0.02            0.05
inaccuracy:  0.70000        0.75000           80.52           -0.01            0.05
inaccuracy:  0.75000        0.80000           79.50           -0.02            0.05
inaccuracy:  0.80000        0.85000           80.23           -0.01            0.05
inaccuracy:  0.85000        0.90000           79.96           -0.01            0.05
inaccuracy:  0.90000        0.95000           78.90           -0.01            0.05
inaccuracy:  0.95000        1.00000           80.68           -0.02            0.05
===================================================================================================================================
                BAR        
-----------------------------------------------------------------------------------------------------------------------------------
BAR-estimator:         λ             λ+δλ          ΔΔA             ΔA            C               Δδe            δe       
                          
-----------------------------------------------------------------------------------------------------------------------------------
BAR-estimator:      0.00000        0.05000        0.7533         0.7533         0.7533         0.0092         0.0092 
BAR-estimator:      0.05000        0.10000        0.4537         1.2070         0.4537         0.0055         0.0107 
BAR-estimator:      0.10000        0.15000        0.3049         1.5118         0.3049         0.0044         0.0116 
BAR-estimator:      0.15000        0.20000        0.2269         1.7387         0.2269         0.0042         0.0123 
BAR-estimator:      0.20000        0.25000        0.1659         1.9046         0.1659         0.0030         0.0127 
BAR-estimator:      0.25000        0.30000        0.1287         2.0334         0.1287         0.0033         0.0131 
BAR-estimator:      0.30000        0.35000        0.1054         2.1388         0.1054         0.0028         0.0134 
BAR-estimator:      0.35000        0.40000        0.0775         2.2163         0.0775         0.0031         0.0137 
BAR-estimator:      0.40000        0.45000        0.0671         2.2834         0.0671         0.0027         0.0140 
BAR-estimator:      0.45000        0.50000        0.0489         2.3324         0.0489         0.0024         0.0142 
BAR-estimator:      0.50000        0.55000        0.0298         2.3622         0.0298         0.0026         0.0144 
BAR-estimator:      0.55000        0.60000       -0.0229         2.3393        -0.0229         0.0027         0.0147 
BAR-estimator:      0.60000        0.65000       -0.0579         2.2814        -0.0579         0.0025         0.0149 
BAR-estimator:      0.65000        0.70000       -0.0843         2.1971        -0.0843         0.0022         0.0151 
BAR-estimator:      0.70000        0.75000       -0.1022         2.0948        -0.1022         0.0025         0.0153 
BAR-estimator:      0.75000        0.80000       -0.1232         1.9717        -0.1232         0.0025         0.0155 
BAR-estimator:      0.80000        0.85000       -0.1359         1.8358        -0.1359         0.0023         0.0156 
BAR-estimator:      0.85000        0.90000       -0.1523         1.6835        -0.1523         0.0025         0.0158 
BAR-estimator:      0.90000        0.95000       -0.1551         1.5284        -0.1551         0.0026         0.0161 
BAR-estimator:      0.95000        1.00000       -0.1729         1.3555        -0.1729         0.0025         0.0163 
BAR-estimator: total free energy change is 1.3554692824150878 , total error is 0.01625152533540144
