#========================================================================================
#                     Free energy perturbation    
#----------------------------------------------------------------------------------------
#forward/backward          λ              ΔΔA                 ΔA                  δε   
#                                                 
#----------------------------------------------------------------------------------------
forward:               0.0000              0.0000              0.0000              0.0000  
forward:               0.0500              1.5394              1.5394              0.0207  
forward:               0.1000              0.9306              2.4700              0.0284  
forward:               0.1500              0.5833              3.0533              0.0308  
forward:               0.2000              0.3205              3.3738              0.0327  
forward:               0.2500              0.1863              3.5601              0.0338  
forward:               0.3000              0.1092              3.6693              0.0343  
forward:               0.3500              0.0661              3.7354              0.0346  
forward:               0.4000              0.0098              3.7452              0.0350  
forward:               0.4500             -0.0199              3.7253              0.0355  
forward:               0.5000             -0.0459              3.6795              0.0359  
forward:               0.5500             -0.1385              3.5409              0.0363  
forward:               0.6000             -0.3369              3.2040              0.0368  
forward:               0.6500             -0.5036              2.7005              0.0374  
forward:               0.7000             -0.6555              2.0450              0.0380  
forward:               0.7500             -0.7467              1.2983              0.0384  
forward:               0.8000             -0.8055              0.4928              0.0389  
forward:               0.8500             -0.8264             -0.3336              0.0392  
forward:               0.9000             -0.8388             -1.1724              0.0395  
forward:               0.9500             -0.8319             -2.0043              0.0398  
forward:               1.0000             -0.8242             -2.8284              0.0402  
backward:              1.0000              0.0000             -2.8284              0.0000  
backward:              0.9500              0.8259             -2.0025              0.0062  
backward:              0.9000              0.8291             -1.1734              0.0092  
backward:              0.8500              0.8415             -0.3319              0.0112  
backward:              0.8000              0.8271              0.4951              0.0132  
backward:              0.7500              0.7990              1.2941              0.0160  
backward:              0.7000              0.7521              2.0463              0.0174  
backward:              0.6500              0.6564              2.7027              0.0192  
backward:              0.6000              0.5038              3.2065              0.0205  
backward:              0.5500              0.3428              3.5492              0.0217  
backward:              0.5000              0.1418              3.6911              0.0229  
backward:              0.4500              0.0394              3.7304              0.0236  
backward:              0.4000              0.0187              3.7491              0.0245  
backward:              0.3500             -0.0131              3.7360              0.0255  
backward:              0.3000             -0.0569              3.6791              0.0267  
backward:              0.2500             -0.1035              3.5756              0.0287  
backward:              0.2000             -0.2162              3.3593              0.0390  
backward:              0.1500             -0.2917              3.0677              0.0411  
backward:              0.1000             -0.5515              2.5162              0.0445  
backward:              0.0500             -0.9945              1.5216              0.0611  
backward:              0.0000             -1.5328             -0.0112              0.0758  
Inaccuracy estimation
======================================================================================================
                   i        i+δi          P0_overlap_P1   δε(forward)/ε   δε(backward)/ε
======================================================================================================
inaccuracy:  0.00000        0.05000           38.12           -0.04            1.57
inaccuracy:  0.05000        0.10000           46.22           -0.04            1.03
inaccuracy:  0.10000        0.15000           53.01           -0.03            0.61
inaccuracy:  0.15000        0.20000           59.84           -0.02            0.39
inaccuracy:  0.20000        0.25000           65.52           -0.02            0.25
inaccuracy:  0.25000        0.30000           66.65           -0.02            0.19
inaccuracy:  0.30000        0.35000           68.03           -0.02            0.16
inaccuracy:  0.35000        0.40000           70.74           -0.02            0.14
inaccuracy:  0.40000        0.45000           71.28           -0.02            0.13
inaccuracy:  0.45000        0.50000           72.47           -0.02            0.12
inaccuracy:  0.50000        0.55000           65.91           -0.09            0.16
inaccuracy:  0.55000        0.60000           65.44           -0.10            0.12
inaccuracy:  0.60000        0.65000           65.59           -0.12            0.10
inaccuracy:  0.65000        0.70000           66.13           -0.08            0.09
inaccuracy:  0.70000        0.75000           66.17           -0.09            0.08
inaccuracy:  0.75000        0.80000           66.77           -0.10            0.07
inaccuracy:  0.80000        0.85000           66.72           -0.10            0.07
inaccuracy:  0.85000        0.90000           66.29           -0.09            0.07
inaccuracy:  0.90000        0.95000           66.11           -0.09            0.08
inaccuracy:  0.95000        1.00000           65.65           -0.10            0.09
===================================================================================================================================
                BAR        
-----------------------------------------------------------------------------------------------------------------------------------
BAR-estimator:         λ             λ+δλ          ΔΔA             ΔA            C               Δδe            δe       
                          
-----------------------------------------------------------------------------------------------------------------------------------
BAR-estimator:      0.00000        0.05000        1.5289         1.5289         1.5289         0.0113         0.0113 
BAR-estimator:      0.05000        0.10000        0.9377         2.4665         0.9377         0.0096         0.0148 
BAR-estimator:      0.10000        0.15000        0.5694         3.0359         0.5694         0.0075         0.0166 
BAR-estimator:      0.15000        0.20000        0.3143         3.3503         0.3143         0.0072         0.0181 
BAR-estimator:      0.20000        0.25000        0.1881         3.5384         0.1881         0.0056         0.0189 
BAR-estimator:      0.25000        0.30000        0.1043         3.6426         0.1043         0.0041         0.0194 
BAR-estimator:      0.30000        0.35000        0.0594         3.7020         0.0594         0.0040         0.0198 
BAR-estimator:      0.35000        0.40000        0.0109         3.7129         0.0109         0.0041         0.0202 
BAR-estimator:      0.40000        0.45000       -0.0202         3.6927        -0.0202         0.0040         0.0206 
BAR-estimator:      0.45000        0.50000       -0.0426         3.6501        -0.0426         0.0036         0.0209 
BAR-estimator:      0.50000        0.55000       -0.1413         3.5088        -0.1413         0.0039         0.0213 
BAR-estimator:      0.55000        0.60000       -0.3394         3.1694        -0.3394         0.0042         0.0217 
BAR-estimator:      0.60000        0.65000       -0.5071         2.6623        -0.5071         0.0035         0.0220 
BAR-estimator:      0.65000        0.70000       -0.6555         2.0068        -0.6555         0.0043         0.0224 
BAR-estimator:      0.70000        0.75000       -0.7467         1.2601        -0.7467         0.0035         0.0227 
BAR-estimator:      0.75000        0.80000       -0.8064         0.4537        -0.8064         0.0041         0.0231 
BAR-estimator:      0.80000        0.85000       -0.8314        -0.3777        -0.8314         0.0041         0.0234 
BAR-estimator:      0.85000        0.90000       -0.8394        -1.2171        -0.8394         0.0038         0.0237 
BAR-estimator:      0.90000        0.95000       -0.8277        -2.0448        -0.8277         0.0043         0.0241 
BAR-estimator:      0.95000        1.00000       -0.8233        -2.8682        -0.8233         0.0044         0.0245 
BAR-estimator: total free energy change is -2.868153907783599 , total error is 0.024494982488055695
