#========================================================================================
#                     Free energy perturbation    
#----------------------------------------------------------------------------------------
#forward/backward          λ              ΔΔA                 ΔA                  δε   
#                                                 
#----------------------------------------------------------------------------------------
forward:               0.0000              0.0000              0.0000              0.0000  
forward:               0.0500              0.9905              0.9905              0.0164  
forward:               0.1000              0.6186              1.6091              0.0207  
forward:               0.1500              0.3999              2.0091              0.0228  
forward:               0.2000              0.2522              2.2613              0.0241  
forward:               0.2500              0.1801              2.4414              0.0249  
forward:               0.3000              0.1225              2.5639              0.0256  
forward:               0.3500              0.0910              2.6549              0.0263  
forward:               0.4000              0.0652              2.7201              0.0266  
forward:               0.4500              0.0473              2.7673              0.0270  
forward:               0.5000              0.0237              2.7911              0.0273  
forward:               0.5500             -0.0215              2.7696              0.0278  
forward:               0.6000             -0.1244              2.6452              0.0284  
forward:               0.6500             -0.2277              2.4175              0.0292  
forward:               0.7000             -0.3203              2.0972              0.0298  
forward:               0.7500             -0.3852              1.7120              0.0302  
forward:               0.8000             -0.4274              1.2846              0.0306  
forward:               0.8500             -0.4447              0.8399              0.0309  
forward:               0.9000             -0.4511              0.3887              0.0314  
forward:               0.9500             -0.4560             -0.0673              0.0317  
forward:               1.0000             -0.4544             -0.5217              0.0320  
backward:              1.0000              0.0000             -0.5217              0.0000  
backward:              0.9500              0.4444             -0.0773              0.0054  
backward:              0.9000              0.4569              0.3797              0.0072  
backward:              0.8500              0.4524              0.8321              0.0090  
backward:              0.8000              0.4417              1.2737              0.0105  
backward:              0.7500              0.4231              1.6968              0.0117  
backward:              0.7000              0.3821              2.0789              0.0131  
backward:              0.6500              0.3276              2.4064              0.0146  
backward:              0.6000              0.2206              2.6270              0.0160  
backward:              0.5500              0.1348              2.7618              0.0170  
backward:              0.5000              0.0260              2.7878              0.0182  
backward:              0.4500             -0.0263              2.7615              0.0190  
backward:              0.4000             -0.0456              2.7159              0.0226  
backward:              0.3500             -0.0546              2.6612              0.0237  
backward:              0.3000             -0.0950              2.5662              0.0245  
backward:              0.2500             -0.1314              2.4348              0.0256  
backward:              0.2000             -0.1756              2.2592              0.0266  
backward:              0.1500             -0.2640              1.9952              0.0282  
backward:              0.1000             -0.4249              1.5702              0.0309  
backward:              0.0500             -0.7348              0.8355              0.1135  
backward:              0.0000             -0.9829             -0.1474              0.1161  
Inaccuracy estimation
======================================================================================================
                   i        i+δi          P0_overlap_P1   δε(forward)/ε   δε(backward)/ε
======================================================================================================
inaccuracy:  0.00000        0.05000           47.91           -0.03            0.89
inaccuracy:  0.05000        0.10000           55.95           -0.02            0.58
inaccuracy:  0.10000        0.15000           63.77           -0.02            0.34
inaccuracy:  0.15000        0.20000           67.68           -0.01            0.24
inaccuracy:  0.20000        0.25000           70.39           -0.01            0.19
inaccuracy:  0.25000        0.30000           72.60           -0.01            0.15
inaccuracy:  0.30000        0.35000           73.14           -0.01            0.13
inaccuracy:  0.35000        0.40000           73.59           -0.01            0.13
inaccuracy:  0.40000        0.45000           73.68           -0.01            0.12
inaccuracy:  0.45000        0.50000           74.58           -0.01            0.10
inaccuracy:  0.50000        0.55000           71.29           -0.04            0.12
inaccuracy:  0.55000        0.60000           70.99           -0.06            0.11
inaccuracy:  0.60000        0.65000           71.50           -0.04            0.09
inaccuracy:  0.65000        0.70000           71.20           -0.05            0.08
inaccuracy:  0.70000        0.75000           71.80           -0.05            0.08
inaccuracy:  0.75000        0.80000           72.31           -0.04            0.08
inaccuracy:  0.80000        0.85000           71.80           -0.05            0.08
inaccuracy:  0.85000        0.90000           70.92           -0.05            0.08
inaccuracy:  0.90000        0.95000           71.01           -0.04            0.08
inaccuracy:  0.95000        1.00000           71.26           -0.03            0.08
===================================================================================================================================
                BAR        
-----------------------------------------------------------------------------------------------------------------------------------
BAR-estimator:         λ             λ+δλ          ΔΔA             ΔA            C               Δδe            δe       
                          
-----------------------------------------------------------------------------------------------------------------------------------
BAR-estimator:      0.00000        0.05000        0.9905         0.9905         0.9905         0.0097         0.0097 
BAR-estimator:      0.05000        0.10000        0.6154         1.6059         0.6154         0.0079         0.0124 
BAR-estimator:      0.10000        0.15000        0.4053         2.0112         0.4053         0.0039         0.0130 
BAR-estimator:      0.15000        0.20000        0.2590         2.2702         0.2590         0.0063         0.0145 
BAR-estimator:      0.20000        0.25000        0.1813         2.4515         0.1813         0.0043         0.0151 
BAR-estimator:      0.25000        0.30000        0.1252         2.5767         0.1252         0.0040         0.0156 
BAR-estimator:      0.30000        0.35000        0.0906         2.6673         0.0906         0.0042         0.0162 
BAR-estimator:      0.35000        0.40000        0.0619         2.7292         0.0619         0.0035         0.0166 
BAR-estimator:      0.40000        0.45000        0.0424         2.7715         0.0424         0.0032         0.0169 
BAR-estimator:      0.45000        0.50000        0.0224         2.7939         0.0224         0.0033         0.0172 
BAR-estimator:      0.50000        0.55000       -0.0224         2.7716        -0.0224         0.0034         0.0175 
BAR-estimator:      0.55000        0.60000       -0.1285         2.6430        -0.1285         0.0038         0.0179 
BAR-estimator:      0.60000        0.65000       -0.2228         2.4203        -0.2228         0.0042         0.0184 
BAR-estimator:      0.65000        0.70000       -0.3223         2.0979        -0.3223         0.0038         0.0188 
BAR-estimator:      0.70000        0.75000       -0.3850         1.7129        -0.3850         0.0035         0.0191 
BAR-estimator:      0.75000        0.80000       -0.4252         1.2877        -0.4252         0.0033         0.0194 
BAR-estimator:      0.80000        0.85000       -0.4426         0.8451        -0.4426         0.0036         0.0197 
BAR-estimator:      0.85000        0.90000       -0.4551         0.3900        -0.4551         0.0038         0.0201 
BAR-estimator:      0.90000        0.95000       -0.4551        -0.0650        -0.4551         0.0034         0.0204 
BAR-estimator:      0.95000        1.00000       -0.4495        -0.5145        -0.4495         0.0032         0.0206 
BAR-estimator: total free energy change is -0.5144875736943841 , total error is 0.02061475423702968
