#========================================================================================
#                     Free energy perturbation    
#----------------------------------------------------------------------------------------
#forward/backward          λ              ΔΔA                 ΔA                  δε   
#                                                 
#----------------------------------------------------------------------------------------
forward:               0.0000              0.0000              0.0000              0.0000  
forward:               0.0500              4.1550              4.1550              0.0734  
forward:               0.1000              2.4314              6.5864              0.0855  
forward:               0.1500              1.1621              7.7485              0.0891  
forward:               0.2000              0.4036              8.1521              0.0902  
forward:               0.2500              0.1123              8.2645              0.0908  
forward:               0.3000             -0.0687              8.1958              0.0912  
forward:               0.3500             -0.1667              8.0291              0.0915  
forward:               0.4000             -0.2421              7.7870              0.0918  
forward:               0.4500             -0.3166              7.4704              0.0921  
forward:               0.5000             -0.3569              7.1135              0.0924  
forward:               0.5500             -0.4877              6.6259              0.0927  
forward:               0.6000             -0.6338              5.9921              0.0929  
forward:               0.6500             -0.7353              5.2567              0.0931  
forward:               0.7000             -0.7939              4.4628              0.0933  
forward:               0.7500             -0.8495              3.6133              0.0935  
forward:               0.8000             -0.8729              2.7404              0.0936  
forward:               0.8500             -0.8814              1.8590              0.0938  
forward:               0.9000             -0.8965              0.9625              0.0940  
forward:               0.9500             -0.9096              0.0529              0.0941  
forward:               1.0000             -0.9094             -0.8564              0.0943  
backward:              1.0000              0.0000             -0.8564              0.0000  
backward:              0.9500              0.9114              0.0550              0.0068  
backward:              0.9000              0.9153              0.9703              0.0096  
backward:              0.8500              0.8986              1.8689              0.0121  
backward:              0.8000              0.9018              2.7706              0.0136  
backward:              0.7500              0.8753              3.6460              0.0154  
backward:              0.7000              0.8297              4.4756              0.0169  
backward:              0.6500              0.8037              5.2793              0.0184  
backward:              0.6000              0.7385              6.0178              0.0198  
backward:              0.5500              0.6311              6.6489              0.0219  
backward:              0.5000              0.4862              7.1351              0.0240  
backward:              0.4500              0.3468              7.4820              0.0256  
backward:              0.4000              0.3035              7.7855              0.0270  
backward:              0.3500              0.2525              8.0380              0.0285  
backward:              0.3000              0.1522              8.1902              0.0301  
backward:              0.2500              0.0325              8.2227              0.0363  
backward:              0.2000             -0.1208              8.1018              0.0395  
backward:              0.1500             -0.4546              7.6472              0.0595  
backward:              0.1000             -1.0815              6.5657              0.1032  
backward:              0.0500             -2.1939              4.3718              0.1336  
backward:              0.0000             -3.8734              0.4984              0.1519  
Inaccuracy estimation
======================================================================================================
                   i        i+δi          P0_overlap_P1   δε(forward)/ε   δε(backward)/ε
======================================================================================================
inaccuracy:  0.00000        0.05000           14.94            0.78            6.14
inaccuracy:  0.05000        0.10000           21.71           -0.01            3.83
inaccuracy:  0.10000        0.15000           31.91           -0.18            2.00
inaccuracy:  0.15000        0.20000           47.33           -0.09            0.80
inaccuracy:  0.20000        0.25000           53.95           -0.08            0.47
inaccuracy:  0.25000        0.30000           57.85           -0.06            0.35
inaccuracy:  0.30000        0.35000           60.33           -0.05            0.26
inaccuracy:  0.35000        0.40000           61.76           -0.06            0.22
inaccuracy:  0.40000        0.45000           64.42           -0.06            0.18
inaccuracy:  0.45000        0.50000           63.95           -0.06            0.16
inaccuracy:  0.50000        0.55000           59.58           -0.10            0.18
inaccuracy:  0.55000        0.60000           61.76           -0.13            0.14
inaccuracy:  0.60000        0.65000           62.42           -0.10            0.11
inaccuracy:  0.65000        0.70000           62.62           -0.12            0.10
inaccuracy:  0.70000        0.75000           64.45           -0.09            0.09
inaccuracy:  0.75000        0.80000           62.72           -0.11            0.10
inaccuracy:  0.80000        0.85000           61.62           -0.11            0.10
inaccuracy:  0.85000        0.90000           61.79           -0.11            0.10
inaccuracy:  0.90000        0.95000           61.72           -0.13            0.10
inaccuracy:  0.95000        1.00000           61.62           -0.13            0.10
===================================================================================================================================
                BAR        
-----------------------------------------------------------------------------------------------------------------------------------
BAR-estimator:         λ             λ+δλ          ΔΔA             ΔA            C               Δδe            δe       
                          
-----------------------------------------------------------------------------------------------------------------------------------
BAR-estimator:      0.00000        0.05000        4.0829         4.0829         4.0829         0.0237         0.0237 
BAR-estimator:      0.05000        0.10000        2.3559         6.4387         2.3559         0.0156         0.0284 
BAR-estimator:      0.10000        0.15000        1.1110         7.5497         1.1110         0.0131         0.0313 
BAR-estimator:      0.15000        0.20000        0.4162         7.9659         0.4162         0.0099         0.0328 
BAR-estimator:      0.20000        0.25000        0.1184         8.0843         0.1184         0.0065         0.0334 
BAR-estimator:      0.25000        0.30000       -0.0618         8.0225        -0.0618         0.0056         0.0339 
BAR-estimator:      0.30000        0.35000       -0.1668         7.8556        -0.1668         0.0058         0.0344 
BAR-estimator:      0.35000        0.40000       -0.2473         7.6084        -0.2473         0.0044         0.0347 
BAR-estimator:      0.40000        0.45000       -0.3107         7.2977        -0.3107         0.0048         0.0350 
BAR-estimator:      0.45000        0.50000       -0.3538         6.9439        -0.3538         0.0043         0.0353 
BAR-estimator:      0.50000        0.55000       -0.4891         6.4548        -0.4891         0.0049         0.0356 
BAR-estimator:      0.55000        0.60000       -0.6349         5.8199        -0.6349         0.0043         0.0358 
BAR-estimator:      0.60000        0.65000       -0.7307         5.0892        -0.7307         0.0042         0.0361 
BAR-estimator:      0.65000        0.70000       -0.8024         4.2868        -0.8024         0.0043         0.0363 
BAR-estimator:      0.70000        0.75000       -0.8385         3.4483        -0.8385         0.0039         0.0366 
BAR-estimator:      0.75000        0.80000       -0.8717         2.5766        -0.8717         0.0045         0.0368 
BAR-estimator:      0.80000        0.85000       -0.8849         1.6916        -0.8849         0.0043         0.0371 
BAR-estimator:      0.85000        0.90000       -0.9017         0.7900        -0.9017         0.0047         0.0374 
BAR-estimator:      0.90000        0.95000       -0.9120        -0.1220        -0.9120         0.0053         0.0378 
BAR-estimator:      0.95000        1.00000       -0.9123        -1.0343        -0.9123         0.0048         0.0381 
BAR-estimator: total free energy change is -1.0343204780350033 , total error is 0.03805879245950148
