#========================================================================================
#                     Free energy perturbation    
#----------------------------------------------------------------------------------------
#forward/backward          λ              ΔΔA                 ΔA                  δε   
#                                                 
#----------------------------------------------------------------------------------------
forward:               0.0000              0.0000              0.0000              0.0000  
forward:               0.0500              1.6526              1.6526              0.0229  
forward:               0.1000              1.0090              2.6616              0.0286  
forward:               0.1500              0.5946              3.2562              0.0312  
forward:               0.2000              0.3440              3.6002              0.0326  
forward:               0.2500              0.2220              3.8223              0.0335  
forward:               0.3000              0.1393              3.9616              0.0339  
forward:               0.3500              0.0803              4.0419              0.0345  
forward:               0.4000              0.0446              4.0865              0.0350  
forward:               0.4500              0.0227              4.1092              0.0353  
forward:               0.5000             -0.0127              4.0965              0.0357  
forward:               0.5500             -0.0168              4.0797              0.0361  
forward:               0.6000             -0.0480              4.0317              0.0364  
forward:               0.6500             -0.0572              3.9745              0.0367  
forward:               0.7000             -0.0790              3.8955              0.0371  
forward:               0.7500             -0.0807              3.8148              0.0374  
forward:               0.8000             -0.0897              3.7250              0.0376  
forward:               0.8500             -0.0942              3.6309              0.0378  
forward:               0.9000             -0.1018              3.5290              0.0381  
forward:               0.9500             -0.1065              3.4225              0.0383  
forward:               1.0000             -0.1181              3.3044              0.0385  
backward:              1.0000              0.0000              3.3044              0.0000  
backward:              0.9500              0.1117              3.4161              0.0044  
backward:              0.9000              0.1017              3.5178              0.0065  
backward:              0.8500              0.0967              3.6145              0.0083  
backward:              0.8000              0.0959              3.7105              0.0096  
backward:              0.7500              0.0898              3.8002              0.0105  
backward:              0.7000              0.0760              3.8762              0.0117  
backward:              0.6500              0.0703              3.9464              0.0129  
backward:              0.6000              0.0547              4.0011              0.0138  
backward:              0.5500              0.0455              4.0467              0.0151  
backward:              0.5000              0.0155              4.0622              0.0160  
backward:              0.4500              0.0111              4.0733              0.0171  
backward:              0.4000             -0.0048              4.0685              0.0181  
backward:              0.3500             -0.0410              4.0274              0.0193  
backward:              0.3000             -0.0860              3.9415              0.0202  
backward:              0.2500             -0.1351              3.8064              0.0220  
backward:              0.2000             -0.2230              3.5833              0.0240  
backward:              0.1500             -0.3674              3.2159              0.0267  
backward:              0.1000             -0.5624              2.6535              0.0305  
backward:              0.0500             -0.9850              1.6685              0.0388  
backward:              0.0000             -1.5984              0.0701              0.0638  
Inaccuracy estimation
======================================================================================================
                   i        i+δi          P0_overlap_P1   δε(forward)/ε   δε(backward)/ε
======================================================================================================
inaccuracy:  0.00000        0.05000           36.11           -0.03            1.77
inaccuracy:  0.05000        0.10000           45.55           -0.05            1.05
inaccuracy:  0.10000        0.15000           53.09           -0.03            0.61
inaccuracy:  0.15000        0.20000           62.84           -0.03            0.35
inaccuracy:  0.20000        0.25000           65.88           -0.01            0.26
inaccuracy:  0.25000        0.30000           67.22           -0.01            0.21
inaccuracy:  0.30000        0.35000           69.46           -0.02            0.17
inaccuracy:  0.35000        0.40000           69.25           -0.02            0.16
inaccuracy:  0.40000        0.45000           69.22           -0.02            0.15
inaccuracy:  0.45000        0.50000           71.68           -0.02            0.13
inaccuracy:  0.50000        0.55000           71.62           -0.02            0.13
inaccuracy:  0.55000        0.60000           72.88           -0.02            0.12
inaccuracy:  0.60000        0.65000           72.37           -0.02            0.12
inaccuracy:  0.65000        0.70000           73.15           -0.01            0.11
inaccuracy:  0.70000        0.75000           73.04           -0.01            0.11
inaccuracy:  0.75000        0.80000           73.47           -0.02            0.11
inaccuracy:  0.80000        0.85000           72.09           -0.02            0.11
inaccuracy:  0.85000        0.90000           72.67           -0.02            0.10
inaccuracy:  0.90000        0.95000           72.54           -0.03            0.10
inaccuracy:  0.95000        1.00000           72.82           -0.02            0.10
===================================================================================================================================
                BAR        
-----------------------------------------------------------------------------------------------------------------------------------
BAR-estimator:         λ             λ+δλ          ΔΔA             ΔA            C               Δδe            δe       
                          
-----------------------------------------------------------------------------------------------------------------------------------
BAR-estimator:      0.00000        0.05000        1.6163         1.6163         1.6163         0.0122         0.0122 
BAR-estimator:      0.05000        0.10000        0.9925         2.6087         0.9925         0.0096         0.0155 
BAR-estimator:      0.10000        0.15000        0.5826         3.1913         0.5826         0.0077         0.0173 
BAR-estimator:      0.15000        0.20000        0.3526         3.5440         0.3526         0.0059         0.0183 
BAR-estimator:      0.20000        0.25000        0.2277         3.7717         0.2277         0.0052         0.0190 
BAR-estimator:      0.25000        0.30000        0.1358         3.9075         0.1358         0.0044         0.0195 
BAR-estimator:      0.30000        0.35000        0.0801         3.9876         0.0801         0.0044         0.0200 
BAR-estimator:      0.35000        0.40000        0.0413         4.0289         0.0413         0.0038         0.0204 
BAR-estimator:      0.40000        0.45000        0.0143         4.0432         0.0143         0.0036         0.0207 
BAR-estimator:      0.45000        0.50000       -0.0139         4.0294        -0.0139         0.0038         0.0210 
BAR-estimator:      0.50000        0.55000       -0.0156         4.0138        -0.0156         0.0036         0.0213 
BAR-estimator:      0.55000        0.60000       -0.0462         3.9676        -0.0462         0.0032         0.0216 
BAR-estimator:      0.60000        0.65000       -0.0555         3.9121        -0.0555         0.0036         0.0219 
BAR-estimator:      0.65000        0.70000       -0.0751         3.8371        -0.0751         0.0033         0.0221 
BAR-estimator:      0.70000        0.75000       -0.0776         3.7595        -0.0776         0.0035         0.0224 
BAR-estimator:      0.75000        0.80000       -0.0880         3.6715        -0.0880         0.0029         0.0226 
BAR-estimator:      0.80000        0.85000       -0.0943         3.5771        -0.0943         0.0035         0.0228 
BAR-estimator:      0.85000        0.90000       -0.1018         3.4754        -0.1018         0.0035         0.0231 
BAR-estimator:      0.90000        0.95000       -0.1056         3.3697        -0.1056         0.0036         0.0234 
BAR-estimator:      0.95000        1.00000       -0.1154         3.2544        -0.1154         0.0034         0.0236 
BAR-estimator: total free energy change is 3.2543839693739796 , total error is 0.023617576815669835
