#========================================================================================
#                     Free energy perturbation    
#----------------------------------------------------------------------------------------
#forward/backward          λ              ΔΔA                 ΔA                  δε   
#                                                 
#----------------------------------------------------------------------------------------
forward:               0.0000              0.0000              0.0000              0.0000  
forward:               0.0500              1.6875              1.6875              0.0250  
forward:               0.1000              1.0081              2.6955              0.0306  
forward:               0.1500              0.5955              3.2910              0.0334  
forward:               0.2000              0.3493              3.6403              0.0350  
forward:               0.2500              0.2258              3.8661              0.0360  
forward:               0.3000              0.1265              3.9926              0.0369  
forward:               0.3500              0.0721              4.0647              0.0374  
forward:               0.4000              0.0237              4.0884              0.0379  
forward:               0.4500              0.0005              4.0889              0.0382  
forward:               0.5000             -0.0327              4.0562              0.0385  
forward:               0.5500             -0.1235              3.9327              0.0387  
forward:               0.6000             -0.3084              3.6243              0.0392  
forward:               0.6500             -0.4690              3.1553              0.0396  
forward:               0.7000             -0.6137              2.5416              0.0401  
forward:               0.7500             -0.7159              1.8257              0.0405  
forward:               0.8000             -0.7712              1.0545              0.0409  
forward:               0.8500             -0.7974              0.2571              0.0412  
forward:               0.9000             -0.8307             -0.5736              0.0415  
forward:               0.9500             -0.8362             -1.4098              0.0422  
forward:               1.0000             -0.8393             -2.2491              0.0425  
backward:              1.0000              0.0000             -2.2491              0.0000  
backward:              0.9500              0.8437             -1.4054              0.0066  
backward:              0.9000              0.8371             -0.5683              0.0091  
backward:              0.8500              0.8300              0.2617              0.0115  
backward:              0.8000              0.7796              1.0413              0.0138  
backward:              0.7500              0.7744              1.8157              0.0154  
backward:              0.7000              0.7081              2.5238              0.0169  
backward:              0.6500              0.6161              3.1399              0.0187  
backward:              0.6000              0.4741              3.6141              0.0199  
backward:              0.5500              0.3084              3.9225              0.0210  
backward:              0.5000              0.1286              4.0511              0.0221  
backward:              0.4500              0.0424              4.0935              0.0230  
backward:              0.4000              0.0213              4.1148              0.0240  
backward:              0.3500             -0.0027              4.1121              0.0250  
backward:              0.3000             -0.0873              4.0248              0.0268  
backward:              0.2500             -0.1303              3.8945              0.0282  
backward:              0.2000             -0.2035              3.6910              0.0297  
backward:              0.1500             -0.3286              3.3624              0.0317  
backward:              0.1000             -0.5984              2.7640              0.0373  
backward:              0.0500             -1.0577              1.7063              0.0462  
backward:              0.0000             -1.6529              0.0534              0.0554  
Inaccuracy estimation
======================================================================================================
                   i        i+δi          P0_overlap_P1   δε(forward)/ε   δε(backward)/ε
======================================================================================================
inaccuracy:  0.00000        0.05000           35.78           -0.03            1.83
inaccuracy:  0.05000        0.10000           46.24           -0.04            1.09
inaccuracy:  0.10000        0.15000           53.26           -0.03            0.61
inaccuracy:  0.15000        0.20000           59.96           -0.02            0.39
inaccuracy:  0.20000        0.25000           62.97           -0.02            0.29
inaccuracy:  0.25000        0.30000           66.66           -0.02            0.22
inaccuracy:  0.30000        0.35000           68.42           -0.02            0.17
inaccuracy:  0.35000        0.40000           68.16           -0.03            0.17
inaccuracy:  0.40000        0.45000           68.54           -0.02            0.15
inaccuracy:  0.45000        0.50000           70.37           -0.02            0.14
inaccuracy:  0.50000        0.55000           65.32           -0.08            0.16
inaccuracy:  0.55000        0.60000           66.59           -0.09            0.13
inaccuracy:  0.60000        0.65000           65.33           -0.11            0.11
inaccuracy:  0.65000        0.70000           66.07           -0.10            0.10
inaccuracy:  0.70000        0.75000           66.66           -0.07            0.08
inaccuracy:  0.75000        0.80000           66.38           -0.09            0.08
inaccuracy:  0.80000        0.85000           66.87           -0.10            0.07
inaccuracy:  0.85000        0.90000           66.58           -0.10            0.08
inaccuracy:  0.90000        0.95000           66.48           -0.10            0.08
inaccuracy:  0.95000        1.00000           65.20           -0.09            0.08
===================================================================================================================================
                BAR        
-----------------------------------------------------------------------------------------------------------------------------------
BAR-estimator:         λ             λ+δλ          ΔΔA             ΔA            C               Δδe            δe       
                          
-----------------------------------------------------------------------------------------------------------------------------------
BAR-estimator:      0.00000        0.05000        1.6872         1.6872         1.6872         0.0123         0.0123 
BAR-estimator:      0.05000        0.10000        1.0265         2.7137         1.0265         0.0103         0.0161 
BAR-estimator:      0.10000        0.15000        0.5988         3.3125         0.5988         0.0082         0.0181 
BAR-estimator:      0.15000        0.20000        0.3479         3.6603         0.3479         0.0062         0.0191 
BAR-estimator:      0.20000        0.25000        0.2211         3.8815         0.2211         0.0030         0.0193 
BAR-estimator:      0.25000        0.30000        0.1291         4.0106         0.1291         0.0050         0.0199 
BAR-estimator:      0.30000        0.35000        0.0749         4.0855         0.0749         0.0047         0.0205 
BAR-estimator:      0.35000        0.40000        0.0164         4.1019         0.0164         0.0040         0.0209 
BAR-estimator:      0.40000        0.45000       -0.0075         4.0944        -0.0075         0.0045         0.0213 
BAR-estimator:      0.45000        0.50000       -0.0377         4.0568        -0.0377         0.0034         0.0216 
BAR-estimator:      0.50000        0.55000       -0.1272         3.9296        -0.1272         0.0039         0.0220 
BAR-estimator:      0.55000        0.60000       -0.3064         3.6232        -0.3064         0.0038         0.0223 
BAR-estimator:      0.60000        0.65000       -0.4720         3.1512        -0.4720         0.0042         0.0227 
BAR-estimator:      0.65000        0.70000       -0.6131         2.5382        -0.6131         0.0045         0.0231 
BAR-estimator:      0.70000        0.75000       -0.7105         1.8277        -0.7105         0.0039         0.0234 
BAR-estimator:      0.75000        0.80000       -0.7740         1.0537        -0.7740         0.0039         0.0238 
BAR-estimator:      0.80000        0.85000       -0.7933         0.2604        -0.7933         0.0035         0.0240 
BAR-estimator:      0.85000        0.90000       -0.8303        -0.5698        -0.8303         0.0044         0.0244 
BAR-estimator:      0.90000        0.95000       -0.8355        -1.4053        -0.8355         0.0041         0.0248 
BAR-estimator:      0.95000        1.00000       -0.8407        -2.2460        -0.8407         0.0038         0.0251 
BAR-estimator: total free energy change is -2.2460344484923853 , total error is 0.02506614629440707
