#========================================================================================
#                     Free energy perturbation    
#----------------------------------------------------------------------------------------
#forward/backward          λ              ΔΔA                 ΔA                  δε   
#                                                 
#----------------------------------------------------------------------------------------
forward:               0.0000              0.0000              0.0000              0.0000  
forward:               0.0500              1.4740              1.4740              0.0162  
forward:               0.1000              0.9246              2.3985              0.0216  
forward:               0.1500              0.5344              2.9330              0.0241  
forward:               0.2000              0.3452              3.2782              0.0253  
forward:               0.2500              0.2054              3.4836              0.0264  
forward:               0.3000              0.1152              3.5988              0.0270  
forward:               0.3500              0.0521              3.6509              0.0277  
forward:               0.4000              0.0194              3.6703              0.0282  
forward:               0.4500              0.0004              3.6707              0.0285  
forward:               0.5000             -0.0325              3.6382              0.0289  
forward:               0.5500             -0.1532              3.4850              0.0293  
forward:               0.6000             -0.3282              3.1567              0.0297  
forward:               0.6500             -0.5034              2.6533              0.0303  
forward:               0.7000             -0.6430              2.0104              0.0309  
forward:               0.7500             -0.7538              1.2565              0.0314  
forward:               0.8000             -0.7803              0.4762              0.0318  
forward:               0.8500             -0.7889             -0.3127              0.0322  
forward:               0.9000             -0.7614             -1.0742              0.0325  
forward:               0.9500             -0.7366             -1.8108              0.0329  
forward:               1.0000             -0.7047             -2.5155              0.0332  
backward:              1.0000              0.0000             -2.5155              0.0000  
backward:              0.9500              0.7013             -1.8142              0.0067  
backward:              0.9000              0.7225             -1.0917              0.0092  
backward:              0.8500              0.7581             -0.3336              0.0111  
backward:              0.8000              0.7660              0.4324              0.0132  
backward:              0.7500              0.7800              1.2124              0.0146  
backward:              0.7000              0.7630              1.9754              0.0159  
backward:              0.6500              0.6493              2.6246              0.0174  
backward:              0.6000              0.4995              3.1241              0.0188  
backward:              0.5500              0.3265              3.4505              0.0199  
backward:              0.5000              0.1440              3.5945              0.0212  
backward:              0.4500              0.0304              3.6249              0.0219  
backward:              0.4000              0.0067              3.6316              0.0227  
backward:              0.3500             -0.0111              3.6205              0.0236  
backward:              0.3000             -0.0706              3.5500              0.0246  
backward:              0.2500             -0.1319              3.4180              0.0258  
backward:              0.2000             -0.2033              3.2147              0.0275  
backward:              0.1500             -0.3217              2.8931              0.0295  
backward:              0.1000             -0.5649              2.3282              0.0407  
backward:              0.0500             -0.9193              1.4089              0.0445  
backward:              0.0000             -1.5010             -0.0921              0.0554  
Inaccuracy estimation
======================================================================================================
                   i        i+δi          P0_overlap_P1   δε(forward)/ε   δε(backward)/ε
======================================================================================================
inaccuracy:  0.00000        0.05000           39.66           -0.03            1.50
inaccuracy:  0.05000        0.10000           47.99           -0.04            0.96
inaccuracy:  0.10000        0.15000           56.13           -0.03            0.58
inaccuracy:  0.15000        0.20000           60.32           -0.03            0.36
inaccuracy:  0.20000        0.25000           64.90           -0.02            0.25
inaccuracy:  0.25000        0.30000           68.84           -0.02            0.18
inaccuracy:  0.30000        0.35000           71.09           -0.02            0.16
inaccuracy:  0.35000        0.40000           70.65           -0.01            0.15
inaccuracy:  0.40000        0.45000           71.24           -0.02            0.14
inaccuracy:  0.45000        0.50000           72.55           -0.01            0.12
inaccuracy:  0.50000        0.55000           66.45           -0.08            0.14
inaccuracy:  0.55000        0.60000           67.04           -0.10            0.13
inaccuracy:  0.60000        0.65000           65.67           -0.11            0.10
inaccuracy:  0.65000        0.70000           65.03           -0.12            0.08
inaccuracy:  0.70000        0.75000           65.72           -0.10            0.07
inaccuracy:  0.75000        0.80000           66.20           -0.09            0.08
inaccuracy:  0.80000        0.85000           67.15           -0.10            0.08
inaccuracy:  0.85000        0.90000           65.67           -0.08            0.08
inaccuracy:  0.90000        0.95000           66.42           -0.10            0.10
inaccuracy:  0.95000        1.00000           64.85           -0.08            0.11
===================================================================================================================================
                BAR        
-----------------------------------------------------------------------------------------------------------------------------------
BAR-estimator:         λ             λ+δλ          ΔΔA             ΔA            C               Δδe            δe       
                          
-----------------------------------------------------------------------------------------------------------------------------------
BAR-estimator:      0.00000        0.05000        1.4767         1.4767         1.4767         0.0095         0.0095 
BAR-estimator:      0.05000        0.10000        0.9268         2.4035         0.9268         0.0067         0.0117 
BAR-estimator:      0.10000        0.15000        0.5400         2.9435         0.5400         0.0058         0.0131 
BAR-estimator:      0.15000        0.20000        0.3340         3.2775         0.3340         0.0043         0.0138 
BAR-estimator:      0.20000        0.25000        0.2046         3.4821         0.2046         0.0049         0.0146 
BAR-estimator:      0.25000        0.30000        0.1183         3.6004         0.1183         0.0040         0.0151 
BAR-estimator:      0.30000        0.35000        0.0604         3.6608         0.0604         0.0044         0.0158 
BAR-estimator:      0.35000        0.40000        0.0181         3.6789         0.0181         0.0037         0.0162 
BAR-estimator:      0.40000        0.45000       -0.0024         3.6766        -0.0024         0.0036         0.0166 
BAR-estimator:      0.45000        0.50000       -0.0310         3.6456        -0.0310         0.0034         0.0169 
BAR-estimator:      0.50000        0.55000       -0.1517         3.4939        -0.1517         0.0032         0.0173 
BAR-estimator:      0.55000        0.60000       -0.3240         3.1699        -0.3240         0.0034         0.0176 
BAR-estimator:      0.60000        0.65000       -0.5025         2.6674        -0.5025         0.0036         0.0179 
BAR-estimator:      0.65000        0.70000       -0.6472         2.0202        -0.6472         0.0039         0.0184 
BAR-estimator:      0.70000        0.75000       -0.7548         1.2654        -0.7548         0.0037         0.0187 
BAR-estimator:      0.75000        0.80000       -0.7798         0.4856        -0.7798         0.0038         0.0191 
BAR-estimator:      0.80000        0.85000       -0.7824        -0.2969        -0.7824         0.0039         0.0195 
BAR-estimator:      0.85000        0.90000       -0.7626        -1.0595        -0.7626         0.0035         0.0198 
BAR-estimator:      0.90000        0.95000       -0.7324        -1.7919        -0.7324         0.0039         0.0202 
BAR-estimator:      0.95000        1.00000       -0.7056        -2.4975        -0.7056         0.0033         0.0205 
BAR-estimator: total free energy change is -2.497503294296643 , total error is 0.020489495686872295
