#========================================================================================
#                     Free energy perturbation    
#----------------------------------------------------------------------------------------
#forward/backward          λ              ΔΔA                 ΔA                  δε   
#                                                 
#----------------------------------------------------------------------------------------
forward:               0.0000              0.0000              0.0000              0.0000  
forward:               0.0500              1.7031              1.7031              0.0253  
forward:               0.1000              0.8768              2.5799              0.0296  
forward:               0.1500              0.4450              3.0249              0.0317  
forward:               0.2000              0.2312              3.2561              0.0326  
forward:               0.2500              0.1170              3.3731              0.0332  
forward:               0.3000              0.0372              3.4104              0.0336  
forward:               0.3500             -0.0019              3.4084              0.0341  
forward:               0.4000             -0.0371              3.3713              0.0345  
forward:               0.4500             -0.0603              3.3110              0.0349  
forward:               0.5000             -0.0937              3.2173              0.0351  
forward:               0.5500             -0.2150              3.0023              0.0356  
forward:               0.6000             -0.4700              2.5324              0.0364  
forward:               0.6500             -0.6825              1.8499              0.0373  
forward:               0.7000             -0.8591              0.9908              0.0382  
forward:               0.7500             -0.9573              0.0335              0.0388  
forward:               0.8000             -1.0076             -0.9741              0.0390  
forward:               0.8500             -0.9931             -1.9672              0.0393  
forward:               0.9000             -0.9762             -2.9434              0.0396  
forward:               0.9500             -0.9476             -3.8910              0.0398  
forward:               1.0000             -0.9232             -4.8142              0.0400  
backward:              1.0000              0.0000             -4.8142              0.0000  
backward:              0.9500              0.9215             -3.8927              0.0056  
backward:              0.9000              0.9448             -2.9479              0.0083  
backward:              0.8500              0.9708             -1.9772              0.0100  
backward:              0.8000              0.9795             -0.9977              0.0154  
backward:              0.7500              1.0017              0.0040              0.0166  
backward:              0.7000              0.9489              0.9529              0.0181  
backward:              0.6500              0.8505              1.8034              0.0203  
backward:              0.6000              0.6862              2.4896              0.0226  
backward:              0.5500              0.4626              2.9523              0.0239  
backward:              0.5000              0.2147              3.1669              0.0260  
backward:              0.4500              0.0849              3.2519              0.0264  
backward:              0.4000              0.0687              3.3206              0.0269  
backward:              0.3500              0.0342              3.3548              0.0274  
backward:              0.3000             -0.0017              3.3532              0.0280  
backward:              0.2500             -0.0480              3.3052              0.0289  
backward:              0.2000             -0.1528              3.1523              0.0301  
backward:              0.1500             -0.2434              2.9090              0.0320  
backward:              0.1000             -0.4962              2.4128              0.0430  
backward:              0.0500             -0.8823              1.5305              0.0527  
backward:              0.0000             -1.6033             -0.0728              0.0599  
Inaccuracy estimation
======================================================================================================
                   i        i+δi          P0_overlap_P1   δε(forward)/ε   δε(backward)/ε
======================================================================================================
inaccuracy:  0.00000        0.05000           34.47           -0.03            1.91
inaccuracy:  0.05000        0.10000           46.46           -0.03            0.94
inaccuracy:  0.10000        0.15000           59.61           -0.02            0.48
inaccuracy:  0.15000        0.20000           65.90           -0.01            0.26
inaccuracy:  0.20000        0.25000           71.70           -0.01            0.18
inaccuracy:  0.25000        0.30000           73.04           -0.01            0.14
inaccuracy:  0.30000        0.35000           74.18           -0.02            0.12
inaccuracy:  0.35000        0.40000           74.67           -0.01            0.10
inaccuracy:  0.40000        0.45000           74.93           -0.01            0.10
inaccuracy:  0.45000        0.50000           76.99           -0.02            0.09
inaccuracy:  0.50000        0.55000           66.41           -0.09            0.15
inaccuracy:  0.55000        0.60000           68.17           -0.11            0.09
inaccuracy:  0.60000        0.65000           67.05           -0.13            0.06
inaccuracy:  0.65000        0.70000           67.65           -0.13            0.05
inaccuracy:  0.70000        0.75000           68.38           -0.10            0.04
inaccuracy:  0.75000        0.80000           68.73           -0.09            0.04
inaccuracy:  0.80000        0.85000           67.85           -0.09            0.05
inaccuracy:  0.85000        0.90000           67.67           -0.10            0.05
inaccuracy:  0.90000        0.95000           67.16           -0.09            0.06
inaccuracy:  0.95000        1.00000           66.48           -0.08            0.07
===================================================================================================================================
                BAR        
-----------------------------------------------------------------------------------------------------------------------------------
BAR-estimator:         λ             λ+δλ          ΔΔA             ΔA            C               Δδe            δe       
                          
-----------------------------------------------------------------------------------------------------------------------------------
BAR-estimator:      0.00000        0.05000        1.6780         1.6780         1.6780         0.0125         0.0125 
BAR-estimator:      0.05000        0.10000        0.8615         2.5395         0.8615         0.0093         0.0156 
BAR-estimator:      0.10000        0.15000        0.4603         2.9998         0.4603         0.0078         0.0175 
BAR-estimator:      0.15000        0.20000        0.2313         3.2311         0.2313         0.0053         0.0183 
BAR-estimator:      0.20000        0.25000        0.1297         3.3608         0.1297         0.0044         0.0188 
BAR-estimator:      0.25000        0.30000        0.0407         3.4015         0.0407         0.0042         0.0192 
BAR-estimator:      0.30000        0.35000        0.0005         3.4020         0.0005         0.0043         0.0197 
BAR-estimator:      0.35000        0.40000       -0.0362         3.3658        -0.0362         0.0038         0.0201 
BAR-estimator:      0.40000        0.45000       -0.0621         3.3037        -0.0621         0.0038         0.0204 
BAR-estimator:      0.45000        0.50000       -0.0887         3.2150        -0.0887         0.0028         0.0206 
BAR-estimator:      0.50000        0.55000       -0.2160         2.9990        -0.2160         0.0042         0.0210 
BAR-estimator:      0.55000        0.60000       -0.4643         2.5347        -0.4643         0.0041         0.0214 
BAR-estimator:      0.60000        0.65000       -0.6846         1.8501        -0.6846         0.0046         0.0219 
BAR-estimator:      0.65000        0.70000       -0.8571         0.9930        -0.8571         0.0047         0.0224 
BAR-estimator:      0.70000        0.75000       -0.9519         0.0411        -0.9519         0.0046         0.0229 
BAR-estimator:      0.75000        0.80000       -1.0032        -0.9621        -1.0032         0.0034         0.0231 
BAR-estimator:      0.80000        0.85000       -0.9902        -1.9524        -0.9902         0.0041         0.0235 
BAR-estimator:      0.85000        0.90000       -0.9725        -2.9249        -0.9725         0.0044         0.0239 
BAR-estimator:      0.90000        0.95000       -0.9450        -3.8698        -0.9450         0.0035         0.0241 
BAR-estimator:      0.95000        1.00000       -0.9221        -4.7919        -0.9221         0.0040         0.0245 
BAR-estimator: total free energy change is -4.791911384676357 , total error is 0.024478206929310825
