#========================================================================================
#                     Free energy perturbation    
#----------------------------------------------------------------------------------------
#forward/backward          λ              ΔΔA                 ΔA                  δε   
#                                                 
#----------------------------------------------------------------------------------------
forward:               0.0000              0.0000              0.0000              0.0000  
forward:               0.0500              1.9402              1.9402              0.0258  
forward:               0.1000              1.1744              3.1146              0.0312  
forward:               0.1500              0.6985              3.8131              0.0345  
forward:               0.2000              0.4217              4.2348              0.0365  
forward:               0.2500              0.2606              4.4954              0.0376  
forward:               0.3000              0.1447              4.6401              0.0391  
forward:               0.3500              0.0702              4.7104              0.0399  
forward:               0.4000              0.0025              4.7128              0.0404  
forward:               0.4500             -0.0304              4.6824              0.0406  
forward:               0.5000             -0.0672              4.6152              0.0409  
forward:               0.5500             -0.1163              4.4989              0.0415  
forward:               0.6000             -0.2142              4.2847              0.0420  
forward:               0.6500             -0.3079              3.9768              0.0425  
forward:               0.7000             -0.3917              3.5850              0.0432  
forward:               0.7500             -0.4742              3.1108              0.0437  
forward:               0.8000             -0.5129              2.5979              0.0441  
forward:               0.8500             -0.5184              2.0796              0.0444  
forward:               0.9000             -0.5197              1.5598              0.0447  
forward:               0.9500             -0.5071              1.0527              0.0449  
forward:               1.0000             -0.4897              0.5631              0.0452  
backward:              1.0000              0.0000              0.5631              0.0000  
backward:              0.9500              0.4808              1.0439              0.0058  
backward:              0.9000              0.5027              1.5465              0.0081  
backward:              0.8500              0.5147              2.0612              0.0101  
backward:              0.8000              0.5178              2.5790              0.0113  
backward:              0.7500              0.5182              3.0972              0.0134  
backward:              0.7000              0.4628              3.5601              0.0155  
backward:              0.6500              0.4013              3.9613              0.0180  
backward:              0.6000              0.2961              4.2575              0.0200  
backward:              0.5500              0.2080              4.4655              0.0208  
backward:              0.5000              0.1002              4.5657              0.0226  
backward:              0.4500              0.0563              4.6221              0.0241  
backward:              0.4000              0.0165              4.6386              0.0254  
backward:              0.3500             -0.0102              4.6284              0.0267  
backward:              0.3000             -0.0745              4.5539              0.0286  
backward:              0.2500             -0.1302              4.4237              0.0302  
backward:              0.2000             -0.2582              4.1655              0.0317  
backward:              0.1500             -0.4047              3.7608              0.0357  
backward:              0.1000             -0.7158              3.0449              0.0441  
backward:              0.0500             -1.1405              1.9044              0.0520  
backward:              0.0000             -1.8402              0.0642              0.0762  
Inaccuracy estimation
======================================================================================================
                   i        i+δi          P0_overlap_P1   δε(forward)/ε   δε(backward)/ε
======================================================================================================
inaccuracy:  0.00000        0.05000           32.52           -0.01            2.16
inaccuracy:  0.05000        0.10000           42.29           -0.06            1.29
inaccuracy:  0.10000        0.15000           50.37           -0.04            0.74
inaccuracy:  0.15000        0.20000           56.14           -0.03            0.48
inaccuracy:  0.20000        0.25000           61.95           -0.04            0.34
inaccuracy:  0.25000        0.30000           63.54           -0.02            0.26
inaccuracy:  0.30000        0.35000           66.99           -0.03            0.21
inaccuracy:  0.35000        0.40000           69.40           -0.02            0.17
inaccuracy:  0.40000        0.45000           69.97           -0.02            0.15
inaccuracy:  0.45000        0.50000           70.50           -0.02            0.14
inaccuracy:  0.50000        0.55000           68.50           -0.06            0.14
inaccuracy:  0.55000        0.60000           68.34           -0.06            0.13
inaccuracy:  0.60000        0.65000           68.15           -0.06            0.11
inaccuracy:  0.65000        0.70000           66.39           -0.07            0.11
inaccuracy:  0.70000        0.75000           67.90           -0.06            0.09
inaccuracy:  0.75000        0.80000           68.20           -0.05            0.10
inaccuracy:  0.80000        0.85000           67.95           -0.05            0.10
inaccuracy:  0.85000        0.90000           67.95           -0.05            0.10
inaccuracy:  0.90000        0.95000           68.40           -0.04            0.10
inaccuracy:  0.95000        1.00000           68.11           -0.05            0.11
===================================================================================================================================
                BAR        
-----------------------------------------------------------------------------------------------------------------------------------
BAR-estimator:         λ             λ+δλ          ΔΔA             ΔA            C               Δδe            δe       
                          
-----------------------------------------------------------------------------------------------------------------------------------
BAR-estimator:      0.00000        0.05000        1.9008         1.9008         1.9008         0.0123         0.0123 
BAR-estimator:      0.05000        0.10000        1.1713         3.0721         1.1713         0.0096         0.0156 
BAR-estimator:      0.10000        0.15000        0.7030         3.7751         0.7030         0.0086         0.0178 
BAR-estimator:      0.15000        0.20000        0.4167         4.1918         0.4167         0.0075         0.0193 
BAR-estimator:      0.20000        0.25000        0.2601         4.4520         0.2601         0.0064         0.0203 
BAR-estimator:      0.25000        0.30000        0.1420         4.5939         0.1420         0.0067         0.0214 
BAR-estimator:      0.30000        0.35000        0.0709         4.6648         0.0709         0.0057         0.0221 
BAR-estimator:      0.35000        0.40000        0.0061         4.6709         0.0061         0.0046         0.0226 
BAR-estimator:      0.40000        0.45000       -0.0276         4.6434        -0.0276         0.0040         0.0230 
BAR-estimator:      0.45000        0.50000       -0.0650         4.5784        -0.0650         0.0052         0.0235 
BAR-estimator:      0.50000        0.55000       -0.1119         4.4665        -0.1119         0.0043         0.0239 
BAR-estimator:      0.55000        0.60000       -0.2079         4.2585        -0.2079         0.0039         0.0242 
BAR-estimator:      0.60000        0.65000       -0.3037         3.9548        -0.3037         0.0042         0.0246 
BAR-estimator:      0.65000        0.70000       -0.3962         3.5586        -0.3962         0.0048         0.0251 
BAR-estimator:      0.70000        0.75000       -0.4701         3.0886        -0.4701         0.0042         0.0254 
BAR-estimator:      0.75000        0.80000       -0.5120         2.5766        -0.5120         0.0045         0.0258 
BAR-estimator:      0.80000        0.85000       -0.5152         2.0614        -0.5152         0.0049         0.0263 
BAR-estimator:      0.85000        0.90000       -0.5181         1.5432        -0.5181         0.0040         0.0266 
BAR-estimator:      0.90000        0.95000       -0.5031         1.0401        -0.5031         0.0042         0.0269 
BAR-estimator:      0.95000        1.00000       -0.4872         0.5529        -0.4872         0.0042         0.0272 
BAR-estimator: total free energy change is 0.5529033259585552 , total error is 0.027225160885249875
