#========================================================================================
#                     Free energy perturbation    
#----------------------------------------------------------------------------------------
#forward/backward          λ              ΔΔA                 ΔA                  δε   
#                                                 
#----------------------------------------------------------------------------------------
forward:               0.0000              0.0000              0.0000              0.0000  
forward:               0.0500              1.9020              1.9020              0.0312  
forward:               0.1000              0.9885              2.8906              0.0384  
forward:               0.1500              0.4915              3.3821              0.0408  
forward:               0.2000              0.2463              3.6284              0.0419  
forward:               0.2500              0.1140              3.7424              0.0426  
forward:               0.3000              0.0294              3.7718              0.0430  
forward:               0.3500             -0.0019              3.7700              0.0436  
forward:               0.4000             -0.0572              3.7128              0.0438  
forward:               0.4500             -0.0755              3.6373              0.0443  
forward:               0.5000             -0.1004              3.5370              0.0446  
forward:               0.5500             -0.2052              3.3318              0.0449  
forward:               0.6000             -0.3848              2.9470              0.0454  
forward:               0.6500             -0.5409              2.4061              0.0458  
forward:               0.7000             -0.6946              1.7114              0.0459  
forward:               0.7500             -0.7812              0.9302              0.0462  
forward:               0.8000             -0.8653              0.0650              0.0465  
forward:               0.8500             -0.8930             -0.8281              0.0468  
forward:               0.9000             -0.9213             -1.7494              0.0471  
forward:               0.9500             -0.9348             -2.6842              0.0473  
forward:               1.0000             -0.9526             -3.6368              0.0475  
backward:              1.0000              0.0000             -3.6368              0.0000  
backward:              0.9500              0.9461             -2.6906              0.0053  
backward:              0.9000              0.9323             -1.7583              0.0082  
backward:              0.8500              0.9225             -0.8358              0.0104  
backward:              0.8000              0.8938              0.0580              0.0124  
backward:              0.7500              0.8616              0.9196              0.0140  
backward:              0.7000              0.7896              1.7091              0.0161  
backward:              0.6500              0.6980              2.4072              0.0178  
backward:              0.6000              0.5464              2.9535              0.0189  
backward:              0.5500              0.4004              3.3539              0.0199  
backward:              0.5000              0.1943              3.5482              0.0209  
backward:              0.4500              0.0954              3.6436              0.0218  
backward:              0.4000              0.0785              3.7221              0.0234  
backward:              0.3500              0.0618              3.7839              0.0242  
backward:              0.3000             -0.0056              3.7783              0.0290  
backward:              0.2500             -0.0328              3.7455              0.0301  
backward:              0.2000             -0.1207              3.6248              0.0316  
backward:              0.1500             -0.2448              3.3800              0.0339  
backward:              0.1000             -0.5006              2.8794              0.0409  
backward:              0.0500             -0.9841              1.8953              0.0488  
backward:              0.0000             -1.8684              0.0269              0.0573  
Inaccuracy estimation
======================================================================================================
                   i        i+δi          P0_overlap_P1   δε(forward)/ε   δε(backward)/ε
======================================================================================================
inaccuracy:  0.00000        0.05000           32.57           -0.03            2.08
inaccuracy:  0.05000        0.10000           41.36           -0.06            1.36
inaccuracy:  0.10000        0.15000           54.00           -0.04            0.66
inaccuracy:  0.15000        0.20000           61.28           -0.03            0.37
inaccuracy:  0.20000        0.25000           66.31           -0.02            0.23
inaccuracy:  0.25000        0.30000           68.28           -0.02            0.19
inaccuracy:  0.30000        0.35000           68.86           -0.03            0.16
inaccuracy:  0.35000        0.40000           70.69           -0.03            0.13
inaccuracy:  0.40000        0.45000           70.53           -0.02            0.14
inaccuracy:  0.45000        0.50000           72.03           -0.02            0.12
inaccuracy:  0.50000        0.55000           66.83           -0.07            0.13
inaccuracy:  0.55000        0.60000           65.71           -0.09            0.12
inaccuracy:  0.60000        0.65000           65.69           -0.10            0.11
inaccuracy:  0.65000        0.70000           65.91           -0.09            0.08
inaccuracy:  0.70000        0.75000           65.98           -0.10            0.07
inaccuracy:  0.75000        0.80000           67.15           -0.09            0.06
inaccuracy:  0.80000        0.85000           66.30           -0.10            0.06
inaccuracy:  0.85000        0.90000           66.05           -0.10            0.06
inaccuracy:  0.90000        0.95000           65.98           -0.09            0.06
inaccuracy:  0.95000        1.00000           67.19           -0.09            0.06
===================================================================================================================================
                BAR        
-----------------------------------------------------------------------------------------------------------------------------------
BAR-estimator:         λ             λ+δλ          ΔΔA             ΔA            C               Δδe            δe       
                          
-----------------------------------------------------------------------------------------------------------------------------------
BAR-estimator:      0.00000        0.05000        1.9125         1.9125         1.9125         0.0097         0.0097 
BAR-estimator:      0.05000        0.10000        0.9972         2.9098         0.9972         0.0131         0.0163 
BAR-estimator:      0.10000        0.15000        0.4902         3.3999         0.4902         0.0087         0.0185 
BAR-estimator:      0.15000        0.20000        0.2457         3.6456         0.2457         0.0064         0.0195 
BAR-estimator:      0.20000        0.25000        0.1173         3.7629         0.1173         0.0051         0.0202 
BAR-estimator:      0.25000        0.30000        0.0315         3.7944         0.0315         0.0044         0.0206 
BAR-estimator:      0.30000        0.35000       -0.0062         3.7882        -0.0062         0.0045         0.0211 
BAR-estimator:      0.35000        0.40000       -0.0606         3.7275        -0.0606         0.0037         0.0214 
BAR-estimator:      0.40000        0.45000       -0.0778         3.6497        -0.0778         0.0035         0.0217 
BAR-estimator:      0.45000        0.50000       -0.0998         3.5499        -0.0998         0.0034         0.0220 
BAR-estimator:      0.50000        0.55000       -0.1998         3.3501        -0.1998         0.0037         0.0223 
BAR-estimator:      0.55000        0.60000       -0.3890         2.9612        -0.3890         0.0038         0.0226 
BAR-estimator:      0.60000        0.65000       -0.5439         2.4173        -0.5439         0.0040         0.0230 
BAR-estimator:      0.65000        0.70000       -0.6951         1.7222        -0.6951         0.0037         0.0233 
BAR-estimator:      0.70000        0.75000       -0.7883         0.9339        -0.7883         0.0038         0.0236 
BAR-estimator:      0.75000        0.80000       -0.8615         0.0724        -0.8615         0.0038         0.0239 
BAR-estimator:      0.80000        0.85000       -0.8919        -0.8196        -0.8919         0.0039         0.0242 
BAR-estimator:      0.85000        0.90000       -0.9228        -1.7424        -0.9228         0.0041         0.0245 
BAR-estimator:      0.90000        0.95000       -0.9328        -2.6753        -0.9328         0.0046         0.0250 
BAR-estimator:      0.95000        1.00000       -0.9454        -3.6206        -0.9454         0.0046         0.0254 
BAR-estimator: total free energy change is -3.6206475371108295 , total error is 0.02537216631113963
