#========================================================================================
#                     Free energy perturbation    
#----------------------------------------------------------------------------------------
#forward/backward          λ              ΔΔA                 ΔA                  δε   
#                                                 
#----------------------------------------------------------------------------------------
forward:               0.0000              0.0000              0.0000              0.0000  
forward:               0.0500              1.2218              1.2218              0.0186  
forward:               0.1000              0.5669              1.7887              0.0211  
forward:               0.1500              0.3243              2.1130              0.0241  
forward:               0.2000              0.1857              2.2987              0.0249  
forward:               0.2500              0.1222              2.4208              0.0256  
forward:               0.3000              0.0882              2.5091              0.0262  
forward:               0.3500              0.0518              2.5608              0.0265  
forward:               0.4000              0.0169              2.5777              0.0268  
forward:               0.4500              0.0018              2.5796              0.0271  
forward:               0.5000             -0.0197              2.5598              0.0274  
forward:               0.5500             -0.0687              2.4911              0.0278  
forward:               0.6000             -0.1336              2.3575              0.0281  
forward:               0.6500             -0.1966              2.1609              0.0283  
forward:               0.7000             -0.2474              1.9135              0.0285  
forward:               0.7500             -0.2786              1.6349              0.0289  
forward:               0.8000             -0.3357              1.2992              0.0291  
forward:               0.8500             -0.3569              0.9424              0.0293  
forward:               0.9000             -0.3838              0.5585              0.0295  
forward:               0.9500             -0.4037              0.1548              0.0296  
forward:               1.0000             -0.4242             -0.2694              0.0298  
backward:              1.0000              0.0000             -0.2694              0.0000  
backward:              0.9500              0.4254              0.1560              0.0034  
backward:              0.9000              0.4015              0.5575              0.0050  
backward:              0.8500              0.3843              0.9418              0.0060  
backward:              0.8000              0.3491              1.2909              0.0072  
backward:              0.7500              0.3194              1.6104              0.0083  
backward:              0.7000              0.2897              1.9000              0.0093  
backward:              0.6500              0.2490              2.1490              0.0101  
backward:              0.6000              0.1892              2.3382              0.0110  
backward:              0.5500              0.1342              2.4724              0.0118  
backward:              0.5000              0.0551              2.5275              0.0126  
backward:              0.4500              0.0204              2.5480              0.0133  
backward:              0.4000              0.0013              2.5492              0.0141  
backward:              0.3500             -0.0182              2.5310              0.0149  
backward:              0.3000             -0.0494              2.4817              0.0156  
backward:              0.2500             -0.0827              2.3990              0.0167  
backward:              0.2000             -0.1298              2.2692              0.0180  
backward:              0.1500             -0.1929              2.0763              0.0195  
backward:              0.1000             -0.3104              1.7659              0.0223  
backward:              0.0500             -0.5583              1.2076              0.0287  
backward:              0.0000             -1.0551              0.1524              0.0410  
Inaccuracy estimation
======================================================================================================
                   i        i+δi          P0_overlap_P1   δε(forward)/ε   δε(backward)/ε
======================================================================================================
inaccuracy:  0.00000        0.05000           38.61           -0.03            2.25
inaccuracy:  0.05000        0.10000           57.59           -0.00            0.53
inaccuracy:  0.10000        0.15000           66.16           -0.00            0.28
inaccuracy:  0.15000        0.20000           72.45           -0.00            0.18
inaccuracy:  0.20000        0.25000           75.51           -0.00            0.13
inaccuracy:  0.25000        0.30000           75.72           -0.01            0.11
inaccuracy:  0.30000        0.35000           77.01           -0.01            0.09
inaccuracy:  0.35000        0.40000           78.77           -0.00            0.08
inaccuracy:  0.40000        0.45000           78.36           -0.01            0.08
inaccuracy:  0.45000        0.50000           79.54           -0.01            0.07
inaccuracy:  0.50000        0.55000           76.59           -0.02            0.07
inaccuracy:  0.55000        0.60000           76.88           -0.02            0.07
inaccuracy:  0.60000        0.65000           77.48           -0.03            0.06
inaccuracy:  0.65000        0.70000           77.13           -0.02            0.06
inaccuracy:  0.70000        0.75000           76.37           -0.03            0.06
inaccuracy:  0.75000        0.80000           78.82           -0.03            0.04
inaccuracy:  0.80000        0.85000           78.09           -0.02            0.04
inaccuracy:  0.85000        0.90000           77.91           -0.03            0.05
inaccuracy:  0.90000        0.95000           77.40           -0.02            0.05
inaccuracy:  0.95000        1.00000           76.95           -0.03            0.05
===================================================================================================================================
                BAR        
-----------------------------------------------------------------------------------------------------------------------------------
BAR-estimator:         λ             λ+δλ          ΔΔA             ΔA            C               Δδe            δe       
                          
-----------------------------------------------------------------------------------------------------------------------------------
BAR-estimator:      0.00000        0.05000        1.1945         1.1945         1.1945         0.0118         0.0118 
BAR-estimator:      0.05000        0.10000        0.5577         1.7522         0.5577         0.0070         0.0137 
BAR-estimator:      0.10000        0.15000        0.3212         2.0734         0.3212         0.0060         0.0150 
BAR-estimator:      0.15000        0.20000        0.1893         2.2627         0.1893         0.0043         0.0156 
BAR-estimator:      0.20000        0.25000        0.1273         2.3900         0.1273         0.0037         0.0160 
BAR-estimator:      0.25000        0.30000        0.0875         2.4775         0.0875         0.0036         0.0164 
BAR-estimator:      0.30000        0.35000        0.0511         2.5286         0.0511         0.0030         0.0167 
BAR-estimator:      0.35000        0.40000        0.0184         2.5471         0.0184         0.0028         0.0169 
BAR-estimator:      0.40000        0.45000        0.0004         2.5474         0.0004         0.0029         0.0172 
BAR-estimator:      0.45000        0.50000       -0.0211         2.5264        -0.0211         0.0032         0.0175 
BAR-estimator:      0.50000        0.55000       -0.0631         2.4633        -0.0631         0.0030         0.0177 
BAR-estimator:      0.55000        0.60000       -0.1327         2.3305        -0.1327         0.0029         0.0179 
BAR-estimator:      0.60000        0.65000       -0.1959         2.1347        -0.1959         0.0027         0.0182 
BAR-estimator:      0.65000        0.70000       -0.2470         1.8876        -0.2470         0.0027         0.0184 
BAR-estimator:      0.70000        0.75000       -0.2832         1.6044        -0.2832         0.0027         0.0186 
BAR-estimator:      0.75000        0.80000       -0.3324         1.2720        -0.3324         0.0029         0.0188 
BAR-estimator:      0.80000        0.85000       -0.3538         0.9182        -0.3538         0.0026         0.0190 
BAR-estimator:      0.85000        0.90000       -0.3821         0.5362        -0.3821         0.0028         0.0192 
BAR-estimator:      0.90000        0.95000       -0.4022         0.1340        -0.4022         0.0027         0.0193 
BAR-estimator:      0.95000        1.00000       -0.4251        -0.2912        -0.4251         0.0027         0.0195 
BAR-estimator: total free energy change is -0.29115386365001733 , total error is 0.019535817608640583
