#========================================================================================
#                     Free energy perturbation    
#----------------------------------------------------------------------------------------
#forward/backward          λ              ΔΔA                 ΔA                  δε   
#                                                 
#----------------------------------------------------------------------------------------
forward:               0.0000              0.0000              0.0000              0.0000  
forward:               0.0500              1.7470              1.7470              0.0275  
forward:               0.1000              1.0178              2.7648              0.0331  
forward:               0.1500              0.5066              3.2714              0.0363  
forward:               0.2000              0.2688              3.5402              0.0375  
forward:               0.2500              0.1575              3.6977              0.0384  
forward:               0.3000              0.0557              3.7534              0.0389  
forward:               0.3500              0.0146              3.7680              0.0393  
forward:               0.4000             -0.0202              3.7478              0.0396  
forward:               0.4500             -0.0520              3.6959              0.0399  
forward:               0.5000             -0.0786              3.6173              0.0402  
forward:               0.5500             -0.2070              3.4102              0.0408  
forward:               0.6000             -0.4543              2.9560              0.0414  
forward:               0.6500             -0.6532              2.3027              0.0431  
forward:               0.7000             -0.8211              1.4816              0.0438  
forward:               0.7500             -0.9283              0.5534              0.0447  
forward:               0.8000             -0.9932             -0.4398              0.0454  
forward:               0.8500             -0.9872             -1.4270              0.0457  
forward:               0.9000             -0.9732             -2.4002              0.0460  
forward:               0.9500             -0.9442             -3.3444              0.0463  
forward:               1.0000             -0.9239             -4.2683              0.0465  
backward:              1.0000              0.0000             -4.2683              0.0000  
backward:              0.9500              0.8983             -3.3700              0.0101  
backward:              0.9000              0.9476             -2.4224              0.0117  
backward:              0.8500              0.9570             -1.4654              0.0150  
backward:              0.8000              0.9857             -0.4797              0.0164  
backward:              0.7500              0.9995              0.5198              0.0178  
backward:              0.7000              0.9404              1.4602              0.0223  
backward:              0.6500              0.8323              2.2924              0.0241  
backward:              0.6000              0.6346              2.9270              0.0265  
backward:              0.5500              0.4435              3.3705              0.0277  
backward:              0.5000              0.1946              3.5651              0.0289  
backward:              0.4500              0.0713              3.6364              0.0294  
backward:              0.4000              0.0613              3.6977              0.0300  
backward:              0.3500              0.0292              3.7269              0.0305  
backward:              0.3000             -0.0195              3.7075              0.0310  
backward:              0.2500             -0.0511              3.6563              0.0323  
backward:              0.2000             -0.1425              3.5138              0.0334  
backward:              0.1500             -0.2926              3.2213              0.0377  
backward:              0.1000             -0.5333              2.6879              0.0480  
backward:              0.0500             -0.9753              1.7126              0.0546  
backward:              0.0000             -1.7898             -0.0772              0.0738  
Inaccuracy estimation
======================================================================================================
                   i        i+δi          P0_overlap_P1   δε(forward)/ε   δε(backward)/ε
======================================================================================================
inaccuracy:  0.00000        0.05000           34.83           -0.03            1.86
inaccuracy:  0.05000        0.10000           43.94           -0.05            1.20
inaccuracy:  0.10000        0.15000           55.49           -0.02            0.58
inaccuracy:  0.15000        0.20000           62.75           -0.02            0.32
inaccuracy:  0.20000        0.25000           66.28           -0.02            0.24
inaccuracy:  0.25000        0.30000           69.72           -0.02            0.17
inaccuracy:  0.30000        0.35000           71.38           -0.02            0.14
inaccuracy:  0.35000        0.40000           71.33           -0.02            0.12
inaccuracy:  0.40000        0.45000           72.74           -0.02            0.12
inaccuracy:  0.45000        0.50000           73.97           -0.01            0.11
inaccuracy:  0.50000        0.55000           65.00           -0.08            0.17
inaccuracy:  0.55000        0.60000           66.03           -0.10            0.11
inaccuracy:  0.60000        0.65000           65.91           -0.13            0.08
inaccuracy:  0.65000        0.70000           64.37           -0.13            0.07
inaccuracy:  0.70000        0.75000           64.07           -0.13            0.06
inaccuracy:  0.75000        0.80000           65.33           -0.10            0.06
inaccuracy:  0.80000        0.85000           66.26           -0.12            0.06
inaccuracy:  0.85000        0.90000           65.29           -0.10            0.07
inaccuracy:  0.90000        0.95000           64.82           -0.11            0.08
inaccuracy:  0.95000        1.00000           64.99           -0.10            0.08
===================================================================================================================================
                BAR        
-----------------------------------------------------------------------------------------------------------------------------------
BAR-estimator:         λ             λ+δλ          ΔΔA             ΔA            C               Δδe            δe       
                          
-----------------------------------------------------------------------------------------------------------------------------------
BAR-estimator:      0.00000        0.05000        1.7561         1.7561         1.7561         0.0128         0.0128 
BAR-estimator:      0.05000        0.10000        1.0170         2.7731         1.0170         0.0104         0.0165 
BAR-estimator:      0.10000        0.15000        0.5126         3.2858         0.5126         0.0080         0.0184 
BAR-estimator:      0.15000        0.20000        0.2699         3.5557         0.2699         0.0062         0.0194 
BAR-estimator:      0.20000        0.25000        0.1545         3.7102         0.1545         0.0056         0.0202 
BAR-estimator:      0.25000        0.30000        0.0555         3.7657         0.0555         0.0044         0.0206 
BAR-estimator:      0.30000        0.35000        0.0178         3.7835         0.0178         0.0042         0.0211 
BAR-estimator:      0.35000        0.40000       -0.0242         3.7593        -0.0242         0.0045         0.0215 
BAR-estimator:      0.40000        0.45000       -0.0544         3.7050        -0.0544         0.0035         0.0218 
BAR-estimator:      0.45000        0.50000       -0.0755         3.6295        -0.0755         0.0034         0.0221 
BAR-estimator:      0.50000        0.55000       -0.2013         3.4281        -0.2013         0.0042         0.0225 
BAR-estimator:      0.55000        0.60000       -0.4479         2.9803        -0.4479         0.0043         0.0229 
BAR-estimator:      0.60000        0.65000       -0.6447         2.3355        -0.6447         0.0054         0.0235 
BAR-estimator:      0.65000        0.70000       -0.8287         1.5069        -0.8287         0.0052         0.0241 
BAR-estimator:      0.70000        0.75000       -0.9390         0.5678        -0.9390         0.0054         0.0247 
BAR-estimator:      0.75000        0.80000       -0.9919        -0.4241        -0.9919         0.0050         0.0252 
BAR-estimator:      0.80000        0.85000       -0.9865        -1.4106        -0.9865         0.0039         0.0255 
BAR-estimator:      0.85000        0.90000       -0.9697        -2.3803        -0.9697         0.0041         0.0258 
BAR-estimator:      0.90000        0.95000       -0.9413        -3.3216        -0.9413         0.0047         0.0262 
BAR-estimator:      0.95000        1.00000       -0.9207        -4.2423        -0.9207         0.0049         0.0267 
BAR-estimator: total free energy change is -4.242321829597051 , total error is 0.02667483930519779
