#========================================================================================
#                     Free energy perturbation    
#----------------------------------------------------------------------------------------
#forward/backward          λ              ΔΔA                 ΔA                  δε   
#                                                 
#----------------------------------------------------------------------------------------
forward:               0.0000              0.0000              0.0000              0.0000  
forward:               0.0500              1.6905              1.6905              0.0194  
forward:               0.1000              1.0512              2.7417              0.0249  
forward:               0.1500              0.6206              3.3623              0.0280  
forward:               0.2000              0.3605              3.7228              0.0296  
forward:               0.2500              0.2247              3.9476              0.0306  
forward:               0.3000              0.1333              4.0809              0.0313  
forward:               0.3500              0.0672              4.1480              0.0319  
forward:               0.4000              0.0360              4.1841              0.0324  
forward:               0.4500             -0.0019              4.1822              0.0328  
forward:               0.5000             -0.0248              4.1574              0.0331  
forward:               0.5500             -0.1430              4.0144              0.0337  
forward:               0.6000             -0.2973              3.7171              0.0342  
forward:               0.6500             -0.4654              3.2517              0.0346  
forward:               0.7000             -0.6102              2.6415              0.0350  
forward:               0.7500             -0.7060              1.9356              0.0354  
forward:               0.8000             -0.7677              1.1679              0.0357  
forward:               0.8500             -0.8096              0.3583              0.0360  
forward:               0.9000             -0.8316             -0.4733              0.0363  
forward:               0.9500             -0.8472             -1.3205              0.0366  
forward:               1.0000             -0.8601             -2.1806              0.0371  
backward:              1.0000              0.0000             -2.1806              0.0000  
backward:              0.9500              0.8503             -1.3303              0.0057  
backward:              0.9000              0.8504             -0.4799              0.0080  
backward:              0.8500              0.8218              0.3419              0.0105  
backward:              0.8000              0.7998              1.1417              0.0121  
backward:              0.7500              0.7764              1.9182              0.0135  
backward:              0.7000              0.7065              2.6247              0.0149  
backward:              0.6500              0.6042              3.2289              0.0163  
backward:              0.6000              0.4405              3.6694              0.0218  
backward:              0.5500              0.3074              3.9768              0.0232  
backward:              0.5000              0.1348              4.1116              0.0239  
backward:              0.4500              0.0353              4.1469              0.0247  
backward:              0.4000              0.0145              4.1614              0.0256  
backward:              0.3500             -0.0273              4.1341              0.0267  
backward:              0.3000             -0.0690              4.0651              0.0273  
backward:              0.2500             -0.1551              3.9100              0.0292  
backward:              0.2000             -0.2057              3.7043              0.0297  
backward:              0.1500             -0.3991              3.3053              0.0354  
backward:              0.1000             -0.6124              2.6929              0.0428  
backward:              0.0500             -1.0546              1.6383              0.0501  
backward:              0.0000             -1.7444             -0.1061              0.1158  
Inaccuracy estimation
======================================================================================================
                   i        i+δi          P0_overlap_P1   δε(forward)/ε   δε(backward)/ε
======================================================================================================
inaccuracy:  0.00000        0.05000           35.65           -0.03            1.83
inaccuracy:  0.05000        0.10000           44.65           -0.05            1.15
inaccuracy:  0.10000        0.15000           52.46           -0.04            0.61
inaccuracy:  0.15000        0.20000           60.25           -0.03            0.39
inaccuracy:  0.20000        0.25000           63.22           -0.02            0.28
inaccuracy:  0.25000        0.30000           67.00           -0.02            0.21
inaccuracy:  0.30000        0.35000           68.43           -0.02            0.18
inaccuracy:  0.35000        0.40000           69.03           -0.03            0.16
inaccuracy:  0.40000        0.45000           69.46           -0.02            0.14
inaccuracy:  0.45000        0.50000           70.15           -0.02            0.13
inaccuracy:  0.50000        0.55000           66.47           -0.07            0.15
inaccuracy:  0.55000        0.60000           66.21           -0.09            0.13
inaccuracy:  0.60000        0.65000           66.12           -0.09            0.09
inaccuracy:  0.65000        0.70000           66.89           -0.09            0.09
inaccuracy:  0.70000        0.75000           66.55           -0.07            0.08
inaccuracy:  0.75000        0.80000           66.25           -0.10            0.07
inaccuracy:  0.80000        0.85000           67.12           -0.10            0.07
inaccuracy:  0.85000        0.90000           66.75           -0.10            0.07
inaccuracy:  0.90000        0.95000           66.24           -0.09            0.07
inaccuracy:  0.95000        1.00000           66.67           -0.09            0.08
===================================================================================================================================
                BAR        
-----------------------------------------------------------------------------------------------------------------------------------
BAR-estimator:         λ             λ+δλ          ΔΔA             ΔA            C               Δδe            δe       
                          
-----------------------------------------------------------------------------------------------------------------------------------
BAR-estimator:      0.00000        0.05000        1.6949         1.6949         1.6949         0.0091         0.0091 
BAR-estimator:      0.05000        0.10000        1.0512         2.7462         1.0512         0.0091         0.0128 
BAR-estimator:      0.10000        0.15000        0.6116         3.3578         0.6116         0.0078         0.0150 
BAR-estimator:      0.15000        0.20000        0.3623         3.7200         0.3623         0.0051         0.0158 
BAR-estimator:      0.20000        0.25000        0.2186         3.9387         0.2186         0.0052         0.0167 
BAR-estimator:      0.25000        0.30000        0.1369         4.0755         0.1369         0.0045         0.0173 
BAR-estimator:      0.30000        0.35000        0.0694         4.1450         0.0694         0.0045         0.0179 
BAR-estimator:      0.35000        0.40000        0.0311         4.1761         0.0311         0.0037         0.0182 
BAR-estimator:      0.40000        0.45000       -0.0079         4.1682        -0.0079         0.0033         0.0185 
BAR-estimator:      0.45000        0.50000       -0.0291         4.1391        -0.0291         0.0033         0.0188 
BAR-estimator:      0.50000        0.55000       -0.1393         3.9998        -0.1393         0.0036         0.0192 
BAR-estimator:      0.55000        0.60000       -0.3022         3.6976        -0.3022         0.0037         0.0195 
BAR-estimator:      0.60000        0.65000       -0.4643         3.2334        -0.4643         0.0039         0.0199 
BAR-estimator:      0.65000        0.70000       -0.6083         2.6251        -0.6083         0.0037         0.0202 
BAR-estimator:      0.70000        0.75000       -0.7037         1.9215        -0.7037         0.0035         0.0205 
BAR-estimator:      0.75000        0.80000       -0.7703         1.1512        -0.7703         0.0038         0.0209 
BAR-estimator:      0.80000        0.85000       -0.8069         0.3443        -0.8069         0.0049         0.0215 
BAR-estimator:      0.85000        0.90000       -0.8335        -0.4892        -0.8335         0.0050         0.0220 
BAR-estimator:      0.90000        0.95000       -0.8492        -1.3384        -0.8492         0.0044         0.0225 
BAR-estimator:      0.95000        1.00000       -0.8549        -2.1933        -0.8549         0.0040         0.0228 
BAR-estimator: total free energy change is -2.193275525709977 , total error is 0.02282423772591134
