#========================================================================================
#                     Free energy perturbation    
#----------------------------------------------------------------------------------------
#forward/backward          λ              ΔΔA                 ΔA                  δε   
#                                                 
#----------------------------------------------------------------------------------------
forward:               0.0000              0.0000              0.0000              0.0000  
forward:               0.0500              1.9517              1.9517              0.0233  
forward:               0.1000              1.2352              3.1869              0.0286  
forward:               0.1500              0.6788              3.8657              0.0359  
forward:               0.2000              0.3744              4.2402              0.0374  
forward:               0.2500              0.2292              4.4693              0.0383  
forward:               0.3000              0.1080              4.5773              0.0386  
forward:               0.3500              0.0528              4.6301              0.0391  
forward:               0.4000             -0.0039              4.6262              0.0397  
forward:               0.4500             -0.0499              4.5762              0.0401  
forward:               0.5000             -0.0637              4.5125              0.0404  
forward:               0.5500             -0.1784              4.3341              0.0408  
forward:               0.6000             -0.3651              3.9691              0.0411  
forward:               0.6500             -0.5449              3.4242              0.0416  
forward:               0.7000             -0.7098              2.7143              0.0421  
forward:               0.7500             -0.8093              1.9051              0.0425  
forward:               0.8000             -0.8249              1.0801              0.0429  
forward:               0.8500             -0.8373              0.2429              0.0432  
forward:               0.9000             -0.8176             -0.5747              0.0432  
forward:               0.9500             -0.7887             -1.3634              0.0434  
forward:               1.0000             -0.7635             -2.1269              0.0437  
backward:              1.0000              0.0000             -2.1269              0.0000  
backward:              0.9500              0.7558             -1.3711              0.0068  
backward:              0.9000              0.7745             -0.5966              0.0103  
backward:              0.8500              0.8167              0.2201              0.0120  
backward:              0.8000              0.8315              1.0516              0.0146  
backward:              0.7500              0.8342              1.8858              0.0161  
backward:              0.7000              0.7969              2.6827              0.0175  
backward:              0.6500              0.7051              3.3878              0.0188  
backward:              0.6000              0.5173              3.9051              0.0224  
backward:              0.5500              0.3674              4.2725              0.0234  
backward:              0.5000              0.1751              4.4475              0.0245  
backward:              0.4500              0.0614              4.5089              0.0256  
backward:              0.4000              0.0300              4.5389              0.0263  
backward:              0.3500             -0.0047              4.5343              0.0273  
backward:              0.3000             -0.0512              4.4831              0.0281  
backward:              0.2500             -0.1120              4.3711              0.0293  
backward:              0.2000             -0.2352              4.1360              0.0318  
backward:              0.1500             -0.3763              3.7596              0.0335  
backward:              0.1000             -0.7117              3.0479              0.0399  
backward:              0.0500             -1.1376              1.9103              0.0511  
backward:              0.0000             -2.0742             -0.1640              0.1165  
Inaccuracy estimation
======================================================================================================
                   i        i+δi          P0_overlap_P1   δε(forward)/ε   δε(backward)/ε
======================================================================================================
inaccuracy:  0.00000        0.05000           32.12           -0.01            2.23
inaccuracy:  0.05000        0.10000           39.56           -0.06            1.45
inaccuracy:  0.10000        0.15000           50.62           -0.04            0.76
inaccuracy:  0.15000        0.20000           58.62           -0.03            0.46
inaccuracy:  0.20000        0.25000           62.17           -0.03            0.33
inaccuracy:  0.25000        0.30000           65.68           -0.03            0.24
inaccuracy:  0.30000        0.35000           66.88           -0.02            0.21
inaccuracy:  0.35000        0.40000           68.62           -0.02            0.18
inaccuracy:  0.40000        0.45000           70.63           -0.02            0.15
inaccuracy:  0.45000        0.50000           69.43           -0.02            0.15
inaccuracy:  0.50000        0.55000           64.07           -0.09            0.17
inaccuracy:  0.55000        0.60000           64.25           -0.12            0.15
inaccuracy:  0.60000        0.65000           64.65           -0.12            0.10
inaccuracy:  0.65000        0.70000           64.17           -0.12            0.10
inaccuracy:  0.70000        0.75000           65.13           -0.11            0.08
inaccuracy:  0.75000        0.80000           63.44           -0.11            0.09
inaccuracy:  0.80000        0.85000           63.84           -0.10            0.09
inaccuracy:  0.85000        0.90000           63.74           -0.10            0.10
inaccuracy:  0.90000        0.95000           64.19           -0.09            0.11
inaccuracy:  0.95000        1.00000           63.27           -0.10            0.11
===================================================================================================================================
                BAR        
-----------------------------------------------------------------------------------------------------------------------------------
BAR-estimator:         λ             λ+δλ          ΔΔA             ΔA            C               Δδe            δe       
                          
-----------------------------------------------------------------------------------------------------------------------------------
BAR-estimator:      0.00000        0.05000        1.9624         1.9624         1.9624         0.0101         0.0101 
BAR-estimator:      0.05000        0.10000        1.2028         3.1652         1.2028         0.0097         0.0141 
BAR-estimator:      0.10000        0.15000        0.6879         3.8530         0.6879         0.0126         0.0189 
BAR-estimator:      0.15000        0.20000        0.3825         4.2355         0.3825         0.0066         0.0200 
BAR-estimator:      0.20000        0.25000        0.2302         4.4657         0.2302         0.0054         0.0207 
BAR-estimator:      0.25000        0.30000        0.1139         4.5796         0.1139         0.0048         0.0213 
BAR-estimator:      0.30000        0.35000        0.0562         4.6358         0.0562         0.0044         0.0217 
BAR-estimator:      0.35000        0.40000        0.0012         4.6370         0.0012         0.0040         0.0221 
BAR-estimator:      0.40000        0.45000       -0.0394         4.5977        -0.0394         0.0037         0.0224 
BAR-estimator:      0.45000        0.50000       -0.0632         4.5344        -0.0632         0.0035         0.0226 
BAR-estimator:      0.50000        0.55000       -0.1788         4.3556        -0.1788         0.0036         0.0229 
BAR-estimator:      0.55000        0.60000       -0.3654         3.9902        -0.3654         0.0037         0.0232 
BAR-estimator:      0.60000        0.65000       -0.5427         3.4475        -0.5427         0.0037         0.0235 
BAR-estimator:      0.65000        0.70000       -0.7037         2.7438        -0.7037         0.0042         0.0239 
BAR-estimator:      0.70000        0.75000       -0.7994         1.9445        -0.7994         0.0039         0.0242 
BAR-estimator:      0.75000        0.80000       -0.8312         1.1133        -0.8312         0.0040         0.0245 
BAR-estimator:      0.80000        0.85000       -0.8349         0.2784        -0.8349         0.0036         0.0248 
BAR-estimator:      0.85000        0.90000       -0.8135        -0.5351        -0.8135         0.0041         0.0251 
BAR-estimator:      0.90000        0.95000       -0.7817        -1.3169        -0.7817         0.0040         0.0254 
BAR-estimator:      0.95000        1.00000       -0.7590        -2.0759        -0.7590         0.0037         0.0257 
BAR-estimator: total free energy change is -2.075865590347582 , total error is 0.025704991884341263
