#========================================================================================
#                     Free energy perturbation    
#----------------------------------------------------------------------------------------
#forward/backward          λ              ΔΔA                 ΔA                  δε   
#                                                 
#----------------------------------------------------------------------------------------
forward:               0.0000              0.0000              0.0000              0.0000  
forward:               0.0500              1.3074              1.3074              0.0232  
forward:               0.1000              0.7282              2.0356              0.0277  
forward:               0.1500              0.3684              2.4040              0.0293  
forward:               0.2000              0.1848              2.5888              0.0302  
forward:               0.2500              0.1216              2.7104              0.0308  
forward:               0.3000              0.0705              2.7809              0.0314  
forward:               0.3500              0.0166              2.7975              0.0318  
forward:               0.4000              0.0084              2.8059              0.0320  
forward:               0.4500             -0.0068              2.7991              0.0323  
forward:               0.5000             -0.0363              2.7628              0.0326  
forward:               0.5500             -0.0413              2.7215              0.0329  
forward:               0.6000             -0.0632              2.6583              0.0331  
forward:               0.6500             -0.0908              2.5675              0.0334  
forward:               0.7000             -0.1170              2.4506              0.0337  
forward:               0.7500             -0.1217              2.3289              0.0339  
forward:               0.8000             -0.1468              2.1821              0.0341  
forward:               0.8500             -0.1526              2.0296              0.0344  
forward:               0.9000             -0.1615              1.8680              0.0344  
forward:               0.9500             -0.1615              1.7066              0.0347  
forward:               1.0000             -0.1678              1.5387              0.0349  
backward:              1.0000              0.0000              1.5387              0.0000  
backward:              0.9500              0.1631              1.7018              0.0043  
backward:              0.9000              0.1630              1.8648              0.0059  
backward:              0.8500              0.1591              2.0239              0.0072  
backward:              0.8000              0.1529              2.1768              0.0087  
backward:              0.7500              0.1514              2.3282              0.0100  
backward:              0.7000              0.1224              2.4506              0.0112  
backward:              0.6500              0.1236              2.5742              0.0121  
backward:              0.6000              0.0966              2.6708              0.0129  
backward:              0.5500              0.0731              2.7439              0.0137  
backward:              0.5000              0.0266              2.7705              0.0148  
backward:              0.4500              0.0289              2.7994              0.0156  
backward:              0.4000              0.0118              2.8112              0.0163  
backward:              0.3500             -0.0063              2.8049              0.0175  
backward:              0.3000             -0.0290              2.7760              0.0184  
backward:              0.2500             -0.0655              2.7105              0.0197  
backward:              0.2000             -0.1238              2.5867              0.0215  
backward:              0.1500             -0.2001              2.3867              0.0244  
backward:              0.1000             -0.3712              2.0154              0.0295  
backward:              0.0500             -0.7125              1.3029              0.0463  
backward:              0.0000             -1.3108             -0.0079              0.0579  
Inaccuracy estimation
======================================================================================================
                   i        i+δi          P0_overlap_P1   δε(forward)/ε   δε(backward)/ε
======================================================================================================
inaccuracy:  0.00000        0.05000           40.41           -0.04            1.33
inaccuracy:  0.05000        0.10000           49.56           -0.03            0.86
inaccuracy:  0.10000        0.15000           60.95           -0.01            0.43
inaccuracy:  0.15000        0.20000           68.95           -0.01            0.23
inaccuracy:  0.20000        0.25000           70.14           -0.01            0.17
inaccuracy:  0.25000        0.30000           71.97           -0.01            0.14
inaccuracy:  0.30000        0.35000           75.39           -0.01            0.12
inaccuracy:  0.35000        0.40000           74.27           -0.01            0.11
inaccuracy:  0.40000        0.45000           74.86           -0.01            0.10
inaccuracy:  0.45000        0.50000           76.45           -0.01            0.09
inaccuracy:  0.50000        0.55000           75.15           -0.02            0.10
inaccuracy:  0.55000        0.60000           73.94           -0.02            0.10
inaccuracy:  0.60000        0.65000           74.61           -0.02            0.09
inaccuracy:  0.65000        0.70000           74.58           -0.02            0.09
inaccuracy:  0.70000        0.75000           75.21           -0.02            0.09
inaccuracy:  0.75000        0.80000           75.15           -0.02            0.09
inaccuracy:  0.80000        0.85000           75.03           -0.02            0.08
inaccuracy:  0.85000        0.90000           75.48           -0.02            0.08
inaccuracy:  0.90000        0.95000           75.00           -0.02            0.08
inaccuracy:  0.95000        1.00000           75.05           -0.02            0.08
===================================================================================================================================
                BAR        
-----------------------------------------------------------------------------------------------------------------------------------
BAR-estimator:         λ             λ+δλ          ΔΔA             ΔA            C               Δδe            δe       
                          
-----------------------------------------------------------------------------------------------------------------------------------
BAR-estimator:      0.00000        0.05000        1.3267         1.3267         1.3267         0.0115         0.0115 
BAR-estimator:      0.05000        0.10000        0.7200         2.0466         0.7200         0.0096         0.0149 
BAR-estimator:      0.10000        0.15000        0.3670         2.4137         0.3670         0.0064         0.0163 
BAR-estimator:      0.15000        0.20000        0.1889         2.6026         0.1889         0.0054         0.0171 
BAR-estimator:      0.20000        0.25000        0.1196         2.7222         0.1196         0.0042         0.0177 
BAR-estimator:      0.25000        0.30000        0.0665         2.7886         0.0665         0.0043         0.0182 
BAR-estimator:      0.30000        0.35000        0.0228         2.8114         0.0228         0.0036         0.0185 
BAR-estimator:      0.35000        0.40000        0.0055         2.8169         0.0055         0.0031         0.0188 
BAR-estimator:      0.40000        0.45000       -0.0068         2.8101        -0.0068         0.0031         0.0190 
BAR-estimator:      0.45000        0.50000       -0.0320         2.7781        -0.0320         0.0031         0.0193 
BAR-estimator:      0.50000        0.55000       -0.0357         2.7424        -0.0357         0.0030         0.0195 
BAR-estimator:      0.55000        0.60000       -0.0663         2.6761        -0.0663         0.0031         0.0198 
BAR-estimator:      0.60000        0.65000       -0.0940         2.5821        -0.0940         0.0030         0.0200 
BAR-estimator:      0.65000        0.70000       -0.1197         2.4624        -0.1197         0.0029         0.0202 
BAR-estimator:      0.70000        0.75000       -0.1227         2.3397        -0.1227         0.0029         0.0204 
BAR-estimator:      0.75000        0.80000       -0.1485         2.1912        -0.1485         0.0030         0.0206 
BAR-estimator:      0.80000        0.85000       -0.1537         2.0375        -0.1537         0.0031         0.0209 
BAR-estimator:      0.85000        0.90000       -0.1608         1.8768        -0.1608         0.0032         0.0211 
BAR-estimator:      0.90000        0.95000       -0.1620         1.7148        -0.1620         0.0031         0.0214 
BAR-estimator:      0.95000        1.00000       -0.1663         1.5485        -0.1663         0.0036         0.0216 
BAR-estimator: total free energy change is 1.548502656477775 , total error is 0.021645753289493017
