#========================================================================================
#                     Free energy perturbation    
#----------------------------------------------------------------------------------------
#forward/backward          λ              ΔΔA                 ΔA                  δε   
#                                                 
#----------------------------------------------------------------------------------------
forward:               0.0000              0.0000              0.0000              0.0000  
forward:               0.0500              2.1530              2.1530              0.0295  
forward:               0.1000              1.2268              3.3798              0.0368  
forward:               0.1500              0.6222              4.0019              0.0392  
forward:               0.2000              0.3060              4.3080              0.0407  
forward:               0.2500              0.1410              4.4489              0.0416  
forward:               0.3000              0.0421              4.4911              0.0421  
forward:               0.3500             -0.0201              4.4709              0.0426  
forward:               0.4000             -0.0950              4.3759              0.0430  
forward:               0.4500             -0.1155              4.2604              0.0433  
forward:               0.5000             -0.1563              4.1041              0.0436  
forward:               0.5500             -0.3600              3.7441              0.0443  
forward:               0.6000             -0.7488              2.9953              0.0453  
forward:               0.6500             -1.0421              1.9532              0.0467  
forward:               0.7000             -1.3564              0.5969              0.0480  
forward:               0.7500             -1.5244             -0.9275              0.0486  
forward:               0.8000             -1.5897             -2.5172              0.0491  
forward:               0.8500             -1.5840             -4.1012              0.0494  
forward:               0.9000             -1.5438             -5.6450              0.0497  
forward:               0.9500             -1.5282             -7.1732              0.0501  
forward:               1.0000             -1.4725             -8.6457              0.0504  
backward:              1.0000              0.0000             -8.6457              0.0000  
backward:              0.9500              1.4832             -7.1625              0.0072  
backward:              0.9000              1.5148             -5.6477              0.0102  
backward:              0.8500              1.5458             -4.1018              0.0127  
backward:              0.8000              1.5796             -2.5222              0.0152  
backward:              0.7500              1.5699             -0.9523              0.0164  
backward:              0.7000              1.4988              0.5465              0.0190  
backward:              0.6500              1.3333              1.8798              0.0218  
backward:              0.6000              1.0843              2.9641              0.0237  
backward:              0.5500              0.7118              3.6759              0.0256  
backward:              0.5000              0.3383              4.0142              0.0279  
backward:              0.4500              0.1585              4.1727              0.0285  
backward:              0.4000              0.1176              4.2903              0.0294  
backward:              0.3500              0.0673              4.3576              0.0308  
backward:              0.3000              0.0240              4.3816              0.0317  
backward:              0.2500             -0.0265              4.3551              0.0327  
backward:              0.2000             -0.1476              4.2075              0.0347  
backward:              0.1500             -0.3162              3.8914              0.0372  
backward:              0.1000             -0.5978              3.2936              0.0408  
backward:              0.0500             -1.1946              2.0990              0.0484  
backward:              0.0000             -2.1032             -0.0042              0.0635  
Inaccuracy estimation
======================================================================================================
                   i        i+δi          P0_overlap_P1   δε(forward)/ε   δε(backward)/ε
======================================================================================================
inaccuracy:  0.00000        0.05000           30.33            0.01            2.50
inaccuracy:  0.05000        0.10000           40.66           -0.07            1.52
inaccuracy:  0.10000        0.15000           50.35           -0.05            0.78
inaccuracy:  0.15000        0.20000           58.38           -0.03            0.40
inaccuracy:  0.20000        0.25000           63.64           -0.03            0.29
inaccuracy:  0.25000        0.30000           65.42           -0.02            0.23
inaccuracy:  0.30000        0.35000           66.94           -0.03            0.18
inaccuracy:  0.35000        0.40000           70.84           -0.03            0.15
inaccuracy:  0.40000        0.45000           70.03           -0.03            0.13
inaccuracy:  0.45000        0.50000           70.49           -0.02            0.12
inaccuracy:  0.50000        0.55000           59.53           -0.14            0.21
inaccuracy:  0.55000        0.60000           60.68           -0.19            0.11
inaccuracy:  0.60000        0.65000           57.81           -0.29            0.07
inaccuracy:  0.65000        0.70000           59.54           -0.24            0.04
inaccuracy:  0.70000        0.75000           60.52           -0.20            0.01
inaccuracy:  0.75000        0.80000           61.41           -0.19            0.01
inaccuracy:  0.80000        0.85000           60.78           -0.19            0.01
inaccuracy:  0.85000        0.90000           59.31           -0.23            0.03
inaccuracy:  0.90000        0.95000           59.95           -0.19            0.03
inaccuracy:  0.95000        1.00000           58.76           -0.21            0.04
===================================================================================================================================
                BAR        
-----------------------------------------------------------------------------------------------------------------------------------
BAR-estimator:         λ             λ+δλ          ΔΔA             ΔA            C               Δδe            δe       
                          
-----------------------------------------------------------------------------------------------------------------------------------
BAR-estimator:      0.00000        0.05000        2.1526         2.1526         2.1526         0.0141         0.0141 
BAR-estimator:      0.05000        0.10000        1.2286         3.3812         1.2286         0.0119         0.0184 
BAR-estimator:      0.10000        0.15000        0.6207         4.0019         0.6207         0.0082         0.0201 
BAR-estimator:      0.15000        0.20000        0.3065         4.3084         0.3065         0.0072         0.0214 
BAR-estimator:      0.20000        0.25000        0.1451         4.4535         0.1451         0.0057         0.0221 
BAR-estimator:      0.25000        0.30000        0.0406         4.4941         0.0406         0.0052         0.0227 
BAR-estimator:      0.30000        0.35000       -0.0223         4.4718        -0.0223         0.0040         0.0231 
BAR-estimator:      0.35000        0.40000       -0.0856         4.3862        -0.0856         0.0043         0.0235 
BAR-estimator:      0.40000        0.45000       -0.1173         4.2689        -0.1173         0.0039         0.0238 
BAR-estimator:      0.45000        0.50000       -0.1546         4.1143        -0.1546         0.0036         0.0241 
BAR-estimator:      0.50000        0.55000       -0.3540         3.7603        -0.3540         0.0050         0.0246 
BAR-estimator:      0.55000        0.60000       -0.7316         3.0286        -0.7316         0.0050         0.0251 
BAR-estimator:      0.60000        0.65000       -1.0639         1.9648        -1.0639         0.0060         0.0258 
BAR-estimator:      0.65000        0.70000       -1.3468         0.6180        -1.3468         0.0061         0.0265 
BAR-estimator:      0.70000        0.75000       -1.5153        -0.8974        -1.5153         0.0051         0.0270 
BAR-estimator:      0.75000        0.80000       -1.5806        -2.4780        -1.5806         0.0050         0.0275 
BAR-estimator:      0.80000        0.85000       -1.5816        -4.0596        -1.5816         0.0045         0.0279 
BAR-estimator:      0.85000        0.90000       -1.5465        -5.6061        -1.5465         0.0057         0.0284 
BAR-estimator:      0.90000        0.95000       -1.5147        -7.1208        -1.5147         0.0050         0.0289 
BAR-estimator:      0.95000        1.00000       -1.4725        -8.5933        -1.4725         0.0049         0.0293 
BAR-estimator: total free energy change is -8.59325925345747 , total error is 0.029285549061659488
