#========================================================================================
#                     Free energy perturbation    
#----------------------------------------------------------------------------------------
#forward/backward          λ              ΔΔA                 ΔA                  δε   
#                                                 
#----------------------------------------------------------------------------------------
forward:               0.0000              0.0000              0.0000              0.0000  
forward:               0.0500              1.1037              1.1037              0.0173  
forward:               0.1000              0.5817              1.6854              0.0212  
forward:               0.1500              0.3178              2.0032              0.0229  
forward:               0.2000              0.2020              2.2052              0.0239  
forward:               0.2500              0.1171              2.3223              0.0246  
forward:               0.3000              0.0823              2.4046              0.0252  
forward:               0.3500              0.0638              2.4684              0.0257  
forward:               0.4000              0.0302              2.4986              0.0260  
forward:               0.4500              0.0151              2.5137              0.0266  
forward:               0.5000             -0.0011              2.5126              0.0268  
forward:               0.5500              0.0007              2.5133              0.0272  
forward:               0.6000             -0.0435              2.4698              0.0275  
forward:               0.6500             -0.0673              2.4025              0.0278  
forward:               0.7000             -0.0880              2.3145              0.0280  
forward:               0.7500             -0.1027              2.2118              0.0283  
forward:               0.8000             -0.1145              2.0974              0.0285  
forward:               0.8500             -0.1232              1.9742              0.0287  
forward:               0.9000             -0.1283              1.8459              0.0289  
forward:               0.9500             -0.1261              1.7198              0.0291  
forward:               1.0000             -0.1395              1.5803              0.0293  
backward:              1.0000              0.0000              1.5803              0.0000  
backward:              0.9500              0.1361              1.7164              0.0037  
backward:              0.9000              0.1303              1.8467              0.0050  
backward:              0.8500              0.1327              1.9794              0.0065  
backward:              0.8000              0.1210              2.1004              0.0078  
backward:              0.7500              0.1117              2.2121              0.0087  
backward:              0.7000              0.0967              2.3087              0.0095  
backward:              0.6500              0.0849              2.3937              0.0116  
backward:              0.6000              0.0681              2.4617              0.0126  
backward:              0.5500              0.0461              2.5079              0.0133  
backward:              0.5000             -0.0092              2.4986              0.0143  
backward:              0.4500              0.0031              2.5017              0.0151  
backward:              0.4000             -0.0260              2.4757              0.0158  
backward:              0.3500             -0.0343              2.4414              0.0169  
backward:              0.3000             -0.0598              2.3816              0.0179  
backward:              0.2500             -0.0740              2.3075              0.0190  
backward:              0.2000             -0.1510              2.1565              0.0204  
backward:              0.1500             -0.1851              1.9714              0.0224  
backward:              0.1000             -0.3067              1.6647              0.0245  
backward:              0.0500             -0.6230              1.0417              0.0483  
backward:              0.0000             -1.0620             -0.0203              0.0543  
Inaccuracy estimation
======================================================================================================
                   i        i+δi          P0_overlap_P1   δε(forward)/ε   δε(backward)/ε
======================================================================================================
inaccuracy:  0.00000        0.05000           42.88           -0.03            1.01
inaccuracy:  0.05000        0.10000           54.84           -0.02            0.64
inaccuracy:  0.10000        0.15000           65.43           -0.00            0.34
inaccuracy:  0.15000        0.20000           69.45           -0.00            0.22
inaccuracy:  0.20000        0.25000           74.77           -0.01            0.13
inaccuracy:  0.25000        0.30000           73.46           -0.01            0.13
inaccuracy:  0.30000        0.35000           75.24           -0.01            0.12
inaccuracy:  0.35000        0.40000           76.25           -0.01            0.09
inaccuracy:  0.40000        0.45000           77.34           -0.01            0.09
inaccuracy:  0.45000        0.50000           76.91           -0.01            0.08
inaccuracy:  0.50000        0.55000           75.88           -0.02            0.09
inaccuracy:  0.55000        0.60000           75.34           -0.02            0.08
inaccuracy:  0.60000        0.65000           76.63           -0.02            0.08
inaccuracy:  0.65000        0.70000           76.55           -0.02            0.08
inaccuracy:  0.70000        0.75000           77.27           -0.02            0.08
inaccuracy:  0.75000        0.80000           76.89           -0.01            0.07
inaccuracy:  0.80000        0.85000           76.83           -0.02            0.08
inaccuracy:  0.85000        0.90000           76.10           -0.02            0.08
inaccuracy:  0.90000        0.95000           75.65           -0.02            0.08
inaccuracy:  0.95000        1.00000           76.52           -0.01            0.07
===================================================================================================================================
                BAR        
-----------------------------------------------------------------------------------------------------------------------------------
BAR-estimator:         λ             λ+δλ          ΔΔA             ΔA            C               Δδe            δe       
                          
-----------------------------------------------------------------------------------------------------------------------------------
BAR-estimator:      0.00000        0.05000        1.0887         1.0887         1.0887         0.0100         0.0100 
BAR-estimator:      0.05000        0.10000        0.5785         1.6672         0.5785         0.0079         0.0127 
BAR-estimator:      0.10000        0.15000        0.3183         1.9855         0.3183         0.0059         0.0140 
BAR-estimator:      0.15000        0.20000        0.2004         2.1859         0.2004         0.0048         0.0148 
BAR-estimator:      0.20000        0.25000        0.1261         2.3120         0.1261         0.0037         0.0153 
BAR-estimator:      0.25000        0.30000        0.0799         2.3919         0.0799         0.0036         0.0157 
BAR-estimator:      0.30000        0.35000        0.0626         2.4545         0.0626         0.0025         0.0159 
BAR-estimator:      0.35000        0.40000        0.0305         2.4850         0.0305         0.0031         0.0162 
BAR-estimator:      0.40000        0.45000        0.0196         2.5045         0.0196         0.0035         0.0166 
BAR-estimator:      0.45000        0.50000       -0.0025         2.5021        -0.0025         0.0026         0.0168 
BAR-estimator:      0.50000        0.55000        0.0017         2.5038         0.0017         0.0029         0.0170 
BAR-estimator:      0.55000        0.60000       -0.0450         2.4588        -0.0450         0.0032         0.0173 
BAR-estimator:      0.60000        0.65000       -0.0668         2.3920        -0.0668         0.0027         0.0175 
BAR-estimator:      0.65000        0.70000       -0.0879         2.3041        -0.0879         0.0028         0.0178 
BAR-estimator:      0.70000        0.75000       -0.0994         2.2047        -0.0994         0.0028         0.0180 
BAR-estimator:      0.75000        0.80000       -0.1133         2.0914        -0.1133         0.0028         0.0182 
BAR-estimator:      0.80000        0.85000       -0.1215         1.9699        -0.1215         0.0028         0.0184 
BAR-estimator:      0.85000        0.90000       -0.1308         1.8391        -0.1308         0.0027         0.0186 
BAR-estimator:      0.90000        0.95000       -0.1267         1.7124        -0.1267         0.0030         0.0188 
BAR-estimator:      0.95000        1.00000       -0.1369         1.5754        -0.1369         0.0031         0.0191 
BAR-estimator: total free energy change is 1.5754435999536798 , total error is 0.019094076533930568
