#========================================================================================
#                     Free energy perturbation    
#----------------------------------------------------------------------------------------
#forward/backward          λ              ΔΔA                 ΔA                  δε   
#                                                 
#----------------------------------------------------------------------------------------
forward:               0.0000              0.0000              0.0000              0.0000  
forward:               0.0500              1.2399              1.2399              0.0150  
forward:               0.1000              0.8175              2.0573              0.0191  
forward:               0.1500              0.5027              2.5600              0.0219  
forward:               0.2000              0.3391              2.8991              0.0241  
forward:               0.2500              0.2243              3.1234              0.0249  
forward:               0.3000              0.1638              3.2872              0.0256  
forward:               0.3500              0.1173              3.4045              0.0262  
forward:               0.4000              0.0789              3.4834              0.0266  
forward:               0.4500              0.0584              3.5418              0.0271  
forward:               0.5000              0.0310              3.5729              0.0275  
forward:               0.5500              0.0150              3.5878              0.0279  
forward:               0.6000             -0.0267              3.5611              0.0281  
forward:               0.6500             -0.0585              3.5026              0.0283  
forward:               0.7000             -0.0871              3.4155              0.0286  
forward:               0.7500             -0.1039              3.3116              0.0288  
forward:               0.8000             -0.1153              3.1964              0.0290  
forward:               0.8500             -0.1278              3.0686              0.0292  
forward:               0.9000             -0.1298              2.9388              0.0293  
forward:               0.9500             -0.1430              2.7958              0.0295  
forward:               1.0000             -0.1444              2.6514              0.0297  
backward:              1.0000              0.0000              2.6514              0.0000  
backward:              0.9500              0.1340              2.7855              0.0040  
backward:              0.9000              0.1390              2.9245              0.0058  
backward:              0.8500              0.1346              3.0591              0.0071  
backward:              0.8000              0.1192              3.1782              0.0085  
backward:              0.7500              0.1170              3.2952              0.0096  
backward:              0.7000              0.1060              3.4012              0.0111  
backward:              0.6500              0.0815              3.4827              0.0122  
backward:              0.6000              0.0641              3.5468              0.0129  
backward:              0.5500              0.0183              3.5651              0.0140  
backward:              0.5000             -0.0185              3.5466              0.0148  
backward:              0.4500             -0.0381              3.5084              0.0155  
backward:              0.4000             -0.0559              3.4526              0.0167  
backward:              0.3500             -0.0824              3.3702              0.0177  
backward:              0.3000             -0.1249              3.2453              0.0192  
backward:              0.2500             -0.1651              3.0801              0.0205  
backward:              0.2000             -0.2247              2.8554              0.0219  
backward:              0.1500             -0.3395              2.5159              0.0245  
backward:              0.1000             -0.5522              1.9637              0.0318  
backward:              0.0500             -0.8267              1.1369              0.0396  
backward:              0.0000             -1.2561             -0.1191              0.0459  
Inaccuracy estimation
======================================================================================================
                   i        i+δi          P0_overlap_P1   δε(forward)/ε   δε(backward)/ε
======================================================================================================
inaccuracy:  0.00000        0.05000           44.21           -0.03            1.16
inaccuracy:  0.05000        0.10000           51.77           -0.03            0.75
inaccuracy:  0.10000        0.15000           60.82           -0.02            0.45
inaccuracy:  0.15000        0.20000           64.64           -0.01            0.29
inaccuracy:  0.20000        0.25000           69.24           -0.01            0.21
inaccuracy:  0.25000        0.30000           70.79           -0.01            0.17
inaccuracy:  0.30000        0.35000           73.19           -0.01            0.15
inaccuracy:  0.35000        0.40000           73.55           -0.01            0.13
inaccuracy:  0.40000        0.45000           73.67           -0.02            0.12
inaccuracy:  0.45000        0.50000           75.76           -0.01            0.11
inaccuracy:  0.50000        0.55000           73.54           -0.02            0.12
inaccuracy:  0.55000        0.60000           74.36           -0.02            0.10
inaccuracy:  0.60000        0.65000           73.69           -0.02            0.10
inaccuracy:  0.65000        0.70000           75.60           -0.02            0.09
inaccuracy:  0.70000        0.75000           74.27           -0.02            0.09
inaccuracy:  0.75000        0.80000           74.20           -0.02            0.09
inaccuracy:  0.80000        0.85000           74.94           -0.02            0.08
inaccuracy:  0.85000        0.90000           74.30           -0.02            0.09
inaccuracy:  0.90000        0.95000           75.38           -0.02            0.09
inaccuracy:  0.95000        1.00000           75.23           -0.02            0.08
===================================================================================================================================
                BAR        
-----------------------------------------------------------------------------------------------------------------------------------
BAR-estimator:         λ             λ+δλ          ΔΔA             ΔA            C               Δδe            δe       
                          
-----------------------------------------------------------------------------------------------------------------------------------
BAR-estimator:      0.00000        0.05000        1.2487         1.2487         1.2487         0.0085         0.0085 
BAR-estimator:      0.05000        0.10000        0.8151         2.0638         0.8151         0.0072         0.0111 
BAR-estimator:      0.10000        0.15000        0.5114         2.5752         0.5114         0.0068         0.0130 
BAR-estimator:      0.15000        0.20000        0.3402         2.9154         0.3402         0.0064         0.0146 
BAR-estimator:      0.20000        0.25000        0.2269         3.1423         0.2269         0.0043         0.0152 
BAR-estimator:      0.25000        0.30000        0.1641         3.3064         0.1641         0.0038         0.0156 
BAR-estimator:      0.30000        0.35000        0.1205         3.4269         0.1205         0.0036         0.0160 
BAR-estimator:      0.35000        0.40000        0.0808         3.5077         0.0808         0.0032         0.0164 
BAR-estimator:      0.40000        0.45000        0.0565         3.5643         0.0565         0.0037         0.0168 
BAR-estimator:      0.45000        0.50000        0.0339         3.5982         0.0339         0.0033         0.0171 
BAR-estimator:      0.50000        0.55000        0.0184         3.6167         0.0184         0.0033         0.0174 
BAR-estimator:      0.55000        0.60000       -0.0243         3.5924        -0.0243         0.0029         0.0177 
BAR-estimator:      0.60000        0.65000       -0.0592         3.5332        -0.0592         0.0026         0.0178 
BAR-estimator:      0.65000        0.70000       -0.0839         3.4493        -0.0839         0.0029         0.0181 
BAR-estimator:      0.70000        0.75000       -0.1052         3.3440        -0.1052         0.0025         0.0183 
BAR-estimator:      0.75000        0.80000       -0.1160         3.2280        -0.1160         0.0032         0.0185 
BAR-estimator:      0.80000        0.85000       -0.1264         3.1017        -0.1264         0.0028         0.0187 
BAR-estimator:      0.85000        0.90000       -0.1310         2.9707        -0.1310         0.0028         0.0189 
BAR-estimator:      0.90000        0.95000       -0.1391         2.8316        -0.1391         0.0028         0.0192 
BAR-estimator:      0.95000        1.00000       -0.1409         2.6907        -0.1409         0.0027         0.0193 
BAR-estimator: total free energy change is 2.6907155404916145 , total error is 0.019349749170737608
