#========================================================================================
#                     Free energy perturbation    
#----------------------------------------------------------------------------------------
#forward/backward          λ              ΔΔA                 ΔA                  δε   
#                                                 
#----------------------------------------------------------------------------------------
forward:               0.0000              0.0000              0.0000              0.0000  
forward:               0.0500              3.8191              3.8191              0.0594  
forward:               0.1000              1.8395              5.6586              0.0726  
forward:               0.1500              0.7571              6.4157              0.0759  
forward:               0.2000              0.2393              6.6550              0.0766  
forward:               0.2500              0.0285              6.6835              0.0772  
forward:               0.3000             -0.1065              6.5770              0.0775  
forward:               0.3500             -0.1777              6.3994              0.0778  
forward:               0.4000             -0.2441              6.1553              0.0782  
forward:               0.4500             -0.2887              5.8665              0.0784  
forward:               0.5000             -0.3221              5.5444              0.0786  
forward:               0.5500             -0.5065              5.0380              0.0788  
forward:               0.6000             -0.8050              4.2330              0.0791  
forward:               0.6500             -1.0593              3.1737              0.0794  
forward:               0.7000             -1.2798              1.8940              0.0798  
forward:               0.7500             -1.4239              0.4700              0.0801  
forward:               0.8000             -1.5156             -1.0456              0.0803  
forward:               0.8500             -1.5574             -2.6030              0.0805  
forward:               0.9000             -1.5735             -4.1765              0.0807  
forward:               0.9500             -1.5895             -5.7660              0.0809  
forward:               1.0000             -1.6145             -7.3804              0.0811  
backward:              1.0000              0.0000             -7.3804              0.0000  
backward:              0.9500              1.5954             -5.7851              0.0071  
backward:              0.9000              1.5833             -4.2017              0.0100  
backward:              0.8500              1.5921             -2.6096              0.0119  
backward:              0.8000              1.5596             -1.0500              0.0136  
backward:              0.7500              1.5015              0.4515              0.0156  
backward:              0.7000              1.4169              1.8685              0.0177  
backward:              0.6500              1.2688              3.1373              0.0198  
backward:              0.6000              1.0554              4.1927              0.0214  
backward:              0.5500              0.8082              5.0009              0.0227  
backward:              0.5000              0.5061              5.5070              0.0246  
backward:              0.4500              0.3203              5.8273              0.0253  
backward:              0.4000              0.2816              6.1089              0.0262  
backward:              0.3500              0.2382              6.3471              0.0274  
backward:              0.3000              0.1796              6.5267              0.0286  
backward:              0.2500              0.1037              6.6304              0.0304  
backward:              0.2000             -0.0187              6.6117              0.0326  
backward:              0.1500             -0.2562              6.3555              0.0385  
backward:              0.1000             -0.7752              5.5803              0.0530  
backward:              0.0500             -1.7118              3.8686              0.0756  
backward:              0.0000             -3.7504              0.1182              0.1444  
Inaccuracy estimation
======================================================================================================
                   i        i+δi          P0_overlap_P1   δε(forward)/ε   δε(backward)/ε
======================================================================================================
inaccuracy:  0.00000        0.05000           15.77            0.61            6.04
inaccuracy:  0.05000        0.10000           25.90           -0.11            3.01
inaccuracy:  0.10000        0.15000           42.56           -0.09            1.22
inaccuracy:  0.15000        0.20000           54.93           -0.05            0.53
inaccuracy:  0.20000        0.25000           59.89           -0.05            0.33
inaccuracy:  0.25000        0.30000           63.93           -0.04            0.21
inaccuracy:  0.30000        0.35000           65.64           -0.04            0.18
inaccuracy:  0.35000        0.40000           67.75           -0.04            0.14
inaccuracy:  0.40000        0.45000           69.53           -0.03            0.13
inaccuracy:  0.45000        0.50000           69.64           -0.03            0.12
inaccuracy:  0.50000        0.55000           59.75           -0.14            0.16
inaccuracy:  0.55000        0.60000           60.68           -0.18            0.10
inaccuracy:  0.60000        0.65000           61.20           -0.18            0.07
inaccuracy:  0.65000        0.70000           62.40           -0.18            0.04
inaccuracy:  0.70000        0.75000           62.10           -0.19            0.02
inaccuracy:  0.75000        0.80000           62.33           -0.17            0.01
inaccuracy:  0.80000        0.85000           62.23           -0.18            0.01
inaccuracy:  0.85000        0.90000           60.93           -0.19            0.00
inaccuracy:  0.90000        0.95000           60.97           -0.17            0.01
inaccuracy:  0.95000        1.00000           62.31           -0.17            0.01
===================================================================================================================================
                BAR        
-----------------------------------------------------------------------------------------------------------------------------------
BAR-estimator:         λ             λ+δλ          ΔΔA             ΔA            C               Δδe            δe       
                          
-----------------------------------------------------------------------------------------------------------------------------------
BAR-estimator:      0.00000        0.05000        3.7489         3.7489         3.7489         0.0188         0.0188 
BAR-estimator:      0.05000        0.10000        1.8320         5.5810         1.8320         0.0199         0.0274 
BAR-estimator:      0.10000        0.15000        0.7674         6.3484         0.7674         0.0130         0.0303 
BAR-estimator:      0.15000        0.20000        0.2472         6.5956         0.2472         0.0078         0.0313 
BAR-estimator:      0.20000        0.25000        0.0237         6.6193         0.0237         0.0059         0.0318 
BAR-estimator:      0.25000        0.30000       -0.1099         6.5094        -0.1099         0.0048         0.0322 
BAR-estimator:      0.30000        0.35000       -0.1803         6.3291        -0.1803         0.0050         0.0326 
BAR-estimator:      0.35000        0.40000       -0.2451         6.0840        -0.2451         0.0040         0.0328 
BAR-estimator:      0.40000        0.45000       -0.2846         5.7994        -0.2846         0.0039         0.0330 
BAR-estimator:      0.45000        0.50000       -0.3206         5.4788        -0.3206         0.0037         0.0332 
BAR-estimator:      0.50000        0.55000       -0.5081         4.9707        -0.5081         0.0044         0.0335 
BAR-estimator:      0.55000        0.60000       -0.8102         4.1605        -0.8102         0.0040         0.0338 
BAR-estimator:      0.60000        0.65000       -1.0571         3.1034        -1.0571         0.0047         0.0341 
BAR-estimator:      0.65000        0.70000       -1.2764         1.8270        -1.2764         0.0043         0.0344 
BAR-estimator:      0.70000        0.75000       -1.4270         0.4000        -1.4270         0.0045         0.0346 
BAR-estimator:      0.75000        0.80000       -1.5120        -1.1120        -1.5120         0.0045         0.0349 
BAR-estimator:      0.80000        0.85000       -1.5554        -2.6673        -1.5554         0.0044         0.0352 
BAR-estimator:      0.85000        0.90000       -1.5801        -4.2474        -1.5801         0.0058         0.0357 
BAR-estimator:      0.90000        0.95000       -1.5866        -5.8340        -1.5866         0.0051         0.0361 
BAR-estimator:      0.95000        1.00000       -1.6014        -7.4354        -1.6014         0.0039         0.0363 
BAR-estimator: total free energy change is -7.435426492965924 , total error is 0.036269393527071675
