#========================================================================================
#                     Free energy perturbation    
#----------------------------------------------------------------------------------------
#forward/backward          λ              ΔΔA                 ΔA                  δε   
#                                                 
#----------------------------------------------------------------------------------------
forward:               0.0000              0.0000              0.0000              0.0000  
forward:               0.0500              2.1433              2.1433              0.0396  
forward:               0.1000              1.2259              3.3692              0.0447  
forward:               0.1500              0.6604              4.0296              0.0474  
forward:               0.2000              0.3600              4.3896              0.0484  
forward:               0.2500              0.1916              4.5812              0.0491  
forward:               0.3000              0.1046              4.6858              0.0497  
forward:               0.3500              0.0384              4.7241              0.0501  
forward:               0.4000             -0.0148              4.7094              0.0505  
forward:               0.4500             -0.0364              4.6729              0.0508  
forward:               0.5000             -0.0616              4.6113              0.0511  
forward:               0.5500             -0.1317              4.4796              0.0515  
forward:               0.6000             -0.2398              4.2398              0.0518  
forward:               0.6500             -0.3150              3.9248              0.0522  
forward:               0.7000             -0.4040              3.5208              0.0524  
forward:               0.7500             -0.4677              3.0531              0.0529  
forward:               0.8000             -0.5287              2.5244              0.0531  
forward:               0.8500             -0.5774              1.9470              0.0534  
forward:               0.9000             -0.6111              1.3359              0.0537  
forward:               0.9500             -0.6294              0.7066              0.0540  
forward:               1.0000             -0.6494              0.0572              0.0542  
backward:              1.0000              0.0000              0.0572              0.0000  
backward:              0.9500              0.6392              0.6964              0.0071  
backward:              0.9000              0.6333              1.3296              0.0099  
backward:              0.8500              0.6125              1.9422              0.0117  
backward:              0.8000              0.5641              2.5062              0.0134  
backward:              0.7500              0.5336              3.0398              0.0153  
backward:              0.7000              0.4606              3.5004              0.0166  
backward:              0.6500              0.4044              3.9048              0.0177  
backward:              0.6000              0.3206              4.2254              0.0187  
backward:              0.5500              0.2341              4.4594              0.0198  
backward:              0.5000              0.1224              4.5818              0.0208  
backward:              0.4500              0.0725              4.6543              0.0216  
backward:              0.4000              0.0333              4.6876              0.0225  
backward:              0.3500              0.0225              4.7101              0.0237  
backward:              0.3000             -0.0364              4.6736              0.0258  
backward:              0.2500             -0.0981              4.5756              0.0267  
backward:              0.2000             -0.2106              4.3650              0.0308  
backward:              0.1500             -0.3167              4.0483              0.0322  
backward:              0.1000             -0.6690              3.3794              0.0505  
backward:              0.0500             -1.2644              2.1149              0.0724  
backward:              0.0000             -2.1351             -0.0202              0.0877  
Inaccuracy estimation
======================================================================================================
                   i        i+δi          P0_overlap_P1   δε(forward)/ε   δε(backward)/ε
======================================================================================================
inaccuracy:  0.00000        0.05000           29.77            0.02            2.46
inaccuracy:  0.05000        0.10000           39.84           -0.06            1.46
inaccuracy:  0.10000        0.15000           49.97           -0.04            0.80
inaccuracy:  0.15000        0.20000           57.86           -0.04            0.45
inaccuracy:  0.20000        0.25000           64.26           -0.03            0.29
inaccuracy:  0.25000        0.30000           66.35           -0.02            0.21
inaccuracy:  0.30000        0.35000           68.28           -0.03            0.19
inaccuracy:  0.35000        0.40000           68.80           -0.02            0.15
inaccuracy:  0.40000        0.45000           70.43           -0.02            0.14
inaccuracy:  0.45000        0.50000           70.31           -0.02            0.13
inaccuracy:  0.50000        0.55000           68.65           -0.04            0.15
inaccuracy:  0.55000        0.60000           68.56           -0.05            0.12
inaccuracy:  0.60000        0.65000           68.28           -0.06            0.11
inaccuracy:  0.65000        0.70000           69.27           -0.07            0.10
inaccuracy:  0.70000        0.75000           68.83           -0.06            0.10
inaccuracy:  0.75000        0.80000           68.70           -0.06            0.08
inaccuracy:  0.80000        0.85000           69.90           -0.06            0.08
inaccuracy:  0.85000        0.90000           69.08           -0.06            0.08
inaccuracy:  0.90000        0.95000           68.38           -0.07            0.08
inaccuracy:  0.95000        1.00000           69.29           -0.07            0.08
===================================================================================================================================
                BAR        
-----------------------------------------------------------------------------------------------------------------------------------
BAR-estimator:         λ             λ+δλ          ΔΔA             ΔA            C               Δδe            δe       
                          
-----------------------------------------------------------------------------------------------------------------------------------
BAR-estimator:      0.00000        0.05000        2.1356         2.1356         2.1356         0.0145         0.0145 
BAR-estimator:      0.05000        0.10000        1.2290         3.3646         1.2290         0.0116         0.0186 
BAR-estimator:      0.10000        0.15000        0.6534         4.0180         0.6534         0.0097         0.0210 
BAR-estimator:      0.15000        0.20000        0.3493         4.3673         0.3493         0.0064         0.0219 
BAR-estimator:      0.20000        0.25000        0.1945         4.5618         0.1945         0.0057         0.0226 
BAR-estimator:      0.25000        0.30000        0.1040         4.6658         0.1040         0.0049         0.0232 
BAR-estimator:      0.30000        0.35000        0.0382         4.7040         0.0382         0.0047         0.0236 
BAR-estimator:      0.35000        0.40000       -0.0191         4.6850        -0.0191         0.0041         0.0240 
BAR-estimator:      0.40000        0.45000       -0.0359         4.6491        -0.0359         0.0040         0.0243 
BAR-estimator:      0.45000        0.50000       -0.0642         4.5848        -0.0642         0.0037         0.0246 
BAR-estimator:      0.50000        0.55000       -0.1244         4.4604        -0.1244         0.0040         0.0249 
BAR-estimator:      0.55000        0.60000       -0.2363         4.2241        -0.2363         0.0039         0.0252 
BAR-estimator:      0.60000        0.65000       -0.3166         3.9075        -0.3166         0.0033         0.0255 
BAR-estimator:      0.65000        0.70000       -0.4026         3.5049        -0.4026         0.0041         0.0258 
BAR-estimator:      0.70000        0.75000       -0.4632         3.0418        -0.4632         0.0042         0.0261 
BAR-estimator:      0.75000        0.80000       -0.5312         2.5105        -0.5312         0.0038         0.0264 
BAR-estimator:      0.80000        0.85000       -0.5718         1.9387        -0.5718         0.0038         0.0267 
BAR-estimator:      0.85000        0.90000       -0.6093         1.3294        -0.6093         0.0048         0.0271 
BAR-estimator:      0.90000        0.95000       -0.6338         0.6956        -0.6338         0.0043         0.0275 
BAR-estimator:      0.95000        1.00000       -0.6470         0.0486        -0.6470         0.0039         0.0277 
BAR-estimator: total free energy change is 0.048621560298918176 , total error is 0.027740112952879974
