#========================================================================================
#                     Free energy perturbation    
#----------------------------------------------------------------------------------------
#forward/backward          λ              ΔΔA                 ΔA                  δε   
#                                                 
#----------------------------------------------------------------------------------------
forward:               0.0000              0.0000              0.0000              0.0000  
forward:               0.0500              1.2881              1.2881              0.0226  
forward:               0.1000              0.8052              2.0933              0.0268  
forward:               0.1500              0.5178              2.6111              0.0291  
forward:               0.2000              0.3229              2.9339              0.0304  
forward:               0.2500              0.2287              3.1626              0.0315  
forward:               0.3000              0.1649              3.3275              0.0322  
forward:               0.3500              0.1248              3.4523              0.0328  
forward:               0.4000              0.0689              3.5212              0.0334  
forward:               0.4500              0.0472              3.5683              0.0337  
forward:               0.5000              0.0174              3.5857              0.0340  
forward:               0.5500              0.0150              3.6007              0.0343  
forward:               0.6000             -0.0207              3.5800              0.0345  
forward:               0.6500             -0.0351              3.5449              0.0348  
forward:               0.7000             -0.0678              3.4771              0.0350  
forward:               0.7500             -0.0780              3.3991              0.0352  
forward:               0.8000             -0.0906              3.3085              0.0354  
forward:               0.8500             -0.0951              3.2134              0.0357  
forward:               0.9000             -0.1031              3.1103              0.0358  
forward:               0.9500             -0.1044              3.0059              0.0360  
forward:               1.0000             -0.1169              2.8891              0.0362  
backward:              1.0000              0.0000              2.8891              0.0000  
backward:              0.9500              0.1203              3.0093              0.0039  
backward:              0.9000              0.1011              3.1104              0.0057  
backward:              0.8500              0.1021              3.2125              0.0077  
backward:              0.8000              0.0931              3.3056              0.0092  
backward:              0.7500              0.0955              3.4011              0.0106  
backward:              0.7000              0.0828              3.4838              0.0115  
backward:              0.6500              0.0673              3.5511              0.0123  
backward:              0.6000              0.0439              3.5950              0.0132  
backward:              0.5500              0.0176              3.6126              0.0143  
backward:              0.5000             -0.0229              3.5898              0.0155  
backward:              0.4500             -0.0282              3.5615              0.0162  
backward:              0.4000             -0.0431              3.5185              0.0172  
backward:              0.3500             -0.0756              3.4428              0.0185  
backward:              0.3000             -0.0996              3.3432              0.0197  
backward:              0.2500             -0.1677              3.1755              0.0212  
backward:              0.2000             -0.2326              2.9429              0.0227  
backward:              0.1500             -0.3416              2.6013              0.0249  
backward:              0.1000             -0.5258              2.0755              0.0286  
backward:              0.0500             -0.8209              1.2546              0.0376  
backward:              0.0000             -1.3794             -0.1247              0.0579  
Inaccuracy estimation
======================================================================================================
                   i        i+δi          P0_overlap_P1   δε(forward)/ε   δε(backward)/ε
======================================================================================================
inaccuracy:  0.00000        0.05000           42.53           -0.03            1.22
inaccuracy:  0.05000        0.10000           52.12           -0.02            0.77
inaccuracy:  0.10000        0.15000           58.73           -0.02            0.46
inaccuracy:  0.15000        0.20000           65.42           -0.02            0.28
inaccuracy:  0.20000        0.25000           68.10           -0.01            0.22
inaccuracy:  0.25000        0.30000           69.27           -0.02            0.18
inaccuracy:  0.30000        0.35000           69.40           -0.01            0.17
inaccuracy:  0.35000        0.40000           72.48           -0.01            0.14
inaccuracy:  0.40000        0.45000           73.07           -0.01            0.13
inaccuracy:  0.45000        0.50000           73.93           -0.01            0.12
inaccuracy:  0.50000        0.55000           72.99           -0.01            0.12
inaccuracy:  0.55000        0.60000           73.59           -0.02            0.11
inaccuracy:  0.60000        0.65000           72.92           -0.02            0.11
inaccuracy:  0.65000        0.70000           74.14           -0.01            0.11
inaccuracy:  0.70000        0.75000           73.37           -0.02            0.09
inaccuracy:  0.75000        0.80000           73.61           -0.02            0.10
inaccuracy:  0.80000        0.85000           74.01           -0.02            0.09
inaccuracy:  0.85000        0.90000           74.08           -0.02            0.10
inaccuracy:  0.90000        0.95000           74.42           -0.02            0.10
inaccuracy:  0.95000        1.00000           73.48           -0.02            0.09
===================================================================================================================================
                BAR        
-----------------------------------------------------------------------------------------------------------------------------------
BAR-estimator:         λ             λ+δλ          ΔΔA             ΔA            C               Δδe            δe       
                          
-----------------------------------------------------------------------------------------------------------------------------------
BAR-estimator:      0.00000        0.05000        1.3245         1.3245         1.3245         0.0126         0.0126 
BAR-estimator:      0.05000        0.10000        0.8147         2.1392         0.8147         0.0085         0.0152 
BAR-estimator:      0.10000        0.15000        0.5188         2.6580         0.5188         0.0074         0.0169 
BAR-estimator:      0.15000        0.20000        0.3324         2.9904         0.3324         0.0055         0.0178 
BAR-estimator:      0.20000        0.25000        0.2324         3.2228         0.2324         0.0051         0.0185 
BAR-estimator:      0.25000        0.30000        0.1656         3.3884         0.1656         0.0047         0.0191 
BAR-estimator:      0.30000        0.35000        0.1155         3.5039         0.1155         0.0040         0.0195 
BAR-estimator:      0.35000        0.40000        0.0736         3.5776         0.0736         0.0031         0.0197 
BAR-estimator:      0.40000        0.45000        0.0480         3.6256         0.0480         0.0029         0.0200 
BAR-estimator:      0.45000        0.50000        0.0197         3.6453         0.0197         0.0032         0.0202 
BAR-estimator:      0.50000        0.55000        0.0179         3.6631         0.0179         0.0031         0.0205 
BAR-estimator:      0.55000        0.60000       -0.0201         3.6431        -0.0201         0.0030         0.0207 
BAR-estimator:      0.60000        0.65000       -0.0376         3.6055        -0.0376         0.0032         0.0209 
BAR-estimator:      0.65000        0.70000       -0.0640         3.5415        -0.0640         0.0032         0.0211 
BAR-estimator:      0.70000        0.75000       -0.0804         3.4611        -0.0804         0.0031         0.0214 
BAR-estimator:      0.75000        0.80000       -0.0924         3.3687        -0.0924         0.0030         0.0216 
BAR-estimator:      0.80000        0.85000       -0.0963         3.2723        -0.0963         0.0032         0.0218 
BAR-estimator:      0.85000        0.90000       -0.1021         3.1703        -0.1021         0.0027         0.0220 
BAR-estimator:      0.90000        0.95000       -0.1029         3.0673        -0.1029         0.0033         0.0222 
BAR-estimator:      0.95000        1.00000       -0.1171         2.9502        -0.1171         0.0032         0.0225 
BAR-estimator: total free energy change is 2.950235474375716 , total error is 0.022466239348419983
