#========================================================================================
#                     Free energy perturbation    
#----------------------------------------------------------------------------------------
#forward/backward          λ              ΔΔA                 ΔA                  δε   
#                                                 
#----------------------------------------------------------------------------------------
forward:               0.0000              0.0000              0.0000              0.0000  
forward:               0.0500              1.8904              1.8904              0.0342  
forward:               0.1000              1.0811              2.9715              0.0415  
forward:               0.1500              0.5692              3.5407              0.0444  
forward:               0.2000              0.2938              3.8344              0.0456  
forward:               0.2500              0.1715              4.0060              0.0463  
forward:               0.3000              0.0828              4.0888              0.0469  
forward:               0.3500              0.0334              4.1222              0.0474  
forward:               0.4000             -0.0028              4.1194              0.0477  
forward:               0.4500             -0.0278              4.0915              0.0480  
forward:               0.5000             -0.0631              4.0284              0.0481  
forward:               0.5500             -0.1103              3.9181              0.0485  
forward:               0.6000             -0.2018              3.7163              0.0488  
forward:               0.6500             -0.3061              3.4102              0.0491  
forward:               0.7000             -0.3780              3.0323              0.0493  
forward:               0.7500             -0.4362              2.5961              0.0497  
forward:               0.8000             -0.4998              2.0962              0.0500  
forward:               0.8500             -0.5417              1.5545              0.0502  
forward:               0.9000             -0.5755              0.9790              0.0505  
forward:               0.9500             -0.5967              0.3823              0.0507  
forward:               1.0000             -0.6028             -0.2205              0.0509  
backward:              1.0000              0.0000             -0.2205              0.0000  
backward:              0.9500              0.6092              0.3888              0.0064  
backward:              0.9000              0.5902              0.9789              0.0090  
backward:              0.8500              0.5771              1.5561              0.0107  
backward:              0.8000              0.5372              2.0933              0.0122  
backward:              0.7500              0.5049              2.5982              0.0130  
backward:              0.7000              0.4301              3.0283              0.0146  
backward:              0.6500              0.3829              3.4112              0.0157  
backward:              0.6000              0.2946              3.7058              0.0169  
backward:              0.5500              0.2247              3.9305              0.0183  
backward:              0.5000              0.0990              4.0295              0.0194  
backward:              0.4500              0.0512              4.0807              0.0204  
backward:              0.4000              0.0264              4.1071              0.0213  
backward:              0.3500              0.0034              4.1105              0.0224  
backward:              0.3000             -0.0333              4.0772              0.0235  
backward:              0.2500             -0.0773              4.0000              0.0248  
backward:              0.2000             -0.1670              3.8329              0.0267  
backward:              0.1500             -0.2856              3.5473              0.0294  
backward:              0.1000             -0.5614              2.9860              0.0352  
backward:              0.0500             -0.9996              1.9863              0.0426  
backward:              0.0000             -1.9230              0.0634              0.0583  
Inaccuracy estimation
======================================================================================================
                   i        i+δi          P0_overlap_P1   δε(forward)/ε   δε(backward)/ε
======================================================================================================
inaccuracy:  0.00000        0.05000           33.16           -0.01            2.06
inaccuracy:  0.05000        0.10000           41.03           -0.05            1.41
inaccuracy:  0.10000        0.15000           54.37           -0.03            0.68
inaccuracy:  0.15000        0.20000           61.63           -0.02            0.39
inaccuracy:  0.20000        0.25000           65.77           -0.02            0.25
inaccuracy:  0.25000        0.30000           68.10           -0.03            0.20
inaccuracy:  0.30000        0.35000           70.33           -0.02            0.16
inaccuracy:  0.35000        0.40000           71.22           -0.02            0.14
inaccuracy:  0.40000        0.45000           71.67           -0.01            0.13
inaccuracy:  0.45000        0.50000           73.73           -0.02            0.11
inaccuracy:  0.50000        0.55000           69.25           -0.04            0.13
inaccuracy:  0.55000        0.60000           68.87           -0.05            0.13
inaccuracy:  0.60000        0.65000           71.11           -0.04            0.10
inaccuracy:  0.65000        0.70000           70.14           -0.06            0.09
inaccuracy:  0.70000        0.75000           70.01           -0.05            0.08
inaccuracy:  0.75000        0.80000           69.91           -0.06            0.08
inaccuracy:  0.80000        0.85000           70.48           -0.06            0.08
inaccuracy:  0.85000        0.90000           69.90           -0.05            0.07
inaccuracy:  0.90000        0.95000           70.29           -0.06            0.07
inaccuracy:  0.95000        1.00000           69.72           -0.06            0.07
===================================================================================================================================
                BAR        
-----------------------------------------------------------------------------------------------------------------------------------
BAR-estimator:         λ             λ+δλ          ΔΔA             ΔA            C               Δδe            δe       
                          
-----------------------------------------------------------------------------------------------------------------------------------
BAR-estimator:      0.00000        0.05000        1.8942         1.8942         1.8942         0.0154         0.0154 
BAR-estimator:      0.05000        0.10000        1.0723         2.9666         1.0723         0.0126         0.0199 
BAR-estimator:      0.10000        0.15000        0.5714         3.5379         0.5714         0.0105         0.0225 
BAR-estimator:      0.15000        0.20000        0.2976         3.8356         0.2976         0.0072         0.0236 
BAR-estimator:      0.20000        0.25000        0.1712         4.0068         0.1712         0.0052         0.0242 
BAR-estimator:      0.25000        0.30000        0.0805         4.0872         0.0805         0.0050         0.0247 
BAR-estimator:      0.30000        0.35000        0.0346         4.1219         0.0346         0.0046         0.0251 
BAR-estimator:      0.35000        0.40000       -0.0044         4.1175        -0.0044         0.0039         0.0254 
BAR-estimator:      0.40000        0.45000       -0.0274         4.0900        -0.0274         0.0039         0.0257 
BAR-estimator:      0.45000        0.50000       -0.0580         4.0320        -0.0580         0.0032         0.0259 
BAR-estimator:      0.50000        0.55000       -0.1073         3.9247        -0.1073         0.0040         0.0262 
BAR-estimator:      0.55000        0.60000       -0.2107         3.7140        -0.2107         0.0038         0.0265 
BAR-estimator:      0.60000        0.65000       -0.2979         3.4161        -0.2979         0.0037         0.0268 
BAR-estimator:      0.65000        0.70000       -0.3778         3.0383        -0.3778         0.0036         0.0270 
BAR-estimator:      0.70000        0.75000       -0.4364         2.6019        -0.4364         0.0038         0.0273 
BAR-estimator:      0.75000        0.80000       -0.5008         2.1011        -0.5008         0.0038         0.0275 
BAR-estimator:      0.80000        0.85000       -0.5395         1.5616        -0.5395         0.0040         0.0278 
BAR-estimator:      0.85000        0.90000       -0.5758         0.9858        -0.5758         0.0040         0.0281 
BAR-estimator:      0.90000        0.95000       -0.5957         0.3902        -0.5957         0.0039         0.0284 
BAR-estimator:      0.95000        1.00000       -0.6057        -0.2155        -0.6057         0.0038         0.0286 
BAR-estimator: total free energy change is -0.21553761147373418 , total error is 0.028639475262505328
