#========================================================================================
#                     Free energy perturbation    
#----------------------------------------------------------------------------------------
#forward/backward          λ              ΔΔA                 ΔA                  δε   
#                                                 
#----------------------------------------------------------------------------------------
forward:               0.0000              0.0000              0.0000              0.0000  
forward:               0.0500              1.8386              1.8386              0.0276  
forward:               0.1000              0.9704              2.8090              0.0342  
forward:               0.1500              0.5159              3.3249              0.0370  
forward:               0.2000              0.2474              3.5723              0.0383  
forward:               0.2500              0.1085              3.6808              0.0389  
forward:               0.3000              0.0413              3.7221              0.0393  
forward:               0.3500             -0.0010              3.7211              0.0398  
forward:               0.4000             -0.0494              3.6716              0.0400  
forward:               0.4500             -0.0686              3.6030              0.0403  
forward:               0.5000             -0.1035              3.4995              0.0405  
forward:               0.5500             -0.1936              3.3058              0.0413  
forward:               0.6000             -0.4248              2.8811              0.0419  
forward:               0.6500             -0.6271              2.2540              0.0426  
forward:               0.7000             -0.8464              1.4075              0.0431  
forward:               0.7500             -1.0059              0.4017              0.0438  
forward:               0.8000             -1.1064             -0.7048              0.0442  
forward:               0.8500             -1.1419             -1.8466              0.0446  
forward:               0.9000             -1.1598             -3.0064              0.0449  
forward:               0.9500             -1.1656             -4.1720              0.0453  
forward:               1.0000             -1.1767             -5.3487              0.0455  
backward:              1.0000              0.0000             -5.3487              0.0000  
backward:              0.9500              1.1726             -4.1761              0.0062  
backward:              0.9000              1.1545             -3.0216              0.0089  
backward:              0.8500              1.1655             -1.8561              0.0113  
backward:              0.8000              1.1458             -0.7103              0.0135  
backward:              0.7500              1.1016              0.3913              0.0153  
backward:              0.7000              1.0207              1.4119              0.0174  
backward:              0.6500              0.8582              2.2701              0.0195  
backward:              0.6000              0.6525              2.9226              0.0210  
backward:              0.5500              0.4127              3.3352              0.0224  
backward:              0.5000              0.1861              3.5213              0.0235  
backward:              0.4500              0.1008              3.6221              0.0241  
backward:              0.4000              0.0690              3.6911              0.0249  
backward:              0.3500              0.0482              3.7394              0.0254  
backward:              0.3000              0.0222              3.7615              0.0256  
backward:              0.2500             -0.0398              3.7217              0.0264  
backward:              0.2000             -0.1261              3.5956              0.0283  
backward:              0.1500             -0.2557              3.3399              0.0330  
backward:              0.1000             -0.5030              2.8369              0.0356  
backward:              0.0500             -1.0398              1.7971              0.0551  
backward:              0.0000             -1.7688              0.0283              0.0692  
Inaccuracy estimation
======================================================================================================
                   i        i+δi          P0_overlap_P1   δε(forward)/ε   δε(backward)/ε
======================================================================================================
inaccuracy:  0.00000        0.05000           33.20           -0.02            1.98
inaccuracy:  0.05000        0.10000           44.21           -0.04            1.17
inaccuracy:  0.10000        0.15000           53.97           -0.02            0.61
inaccuracy:  0.15000        0.20000           62.55           -0.02            0.34
inaccuracy:  0.20000        0.25000           67.89           -0.01            0.22
inaccuracy:  0.25000        0.30000           69.37           -0.02            0.18
inaccuracy:  0.30000        0.35000           69.15           -0.02            0.16
inaccuracy:  0.35000        0.40000           72.41           -0.02            0.12
inaccuracy:  0.40000        0.45000           72.31           -0.01            0.12
inaccuracy:  0.45000        0.50000           73.97           -0.02            0.11
inaccuracy:  0.50000        0.55000           66.50           -0.09            0.15
inaccuracy:  0.55000        0.60000           66.25           -0.10            0.11
inaccuracy:  0.60000        0.65000           63.79           -0.14            0.09
inaccuracy:  0.65000        0.70000           63.53           -0.13            0.07
inaccuracy:  0.70000        0.75000           64.93           -0.12            0.05
inaccuracy:  0.75000        0.80000           66.73           -0.10            0.04
inaccuracy:  0.80000        0.85000           67.03           -0.11            0.03
inaccuracy:  0.85000        0.90000           66.22           -0.11            0.03
inaccuracy:  0.90000        0.95000           67.36           -0.11            0.03
inaccuracy:  0.95000        1.00000           66.18           -0.10            0.04
===================================================================================================================================
                BAR        
-----------------------------------------------------------------------------------------------------------------------------------
BAR-estimator:         λ             λ+δλ          ΔΔA             ΔA            C               Δδe            δe       
                          
-----------------------------------------------------------------------------------------------------------------------------------
BAR-estimator:      0.00000        0.05000        1.8181         1.8181         1.8181         0.0132         0.0132 
BAR-estimator:      0.05000        0.10000        0.9918         2.8099         0.9918         0.0129         0.0184 
BAR-estimator:      0.10000        0.15000        0.5101         3.3200         0.5101         0.0082         0.0202 
BAR-estimator:      0.15000        0.20000        0.2493         3.5694         0.2493         0.0066         0.0212 
BAR-estimator:      0.20000        0.25000        0.1137         3.6831         0.1137         0.0049         0.0218 
BAR-estimator:      0.25000        0.30000        0.0407         3.7238         0.0407         0.0045         0.0222 
BAR-estimator:      0.30000        0.35000       -0.0087         3.7150        -0.0087         0.0044         0.0227 
BAR-estimator:      0.35000        0.40000       -0.0483         3.6667        -0.0483         0.0035         0.0229 
BAR-estimator:      0.40000        0.45000       -0.0705         3.5962        -0.0705         0.0037         0.0232 
BAR-estimator:      0.45000        0.50000       -0.1031         3.4931        -0.1031         0.0034         0.0235 
BAR-estimator:      0.50000        0.55000       -0.1857         3.3073        -0.1857         0.0063         0.0243 
BAR-estimator:      0.55000        0.60000       -0.4201         2.8872        -0.4201         0.0043         0.0247 
BAR-estimator:      0.60000        0.65000       -0.6396         2.2477        -0.6396         0.0056         0.0253 
BAR-estimator:      0.65000        0.70000       -0.8515         1.3961        -0.8515         0.0040         0.0256 
BAR-estimator:      0.70000        0.75000       -1.0097         0.3864        -1.0097         0.0046         0.0261 
BAR-estimator:      0.75000        0.80000       -1.1008        -0.7144        -1.1008         0.0045         0.0264 
BAR-estimator:      0.80000        0.85000       -1.1439        -1.8583        -1.1439         0.0042         0.0268 
BAR-estimator:      0.85000        0.90000       -1.1647        -3.0230        -1.1647         0.0044         0.0271 
BAR-estimator:      0.90000        0.95000       -1.1619        -4.1849        -1.1619         0.0042         0.0275 
BAR-estimator:      0.95000        1.00000       -1.1746        -5.3595        -1.1746         0.0042         0.0278 
BAR-estimator: total free energy change is -5.359469387505646 , total error is 0.02777393906427123
