#========================================================================================
#                     Free energy perturbation    
#----------------------------------------------------------------------------------------
#forward/backward          λ              ΔΔA                 ΔA                  δε   
#                                                 
#----------------------------------------------------------------------------------------
forward:               0.0000              0.0000              0.0000              0.0000  
forward:               0.0500              1.7043              1.7043              0.0295  
forward:               0.1000              0.9511              2.6554              0.0360  
forward:               0.1500              0.5169              3.1723              0.0378  
forward:               0.2000              0.2666              3.4389              0.0388  
forward:               0.2500              0.1394              3.5783              0.0395  
forward:               0.3000              0.0585              3.6368              0.0399  
forward:               0.3500             -0.0022              3.6346              0.0404  
forward:               0.4000             -0.0386              3.5960              0.0407  
forward:               0.4500             -0.0638              3.5322              0.0410  
forward:               0.5000             -0.0891              3.4432              0.0413  
forward:               0.5500             -0.2113              3.2319              0.0418  
forward:               0.6000             -0.4358              2.7961              0.0422  
forward:               0.6500             -0.6137              2.1824              0.0427  
forward:               0.7000             -0.7887              1.3937              0.0432  
forward:               0.7500             -0.8842              0.5095              0.0435  
forward:               0.8000             -0.9777             -0.4683              0.0438  
forward:               0.8500             -1.0146             -1.4829              0.0442  
forward:               0.9000             -1.0588             -2.5417              0.0446  
forward:               0.9500             -1.0889             -3.6306              0.0450  
forward:               1.0000             -1.0942             -4.7248              0.0453  
backward:              1.0000              0.0000             -4.7248              0.0000  
backward:              0.9500              1.0993             -3.6256              0.0065  
backward:              0.9000              1.0831             -2.5425              0.0092  
backward:              0.8500              1.0605             -1.4819              0.0110  
backward:              0.8000              1.0267             -0.4553              0.0127  
backward:              0.7500              0.9786              0.5233              0.0140  
backward:              0.7000              0.8890              1.4123              0.0156  
backward:              0.6500              0.7778              2.1901              0.0172  
backward:              0.6000              0.6186              2.8087              0.0183  
backward:              0.5500              0.4246              3.2333              0.0194  
backward:              0.5000              0.1890              3.4224              0.0206  
backward:              0.4500              0.0807              3.5031              0.0212  
backward:              0.4000              0.0576              3.5607              0.0220  
backward:              0.3500              0.0339              3.5946              0.0229  
backward:              0.3000             -0.0061              3.5885              0.0239  
backward:              0.2500             -0.0487              3.5398              0.0248  
backward:              0.2000             -0.1424              3.3973              0.0267  
backward:              0.1500             -0.2901              3.1072              0.0308  
backward:              0.1000             -0.5125              2.5947              0.0350  
backward:              0.0500             -0.9543              1.6404              0.0440  
backward:              0.0000             -1.7129             -0.0725              0.0586  
Inaccuracy estimation
======================================================================================================
                   i        i+δi          P0_overlap_P1   δε(forward)/ε   δε(backward)/ε
======================================================================================================
inaccuracy:  0.00000        0.05000           35.77           -0.03            1.82
inaccuracy:  0.05000        0.10000           45.53           -0.04            1.12
inaccuracy:  0.10000        0.15000           55.60           -0.03            0.56
inaccuracy:  0.15000        0.20000           62.89           -0.03            0.32
inaccuracy:  0.20000        0.25000           66.50           -0.02            0.22
inaccuracy:  0.25000        0.30000           69.70           -0.01            0.17
inaccuracy:  0.30000        0.35000           72.11           -0.02            0.14
inaccuracy:  0.35000        0.40000           73.17           -0.02            0.12
inaccuracy:  0.40000        0.45000           73.93           -0.01            0.11
inaccuracy:  0.45000        0.50000           74.86           -0.02            0.10
inaccuracy:  0.50000        0.55000           67.62           -0.07            0.14
inaccuracy:  0.55000        0.60000           67.61           -0.09            0.10
inaccuracy:  0.60000        0.65000           66.52           -0.10            0.08
inaccuracy:  0.65000        0.70000           67.35           -0.09            0.06
inaccuracy:  0.70000        0.75000           66.63           -0.11            0.05
inaccuracy:  0.75000        0.80000           67.37           -0.10            0.04
inaccuracy:  0.80000        0.85000           66.62           -0.11            0.04
inaccuracy:  0.85000        0.90000           67.19           -0.12            0.04
inaccuracy:  0.90000        0.95000           66.94           -0.09            0.04
inaccuracy:  0.95000        1.00000           66.32           -0.13            0.04
===================================================================================================================================
                BAR        
-----------------------------------------------------------------------------------------------------------------------------------
BAR-estimator:         λ             λ+δλ          ΔΔA             ΔA            C               Δδe            δe       
                          
-----------------------------------------------------------------------------------------------------------------------------------
BAR-estimator:      0.00000        0.05000        1.7076         1.7076         1.7076         0.0119         0.0119 
BAR-estimator:      0.05000        0.10000        0.9587         2.6663         0.9587         0.0107         0.0160 
BAR-estimator:      0.10000        0.15000        0.5185         3.1847         0.5185         0.0075         0.0177 
BAR-estimator:      0.15000        0.20000        0.2682         3.4530         0.2682         0.0065         0.0189 
BAR-estimator:      0.20000        0.25000        0.1383         3.5913         0.1383         0.0067         0.0200 
BAR-estimator:      0.25000        0.30000        0.0573         3.6486         0.0573         0.0042         0.0205 
BAR-estimator:      0.30000        0.35000        0.0019         3.6505         0.0019         0.0042         0.0209 
BAR-estimator:      0.35000        0.40000       -0.0375         3.6131        -0.0375         0.0038         0.0212 
BAR-estimator:      0.40000        0.45000       -0.0612         3.5519        -0.0612         0.0035         0.0215 
BAR-estimator:      0.45000        0.50000       -0.0868         3.4651        -0.0868         0.0031         0.0217 
BAR-estimator:      0.50000        0.55000       -0.1995         3.2656        -0.1995         0.0040         0.0221 
BAR-estimator:      0.55000        0.60000       -0.4294         2.8362        -0.4294         0.0033         0.0224 
BAR-estimator:      0.60000        0.65000       -0.6146         2.2216        -0.6146         0.0040         0.0227 
BAR-estimator:      0.65000        0.70000       -0.7834         1.4382        -0.7834         0.0041         0.0231 
BAR-estimator:      0.70000        0.75000       -0.8897         0.5486        -0.8897         0.0037         0.0234 
BAR-estimator:      0.75000        0.80000       -0.9768        -0.4283        -0.9768         0.0039         0.0237 
BAR-estimator:      0.80000        0.85000       -1.0206        -1.4489        -1.0206         0.0039         0.0240 
BAR-estimator:      0.85000        0.90000       -1.0591        -2.5079        -1.0591         0.0043         0.0244 
BAR-estimator:      0.90000        0.95000       -1.0877        -3.5956        -1.0877         0.0039         0.0247 
BAR-estimator:      0.95000        1.00000       -1.0978        -4.6934        -1.0978         0.0042         0.0251 
BAR-estimator: total free energy change is -4.693418166066533 , total error is 0.02505296271324621
