#========================================================================================
#                     Free energy perturbation    
#----------------------------------------------------------------------------------------
#forward/backward          λ              ΔΔA                 ΔA                  δε   
#                                                 
#----------------------------------------------------------------------------------------
forward:               0.0000              0.0000              0.0000              0.0000  
forward:               0.0500              2.8566              2.8566              0.0381  
forward:               0.1000              1.6276              4.4842              0.0487  
forward:               0.1500              0.6447              5.1290              0.0516  
forward:               0.2000              0.2439              5.3729              0.0527  
forward:               0.2500              0.0436              5.4165              0.0534  
forward:               0.3000             -0.0583              5.3583              0.0539  
forward:               0.3500             -0.1263              5.2320              0.0543  
forward:               0.4000             -0.1853              5.0467              0.0546  
forward:               0.4500             -0.2201              4.8266              0.0549  
forward:               0.5000             -0.2642              4.5624              0.0551  
forward:               0.5500             -0.5192              4.0432              0.0559  
forward:               0.6000             -0.9764              3.0668              0.0570  
forward:               0.6500             -1.4726              1.5942              0.0580  
forward:               0.7000             -1.8502             -0.2560              0.0591  
forward:               0.7500             -2.0789             -2.3349              0.0598  
forward:               0.8000             -2.1774             -4.5123              0.0604  
forward:               0.8500             -2.1894             -6.7017              0.0609  
forward:               0.9000             -2.1965             -8.8983              0.0615  
forward:               0.9500             -2.1627            -11.0610              0.0619  
forward:               1.0000             -2.1449            -13.2060              0.0624  
backward:              1.0000              0.0000            -13.2060              0.0000  
backward:              0.9500              2.1453            -11.0607              0.0100  
backward:              0.9000              2.1670             -8.8937              0.0146  
backward:              0.8500              2.2147             -6.6790              0.0179  
backward:              0.8000              2.1986             -4.4804              0.0204  
backward:              0.7500              2.1836             -2.2969              0.0224  
backward:              0.7000              2.0936             -0.2032              0.0247  
backward:              0.6500              1.8852              1.6820              0.0274  
backward:              0.6000              1.4611              3.1431              0.0294  
backward:              0.5500              0.9934              4.1365              0.0312  
backward:              0.5000              0.5111              4.6476              0.0332  
backward:              0.4500              0.2537              4.9012              0.0354  
backward:              0.4000              0.2263              5.1276              0.0361  
backward:              0.3500              0.1864              5.3140              0.0371  
backward:              0.3000              0.1268              5.4407              0.0378  
backward:              0.2500              0.0614              5.5021              0.0392  
backward:              0.2000             -0.0577              5.4444              0.0423  
backward:              0.1500             -0.2753              5.1691              0.0465  
backward:              0.1000             -0.6822              4.4869              0.0628  
backward:              0.0500             -1.6758              2.8111              0.1391  
backward:              0.0000             -2.8375             -0.0265              0.1561  
Inaccuracy estimation
======================================================================================================
                   i        i+δi          P0_overlap_P1   δε(forward)/ε   δε(backward)/ε
======================================================================================================
inaccuracy:  0.00000        0.05000           22.91            0.16            3.82
inaccuracy:  0.05000        0.10000           29.86           -0.10            2.36
inaccuracy:  0.10000        0.15000           45.03           -0.05            1.03
inaccuracy:  0.15000        0.20000           56.46           -0.04            0.48
inaccuracy:  0.20000        0.25000           61.62           -0.03            0.29
inaccuracy:  0.25000        0.30000           64.78           -0.04            0.21
inaccuracy:  0.30000        0.35000           66.83           -0.03            0.17
inaccuracy:  0.35000        0.40000           67.74           -0.03            0.14
inaccuracy:  0.40000        0.45000           68.77           -0.03            0.13
inaccuracy:  0.45000        0.50000           70.26           -0.03            0.12
inaccuracy:  0.50000        0.55000           57.54           -0.23            0.21
inaccuracy:  0.55000        0.60000           55.22           -0.30            0.11
inaccuracy:  0.60000        0.65000           55.06           -0.39            0.04
inaccuracy:  0.65000        0.70000           53.93           -0.39           -0.03
inaccuracy:  0.70000        0.75000           55.65           -0.35           -0.05
inaccuracy:  0.75000        0.80000           57.98           -0.34           -0.07
inaccuracy:  0.80000        0.85000           56.38           -0.35           -0.06
inaccuracy:  0.85000        0.90000           54.99           -0.35           -0.06
inaccuracy:  0.90000        0.95000           54.84           -0.34           -0.06
inaccuracy:  0.95000        1.00000           54.91           -0.34           -0.04
===================================================================================================================================
                BAR        
-----------------------------------------------------------------------------------------------------------------------------------
BAR-estimator:         λ             λ+δλ          ΔΔA             ΔA            C               Δδe            δe       
                          
-----------------------------------------------------------------------------------------------------------------------------------
BAR-estimator:      0.00000        0.05000        2.8552         2.8552         2.8552         0.0155         0.0155 
BAR-estimator:      0.05000        0.10000        1.5852         4.4405         1.5852         0.0143         0.0211 
BAR-estimator:      0.10000        0.15000        0.6563         5.0968         0.6563         0.0106         0.0236 
BAR-estimator:      0.15000        0.20000        0.2476         5.3444         0.2476         0.0073         0.0248 
BAR-estimator:      0.20000        0.25000        0.0474         5.3919         0.0474         0.0058         0.0254 
BAR-estimator:      0.25000        0.30000       -0.0586         5.3333        -0.0586         0.0053         0.0260 
BAR-estimator:      0.30000        0.35000       -0.1276         5.2057        -0.1276         0.0045         0.0263 
BAR-estimator:      0.35000        0.40000       -0.1867         5.0190        -0.1867         0.0041         0.0267 
BAR-estimator:      0.40000        0.45000       -0.2244         4.7946        -0.2244         0.0042         0.0270 
BAR-estimator:      0.45000        0.50000       -0.2649         4.5298        -0.2649         0.0036         0.0272 
BAR-estimator:      0.50000        0.55000       -0.5194         4.0104        -0.5194         0.0047         0.0276 
BAR-estimator:      0.55000        0.60000       -0.9830         3.0273        -0.9830         0.0051         0.0281 
BAR-estimator:      0.60000        0.65000       -1.4611         1.5662        -1.4611         0.0061         0.0288 
BAR-estimator:      0.65000        0.70000       -1.8695        -0.3033        -1.8695         0.0065         0.0295 
BAR-estimator:      0.70000        0.75000       -2.0853        -2.3886        -2.0853         0.0056         0.0300 
BAR-estimator:      0.75000        0.80000       -2.1811        -4.5698        -2.1811         0.0060         0.0306 
BAR-estimator:      0.80000        0.85000       -2.1974        -6.7672        -2.1974         0.0057         0.0311 
BAR-estimator:      0.85000        0.90000       -2.2068        -8.9740        -2.2068         0.0058         0.0317 
BAR-estimator:      0.90000        0.95000       -2.1658       -11.1398        -2.1658         0.0060         0.0322 
BAR-estimator:      0.95000        1.00000       -2.1437       -13.2835        -2.1437         0.0053         0.0327 
BAR-estimator: total free energy change is -13.283542171112114 , total error is 0.03267653816320591
