#========================================================================================
#                     Free energy perturbation    
#----------------------------------------------------------------------------------------
#forward/backward          λ              ΔΔA                 ΔA                  δε   
#                                                 
#----------------------------------------------------------------------------------------
forward:               0.0000              0.0000              0.0000              0.0000  
forward:               0.0500              2.0210              2.0210              0.0226  
forward:               0.1000              1.2407              3.2617              0.0292  
forward:               0.1500              0.7047              3.9664              0.0321  
forward:               0.2000              0.4200              4.3864              0.0341  
forward:               0.2500              0.2240              4.6104              0.0352  
forward:               0.3000              0.1319              4.7423              0.0362  
forward:               0.3500              0.0544              4.7967              0.0367  
forward:               0.4000              0.0006              4.7973              0.0372  
forward:               0.4500             -0.0431              4.7542              0.0377  
forward:               0.5000             -0.0737              4.6805              0.0379  
forward:               0.5500             -0.1880              4.4925              0.0383  
forward:               0.6000             -0.3712              4.1213              0.0388  
forward:               0.6500             -0.5409              3.5803              0.0392  
forward:               0.7000             -0.6909              2.8895              0.0396  
forward:               0.7500             -0.7838              2.1057              0.0397  
forward:               0.8000             -0.8480              1.2577              0.0400  
forward:               0.8500             -0.8748              0.3829              0.0403  
forward:               0.9000             -0.8973             -0.5144              0.0407  
forward:               0.9500             -0.8909             -1.4053              0.0411  
forward:               1.0000             -0.8783             -2.2837              0.0414  
backward:              1.0000              0.0000             -2.2837              0.0000  
backward:              0.9500              0.8838             -1.3999              0.0078  
backward:              0.9000              0.8890             -0.5109              0.0101  
backward:              0.8500              0.8831              0.3722              0.0125  
backward:              0.8000              0.8686              1.2407              0.0144  
backward:              0.7500              0.8437              2.0844              0.0157  
backward:              0.7000              0.7821              2.8665              0.0179  
backward:              0.6500              0.6995              3.5659              0.0190  
backward:              0.6000              0.5366              4.1025              0.0202  
backward:              0.5500              0.3687              4.4713              0.0212  
backward:              0.5000              0.1798              4.6511              0.0223  
backward:              0.4500              0.0691              4.7202              0.0228  
backward:              0.4000              0.0456              4.7658              0.0240  
backward:              0.3500             -0.0033              4.7625              0.0251  
backward:              0.3000             -0.0497              4.7128              0.0263  
backward:              0.2500             -0.1315              4.5813              0.0284  
backward:              0.2000             -0.2453              4.3359              0.0309  
backward:              0.1500             -0.4088              3.9272              0.0339  
backward:              0.1000             -0.6922              3.2349              0.0382  
backward:              0.0500             -1.2205              2.0144              0.0470  
backward:              0.0000             -1.9555              0.0589              0.0732  
Inaccuracy estimation
======================================================================================================
                   i        i+δi          P0_overlap_P1   δε(forward)/ε   δε(backward)/ε
======================================================================================================
inaccuracy:  0.00000        0.05000           31.10           -0.00            2.31
inaccuracy:  0.05000        0.10000           39.02           -0.06            1.46
inaccuracy:  0.10000        0.15000           49.85           -0.05            0.78
inaccuracy:  0.15000        0.20000           55.75           -0.03            0.52
inaccuracy:  0.20000        0.25000           61.62           -0.02            0.31
inaccuracy:  0.25000        0.30000           64.08           -0.02            0.26
inaccuracy:  0.30000        0.35000           65.82           -0.03            0.21
inaccuracy:  0.35000        0.40000           67.54           -0.03            0.18
inaccuracy:  0.40000        0.45000           67.96           -0.03            0.16
inaccuracy:  0.45000        0.50000           69.30           -0.03            0.14
inaccuracy:  0.50000        0.55000           64.39           -0.09            0.17
inaccuracy:  0.55000        0.60000           64.08           -0.11            0.15
inaccuracy:  0.60000        0.65000           63.62           -0.11            0.12
inaccuracy:  0.65000        0.70000           64.48           -0.10            0.10
inaccuracy:  0.70000        0.75000           64.39           -0.12            0.09
inaccuracy:  0.75000        0.80000           65.03           -0.10            0.09
inaccuracy:  0.80000        0.85000           64.78           -0.10            0.08
inaccuracy:  0.85000        0.90000           64.38           -0.10            0.08
inaccuracy:  0.90000        0.95000           64.52           -0.10            0.09
inaccuracy:  0.95000        1.00000           63.27           -0.12            0.09
===================================================================================================================================
                BAR        
-----------------------------------------------------------------------------------------------------------------------------------
BAR-estimator:         λ             λ+δλ          ΔΔA             ΔA            C               Δδe            δe       
                          
-----------------------------------------------------------------------------------------------------------------------------------
BAR-estimator:      0.00000        0.05000        1.9856         1.9856         1.9856         0.0109         0.0109 
BAR-estimator:      0.05000        0.10000        1.2298         3.2154         1.2298         0.0099         0.0147 
BAR-estimator:      0.10000        0.15000        0.7082         3.9236         0.7082         0.0087         0.0171 
BAR-estimator:      0.15000        0.20000        0.4238         4.3474         0.4238         0.0060         0.0181 
BAR-estimator:      0.20000        0.25000        0.2312         4.5786         0.2312         0.0055         0.0189 
BAR-estimator:      0.25000        0.30000        0.1320         4.7106         0.1320         0.0054         0.0197 
BAR-estimator:      0.30000        0.35000        0.0527         4.7633         0.0527         0.0044         0.0201 
BAR-estimator:      0.35000        0.40000       -0.0011         4.7623        -0.0011         0.0041         0.0206 
BAR-estimator:      0.40000        0.45000       -0.0426         4.7196        -0.0426         0.0024         0.0207 
BAR-estimator:      0.45000        0.50000       -0.0739         4.6458        -0.0739         0.0033         0.0209 
BAR-estimator:      0.50000        0.55000       -0.1855         4.4603        -0.1855         0.0037         0.0213 
BAR-estimator:      0.55000        0.60000       -0.3674         4.0928        -0.3674         0.0042         0.0217 
BAR-estimator:      0.60000        0.65000       -0.5401         3.5528        -0.5401         0.0038         0.0220 
BAR-estimator:      0.65000        0.70000       -0.6904         2.8623        -0.6904         0.0039         0.0223 
BAR-estimator:      0.70000        0.75000       -0.7837         2.0786        -0.7837         0.0040         0.0227 
BAR-estimator:      0.75000        0.80000       -0.8420         1.2366        -0.8420         0.0039         0.0230 
BAR-estimator:      0.80000        0.85000       -0.8727         0.3638        -0.8727         0.0048         0.0235 
BAR-estimator:      0.85000        0.90000       -0.8900        -0.5261        -0.8900         0.0036         0.0238 
BAR-estimator:      0.90000        0.95000       -0.8869        -1.4131        -0.8869         0.0043         0.0242 
BAR-estimator:      0.95000        1.00000       -0.8833        -2.2964        -0.8833         0.0036         0.0244 
BAR-estimator: total free energy change is -2.2963782333517186 , total error is 0.024443309235481662
