#========================================================================================
#                     Free energy perturbation    
#----------------------------------------------------------------------------------------
#forward/backward          λ              ΔΔA                 ΔA                  δε   
#                                                 
#----------------------------------------------------------------------------------------
forward:               0.0000              0.0000              0.0000              0.0000  
forward:               0.0500              1.0379              1.0379              0.0170  
forward:               0.1000              0.6339              1.6718              0.0203  
forward:               0.1500              0.4017              2.0735              0.0231  
forward:               0.2000              0.2484              2.3219              0.0243  
forward:               0.2500              0.1648              2.4867              0.0252  
forward:               0.3000              0.1089              2.5956              0.0258  
forward:               0.3500              0.0710              2.6666              0.0264  
forward:               0.4000              0.0373              2.7039              0.0268  
forward:               0.4500              0.0228              2.7267              0.0272  
forward:               0.5000             -0.0017              2.7250              0.0276  
forward:               0.5500             -0.0991              2.6260              0.0281  
forward:               0.6000             -0.2620              2.3640              0.0288  
forward:               0.6500             -0.4205              1.9435              0.0297  
forward:               0.7000             -0.5819              1.3615              0.0308  
forward:               0.7500             -0.6562              0.7053              0.0318  
forward:               0.8000             -0.7040              0.0013              0.0322  
forward:               0.8500             -0.7137             -0.7125              0.0327  
forward:               0.9000             -0.6784             -1.3908              0.0330  
forward:               0.9500             -0.6455             -2.0363              0.0333  
forward:               1.0000             -0.6276             -2.6639              0.0336  
backward:              1.0000              0.0000             -2.6639              0.0000  
backward:              0.9500              0.6237             -2.0402              0.0057  
backward:              0.9000              0.6497             -1.3905              0.0084  
backward:              0.8500              0.6711             -0.7194              0.0106  
backward:              0.8000              0.6994             -0.0201              0.0123  
backward:              0.7500              0.6949              0.6749              0.0147  
backward:              0.7000              0.6517              1.3266              0.0166  
backward:              0.6500              0.5745              1.9010              0.0188  
backward:              0.6000              0.4225              2.3235              0.0224  
backward:              0.5500              0.2566              2.5802              0.0232  
backward:              0.5000              0.0940              2.6741              0.0244  
backward:              0.4500             -0.0053              2.6688              0.0249  
backward:              0.4000             -0.0217              2.6471              0.0254  
backward:              0.3500             -0.0367              2.6104              0.0259  
backward:              0.3000             -0.0716              2.5387              0.0266  
backward:              0.2500             -0.1013              2.4374              0.0274  
backward:              0.2000             -0.1570              2.2804              0.0285  
backward:              0.1500             -0.2410              2.0394              0.0301  
backward:              0.1000             -0.4159              1.6235              0.0323  
backward:              0.0500             -0.6313              0.9922              0.0376  
backward:              0.0000             -1.0876             -0.0954              0.0481  
Inaccuracy estimation
======================================================================================================
                   i        i+δi          P0_overlap_P1   δε(forward)/ε   δε(backward)/ε
======================================================================================================
inaccuracy:  0.00000        0.05000           47.76           -0.03            0.94
inaccuracy:  0.05000        0.10000           54.76           -0.01            0.63
inaccuracy:  0.10000        0.15000           63.33           -0.01            0.36
inaccuracy:  0.15000        0.20000           67.11           -0.01            0.24
inaccuracy:  0.20000        0.25000           69.47           -0.02            0.18
inaccuracy:  0.25000        0.30000           72.05           -0.01            0.15
inaccuracy:  0.30000        0.35000           74.06           -0.01            0.12
inaccuracy:  0.35000        0.40000           74.94           -0.01            0.12
inaccuracy:  0.40000        0.45000           75.80           -0.01            0.10
inaccuracy:  0.45000        0.50000           76.31           -0.01            0.09
inaccuracy:  0.50000        0.55000           69.35           -0.06            0.15
inaccuracy:  0.55000        0.60000           70.04           -0.07            0.10
inaccuracy:  0.60000        0.65000           67.58           -0.09            0.08
inaccuracy:  0.65000        0.70000           68.48           -0.08            0.07
inaccuracy:  0.70000        0.75000           68.44           -0.08            0.06
inaccuracy:  0.75000        0.80000           70.02           -0.07            0.06
inaccuracy:  0.80000        0.85000           70.02           -0.08            0.07
inaccuracy:  0.85000        0.90000           69.13           -0.08            0.08
inaccuracy:  0.90000        0.95000           67.44           -0.06            0.09
inaccuracy:  0.95000        1.00000           67.64           -0.06            0.10
===================================================================================================================================
                BAR        
-----------------------------------------------------------------------------------------------------------------------------------
BAR-estimator:         λ             λ+δλ          ΔΔA             ΔA            C               Δδe            δe       
                          
-----------------------------------------------------------------------------------------------------------------------------------
BAR-estimator:      0.00000        0.05000        1.0478         1.0478         1.0478         0.0101         0.0101 
BAR-estimator:      0.05000        0.10000        0.6318         1.6796         0.6318         0.0076         0.0126 
BAR-estimator:      0.10000        0.15000        0.4048         2.0844         0.4048         0.0068         0.0143 
BAR-estimator:      0.15000        0.20000        0.2441         2.3285         0.2441         0.0051         0.0152 
BAR-estimator:      0.20000        0.25000        0.1620         2.4905         0.1620         0.0044         0.0159 
BAR-estimator:      0.25000        0.30000        0.1072         2.5977         0.1072         0.0041         0.0164 
BAR-estimator:      0.30000        0.35000        0.0716         2.6693         0.0716         0.0045         0.0170 
BAR-estimator:      0.35000        0.40000        0.0393         2.7087         0.0393         0.0041         0.0175 
BAR-estimator:      0.40000        0.45000        0.0215         2.7302         0.0215         0.0034         0.0178 
BAR-estimator:      0.45000        0.50000        0.0009         2.7311         0.0009         0.0031         0.0181 
BAR-estimator:      0.50000        0.55000       -0.0958         2.6353        -0.0958         0.0036         0.0184 
BAR-estimator:      0.55000        0.60000       -0.2576         2.3778        -0.2576         0.0037         0.0188 
BAR-estimator:      0.60000        0.65000       -0.4224         1.9553        -0.4224         0.0042         0.0193 
BAR-estimator:      0.65000        0.70000       -0.5812         1.3742        -0.5812         0.0044         0.0198 
BAR-estimator:      0.70000        0.75000       -0.6589         0.7153        -0.6589         0.0046         0.0203 
BAR-estimator:      0.75000        0.80000       -0.7019         0.0134        -0.7019         0.0038         0.0206 
BAR-estimator:      0.80000        0.85000       -0.7060        -0.6926        -0.7060         0.0040         0.0210 
BAR-estimator:      0.85000        0.90000       -0.6780        -1.3706        -0.6780         0.0038         0.0214 
BAR-estimator:      0.90000        0.95000       -0.6494        -2.0200        -0.6494         0.0037         0.0217 
BAR-estimator:      0.95000        1.00000       -0.6258        -2.6458        -0.6258         0.0040         0.0221 
BAR-estimator: total free energy change is -2.6458064719813406 , total error is 0.02206169370224339
