#========================================================================================
#                     Free energy perturbation    
#----------------------------------------------------------------------------------------
#forward/backward          λ              ΔΔA                 ΔA                  δε   
#                                                 
#----------------------------------------------------------------------------------------
forward:               0.0000              0.0000              0.0000              0.0000  
forward:               0.0500              1.5200              1.5200              0.0166  
forward:               0.1000              0.9021              2.4221              0.0225  
forward:               0.1500              0.5179              2.9400              0.0231  
forward:               0.2000              0.3233              3.2632              0.0248  
forward:               0.2500              0.1926              3.4558              0.0259  
forward:               0.3000              0.1103              3.5661              0.0266  
forward:               0.3500              0.0531              3.6193              0.0273  
forward:               0.4000              0.0051              3.6244              0.0278  
forward:               0.4500             -0.0092              3.6151              0.0281  
forward:               0.5000             -0.0323              3.5828              0.0285  
forward:               0.5500             -0.1341              3.4487              0.0290  
forward:               0.6000             -0.2966              3.1521              0.0293  
forward:               0.6500             -0.4591              2.6930              0.0299  
forward:               0.7000             -0.5943              2.0987              0.0304  
forward:               0.7500             -0.6959              1.4028              0.0309  
forward:               0.8000             -0.7473              0.6555              0.0315  
forward:               0.8500             -0.7371             -0.0816              0.0319  
forward:               0.9000             -0.7186             -0.8002              0.0322  
forward:               0.9500             -0.6823             -1.4825              0.0327  
forward:               1.0000             -0.6580             -2.1405              0.0330  
backward:              1.0000              0.0000             -2.1405              0.0000  
backward:              0.9500              0.6598             -1.4808              0.0070  
backward:              0.9000              0.6925             -0.7883              0.0093  
backward:              0.8500              0.7115             -0.0768              0.0136  
backward:              0.8000              0.7317              0.6549              0.0155  
backward:              0.7500              0.7291              1.3839              0.0168  
backward:              0.7000              0.6910              2.0750              0.0182  
backward:              0.6500              0.5898              2.6648              0.0210  
backward:              0.6000              0.4545              3.1193              0.0219  
backward:              0.5500              0.2935              3.4128              0.0230  
backward:              0.5000              0.1349              3.5477              0.0238  
backward:              0.4500              0.0343              3.5820              0.0243  
backward:              0.4000              0.0158              3.5979              0.0251  
backward:              0.3500             -0.0216              3.5762              0.0257  
backward:              0.3000             -0.0637              3.5125              0.0272  
backward:              0.2500             -0.1164              3.3961              0.0285  
backward:              0.2000             -0.1887              3.2073              0.0299  
backward:              0.1500             -0.3237              2.8837              0.0318  
backward:              0.1000             -0.5349              2.3488              0.0346  
backward:              0.0500             -0.9259              1.4229              0.0411  
backward:              0.0000             -1.4839             -0.0609              0.0482  
Inaccuracy estimation
======================================================================================================
                   i        i+δi          P0_overlap_P1   δε(forward)/ε   δε(backward)/ε
======================================================================================================
inaccuracy:  0.00000        0.05000           38.73           -0.03            1.55
inaccuracy:  0.05000        0.10000           48.54           -0.03            0.96
inaccuracy:  0.10000        0.15000           56.85           -0.02            0.55
inaccuracy:  0.15000        0.20000           61.97           -0.02            0.36
inaccuracy:  0.20000        0.25000           65.47           -0.01            0.25
inaccuracy:  0.25000        0.30000           68.59           -0.01            0.19
inaccuracy:  0.30000        0.35000           70.48           -0.02            0.16
inaccuracy:  0.35000        0.40000           73.00           -0.01            0.13
inaccuracy:  0.40000        0.45000           71.53           -0.02            0.13
inaccuracy:  0.45000        0.50000           72.24           -0.01            0.12
inaccuracy:  0.50000        0.55000           66.92           -0.07            0.14
inaccuracy:  0.55000        0.60000           67.66           -0.09            0.11
inaccuracy:  0.60000        0.65000           67.00           -0.11            0.10
inaccuracy:  0.65000        0.70000           65.93           -0.11            0.09
inaccuracy:  0.70000        0.75000           66.72           -0.09            0.08
inaccuracy:  0.75000        0.80000           67.73           -0.08            0.08
inaccuracy:  0.80000        0.85000           66.95           -0.09            0.08
inaccuracy:  0.85000        0.90000           66.70           -0.09            0.09
inaccuracy:  0.90000        0.95000           65.39           -0.09            0.10
inaccuracy:  0.95000        1.00000           65.12           -0.08            0.11
===================================================================================================================================
                BAR        
-----------------------------------------------------------------------------------------------------------------------------------
BAR-estimator:         λ             λ+δλ          ΔΔA             ΔA            C               Δδe            δe       
                          
-----------------------------------------------------------------------------------------------------------------------------------
BAR-estimator:      0.00000        0.05000        1.5135         1.5135         1.5135         0.0131         0.0131 
BAR-estimator:      0.05000        0.10000        0.9193         2.4328         0.9193         0.0088         0.0158 
BAR-estimator:      0.10000        0.15000        0.5348         2.9677         0.5348         0.0082         0.0178 
BAR-estimator:      0.15000        0.20000        0.3275         3.2951         0.3275         0.0060         0.0188 
BAR-estimator:      0.20000        0.25000        0.1904         3.4855         0.1904         0.0052         0.0195 
BAR-estimator:      0.25000        0.30000        0.1098         3.5953         0.1098         0.0043         0.0200 
BAR-estimator:      0.30000        0.35000        0.0548         3.6501         0.0548         0.0041         0.0204 
BAR-estimator:      0.35000        0.40000        0.0130         3.6632         0.0130         0.0038         0.0207 
BAR-estimator:      0.40000        0.45000       -0.0113         3.6519        -0.0113         0.0033         0.0210 
BAR-estimator:      0.45000        0.50000       -0.0336         3.6182        -0.0336         0.0033         0.0213 
BAR-estimator:      0.50000        0.55000       -0.1342         3.4840        -0.1342         0.0031         0.0215 
BAR-estimator:      0.55000        0.60000       -0.2981         3.1859        -0.2981         0.0031         0.0217 
BAR-estimator:      0.60000        0.65000       -0.4564         2.7295        -0.4564         0.0040         0.0221 
BAR-estimator:      0.65000        0.70000       -0.5966         2.1330        -0.5966         0.0039         0.0224 
BAR-estimator:      0.70000        0.75000       -0.6948         1.4382        -0.6948         0.0040         0.0228 
BAR-estimator:      0.75000        0.80000       -0.7399         0.6983        -0.7399         0.0039         0.0231 
BAR-estimator:      0.80000        0.85000       -0.7352        -0.0369        -0.7352         0.0040         0.0234 
BAR-estimator:      0.85000        0.90000       -0.7180        -0.7549        -0.7180         0.0045         0.0239 
BAR-estimator:      0.90000        0.95000       -0.6861        -1.4409        -0.6861         0.0040         0.0242 
BAR-estimator:      0.95000        1.00000       -0.6595        -2.1004        -0.6595         0.0036         0.0245 
BAR-estimator: total free energy change is -2.1004414912990312 , total error is 0.024458524312896156
