#========================================================================================
#                     Free energy perturbation    
#----------------------------------------------------------------------------------------
#forward/backward          λ              ΔΔA                 ΔA                  δε   
#                                                 
#----------------------------------------------------------------------------------------
forward:               0.0000              0.0000              0.0000              0.0000  
forward:               0.0500              1.6930              1.6930              0.0238  
forward:               0.1000              0.9626              2.6556              0.0298  
forward:               0.1500              0.5285              3.1841              0.0324  
forward:               0.2000              0.2842              3.4683              0.0338  
forward:               0.2500              0.1619              3.6301              0.0345  
forward:               0.3000              0.0748              3.7049              0.0350  
forward:               0.3500              0.0404              3.7453              0.0355  
forward:               0.4000             -0.0091              3.7363              0.0359  
forward:               0.4500             -0.0326              3.7037              0.0362  
forward:               0.5000             -0.0578              3.6459              0.0365  
forward:               0.5500             -0.0843              3.5616              0.0369  
forward:               0.6000             -0.2042              3.3574              0.0373  
forward:               0.6500             -0.2864              3.0709              0.0376  
forward:               0.7000             -0.3489              2.7221              0.0379  
forward:               0.7500             -0.4351              2.2870              0.0384  
forward:               0.8000             -0.4791              1.8079              0.0387  
forward:               0.8500             -0.5295              1.2783              0.0390  
forward:               0.9000             -0.5664              0.7119              0.0393  
forward:               0.9500             -0.5832              0.1287              0.0397  
forward:               1.0000             -0.6138             -0.4851              0.0398  
backward:              1.0000              0.0000             -0.4851              0.0000  
backward:              0.9500              0.6051              0.1199              0.0064  
backward:              0.9000              0.5851              0.7050              0.0085  
backward:              0.8500              0.5688              1.2739              0.0106  
backward:              0.8000              0.5344              1.8082              0.0118  
backward:              0.7500              0.4901              2.2983              0.0130  
backward:              0.7000              0.4187              2.7171              0.0143  
backward:              0.6500              0.3646              3.0817              0.0153  
backward:              0.6000              0.2802              3.3620              0.0156  
backward:              0.5500              0.2063              3.5683              0.0168  
backward:              0.5000              0.0957              3.6640              0.0177  
backward:              0.4500              0.0601              3.7241              0.0184  
backward:              0.4000              0.0243              3.7485              0.0192  
backward:              0.3500             -0.0019              3.7466              0.0204  
backward:              0.3000             -0.0433              3.7033              0.0219  
backward:              0.2500             -0.0720              3.6314              0.0230  
backward:              0.2000             -0.1737              3.4576              0.0246  
backward:              0.1500             -0.2550              3.2027              0.0268  
backward:              0.1000             -0.5438              2.6589              0.0497  
backward:              0.0500             -0.9492              1.7096              0.0554  
backward:              0.0000             -1.6594              0.0503              0.0654  
Inaccuracy estimation
======================================================================================================
                   i        i+δi          P0_overlap_P1   δε(forward)/ε   δε(backward)/ε
======================================================================================================
inaccuracy:  0.00000        0.05000           35.79           -0.03            1.70
inaccuracy:  0.05000        0.10000           45.78           -0.04            1.10
inaccuracy:  0.10000        0.15000           55.26           -0.02            0.58
inaccuracy:  0.15000        0.20000           62.22           -0.03            0.33
inaccuracy:  0.20000        0.25000           68.60           -0.01            0.21
inaccuracy:  0.25000        0.30000           70.13           -0.02            0.17
inaccuracy:  0.30000        0.35000           71.34           -0.02            0.14
inaccuracy:  0.35000        0.40000           73.19           -0.02            0.12
inaccuracy:  0.40000        0.45000           74.54           -0.01            0.11
inaccuracy:  0.45000        0.50000           73.92           -0.01            0.10
inaccuracy:  0.50000        0.55000           69.45           -0.05            0.13
inaccuracy:  0.55000        0.60000           71.41           -0.04            0.10
inaccuracy:  0.60000        0.65000           72.38           -0.04            0.09
inaccuracy:  0.65000        0.70000           69.93           -0.05            0.08
inaccuracy:  0.70000        0.75000           72.29           -0.04            0.07
inaccuracy:  0.75000        0.80000           70.50           -0.05            0.07
inaccuracy:  0.80000        0.85000           71.57           -0.05            0.07
inaccuracy:  0.85000        0.90000           71.46           -0.05            0.07
inaccuracy:  0.90000        0.95000           70.98           -0.04            0.07
inaccuracy:  0.95000        1.00000           72.32           -0.04            0.06
===================================================================================================================================
                BAR        
-----------------------------------------------------------------------------------------------------------------------------------
BAR-estimator:         λ             λ+δλ          ΔΔA             ΔA            C               Δδe            δe       
                          
-----------------------------------------------------------------------------------------------------------------------------------
BAR-estimator:      0.00000        0.05000        1.6873         1.6873         1.6873         0.0114         0.0114 
BAR-estimator:      0.05000        0.10000        0.9690         2.6563         0.9690         0.0103         0.0154 
BAR-estimator:      0.10000        0.15000        0.5264         3.1828         0.5264         0.0082         0.0174 
BAR-estimator:      0.15000        0.20000        0.2740         3.4567         0.2740         0.0063         0.0185 
BAR-estimator:      0.20000        0.25000        0.1668         3.6235         0.1668         0.0054         0.0193 
BAR-estimator:      0.25000        0.30000        0.0758         3.6993         0.0758         0.0041         0.0197 
BAR-estimator:      0.30000        0.35000        0.0388         3.7381         0.0388         0.0039         0.0201 
BAR-estimator:      0.35000        0.40000       -0.0066         3.7315        -0.0066         0.0037         0.0204 
BAR-estimator:      0.40000        0.45000       -0.0292         3.7023        -0.0292         0.0035         0.0207 
BAR-estimator:      0.45000        0.50000       -0.0564         3.6458        -0.0564         0.0033         0.0210 
BAR-estimator:      0.50000        0.55000       -0.0891         3.5568        -0.0891         0.0036         0.0213 
BAR-estimator:      0.55000        0.60000       -0.2059         3.3509        -0.2059         0.0037         0.0216 
BAR-estimator:      0.60000        0.65000       -0.2816         3.0693        -0.2816         0.0034         0.0219 
BAR-estimator:      0.65000        0.70000       -0.3570         2.7123        -0.3570         0.0040         0.0222 
BAR-estimator:      0.70000        0.75000       -0.4307         2.2816        -0.4307         0.0039         0.0226 
BAR-estimator:      0.75000        0.80000       -0.4853         1.7964        -0.4853         0.0034         0.0228 
BAR-estimator:      0.80000        0.85000       -0.5293         1.2670        -0.5293         0.0035         0.0231 
BAR-estimator:      0.85000        0.90000       -0.5671         0.6999        -0.5671         0.0036         0.0234 
BAR-estimator:      0.90000        0.95000       -0.5828         0.1171        -0.5828         0.0041         0.0237 
BAR-estimator:      0.95000        1.00000       -0.6096        -0.4925        -0.6096         0.0037         0.0240 
BAR-estimator: total free energy change is -0.49254118336494057 , total error is 0.0240163879918008
