#========================================================================================
#                     Free energy perturbation    
#----------------------------------------------------------------------------------------
#forward/backward          λ              ΔΔA                 ΔA                  δε   
#                                                 
#----------------------------------------------------------------------------------------
forward:               0.0000              0.0000              0.0000              0.0000  
forward:               0.0500              2.4157              2.4157              0.0272  
forward:               0.1000              1.3769              3.7926              0.0361  
forward:               0.1500              0.6859              4.4785              0.0397  
forward:               0.2000              0.3371              4.8156              0.0412  
forward:               0.2500              0.1379              4.9535              0.0421  
forward:               0.3000              0.0284              4.9819              0.0427  
forward:               0.3500             -0.0480              4.9340              0.0431  
forward:               0.4000             -0.0975              4.8364              0.0434  
forward:               0.4500             -0.1377              4.6987              0.0437  
forward:               0.5000             -0.1792              4.5195              0.0440  
forward:               0.5500             -0.3535              4.1659              0.0445  
forward:               0.6000             -0.6947              3.4713              0.0452  
forward:               0.6500             -0.9990              2.4722              0.0457  
forward:               0.7000             -1.2670              1.2052              0.0462  
forward:               0.7500             -1.4624             -0.2572              0.0465  
forward:               0.8000             -1.5964             -1.8536              0.0470  
forward:               0.8500             -1.6684             -3.5220              0.0473  
forward:               0.9000             -1.7400             -5.2620              0.0477  
forward:               0.9500             -1.7774             -7.0394              0.0481  
forward:               1.0000             -1.7977             -8.8371              0.0484  
backward:              1.0000              0.0000             -8.8371              0.0000  
backward:              0.9500              1.7921             -7.0449              0.0108  
backward:              0.9000              1.7727             -5.2722              0.0128  
backward:              0.8500              1.7199             -3.5523              0.0152  
backward:              0.8000              1.6610             -1.8913              0.0170  
backward:              0.7500              1.5858             -0.3055              0.0182  
backward:              0.7000              1.4709              1.1654              0.0199  
backward:              0.6500              1.2604              2.4257              0.0221  
backward:              0.6000              1.0078              3.4335              0.0231  
backward:              0.5500              0.6845              4.1180              0.0235  
backward:              0.5000              0.3470              4.4650              0.0255  
backward:              0.4500              0.1725              4.6375              0.0261  
backward:              0.4000              0.1354              4.7729              0.0269  
backward:              0.3500              0.0942              4.8671              0.0283  
backward:              0.3000              0.0343              4.9014              0.0296  
backward:              0.2500             -0.0229              4.8785              0.0313  
backward:              0.2000             -0.1591              4.7194              0.0330  
backward:              0.1500             -0.3306              4.3887              0.0392  
backward:              0.1000             -0.6676              3.7212              0.0432  
backward:              0.0500             -1.3909              2.3303              0.0573  
backward:              0.0000             -2.3538             -0.0235              0.0808  
Inaccuracy estimation
======================================================================================================
                   i        i+δi          P0_overlap_P1   δε(forward)/ε   δε(backward)/ε
======================================================================================================
inaccuracy:  0.00000        0.05000           26.28            0.05            3.04
inaccuracy:  0.05000        0.10000           36.28           -0.07            1.72
inaccuracy:  0.10000        0.15000           47.74           -0.05            0.91
inaccuracy:  0.15000        0.20000           55.62           -0.05            0.52
inaccuracy:  0.20000        0.25000           62.15           -0.03            0.29
inaccuracy:  0.25000        0.30000           63.81           -0.03            0.23
inaccuracy:  0.30000        0.35000           67.30           -0.03            0.19
inaccuracy:  0.35000        0.40000           67.75           -0.03            0.17
inaccuracy:  0.40000        0.45000           68.75           -0.03            0.14
inaccuracy:  0.45000        0.50000           70.42           -0.02            0.13
inaccuracy:  0.50000        0.55000           59.67           -0.14            0.19
inaccuracy:  0.55000        0.60000           59.85           -0.18            0.13
inaccuracy:  0.60000        0.65000           59.05           -0.22            0.09
inaccuracy:  0.65000        0.70000           60.37           -0.23            0.05
inaccuracy:  0.70000        0.75000           60.23           -0.23            0.02
inaccuracy:  0.75000        0.80000           62.19           -0.21            0.01
inaccuracy:  0.80000        0.85000           60.92           -0.20            0.00
inaccuracy:  0.85000        0.90000           61.25           -0.21           -0.01
inaccuracy:  0.90000        0.95000           60.77           -0.22           -0.01
inaccuracy:  0.95000        1.00000           59.65           -0.24           -0.01
===================================================================================================================================
                BAR        
-----------------------------------------------------------------------------------------------------------------------------------
BAR-estimator:         λ             λ+δλ          ΔΔA             ΔA            C               Δδe            δe       
                          
-----------------------------------------------------------------------------------------------------------------------------------
BAR-estimator:      0.00000        0.05000        2.3961         2.3961         2.3961         0.0117         0.0117 
BAR-estimator:      0.05000        0.10000        1.3821         3.7782         1.3821         0.0124         0.0170 
BAR-estimator:      0.10000        0.15000        0.7002         4.4784         0.7002         0.0094         0.0194 
BAR-estimator:      0.15000        0.20000        0.3364         4.8148         0.3364         0.0073         0.0208 
BAR-estimator:      0.20000        0.25000        0.1446         4.9594         0.1446         0.0057         0.0215 
BAR-estimator:      0.25000        0.30000        0.0264         4.9859         0.0264         0.0046         0.0220 
BAR-estimator:      0.30000        0.35000       -0.0451         4.9408        -0.0451         0.0038         0.0223 
BAR-estimator:      0.35000        0.40000       -0.0977         4.8431        -0.0977         0.0039         0.0227 
BAR-estimator:      0.40000        0.45000       -0.1378         4.7053        -0.1378         0.0036         0.0230 
BAR-estimator:      0.45000        0.50000       -0.1745         4.5308        -0.1745         0.0033         0.0232 
BAR-estimator:      0.50000        0.55000       -0.3528         4.1780        -0.3528         0.0049         0.0237 
BAR-estimator:      0.55000        0.60000       -0.6872         3.4908        -0.6872         0.0044         0.0241 
BAR-estimator:      0.60000        0.65000       -1.0026         2.4881        -1.0026         0.0045         0.0245 
BAR-estimator:      0.65000        0.70000       -1.2707         1.2175        -1.2707         0.0044         0.0249 
BAR-estimator:      0.70000        0.75000       -1.4666        -0.2492        -1.4666         0.0043         0.0253 
BAR-estimator:      0.75000        0.80000       -1.5889        -1.8381        -1.5889         0.0044         0.0257 
BAR-estimator:      0.80000        0.85000       -1.6671        -3.5051        -1.6671         0.0046         0.0261 
BAR-estimator:      0.85000        0.90000       -1.7332        -5.2383        -1.7332         0.0044         0.0265 
BAR-estimator:      0.90000        0.95000       -1.7688        -7.0072        -1.7688         0.0050         0.0269 
BAR-estimator:      0.95000        1.00000       -1.7943        -8.8014        -1.7943         0.0043         0.0273 
BAR-estimator: total free energy change is -8.801432097195558 , total error is 0.027255842816176778
