#========================================================================================
#                     Free energy perturbation    
#----------------------------------------------------------------------------------------
#forward/backward          λ              ΔΔA                 ΔA                  δε   
#                                                 
#----------------------------------------------------------------------------------------
forward:               0.0000              0.0000              0.0000              0.0000  
forward:               0.0500              1.2288              1.2288              0.0221  
forward:               0.1000              0.5972              1.8260              0.0250  
forward:               0.1500              0.2658              2.0917              0.0266  
forward:               0.2000              0.1133              2.2050              0.0274  
forward:               0.2500              0.0394              2.2444              0.0281  
forward:               0.3000             -0.0097              2.2348              0.0287  
forward:               0.3500             -0.0263              2.2085              0.0292  
forward:               0.4000             -0.0647              2.1438              0.0296  
forward:               0.4500             -0.0726              2.0712              0.0299  
forward:               0.5000             -0.0972              1.9739              0.0302  
forward:               0.5500             -0.2630              1.7110              0.0308  
forward:               0.6000             -0.5933              1.1176              0.0320  
forward:               0.6500             -0.9392              0.1784              0.0340  
forward:               0.7000             -1.2973             -1.1189              0.0364  
forward:               0.7500             -1.4908             -2.6097              0.0380  
forward:               0.8000             -1.5255             -4.1352              0.0387  
forward:               0.8500             -1.4718             -5.6071              0.0391  
forward:               0.9000             -1.3827             -6.9898              0.0392  
forward:               0.9500             -1.2966             -8.2864              0.0395  
forward:               1.0000             -1.2116             -9.4980              0.0397  
backward:              1.0000              0.0000             -9.4980              0.0000  
backward:              0.9500              1.2234             -8.2746              0.0060  
backward:              0.9000              1.2856             -6.9890              0.0094  
backward:              0.8500              1.3734             -5.6155              0.0116  
backward:              0.8000              1.4623             -4.1532              0.0137  
backward:              0.7500              1.5218             -2.6314              0.0163  
backward:              0.7000              1.4931             -1.1384              0.0194  
backward:              0.6500              1.2693              0.1310              0.0236  
backward:              0.6000              0.9451              1.0761              0.0262  
backward:              0.5500              0.5839              1.6600              0.0271  
backward:              0.5000              0.2570              1.9169              0.0280  
backward:              0.4500              0.1009              2.0179              0.0285  
backward:              0.4000              0.0860              2.1039              0.0289  
backward:              0.3500              0.0693              2.1732              0.0293  
backward:              0.3000              0.0379              2.2112              0.0299  
backward:              0.2500              0.0115              2.2227              0.0305  
backward:              0.2000             -0.0443              2.1784              0.0313  
backward:              0.1500             -0.1324              2.0460              0.0326  
backward:              0.1000             -0.2769              1.7691              0.0412  
backward:              0.0500             -0.5809              1.1881              0.0460  
backward:              0.0000             -1.2018             -0.0137              0.0576  
Inaccuracy estimation
======================================================================================================
                   i        i+δi          P0_overlap_P1   δε(forward)/ε   δε(backward)/ε
======================================================================================================
inaccuracy:  0.00000        0.05000           39.68           -0.04            1.27
inaccuracy:  0.05000        0.10000           52.53           -0.03            0.76
inaccuracy:  0.10000        0.15000           63.21           -0.02            0.36
inaccuracy:  0.15000        0.20000           70.43           -0.01            0.19
inaccuracy:  0.20000        0.25000           72.78           -0.01            0.15
inaccuracy:  0.25000        0.30000           74.19           -0.01            0.12
inaccuracy:  0.30000        0.35000           74.42           -0.01            0.11
inaccuracy:  0.35000        0.40000           75.70           -0.01            0.10
inaccuracy:  0.40000        0.45000           75.03           -0.01            0.09
inaccuracy:  0.45000        0.50000           76.01           -0.01            0.08
inaccuracy:  0.50000        0.55000           65.64           -0.12            0.15
inaccuracy:  0.55000        0.60000           64.27           -0.18            0.09
inaccuracy:  0.60000        0.65000           59.78           -0.24            0.06
inaccuracy:  0.65000        0.70000           60.93           -0.21            0.03
inaccuracy:  0.70000        0.75000           62.29           -0.18            0.00
inaccuracy:  0.75000        0.80000           64.10           -0.17            0.00
inaccuracy:  0.80000        0.85000           64.94           -0.14            0.01
inaccuracy:  0.85000        0.90000           64.10           -0.13            0.03
inaccuracy:  0.90000        0.95000           63.18           -0.15            0.05
inaccuracy:  0.95000        1.00000           62.58           -0.13            0.07
===================================================================================================================================
                BAR        
-----------------------------------------------------------------------------------------------------------------------------------
BAR-estimator:         λ             λ+δλ          ΔΔA             ΔA            C               Δδe            δe       
                          
-----------------------------------------------------------------------------------------------------------------------------------
BAR-estimator:      0.00000        0.05000        1.2116         1.2116         1.2116         0.0123         0.0123 
BAR-estimator:      0.05000        0.10000        0.6008         1.8124         0.6008         0.0077         0.0145 
BAR-estimator:      0.10000        0.15000        0.2627         2.0751         0.2627         0.0061         0.0157 
BAR-estimator:      0.15000        0.20000        0.1155         2.1907         0.1155         0.0047         0.0164 
BAR-estimator:      0.20000        0.25000        0.0428         2.2335         0.0428         0.0041         0.0169 
BAR-estimator:      0.25000        0.30000       -0.0095         2.2239        -0.0095         0.0044         0.0175 
BAR-estimator:      0.30000        0.35000       -0.0318         2.1921        -0.0318         0.0041         0.0180 
BAR-estimator:      0.35000        0.40000       -0.0652         2.1269        -0.0652         0.0039         0.0184 
BAR-estimator:      0.40000        0.45000       -0.0775         2.0494        -0.0775         0.0033         0.0187 
BAR-estimator:      0.45000        0.50000       -0.0992         1.9502        -0.0992         0.0029         0.0189 
BAR-estimator:      0.50000        0.55000       -0.2578         1.6924        -0.2578         0.0041         0.0193 
BAR-estimator:      0.55000        0.60000       -0.5912         1.1012        -0.5912         0.0045         0.0198 
BAR-estimator:      0.60000        0.65000       -0.9419         0.1593        -0.9419         0.0057         0.0206 
BAR-estimator:      0.65000        0.70000       -1.2877        -1.1285        -1.2877         0.0064         0.0216 
BAR-estimator:      0.70000        0.75000       -1.4890        -2.6174        -1.4890         0.0057         0.0224 
BAR-estimator:      0.75000        0.80000       -1.5291        -4.1465        -1.5291         0.0046         0.0228 
BAR-estimator:      0.80000        0.85000       -1.4697        -5.6162        -1.4697         0.0040         0.0232 
BAR-estimator:      0.85000        0.90000       -1.3805        -6.9967        -1.3805         0.0037         0.0235 
BAR-estimator:      0.90000        0.95000       -1.2931        -8.2898        -1.2931         0.0044         0.0239 
BAR-estimator:      0.95000        1.00000       -1.2133        -9.5031        -1.2133         0.0042         0.0242 
BAR-estimator: total free energy change is -9.503087211879954 , total error is 0.024242831610295303
