#========================================================================================
#                     Free energy perturbation    
#----------------------------------------------------------------------------------------
#forward/backward          λ              ΔΔA                 ΔA                  δε   
#                                                 
#----------------------------------------------------------------------------------------
forward:               0.0000              0.0000              0.0000              0.0000  
forward:               0.0500              1.5042              1.5042              0.0219  
forward:               0.1000              0.9152              2.4194              0.0285  
forward:               0.1500              0.5214              2.9408              0.0312  
forward:               0.2000              0.3085              3.2493              0.0328  
forward:               0.2500              0.1654              3.4148              0.0341  
forward:               0.3000              0.1029              3.5176              0.0346  
forward:               0.3500              0.0599              3.5776              0.0353  
forward:               0.4000              0.0153              3.5928              0.0358  
forward:               0.4500             -0.0092              3.5836              0.0361  
forward:               0.5000             -0.0367              3.5469              0.0364  
forward:               0.5500             -0.1395              3.4074              0.0369  
forward:               0.6000             -0.3222              3.0852              0.0376  
forward:               0.6500             -0.4806              2.6046              0.0384  
forward:               0.7000             -0.6222              1.9824              0.0393  
forward:               0.7500             -0.7446              1.2378              0.0399  
forward:               0.8000             -0.7733              0.4645              0.0404  
forward:               0.8500             -0.7564             -0.2919              0.0408  
forward:               0.9000             -0.7425             -1.0345              0.0411  
forward:               0.9500             -0.7026             -1.7371              0.0415  
forward:               1.0000             -0.6882             -2.4253              0.0418  
backward:              1.0000              0.0000             -2.4253              0.0000  
backward:              0.9500              0.6916             -1.7336              0.0050  
backward:              0.9000              0.7083             -1.0254              0.0080  
backward:              0.8500              0.7365             -0.2888              0.0103  
backward:              0.8000              0.7718              0.4829              0.0128  
backward:              0.7500              0.7747              1.2576              0.0146  
backward:              0.7000              0.7492              2.0068              0.0165  
backward:              0.6500              0.6356              2.6424              0.0185  
backward:              0.6000              0.4824              3.1248              0.0200  
backward:              0.5500              0.3251              3.4499              0.0214  
backward:              0.5000              0.1441              3.5940              0.0239  
backward:              0.4500              0.0397              3.6336              0.0254  
backward:              0.4000              0.0026              3.6362              0.0260  
backward:              0.3500             -0.0125              3.6236              0.0268  
backward:              0.3000             -0.0586              3.5651              0.0277  
backward:              0.2500             -0.1015              3.4636              0.0287  
backward:              0.2000             -0.1973              3.2662              0.0305  
backward:              0.1500             -0.3015              2.9648              0.0327  
backward:              0.1000             -0.5382              2.4265              0.0393  
backward:              0.0500             -0.8853              1.5412              0.0440  
backward:              0.0000             -1.5822             -0.0410              0.0572  
Inaccuracy estimation
======================================================================================================
                   i        i+δi          P0_overlap_P1   δε(forward)/ε   δε(backward)/ε
======================================================================================================
inaccuracy:  0.00000        0.05000           39.03           -0.03            1.46
inaccuracy:  0.05000        0.10000           47.47           -0.04            0.99
inaccuracy:  0.10000        0.15000           55.96           -0.02            0.55
inaccuracy:  0.15000        0.20000           62.29           -0.02            0.36
inaccuracy:  0.20000        0.25000           69.54           -0.02            0.22
inaccuracy:  0.25000        0.30000           69.13           -0.01            0.19
inaccuracy:  0.30000        0.35000           69.86           -0.02            0.16
inaccuracy:  0.35000        0.40000           71.73           -0.02            0.14
inaccuracy:  0.40000        0.45000           73.39           -0.02            0.13
inaccuracy:  0.45000        0.50000           72.30           -0.01            0.12
inaccuracy:  0.50000        0.55000           67.20           -0.06            0.17
inaccuracy:  0.55000        0.60000           66.32           -0.09            0.12
inaccuracy:  0.60000        0.65000           65.91           -0.11            0.09
inaccuracy:  0.65000        0.70000           65.15           -0.12            0.08
inaccuracy:  0.70000        0.75000           65.77           -0.10            0.08
inaccuracy:  0.75000        0.80000           67.04           -0.10            0.07
inaccuracy:  0.80000        0.85000           64.72           -0.09            0.08
inaccuracy:  0.85000        0.90000           66.46           -0.10            0.08
inaccuracy:  0.90000        0.95000           64.86           -0.08            0.10
inaccuracy:  0.95000        1.00000           65.05           -0.09            0.10
===================================================================================================================================
                BAR        
-----------------------------------------------------------------------------------------------------------------------------------
BAR-estimator:         λ             λ+δλ          ΔΔA             ΔA            C               Δδe            δe       
                          
-----------------------------------------------------------------------------------------------------------------------------------
BAR-estimator:      0.00000        0.05000        1.5200         1.5200         1.5200         0.0111         0.0111 
BAR-estimator:      0.05000        0.10000        0.9194         2.4394         0.9194         0.0106         0.0154 
BAR-estimator:      0.10000        0.15000        0.5192         2.9586         0.5192         0.0081         0.0174 
BAR-estimator:      0.15000        0.20000        0.3089         3.2675         0.3089         0.0049         0.0180 
BAR-estimator:      0.20000        0.25000        0.1772         3.4447         0.1772         0.0064         0.0191 
BAR-estimator:      0.25000        0.30000        0.1049         3.5496         0.1049         0.0050         0.0198 
BAR-estimator:      0.30000        0.35000        0.0608         3.6104         0.0608         0.0049         0.0204 
BAR-estimator:      0.35000        0.40000        0.0141         3.6245         0.0141         0.0043         0.0208 
BAR-estimator:      0.40000        0.45000       -0.0058         3.6187        -0.0058         0.0029         0.0210 
BAR-estimator:      0.45000        0.50000       -0.0402         3.5785        -0.0402         0.0036         0.0213 
BAR-estimator:      0.50000        0.55000       -0.1383         3.4403        -0.1383         0.0043         0.0217 
BAR-estimator:      0.55000        0.60000       -0.3258         3.1144        -0.3258         0.0044         0.0222 
BAR-estimator:      0.60000        0.65000       -0.4816         2.6329        -0.4816         0.0045         0.0226 
BAR-estimator:      0.65000        0.70000       -0.6327         2.0002        -0.6327         0.0048         0.0231 
BAR-estimator:      0.70000        0.75000       -0.7451         1.2551        -0.7451         0.0046         0.0236 
BAR-estimator:      0.75000        0.80000       -0.7735         0.4816        -0.7735         0.0037         0.0239 
BAR-estimator:      0.80000        0.85000       -0.7675        -0.2859        -0.7675         0.0041         0.0242 
BAR-estimator:      0.85000        0.90000       -0.7422        -1.0281        -0.7422         0.0041         0.0246 
BAR-estimator:      0.90000        0.95000       -0.7047        -1.7328        -0.7047         0.0048         0.0251 
BAR-estimator:      0.95000        1.00000       -0.6865        -2.4193        -0.6865         0.0052         0.0256 
BAR-estimator: total free energy change is -2.419258189954336 , total error is 0.025591919395606205
