#========================================================================================
#                     Free energy perturbation    
#----------------------------------------------------------------------------------------
#forward/backward          λ              ΔΔA                 ΔA                  δε   
#                                                 
#----------------------------------------------------------------------------------------
forward:               0.0000              0.0000              0.0000              0.0000  
forward:               0.0500              2.4543              2.4543              0.0261  
forward:               0.1000              1.4916              3.9459              0.0329  
forward:               0.1500              0.8641              4.8100              0.0372  
forward:               0.2000              0.4533              5.2632              0.0387  
forward:               0.2500              0.2494              5.5126              0.0398  
forward:               0.3000              0.1329              5.6455              0.0405  
forward:               0.3500              0.0503              5.6958              0.0410  
forward:               0.4000             -0.0152              5.6806              0.0417  
forward:               0.4500             -0.0765              5.6041              0.0421  
forward:               0.5000             -0.0982              5.5059              0.0425  
forward:               0.5500             -0.2226              5.2833              0.0429  
forward:               0.6000             -0.4015              4.8818              0.0434  
forward:               0.6500             -0.5971              4.2847              0.0439  
forward:               0.7000             -0.7365              3.5482              0.0444  
forward:               0.7500             -0.8497              2.6985              0.0447  
forward:               0.8000             -0.8881              1.8103              0.0451  
forward:               0.8500             -0.8862              0.9241              0.0455  
forward:               0.9000             -0.8682              0.0559              0.0458  
forward:               0.9500             -0.8417             -0.7857              0.0460  
forward:               1.0000             -0.8156             -1.6013              0.0463  
backward:              1.0000              0.0000             -1.6013              0.0000  
backward:              0.9500              0.8336             -0.7677              0.0071  
backward:              0.9000              0.8323              0.0646              0.0109  
backward:              0.8500              0.8631              0.9277              0.0130  
backward:              0.8000              0.8867              1.8144              0.0150  
backward:              0.7500              0.8740              2.6884              0.0174  
backward:              0.7000              0.8498              3.5382              0.0192  
backward:              0.6500              0.7466              4.2848              0.0213  
backward:              0.6000              0.5797              4.8645              0.0231  
backward:              0.5500              0.4051              5.2696              0.0246  
backward:              0.5000              0.2159              5.4855              0.0260  
backward:              0.4500              0.0988              5.5843              0.0269  
backward:              0.4000              0.0706              5.6550              0.0279  
backward:              0.3500              0.0273              5.6822              0.0292  
backward:              0.3000             -0.0467              5.6355              0.0305  
backward:              0.2500             -0.1365              5.4991              0.0333  
backward:              0.2000             -0.2924              5.2067              0.0376  
backward:              0.1500             -0.4392              4.7675              0.0408  
backward:              0.1000             -0.8175              3.9500              0.0441  
backward:              0.0500             -1.4862              2.4638              0.0644  
backward:              0.0000             -2.4473              0.0165              0.0811  
Inaccuracy estimation
======================================================================================================
                   i        i+δi          P0_overlap_P1   δε(forward)/ε   δε(backward)/ε
======================================================================================================
inaccuracy:  0.00000        0.05000           27.10            0.06            3.01
inaccuracy:  0.05000        0.10000           36.17           -0.07            1.83
inaccuracy:  0.10000        0.15000           44.66           -0.06            1.07
inaccuracy:  0.15000        0.20000           53.77           -0.05            0.57
inaccuracy:  0.20000        0.25000           59.68           -0.04            0.39
inaccuracy:  0.25000        0.30000           61.05           -0.04            0.29
inaccuracy:  0.30000        0.35000           63.74           -0.04            0.23
inaccuracy:  0.35000        0.40000           64.42           -0.04            0.21
inaccuracy:  0.40000        0.45000           67.15           -0.03            0.18
inaccuracy:  0.45000        0.50000           66.99           -0.03            0.17
inaccuracy:  0.50000        0.55000           61.80           -0.10            0.20
inaccuracy:  0.55000        0.60000           61.14           -0.12            0.17
inaccuracy:  0.60000        0.65000           62.29           -0.16            0.13
inaccuracy:  0.65000        0.70000           61.23           -0.16            0.12
inaccuracy:  0.70000        0.75000           62.39           -0.15            0.10
inaccuracy:  0.75000        0.80000           62.43           -0.13            0.10
inaccuracy:  0.80000        0.85000           62.27           -0.13            0.10
inaccuracy:  0.85000        0.90000           61.77           -0.12            0.11
inaccuracy:  0.90000        0.95000           61.40           -0.13            0.12
inaccuracy:  0.95000        1.00000           60.42           -0.13            0.13
===================================================================================================================================
                BAR        
-----------------------------------------------------------------------------------------------------------------------------------
BAR-estimator:         λ             λ+δλ          ΔΔA             ΔA            C               Δδe            δe       
                          
-----------------------------------------------------------------------------------------------------------------------------------
BAR-estimator:      0.00000        0.05000        2.4517         2.4517         2.4517         0.0120         0.0120 
BAR-estimator:      0.05000        0.10000        1.4877         3.9394         1.4877         0.0097         0.0154 
BAR-estimator:      0.10000        0.15000        0.8639         4.8033         0.8639         0.0099         0.0183 
BAR-estimator:      0.15000        0.20000        0.4485         5.2519         0.4485         0.0069         0.0196 
BAR-estimator:      0.20000        0.25000        0.2598         5.5117         0.2598         0.0084         0.0213 
BAR-estimator:      0.25000        0.30000        0.1303         5.6419         0.1303         0.0051         0.0219 
BAR-estimator:      0.30000        0.35000        0.0500         5.6919         0.0500         0.0048         0.0224 
BAR-estimator:      0.35000        0.40000       -0.0192         5.6727        -0.0192         0.0048         0.0229 
BAR-estimator:      0.40000        0.45000       -0.0699         5.6027        -0.0699         0.0040         0.0233 
BAR-estimator:      0.45000        0.50000       -0.0979         5.5048        -0.0979         0.0039         0.0236 
BAR-estimator:      0.50000        0.55000       -0.2195         5.2853        -0.2195         0.0040         0.0239 
BAR-estimator:      0.55000        0.60000       -0.4014         4.8840        -0.4014         0.0039         0.0243 
BAR-estimator:      0.60000        0.65000       -0.5904         4.2936        -0.5904         0.0042         0.0246 
BAR-estimator:      0.65000        0.70000       -0.7427         3.5508        -0.7427         0.0044         0.0250 
BAR-estimator:      0.70000        0.75000       -0.8506         2.7003        -0.8506         0.0043         0.0254 
BAR-estimator:      0.75000        0.80000       -0.8866         1.8137        -0.8866         0.0045         0.0258 
BAR-estimator:      0.80000        0.85000       -0.8870         0.9267        -0.8870         0.0043         0.0261 
BAR-estimator:      0.85000        0.90000       -0.8675         0.0591        -0.8675         0.0040         0.0264 
BAR-estimator:      0.90000        0.95000       -0.8409        -0.7817        -0.8409         0.0041         0.0268 
BAR-estimator:      0.95000        1.00000       -0.8191        -1.6008        -0.8191         0.0039         0.0270 
BAR-estimator: total free energy change is -1.6008453137050007 , total error is 0.027042477737638564
