#========================================================================================
#                     Free energy perturbation    
#----------------------------------------------------------------------------------------
#forward/backward          λ              ΔΔA                 ΔA                  δε   
#                                                 
#----------------------------------------------------------------------------------------
forward:               0.0000              0.0000              0.0000              0.0000  
forward:               0.0500              1.1091              1.1091              0.0194  
forward:               0.1000              0.7165              1.8256              0.0244  
forward:               0.1500              0.4487              2.2743              0.0260  
forward:               0.2000              0.2861              2.5603              0.0274  
forward:               0.2500              0.1784              2.7387              0.0281  
forward:               0.3000              0.1154              2.8541              0.0288  
forward:               0.3500              0.0764              2.9305              0.0293  
forward:               0.4000              0.0373              2.9677              0.0299  
forward:               0.4500              0.0199              2.9876              0.0303  
forward:               0.5000             -0.0106              2.9770              0.0307  
forward:               0.5500             -0.1135              2.8635              0.0311  
forward:               0.6000             -0.2199              2.6436              0.0314  
forward:               0.6500             -0.3201              2.3235              0.0316  
forward:               0.7000             -0.3958              1.9277              0.0320  
forward:               0.7500             -0.4303              1.4974              0.0322  
forward:               0.8000             -0.4756              1.0219              0.0324  
forward:               0.8500             -0.4983              0.5236              0.0327  
forward:               0.9000             -0.5112              0.0123              0.0328  
forward:               0.9500             -0.5199             -0.5076              0.0330  
forward:               1.0000             -0.5339             -1.0415              0.0333  
backward:              1.0000              0.0000             -1.0415              0.0000  
backward:              0.9500              0.5312             -0.5103              0.0047  
backward:              0.9000              0.5113              0.0010              0.0060  
backward:              0.8500              0.5205              0.5214              0.0074  
backward:              0.8000              0.4964              1.0178              0.0087  
backward:              0.7500              0.4728              1.4907              0.0102  
backward:              0.7000              0.4468              1.9374              0.0110  
backward:              0.6500              0.3982              2.3356              0.0119  
backward:              0.6000              0.3210              2.6566              0.0125  
backward:              0.5500              0.2357              2.8924              0.0136  
backward:              0.5000              0.1163              3.0086              0.0145  
backward:              0.4500             -0.0030              3.0056              0.0170  
backward:              0.4000             -0.0124              2.9932              0.0177  
backward:              0.3500             -0.0324              2.9609              0.0184  
backward:              0.3000             -0.0704              2.8904              0.0195  
backward:              0.2500             -0.1162              2.7742              0.0212  
backward:              0.2000             -0.1831              2.5911              0.0228  
backward:              0.1500             -0.2780              2.3131              0.0251  
backward:              0.1000             -0.4563              1.8569              0.0286  
backward:              0.0500             -0.6966              1.1603              0.0351  
backward:              0.0000             -1.0883              0.0720              0.0409  
Inaccuracy estimation
======================================================================================================
                   i        i+δi          P0_overlap_P1   δε(forward)/ε   δε(backward)/ε
======================================================================================================
inaccuracy:  0.00000        0.05000           46.96           -0.03            0.86
inaccuracy:  0.05000        0.10000           53.49           -0.02            0.69
inaccuracy:  0.10000        0.15000           61.43           -0.02            0.41
inaccuracy:  0.15000        0.20000           65.89           -0.01            0.27
inaccuracy:  0.20000        0.25000           70.53           -0.01            0.19
inaccuracy:  0.25000        0.30000           72.51           -0.01            0.15
inaccuracy:  0.30000        0.35000           73.22           -0.01            0.14
inaccuracy:  0.35000        0.40000           74.68           -0.01            0.11
inaccuracy:  0.40000        0.45000           74.95           -0.01            0.11
inaccuracy:  0.45000        0.50000           76.30           -0.01            0.09
inaccuracy:  0.50000        0.55000           70.89           -0.04            0.11
inaccuracy:  0.55000        0.60000           70.89           -0.05            0.09
inaccuracy:  0.60000        0.65000           72.74           -0.04            0.08
inaccuracy:  0.65000        0.70000           72.91           -0.04            0.07
inaccuracy:  0.70000        0.75000           72.12           -0.05            0.07
inaccuracy:  0.75000        0.80000           73.32           -0.05            0.06
inaccuracy:  0.80000        0.85000           73.18           -0.05            0.06
inaccuracy:  0.85000        0.90000           72.00           -0.05            0.06
inaccuracy:  0.90000        0.95000           73.29           -0.06            0.06
inaccuracy:  0.95000        1.00000           72.31           -0.04            0.06
===================================================================================================================================
                BAR        
-----------------------------------------------------------------------------------------------------------------------------------
BAR-estimator:         λ             λ+δλ          ΔΔA             ΔA            C               Δδe            δe       
                          
-----------------------------------------------------------------------------------------------------------------------------------
BAR-estimator:      0.00000        0.05000        1.1001         1.1001         1.1001         0.0107         0.0107 
BAR-estimator:      0.05000        0.10000        0.7119         1.8120         0.7119         0.0085         0.0136 
BAR-estimator:      0.10000        0.15000        0.4534         2.2654         0.4534         0.0069         0.0153 
BAR-estimator:      0.15000        0.20000        0.2821         2.5475         0.2821         0.0056         0.0162 
BAR-estimator:      0.20000        0.25000        0.1780         2.7255         0.1780         0.0043         0.0168 
BAR-estimator:      0.25000        0.30000        0.1155         2.8410         0.1155         0.0041         0.0173 
BAR-estimator:      0.30000        0.35000        0.0756         2.9166         0.0756         0.0037         0.0177 
BAR-estimator:      0.35000        0.40000        0.0364         2.9529         0.0364         0.0038         0.0181 
BAR-estimator:      0.40000        0.45000        0.0185         2.9714         0.0185         0.0033         0.0184 
BAR-estimator:      0.45000        0.50000       -0.0092         2.9622        -0.0092         0.0032         0.0187 
BAR-estimator:      0.50000        0.55000       -0.1129         2.8493        -0.1129         0.0031         0.0189 
BAR-estimator:      0.55000        0.60000       -0.2281         2.6212        -0.2281         0.0032         0.0192 
BAR-estimator:      0.60000        0.65000       -0.3190         2.3022        -0.3190         0.0029         0.0194 
BAR-estimator:      0.65000        0.70000       -0.3950         1.9072        -0.3950         0.0033         0.0197 
BAR-estimator:      0.70000        0.75000       -0.4355         1.4718        -0.4355         0.0031         0.0199 
BAR-estimator:      0.75000        0.80000       -0.4746         0.9972        -0.4746         0.0031         0.0202 
BAR-estimator:      0.80000        0.85000       -0.4984         0.4988        -0.4984         0.0046         0.0207 
BAR-estimator:      0.85000        0.90000       -0.5144        -0.0156        -0.5144         0.0034         0.0210 
BAR-estimator:      0.90000        0.95000       -0.5160        -0.5316        -0.5160         0.0032         0.0212 
BAR-estimator:      0.95000        1.00000       -0.5336        -1.0653        -0.5336         0.0034         0.0215 
BAR-estimator: total free energy change is -1.0652508467920363 , total error is 0.0214883284538003
