#========================================================================================
#                     Free energy perturbation    
#----------------------------------------------------------------------------------------
#forward/backward          λ              ΔΔA                 ΔA                  δε   
#                                                 
#----------------------------------------------------------------------------------------
forward:               0.0000              0.0000              0.0000              0.0000  
forward:               0.0500              1.6907              1.6907              0.0250  
forward:               0.1000              1.0611              2.7519              0.0369  
forward:               0.1500              0.5761              3.3279              0.0395  
forward:               0.2000              0.3002              3.6282              0.0408  
forward:               0.2500              0.1520              3.7802              0.0415  
forward:               0.3000              0.0620              3.8422              0.0422  
forward:               0.3500              0.0082              3.8504              0.0426  
forward:               0.4000             -0.0378              3.8125              0.0429  
forward:               0.4500             -0.0700              3.7425              0.0432  
forward:               0.5000             -0.0962              3.6463              0.0435  
forward:               0.5500             -0.1951              3.4513              0.0440  
forward:               0.6000             -0.4237              3.0276              0.0444  
forward:               0.6500             -0.5864              2.4412              0.0447  
forward:               0.7000             -0.7429              1.6983              0.0451  
forward:               0.7500             -0.8536              0.8447              0.0455  
forward:               0.8000             -0.9314             -0.0867              0.0458  
forward:               0.8500             -0.9721             -1.0589              0.0460  
forward:               0.9000             -1.0177             -2.0765              0.0463  
forward:               0.9500             -1.0300             -3.1065              0.0465  
forward:               1.0000             -1.0513             -4.1578              0.0467  
backward:              1.0000              0.0000             -4.1578              0.0000  
backward:              0.9500              1.0364             -3.1214              0.0064  
backward:              0.9000              1.0293             -2.0922              0.0088  
backward:              0.8500              1.0077             -1.0845              0.0108  
backward:              0.8000              0.9823             -0.1022              0.0123  
backward:              0.7500              0.9350              0.8329              0.0133  
backward:              0.7000              0.8324              1.6653              0.0146  
backward:              0.6500              0.7440              2.4093              0.0159  
backward:              0.6000              0.5800              2.9893              0.0173  
backward:              0.5500              0.4215              3.4108              0.0186  
backward:              0.5000              0.1984              3.6093              0.0201  
backward:              0.4500              0.0865              3.6958              0.0213  
backward:              0.4000              0.0524              3.7483              0.0224  
backward:              0.3500              0.0215              3.7698              0.0235  
backward:              0.3000             -0.0088              3.7610              0.0245  
backward:              0.2500             -0.0566              3.7044              0.0256  
backward:              0.2000             -0.1401              3.5643              0.0275  
backward:              0.1500             -0.3163              3.2480              0.0318  
backward:              0.1000             -0.5874              2.6606              0.0376  
backward:              0.0500             -1.1318              1.5288              0.0577  
backward:              0.0000             -1.6637             -0.1348              0.0641  
Inaccuracy estimation
======================================================================================================
                   i        i+δi          P0_overlap_P1   δε(forward)/ε   δε(backward)/ε
======================================================================================================
inaccuracy:  0.00000        0.05000           39.39           -0.02            1.58
inaccuracy:  0.05000        0.10000           42.91           -0.05            1.18
inaccuracy:  0.10000        0.15000           52.76           -0.03            0.66
inaccuracy:  0.15000        0.20000           60.28           -0.02            0.39
inaccuracy:  0.20000        0.25000           65.51           -0.01            0.26
inaccuracy:  0.25000        0.30000           68.38           -0.01            0.19
inaccuracy:  0.30000        0.35000           70.71           -0.02            0.15
inaccuracy:  0.35000        0.40000           72.27           -0.02            0.13
inaccuracy:  0.40000        0.45000           73.79           -0.02            0.12
inaccuracy:  0.45000        0.50000           73.38           -0.02            0.11
inaccuracy:  0.50000        0.55000           64.98           -0.08            0.16
inaccuracy:  0.55000        0.60000           66.78           -0.09            0.11
inaccuracy:  0.60000        0.65000           66.59           -0.10            0.08
inaccuracy:  0.65000        0.70000           67.41           -0.09            0.07
inaccuracy:  0.70000        0.75000           68.46           -0.08            0.06
inaccuracy:  0.75000        0.80000           67.55           -0.08            0.05
inaccuracy:  0.80000        0.85000           66.95           -0.11            0.04
inaccuracy:  0.85000        0.90000           67.82           -0.08            0.04
inaccuracy:  0.90000        0.95000           67.28           -0.08            0.04
inaccuracy:  0.95000        1.00000           67.70           -0.10            0.05
===================================================================================================================================
                BAR        
-----------------------------------------------------------------------------------------------------------------------------------
BAR-estimator:         λ             λ+δλ          ΔΔA             ΔA            C               Δδe            δe       
                          
-----------------------------------------------------------------------------------------------------------------------------------
BAR-estimator:      0.00000        0.05000        1.6933         1.6933         1.6933         0.0103         0.0103 
BAR-estimator:      0.05000        0.10000        1.0823         2.7756         1.0823         0.0130         0.0166 
BAR-estimator:      0.10000        0.15000        0.5831         3.3587         0.5831         0.0095         0.0191 
BAR-estimator:      0.15000        0.20000        0.3047         3.6634         0.3047         0.0068         0.0203 
BAR-estimator:      0.20000        0.25000        0.1485         3.8119         0.1485         0.0050         0.0209 
BAR-estimator:      0.25000        0.30000        0.0646         3.8765         0.0646         0.0046         0.0214 
BAR-estimator:      0.30000        0.35000        0.0087         3.8852         0.0087         0.0041         0.0218 
BAR-estimator:      0.35000        0.40000       -0.0323         3.8529        -0.0323         0.0038         0.0221 
BAR-estimator:      0.40000        0.45000       -0.0623         3.7906        -0.0623         0.0038         0.0224 
BAR-estimator:      0.45000        0.50000       -0.0941         3.6965        -0.0941         0.0033         0.0227 
BAR-estimator:      0.50000        0.55000       -0.1949         3.5016        -0.1949         0.0044         0.0231 
BAR-estimator:      0.55000        0.60000       -0.4212         3.0804        -0.4212         0.0040         0.0235 
BAR-estimator:      0.60000        0.65000       -0.5860         2.4944        -0.5860         0.0039         0.0238 
BAR-estimator:      0.65000        0.70000       -0.7428         1.7517        -0.7428         0.0039         0.0241 
BAR-estimator:      0.70000        0.75000       -0.8430         0.9086        -0.8430         0.0039         0.0244 
BAR-estimator:      0.75000        0.80000       -0.9280        -0.0194        -0.9280         0.0042         0.0248 
BAR-estimator:      0.80000        0.85000       -0.9766        -0.9960        -0.9766         0.0040         0.0251 
BAR-estimator:      0.85000        0.90000       -1.0125        -2.0085        -1.0125         0.0039         0.0254 
BAR-estimator:      0.90000        0.95000       -1.0284        -3.0369        -1.0284         0.0045         0.0258 
BAR-estimator:      0.95000        1.00000       -1.0476        -4.0845        -1.0476         0.0042         0.0261 
BAR-estimator: total free energy change is -4.084466808933062 , total error is 0.026144000651335805
