#========================================================================================
#                     Free energy perturbation    
#----------------------------------------------------------------------------------------
#forward/backward          λ              ΔΔA                 ΔA                  δε   
#                                                 
#----------------------------------------------------------------------------------------
forward:               0.0000              0.0000              0.0000              0.0000  
forward:               0.0500              1.2515              1.2515              0.0162  
forward:               0.1000              0.8137              2.0652              0.0203  
forward:               0.1500              0.4860              2.5512              0.0227  
forward:               0.2000              0.2632              2.8144              0.0240  
forward:               0.2500              0.1738              2.9883              0.0250  
forward:               0.3000              0.1143              3.1026              0.0260  
forward:               0.3500              0.0675              3.1701              0.0264  
forward:               0.4000              0.0284              3.1985              0.0268  
forward:               0.4500              0.0032              3.2017              0.0271  
forward:               0.5000             -0.0178              3.1839              0.0273  
forward:               0.5500             -0.1329              3.0510              0.0278  
forward:               0.6000             -0.3066              2.7444              0.0283  
forward:               0.6500             -0.4796              2.2647              0.0289  
forward:               0.7000             -0.6278              1.6369              0.0292  
forward:               0.7500             -0.7282              0.9087              0.0297  
forward:               0.8000             -0.7692              0.1395              0.0305  
forward:               0.8500             -0.7607             -0.6212              0.0308  
forward:               0.9000             -0.7279             -1.3491              0.0312  
forward:               0.9500             -0.7059             -2.0550              0.0315  
forward:               1.0000             -0.6846             -2.7395              0.0317  
backward:              1.0000              0.0000             -2.7395              0.0000  
backward:              0.9500              0.6804             -2.0591              0.0074  
backward:              0.9000              0.6983             -1.3608              0.0097  
backward:              0.8500              0.7263             -0.6345              0.0121  
backward:              0.8000              0.7535              0.1189              0.0134  
backward:              0.7500              0.7531              0.8721              0.0148  
backward:              0.7000              0.7373              1.6093              0.0161  
backward:              0.6500              0.6288              2.2381              0.0175  
backward:              0.6000              0.4819              2.7200              0.0185  
backward:              0.5500              0.3032              3.0233              0.0199  
backward:              0.5000              0.1125              3.1358              0.0220  
backward:              0.4500              0.0165              3.1523              0.0227  
backward:              0.4000             -0.0076              3.1446              0.0230  
backward:              0.3500             -0.0400              3.1046              0.0237  
backward:              0.3000             -0.0673              3.0373              0.0246  
backward:              0.2500             -0.1126              2.9247              0.0254  
backward:              0.2000             -0.1783              2.7464              0.0270  
backward:              0.1500             -0.2801              2.4663              0.0290  
backward:              0.1000             -0.4503              2.0160              0.0313  
backward:              0.0500             -0.7667              1.2493              0.0361  
backward:              0.0000             -1.2438              0.0055              0.0442  
Inaccuracy estimation
======================================================================================================
                   i        i+δi          P0_overlap_P1   δε(forward)/ε   δε(backward)/ε
======================================================================================================
inaccuracy:  0.00000        0.05000           42.83           -0.03            1.27
inaccuracy:  0.05000        0.10000           48.76           -0.03            0.84
inaccuracy:  0.10000        0.15000           56.75           -0.02            0.47
inaccuracy:  0.15000        0.20000           65.17           -0.01            0.27
inaccuracy:  0.20000        0.25000           68.75           -0.02            0.22
inaccuracy:  0.25000        0.30000           70.28           -0.01            0.17
inaccuracy:  0.30000        0.35000           71.83           -0.01            0.14
inaccuracy:  0.35000        0.40000           74.23           -0.01            0.12
inaccuracy:  0.40000        0.45000           73.54           -0.01            0.11
inaccuracy:  0.45000        0.50000           74.05           -0.01            0.11
inaccuracy:  0.50000        0.55000           68.74           -0.07            0.13
inaccuracy:  0.55000        0.60000           68.81           -0.09            0.12
inaccuracy:  0.60000        0.65000           66.83           -0.10            0.10
inaccuracy:  0.65000        0.70000           66.57           -0.12            0.08
inaccuracy:  0.70000        0.75000           67.03           -0.09            0.07
inaccuracy:  0.75000        0.80000           68.48           -0.08            0.06
inaccuracy:  0.80000        0.85000           67.52           -0.08            0.07
inaccuracy:  0.85000        0.90000           66.59           -0.08            0.09
inaccuracy:  0.90000        0.95000           66.43           -0.07            0.09
inaccuracy:  0.95000        1.00000           66.07           -0.09            0.10
===================================================================================================================================
                BAR        
-----------------------------------------------------------------------------------------------------------------------------------
BAR-estimator:         λ             λ+δλ          ΔΔA             ΔA            C               Δδe            δe       
                          
-----------------------------------------------------------------------------------------------------------------------------------
BAR-estimator:      0.00000        0.05000        1.2653         1.2653         1.2653         0.0088         0.0088 
BAR-estimator:      0.05000        0.10000        0.7999         2.0652         0.7999         0.0070         0.0113 
BAR-estimator:      0.10000        0.15000        0.4738         2.5390         0.4738         0.0064         0.0130 
BAR-estimator:      0.15000        0.20000        0.2685         2.8075         0.2685         0.0050         0.0139 
BAR-estimator:      0.20000        0.25000        0.1744         2.9819         0.1744         0.0047         0.0147 
BAR-estimator:      0.25000        0.30000        0.1159         3.0978         0.1159         0.0048         0.0154 
BAR-estimator:      0.30000        0.35000        0.0678         3.1656         0.0678         0.0037         0.0159 
BAR-estimator:      0.35000        0.40000        0.0318         3.1974         0.0318         0.0031         0.0162 
BAR-estimator:      0.40000        0.45000        0.0022         3.1996         0.0022         0.0030         0.0164 
BAR-estimator:      0.45000        0.50000       -0.0178         3.1817        -0.0178         0.0027         0.0167 
BAR-estimator:      0.50000        0.55000       -0.1270         3.0548        -0.1270         0.0035         0.0170 
BAR-estimator:      0.55000        0.60000       -0.3042         2.7506        -0.3042         0.0034         0.0174 
BAR-estimator:      0.60000        0.65000       -0.4778         2.2728        -0.4778         0.0037         0.0178 
BAR-estimator:      0.65000        0.70000       -0.6303         1.6425        -0.6303         0.0039         0.0182 
BAR-estimator:      0.70000        0.75000       -0.7281         0.9143        -0.7281         0.0036         0.0185 
BAR-estimator:      0.75000        0.80000       -0.7611         0.1532        -0.7611         0.0039         0.0190 
BAR-estimator:      0.80000        0.85000       -0.7571        -0.6039        -0.7571         0.0036         0.0193 
BAR-estimator:      0.85000        0.90000       -0.7294        -1.3333        -0.7294         0.0039         0.0197 
BAR-estimator:      0.90000        0.95000       -0.7043        -2.0376        -0.7043         0.0035         0.0200 
BAR-estimator:      0.95000        1.00000       -0.6829        -2.7205        -0.6829         0.0037         0.0203 
BAR-estimator: total free energy change is -2.720482859005186 , total error is 0.020333861648988517
