#========================================================================================
#                     Free energy perturbation    
#----------------------------------------------------------------------------------------
#forward/backward          λ              ΔΔA                 ΔA                  δε   
#                                                 
#----------------------------------------------------------------------------------------
forward:               0.0000              0.0000              0.0000              0.0000  
forward:               0.0500              1.3897              1.3897              0.0211  
forward:               0.1000              0.6985              2.0882              0.0262  
forward:               0.1500              0.3432              2.4314              0.0278  
forward:               0.2000              0.1611              2.5925              0.0287  
forward:               0.2500              0.0463              2.6389              0.0294  
forward:               0.3000             -0.0271              2.6117              0.0298  
forward:               0.3500             -0.0672              2.5445              0.0302  
forward:               0.4000             -0.0984              2.4461              0.0306  
forward:               0.4500             -0.1265              2.3196              0.0308  
forward:               0.5000             -0.1451              2.1745              0.0311  
forward:               0.5500             -0.5120              1.6625              0.0320  
forward:               0.6000             -1.0591              0.6034              0.0332  
forward:               0.6500             -1.5456             -0.9422              0.0345  
forward:               0.7000             -1.9357             -2.8778              0.0356  
forward:               0.7500             -2.1840             -5.0618              0.0366  
forward:               0.8000             -2.3109             -7.3727              0.0375  
forward:               0.8500             -2.3362             -9.7089              0.0381  
forward:               0.9000             -2.3214            -12.0303              0.0385  
forward:               0.9500             -2.2834            -14.3137              0.0391  
forward:               1.0000             -2.2482            -16.5619              0.0395  
backward:              1.0000              0.0000            -16.5619              0.0000  
backward:              0.9500              2.2362            -14.3258              0.0091  
backward:              0.9000              2.2690            -12.0568              0.0129  
backward:              0.8500              2.3360             -9.7208              0.0154  
backward:              0.8000              2.3265             -7.3943              0.0171  
backward:              0.7500              2.2864             -5.1079              0.0188  
backward:              0.7000              2.1847             -2.9233              0.0208  
backward:              0.6500              1.9403             -0.9829              0.0226  
backward:              0.6000              1.5334              0.5505              0.0246  
backward:              0.5500              1.0636              1.6141              0.0261  
backward:              0.5000              0.5155              2.1295              0.0277  
backward:              0.4500              0.1473              2.2768              0.0283  
backward:              0.4000              0.1251              2.4020              0.0288  
backward:              0.3500              0.0917              2.4937              0.0295  
backward:              0.3000              0.0568              2.5505              0.0301  
backward:              0.2500              0.0158              2.5663              0.0307  
backward:              0.2000             -0.0602              2.5060              0.0319  
backward:              0.1500             -0.1464              2.3596              0.0336  
backward:              0.1000             -0.3118              2.0478              0.0360  
backward:              0.0500             -0.7182              1.3296              0.0431  
backward:              0.0000             -1.3427             -0.0131              0.0537  
Inaccuracy estimation
======================================================================================================
                   i        i+δi          P0_overlap_P1   δε(forward)/ε   δε(backward)/ε
======================================================================================================
inaccuracy:  0.00000        0.05000           38.48           -0.05            1.45
inaccuracy:  0.05000        0.10000           50.23           -0.03            0.87
inaccuracy:  0.10000        0.15000           59.87           -0.02            0.45
inaccuracy:  0.15000        0.20000           65.93           -0.03            0.24
inaccuracy:  0.20000        0.25000           71.27           -0.01            0.16
inaccuracy:  0.25000        0.30000           74.57           -0.02            0.12
inaccuracy:  0.30000        0.35000           75.08           -0.01            0.10
inaccuracy:  0.35000        0.40000           76.24           -0.01            0.10
inaccuracy:  0.40000        0.45000           76.18           -0.01            0.08
inaccuracy:  0.45000        0.50000           76.51           -0.01            0.08
inaccuracy:  0.50000        0.55000           57.04           -0.22            0.20
inaccuracy:  0.55000        0.60000           57.57           -0.31            0.07
inaccuracy:  0.60000        0.65000           57.86           -0.33            0.01
inaccuracy:  0.65000        0.70000           57.92           -0.36           -0.05
inaccuracy:  0.70000        0.75000           59.02           -0.31           -0.08
inaccuracy:  0.75000        0.80000           60.79           -0.30           -0.09
inaccuracy:  0.80000        0.85000           58.98           -0.31           -0.08
inaccuracy:  0.85000        0.90000           57.26           -0.32           -0.08
inaccuracy:  0.90000        0.95000           57.45           -0.30           -0.07
inaccuracy:  0.95000        1.00000           56.56           -0.31           -0.06
===================================================================================================================================
                BAR        
-----------------------------------------------------------------------------------------------------------------------------------
BAR-estimator:         λ             λ+δλ          ΔΔA             ΔA            C               Δδe            δe       
                          
-----------------------------------------------------------------------------------------------------------------------------------
BAR-estimator:      0.00000        0.05000        1.3771         1.3771         1.3771         0.0115         0.0115 
BAR-estimator:      0.05000        0.10000        0.7023         2.0795         0.7023         0.0095         0.0149 
BAR-estimator:      0.10000        0.15000        0.3349         2.4144         0.3349         0.0068         0.0164 
BAR-estimator:      0.15000        0.20000        0.1495         2.5639         0.1495         0.0047         0.0170 
BAR-estimator:      0.20000        0.25000        0.0501         2.6140         0.0501         0.0046         0.0176 
BAR-estimator:      0.25000        0.30000       -0.0226         2.5913        -0.0226         0.0036         0.0180 
BAR-estimator:      0.30000        0.35000       -0.0635         2.5278        -0.0635         0.0035         0.0183 
BAR-estimator:      0.35000        0.40000       -0.0952         2.4326        -0.0952         0.0033         0.0186 
BAR-estimator:      0.40000        0.45000       -0.1265         2.3062        -0.1265         0.0029         0.0188 
BAR-estimator:      0.45000        0.50000       -0.1459         2.1603        -0.1459         0.0028         0.0190 
BAR-estimator:      0.50000        0.55000       -0.5095         1.6508        -0.5095         0.0046         0.0196 
BAR-estimator:      0.55000        0.60000       -1.0591         0.5916        -1.0591         0.0053         0.0203 
BAR-estimator:      0.60000        0.65000       -1.5389        -0.9473        -1.5389         0.0060         0.0212 
BAR-estimator:      0.65000        0.70000       -1.9380        -2.8853        -1.9380         0.0050         0.0217 
BAR-estimator:      0.70000        0.75000       -2.1831        -5.0683        -2.1831         0.0050         0.0223 
BAR-estimator:      0.75000        0.80000       -2.2975        -7.3658        -2.2975         0.0050         0.0228 
BAR-estimator:      0.80000        0.85000       -2.3347        -9.7005        -2.3347         0.0049         0.0234 
BAR-estimator:      0.85000        0.90000       -2.3287       -12.0292        -2.3287         0.0045         0.0238 
BAR-estimator:      0.90000        0.95000       -2.2763       -14.3055        -2.2763         0.0045         0.0242 
BAR-estimator:      0.95000        1.00000       -2.2423       -16.5478        -2.2423         0.0051         0.0247 
BAR-estimator: total free energy change is -16.547818571584692 , total error is 0.024745501150203967
