#========================================================================================
#                     Free energy perturbation    
#----------------------------------------------------------------------------------------
#forward/backward          λ              ΔΔA                 ΔA                  δε   
#                                                 
#----------------------------------------------------------------------------------------
forward:               0.0000              0.0000              0.0000              0.0000  
forward:               0.0500              1.5738              1.5738              0.0297  
forward:               0.1000              0.8785              2.4523              0.0348  
forward:               0.1500              0.4172              2.8695              0.0370  
forward:               0.2000              0.2287              3.0982              0.0383  
forward:               0.2500              0.1152              3.2134              0.0391  
forward:               0.3000              0.0444              3.2578              0.0400  
forward:               0.3500              0.0177              3.2755              0.0403  
forward:               0.4000             -0.0297              3.2457              0.0407  
forward:               0.4500             -0.0404              3.2053              0.0410  
forward:               0.5000             -0.0639              3.1414              0.0413  
forward:               0.5500             -0.0666              3.0748              0.0415  
forward:               0.6000             -0.0816              2.9932              0.0418  
forward:               0.6500             -0.0915              2.9017              0.0422  
forward:               0.7000             -0.1061              2.7956              0.0424  
forward:               0.7500             -0.1040              2.6916              0.0426  
forward:               0.8000             -0.1120              2.5796              0.0427  
forward:               0.8500             -0.1210              2.4586              0.0429  
forward:               0.9000             -0.1224              2.3362              0.0431  
forward:               0.9500             -0.1288              2.2073              0.0432  
forward:               1.0000             -0.1349              2.0724              0.0434  
backward:              1.0000              0.0000              2.0724              0.0000  
backward:              0.9500              0.1344              2.2069              0.0049  
backward:              0.9000              0.1244              2.3313              0.0066  
backward:              0.8500              0.1295              2.4608              0.0079  
backward:              0.8000              0.1164              2.5772              0.0091  
backward:              0.7500              0.1084              2.6856              0.0107  
backward:              0.7000              0.1125              2.7982              0.0118  
backward:              0.6500              0.0971              2.8953              0.0130  
backward:              0.6000              0.0928              2.9880              0.0140  
backward:              0.5500              0.0755              3.0635              0.0150  
backward:              0.5000              0.0582              3.1217              0.0159  
backward:              0.4500              0.0655              3.1872              0.0169  
backward:              0.4000              0.0454              3.2326              0.0180  
backward:              0.3500              0.0169              3.2496              0.0193  
backward:              0.3000             -0.0047              3.2449              0.0203  
backward:              0.2500             -0.0620              3.1829              0.0221  
backward:              0.2000             -0.1180              3.0648              0.0235  
backward:              0.1500             -0.2267              2.8382              0.0254  
backward:              0.1000             -0.4093              2.4289              0.0309  
backward:              0.0500             -0.8986              1.5303              0.0510  
backward:              0.0000             -1.5849             -0.0546              0.0634  
Inaccuracy estimation
======================================================================================================
                   i        i+δi          P0_overlap_P1   δε(forward)/ε   δε(backward)/ε
======================================================================================================
inaccuracy:  0.00000        0.05000           36.15           -0.04            1.70
inaccuracy:  0.05000        0.10000           44.89           -0.04            1.11
inaccuracy:  0.10000        0.15000           57.14           -0.02            0.51
inaccuracy:  0.15000        0.20000           63.65           -0.02            0.30
inaccuracy:  0.20000        0.25000           68.24           -0.02            0.21
inaccuracy:  0.25000        0.30000           71.39           -0.01            0.16
inaccuracy:  0.30000        0.35000           70.20           -0.01            0.15
inaccuracy:  0.35000        0.40000           72.66           -0.02            0.12
inaccuracy:  0.40000        0.45000           72.23           -0.02            0.12
inaccuracy:  0.45000        0.50000           73.11           -0.01            0.11
inaccuracy:  0.50000        0.55000           74.34           -0.02            0.11
inaccuracy:  0.55000        0.60000           73.63           -0.01            0.10
inaccuracy:  0.60000        0.65000           74.00           -0.01            0.10
inaccuracy:  0.65000        0.70000           74.93           -0.02            0.10
inaccuracy:  0.70000        0.75000           73.00           -0.02            0.10
inaccuracy:  0.75000        0.80000           74.00           -0.02            0.09
inaccuracy:  0.80000        0.85000           73.96           -0.02            0.09
inaccuracy:  0.85000        0.90000           73.40           -0.01            0.10
inaccuracy:  0.90000        0.95000           74.48           -0.02            0.10
inaccuracy:  0.95000        1.00000           73.15           -0.02            0.09
===================================================================================================================================
                BAR        
-----------------------------------------------------------------------------------------------------------------------------------
BAR-estimator:         λ             λ+δλ          ΔΔA             ΔA            C               Δδe            δe       
                          
-----------------------------------------------------------------------------------------------------------------------------------
BAR-estimator:      0.00000        0.05000        1.5969         1.5969         1.5969         0.0142         0.0142 
BAR-estimator:      0.05000        0.10000        0.8798         2.4766         0.8798         0.0107         0.0178 
BAR-estimator:      0.10000        0.15000        0.4170         2.8937         0.4170         0.0078         0.0194 
BAR-estimator:      0.15000        0.20000        0.2287         3.1224         0.2287         0.0059         0.0203 
BAR-estimator:      0.20000        0.25000        0.1182         3.2406         0.1182         0.0050         0.0209 
BAR-estimator:      0.25000        0.30000        0.0493         3.2898         0.0493         0.0054         0.0216 
BAR-estimator:      0.30000        0.35000        0.0120         3.3018         0.0120         0.0037         0.0219 
BAR-estimator:      0.35000        0.40000       -0.0268         3.2750        -0.0268         0.0036         0.0222 
BAR-estimator:      0.40000        0.45000       -0.0438         3.2312        -0.0438         0.0032         0.0224 
BAR-estimator:      0.45000        0.50000       -0.0637         3.1675        -0.0637         0.0035         0.0227 
BAR-estimator:      0.50000        0.55000       -0.0632         3.1043        -0.0632         0.0027         0.0229 
BAR-estimator:      0.55000        0.60000       -0.0799         3.0244        -0.0799         0.0033         0.0231 
BAR-estimator:      0.60000        0.65000       -0.0922         2.9321        -0.0922         0.0042         0.0235 
BAR-estimator:      0.65000        0.70000       -0.1024         2.8298        -0.1024         0.0029         0.0237 
BAR-estimator:      0.70000        0.75000       -0.1084         2.7214        -0.1084         0.0030         0.0238 
BAR-estimator:      0.75000        0.80000       -0.1118         2.6096        -0.1118         0.0034         0.0241 
BAR-estimator:      0.80000        0.85000       -0.1206         2.4891        -0.1206         0.0030         0.0243 
BAR-estimator:      0.85000        0.90000       -0.1256         2.3634        -0.1256         0.0031         0.0245 
BAR-estimator:      0.90000        0.95000       -0.1269         2.2365        -0.1269         0.0032         0.0247 
BAR-estimator:      0.95000        1.00000       -0.1368         2.0997        -0.1368         0.0034         0.0249 
BAR-estimator: total free energy change is 2.0996768916515336 , total error is 0.024926460116598655
