#========================================================================================
#                     Free energy perturbation    
#----------------------------------------------------------------------------------------
#forward/backward          λ              ΔΔA                 ΔA                  δε   
#                                                 
#----------------------------------------------------------------------------------------
forward:               0.0000              0.0000              0.0000              0.0000  
forward:               0.0500              0.9241              0.9241              0.0159  
forward:               0.1000              0.5373              1.4614              0.0197  
forward:               0.1500              0.3270              1.7884              0.0215  
forward:               0.2000              0.2047              1.9931              0.0226  
forward:               0.2500              0.1406              2.1337              0.0232  
forward:               0.3000              0.0761              2.2097              0.0240  
forward:               0.3500              0.0396              2.2494              0.0244  
forward:               0.4000              0.0216              2.2710              0.0248  
forward:               0.4500              0.0051              2.2761              0.0252  
forward:               0.5000             -0.0152              2.2609              0.0255  
forward:               0.5500             -0.1968              2.0641              0.0262  
forward:               0.6000             -0.5225              1.5416              0.0271  
forward:               0.6500             -0.8207              0.7209              0.0281  
forward:               0.7000             -1.0734             -0.3525              0.0291  
forward:               0.7500             -1.2072             -1.5597              0.0297  
forward:               0.8000             -1.3225             -2.8822              0.0305  
forward:               0.8500             -1.3695             -4.2517              0.0311  
forward:               0.9000             -1.3950             -5.6467              0.0316  
forward:               0.9500             -1.4010             -7.0478              0.0320  
forward:               1.0000             -1.4040             -8.4518              0.0324  
backward:              1.0000              0.0000             -8.4518              0.0000  
backward:              0.9500              1.3836             -7.0681              0.0064  
backward:              0.9000              1.3894             -5.6788              0.0091  
backward:              0.8500              1.3803             -4.2985              0.0115  
backward:              0.8000              1.3632             -2.9353              0.0138  
backward:              0.7500              1.3061             -1.6292              0.0155  
backward:              0.7000              1.2254             -0.4038              0.0164  
backward:              0.6500              1.0563              0.6525              0.0179  
backward:              0.6000              0.8113              1.4638              0.0194  
backward:              0.5500              0.4946              1.9583              0.0208  
backward:              0.5000              0.2044              2.1627              0.0219  
backward:              0.4500              0.0244              2.1871              0.0224  
backward:              0.4000              0.0017              2.1888              0.0229  
backward:              0.3500             -0.0197              2.1691              0.0238  
backward:              0.3000             -0.0515              2.1175              0.0245  
backward:              0.2500             -0.0844              2.0331              0.0252  
backward:              0.2000             -0.1357              1.8974              0.0260  
backward:              0.1500             -0.2077              1.6897              0.0278  
backward:              0.1000             -0.3658              1.3239              0.0303  
backward:              0.0500             -0.5443              0.7796              0.0340  
backward:              0.0000             -0.9709             -0.1913              0.0437  
Inaccuracy estimation
======================================================================================================
                   i        i+δi          P0_overlap_P1   δε(forward)/ε   δε(backward)/ε
======================================================================================================
inaccuracy:  0.00000        0.05000           49.24           -0.02            0.78
inaccuracy:  0.05000        0.10000           58.73           -0.01            0.54
inaccuracy:  0.10000        0.15000           66.08           -0.01            0.30
inaccuracy:  0.15000        0.20000           69.67           -0.01            0.21
inaccuracy:  0.20000        0.25000           72.35           -0.01            0.15
inaccuracy:  0.25000        0.30000           75.62           -0.01            0.12
inaccuracy:  0.30000        0.35000           76.62           -0.00            0.10
inaccuracy:  0.35000        0.40000           76.91           -0.01            0.09
inaccuracy:  0.40000        0.45000           76.75           -0.01            0.09
inaccuracy:  0.45000        0.50000           76.26           -0.01            0.08
inaccuracy:  0.50000        0.55000           64.32           -0.10            0.16
inaccuracy:  0.55000        0.60000           66.61           -0.14            0.08
inaccuracy:  0.60000        0.65000           64.52           -0.13            0.06
inaccuracy:  0.65000        0.70000           66.72           -0.13            0.03
inaccuracy:  0.70000        0.75000           65.30           -0.16            0.02
inaccuracy:  0.75000        0.80000           67.93           -0.14            0.01
inaccuracy:  0.80000        0.85000           66.20           -0.13            0.01
inaccuracy:  0.85000        0.90000           66.29           -0.12            0.01
inaccuracy:  0.90000        0.95000           65.32           -0.13            0.02
inaccuracy:  0.95000        1.00000           65.63           -0.13            0.02
===================================================================================================================================
                BAR        
-----------------------------------------------------------------------------------------------------------------------------------
BAR-estimator:         λ             λ+δλ          ΔΔA             ΔA            C               Δδe            δe       
                          
-----------------------------------------------------------------------------------------------------------------------------------
BAR-estimator:      0.00000        0.05000        0.9263         0.9263         0.9263         0.0096         0.0096 
BAR-estimator:      0.05000        0.10000        0.5489         1.4753         0.5489         0.0075         0.0122 
BAR-estimator:      0.10000        0.15000        0.3362         1.8115         0.3362         0.0065         0.0138 
BAR-estimator:      0.15000        0.20000        0.2037         2.0152         0.2037         0.0047         0.0146 
BAR-estimator:      0.20000        0.25000        0.1384         2.1535         0.1384         0.0040         0.0151 
BAR-estimator:      0.25000        0.30000        0.0802         2.2338         0.0802         0.0040         0.0156 
BAR-estimator:      0.30000        0.35000        0.0434         2.2772         0.0434         0.0033         0.0160 
BAR-estimator:      0.35000        0.40000        0.0213         2.2985         0.0213         0.0031         0.0163 
BAR-estimator:      0.40000        0.45000        0.0023         2.3009         0.0023         0.0030         0.0166 
BAR-estimator:      0.45000        0.50000       -0.0198         2.2811        -0.0198         0.0028         0.0168 
BAR-estimator:      0.50000        0.55000       -0.1996         2.0814        -0.1996         0.0041         0.0173 
BAR-estimator:      0.55000        0.60000       -0.5102         1.5712        -0.5102         0.0040         0.0178 
BAR-estimator:      0.60000        0.65000       -0.8125         0.7587        -0.8125         0.0045         0.0183 
BAR-estimator:      0.65000        0.70000       -1.0612        -0.3025        -1.0612         0.0048         0.0189 
BAR-estimator:      0.70000        0.75000       -1.2151        -1.5176        -1.2151         0.0041         0.0194 
BAR-estimator:      0.75000        0.80000       -1.3140        -2.8316        -1.3140         0.0055         0.0202 
BAR-estimator:      0.80000        0.85000       -1.3677        -4.1992        -1.3677         0.0043         0.0206 
BAR-estimator:      0.85000        0.90000       -1.3897        -5.5889        -1.3897         0.0039         0.0210 
BAR-estimator:      0.90000        0.95000       -1.3959        -6.9848        -1.3959         0.0043         0.0214 
BAR-estimator:      0.95000        1.00000       -1.3965        -8.3813        -1.3965         0.0048         0.0219 
BAR-estimator: total free energy change is -8.381342361048018 , total error is 0.02193272923841289
