#========================================================================================
#                     Free energy perturbation    
#----------------------------------------------------------------------------------------
#forward/backward          λ              ΔΔA                 ΔA                  δε   
#                                                 
#----------------------------------------------------------------------------------------
forward:               0.0000              0.0000              0.0000              0.0000  
forward:               0.0500              0.9945              0.9945              0.0173  
forward:               0.1000              0.6043              1.5988              0.0224  
forward:               0.1500              0.3662              1.9649              0.0235  
forward:               0.2000              0.2353              2.2002              0.0252  
forward:               0.2500              0.1668              2.3670              0.0260  
forward:               0.3000              0.1108              2.4778              0.0266  
forward:               0.3500              0.0770              2.5548              0.0271  
forward:               0.4000              0.0467              2.6015              0.0275  
forward:               0.4500              0.0288              2.6303              0.0281  
forward:               0.5000              0.0008              2.6311              0.0284  
forward:               0.5500             -0.0953              2.5358              0.0288  
forward:               0.6000             -0.2458              2.2900              0.0293  
forward:               0.6500             -0.4028              1.8872              0.0298  
forward:               0.7000             -0.5191              1.3681              0.0302  
forward:               0.7500             -0.6137              0.7544              0.0306  
forward:               0.8000             -0.6799              0.0745              0.0310  
forward:               0.8500             -0.7098             -0.6353              0.0314  
forward:               0.9000             -0.7375             -1.3728              0.0317  
forward:               0.9500             -0.7418             -2.1146              0.0320  
forward:               1.0000             -0.7596             -2.8742              0.0322  
backward:              1.0000              0.0000             -2.8742              0.0000  
backward:              0.9500              0.7443             -2.1299              0.0054  
backward:              0.9000              0.7362             -1.3937              0.0075  
backward:              0.8500              0.7278             -0.6659              0.0093  
backward:              0.8000              0.7149              0.0490              0.0108  
backward:              0.7500              0.6702              0.7192              0.0122  
backward:              0.7000              0.6137              1.3330              0.0134  
backward:              0.6500              0.5288              1.8617              0.0148  
backward:              0.6000              0.3886              2.2503              0.0162  
backward:              0.5500              0.2586              2.5089              0.0171  
backward:              0.5000              0.0901              2.5990              0.0181  
backward:              0.4500             -0.0093              2.5897              0.0187  
backward:              0.4000             -0.0321              2.5576              0.0194  
backward:              0.3500             -0.0434              2.5143              0.0201  
backward:              0.3000             -0.0791              2.4351              0.0211  
backward:              0.2500             -0.1126              2.3225              0.0221  
backward:              0.2000             -0.1687              2.1538              0.0234  
backward:              0.1500             -0.2376              1.9163              0.0252  
backward:              0.1000             -0.3696              1.5467              0.0283  
backward:              0.0500             -0.6064              0.9402              0.0327  
backward:              0.0000             -0.9739             -0.0337              0.0383  
Inaccuracy estimation
======================================================================================================
                   i        i+δi          P0_overlap_P1   δε(forward)/ε   δε(backward)/ε
======================================================================================================
inaccuracy:  0.00000        0.05000           48.18           -0.03            0.91
inaccuracy:  0.05000        0.10000           56.46           -0.02            0.57
inaccuracy:  0.10000        0.15000           64.09           -0.01            0.34
inaccuracy:  0.15000        0.20000           68.53           -0.01            0.23
inaccuracy:  0.20000        0.25000           71.54           -0.01            0.17
inaccuracy:  0.25000        0.30000           73.49           -0.01            0.14
inaccuracy:  0.30000        0.35000           74.49           -0.01            0.12
inaccuracy:  0.35000        0.40000           75.44           -0.01            0.11
inaccuracy:  0.40000        0.45000           76.27           -0.01            0.10
inaccuracy:  0.45000        0.50000           77.23           -0.01            0.09
inaccuracy:  0.50000        0.55000           70.32           -0.06            0.12
inaccuracy:  0.55000        0.60000           68.58           -0.07            0.09
inaccuracy:  0.60000        0.65000           70.73           -0.07            0.08
inaccuracy:  0.65000        0.70000           69.08           -0.08            0.06
inaccuracy:  0.70000        0.75000           70.39           -0.07            0.06
inaccuracy:  0.75000        0.80000           71.06           -0.07            0.06
inaccuracy:  0.80000        0.85000           69.99           -0.06            0.06
inaccuracy:  0.85000        0.90000           71.24           -0.06            0.05
inaccuracy:  0.90000        0.95000           70.34           -0.07            0.06
inaccuracy:  0.95000        1.00000           70.88           -0.06            0.06
===================================================================================================================================
                BAR        
-----------------------------------------------------------------------------------------------------------------------------------
BAR-estimator:         λ             λ+δλ          ΔΔA             ΔA            C               Δδe            δe       
                          
-----------------------------------------------------------------------------------------------------------------------------------
BAR-estimator:      0.00000        0.05000        0.9932         0.9932         0.9932         0.0095         0.0095 
BAR-estimator:      0.05000        0.10000        0.6055         1.5987         0.6055         0.0086         0.0128 
BAR-estimator:      0.10000        0.15000        0.3691         1.9678         0.3691         0.0052         0.0138 
BAR-estimator:      0.15000        0.20000        0.2381         2.2059         0.2381         0.0061         0.0151 
BAR-estimator:      0.20000        0.25000        0.1684         2.3743         0.1684         0.0043         0.0157 
BAR-estimator:      0.25000        0.30000        0.1124         2.4867         0.1124         0.0039         0.0162 
BAR-estimator:      0.30000        0.35000        0.0788         2.5655         0.0788         0.0035         0.0166 
BAR-estimator:      0.35000        0.40000        0.0469         2.6124         0.0469         0.0033         0.0169 
BAR-estimator:      0.40000        0.45000        0.0304         2.6428         0.0304         0.0036         0.0173 
BAR-estimator:      0.45000        0.50000        0.0038         2.6466         0.0038         0.0031         0.0175 
BAR-estimator:      0.50000        0.55000       -0.0944         2.5522        -0.0944         0.0033         0.0178 
BAR-estimator:      0.55000        0.60000       -0.2514         2.3008        -0.2514         0.0036         0.0182 
BAR-estimator:      0.60000        0.65000       -0.3968         1.9039        -0.3968         0.0037         0.0186 
BAR-estimator:      0.65000        0.70000       -0.5266         1.3773        -0.5266         0.0037         0.0189 
BAR-estimator:      0.70000        0.75000       -0.6127         0.7646        -0.6127         0.0039         0.0193 
BAR-estimator:      0.75000        0.80000       -0.6767         0.0879        -0.6767         0.0034         0.0196 
BAR-estimator:      0.80000        0.85000       -0.7117        -0.6239        -0.7117         0.0038         0.0200 
BAR-estimator:      0.85000        0.90000       -0.7350        -1.3588        -0.7350         0.0037         0.0203 
BAR-estimator:      0.90000        0.95000       -0.7409        -2.0998        -0.7409         0.0029         0.0205 
BAR-estimator:      0.95000        1.00000       -0.7519        -2.8517        -0.7519         0.0036         0.0209 
BAR-estimator: total free energy change is -2.8516605571492724 , total error is 0.02085535578604872
