#========================================================================================
#                     Free energy perturbation    
#----------------------------------------------------------------------------------------
#forward/backward          λ              ΔΔA                 ΔA                  δε   
#                                                 
#----------------------------------------------------------------------------------------
forward:               0.0000              0.0000              0.0000              0.0000  
forward:               0.0500              1.5292              1.5292              0.0236  
forward:               0.1000              0.9495              2.4787              0.0285  
forward:               0.1500              0.5169              2.9956              0.0309  
forward:               0.2000              0.2266              3.2222              0.0323  
forward:               0.2500              0.0739              3.2961              0.0333  
forward:               0.3000             -0.0130              3.2831              0.0339  
forward:               0.3500             -0.0846              3.1985              0.0343  
forward:               0.4000             -0.1336              3.0649              0.0347  
forward:               0.4500             -0.1736              2.8913              0.0351  
forward:               0.5000             -0.2007              2.6906              0.0354  
forward:               0.5500             -0.3175              2.3731              0.0358  
forward:               0.6000             -0.4708              1.9023              0.0361  
forward:               0.6500             -0.5939              1.3084              0.0366  
forward:               0.7000             -0.6908              0.6176              0.0370  
forward:               0.7500             -0.7882             -0.1706              0.0382  
forward:               0.8000             -0.8348             -1.0054              0.0395  
forward:               0.8500             -0.9057             -1.9112              0.0412  
forward:               0.9000             -0.9858             -2.8970              0.0437  
forward:               0.9500             -1.0299             -3.9268              0.0439  
forward:               1.0000             -1.1219             -5.0487              0.0447  
backward:              1.0000              0.0000             -5.0487              0.0000  
backward:              0.9500              1.0812             -3.9675              0.0054  
backward:              0.9000              1.0481             -2.9194              0.0074  
backward:              0.8500              0.9725             -1.9469              0.0133  
backward:              0.8000              0.9143             -1.0326              0.0145  
backward:              0.7500              0.8434             -0.1892              0.0183  
backward:              0.7000              0.7636              0.5744              0.0190  
backward:              0.6500              0.6802              1.2545              0.0206  
backward:              0.6000              0.5837              1.8382              0.0220  
backward:              0.5500              0.4784              2.3166              0.0227  
backward:              0.5000              0.3114              2.6280              0.0245  
backward:              0.4500              0.2211              2.8491              0.0251  
backward:              0.4000              0.1806              3.0297              0.0257  
backward:              0.3500              0.1420              3.1717              0.0266  
backward:              0.3000              0.0908              3.2625              0.0275  
backward:              0.2500              0.0195              3.2820              0.0286  
backward:              0.2000             -0.0650              3.2170              0.0310  
backward:              0.1500             -0.2224              2.9946              0.0329  
backward:              0.1000             -0.5118              2.4828              0.0381  
backward:              0.0500             -0.9257              1.5571              0.0441  
backward:              0.0000             -1.5402              0.0169              0.0584  
Inaccuracy estimation
======================================================================================================
                   i        i+δi          P0_overlap_P1   δε(forward)/ε   δε(backward)/ε
======================================================================================================
inaccuracy:  0.00000        0.05000           37.40           -0.05            1.65
inaccuracy:  0.05000        0.10000           44.13           -0.06            1.10
inaccuracy:  0.10000        0.15000           52.00           -0.05            0.65
inaccuracy:  0.15000        0.20000           60.27           -0.03            0.37
inaccuracy:  0.20000        0.25000           63.34           -0.03            0.25
inaccuracy:  0.25000        0.30000           66.57           -0.02            0.19
inaccuracy:  0.30000        0.35000           68.33           -0.03            0.15
inaccuracy:  0.35000        0.40000           69.86           -0.02            0.13
inaccuracy:  0.40000        0.45000           69.89           -0.02            0.12
inaccuracy:  0.45000        0.50000           70.34           -0.03            0.11
inaccuracy:  0.50000        0.55000           66.28           -0.06            0.13
inaccuracy:  0.55000        0.60000           67.44           -0.07            0.10
inaccuracy:  0.60000        0.65000           68.57           -0.08            0.08
inaccuracy:  0.65000        0.70000           68.43           -0.08            0.07
inaccuracy:  0.70000        0.75000           69.70           -0.08            0.06
inaccuracy:  0.75000        0.80000           67.08           -0.09            0.06
inaccuracy:  0.80000        0.85000           66.45           -0.12            0.05
inaccuracy:  0.85000        0.90000           67.92           -0.09            0.05
inaccuracy:  0.90000        0.95000           65.91           -0.11            0.05
inaccuracy:  0.95000        1.00000           69.07           -0.10            0.04
===================================================================================================================================
                BAR        
-----------------------------------------------------------------------------------------------------------------------------------
BAR-estimator:         λ             λ+δλ          ΔΔA             ΔA            C               Δδe            δe       
                          
-----------------------------------------------------------------------------------------------------------------------------------
BAR-estimator:      0.00000        0.05000        1.5477         1.5477         1.5477         0.0090         0.0090 
BAR-estimator:      0.05000        0.10000        0.9436         2.4912         0.9436         0.0086         0.0124 
BAR-estimator:      0.10000        0.15000        0.5123         3.0035         0.5123         0.0093         0.0155 
BAR-estimator:      0.15000        0.20000        0.2283         3.2318         0.2283         0.0058         0.0165 
BAR-estimator:      0.20000        0.25000        0.0695         3.3013         0.0695         0.0069         0.0179 
BAR-estimator:      0.25000        0.30000       -0.0164         3.2849        -0.0164         0.0044         0.0184 
BAR-estimator:      0.30000        0.35000       -0.0873         3.1977        -0.0873         0.0043         0.0189 
BAR-estimator:      0.35000        0.40000       -0.1367         3.0610        -0.1367         0.0036         0.0193 
BAR-estimator:      0.40000        0.45000       -0.1753         2.8857        -0.1753         0.0035         0.0196 
BAR-estimator:      0.45000        0.50000       -0.2060         2.6796        -0.2060         0.0035         0.0199 
BAR-estimator:      0.50000        0.55000       -0.3160         2.3636        -0.3160         0.0032         0.0201 
BAR-estimator:      0.55000        0.60000       -0.4726         1.8910        -0.4726         0.0034         0.0204 
BAR-estimator:      0.60000        0.65000       -0.5936         1.2975        -0.5936         0.0037         0.0208 
BAR-estimator:      0.65000        0.70000       -0.6863         0.6111        -0.6863         0.0035         0.0211 
BAR-estimator:      0.70000        0.75000       -0.7770        -0.1659        -0.7770         0.0050         0.0216 
BAR-estimator:      0.75000        0.80000       -0.8422        -1.0081        -0.8422         0.0059         0.0224 
BAR-estimator:      0.80000        0.85000       -0.9144        -1.9224        -0.9144         0.0050         0.0230 
BAR-estimator:      0.85000        0.90000       -0.9795        -2.9019        -0.9795         0.0038         0.0233 
BAR-estimator:      0.90000        0.95000       -1.0353        -3.9372        -1.0353         0.0036         0.0236 
BAR-estimator:      0.95000        1.00000       -1.1027        -5.0399        -1.1027         0.0051         0.0241 
BAR-estimator: total free energy change is -5.039893912109161 , total error is 0.024137611390554335
