#========================================================================================
#                     Free energy perturbation    
#----------------------------------------------------------------------------------------
#forward/backward          λ              ΔΔA                 ΔA                  δε   
#                                                 
#----------------------------------------------------------------------------------------
forward:               0.0000              0.0000              0.0000              0.0000  
forward:               0.0500              1.7226              1.7226              0.0238  
forward:               0.1000              1.0398              2.7624              0.0308  
forward:               0.1500              0.5951              3.3575              0.0339  
forward:               0.2000              0.3396              3.6971              0.0354  
forward:               0.2500              0.1916              3.8886              0.0363  
forward:               0.3000              0.1077              3.9964              0.0371  
forward:               0.3500              0.0409              4.0372              0.0379  
forward:               0.4000              0.0030              4.0403              0.0385  
forward:               0.4500             -0.0319              4.0084              0.0389  
forward:               0.5000             -0.0746              3.9338              0.0393  
forward:               0.5500             -0.1599              3.7739              0.0398  
forward:               0.6000             -0.3578              3.4160              0.0404  
forward:               0.6500             -0.5202              2.8958              0.0409  
forward:               0.7000             -0.6810              2.2148              0.0414  
forward:               0.7500             -0.7658              1.4490              0.0417  
forward:               0.8000             -0.8325              0.6165              0.0421  
forward:               0.8500             -0.8423             -0.2258              0.0425  
forward:               0.9000             -0.8597             -1.0854              0.0429  
forward:               0.9500             -0.8465             -1.9319              0.0432  
forward:               1.0000             -0.8330             -2.7649              0.0434  
backward:              1.0000              0.0000             -2.7649              0.0000  
backward:              0.9500              0.8516             -1.9133              0.0062  
backward:              0.9000              0.8496             -1.0636              0.0091  
backward:              0.8500              0.8443             -0.2194              0.0116  
backward:              0.8000              0.8436              0.6243              0.0130  
backward:              0.7500              0.8079              1.4322              0.0148  
backward:              0.7000              0.7540              2.1862              0.0164  
backward:              0.6500              0.6801              2.8664              0.0186  
backward:              0.6000              0.5264              3.3928              0.0200  
backward:              0.5500              0.3571              3.7499              0.0214  
backward:              0.5000              0.1751              3.9250              0.0223  
backward:              0.4500              0.0740              3.9989              0.0231  
backward:              0.4000              0.0497              4.0486              0.0239  
backward:              0.3500             -0.0136              4.0351              0.0253  
backward:              0.3000             -0.0469              3.9881              0.0265  
backward:              0.2500             -0.1013              3.8868              0.0279  
backward:              0.2000             -0.2205              3.6663              0.0301  
backward:              0.1500             -0.3553              3.3110              0.0327  
backward:              0.1000             -0.5944              2.7166              0.0397  
backward:              0.0500             -1.0576              1.6590              0.0444  
backward:              0.0000             -1.7370             -0.0780              0.0694  
Inaccuracy estimation
======================================================================================================
                   i        i+δi          P0_overlap_P1   δε(forward)/ε   δε(backward)/ε
======================================================================================================
inaccuracy:  0.00000        0.05000           34.93           -0.03            1.95
inaccuracy:  0.05000        0.10000           44.53           -0.05            1.19
inaccuracy:  0.10000        0.15000           52.67           -0.04            0.65
inaccuracy:  0.15000        0.20000           59.70           -0.02            0.41
inaccuracy:  0.20000        0.25000           64.81           -0.02            0.27
inaccuracy:  0.25000        0.30000           65.54           -0.02            0.22
inaccuracy:  0.30000        0.35000           69.03           -0.02            0.19
inaccuracy:  0.35000        0.40000           68.79           -0.03            0.15
inaccuracy:  0.40000        0.45000           69.09           -0.02            0.16
inaccuracy:  0.45000        0.50000           70.87           -0.02            0.13
inaccuracy:  0.50000        0.55000           63.88           -0.09            0.17
inaccuracy:  0.55000        0.60000           65.38           -0.10            0.13
inaccuracy:  0.60000        0.65000           65.00           -0.10            0.11
inaccuracy:  0.65000        0.70000           64.78           -0.10            0.09
inaccuracy:  0.70000        0.75000           66.46           -0.09            0.08
inaccuracy:  0.75000        0.80000           67.15           -0.08            0.07
inaccuracy:  0.80000        0.85000           65.86           -0.10            0.08
inaccuracy:  0.85000        0.90000           66.57           -0.11            0.08
inaccuracy:  0.90000        0.95000           65.14           -0.10            0.08
inaccuracy:  0.95000        1.00000           63.73           -0.10            0.09
===================================================================================================================================
                BAR        
-----------------------------------------------------------------------------------------------------------------------------------
BAR-estimator:         λ             λ+δλ          ΔΔA             ΔA            C               Δδe            δe       
                          
-----------------------------------------------------------------------------------------------------------------------------------
BAR-estimator:      0.00000        0.05000        1.7230         1.7230         1.7230         0.0127         0.0127 
BAR-estimator:      0.05000        0.10000        1.0682         2.7912         1.0682         0.0105         0.0165 
BAR-estimator:      0.10000        0.15000        0.5974         3.3887         0.5974         0.0061         0.0176 
BAR-estimator:      0.15000        0.20000        0.3485         3.7371         0.3485         0.0066         0.0188 
BAR-estimator:      0.20000        0.25000        0.2003         3.9374         0.2003         0.0052         0.0195 
BAR-estimator:      0.25000        0.30000        0.1055         4.0429         0.1055         0.0051         0.0201 
BAR-estimator:      0.30000        0.35000        0.0477         4.0906         0.0477         0.0047         0.0207 
BAR-estimator:      0.35000        0.40000        0.0024         4.0931         0.0024         0.0046         0.0212 
BAR-estimator:      0.40000        0.45000       -0.0383         4.0547        -0.0383         0.0038         0.0215 
BAR-estimator:      0.45000        0.50000       -0.0728         3.9819        -0.0728         0.0034         0.0218 
BAR-estimator:      0.50000        0.55000       -0.1659         3.8161        -0.1659         0.0047         0.0223 
BAR-estimator:      0.55000        0.60000       -0.3568         3.4593        -0.3568         0.0043         0.0227 
BAR-estimator:      0.60000        0.65000       -0.5186         2.9408        -0.5186         0.0042         0.0231 
BAR-estimator:      0.65000        0.70000       -0.6807         2.2600        -0.6807         0.0041         0.0234 
BAR-estimator:      0.70000        0.75000       -0.7610         1.4991        -0.7610         0.0039         0.0238 
BAR-estimator:      0.75000        0.80000       -0.8240         0.6750        -0.8240         0.0045         0.0242 
BAR-estimator:      0.80000        0.85000       -0.8426        -0.1676        -0.8426         0.0041         0.0245 
BAR-estimator:      0.85000        0.90000       -0.8550        -1.0226        -0.8550         0.0040         0.0249 
BAR-estimator:      0.90000        0.95000       -0.8468        -1.8694        -0.8468         0.0042         0.0252 
BAR-estimator:      0.95000        1.00000       -0.8428        -2.7122        -0.8428         0.0038         0.0255 
BAR-estimator: total free energy change is -2.7122468282943286 , total error is 0.025502976308861065
