#========================================================================================
#                     Free energy perturbation    
#----------------------------------------------------------------------------------------
#forward/backward          λ              ΔΔA                 ΔA                  δε   
#                                                 
#----------------------------------------------------------------------------------------
forward:               0.0000              0.0000              0.0000              0.0000  
forward:               0.0500              1.8190              1.8190              0.0271  
forward:               0.1000              1.0798              2.8989              0.0339  
forward:               0.1500              0.6601              3.5590              0.0365  
forward:               0.2000              0.3944              3.9534              0.0379  
forward:               0.2500              0.2556              4.2090              0.0412  
forward:               0.3000              0.1366              4.3456              0.0413  
forward:               0.3500              0.0787              4.4243              0.0418  
forward:               0.4000              0.0244              4.4487              0.0424  
forward:               0.4500              0.0079              4.4566              0.0428  
forward:               0.5000             -0.0454              4.4112              0.0432  
forward:               0.5500             -0.1590              4.2522              0.0437  
forward:               0.6000             -0.3547              3.8975              0.0442  
forward:               0.6500             -0.5149              3.3826              0.0447  
forward:               0.7000             -0.6423              2.7404              0.0451  
forward:               0.7500             -0.7468              1.9935              0.0455  
forward:               0.8000             -0.8232              1.1703              0.0459  
forward:               0.8500             -0.8646              0.3057              0.0462  
forward:               0.9000             -0.9119             -0.6062              0.0464  
forward:               0.9500             -0.9268             -1.5330              0.0467  
forward:               1.0000             -0.9489             -2.4819              0.0469  
backward:              1.0000              0.0000             -2.4819              0.0000  
backward:              0.9500              0.9536             -1.5283              0.0059  
backward:              0.9000              0.9342             -0.5941              0.0088  
backward:              0.8500              0.9066              0.3125              0.0109  
backward:              0.8000              0.8841              1.1966              0.0126  
backward:              0.7500              0.8209              2.0176              0.0143  
backward:              0.7000              0.7563              2.7738              0.0159  
backward:              0.6500              0.6350              3.4088              0.0174  
backward:              0.6000              0.4971              3.9059              0.0194  
backward:              0.5500              0.3352              4.2410              0.0208  
backward:              0.5000              0.1547              4.3958              0.0224  
backward:              0.4500              0.0524              4.4482              0.0232  
backward:              0.4000              0.0154              4.4636              0.0242  
backward:              0.3500             -0.0162              4.4474              0.0254  
backward:              0.3000             -0.0716              4.3758              0.0263  
backward:              0.2500             -0.1548              4.2210              0.0303  
backward:              0.2000             -0.2479              3.9730              0.0312  
backward:              0.1500             -0.3895              3.5835              0.0366  
backward:              0.1000             -0.6537              2.9298              0.0392  
backward:              0.0500             -1.0519              1.8779              0.0448  
backward:              0.0000             -1.8118              0.0661              0.0636  
Inaccuracy estimation
======================================================================================================
                   i        i+δi          P0_overlap_P1   δε(forward)/ε   δε(backward)/ε
======================================================================================================
inaccuracy:  0.00000        0.05000           33.56           -0.02            2.06
inaccuracy:  0.05000        0.10000           43.59           -0.04            1.22
inaccuracy:  0.10000        0.15000           52.16           -0.03            0.70
inaccuracy:  0.15000        0.20000           58.51           -0.03            0.44
inaccuracy:  0.20000        0.25000           62.06           -0.02            0.30
inaccuracy:  0.25000        0.30000           66.17           -0.03            0.23
inaccuracy:  0.30000        0.35000           67.04           -0.02            0.20
inaccuracy:  0.35000        0.40000           67.99           -0.02            0.17
inaccuracy:  0.40000        0.45000           67.84           -0.02            0.17
inaccuracy:  0.45000        0.50000           69.41           -0.02            0.15
inaccuracy:  0.50000        0.55000           64.48           -0.08            0.17
inaccuracy:  0.55000        0.60000           65.82           -0.08            0.13
inaccuracy:  0.60000        0.65000           65.58           -0.08            0.11
inaccuracy:  0.65000        0.70000           65.13           -0.09            0.09
inaccuracy:  0.70000        0.75000           65.30           -0.11            0.08
inaccuracy:  0.75000        0.80000           65.65           -0.10            0.07
inaccuracy:  0.80000        0.85000           64.44           -0.11            0.07
inaccuracy:  0.85000        0.90000           66.08           -0.11            0.07
inaccuracy:  0.90000        0.95000           65.02           -0.10            0.07
inaccuracy:  0.95000        1.00000           64.77           -0.11            0.07
===================================================================================================================================
                BAR        
-----------------------------------------------------------------------------------------------------------------------------------
BAR-estimator:         λ             λ+δλ          ΔΔA             ΔA            C               Δδe            δe       
                          
-----------------------------------------------------------------------------------------------------------------------------------
BAR-estimator:      0.00000        0.05000        1.8216         1.8216         1.8216         0.0060         0.0060 
BAR-estimator:      0.05000        0.10000        1.0903         2.9119         1.0903         0.0117         0.0132 
BAR-estimator:      0.10000        0.15000        0.6641         3.5760         0.6641         0.0082         0.0155 
BAR-estimator:      0.15000        0.20000        0.3959         3.9719         0.3959         0.0066         0.0168 
BAR-estimator:      0.20000        0.25000        0.2569         4.2288         0.2569         0.0098         0.0195 
BAR-estimator:      0.25000        0.30000        0.1398         4.3686         0.1398         0.0049         0.0201 
BAR-estimator:      0.30000        0.35000        0.0794         4.4481         0.0794         0.0045         0.0206 
BAR-estimator:      0.35000        0.40000        0.0212         4.4692         0.0212         0.0047         0.0211 
BAR-estimator:      0.40000        0.45000       -0.0013         4.4679        -0.0013         0.0037         0.0214 
BAR-estimator:      0.45000        0.50000       -0.0462         4.4217        -0.0462         0.0038         0.0217 
BAR-estimator:      0.50000        0.55000       -0.1594         4.2623        -0.1594         0.0044         0.0222 
BAR-estimator:      0.55000        0.60000       -0.3455         3.9168        -0.3455         0.0044         0.0226 
BAR-estimator:      0.60000        0.65000       -0.5048         3.4121        -0.5048         0.0043         0.0230 
BAR-estimator:      0.65000        0.70000       -0.6401         2.7719        -0.6401         0.0042         0.0234 
BAR-estimator:      0.70000        0.75000       -0.7504         2.0216        -0.7504         0.0039         0.0237 
BAR-estimator:      0.75000        0.80000       -0.8244         1.1971        -0.8244         0.0041         0.0241 
BAR-estimator:      0.80000        0.85000       -0.8735         0.3236        -0.8735         0.0040         0.0244 
BAR-estimator:      0.85000        0.90000       -0.9101        -0.5865        -0.9101         0.0041         0.0247 
BAR-estimator:      0.90000        0.95000       -0.9272        -1.5137        -0.9272         0.0043         0.0251 
BAR-estimator:      0.95000        1.00000       -0.9511        -2.4648        -0.9511         0.0039         0.0254 
BAR-estimator: total free energy change is -2.464790957823639 , total error is 0.025414424343693818
