#========================================================================================
#                     Free energy perturbation    
#----------------------------------------------------------------------------------------
#forward/backward          λ              ΔΔA                 ΔA                  δε   
#                                                 
#----------------------------------------------------------------------------------------
forward:               0.0000              0.0000              0.0000              0.0000  
forward:               0.0500              2.8022              2.8022              0.0485  
forward:               0.1000              1.5425              4.3447              0.0547  
forward:               0.1500              0.7843              5.1290              0.0570  
forward:               0.2000              0.3776              5.5066              0.0579  
forward:               0.2500              0.1856              5.6923              0.0586  
forward:               0.3000              0.0505              5.7427              0.0592  
forward:               0.3500             -0.0089              5.7338              0.0596  
forward:               0.4000             -0.0577              5.6761              0.0598  
forward:               0.4500             -0.1082              5.5679              0.0601  
forward:               0.5000             -0.1324              5.4355              0.0602  
forward:               0.5500             -0.2020              5.2335              0.0606  
forward:               0.6000             -0.3926              4.8409              0.0608  
forward:               0.6500             -0.5388              4.3020              0.0611  
forward:               0.7000             -0.6547              3.6473              0.0614  
forward:               0.7500             -0.7591              2.8882              0.0617  
forward:               0.8000             -0.8403              2.0480              0.0619  
forward:               0.8500             -0.8934              1.1545              0.0622  
forward:               0.9000             -0.9459              0.2086              0.0623  
forward:               0.9500             -0.9884             -0.7798              0.0624  
forward:               1.0000             -0.9966             -1.7765              0.0626  
backward:              1.0000              0.0000             -1.7765              0.0000  
backward:              0.9500              1.0038             -0.7726              0.0062  
backward:              0.9000              0.9713              0.1986              0.0129  
backward:              0.8500              0.9459              1.1446              0.0140  
backward:              0.8000              0.8927              2.0373              0.0155  
backward:              0.7500              0.8316              2.8689              0.0167  
backward:              0.7000              0.7562              3.6250              0.0180  
backward:              0.6500              0.6418              4.2669              0.0190  
backward:              0.6000              0.5402              4.8071              0.0200  
backward:              0.5500              0.3846              5.1916              0.0213  
backward:              0.5000              0.2097              5.4013              0.0221  
backward:              0.4500              0.1183              5.5196              0.0232  
backward:              0.4000              0.1022              5.6218              0.0244  
backward:              0.3500              0.0585              5.6803              0.0253  
backward:              0.3000              0.0030              5.6833              0.0255  
backward:              0.2500             -0.0892              5.5942              0.0272  
backward:              0.2000             -0.1750              5.4192              0.0298  
backward:              0.1500             -0.3898              5.0293              0.0337  
backward:              0.1000             -0.7955              4.2338              0.0449  
backward:              0.0500             -1.5364              2.6974              0.0661  
backward:              0.0000             -2.7909             -0.0935              0.0841  
Inaccuracy estimation
======================================================================================================
                   i        i+δi          P0_overlap_P1   δε(forward)/ε   δε(backward)/ε
======================================================================================================
inaccuracy:  0.00000        0.05000           23.82            0.18            3.56
inaccuracy:  0.05000        0.10000           34.05           -0.07            2.11
inaccuracy:  0.10000        0.15000           46.58           -0.06            0.98
inaccuracy:  0.15000        0.20000           55.87           -0.04            0.51
inaccuracy:  0.20000        0.25000           60.86           -0.03            0.34
inaccuracy:  0.25000        0.30000           66.09           -0.03            0.22
inaccuracy:  0.30000        0.35000           66.85           -0.02            0.19
inaccuracy:  0.35000        0.40000           68.03           -0.03            0.17
inaccuracy:  0.40000        0.45000           69.51           -0.02            0.14
inaccuracy:  0.45000        0.50000           69.62           -0.03            0.13
inaccuracy:  0.50000        0.55000           63.19           -0.08            0.18
inaccuracy:  0.55000        0.60000           65.44           -0.08            0.13
inaccuracy:  0.60000        0.65000           66.06           -0.09            0.11
inaccuracy:  0.65000        0.70000           66.89           -0.09            0.09
inaccuracy:  0.70000        0.75000           66.55           -0.09            0.08
inaccuracy:  0.75000        0.80000           66.79           -0.10            0.07
inaccuracy:  0.80000        0.85000           65.73           -0.10            0.06
inaccuracy:  0.85000        0.90000           65.73           -0.10            0.06
inaccuracy:  0.90000        0.95000           66.39           -0.10            0.06
inaccuracy:  0.95000        1.00000           64.95           -0.11            0.06
===================================================================================================================================
                BAR        
-----------------------------------------------------------------------------------------------------------------------------------
BAR-estimator:         λ             λ+δλ          ΔΔA             ΔA            C               Δδe            δe       
                          
-----------------------------------------------------------------------------------------------------------------------------------
BAR-estimator:      0.00000        0.05000        2.8266         2.8266         2.8266         0.0075         0.0075 
BAR-estimator:      0.05000        0.10000        1.5526         4.3792         1.5526         0.0125         0.0145 
BAR-estimator:      0.10000        0.15000        0.7923         5.1715         0.7923         0.0096         0.0174 
BAR-estimator:      0.15000        0.20000        0.3800         5.5516         0.3800         0.0071         0.0188 
BAR-estimator:      0.20000        0.25000        0.1826         5.7342         0.1826         0.0059         0.0197 
BAR-estimator:      0.25000        0.30000        0.0623         5.7965         0.0623         0.0058         0.0206 
BAR-estimator:      0.30000        0.35000       -0.0079         5.7886        -0.0079         0.0042         0.0210 
BAR-estimator:      0.35000        0.40000       -0.0562         5.7324        -0.0562         0.0045         0.0215 
BAR-estimator:      0.40000        0.45000       -0.1041         5.6283        -0.1041         0.0037         0.0218 
BAR-estimator:      0.45000        0.50000       -0.1309         5.4974        -0.1309         0.0035         0.0220 
BAR-estimator:      0.50000        0.55000       -0.2039         5.2936        -0.2039         0.0040         0.0224 
BAR-estimator:      0.55000        0.60000       -0.3924         4.9012        -0.3924         0.0038         0.0227 
BAR-estimator:      0.60000        0.65000       -0.5394         4.3618        -0.5394         0.0038         0.0230 
BAR-estimator:      0.65000        0.70000       -0.6491         3.7126        -0.6491         0.0040         0.0234 
BAR-estimator:      0.70000        0.75000       -0.7572         2.9554        -0.7572         0.0040         0.0237 
BAR-estimator:      0.75000        0.80000       -0.8371         2.1183        -0.8371         0.0036         0.0240 
BAR-estimator:      0.80000        0.85000       -0.8919         1.2265        -0.8919         0.0042         0.0244 
BAR-estimator:      0.85000        0.90000       -0.9497         0.2768        -0.9497         0.0040         0.0247 
BAR-estimator:      0.90000        0.95000       -0.9810        -0.7042        -0.9810         0.0038         0.0250 
BAR-estimator:      0.95000        1.00000       -0.9990        -1.7032        -0.9990         0.0041         0.0253 
BAR-estimator: total free energy change is -1.7032084742214129 , total error is 0.025300477681657756
