#========================================================================================
#                     Free energy perturbation    
#----------------------------------------------------------------------------------------
#forward/backward          λ              ΔΔA                 ΔA                  δε   
#                                                 
#----------------------------------------------------------------------------------------
forward:               0.0000              0.0000              0.0000              0.0000  
forward:               0.0500              1.6312              1.6312              0.0168  
forward:               0.1000              1.0216              2.6528              0.0216  
forward:               0.1500              0.5937              3.2466              0.0245  
forward:               0.2000              0.3605              3.6071              0.0263  
forward:               0.2500              0.2327              3.8397              0.0270  
forward:               0.3000              0.1438              3.9835              0.0278  
forward:               0.3500              0.0878              4.0713              0.0287  
forward:               0.4000              0.0530              4.1243              0.0293  
forward:               0.4500              0.0023              4.1266              0.0306  
forward:               0.5000             -0.0036              4.1230              0.0309  
forward:               0.5500             -0.0203              4.1027              0.0312  
forward:               0.6000             -0.0411              4.0616              0.0316  
forward:               0.6500             -0.0565              4.0051              0.0319  
forward:               0.7000             -0.0713              3.9338              0.0321  
forward:               0.7500             -0.0754              3.8584              0.0323  
forward:               0.8000             -0.0823              3.7761              0.0325  
forward:               0.8500             -0.0960              3.6800              0.0328  
forward:               0.9000             -0.1090              3.5711              0.0330  
forward:               0.9500             -0.1091              3.4619              0.0332  
forward:               1.0000             -0.1108              3.3511              0.0334  
backward:              1.0000              0.0000              3.3511              0.0000  
backward:              0.9500              0.1169              3.4680              0.0047  
backward:              0.9000              0.1155              3.5835              0.0063  
backward:              0.8500              0.0983              3.6818              0.0084  
backward:              0.8000              0.0900              3.7718              0.0100  
backward:              0.7500              0.0863              3.8581              0.0112  
backward:              0.7000              0.0787              3.9368              0.0121  
backward:              0.6500              0.0638              4.0005              0.0132  
backward:              0.6000              0.0460              4.0465              0.0144  
backward:              0.5500              0.0384              4.0849              0.0157  
backward:              0.5000              0.0149              4.0998              0.0167  
backward:              0.4500              0.0134              4.1132              0.0180  
backward:              0.4000             -0.0275              4.0857              0.0200  
backward:              0.3500             -0.0479              4.0377              0.0215  
backward:              0.3000             -0.0879              3.9498              0.0226  
backward:              0.2500             -0.1547              3.7951              0.0244  
backward:              0.2000             -0.2297              3.5654              0.0270  
backward:              0.1500             -0.3649              3.2005              0.0296  
backward:              0.1000             -0.6181              2.5824              0.0388  
backward:              0.0500             -1.0496              1.5328              0.0597  
backward:              0.0000             -1.5691             -0.0364              0.0640  
Inaccuracy estimation
======================================================================================================
                   i        i+δi          P0_overlap_P1   δε(forward)/ε   δε(backward)/ε
======================================================================================================
inaccuracy:  0.00000        0.05000           36.61           -0.03            1.75
inaccuracy:  0.05000        0.10000           45.48           -0.04            1.06
inaccuracy:  0.10000        0.15000           54.52           -0.03            0.58
inaccuracy:  0.15000        0.20000           60.26           -0.02            0.37
inaccuracy:  0.20000        0.25000           64.00           -0.02            0.28
inaccuracy:  0.25000        0.30000           67.36           -0.02            0.21
inaccuracy:  0.30000        0.35000           68.68           -0.02            0.19
inaccuracy:  0.35000        0.40000           69.33           -0.02            0.17
inaccuracy:  0.40000        0.45000           72.75           -0.01            0.13
inaccuracy:  0.45000        0.50000           70.72           -0.02            0.14
inaccuracy:  0.50000        0.55000           72.09           -0.02            0.13
inaccuracy:  0.55000        0.60000           71.97           -0.03            0.12
inaccuracy:  0.60000        0.65000           72.65           -0.02            0.12
inaccuracy:  0.65000        0.70000           72.92           -0.02            0.12
inaccuracy:  0.70000        0.75000           72.13           -0.02            0.12
inaccuracy:  0.75000        0.80000           72.59           -0.02            0.11
inaccuracy:  0.80000        0.85000           72.87           -0.02            0.12
inaccuracy:  0.85000        0.90000           73.19           -0.02            0.10
inaccuracy:  0.90000        0.95000           71.76           -0.02            0.11
inaccuracy:  0.95000        1.00000           72.45           -0.03            0.11
===================================================================================================================================
                BAR        
-----------------------------------------------------------------------------------------------------------------------------------
BAR-estimator:         λ             λ+δλ          ΔΔA             ΔA            C               Δδe            δe       
                          
-----------------------------------------------------------------------------------------------------------------------------------
BAR-estimator:      0.00000        0.05000        1.6270         1.6270         1.6270         0.0091         0.0091 
BAR-estimator:      0.05000        0.10000        1.0132         2.6402         1.0132         0.0081         0.0122 
BAR-estimator:      0.10000        0.15000        0.5948         3.2350         0.5948         0.0043         0.0129 
BAR-estimator:      0.15000        0.20000        0.3596         3.5946         0.3596         0.0063         0.0144 
BAR-estimator:      0.20000        0.25000        0.2287         3.8234         0.2287         0.0045         0.0151 
BAR-estimator:      0.25000        0.30000        0.1454         3.9688         0.1454         0.0045         0.0157 
BAR-estimator:      0.30000        0.35000        0.0900         4.0587         0.0900         0.0044         0.0163 
BAR-estimator:      0.35000        0.40000        0.0526         4.1113         0.0526         0.0039         0.0168 
BAR-estimator:      0.40000        0.45000        0.0103         4.1216         0.0103         0.0034         0.0171 
BAR-estimator:      0.45000        0.50000       -0.0067         4.1150        -0.0067         0.0034         0.0175 
BAR-estimator:      0.50000        0.55000       -0.0174         4.0976        -0.0174         0.0032         0.0178 
BAR-estimator:      0.55000        0.60000       -0.0408         4.0568        -0.0408         0.0034         0.0181 
BAR-estimator:      0.60000        0.65000       -0.0548         4.0020        -0.0548         0.0032         0.0184 
BAR-estimator:      0.65000        0.70000       -0.0687         3.9333        -0.0687         0.0029         0.0186 
BAR-estimator:      0.70000        0.75000       -0.0770         3.8563        -0.0770         0.0029         0.0188 
BAR-estimator:      0.75000        0.80000       -0.0848         3.7715        -0.0848         0.0031         0.0191 
BAR-estimator:      0.80000        0.85000       -0.0931         3.6784        -0.0931         0.0031         0.0193 
BAR-estimator:      0.85000        0.90000       -0.1053         3.5732        -0.1053         0.0035         0.0197 
BAR-estimator:      0.90000        0.95000       -0.1109         3.4623        -0.1109         0.0033         0.0199 
BAR-estimator:      0.95000        1.00000       -0.1124         3.3499        -0.1124         0.0029         0.0201 
BAR-estimator: total free energy change is 3.3499099123506575 , total error is 0.02014348894916757
