#========================================================================================
#                     Free energy perturbation    
#----------------------------------------------------------------------------------------
#forward/backward          λ              ΔΔA                 ΔA                  δε   
#                                                 
#----------------------------------------------------------------------------------------
forward:               0.0000              0.0000              0.0000              0.0000  
forward:               0.0500              1.7933              1.7933              0.0278  
forward:               0.1000              0.9861              2.7794              0.0372  
forward:               0.1500              0.5212              3.3006              0.0393  
forward:               0.2000              0.2826              3.5832              0.0413  
forward:               0.2500              0.1647              3.7480              0.0420  
forward:               0.3000              0.0772              3.8251              0.0425  
forward:               0.3500              0.0289              3.8541              0.0429  
forward:               0.4000             -0.0257              3.8283              0.0432  
forward:               0.4500             -0.0417              3.7866              0.0435  
forward:               0.5000             -0.0726              3.7140              0.0438  
forward:               0.5500             -0.2193              3.4947              0.0445  
forward:               0.6000             -0.4630              3.0318              0.0448  
forward:               0.6500             -0.6881              2.3437              0.0458  
forward:               0.7000             -0.8941              1.4496              0.0467  
forward:               0.7500             -0.9907              0.4589              0.0473  
forward:               0.8000             -1.0596             -0.6007              0.0477  
forward:               0.8500             -1.0617             -1.6624              0.0481  
forward:               0.9000             -1.0527             -2.7151              0.0483  
forward:               0.9500             -1.0322             -3.7473              0.0486  
forward:               1.0000             -1.0225             -4.7699              0.0490  
backward:              1.0000              0.0000             -4.7699              0.0000  
backward:              0.9500              1.0098             -3.7601              0.0085  
backward:              0.9000              1.0222             -2.7379              0.0113  
backward:              0.8500              1.0352             -1.7027              0.0136  
backward:              0.8000              1.0764             -0.6263              0.0146  
backward:              0.7500              1.0544              0.4281              0.0165  
backward:              0.7000              0.9786              1.4067              0.0186  
backward:              0.6500              0.8708              2.2775              0.0211  
backward:              0.6000              0.6779              2.9555              0.0229  
backward:              0.5500              0.4635              3.4190              0.0248  
backward:              0.5000              0.2064              3.6253              0.0265  
backward:              0.4500              0.0774              3.7028              0.0271  
backward:              0.4000              0.0488              3.7515              0.0276  
backward:              0.3500              0.0262              3.7778              0.0284  
backward:              0.3000             -0.0136              3.7642              0.0293  
backward:              0.2500             -0.0739              3.6903              0.0304  
backward:              0.2000             -0.1729              3.5174              0.0319  
backward:              0.1500             -0.3093              3.2082              0.0342  
backward:              0.1000             -0.5228              2.6854              0.0404  
backward:              0.0500             -0.9814              1.7040              0.0524  
backward:              0.0000             -1.7203             -0.0163              0.0608  
Inaccuracy estimation
======================================================================================================
                   i        i+δi          P0_overlap_P1   δε(forward)/ε   δε(backward)/ε
======================================================================================================
inaccuracy:  0.00000        0.05000           33.23           -0.02            1.95
inaccuracy:  0.05000        0.10000           43.42           -0.03            1.23
inaccuracy:  0.10000        0.15000           54.48           -0.02            0.59
inaccuracy:  0.15000        0.20000           63.23           -0.02            0.33
inaccuracy:  0.20000        0.25000           66.84           -0.02            0.23
inaccuracy:  0.25000        0.30000           69.21           -0.01            0.19
inaccuracy:  0.30000        0.35000           69.24           -0.02            0.15
inaccuracy:  0.35000        0.40000           72.37           -0.02            0.13
inaccuracy:  0.40000        0.45000           72.44           -0.02            0.12
inaccuracy:  0.45000        0.50000           72.30           -0.01            0.12
inaccuracy:  0.50000        0.55000           64.21           -0.08            0.17
inaccuracy:  0.55000        0.60000           65.03           -0.13            0.12
inaccuracy:  0.60000        0.65000           65.35           -0.14            0.08
inaccuracy:  0.65000        0.70000           65.89           -0.13            0.06
inaccuracy:  0.70000        0.75000           65.55           -0.13            0.05
inaccuracy:  0.75000        0.80000           65.47           -0.12            0.05
inaccuracy:  0.80000        0.85000           63.78           -0.14            0.05
inaccuracy:  0.85000        0.90000           65.22           -0.12            0.06
inaccuracy:  0.90000        0.95000           64.63           -0.12            0.07
inaccuracy:  0.95000        1.00000           64.75           -0.12            0.07
===================================================================================================================================
                BAR        
-----------------------------------------------------------------------------------------------------------------------------------
BAR-estimator:         λ             λ+δλ          ΔΔA             ΔA            C               Δδe            δe       
                          
-----------------------------------------------------------------------------------------------------------------------------------
BAR-estimator:      0.00000        0.05000        1.7807         1.7807         1.7807         0.0130         0.0130 
BAR-estimator:      0.05000        0.10000        1.0026         2.7832         1.0026         0.0113         0.0172 
BAR-estimator:      0.10000        0.15000        0.5220         3.3052         0.5220         0.0078         0.0189 
BAR-estimator:      0.15000        0.20000        0.2924         3.5976         0.2924         0.0064         0.0200 
BAR-estimator:      0.20000        0.25000        0.1665         3.7641         0.1665         0.0051         0.0206 
BAR-estimator:      0.25000        0.30000        0.0782         3.8422         0.0782         0.0048         0.0211 
BAR-estimator:      0.30000        0.35000        0.0252         3.8674         0.0252         0.0049         0.0217 
BAR-estimator:      0.35000        0.40000       -0.0261         3.8414        -0.0261         0.0037         0.0220 
BAR-estimator:      0.40000        0.45000       -0.0430         3.7983        -0.0430         0.0041         0.0224 
BAR-estimator:      0.45000        0.50000       -0.0740         3.7243        -0.0740         0.0035         0.0227 
BAR-estimator:      0.50000        0.55000       -0.2109         3.5134        -0.2109         0.0048         0.0232 
BAR-estimator:      0.55000        0.60000       -0.4650         3.0484        -0.4650         0.0046         0.0236 
BAR-estimator:      0.60000        0.65000       -0.6802         2.3682        -0.6802         0.0051         0.0242 
BAR-estimator:      0.65000        0.70000       -0.8853         1.4829        -0.8853         0.0055         0.0248 
BAR-estimator:      0.70000        0.75000       -0.9858         0.4971        -0.9858         0.0046         0.0252 
BAR-estimator:      0.75000        0.80000       -1.0582        -0.5611        -1.0582         0.0039         0.0255 
BAR-estimator:      0.80000        0.85000       -1.0695        -1.6306        -1.0695         0.0048         0.0260 
BAR-estimator:      0.85000        0.90000       -1.0487        -2.6793        -1.0487         0.0046         0.0264 
BAR-estimator:      0.90000        0.95000       -1.0315        -3.7108        -1.0315         0.0043         0.0267 
BAR-estimator:      0.95000        1.00000       -1.0190        -4.7298        -1.0190         0.0047         0.0271 
BAR-estimator: total free energy change is -4.729776009834969 , total error is 0.027137810827508536
