#========================================================================================
#                     Free energy perturbation    
#----------------------------------------------------------------------------------------
#forward/backward          λ              ΔΔA                 ΔA                  δε   
#                                                 
#----------------------------------------------------------------------------------------
forward:               0.0000              0.0000              0.0000              0.0000  
forward:               0.0500              1.6885              1.6885              0.0272  
forward:               0.1000              0.8608              2.5493              0.0317  
forward:               0.1500              0.4273              2.9765              0.0333  
forward:               0.2000              0.2266              3.2032              0.0339  
forward:               0.2500              0.1036              3.3068              0.0345  
forward:               0.3000              0.0494              3.3561              0.0349  
forward:               0.3500              0.0036              3.3597              0.0353  
forward:               0.4000             -0.0400              3.3197              0.0357  
forward:               0.4500             -0.0501              3.2696              0.0359  
forward:               0.5000             -0.0780              3.1917              0.0361  
forward:               0.5500             -0.1207              3.0709              0.0367  
forward:               0.6000             -0.2252              2.8457              0.0370  
forward:               0.6500             -0.2907              2.5550              0.0373  
forward:               0.7000             -0.3457              2.2094              0.0374  
forward:               0.7500             -0.3884              1.8210              0.0377  
forward:               0.8000             -0.4322              1.3888              0.0379  
forward:               0.8500             -0.4520              0.9368              0.0381  
forward:               0.9000             -0.4890              0.4478              0.0383  
forward:               0.9500             -0.5025             -0.0547              0.0385  
forward:               1.0000             -0.5231             -0.5778              0.0387  
backward:              1.0000              0.0000             -0.5778              0.0000  
backward:              0.9500              0.5187             -0.0591              0.0053  
backward:              0.9000              0.5011              0.4420              0.0069  
backward:              0.8500              0.4822              0.9242              0.0081  
backward:              0.8000              0.4601              1.3843              0.0092  
backward:              0.7500              0.4267              1.8110              0.0102  
backward:              0.7000              0.3773              2.1883              0.0114  
backward:              0.6500              0.3427              2.5310              0.0123  
backward:              0.6000              0.2880              2.8189              0.0133  
backward:              0.5500              0.2286              3.0475              0.0142  
backward:              0.5000              0.1116              3.1592              0.0154  
backward:              0.4500              0.0769              3.2360              0.0164  
backward:              0.4000              0.0535              3.2896              0.0172  
backward:              0.3500              0.0389              3.3284              0.0180  
backward:              0.3000             -0.0110              3.3175              0.0193  
backward:              0.2500             -0.0381              3.2793              0.0207  
backward:              0.2000             -0.1160              3.1633              0.0227  
backward:              0.1500             -0.2215              2.9417              0.0243  
backward:              0.1000             -0.4180              2.5237              0.0282  
backward:              0.0500             -0.8862              1.6375              0.0374  
backward:              0.0000             -1.6772             -0.0396              0.0641  
Inaccuracy estimation
======================================================================================================
                   i        i+δi          P0_overlap_P1   δε(forward)/ε   δε(backward)/ε
======================================================================================================
inaccuracy:  0.00000        0.05000           33.94           -0.03            2.23
inaccuracy:  0.05000        0.10000           48.63           -0.03            0.93
inaccuracy:  0.10000        0.15000           58.94           -0.01            0.46
inaccuracy:  0.15000        0.20000           66.36           -0.01            0.26
inaccuracy:  0.20000        0.25000           72.25           -0.01            0.18
inaccuracy:  0.25000        0.30000           72.09           -0.01            0.14
inaccuracy:  0.30000        0.35000           74.57           -0.01            0.11
inaccuracy:  0.35000        0.40000           75.42           -0.01            0.10
inaccuracy:  0.40000        0.45000           74.97           -0.02            0.09
inaccuracy:  0.45000        0.50000           76.25           -0.01            0.09
inaccuracy:  0.50000        0.55000           73.40           -0.03            0.10
inaccuracy:  0.55000        0.60000           73.52           -0.04            0.08
inaccuracy:  0.60000        0.65000           74.55           -0.03            0.07
inaccuracy:  0.65000        0.70000           74.53           -0.03            0.06
inaccuracy:  0.70000        0.75000           75.30           -0.04            0.06
inaccuracy:  0.75000        0.80000           75.44           -0.04            0.06
inaccuracy:  0.80000        0.85000           73.28           -0.03            0.06
inaccuracy:  0.85000        0.90000           75.25           -0.04            0.05
inaccuracy:  0.90000        0.95000           74.68           -0.04            0.06
inaccuracy:  0.95000        1.00000           74.85           -0.04            0.06
===================================================================================================================================
                BAR        
-----------------------------------------------------------------------------------------------------------------------------------
BAR-estimator:         λ             λ+δλ          ΔΔA             ΔA            C               Δδe            δe       
                          
-----------------------------------------------------------------------------------------------------------------------------------
BAR-estimator:      0.00000        0.05000        1.6835         1.6835         1.6835         0.0142         0.0142 
BAR-estimator:      0.05000        0.10000        0.8695         2.5529         0.8695         0.0097         0.0172 
BAR-estimator:      0.10000        0.15000        0.4279         2.9808         0.4279         0.0068         0.0185 
BAR-estimator:      0.15000        0.20000        0.2279         3.2087         0.2279         0.0039         0.0189 
BAR-estimator:      0.20000        0.25000        0.1114         3.3201         0.1114         0.0043         0.0194 
BAR-estimator:      0.25000        0.30000        0.0468         3.3669         0.0468         0.0039         0.0198 
BAR-estimator:      0.30000        0.35000        0.0063         3.3732         0.0063         0.0035         0.0201 
BAR-estimator:      0.35000        0.40000       -0.0394         3.3338        -0.0394         0.0033         0.0204 
BAR-estimator:      0.40000        0.45000       -0.0519         3.2818        -0.0519         0.0030         0.0206 
BAR-estimator:      0.45000        0.50000       -0.0770         3.2049        -0.0770         0.0031         0.0208 
BAR-estimator:      0.50000        0.55000       -0.1174         3.0874        -0.1174         0.0037         0.0211 
BAR-estimator:      0.55000        0.60000       -0.2263         2.8611        -0.2263         0.0032         0.0214 
BAR-estimator:      0.60000        0.65000       -0.2892         2.5719        -0.2892         0.0032         0.0216 
BAR-estimator:      0.65000        0.70000       -0.3449         2.2270        -0.3449         0.0028         0.0218 
BAR-estimator:      0.70000        0.75000       -0.3839         1.8431        -0.3839         0.0035         0.0221 
BAR-estimator:      0.75000        0.80000       -0.4294         1.4138        -0.4294         0.0030         0.0223 
BAR-estimator:      0.80000        0.85000       -0.4550         0.9588        -0.4550         0.0033         0.0225 
BAR-estimator:      0.85000        0.90000       -0.4862         0.4726        -0.4862         0.0035         0.0228 
BAR-estimator:      0.90000        0.95000       -0.5003        -0.0278        -0.5003         0.0031         0.0230 
BAR-estimator:      0.95000        1.00000       -0.5209        -0.5487        -0.5209         0.0030         0.0232 
BAR-estimator: total free energy change is -0.5486916957290232 , total error is 0.023213208112823264
