#========================================================================================
#                     Free energy perturbation    
#----------------------------------------------------------------------------------------
#forward/backward          λ              ΔΔA                 ΔA                  δε   
#                                                 
#----------------------------------------------------------------------------------------
forward:               0.0000              0.0000              0.0000              0.0000  
forward:               0.0500              1.2354              1.2354              0.0193  
forward:               0.1000              0.7474              1.9828              0.0234  
forward:               0.1500              0.4130              2.3959              0.0262  
forward:               0.2000              0.2343              2.6302              0.0277  
forward:               0.2500              0.1220              2.7522              0.0286  
forward:               0.3000              0.0451              2.7974              0.0293  
forward:               0.3500              0.0119              2.8093              0.0298  
forward:               0.4000             -0.0302              2.7790              0.0303  
forward:               0.4500             -0.0516              2.7274              0.0308  
forward:               0.5000             -0.0800              2.6474              0.0312  
forward:               0.5500             -0.1381              2.5093              0.0315  
forward:               0.6000             -0.2344              2.2748              0.0317  
forward:               0.6500             -0.2918              1.9830              0.0319  
forward:               0.7000             -0.3504              1.6327              0.0322  
forward:               0.7500             -0.4011              1.2316              0.0325  
forward:               0.8000             -0.4383              0.7933              0.0328  
forward:               0.8500             -0.4667              0.3266              0.0331  
forward:               0.9000             -0.4916             -0.1650              0.0333  
forward:               0.9500             -0.5121             -0.6770              0.0336  
forward:               1.0000             -0.5323             -1.2094              0.0338  
backward:              1.0000              0.0000             -1.2094              0.0000  
backward:              0.9500              0.5370             -0.6724              0.0048  
backward:              0.9000              0.5120             -0.1604              0.0074  
backward:              0.8500              0.4955              0.3351              0.0087  
backward:              0.8000              0.4628              0.7980              0.0098  
backward:              0.7500              0.4378              1.2358              0.0108  
backward:              0.7000              0.3995              1.6352              0.0117  
backward:              0.6500              0.3339              1.9691              0.0129  
backward:              0.6000              0.2995              2.2686              0.0138  
backward:              0.5500              0.2183              2.4869              0.0149  
backward:              0.5000              0.1453              2.6322              0.0159  
backward:              0.4500              0.0877              2.7199              0.0167  
backward:              0.4000              0.0121              2.7320              0.0336  
backward:              0.3500              0.0248              2.7568              0.0340  
backward:              0.3000             -0.0008              2.7560              0.0348  
backward:              0.2500             -0.0516              2.7044              0.0356  
backward:              0.2000             -0.1331              2.5714              0.0367  
backward:              0.1500             -0.2261              2.3453              0.0385  
backward:              0.1000             -0.4302              1.9150              0.0432  
backward:              0.0500             -0.7416              1.1735              0.0481  
backward:              0.0000             -1.2606             -0.0871              0.0562  
Inaccuracy estimation
======================================================================================================
                   i        i+δi          P0_overlap_P1   δε(forward)/ε   δε(backward)/ε
======================================================================================================
inaccuracy:  0.00000        0.05000           43.07           -0.04            1.28
inaccuracy:  0.05000        0.10000           50.18           -0.04            0.83
inaccuracy:  0.10000        0.15000           59.10           -0.02            0.46
inaccuracy:  0.15000        0.20000           64.08           -0.02            0.30
inaccuracy:  0.20000        0.25000           68.50           -0.02            0.19
inaccuracy:  0.25000        0.30000           71.20           -0.01            0.16
inaccuracy:  0.30000        0.35000           71.12           -0.02            0.14
inaccuracy:  0.35000        0.40000           73.29           -0.01            0.12
inaccuracy:  0.40000        0.45000           74.37           -0.02            0.11
inaccuracy:  0.45000        0.50000           73.92           -0.02            0.10
inaccuracy:  0.50000        0.55000           70.50           -0.04            0.12
inaccuracy:  0.55000        0.60000           73.13           -0.03            0.09
inaccuracy:  0.60000        0.65000           71.98           -0.03            0.09
inaccuracy:  0.65000        0.70000           73.82           -0.03            0.08
inaccuracy:  0.70000        0.75000           73.69           -0.04            0.07
inaccuracy:  0.75000        0.80000           72.71           -0.04            0.07
inaccuracy:  0.80000        0.85000           72.34           -0.04            0.07
inaccuracy:  0.85000        0.90000           72.37           -0.04            0.07
inaccuracy:  0.90000        0.95000           72.78           -0.05            0.07
inaccuracy:  0.95000        1.00000           70.97           -0.05            0.07
===================================================================================================================================
                BAR        
-----------------------------------------------------------------------------------------------------------------------------------
BAR-estimator:         λ             λ+δλ          ΔΔA             ΔA            C               Δδe            δe       
                          
-----------------------------------------------------------------------------------------------------------------------------------
BAR-estimator:      0.00000        0.05000        1.2607         1.2607         1.2607         0.0108         0.0108 
BAR-estimator:      0.05000        0.10000        0.7540         2.0146         0.7540         0.0086         0.0138 
BAR-estimator:      0.10000        0.15000        0.4205         2.4351         0.4205         0.0074         0.0157 
BAR-estimator:      0.15000        0.20000        0.2334         2.6686         0.2334         0.0058         0.0167 
BAR-estimator:      0.20000        0.25000        0.1228         2.7914         0.1228         0.0042         0.0172 
BAR-estimator:      0.25000        0.30000        0.0501         2.8415         0.0501         0.0041         0.0177 
BAR-estimator:      0.30000        0.35000        0.0081         2.8496         0.0081         0.0038         0.0181 
BAR-estimator:      0.35000        0.40000       -0.0269         2.8227        -0.0269         0.0038         0.0185 
BAR-estimator:      0.40000        0.45000       -0.0496         2.7731        -0.0496         0.0040         0.0189 
BAR-estimator:      0.45000        0.50000       -0.0826         2.6905        -0.0826         0.0031         0.0192 
BAR-estimator:      0.50000        0.55000       -0.1418         2.5487        -0.1418         0.0033         0.0195 
BAR-estimator:      0.55000        0.60000       -0.2270         2.3217        -0.2270         0.0032         0.0197 
BAR-estimator:      0.60000        0.65000       -0.2919         2.0297        -0.2919         0.0030         0.0199 
BAR-estimator:      0.65000        0.70000       -0.3439         1.6859        -0.3439         0.0033         0.0202 
BAR-estimator:      0.70000        0.75000       -0.3985         1.2873        -0.3985         0.0031         0.0205 
BAR-estimator:      0.75000        0.80000       -0.4377         0.8497        -0.4377         0.0035         0.0208 
BAR-estimator:      0.80000        0.85000       -0.4678         0.3819        -0.4678         0.0035         0.0210 
BAR-estimator:      0.85000        0.90000       -0.4913        -0.1094        -0.4913         0.0032         0.0213 
BAR-estimator:      0.90000        0.95000       -0.5099        -0.6193        -0.5099         0.0036         0.0216 
BAR-estimator:      0.95000        1.00000       -0.5364        -1.1558        -0.5364         0.0034         0.0219 
BAR-estimator: total free energy change is -1.1557718296081423 , total error is 0.021851120216669663
