#========================================================================================
#                     Free energy perturbation    
#----------------------------------------------------------------------------------------
#forward/backward          λ              ΔΔA                 ΔA                  δε   
#                                                 
#----------------------------------------------------------------------------------------
forward:               0.0000              0.0000              0.0000              0.0000  
forward:               0.0500              1.5723              1.5723              0.0168  
forward:               0.1000              0.9417              2.5140              0.0233  
forward:               0.1500              0.5358              3.0498              0.0249  
forward:               0.2000              0.3218              3.3716              0.0268  
forward:               0.2500              0.1995              3.5711              0.0278  
forward:               0.3000              0.1156              3.6867              0.0283  
forward:               0.3500              0.0692              3.7559              0.0289  
forward:               0.4000              0.0350              3.7908              0.0296  
forward:               0.4500             -0.0056              3.7853              0.0302  
forward:               0.5000             -0.0179              3.7673              0.0305  
forward:               0.5500             -0.1016              3.6657              0.0310  
forward:               0.6000             -0.2454              3.4204              0.0312  
forward:               0.6500             -0.4315              2.9888              0.0322  
forward:               0.7000             -0.6056              2.3832              0.0328  
forward:               0.7500             -0.7357              1.6475              0.0334  
forward:               0.8000             -0.7229              0.9246              0.0338  
forward:               0.8500             -0.6831              0.2415              0.0341  
forward:               0.9000             -0.6418             -0.4002              0.0343  
forward:               0.9500             -0.5971             -0.9973              0.0345  
forward:               1.0000             -0.5499             -1.5472              0.0348  
backward:              1.0000              0.0000             -1.5472              0.0000  
backward:              0.9500              0.5458             -1.0014              0.0059  
backward:              0.9000              0.5895             -0.4119              0.0082  
backward:              0.8500              0.6235              0.2116              0.0119  
backward:              0.8000              0.6895              0.9011              0.0134  
backward:              0.7500              0.7270              1.6280              0.0146  
backward:              0.7000              0.7008              2.3288              0.0171  
backward:              0.6500              0.5994              2.9282              0.0193  
backward:              0.6000              0.4255              3.3537              0.0210  
backward:              0.5500              0.2452              3.5988              0.0223  
backward:              0.5000              0.0891              3.6880              0.0235  
backward:              0.4500              0.0173              3.7052              0.0241  
backward:              0.4000              0.0014              3.7067              0.0247  
backward:              0.3500             -0.0383              3.6684              0.0255  
backward:              0.3000             -0.0636              3.6048              0.0264  
backward:              0.2500             -0.1177              3.4870              0.0275  
backward:              0.2000             -0.1835              3.3036              0.0288  
backward:              0.1500             -0.3286              2.9749              0.0307  
backward:              0.1000             -0.5352              2.4397              0.0341  
backward:              0.0500             -0.9179              1.5218              0.0406  
backward:              0.0000             -1.5422             -0.0204              0.0571  
Inaccuracy estimation
======================================================================================================
                   i        i+δi          P0_overlap_P1   δε(forward)/ε   δε(backward)/ε
======================================================================================================
inaccuracy:  0.00000        0.05000           36.89           -0.03            1.68
inaccuracy:  0.05000        0.10000           46.57           -0.04            1.06
inaccuracy:  0.10000        0.15000           56.14           -0.03            0.60
inaccuracy:  0.15000        0.20000           62.86           -0.02            0.37
inaccuracy:  0.20000        0.25000           64.95           -0.02            0.26
inaccuracy:  0.25000        0.30000           68.92           -0.02            0.20
inaccuracy:  0.30000        0.35000           69.86           -0.02            0.17
inaccuracy:  0.35000        0.40000           70.96           -0.02            0.15
inaccuracy:  0.40000        0.45000           72.34           -0.02            0.13
inaccuracy:  0.45000        0.50000           72.02           -0.01            0.13
inaccuracy:  0.50000        0.55000           68.29           -0.06            0.13
inaccuracy:  0.55000        0.60000           66.99           -0.11            0.11
inaccuracy:  0.60000        0.65000           65.22           -0.09            0.11
inaccuracy:  0.65000        0.70000           64.37           -0.09            0.10
inaccuracy:  0.70000        0.75000           68.39           -0.06            0.08
inaccuracy:  0.75000        0.80000           67.42           -0.08            0.08
inaccuracy:  0.80000        0.85000           67.00           -0.07            0.09
inaccuracy:  0.85000        0.90000           68.22           -0.05            0.09
inaccuracy:  0.90000        0.95000           67.40           -0.07            0.10
inaccuracy:  0.95000        1.00000           66.13           -0.07            0.12
===================================================================================================================================
                BAR        
-----------------------------------------------------------------------------------------------------------------------------------
BAR-estimator:         λ             λ+δλ          ΔΔA             ΔA            C               Δδe            δe       
                          
-----------------------------------------------------------------------------------------------------------------------------------
BAR-estimator:      0.00000        0.05000        1.5577         1.5577         1.5577         0.0086         0.0086 
BAR-estimator:      0.05000        0.10000        0.9481         2.5058         0.9481         0.0090         0.0124 
BAR-estimator:      0.10000        0.15000        0.5448         3.0506         0.5448         0.0070         0.0143 
BAR-estimator:      0.15000        0.20000        0.3273         3.3779         0.3273         0.0061         0.0155 
BAR-estimator:      0.20000        0.25000        0.1950         3.5729         0.1950         0.0048         0.0162 
BAR-estimator:      0.25000        0.30000        0.1186         3.6915         0.1186         0.0045         0.0168 
BAR-estimator:      0.30000        0.35000        0.0684         3.7599         0.0684         0.0046         0.0174 
BAR-estimator:      0.35000        0.40000        0.0357         3.7956         0.0357         0.0057         0.0183 
BAR-estimator:      0.40000        0.45000       -0.0018         3.7938        -0.0018         0.0040         0.0188 
BAR-estimator:      0.45000        0.50000       -0.0187         3.7751        -0.0187         0.0032         0.0190 
BAR-estimator:      0.50000        0.55000       -0.0993         3.6758        -0.0993         0.0035         0.0194 
BAR-estimator:      0.55000        0.60000       -0.2527         3.4231        -0.2527         0.0035         0.0197 
BAR-estimator:      0.60000        0.65000       -0.4254         2.9976        -0.4254         0.0041         0.0201 
BAR-estimator:      0.65000        0.70000       -0.6027         2.3950        -0.6027         0.0046         0.0206 
BAR-estimator:      0.70000        0.75000       -0.7179         1.6771        -0.7179         0.0042         0.0210 
BAR-estimator:      0.75000        0.80000       -0.7244         0.9527        -0.7244         0.0037         0.0214 
BAR-estimator:      0.80000        0.85000       -0.6851         0.2676        -0.6851         0.0036         0.0217 
BAR-estimator:      0.85000        0.90000       -0.6360        -0.3684        -0.6360         0.0036         0.0220 
BAR-estimator:      0.90000        0.95000       -0.5929        -0.9613        -0.5929         0.0026         0.0221 
BAR-estimator:      0.95000        1.00000       -0.5462        -1.5075        -0.5462         0.0036         0.0224 
BAR-estimator: total free energy change is -1.5074501296407679 , total error is 0.02239694877448642
