#========================================================================================
#                     Free energy perturbation    
#----------------------------------------------------------------------------------------
#forward/backward          λ              ΔΔA                 ΔA                  δε   
#                                                 
#----------------------------------------------------------------------------------------
forward:               0.0000              0.0000              0.0000              0.0000  
forward:               0.0500              1.5345              1.5345              0.0171  
forward:               0.1000              0.9635              2.4981              0.0220  
forward:               0.1500              0.5477              3.0457              0.0247  
forward:               0.2000              0.3377              3.3834              0.0256  
forward:               0.2500              0.1930              3.5764              0.0266  
forward:               0.3000              0.1051              3.6815              0.0271  
forward:               0.3500              0.0542              3.7358              0.0276  
forward:               0.4000              0.0145              3.7503              0.0281  
forward:               0.4500             -0.0247              3.7255              0.0284  
forward:               0.5000             -0.0514              3.6742              0.0288  
forward:               0.5500             -0.1604              3.5137              0.0293  
forward:               0.6000             -0.3377              3.1761              0.0298  
forward:               0.6500             -0.5104              2.6657              0.0303  
forward:               0.7000             -0.6688              1.9969              0.0308  
forward:               0.7500             -0.7589              1.2380              0.0314  
forward:               0.8000             -0.8220              0.4160              0.0317  
forward:               0.8500             -0.8513             -0.4353              0.0321  
forward:               0.9000             -0.8629             -1.2982              0.0325  
forward:               0.9500             -0.8669             -2.1651              0.0328  
forward:               1.0000             -0.8632             -3.0283              0.0331  
backward:              1.0000              0.0000             -3.0283              0.0000  
backward:              0.9500              0.8539             -2.1744              0.0076  
backward:              0.9000              0.8464             -1.3279              0.0104  
backward:              0.8500              0.8550             -0.4730              0.0122  
backward:              0.8000              0.8420              0.3690              0.0136  
backward:              0.7500              0.8116              1.1806              0.0152  
backward:              0.7000              0.7558              1.9365              0.0163  
backward:              0.6500              0.6431              2.5795              0.0176  
backward:              0.6000              0.5114              3.0910              0.0187  
backward:              0.5500              0.3441              3.4351              0.0198  
backward:              0.5000              0.1594              3.5945              0.0209  
backward:              0.4500              0.0498              3.6443              0.0215  
backward:              0.4000              0.0234              3.6677              0.0224  
backward:              0.3500             -0.0069              3.6608              0.0230  
backward:              0.3000             -0.0677              3.5932              0.0243  
backward:              0.2500             -0.1162              3.4769              0.0259  
backward:              0.2000             -0.1942              3.2828              0.0278  
backward:              0.1500             -0.3089              2.9738              0.0299  
backward:              0.1000             -0.5705              2.4033              0.0344  
backward:              0.0500             -0.9148              1.4885              0.0399  
backward:              0.0000             -1.6284             -0.1399              0.0571  
Inaccuracy estimation
======================================================================================================
                   i        i+δi          P0_overlap_P1   δε(forward)/ε   δε(backward)/ε
======================================================================================================
inaccuracy:  0.00000        0.05000           38.71           -0.03            1.49
inaccuracy:  0.05000        0.10000           45.94           -0.04            1.03
inaccuracy:  0.10000        0.15000           55.73           -0.03            0.58
inaccuracy:  0.15000        0.20000           60.06           -0.03            0.40
inaccuracy:  0.20000        0.25000           64.92           -0.03            0.26
inaccuracy:  0.25000        0.30000           68.87           -0.02            0.20
inaccuracy:  0.30000        0.35000           69.96           -0.02            0.16
inaccuracy:  0.35000        0.40000           69.77           -0.02            0.15
inaccuracy:  0.40000        0.45000           70.85           -0.02            0.13
inaccuracy:  0.45000        0.50000           72.31           -0.02            0.12
inaccuracy:  0.50000        0.55000           65.72           -0.08            0.15
inaccuracy:  0.55000        0.60000           65.54           -0.10            0.12
inaccuracy:  0.60000        0.65000           65.92           -0.11            0.09
inaccuracy:  0.65000        0.70000           67.32           -0.09            0.08
inaccuracy:  0.70000        0.75000           66.60           -0.09            0.07
inaccuracy:  0.75000        0.80000           67.53           -0.10            0.07
inaccuracy:  0.80000        0.85000           67.15           -0.08            0.06
inaccuracy:  0.85000        0.90000           66.94           -0.09            0.07
inaccuracy:  0.90000        0.95000           66.31           -0.09            0.07
inaccuracy:  0.95000        1.00000           65.73           -0.09            0.07
===================================================================================================================================
                BAR        
-----------------------------------------------------------------------------------------------------------------------------------
BAR-estimator:         λ             λ+δλ          ΔΔA             ΔA            C               Δδe            δe       
                          
-----------------------------------------------------------------------------------------------------------------------------------
BAR-estimator:      0.00000        0.05000        1.5311         1.5311         1.5311         0.0087         0.0087 
BAR-estimator:      0.05000        0.10000        0.9476         2.4787         0.9476         0.0080         0.0118 
BAR-estimator:      0.10000        0.15000        0.5569         3.0356         0.5569         0.0082         0.0144 
BAR-estimator:      0.15000        0.20000        0.3325         3.3680         0.3325         0.0047         0.0151 
BAR-estimator:      0.20000        0.25000        0.1925         3.5605         0.1925         0.0047         0.0159 
BAR-estimator:      0.25000        0.30000        0.1093         3.6699         0.1093         0.0038         0.0163 
BAR-estimator:      0.30000        0.35000        0.0570         3.7268         0.0570         0.0039         0.0168 
BAR-estimator:      0.35000        0.40000        0.0107         3.7375         0.0107         0.0038         0.0172 
BAR-estimator:      0.40000        0.45000       -0.0250         3.7125        -0.0250         0.0032         0.0175 
BAR-estimator:      0.45000        0.50000       -0.0497         3.6628        -0.0497         0.0032         0.0178 
BAR-estimator:      0.50000        0.55000       -0.1610         3.5017        -0.1610         0.0036         0.0181 
BAR-estimator:      0.55000        0.60000       -0.3427         3.1590        -0.3427         0.0036         0.0185 
BAR-estimator:      0.60000        0.65000       -0.5129         2.6461        -0.5129         0.0036         0.0189 
BAR-estimator:      0.65000        0.70000       -0.6618         1.9842        -0.6618         0.0038         0.0192 
BAR-estimator:      0.70000        0.75000       -0.7581         1.2261        -0.7581         0.0043         0.0197 
BAR-estimator:      0.75000        0.80000       -0.8190         0.4071        -0.8190         0.0035         0.0200 
BAR-estimator:      0.80000        0.85000       -0.8465        -0.4394        -0.8465         0.0036         0.0204 
BAR-estimator:      0.85000        0.90000       -0.8583        -1.2977        -0.8583         0.0037         0.0207 
BAR-estimator:      0.90000        0.95000       -0.8605        -2.1582        -0.8605         0.0038         0.0210 
BAR-estimator:      0.95000        1.00000       -0.8584        -3.0167        -0.8584         0.0044         0.0215 
BAR-estimator: total free energy change is -3.0166646629096148 , total error is 0.02148234591640059
