#========================================================================================
#                     Free energy perturbation    
#----------------------------------------------------------------------------------------
#forward/backward          λ              ΔΔA                 ΔA                  δε   
#                                                 
#----------------------------------------------------------------------------------------
forward:               0.0000              0.0000              0.0000              0.0000  
forward:               0.0500              0.9587              0.9587              0.0204  
forward:               0.1000              0.5034              1.4620              0.0226  
forward:               0.1500              0.2900              1.7520              0.0243  
forward:               0.2000              0.1781              1.9302              0.0249  
forward:               0.2500              0.1198              2.0500              0.0254  
forward:               0.3000              0.0781              2.1280              0.0260  
forward:               0.3500              0.0337              2.1617              0.0264  
forward:               0.4000              0.0120              2.1737              0.0268  
forward:               0.4500             -0.0049              2.1688              0.0272  
forward:               0.5000             -0.0236              2.1453              0.0275  
forward:               0.5500             -0.0345              2.1107              0.0278  
forward:               0.6000             -0.0837              2.0270              0.0280  
forward:               0.6500             -0.1199              1.9072              0.0282  
forward:               0.7000             -0.1423              1.7648              0.0285  
forward:               0.7500             -0.1596              1.6053              0.0286  
forward:               0.8000             -0.1804              1.4248              0.0288  
forward:               0.8500             -0.1877              1.2371              0.0290  
forward:               0.9000             -0.1956              1.0415              0.0292  
forward:               0.9500             -0.2044              0.8371              0.0294  
forward:               1.0000             -0.2108              0.6263              0.0296  
backward:              1.0000              0.0000              0.6263              0.0000  
backward:              0.9500              0.2153              0.8416              0.0036  
backward:              0.9000              0.2107              1.0524              0.0055  
backward:              0.8500              0.1925              1.2449              0.0076  
backward:              0.8000              0.1862              1.4311              0.0086  
backward:              0.7500              0.1807              1.6117              0.0096  
backward:              0.7000              0.1563              1.7681              0.0105  
backward:              0.6500              0.1481              1.9162              0.0107  
backward:              0.6000              0.1102              2.0263              0.0115  
backward:              0.5500              0.0795              2.1058              0.0126  
backward:              0.5000              0.0387              2.1446              0.0138  
backward:              0.4500              0.0251              2.1697              0.0144  
backward:              0.4000              0.0110              2.1807              0.0151  
backward:              0.3500             -0.0133              2.1673              0.0160  
backward:              0.3000             -0.0440              2.1233              0.0168  
backward:              0.2500             -0.0740              2.0493              0.0181  
backward:              0.2000             -0.1122              1.9372              0.0197  
backward:              0.1500             -0.1860              1.7512              0.0218  
backward:              0.1000             -0.3047              1.4465              0.0247  
backward:              0.0500             -0.5243              0.9221              0.0331  
backward:              0.0000             -0.9794             -0.0572              0.0526  
Inaccuracy estimation
======================================================================================================
                   i        i+δi          P0_overlap_P1   δε(forward)/ε   δε(backward)/ε
======================================================================================================
inaccuracy:  0.00000        0.05000           45.40           -0.02            1.21
inaccuracy:  0.05000        0.10000           59.77           -0.02            0.48
inaccuracy:  0.10000        0.15000           67.01           -0.02            0.28
inaccuracy:  0.15000        0.20000           71.41           -0.01            0.18
inaccuracy:  0.20000        0.25000           72.95           -0.00            0.14
inaccuracy:  0.25000        0.30000           74.92           -0.01            0.12
inaccuracy:  0.30000        0.35000           77.97           -0.01            0.10
inaccuracy:  0.35000        0.40000           76.95           -0.00            0.09
inaccuracy:  0.40000        0.45000           76.99           -0.01            0.08
inaccuracy:  0.45000        0.50000           78.00           -0.01            0.08
inaccuracy:  0.50000        0.55000           75.42           -0.02            0.08
inaccuracy:  0.55000        0.60000           76.60           -0.02            0.07
inaccuracy:  0.60000        0.65000           78.12           -0.02            0.07
inaccuracy:  0.65000        0.70000           76.70           -0.02            0.07
inaccuracy:  0.70000        0.75000           77.31           -0.02            0.06
inaccuracy:  0.75000        0.80000           76.84           -0.02            0.06
inaccuracy:  0.80000        0.85000           77.17           -0.02            0.06
inaccuracy:  0.85000        0.90000           76.92           -0.02            0.06
inaccuracy:  0.90000        0.95000           76.88           -0.02            0.07
inaccuracy:  0.95000        1.00000           76.47           -0.02            0.06
===================================================================================================================================
                BAR        
-----------------------------------------------------------------------------------------------------------------------------------
BAR-estimator:         λ             λ+δλ          ΔΔA             ΔA            C               Δδe            δe       
                          
-----------------------------------------------------------------------------------------------------------------------------------
BAR-estimator:      0.00000        0.05000        0.9531         0.9531         0.9531         0.0116         0.0116 
BAR-estimator:      0.05000        0.10000        0.4996         1.4528         0.4996         0.0065         0.0133 
BAR-estimator:      0.10000        0.15000        0.2950         1.7478         0.2950         0.0055         0.0144 
BAR-estimator:      0.15000        0.20000        0.1784         1.9261         0.1784         0.0037         0.0149 
BAR-estimator:      0.20000        0.25000        0.1161         2.0422         0.1161         0.0034         0.0153 
BAR-estimator:      0.25000        0.30000        0.0768         2.1190         0.0768         0.0034         0.0157 
BAR-estimator:      0.30000        0.35000        0.0391         2.1581         0.0391         0.0031         0.0160 
BAR-estimator:      0.35000        0.40000        0.0118         2.1699         0.0118         0.0031         0.0163 
BAR-estimator:      0.40000        0.45000       -0.0068         2.1630        -0.0068         0.0032         0.0166 
BAR-estimator:      0.45000        0.50000       -0.0234         2.1396        -0.0234         0.0028         0.0168 
BAR-estimator:      0.50000        0.55000       -0.0388         2.1009        -0.0388         0.0024         0.0170 
BAR-estimator:      0.55000        0.60000       -0.0836         2.0172        -0.0836         0.0028         0.0172 
BAR-estimator:      0.60000        0.65000       -0.1168         1.9004        -0.1168         0.0026         0.0174 
BAR-estimator:      0.65000        0.70000       -0.1441         1.7563        -0.1441         0.0026         0.0176 
BAR-estimator:      0.70000        0.75000       -0.1603         1.5961        -0.1603         0.0026         0.0178 
BAR-estimator:      0.75000        0.80000       -0.1828         1.4133        -0.1828         0.0026         0.0180 
BAR-estimator:      0.80000        0.85000       -0.1881         1.2252        -0.1881         0.0027         0.0182 
BAR-estimator:      0.85000        0.90000       -0.1958         1.0294        -0.1958         0.0028         0.0184 
BAR-estimator:      0.90000        0.95000       -0.2055         0.8238        -0.2055         0.0028         0.0186 
BAR-estimator:      0.95000        1.00000       -0.2134         0.6104        -0.2134         0.0025         0.0188 
BAR-estimator: total free energy change is 0.6104487184321943 , total error is 0.018770202053952793
