#========================================================================================
#                     Free energy perturbation    
#----------------------------------------------------------------------------------------
#forward/backward          λ              ΔΔA                 ΔA                  δε   
#                                                 
#----------------------------------------------------------------------------------------
forward:               0.0000              0.0000              0.0000              0.0000  
forward:               0.0500              2.7403              2.7403              0.0510  
forward:               0.1000              1.4874              4.2278              0.0588  
forward:               0.1500              0.6886              4.9164              0.0617  
forward:               0.2000              0.3025              5.2189              0.0626  
forward:               0.2500              0.1051              5.3240              0.0633  
forward:               0.3000             -0.0063              5.3177              0.0637  
forward:               0.3500             -0.0848              5.2328              0.0641  
forward:               0.4000             -0.1338              5.0990              0.0644  
forward:               0.4500             -0.1798              4.9193              0.0647  
forward:               0.5000             -0.2231              4.6962              0.0649  
forward:               0.5500             -0.4156              4.2806              0.0655  
forward:               0.6000             -0.8247              3.4559              0.0660  
forward:               0.6500             -1.1700              2.2859              0.0665  
forward:               0.7000             -1.4485              0.8374              0.0670  
forward:               0.7500             -1.6545             -0.8172              0.0673  
forward:               0.8000             -1.7798             -2.5970              0.0676  
forward:               0.8500             -1.8799             -4.4769              0.0680  
forward:               0.9000             -1.9377             -6.4147              0.0683  
forward:               0.9500             -1.9848             -8.3994              0.0686  
forward:               1.0000             -2.0091            -10.4085              0.0689  
backward:              1.0000              0.0000            -10.4085              0.0000  
backward:              0.9500              2.0172             -8.3913              0.0101  
backward:              0.9000              1.9722             -6.4191              0.0129  
backward:              0.8500              1.9416             -4.4775              0.0154  
backward:              0.8000              1.8714             -2.6062              0.0174  
backward:              0.7500              1.7825             -0.8237              0.0190  
backward:              0.7000              1.6373              0.8137              0.0217  
backward:              0.6500              1.4399              2.2536              0.0240  
backward:              0.6000              1.1559              3.4095              0.0259  
backward:              0.5500              0.8297              4.2391              0.0277  
backward:              0.5000              0.4218              4.6610              0.0295  
backward:              0.4500              0.2169              4.8779              0.0300  
backward:              0.4000              0.1857              5.0636              0.0308  
backward:              0.3500              0.1376              5.2012              0.0316  
backward:              0.3000              0.1019              5.3031              0.0327  
backward:              0.2500              0.0158              5.3189              0.0338  
backward:              0.2000             -0.0855              5.2334              0.0355  
backward:              0.1500             -0.3103              4.9231              0.0408  
backward:              0.1000             -0.7106              4.2125              0.0501  
backward:              0.0500             -1.3922              2.8202              0.0624  
backward:              0.0000             -2.7703              0.0499              0.0883  
Inaccuracy estimation
======================================================================================================
                   i        i+δi          P0_overlap_P1   δε(forward)/ε   δε(backward)/ε
======================================================================================================
inaccuracy:  0.00000        0.05000           24.00            0.13            3.52
inaccuracy:  0.05000        0.10000           32.57           -0.09            2.16
inaccuracy:  0.10000        0.15000           45.56           -0.05            0.99
inaccuracy:  0.15000        0.20000           55.82           -0.04            0.47
inaccuracy:  0.20000        0.25000           60.28           -0.03            0.32
inaccuracy:  0.25000        0.30000           63.79           -0.03            0.22
inaccuracy:  0.30000        0.35000           64.93           -0.05            0.18
inaccuracy:  0.35000        0.40000           67.81           -0.03            0.16
inaccuracy:  0.40000        0.45000           68.10           -0.03            0.14
inaccuracy:  0.45000        0.50000           70.14           -0.04            0.13
inaccuracy:  0.50000        0.55000           57.10           -0.17            0.22
inaccuracy:  0.55000        0.60000           58.47           -0.21            0.12
inaccuracy:  0.60000        0.65000           59.58           -0.21            0.06
inaccuracy:  0.65000        0.70000           60.23           -0.22            0.03
inaccuracy:  0.70000        0.75000           61.17           -0.22           -0.00
inaccuracy:  0.75000        0.80000           60.32           -0.25           -0.02
inaccuracy:  0.80000        0.85000           61.24           -0.25           -0.03
inaccuracy:  0.85000        0.90000           59.99           -0.23           -0.04
inaccuracy:  0.90000        0.95000           60.01           -0.21           -0.04
inaccuracy:  0.95000        1.00000           58.37           -0.27           -0.04
===================================================================================================================================
                BAR        
-----------------------------------------------------------------------------------------------------------------------------------
BAR-estimator:         λ             λ+δλ          ΔΔA             ΔA            C               Δδe            δe       
                          
-----------------------------------------------------------------------------------------------------------------------------------
BAR-estimator:      0.00000        0.05000        2.7798         2.7798         2.7798         0.0166         0.0166 
BAR-estimator:      0.05000        0.10000        1.4772         4.2570         1.4772         0.0143         0.0219 
BAR-estimator:      0.10000        0.15000        0.6971         4.9540         0.6971         0.0106         0.0243 
BAR-estimator:      0.15000        0.20000        0.2996         5.2536         0.2996         0.0072         0.0254 
BAR-estimator:      0.20000        0.25000        0.0973         5.3509         0.0973         0.0063         0.0261 
BAR-estimator:      0.25000        0.30000       -0.0106         5.3403        -0.0106         0.0042         0.0265 
BAR-estimator:      0.30000        0.35000       -0.0948         5.2455        -0.0948         0.0046         0.0269 
BAR-estimator:      0.35000        0.40000       -0.1344         5.1111        -0.1344         0.0044         0.0272 
BAR-estimator:      0.40000        0.45000       -0.1816         4.9296        -0.1816         0.0041         0.0275 
BAR-estimator:      0.45000        0.50000       -0.2198         4.7097        -0.2198         0.0036         0.0278 
BAR-estimator:      0.50000        0.55000       -0.4162         4.2935        -0.4162         0.0055         0.0283 
BAR-estimator:      0.55000        0.60000       -0.8293         3.4642        -0.8293         0.0051         0.0288 
BAR-estimator:      0.60000        0.65000       -1.1612         2.3030        -1.1612         0.0053         0.0292 
BAR-estimator:      0.65000        0.70000       -1.4443         0.8587        -1.4443         0.0047         0.0296 
BAR-estimator:      0.70000        0.75000       -1.6487        -0.7900        -1.6487         0.0045         0.0300 
BAR-estimator:      0.75000        0.80000       -1.7794        -2.5694        -1.7794         0.0043         0.0303 
BAR-estimator:      0.80000        0.85000       -1.8717        -4.4411        -1.8717         0.0049         0.0307 
BAR-estimator:      0.85000        0.90000       -1.9434        -6.3845        -1.9434         0.0056         0.0312 
BAR-estimator:      0.90000        0.95000       -1.9771        -8.3616        -1.9771         0.0055         0.0317 
BAR-estimator:      0.95000        1.00000       -2.0137       -10.3753        -2.0137         0.0055         0.0321 
BAR-estimator: total free energy change is -10.375331247480293 , total error is 0.032129356642956464
