#========================================================================================
#                     Free energy perturbation    
#----------------------------------------------------------------------------------------
#forward/backward          λ              ΔΔA                 ΔA                  δε   
#                                                 
#----------------------------------------------------------------------------------------
forward:               0.0000              0.0000              0.0000              0.0000  
forward:               0.0500              0.3054              0.3054              0.0071  
forward:               0.1000              0.2476              0.5530              0.0093  
forward:               0.1500              0.2034              0.7564              0.0105  
forward:               0.2000              0.1624              0.9188              0.0113  
forward:               0.2500              0.1556              1.0744              0.0121  
forward:               0.3000              0.1386              1.2130              0.0126  
forward:               0.3500              0.1249              1.3379              0.0128  
forward:               0.4000              0.1152              1.4530              0.0135  
forward:               0.4500              0.1037              1.5567              0.0138  
forward:               0.5000              0.1023              1.6590              0.0142  
forward:               0.5500              0.0622              1.7212              0.0150  
forward:               0.6000              0.0094              1.7306              0.0154  
forward:               0.6500             -0.0325              1.6980              0.0157  
forward:               0.7000             -0.0721              1.6259              0.0160  
forward:               0.7500             -0.0978              1.5281              0.0163  
forward:               0.8000             -0.1167              1.4114              0.0165  
forward:               0.8500             -0.1333              1.2781              0.0168  
forward:               0.9000             -0.1436              1.1345              0.0170  
forward:               0.9500             -0.1532              0.9813              0.0172  
forward:               1.0000             -0.1598              0.8216              0.0175  
backward:              1.0000              0.0000              0.8216              0.0000  
backward:              0.9500              0.1590              0.9806              0.0033  
backward:              0.9000              0.1547              1.1353              0.0045  
backward:              0.8500              0.1448              1.2801              0.0055  
backward:              0.8000              0.1250              1.4050              0.0065  
backward:              0.7500              0.1162              1.5212              0.0072  
backward:              0.7000              0.0933              1.6145              0.0080  
backward:              0.6500              0.0658              1.6803              0.0087  
backward:              0.6000              0.0300              1.7103              0.0091  
backward:              0.5500             -0.0087              1.7016              0.0097  
backward:              0.5000             -0.0671              1.6345              0.0104  
backward:              0.4500             -0.1027              1.5318              0.0110  
backward:              0.4000             -0.1123              1.4195              0.0115  
backward:              0.3500             -0.1114              1.3081              0.0123  
backward:              0.3000             -0.1295              1.1786              0.0130  
backward:              0.2500             -0.1418              1.0368              0.0137  
backward:              0.2000             -0.1490              0.8879              0.0142  
backward:              0.1500             -0.1803              0.7076              0.0152  
backward:              0.1000             -0.1963              0.5112              0.0164  
backward:              0.0500             -0.2578              0.2535              0.0196  
backward:              0.0000             -0.3029             -0.0494              0.0214  
Inaccuracy estimation
======================================================================================================
                   i        i+δi          P0_overlap_P1   δε(forward)/ε   δε(backward)/ε
======================================================================================================
inaccuracy:  0.00000        0.05000           73.19           -0.00            0.21
inaccuracy:  0.05000        0.10000           75.75           -0.00            0.15
inaccuracy:  0.10000        0.15000           77.85           -0.00            0.12
inaccuracy:  0.15000        0.20000           81.48           -0.00            0.08
inaccuracy:  0.20000        0.25000           80.70           -0.00            0.09
inaccuracy:  0.25000        0.30000           81.73           -0.00            0.07
inaccuracy:  0.30000        0.35000           82.22           -0.00            0.07
inaccuracy:  0.35000        0.40000           82.00           -0.00            0.06
inaccuracy:  0.40000        0.45000           84.18           -0.00            0.06
inaccuracy:  0.45000        0.50000           83.06           -0.00            0.06
inaccuracy:  0.50000        0.55000           79.97           -0.02            0.07
inaccuracy:  0.55000        0.60000           80.16           -0.02            0.06
inaccuracy:  0.60000        0.65000           80.52           -0.01            0.05
inaccuracy:  0.65000        0.70000           80.90           -0.02            0.05
inaccuracy:  0.70000        0.75000           81.38           -0.02            0.05
inaccuracy:  0.75000        0.80000           81.25           -0.02            0.05
inaccuracy:  0.80000        0.85000           81.92           -0.02            0.05
inaccuracy:  0.85000        0.90000           80.45           -0.02            0.05
inaccuracy:  0.90000        0.95000           80.47           -0.02            0.05
inaccuracy:  0.95000        1.00000           79.72           -0.01            0.05
===================================================================================================================================
                BAR        
-----------------------------------------------------------------------------------------------------------------------------------
BAR-estimator:         λ             λ+δλ          ΔΔA             ΔA            C               Δδe            δe       
                          
-----------------------------------------------------------------------------------------------------------------------------------
BAR-estimator:      0.00000        0.05000        0.3056         0.3056         0.3056         0.0049         0.0049 
BAR-estimator:      0.05000        0.10000        0.2465         0.5521         0.2465         0.0042         0.0065 
BAR-estimator:      0.10000        0.15000        0.2013         0.7533         0.2013         0.0047         0.0080 
BAR-estimator:      0.15000        0.20000        0.1673         0.9206         0.1673         0.0029         0.0085 
BAR-estimator:      0.20000        0.25000        0.1539         1.0745         0.1539         0.0027         0.0089 
BAR-estimator:      0.25000        0.30000        0.1396         1.2141         0.1396         0.0025         0.0093 
BAR-estimator:      0.30000        0.35000        0.1261         1.3402         0.1261         0.0017         0.0095 
BAR-estimator:      0.35000        0.40000        0.1142         1.4543         0.1142         0.0027         0.0098 
BAR-estimator:      0.40000        0.45000        0.1079         1.5622         0.1079         0.0022         0.0101 
BAR-estimator:      0.45000        0.50000        0.1027         1.6649         0.1027         0.0023         0.0103 
BAR-estimator:      0.50000        0.55000        0.0656         1.7305         0.0656         0.0032         0.0108 
BAR-estimator:      0.55000        0.60000        0.0094         1.7400         0.0094         0.0023         0.0111 
BAR-estimator:      0.60000        0.65000       -0.0322         1.7078        -0.0322         0.0027         0.0114 
BAR-estimator:      0.65000        0.70000       -0.0697         1.6381        -0.0697         0.0025         0.0117 
BAR-estimator:      0.70000        0.75000       -0.0972         1.5409        -0.0972         0.0028         0.0120 
BAR-estimator:      0.75000        0.80000       -0.1170         1.4239        -0.1170         0.0021         0.0122 
BAR-estimator:      0.80000        0.85000       -0.1295         1.2944        -0.1295         0.0025         0.0124 
BAR-estimator:      0.85000        0.90000       -0.1447         1.1497        -0.1447         0.0023         0.0126 
BAR-estimator:      0.90000        0.95000       -0.1542         0.9955        -0.1542         0.0023         0.0129 
BAR-estimator:      0.95000        1.00000       -0.1602         0.8353        -0.1602         0.0026         0.0131 
BAR-estimator: total free energy change is 0.8352831475727951 , total error is 0.01310715580590481
