#========================================================================================
#                     Free energy perturbation    
#----------------------------------------------------------------------------------------
#forward/backward          λ              ΔΔA                 ΔA                  δε   
#                                                 
#----------------------------------------------------------------------------------------
forward:               0.0000              0.0000              0.0000              0.0000  
forward:               0.0500              1.7916              1.7916              0.0201  
forward:               0.1000              1.0474              2.8390              0.0262  
forward:               0.1500              0.5975              3.4366              0.0288  
forward:               0.2000              0.3450              3.7816              0.0303  
forward:               0.2500              0.2080              3.9896              0.0312  
forward:               0.3000              0.1344              4.1240              0.0319  
forward:               0.3500              0.0741              4.1981              0.0324  
forward:               0.4000              0.0182              4.2163              0.0330  
forward:               0.4500             -0.0012              4.2151              0.0333  
forward:               0.5000             -0.0320              4.1831              0.0336  
forward:               0.5500             -0.0756              4.1075              0.0340  
forward:               0.6000             -0.1498              3.9577              0.0343  
forward:               0.6500             -0.2151              3.7426              0.0347  
forward:               0.7000             -0.2697              3.4729              0.0349  
forward:               0.7500             -0.3146              3.1583              0.0352  
forward:               0.8000             -0.3523              2.8060              0.0355  
forward:               0.8500             -0.3883              2.4177              0.0356  
forward:               0.9000             -0.4156              2.0021              0.0359  
forward:               0.9500             -0.4480              1.5541              0.0361  
forward:               1.0000             -0.4508              1.1032              0.0363  
backward:              1.0000              0.0000              1.1032              0.0000  
backward:              0.9500              0.4460              1.5492              0.0052  
backward:              0.9000              0.4403              1.9895              0.0071  
backward:              0.8500              0.4105              2.4000              0.0090  
backward:              0.8000              0.3845              2.7845              0.0107  
backward:              0.7500              0.3482              3.1326              0.0121  
backward:              0.7000              0.3222              3.4548              0.0131  
backward:              0.6500              0.2694              3.7242              0.0141  
backward:              0.6000              0.2126              3.9368              0.0152  
backward:              0.5500              0.1437              4.0805              0.0164  
backward:              0.5000              0.0706              4.1511              0.0175  
backward:              0.4500              0.0306              4.1817              0.0184  
backward:              0.4000              0.0046              4.1864              0.0192  
backward:              0.3500             -0.0317              4.1547              0.0205  
backward:              0.3000             -0.0689              4.0857              0.0221  
backward:              0.2500             -0.1242              3.9615              0.0238  
backward:              0.2000             -0.2010              3.7606              0.0256  
backward:              0.1500             -0.3388              3.4217              0.0283  
backward:              0.1000             -0.5870              2.8348              0.0290  
backward:              0.0500             -1.0223              1.8125              0.0377  
backward:              0.0000             -1.7149              0.0976              0.0471  
Inaccuracy estimation
======================================================================================================
                   i        i+δi          P0_overlap_P1   δε(forward)/ε   δε(backward)/ε
======================================================================================================
inaccuracy:  0.00000        0.05000           33.16           -0.03            2.24
inaccuracy:  0.05000        0.10000           44.38           -0.05            1.17
inaccuracy:  0.10000        0.15000           53.31           -0.04            0.61
inaccuracy:  0.15000        0.20000           61.22           -0.02            0.37
inaccuracy:  0.20000        0.25000           65.38           -0.02            0.28
inaccuracy:  0.25000        0.30000           66.87           -0.02            0.20
inaccuracy:  0.30000        0.35000           68.14           -0.02            0.18
inaccuracy:  0.35000        0.40000           71.28           -0.02            0.14
inaccuracy:  0.40000        0.45000           70.94           -0.02            0.14
inaccuracy:  0.45000        0.50000           71.68           -0.01            0.12
inaccuracy:  0.50000        0.55000           69.92           -0.04            0.13
inaccuracy:  0.55000        0.60000           70.62           -0.04            0.12
inaccuracy:  0.60000        0.65000           71.08           -0.05            0.11
inaccuracy:  0.65000        0.70000           70.70           -0.04            0.10
inaccuracy:  0.70000        0.75000           70.24           -0.05            0.10
inaccuracy:  0.75000        0.80000           70.53           -0.05            0.09
inaccuracy:  0.80000        0.85000           71.29           -0.04            0.09
inaccuracy:  0.85000        0.90000           71.31           -0.04            0.08
inaccuracy:  0.90000        0.95000           70.84           -0.04            0.08
inaccuracy:  0.95000        1.00000           70.27           -0.05            0.08
===================================================================================================================================
                BAR        
-----------------------------------------------------------------------------------------------------------------------------------
BAR-estimator:         λ             λ+δλ          ΔΔA             ΔA            C               Δδe            δe       
                          
-----------------------------------------------------------------------------------------------------------------------------------
BAR-estimator:      0.00000        0.05000        1.7922         1.7922         1.7922         0.0100         0.0100 
BAR-estimator:      0.05000        0.10000        1.0425         2.8347         1.0425         0.0088         0.0133 
BAR-estimator:      0.10000        0.15000        0.5950         3.4296         0.5950         0.0076         0.0153 
BAR-estimator:      0.15000        0.20000        0.3490         3.7786         0.3490         0.0058         0.0164 
BAR-estimator:      0.20000        0.25000        0.2132         3.9918         0.2132         0.0049         0.0171 
BAR-estimator:      0.25000        0.30000        0.1278         4.1196         0.1278         0.0044         0.0177 
BAR-estimator:      0.30000        0.35000        0.0719         4.1916         0.0719         0.0038         0.0181 
BAR-estimator:      0.35000        0.40000        0.0218         4.2134         0.0218         0.0042         0.0186 
BAR-estimator:      0.40000        0.45000       -0.0022         4.2112        -0.0022         0.0031         0.0188 
BAR-estimator:      0.45000        0.50000       -0.0305         4.1807        -0.0305         0.0035         0.0191 
BAR-estimator:      0.50000        0.55000       -0.0730         4.1077        -0.0730         0.0032         0.0194 
BAR-estimator:      0.55000        0.60000       -0.1478         3.9599        -0.1478         0.0030         0.0196 
BAR-estimator:      0.60000        0.65000       -0.2131         3.7468        -0.2131         0.0034         0.0199 
BAR-estimator:      0.65000        0.70000       -0.2686         3.4781        -0.2686         0.0033         0.0202 
BAR-estimator:      0.70000        0.75000       -0.3155         3.1626        -0.3155         0.0033         0.0205 
BAR-estimator:      0.75000        0.80000       -0.3531         2.8095        -0.3531         0.0034         0.0208 
BAR-estimator:      0.80000        0.85000       -0.3880         2.4215        -0.3880         0.0031         0.0210 
BAR-estimator:      0.85000        0.90000       -0.4144         2.0071        -0.4144         0.0035         0.0213 
BAR-estimator:      0.90000        0.95000       -0.4448         1.5624        -0.4448         0.0037         0.0216 
BAR-estimator:      0.95000        1.00000       -0.4485         1.1139        -0.4485         0.0031         0.0218 
BAR-estimator: total free energy change is 1.113857178799708 , total error is 0.021832561622795427
