#========================================================================================
#                     Free energy perturbation    
#----------------------------------------------------------------------------------------
#forward/backward          λ              ΔΔA                 ΔA                  δε   
#                                                 
#----------------------------------------------------------------------------------------
forward:               0.0000              0.0000              0.0000              0.0000  
forward:               0.0500              3.1389              3.1389              0.0591  
forward:               0.1000              1.6630              4.8019              0.0676  
forward:               0.1500              0.6924              5.4943              0.0700  
forward:               0.2000              0.2477              5.7421              0.0709  
forward:               0.2500              0.0383              5.7804              0.0715  
forward:               0.3000             -0.1036              5.6768              0.0717  
forward:               0.3500             -0.1750              5.5019              0.0720  
forward:               0.4000             -0.2354              5.2664              0.0722  
forward:               0.4500             -0.2772              4.9892              0.0724  
forward:               0.5000             -0.3208              4.6684              0.0725  
forward:               0.5500             -0.5884              4.0801              0.0730  
forward:               0.6000             -1.0764              3.0037              0.0736  
forward:               0.6500             -1.4485              1.5551              0.0742  
forward:               0.7000             -1.7575             -0.2024              0.0746  
forward:               0.7500             -1.9488             -2.1512              0.0751  
forward:               0.8000             -2.0503             -4.2015              0.0756  
forward:               0.8500             -2.0727             -6.2742              0.0761  
forward:               0.9000             -2.0570             -8.3312              0.0764  
forward:               0.9500             -2.0242            -10.3555              0.0766  
forward:               1.0000             -1.9848            -12.3403              0.0769  
backward:              1.0000              0.0000            -12.3403              0.0000  
backward:              0.9500              1.9817            -10.3586              0.0076  
backward:              0.9000              1.9971             -8.3614              0.0141  
backward:              0.8500              2.0523             -6.3092              0.0163  
backward:              0.8000              2.0552             -4.2540              0.0196  
backward:              0.7500              2.0218             -2.2322              0.0218  
backward:              0.7000              1.9235             -0.3087              0.0248  
backward:              0.6500              1.7490              1.4403              0.0265  
backward:              0.6000              1.4334              2.8737              0.0273  
backward:              0.5500              1.0685              3.9423              0.0289  
backward:              0.5000              0.5779              4.5202              0.0317  
backward:              0.4500              0.3204              4.8406              0.0323  
backward:              0.4000              0.2778              5.1184              0.0328  
backward:              0.3500              0.2376              5.3560              0.0336  
backward:              0.3000              0.1886              5.5446              0.0354  
backward:              0.2500              0.0832              5.6278              0.0371  
backward:              0.2000             -0.0094              5.6184              0.0387  
backward:              0.1500             -0.2703              5.3480              0.0446  
backward:              0.1000             -0.7262              4.6219              0.0602  
backward:              0.0500             -1.6082              3.0137              0.0827  
backward:              0.0000             -3.1389             -0.1252              0.1096  
Inaccuracy estimation
======================================================================================================
                   i        i+δi          P0_overlap_P1   δε(forward)/ε   δε(backward)/ε
======================================================================================================
inaccuracy:  0.00000        0.05000           20.45            0.29            4.18
inaccuracy:  0.05000        0.10000           29.96           -0.10            2.43
inaccuracy:  0.10000        0.15000           43.63           -0.06            1.09
inaccuracy:  0.15000        0.20000           55.46           -0.05            0.51
inaccuracy:  0.20000        0.25000           60.28           -0.04            0.31
inaccuracy:  0.25000        0.30000           65.33           -0.04            0.21
inaccuracy:  0.30000        0.35000           66.70           -0.03            0.17
inaccuracy:  0.35000        0.40000           68.02           -0.03            0.14
inaccuracy:  0.40000        0.45000           69.46           -0.03            0.12
inaccuracy:  0.45000        0.50000           70.00           -0.03            0.11
inaccuracy:  0.50000        0.55000           55.11           -0.22            0.21
inaccuracy:  0.55000        0.60000           57.23           -0.26            0.09
inaccuracy:  0.60000        0.65000           58.11           -0.32            0.03
inaccuracy:  0.65000        0.70000           58.71           -0.31           -0.01
inaccuracy:  0.70000        0.75000           59.02           -0.29           -0.03
inaccuracy:  0.75000        0.80000           59.10           -0.29           -0.04
inaccuracy:  0.80000        0.85000           58.28           -0.29           -0.05
inaccuracy:  0.85000        0.90000           57.28           -0.27           -0.05
inaccuracy:  0.90000        0.95000           56.59           -0.26           -0.03
inaccuracy:  0.95000        1.00000           56.38           -0.28           -0.02
===================================================================================================================================
                BAR        
-----------------------------------------------------------------------------------------------------------------------------------
BAR-estimator:         λ             λ+δλ          ΔΔA             ΔA            C               Δδe            δe       
                          
-----------------------------------------------------------------------------------------------------------------------------------
BAR-estimator:      0.00000        0.05000        3.1456         3.1456         3.1456         0.0174         0.0174 
BAR-estimator:      0.05000        0.10000        1.6370         4.7826         1.6370         0.0153         0.0232 
BAR-estimator:      0.10000        0.15000        0.6948         5.4774         0.6948         0.0111         0.0257 
BAR-estimator:      0.15000        0.20000        0.2506         5.7280         0.2506         0.0075         0.0267 
BAR-estimator:      0.20000        0.25000        0.0301         5.7582         0.0301         0.0058         0.0274 
BAR-estimator:      0.25000        0.30000       -0.1025         5.6557        -0.1025         0.0049         0.0278 
BAR-estimator:      0.30000        0.35000       -0.1800         5.4757        -0.1800         0.0044         0.0281 
BAR-estimator:      0.35000        0.40000       -0.2387         5.2370        -0.2387         0.0042         0.0285 
BAR-estimator:      0.40000        0.45000       -0.2770         4.9601        -0.2770         0.0038         0.0287 
BAR-estimator:      0.45000        0.50000       -0.3227         4.6373        -0.3227         0.0034         0.0289 
BAR-estimator:      0.50000        0.55000       -0.5901         4.0472        -0.5901         0.0052         0.0294 
BAR-estimator:      0.55000        0.60000       -1.0710         2.9762        -1.0710         0.0051         0.0298 
BAR-estimator:      0.60000        0.65000       -1.4412         1.5350        -1.4412         0.0051         0.0302 
BAR-estimator:      0.65000        0.70000       -1.7538        -0.2188        -1.7538         0.0054         0.0307 
BAR-estimator:      0.70000        0.75000       -1.9414        -2.1602        -1.9414         0.0050         0.0311 
BAR-estimator:      0.75000        0.80000       -2.0410        -4.2012        -2.0410         0.0054         0.0316 
BAR-estimator:      0.80000        0.85000       -2.0658        -6.2670        -2.0658         0.0053         0.0320 
BAR-estimator:      0.85000        0.90000       -2.0463        -8.3133        -2.0463         0.0052         0.0325 
BAR-estimator:      0.90000        0.95000       -2.0147       -10.3279        -2.0147         0.0057         0.0330 
BAR-estimator:      0.95000        1.00000       -1.9750       -12.3030        -1.9750         0.0051         0.0334 
BAR-estimator: total free energy change is -12.302976171942657 , total error is 0.03335519818606533
