#========================================================================================
#                     Free energy perturbation    
#----------------------------------------------------------------------------------------
#forward/backward          λ              ΔΔA                 ΔA                  δε   
#                                                 
#----------------------------------------------------------------------------------------
forward:               0.0000              0.0000              0.0000              0.0000  
forward:               0.0500              1.2204              1.2204              0.0130  
forward:               0.1000              0.7628              1.9832              0.0190  
forward:               0.1500              0.4400              2.4232              0.0211  
forward:               0.2000              0.2756              2.6988              0.0224  
forward:               0.2500              0.1825              2.8813              0.0235  
forward:               0.3000              0.1120              2.9934              0.0240  
forward:               0.3500              0.0686              3.0620              0.0246  
forward:               0.4000              0.0345              3.0965              0.0251  
forward:               0.4500              0.0140              3.1105              0.0254  
forward:               0.5000             -0.0065              3.1040              0.0257  
forward:               0.5500             -0.1145              2.9894              0.0263  
forward:               0.6000             -0.2732              2.7162              0.0267  
forward:               0.6500             -0.4054              2.3108              0.0274  
forward:               0.7000             -0.5421              1.7687              0.0278  
forward:               0.7500             -0.6361              1.1326              0.0281  
forward:               0.8000             -0.6982              0.4344              0.0284  
forward:               0.8500             -0.7384             -0.3040              0.0287  
forward:               0.9000             -0.7576             -1.0616              0.0290  
forward:               0.9500             -0.7633             -1.8248              0.0292  
forward:               1.0000             -0.7783             -2.6031              0.0296  
backward:              1.0000              0.0000             -2.6031              0.0000  
backward:              0.9500              0.7698             -1.8333              0.0061  
backward:              0.9000              0.7810             -1.0523              0.0079  
backward:              0.8500              0.7532             -0.2991              0.0095  
backward:              0.8000              0.7230              0.4239              0.0118  
backward:              0.7500              0.6927              1.1166              0.0127  
backward:              0.7000              0.6309              1.7475              0.0139  
backward:              0.6500              0.5420              2.2895              0.0149  
backward:              0.6000              0.4101              2.6996              0.0158  
backward:              0.5500              0.2620              2.9616              0.0179  
backward:              0.5000              0.0995              3.0612              0.0190  
backward:              0.4500             -0.0002              3.0610              0.0198  
backward:              0.4000             -0.0142              3.0468              0.0211  
backward:              0.3500             -0.0347              3.0121              0.0218  
backward:              0.3000             -0.0740              2.9381              0.0229  
backward:              0.2500             -0.1348              2.8033              0.0258  
backward:              0.2000             -0.1766              2.6267              0.0272  
backward:              0.1500             -0.2861              2.3407              0.0293  
backward:              0.1000             -0.4703              1.8704              0.0317  
backward:              0.0500             -0.7477              1.1226              0.0354  
backward:              0.0000             -1.2430             -0.1203              0.0429  
Inaccuracy estimation
======================================================================================================
                   i        i+δi          P0_overlap_P1   δε(forward)/ε   δε(backward)/ε
======================================================================================================
inaccuracy:  0.00000        0.05000           43.76           -0.03            1.10
inaccuracy:  0.05000        0.10000           51.96           -0.03            0.73
inaccuracy:  0.10000        0.15000           61.21           -0.01            0.41
inaccuracy:  0.15000        0.20000           66.30           -0.01            0.28
inaccuracy:  0.20000        0.25000           67.75           -0.02            0.20
inaccuracy:  0.25000        0.30000           71.85           -0.01            0.15
inaccuracy:  0.30000        0.35000           72.39           -0.01            0.14
inaccuracy:  0.35000        0.40000           73.45           -0.01            0.13
inaccuracy:  0.40000        0.45000           73.65           -0.01            0.11
inaccuracy:  0.45000        0.50000           74.87           -0.01            0.11
inaccuracy:  0.50000        0.55000           69.11           -0.06            0.13
inaccuracy:  0.55000        0.60000           69.67           -0.07            0.11
inaccuracy:  0.60000        0.65000           68.42           -0.07            0.09
inaccuracy:  0.65000        0.70000           69.07           -0.08            0.07
inaccuracy:  0.70000        0.75000           69.38           -0.07            0.07
inaccuracy:  0.75000        0.80000           69.85           -0.08            0.06
inaccuracy:  0.80000        0.85000           70.41           -0.07            0.06
inaccuracy:  0.85000        0.90000           68.93           -0.06            0.06
inaccuracy:  0.90000        0.95000           67.66           -0.08            0.06
inaccuracy:  0.95000        1.00000           68.65           -0.07            0.06
===================================================================================================================================
                BAR        
-----------------------------------------------------------------------------------------------------------------------------------
BAR-estimator:         λ             λ+δλ          ΔΔA             ΔA            C               Δδe            δe       
                          
-----------------------------------------------------------------------------------------------------------------------------------
BAR-estimator:      0.00000        0.05000        1.2182         1.2182         1.2182         0.0074         0.0074 
BAR-estimator:      0.05000        0.10000        0.7613         1.9795         0.7613         0.0070         0.0102 
BAR-estimator:      0.10000        0.15000        0.4522         2.4317         0.4522         0.0060         0.0118 
BAR-estimator:      0.15000        0.20000        0.2819         2.7135         0.2819         0.0050         0.0128 
BAR-estimator:      0.20000        0.25000        0.1787         2.8922         0.1787         0.0025         0.0130 
BAR-estimator:      0.25000        0.30000        0.1171         3.0093         0.1171         0.0036         0.0135 
BAR-estimator:      0.30000        0.35000        0.0698         3.0791         0.0698         0.0036         0.0140 
BAR-estimator:      0.35000        0.40000        0.0346         3.1137         0.0346         0.0035         0.0144 
BAR-estimator:      0.40000        0.45000        0.0116         3.1253         0.0116         0.0031         0.0147 
BAR-estimator:      0.45000        0.50000       -0.0044         3.1209        -0.0044         0.0028         0.0150 
BAR-estimator:      0.50000        0.55000       -0.1067         3.0142        -0.1067         0.0036         0.0154 
BAR-estimator:      0.55000        0.60000       -0.2696         2.7447        -0.2696         0.0037         0.0159 
BAR-estimator:      0.60000        0.65000       -0.4087         2.3360        -0.4087         0.0032         0.0162 
BAR-estimator:      0.65000        0.70000       -0.5433         1.7927        -0.5433         0.0033         0.0165 
BAR-estimator:      0.70000        0.75000       -0.6352         1.1576        -0.6352         0.0033         0.0169 
BAR-estimator:      0.75000        0.80000       -0.6963         0.4613        -0.6963         0.0032         0.0172 
BAR-estimator:      0.80000        0.85000       -0.7344        -0.2731        -0.7344         0.0033         0.0175 
BAR-estimator:      0.85000        0.90000       -0.7572        -1.0303        -0.7572         0.0034         0.0178 
BAR-estimator:      0.90000        0.95000       -0.7703        -1.8006        -0.7703         0.0034         0.0181 
BAR-estimator:      0.95000        1.00000       -0.7766        -2.5772        -0.7766         0.0034         0.0184 
BAR-estimator: total free energy change is -2.5771608135403725 , total error is 0.018426066111841336
