#========================================================================================
#                     Free energy perturbation    
#----------------------------------------------------------------------------------------
#forward/backward          λ              ΔΔA                 ΔA                  δε   
#                                                 
#----------------------------------------------------------------------------------------
forward:               0.0000              0.0000              0.0000              0.0000  
forward:               0.0500              1.8329              1.8329              0.0295  
forward:               0.1000              1.0289              2.8618              0.0365  
forward:               0.1500              0.5668              3.4286              0.0386  
forward:               0.2000              0.3239              3.7526              0.0397  
forward:               0.2500              0.1879              3.9404              0.0404  
forward:               0.3000              0.0894              4.0298              0.0411  
forward:               0.3500              0.0322              4.0620              0.0417  
forward:               0.4000             -0.0266              4.0354              0.0421  
forward:               0.4500             -0.0517              3.9837              0.0424  
forward:               0.5000             -0.0878              3.8960              0.0427  
forward:               0.5500             -0.1155              3.7804              0.0430  
forward:               0.6000             -0.1827              3.5977              0.0433  
forward:               0.6500             -0.2070              3.3907              0.0435  
forward:               0.7000             -0.2435              3.1472              0.0438  
forward:               0.7500             -0.2552              2.8920              0.0440  
forward:               0.8000             -0.2832              2.6087              0.0442  
forward:               0.8500             -0.2968              2.3119              0.0444  
forward:               0.9000             -0.3121              1.9998              0.0445  
forward:               0.9500             -0.3145              1.6853              0.0447  
forward:               1.0000             -0.3318              1.3534              0.0449  
backward:              1.0000              0.0000              1.3534              0.0000  
backward:              0.9500              0.3286              1.6821              0.0043  
backward:              0.9000              0.3211              2.0032              0.0065  
backward:              0.8500              0.3038              2.3069              0.0083  
backward:              0.8000              0.2932              2.6001              0.0096  
backward:              0.7500              0.2718              2.8719              0.0109  
backward:              0.7000              0.2613              3.1331              0.0120  
backward:              0.6500              0.2296              3.3627              0.0137  
backward:              0.6000              0.2011              3.5638              0.0147  
backward:              0.5500              0.1690              3.7328              0.0160  
backward:              0.5000              0.1231              3.8559              0.0169  
backward:              0.4500              0.0976              3.9536              0.0179  
backward:              0.4000              0.0545              4.0081              0.0192  
backward:              0.3500              0.0283              4.0363              0.0202  
backward:              0.3000             -0.0400              3.9963              0.0218  
backward:              0.2500             -0.0779              3.9184              0.0232  
backward:              0.2000             -0.1803              3.7381              0.0257  
backward:              0.1500             -0.3288              3.4093              0.0294  
backward:              0.1000             -0.5647              2.8446              0.0344  
backward:              0.0500             -0.9886              1.8560              0.0425  
backward:              0.0000             -1.7743              0.0817              0.0656  
Inaccuracy estimation
======================================================================================================
                   i        i+δi          P0_overlap_P1   δε(forward)/ε   δε(backward)/ε
======================================================================================================
inaccuracy:  0.00000        0.05000           30.74           -0.03            2.50
inaccuracy:  0.05000        0.10000           42.69           -0.04            1.24
inaccuracy:  0.10000        0.15000           53.28           -0.03            0.62
inaccuracy:  0.15000        0.20000           58.93           -0.04            0.37
inaccuracy:  0.20000        0.25000           62.24           -0.03            0.27
inaccuracy:  0.25000        0.30000           65.78           -0.02            0.22
inaccuracy:  0.30000        0.35000           68.33           -0.02            0.19
inaccuracy:  0.35000        0.40000           69.65           -0.03            0.15
inaccuracy:  0.40000        0.45000           69.42           -0.02            0.14
inaccuracy:  0.45000        0.50000           70.54           -0.03            0.13
inaccuracy:  0.50000        0.55000           70.04           -0.03            0.14
inaccuracy:  0.55000        0.60000           71.06           -0.03            0.11
inaccuracy:  0.60000        0.65000           71.75           -0.03            0.11
inaccuracy:  0.65000        0.70000           71.98           -0.03            0.10
inaccuracy:  0.70000        0.75000           70.27           -0.04            0.10
inaccuracy:  0.75000        0.80000           72.19           -0.03            0.09
inaccuracy:  0.80000        0.85000           71.48           -0.04            0.09
inaccuracy:  0.85000        0.90000           71.58           -0.03            0.09
inaccuracy:  0.90000        0.95000           70.53           -0.04            0.10
inaccuracy:  0.95000        1.00000           71.65           -0.03            0.10
===================================================================================================================================
                BAR        
-----------------------------------------------------------------------------------------------------------------------------------
BAR-estimator:         λ             λ+δλ          ΔΔA             ΔA            C               Δδe            δe       
                          
-----------------------------------------------------------------------------------------------------------------------------------
BAR-estimator:      0.00000        0.05000        1.8392         1.8392         1.8392         0.0138         0.0138 
BAR-estimator:      0.05000        0.10000        1.0336         2.8728         1.0336         0.0102         0.0172 
BAR-estimator:      0.10000        0.15000        0.5682         3.4410         0.5682         0.0078         0.0189 
BAR-estimator:      0.15000        0.20000        0.3183         3.7593         0.3183         0.0063         0.0199 
BAR-estimator:      0.20000        0.25000        0.1801         3.9395         0.1801         0.0047         0.0205 
BAR-estimator:      0.25000        0.30000        0.0870         4.0264         0.0870         0.0047         0.0210 
BAR-estimator:      0.30000        0.35000        0.0357         4.0621         0.0357         0.0048         0.0215 
BAR-estimator:      0.35000        0.40000       -0.0285         4.0336        -0.0285         0.0041         0.0219 
BAR-estimator:      0.40000        0.45000       -0.0546         3.9791        -0.0546         0.0036         0.0222 
BAR-estimator:      0.45000        0.50000       -0.0904         3.8887        -0.0904         0.0037         0.0225 
BAR-estimator:      0.50000        0.55000       -0.1173         3.7714        -0.1173         0.0039         0.0228 
BAR-estimator:      0.55000        0.60000       -0.1759         3.5954        -0.1759         0.0035         0.0231 
BAR-estimator:      0.60000        0.65000       -0.2028         3.3927        -0.2028         0.0034         0.0234 
BAR-estimator:      0.65000        0.70000       -0.2399         3.1528        -0.2399         0.0031         0.0236 
BAR-estimator:      0.70000        0.75000       -0.2588         2.8939        -0.2588         0.0033         0.0238 
BAR-estimator:      0.75000        0.80000       -0.2797         2.6142        -0.2797         0.0033         0.0240 
BAR-estimator:      0.80000        0.85000       -0.2964         2.3178        -0.2964         0.0033         0.0242 
BAR-estimator:      0.85000        0.90000       -0.3101         2.0077        -0.3101         0.0035         0.0245 
BAR-estimator:      0.90000        0.95000       -0.3169         1.6908        -0.3169         0.0038         0.0248 
BAR-estimator:      0.95000        1.00000       -0.3282         1.3626        -0.3282         0.0035         0.0250 
BAR-estimator: total free energy change is 1.3626339416209547 , total error is 0.025034732034550283
