#========================================================================================
#                     Free energy perturbation    
#----------------------------------------------------------------------------------------
#forward/backward          λ              ΔΔA                 ΔA                  δε   
#                                                 
#----------------------------------------------------------------------------------------
forward:               0.0000              0.0000              0.0000              0.0000  
forward:               0.0500              2.3840              2.3840              0.0311  
forward:               0.1000              1.2457              3.6297              0.0352  
forward:               0.1500              0.6768              4.3065              0.0387  
forward:               0.2000              0.3762              4.6827              0.0400  
forward:               0.2500              0.2004              4.8831              0.0409  
forward:               0.3000              0.0880              4.9711              0.0415  
forward:               0.3500              0.0238              4.9949              0.0420  
forward:               0.4000             -0.0275              4.9675              0.0424  
forward:               0.4500             -0.0716              4.8959              0.0429  
forward:               0.5000             -0.1053              4.7906              0.0432  
forward:               0.5500             -0.1480              4.6426              0.0435  
forward:               0.6000             -0.2334              4.4092              0.0437  
forward:               0.6500             -0.3035              4.1056              0.0440  
forward:               0.7000             -0.3478              3.7578              0.0442  
forward:               0.7500             -0.3998              3.3580              0.0444  
forward:               0.8000             -0.4436              2.9144              0.0445  
forward:               0.8500             -0.4750              2.4395              0.0447  
forward:               0.9000             -0.5066              1.9329              0.0449  
forward:               0.9500             -0.5304              1.4025              0.0451  
forward:               1.0000             -0.5476              0.8549              0.0453  
backward:              1.0000              0.0000              0.8549              0.0000  
backward:              0.9500              0.5490              1.4039              0.0052  
backward:              0.9000              0.5295              1.9335              0.0076  
backward:              0.8500              0.4954              2.4289              0.0103  
backward:              0.8000              0.4782              2.9071              0.0120  
backward:              0.7500              0.4396              3.3467              0.0131  
backward:              0.7000              0.4034              3.7500              0.0140  
backward:              0.6500              0.3534              4.1035              0.0151  
backward:              0.6000              0.2945              4.3979              0.0171  
backward:              0.5500              0.2347              4.6326              0.0179  
backward:              0.5000              0.1601              4.7927              0.0189  
backward:              0.4500              0.1107              4.9034              0.0197  
backward:              0.4000              0.0780              4.9814              0.0207  
backward:              0.3500              0.0370              5.0184              0.0210  
backward:              0.3000             -0.0227              4.9956              0.0233  
backward:              0.2500             -0.0859              4.9098              0.0252  
backward:              0.2000             -0.2079              4.7018              0.0302  
backward:              0.1500             -0.4201              4.2817              0.0397  
backward:              0.1000             -0.6601              3.6216              0.0426  
backward:              0.0500             -1.3106              2.3111              0.0591  
backward:              0.0000             -2.2088              0.1022              0.0708  
Inaccuracy estimation
======================================================================================================
                   i        i+δi          P0_overlap_P1   δε(forward)/ε   δε(backward)/ε
======================================================================================================
inaccuracy:  0.00000        0.05000           24.51            0.02            3.99
inaccuracy:  0.05000        0.10000           39.88           -0.06            1.47
inaccuracy:  0.10000        0.15000           50.75           -0.04            0.73
inaccuracy:  0.15000        0.20000           59.29           -0.03            0.44
inaccuracy:  0.20000        0.25000           62.20           -0.03            0.30
inaccuracy:  0.25000        0.30000           65.93           -0.02            0.24
inaccuracy:  0.30000        0.35000           66.97           -0.02            0.19
inaccuracy:  0.35000        0.40000           67.99           -0.02            0.15
inaccuracy:  0.40000        0.45000           69.42           -0.03            0.14
inaccuracy:  0.45000        0.50000           70.50           -0.02            0.13
inaccuracy:  0.50000        0.55000           68.18           -0.04            0.14
inaccuracy:  0.55000        0.60000           68.77           -0.04            0.12
inaccuracy:  0.60000        0.65000           69.82           -0.04            0.10
inaccuracy:  0.65000        0.70000           69.77           -0.04            0.10
inaccuracy:  0.70000        0.75000           70.07           -0.05            0.09
inaccuracy:  0.75000        0.80000           70.21           -0.04            0.09
inaccuracy:  0.80000        0.85000           69.92           -0.05            0.08
inaccuracy:  0.85000        0.90000           70.94           -0.05            0.08
inaccuracy:  0.90000        0.95000           70.37           -0.05            0.08
inaccuracy:  0.95000        1.00000           69.69           -0.05            0.08
===================================================================================================================================
                BAR        
-----------------------------------------------------------------------------------------------------------------------------------
BAR-estimator:         λ             λ+δλ          ΔΔA             ΔA            C               Δδe            δe       
                          
-----------------------------------------------------------------------------------------------------------------------------------
BAR-estimator:      0.00000        0.05000        2.3772         2.3772         2.3772         0.0122         0.0122 
BAR-estimator:      0.05000        0.10000        1.2600         3.6371         1.2600         0.0090         0.0152 
BAR-estimator:      0.10000        0.15000        0.6833         4.3204         0.6833         0.0098         0.0180 
BAR-estimator:      0.15000        0.20000        0.3876         4.7080         0.3876         0.0062         0.0191 
BAR-estimator:      0.20000        0.25000        0.1981         4.9062         0.1981         0.0055         0.0199 
BAR-estimator:      0.25000        0.30000        0.0922         4.9984         0.0922         0.0044         0.0203 
BAR-estimator:      0.30000        0.35000        0.0217         5.0201         0.0217         0.0041         0.0207 
BAR-estimator:      0.35000        0.40000       -0.0303         4.9898        -0.0303         0.0040         0.0211 
BAR-estimator:      0.40000        0.45000       -0.0733         4.9165        -0.0733         0.0043         0.0216 
BAR-estimator:      0.45000        0.50000       -0.1078         4.8087        -0.1078         0.0035         0.0218 
BAR-estimator:      0.50000        0.55000       -0.1513         4.6574        -0.1513         0.0035         0.0221 
BAR-estimator:      0.55000        0.60000       -0.2333         4.4241        -0.2333         0.0035         0.0224 
BAR-estimator:      0.60000        0.65000       -0.3008         4.1232        -0.3008         0.0034         0.0226 
BAR-estimator:      0.65000        0.70000       -0.3493         3.7739        -0.3493         0.0033         0.0229 
BAR-estimator:      0.70000        0.75000       -0.3992         3.3747        -0.3992         0.0033         0.0231 
BAR-estimator:      0.75000        0.80000       -0.4422         2.9326        -0.4422         0.0035         0.0234 
BAR-estimator:      0.80000        0.85000       -0.4769         2.4556        -0.4769         0.0032         0.0236 
BAR-estimator:      0.85000        0.90000       -0.5021         1.9535        -0.5021         0.0035         0.0238 
BAR-estimator:      0.90000        0.95000       -0.5281         1.4255        -0.5281         0.0034         0.0241 
BAR-estimator:      0.95000        1.00000       -0.5485         0.8770        -0.5485         0.0031         0.0243 
BAR-estimator: total free energy change is 0.8769558299468997 , total error is 0.024277582051449313
