#========================================================================================
#                     Free energy perturbation    
#----------------------------------------------------------------------------------------
#forward/backward          λ              ΔΔA                 ΔA                  δε   
#                                                 
#----------------------------------------------------------------------------------------
forward:               0.0000              0.0000              0.0000              0.0000  
forward:               0.0500              1.0754              1.0754              0.0174  
forward:               0.1000              0.6306              1.7060              0.0216  
forward:               0.1500              0.3953              2.1013              0.0236  
forward:               0.2000              0.2501              2.3514              0.0246  
forward:               0.2500              0.1716              2.5231              0.0256  
forward:               0.3000              0.1337              2.6568              0.0263  
forward:               0.3500              0.0798              2.7366              0.0270  
forward:               0.4000              0.0422              2.7788              0.0274  
forward:               0.4500              0.0303              2.8092              0.0278  
forward:               0.5000              0.0077              2.8168              0.0281  
forward:               0.5500             -0.0760              2.7409              0.0287  
forward:               0.6000             -0.2750              2.4658              0.0299  
forward:               0.6500             -0.4983              1.9675              0.0319  
forward:               0.7000             -0.7224              1.2451              0.0327  
forward:               0.7500             -0.8036              0.4414              0.0331  
forward:               0.8000             -0.8057             -0.3643              0.0336  
forward:               0.8500             -0.7579             -1.1222              0.0339  
forward:               0.9000             -0.7073             -1.8295              0.0342  
forward:               0.9500             -0.6610             -2.4904              0.0345  
forward:               1.0000             -0.6295             -3.1200              0.0348  
backward:              1.0000              0.0000             -3.1200              0.0000  
backward:              0.9500              0.6257             -2.4943              0.0053  
backward:              0.9000              0.6563             -1.8380              0.0078  
backward:              0.8500              0.7058             -1.1321              0.0104  
backward:              0.8000              0.7459             -0.3862              0.0122  
backward:              0.7500              0.8111              0.4248              0.0137  
backward:              0.7000              0.8056              1.2304              0.0158  
backward:              0.6500              0.7165              1.9469              0.0188  
backward:              0.6000              0.5104              2.4573              0.0208  
backward:              0.5500              0.2645              2.7218              0.0224  
backward:              0.5000              0.0837              2.8055              0.0234  
backward:              0.4500             -0.0050              2.8005              0.0240  
backward:              0.4000             -0.0299              2.7705              0.0247  
backward:              0.3500             -0.0550              2.7155              0.0254  
backward:              0.3000             -0.0807              2.6348              0.0262  
backward:              0.2500             -0.1147              2.5201              0.0269  
backward:              0.2000             -0.1706              2.3495              0.0281  
backward:              0.1500             -0.2622              2.0873              0.0296  
backward:              0.1000             -0.4155              1.6718              0.0320  
backward:              0.0500             -0.6273              1.0446              0.0360  
backward:              0.0000             -1.0557             -0.0111              0.0498  
Inaccuracy estimation
======================================================================================================
                   i        i+δi          P0_overlap_P1   δε(forward)/ε   δε(backward)/ε
======================================================================================================
inaccuracy:  0.00000        0.05000           45.57           -0.03            1.06
inaccuracy:  0.05000        0.10000           55.45           -0.02            0.62
inaccuracy:  0.10000        0.15000           63.70           -0.02            0.34
inaccuracy:  0.15000        0.20000           68.29           -0.01            0.23
inaccuracy:  0.20000        0.25000           70.03           -0.01            0.18
inaccuracy:  0.25000        0.30000           70.29           -0.01            0.15
inaccuracy:  0.30000        0.35000           73.72           -0.01            0.13
inaccuracy:  0.35000        0.40000           74.88           -0.01            0.11
inaccuracy:  0.40000        0.45000           74.12           -0.01            0.11
inaccuracy:  0.45000        0.50000           74.92           -0.01            0.10
inaccuracy:  0.50000        0.55000           68.25           -0.07            0.14
inaccuracy:  0.55000        0.60000           67.18           -0.10            0.10
inaccuracy:  0.60000        0.65000           63.35           -0.11            0.10
inaccuracy:  0.65000        0.70000           65.51           -0.07            0.07
inaccuracy:  0.70000        0.75000           68.32           -0.07            0.06
inaccuracy:  0.75000        0.80000           69.40           -0.07            0.06
inaccuracy:  0.80000        0.85000           69.93           -0.06            0.06
inaccuracy:  0.85000        0.90000           68.43           -0.07            0.08
inaccuracy:  0.90000        0.95000           67.93           -0.07            0.09
inaccuracy:  0.95000        1.00000           67.70           -0.07            0.09
===================================================================================================================================
                BAR        
-----------------------------------------------------------------------------------------------------------------------------------
BAR-estimator:         λ             λ+δλ          ΔΔA             ΔA            C               Δδe            δe       
                          
-----------------------------------------------------------------------------------------------------------------------------------
BAR-estimator:      0.00000        0.05000        1.0676         1.0676         1.0676         0.0104         0.0104 
BAR-estimator:      0.05000        0.10000        0.6293         1.6969         0.6293         0.0078         0.0130 
BAR-estimator:      0.10000        0.15000        0.3993         2.0962         0.3993         0.0060         0.0143 
BAR-estimator:      0.15000        0.20000        0.2552         2.3514         0.2552         0.0047         0.0151 
BAR-estimator:      0.20000        0.25000        0.1710         2.5224         0.1710         0.0044         0.0157 
BAR-estimator:      0.25000        0.30000        0.1256         2.6480         0.1256         0.0045         0.0163 
BAR-estimator:      0.30000        0.35000        0.0829         2.7309         0.0829         0.0048         0.0170 
BAR-estimator:      0.35000        0.40000        0.0468         2.7777         0.0468         0.0038         0.0174 
BAR-estimator:      0.40000        0.45000        0.0297         2.8074         0.0297         0.0033         0.0177 
BAR-estimator:      0.45000        0.50000        0.0063         2.8137         0.0063         0.0031         0.0180 
BAR-estimator:      0.50000        0.55000       -0.0813         2.7324        -0.0813         0.0038         0.0184 
BAR-estimator:      0.55000        0.60000       -0.2685         2.4639        -0.2685         0.0045         0.0189 
BAR-estimator:      0.60000        0.65000       -0.5013         1.9626        -0.5013         0.0036         0.0193 
BAR-estimator:      0.65000        0.70000       -0.7173         1.2454        -0.7173         0.0057         0.0201 
BAR-estimator:      0.70000        0.75000       -0.8026         0.4428        -0.8026         0.0033         0.0204 
BAR-estimator:      0.75000        0.80000       -0.8070        -0.3642        -0.8070         0.0044         0.0209 
BAR-estimator:      0.80000        0.85000       -0.7550        -1.1192        -0.7550         0.0040         0.0212 
BAR-estimator:      0.85000        0.90000       -0.7069        -1.8262        -0.7069         0.0037         0.0215 
BAR-estimator:      0.90000        0.95000       -0.6613        -2.4874        -0.6613         0.0042         0.0219 
BAR-estimator:      0.95000        1.00000       -0.6243        -3.1117        -0.6243         0.0039         0.0223 
BAR-estimator: total free energy change is -3.111741492275655 , total error is 0.0222890460828933
