#========================================================================================
#                     Free energy perturbation    
#----------------------------------------------------------------------------------------
#forward/backward          λ              ΔΔA                 ΔA                  δε   
#                                                 
#----------------------------------------------------------------------------------------
forward:               0.0000              0.0000              0.0000              0.0000  
forward:               0.0500              1.3369              1.3369              0.0182  
forward:               0.1000              0.7929              2.1298              0.0235  
forward:               0.1500              0.4777              2.6075              0.0257  
forward:               0.2000              0.2803              2.8878              0.0272  
forward:               0.2500              0.1837              3.0715              0.0281  
forward:               0.3000              0.1174              3.1889              0.0288  
forward:               0.3500              0.0693              3.2582              0.0293  
forward:               0.4000              0.0394              3.2976              0.0297  
forward:               0.4500              0.0093              3.3068              0.0301  
forward:               0.5000             -0.0217              3.2851              0.0305  
forward:               0.5500             -0.1230              3.1621              0.0311  
forward:               0.6000             -0.3054              2.8567              0.0318  
forward:               0.6500             -0.4858              2.3709              0.0326  
forward:               0.7000             -0.6596              1.7113              0.0336  
forward:               0.7500             -0.7265              0.9847              0.0341  
forward:               0.8000             -0.7516              0.2331              0.0347  
forward:               0.8500             -0.7242             -0.4911              0.0351  
forward:               0.9000             -0.6720             -1.1631              0.0354  
forward:               0.9500             -0.6385             -1.8016              0.0356  
forward:               1.0000             -0.6002             -2.4018              0.0359  
backward:              1.0000              0.0000             -2.4018              0.0000  
backward:              0.9500              0.6051             -1.7967              0.0063  
backward:              0.9000              0.6303             -1.1664              0.0093  
backward:              0.8500              0.6710             -0.4954              0.0109  
backward:              0.8000              0.7171              0.2217              0.0125  
backward:              0.7500              0.7496              0.9713              0.0143  
backward:              0.7000              0.7300              1.7013              0.0162  
backward:              0.6500              0.6617              2.3630              0.0183  
backward:              0.6000              0.4864              2.8494              0.0206  
backward:              0.5500              0.3100              3.1594              0.0218  
backward:              0.5000              0.1167              3.2761              0.0228  
backward:              0.4500              0.0112              3.2873              0.0235  
backward:              0.4000             -0.0133              3.2740              0.0245  
backward:              0.3500             -0.0252              3.2488              0.0252  
backward:              0.3000             -0.0723              3.1765              0.0261  
backward:              0.2500             -0.1268              3.0498              0.0274  
backward:              0.2000             -0.1953              2.8545              0.0292  
backward:              0.1500             -0.2980              2.5565              0.0313  
backward:              0.1000             -0.4611              2.0954              0.0342  
backward:              0.0500             -0.7900              1.3054              0.0414  
backward:              0.0000             -1.3374             -0.0320              0.0516  
Inaccuracy estimation
======================================================================================================
                   i        i+δi          P0_overlap_P1   δε(forward)/ε   δε(backward)/ε
======================================================================================================
inaccuracy:  0.00000        0.05000           41.59           -0.03            1.34
inaccuracy:  0.05000        0.10000           50.75           -0.04            0.78
inaccuracy:  0.10000        0.15000           58.25           -0.02            0.48
inaccuracy:  0.15000        0.20000           65.13           -0.01            0.30
inaccuracy:  0.20000        0.25000           68.47           -0.02            0.21
inaccuracy:  0.25000        0.30000           69.97           -0.02            0.16
inaccuracy:  0.30000        0.35000           72.18           -0.02            0.15
inaccuracy:  0.35000        0.40000           71.68           -0.02            0.14
inaccuracy:  0.40000        0.45000           73.64           -0.02            0.12
inaccuracy:  0.45000        0.50000           74.59           -0.02            0.11
inaccuracy:  0.50000        0.55000           67.47           -0.07            0.16
inaccuracy:  0.55000        0.60000           68.00           -0.10            0.11
inaccuracy:  0.60000        0.65000           65.93           -0.11            0.10
inaccuracy:  0.65000        0.70000           65.34           -0.10            0.08
inaccuracy:  0.70000        0.75000           67.21           -0.09            0.07
inaccuracy:  0.75000        0.80000           68.36           -0.09            0.07
inaccuracy:  0.80000        0.85000           68.71           -0.06            0.07
inaccuracy:  0.85000        0.90000           67.79           -0.07            0.09
inaccuracy:  0.90000        0.95000           67.05           -0.06            0.10
inaccuracy:  0.95000        1.00000           66.61           -0.07            0.11
===================================================================================================================================
                BAR        
-----------------------------------------------------------------------------------------------------------------------------------
BAR-estimator:         λ             λ+δλ          ΔΔA             ΔA            C               Δδe            δe       
                          
-----------------------------------------------------------------------------------------------------------------------------------
BAR-estimator:      0.00000        0.05000        1.3449         1.3449         1.3449         0.0109         0.0109 
BAR-estimator:      0.05000        0.10000        0.7814         2.1263         0.7814         0.0084         0.0138 
BAR-estimator:      0.10000        0.15000        0.4750         2.6013         0.4750         0.0067         0.0153 
BAR-estimator:      0.15000        0.20000        0.2869         2.8882         0.2869         0.0057         0.0164 
BAR-estimator:      0.20000        0.25000        0.1887         3.0768         0.1887         0.0047         0.0170 
BAR-estimator:      0.25000        0.30000        0.1190         3.1958         0.1190         0.0045         0.0176 
BAR-estimator:      0.30000        0.35000        0.0720         3.2678         0.0720         0.0041         0.0181 
BAR-estimator:      0.35000        0.40000        0.0341         3.3019         0.0341         0.0044         0.0186 
BAR-estimator:      0.40000        0.45000        0.0102         3.3121         0.0102         0.0036         0.0189 
BAR-estimator:      0.45000        0.50000       -0.0176         3.2945        -0.0176         0.0033         0.0192 
BAR-estimator:      0.50000        0.55000       -0.1209         3.1736        -0.1209         0.0038         0.0196 
BAR-estimator:      0.55000        0.60000       -0.3054         2.8682        -0.3054         0.0040         0.0200 
BAR-estimator:      0.60000        0.65000       -0.4828         2.3853        -0.4828         0.0044         0.0205 
BAR-estimator:      0.65000        0.70000       -0.6573         1.7281        -0.6573         0.0048         0.0210 
BAR-estimator:      0.70000        0.75000       -0.7267         1.0014        -0.7267         0.0043         0.0214 
BAR-estimator:      0.75000        0.80000       -0.7519         0.2495        -0.7519         0.0041         0.0218 
BAR-estimator:      0.80000        0.85000       -0.7209        -0.4714        -0.7209         0.0038         0.0221 
BAR-estimator:      0.85000        0.90000       -0.6715        -1.1429        -0.6715         0.0039         0.0225 
BAR-estimator:      0.90000        0.95000       -0.6403        -1.7832        -0.6403         0.0038         0.0228 
BAR-estimator:      0.95000        1.00000       -0.6020        -2.3852        -0.6020         0.0039         0.0231 
BAR-estimator: total free energy change is -2.3851927770985935 , total error is 0.023139977282136
