#========================================================================================
#                     Free energy perturbation    
#----------------------------------------------------------------------------------------
#forward/backward          λ              ΔΔA                 ΔA                  δε   
#                                                 
#----------------------------------------------------------------------------------------
forward:               0.0000              0.0000              0.0000              0.0000  
forward:               0.0500              1.3305              1.3305              0.0116  
forward:               0.1000              0.6506              1.9811              0.0190  
forward:               0.1500              0.3147              2.2958              0.0217  
forward:               0.2000              0.1373              2.4331              0.0235  
forward:               0.2500              0.0769              2.5101              0.0242  
forward:               0.3000              0.0272              2.5373              0.0249  
forward:               0.3500             -0.0087              2.5286              0.0253  
forward:               0.4000             -0.0415              2.4871              0.0257  
forward:               0.4500             -0.0535              2.4336              0.0262  
forward:               0.5000             -0.0792              2.3544              0.0265  
forward:               0.5500             -0.1588              2.1956              0.0270  
forward:               0.6000             -0.3270              1.8686              0.0281  
forward:               0.6500             -0.5239              1.3447              0.0294  
forward:               0.7000             -0.7005              0.6442              0.0304  
forward:               0.7500             -0.8077             -0.1635              0.0311  
forward:               0.8000             -0.8185             -0.9820              0.0315  
forward:               0.8500             -0.8090             -1.7911              0.0319  
forward:               0.9000             -0.7666             -2.5577              0.0322  
forward:               0.9500             -0.7366             -3.2943              0.0325  
forward:               1.0000             -0.7041             -3.9984              0.0329  
backward:              1.0000              0.0000             -3.9984              0.0000  
backward:              0.9500              0.6978             -3.3006              0.0061  
backward:              0.9000              0.7272             -2.5735              0.0080  
backward:              0.8500              0.7748             -1.7987              0.0099  
backward:              0.8000              0.8027             -0.9960              0.0119  
backward:              0.7500              0.8095             -0.1865              0.0138  
backward:              0.7000              0.8146              0.6281              0.0169  
backward:              0.6500              0.7139              1.3421              0.0192  
backward:              0.6000              0.5133              1.8554              0.0209  
backward:              0.5500              0.3346              2.1900              0.0222  
backward:              0.5000              0.1556              2.3456              0.0229  
backward:              0.4500              0.0703              2.4159              0.0236  
backward:              0.4000              0.0479              2.4638              0.0240  
backward:              0.3500              0.0312              2.4951              0.0246  
backward:              0.3000              0.0105              2.5056              0.0252  
backward:              0.2500             -0.0243              2.4813              0.0262  
backward:              0.2000             -0.0717              2.4096              0.0271  
backward:              0.1500             -0.1534              2.2562              0.0289  
backward:              0.1000             -0.2966              1.9596              0.0320  
backward:              0.0500             -0.6605              1.2991              0.0429  
backward:              0.0000             -1.2723              0.0268              0.0531  
Inaccuracy estimation
======================================================================================================
                   i        i+δi          P0_overlap_P1   δε(forward)/ε   δε(backward)/ε
======================================================================================================
inaccuracy:  0.00000        0.05000           39.32           -0.05            1.34
inaccuracy:  0.05000        0.10000           50.37           -0.03            0.78
inaccuracy:  0.10000        0.15000           60.99           -0.01            0.42
inaccuracy:  0.15000        0.20000           69.52           -0.01            0.23
inaccuracy:  0.20000        0.25000           71.23           -0.01            0.16
inaccuracy:  0.25000        0.30000           72.71           -0.01            0.13
inaccuracy:  0.30000        0.35000           74.26           -0.01            0.11
inaccuracy:  0.35000        0.40000           75.38           -0.01            0.10
inaccuracy:  0.40000        0.45000           76.11           -0.01            0.10
inaccuracy:  0.45000        0.50000           76.75           -0.01            0.09
inaccuracy:  0.50000        0.55000           69.75           -0.06            0.15
inaccuracy:  0.55000        0.60000           68.64           -0.11            0.09
inaccuracy:  0.60000        0.65000           67.43           -0.09            0.08
inaccuracy:  0.65000        0.70000           65.80           -0.09            0.07
inaccuracy:  0.70000        0.75000           67.12           -0.08            0.06
inaccuracy:  0.75000        0.80000           69.23           -0.06            0.06
inaccuracy:  0.80000        0.85000           69.73           -0.06            0.06
inaccuracy:  0.85000        0.90000           68.40           -0.07            0.07
inaccuracy:  0.90000        0.95000           69.77           -0.06            0.08
inaccuracy:  0.95000        1.00000           67.77           -0.07            0.09
===================================================================================================================================
                BAR        
-----------------------------------------------------------------------------------------------------------------------------------
BAR-estimator:         λ             λ+δλ          ΔΔA             ΔA            C               Δδe            δe       
                          
-----------------------------------------------------------------------------------------------------------------------------------
BAR-estimator:      0.00000        0.05000        1.3064         1.3064         1.3064         0.0104         0.0104 
BAR-estimator:      0.05000        0.10000        0.6531         1.9595         0.6531         0.0094         0.0140 
BAR-estimator:      0.10000        0.15000        0.3112         2.2707         0.3112         0.0073         0.0158 
BAR-estimator:      0.15000        0.20000        0.1465         2.4172         0.1465         0.0059         0.0169 
BAR-estimator:      0.20000        0.25000        0.0760         2.4932         0.0760         0.0042         0.0174 
BAR-estimator:      0.25000        0.30000        0.0243         2.5174         0.0243         0.0042         0.0179 
BAR-estimator:      0.30000        0.35000       -0.0106         2.5069        -0.0106         0.0041         0.0183 
BAR-estimator:      0.35000        0.40000       -0.0382         2.4687        -0.0382         0.0036         0.0187 
BAR-estimator:      0.40000        0.45000       -0.0499         2.4188        -0.0499         0.0031         0.0189 
BAR-estimator:      0.45000        0.50000       -0.0756         2.3432        -0.0756         0.0029         0.0192 
BAR-estimator:      0.50000        0.55000       -0.1544         2.1888        -0.1544         0.0035         0.0195 
BAR-estimator:      0.55000        0.60000       -0.3320         1.8568        -0.3320         0.0042         0.0199 
BAR-estimator:      0.60000        0.65000       -0.5159         1.3409        -0.5159         0.0047         0.0205 
BAR-estimator:      0.65000        0.70000       -0.7041         0.6368        -0.7041         0.0047         0.0210 
BAR-estimator:      0.70000        0.75000       -0.8126        -0.1758        -0.8126         0.0044         0.0215 
BAR-estimator:      0.75000        0.80000       -0.8171        -0.9928        -0.8171         0.0038         0.0218 
BAR-estimator:      0.80000        0.85000       -0.8045        -1.7973        -0.8045         0.0031         0.0220 
BAR-estimator:      0.85000        0.90000       -0.7689        -2.5662        -0.7689         0.0036         0.0223 
BAR-estimator:      0.90000        0.95000       -0.7282        -3.2944        -0.7282         0.0036         0.0226 
BAR-estimator:      0.95000        1.00000       -0.7043        -3.9986        -0.7043         0.0044         0.0230 
BAR-estimator: total free energy change is -3.9986186276128737 , total error is 0.023033123537453945
