#========================================================================================
#                     Free energy perturbation    
#----------------------------------------------------------------------------------------
#forward/backward          λ              ΔΔA                 ΔA                  δε   
#                                                 
#----------------------------------------------------------------------------------------
forward:               0.0000              0.0000              0.0000              0.0000  
forward:               0.0500              1.8882              1.8882              0.0277  
forward:               0.1000              0.9931              2.8813              0.0327  
forward:               0.1500              0.4755              3.3568              0.0357  
forward:               0.2000              0.2234              3.5802              0.0367  
forward:               0.2500              0.1065              3.6867              0.0376  
forward:               0.3000              0.0292              3.7158              0.0381  
forward:               0.3500             -0.0062              3.7097              0.0384  
forward:               0.4000             -0.0517              3.6580              0.0388  
forward:               0.4500             -0.0714              3.5866              0.0391  
forward:               0.5000             -0.0955              3.4912              0.0395  
forward:               0.5500             -0.0892              3.4019              0.0397  
forward:               0.6000             -0.1047              3.2973              0.0399  
forward:               0.6500             -0.1219              3.1754              0.0402  
forward:               0.7000             -0.1344              3.0410              0.0404  
forward:               0.7500             -0.1482              2.8928              0.0406  
forward:               0.8000             -0.1482              2.7446              0.0408  
forward:               0.8500             -0.1555              2.5890              0.0408  
forward:               0.9000             -0.1553              2.4338              0.0410  
forward:               0.9500             -0.1641              2.2696              0.0411  
forward:               1.0000             -0.1682              2.1014              0.0413  
backward:              1.0000              0.0000              2.1014              0.0000  
backward:              0.9500              0.1631              2.2645              0.0052  
backward:              0.9000              0.1619              2.4264              0.0071  
backward:              0.8500              0.1568              2.5832              0.0086  
backward:              0.8000              0.1569              2.7401              0.0098  
backward:              0.7500              0.1453              2.8853              0.0108  
backward:              0.7000              0.1429              3.0282              0.0117  
backward:              0.6500              0.1335              3.1618              0.0127  
backward:              0.6000              0.1175              3.2793              0.0140  
backward:              0.5500              0.1109              3.3902              0.0149  
backward:              0.5000              0.0905              3.4807              0.0158  
backward:              0.4500              0.0854              3.5661              0.0169  
backward:              0.4000              0.0762              3.6424              0.0177  
backward:              0.3500              0.0503              3.6927              0.0187  
backward:              0.3000              0.0036              3.6963              0.0203  
backward:              0.2500             -0.0431              3.6532              0.0219  
backward:              0.2000             -0.1145              3.5388              0.0241  
backward:              0.1500             -0.2363              3.3025              0.0279  
backward:              0.1000             -0.4977              2.8048              0.0396  
backward:              0.0500             -1.0258              1.7791              0.0696  
backward:              0.0000             -1.8357             -0.0567              0.0845  
Inaccuracy estimation
======================================================================================================
                   i        i+δi          P0_overlap_P1   δε(forward)/ε   δε(backward)/ε
======================================================================================================
inaccuracy:  0.00000        0.05000           32.87           -0.02            2.08
inaccuracy:  0.05000        0.10000           41.16           -0.05            1.37
inaccuracy:  0.10000        0.15000           54.37           -0.03            0.65
inaccuracy:  0.15000        0.20000           62.90           -0.03            0.34
inaccuracy:  0.20000        0.25000           66.46           -0.02            0.22
inaccuracy:  0.25000        0.30000           69.74           -0.01            0.17
inaccuracy:  0.30000        0.35000           69.88           -0.02            0.14
inaccuracy:  0.35000        0.40000           71.68           -0.02            0.13
inaccuracy:  0.40000        0.45000           72.17           -0.02            0.13
inaccuracy:  0.45000        0.50000           73.39           -0.01            0.12
inaccuracy:  0.50000        0.55000           72.37           -0.02            0.11
inaccuracy:  0.55000        0.60000           72.32           -0.01            0.11
inaccuracy:  0.60000        0.65000           73.53           -0.01            0.10
inaccuracy:  0.65000        0.70000           72.88           -0.02            0.10
inaccuracy:  0.70000        0.75000           74.67           -0.01            0.10
inaccuracy:  0.75000        0.80000           73.12           -0.02            0.09
inaccuracy:  0.80000        0.85000           73.54           -0.02            0.10
inaccuracy:  0.85000        0.90000           72.70           -0.03            0.09
inaccuracy:  0.90000        0.95000           72.87           -0.02            0.09
inaccuracy:  0.95000        1.00000           73.12           -0.02            0.10
===================================================================================================================================
                BAR        
-----------------------------------------------------------------------------------------------------------------------------------
BAR-estimator:         λ             λ+δλ          ΔΔA             ΔA            C               Δδe            δe       
                          
-----------------------------------------------------------------------------------------------------------------------------------
BAR-estimator:      0.00000        0.05000        1.8720         1.8720         1.8720         0.0125         0.0125 
BAR-estimator:      0.05000        0.10000        0.9932         2.8651         0.9932         0.0121         0.0174 
BAR-estimator:      0.10000        0.15000        0.4720         3.3372         0.4720         0.0084         0.0193 
BAR-estimator:      0.15000        0.20000        0.2269         3.5641         0.2269         0.0056         0.0201 
BAR-estimator:      0.20000        0.25000        0.1049         3.6691         0.1049         0.0055         0.0209 
BAR-estimator:      0.25000        0.30000        0.0349         3.7040         0.0349         0.0041         0.0213 
BAR-estimator:      0.30000        0.35000       -0.0087         3.6953        -0.0087         0.0036         0.0215 
BAR-estimator:      0.35000        0.40000       -0.0499         3.6454        -0.0499         0.0039         0.0219 
BAR-estimator:      0.40000        0.45000       -0.0713         3.5741        -0.0713         0.0033         0.0222 
BAR-estimator:      0.45000        0.50000       -0.0923         3.4818        -0.0923         0.0035         0.0224 
BAR-estimator:      0.50000        0.55000       -0.0909         3.3909        -0.0909         0.0031         0.0226 
BAR-estimator:      0.55000        0.60000       -0.1076         3.2833        -0.1076         0.0031         0.0229 
BAR-estimator:      0.60000        0.65000       -0.1205         3.1629        -0.1205         0.0031         0.0231 
BAR-estimator:      0.65000        0.70000       -0.1321         3.0308        -0.1321         0.0031         0.0233 
BAR-estimator:      0.70000        0.75000       -0.1436         2.8872        -0.1436         0.0028         0.0234 
BAR-estimator:      0.75000        0.80000       -0.1470         2.7402        -0.1470         0.0031         0.0236 
BAR-estimator:      0.80000        0.85000       -0.1562         2.5841        -0.1562         0.0030         0.0238 
BAR-estimator:      0.85000        0.90000       -0.1578         2.4262        -0.1578         0.0029         0.0240 
BAR-estimator:      0.90000        0.95000       -0.1634         2.2628        -0.1634         0.0033         0.0242 
BAR-estimator:      0.95000        1.00000       -0.1666         2.0962        -0.1666         0.0034         0.0245 
BAR-estimator: total free energy change is 2.0962193810325833 , total error is 0.024472067058948596
