#========================================================================================
#                     Free energy perturbation    
#----------------------------------------------------------------------------------------
#forward/backward          λ              ΔΔA                 ΔA                  δε   
#                                                 
#----------------------------------------------------------------------------------------
forward:               0.0000              0.0000              0.0000              0.0000  
forward:               0.0500              1.8455              1.8455              0.0269  
forward:               0.1000              1.1148              2.9603              0.0337  
forward:               0.1500              0.6653              3.6255              0.0370  
forward:               0.2000              0.4066              4.0321              0.0383  
forward:               0.2500              0.2564              4.2885              0.0393  
forward:               0.3000              0.1562              4.4447              0.0399  
forward:               0.3500              0.0834              4.5281              0.0405  
forward:               0.4000              0.0347              4.5627              0.0411  
forward:               0.4500              0.0221              4.5848              0.0415  
forward:               0.5000             -0.0322              4.5527              0.0419  
forward:               0.5500             -0.0406              4.5120              0.0423  
forward:               0.6000             -0.0625              4.4495              0.0428  
forward:               0.6500             -0.0834              4.3661              0.0430  
forward:               0.7000             -0.0904              4.2757              0.0433  
forward:               0.7500             -0.0965              4.1793              0.0436  
forward:               0.8000             -0.1183              4.0610              0.0438  
forward:               0.8500             -0.1213              3.9396              0.0440  
forward:               0.9000             -0.1327              3.8070              0.0442  
forward:               0.9500             -0.1320              3.6749              0.0444  
forward:               1.0000             -0.1462              3.5287              0.0446  
backward:              1.0000              0.0000              3.5287              0.0000  
backward:              0.9500              0.1431              3.6718              0.0048  
backward:              0.9000              0.1380              3.8098              0.0068  
backward:              0.8500              0.1233              3.9331              0.0087  
backward:              0.8000              0.1200              4.0531              0.0102  
backward:              0.7500              0.1042              4.1573              0.0119  
backward:              0.7000              0.1006              4.2579              0.0131  
backward:              0.6500              0.1017              4.3596              0.0144  
backward:              0.6000              0.0613              4.4209              0.0163  
backward:              0.5500              0.0587              4.4796              0.0174  
backward:              0.5000              0.0381              4.5177              0.0182  
backward:              0.4500              0.0200              4.5378              0.0197  
backward:              0.4000              0.0054              4.5431              0.0208  
backward:              0.3500             -0.0565              4.4866              0.0216  
backward:              0.3000             -0.0932              4.3934              0.0232  
backward:              0.2500             -0.1344              4.2591              0.0250  
backward:              0.2000             -0.2422              4.0169              0.0273  
backward:              0.1500             -0.4107              3.6062              0.0318  
backward:              0.1000             -0.6580              2.9482              0.0392  
backward:              0.0500             -1.0838              1.8644              0.0488  
backward:              0.0000             -1.8201              0.0443              0.0791  
Inaccuracy estimation
======================================================================================================
                   i        i+δi          P0_overlap_P1   δε(forward)/ε   δε(backward)/ε
======================================================================================================
inaccuracy:  0.00000        0.05000           32.98           -0.02            2.11
inaccuracy:  0.05000        0.10000           42.65           -0.05            1.27
inaccuracy:  0.10000        0.15000           50.96           -0.03            0.69
inaccuracy:  0.15000        0.20000           57.92           -0.03            0.44
inaccuracy:  0.20000        0.25000           61.29           -0.03            0.32
inaccuracy:  0.25000        0.30000           63.40           -0.02            0.25
inaccuracy:  0.30000        0.35000           67.20           -0.03            0.20
inaccuracy:  0.35000        0.40000           69.10           -0.02            0.17
inaccuracy:  0.40000        0.45000           66.82           -0.03            0.18
inaccuracy:  0.45000        0.50000           70.09           -0.02            0.15
inaccuracy:  0.50000        0.55000           70.49           -0.02            0.15
inaccuracy:  0.55000        0.60000           70.13           -0.02            0.14
inaccuracy:  0.60000        0.65000           71.54           -0.02            0.12
inaccuracy:  0.65000        0.70000           70.27           -0.03            0.14
inaccuracy:  0.70000        0.75000           70.25           -0.03            0.13
inaccuracy:  0.75000        0.80000           71.96           -0.03            0.12
inaccuracy:  0.80000        0.85000           70.72           -0.03            0.12
inaccuracy:  0.85000        0.90000           71.68           -0.03            0.11
inaccuracy:  0.90000        0.95000           70.59           -0.03            0.12
inaccuracy:  0.95000        1.00000           70.88           -0.03            0.11
===================================================================================================================================
                BAR        
-----------------------------------------------------------------------------------------------------------------------------------
BAR-estimator:         λ             λ+δλ          ΔΔA             ΔA            C               Δδe            δe       
                          
-----------------------------------------------------------------------------------------------------------------------------------
BAR-estimator:      0.00000        0.05000        1.8426         1.8426         1.8426         0.0138         0.0138 
BAR-estimator:      0.05000        0.10000        1.1190         2.9616         1.1190         0.0107         0.0175 
BAR-estimator:      0.10000        0.15000        0.6661         3.6277         0.6661         0.0088         0.0195 
BAR-estimator:      0.15000        0.20000        0.4023         4.0299         0.4023         0.0062         0.0205 
BAR-estimator:      0.20000        0.25000        0.2490         4.2790         0.2490         0.0057         0.0213 
BAR-estimator:      0.25000        0.30000        0.1482         4.4271         0.1482         0.0052         0.0219 
BAR-estimator:      0.30000        0.35000        0.0883         4.5154         0.0883         0.0047         0.0224 
BAR-estimator:      0.35000        0.40000        0.0429         4.5583         0.0429         0.0047         0.0229 
BAR-estimator:      0.40000        0.45000        0.0123         4.5707         0.0123         0.0038         0.0232 
BAR-estimator:      0.45000        0.50000       -0.0295         4.5412        -0.0295         0.0040         0.0235 
BAR-estimator:      0.50000        0.55000       -0.0361         4.5051        -0.0361         0.0042         0.0239 
BAR-estimator:      0.55000        0.60000       -0.0606         4.4445        -0.0606         0.0035         0.0242 
BAR-estimator:      0.60000        0.65000       -0.0759         4.3686        -0.0759         0.0032         0.0244 
BAR-estimator:      0.65000        0.70000       -0.0923         4.2764        -0.0923         0.0036         0.0246 
BAR-estimator:      0.70000        0.75000       -0.0960         4.1804        -0.0960         0.0034         0.0249 
BAR-estimator:      0.75000        0.80000       -0.1115         4.0689        -0.1115         0.0035         0.0251 
BAR-estimator:      0.80000        0.85000       -0.1227         3.9461        -0.1227         0.0033         0.0253 
BAR-estimator:      0.85000        0.90000       -0.1299         3.8162        -0.1299         0.0036         0.0256 
BAR-estimator:      0.90000        0.95000       -0.1322         3.6840        -0.1322         0.0034         0.0258 
BAR-estimator:      0.95000        1.00000       -0.1447         3.5393        -0.1447         0.0034         0.0260 
BAR-estimator: total free energy change is 3.539274506541261 , total error is 0.02604698834735735
