#========================================================================================
#                     Free energy perturbation    
#----------------------------------------------------------------------------------------
#forward/backward          λ              ΔΔA                 ΔA                  δε   
#                                                 
#----------------------------------------------------------------------------------------
forward:               0.0000              0.0000              0.0000              0.0000  
forward:               0.0500              2.0406              2.0406              0.0250  
forward:               0.1000              1.1184              3.1589              0.0314  
forward:               0.1500              0.5631              3.7220              0.0335  
forward:               0.2000              0.2932              4.0152              0.0345  
forward:               0.2500              0.1360              4.1512              0.0355  
forward:               0.3000              0.0525              4.2038              0.0363  
forward:               0.3500             -0.0102              4.1936              0.0367  
forward:               0.4000             -0.0673              4.1263              0.0370  
forward:               0.4500             -0.0878              4.0385              0.0374  
forward:               0.5000             -0.1192              3.9194              0.0376  
forward:               0.5500             -0.2387              3.6806              0.0380  
forward:               0.6000             -0.4718              3.2088              0.0385  
forward:               0.6500             -0.6828              2.5260              0.0390  
forward:               0.7000             -0.8791              1.6469              0.0395  
forward:               0.7500             -1.0076              0.6392              0.0400  
forward:               0.8000             -1.0892             -0.4500              0.0403  
forward:               0.8500             -1.1147             -1.5647              0.0407  
forward:               0.9000             -1.1056             -2.6703              0.0411  
forward:               0.9500             -1.1007             -3.7711              0.0414  
forward:               1.0000             -1.0823             -4.8534              0.0417  
backward:              1.0000              0.0000             -4.8534              0.0000  
backward:              0.9500              1.0833             -3.7701              0.0074  
backward:              0.9000              1.0814             -2.6887              0.0128  
backward:              0.8500              1.1115             -1.5773              0.0152  
backward:              0.8000              1.1123             -0.4649              0.0171  
backward:              0.7500              1.0842              0.6193              0.0188  
backward:              0.7000              1.0095              1.6288              0.0200  
backward:              0.6500              0.8708              2.4996              0.0215  
backward:              0.6000              0.6872              3.1868              0.0224  
backward:              0.5500              0.4662              3.6531              0.0234  
backward:              0.5000              0.2428              3.8959              0.0244  
backward:              0.4500              0.1146              4.0105              0.0255  
backward:              0.4000              0.0976              4.1081              0.0261  
backward:              0.3500              0.0682              4.1763              0.0276  
backward:              0.3000              0.0169              4.1932              0.0284  
backward:              0.2500             -0.0501              4.1431              0.0296  
backward:              0.2000             -0.1432              3.9998              0.0310  
backward:              0.1500             -0.2957              3.7041              0.0334  
backward:              0.1000             -0.5915              3.1126              0.0495  
backward:              0.0500             -1.2199              1.8927              0.0778  
backward:              0.0000             -2.0333             -0.1406              0.0897  
Inaccuracy estimation
======================================================================================================
                   i        i+δi          P0_overlap_P1   δε(forward)/ε   δε(backward)/ε
======================================================================================================
inaccuracy:  0.00000        0.05000           29.77           -0.00            2.43
inaccuracy:  0.05000        0.10000           42.21           -0.05            1.39
inaccuracy:  0.10000        0.15000           52.70           -0.04            0.70
inaccuracy:  0.15000        0.20000           60.25           -0.03            0.39
inaccuracy:  0.20000        0.25000           64.86           -0.03            0.27
inaccuracy:  0.25000        0.30000           66.37           -0.03            0.20
inaccuracy:  0.30000        0.35000           68.52           -0.02            0.16
inaccuracy:  0.35000        0.40000           70.81           -0.02            0.14
inaccuracy:  0.40000        0.45000           70.40           -0.03            0.14
inaccuracy:  0.45000        0.50000           71.84           -0.03            0.12
inaccuracy:  0.50000        0.55000           64.68           -0.11            0.15
inaccuracy:  0.55000        0.60000           64.57           -0.12            0.11
inaccuracy:  0.60000        0.65000           64.46           -0.13            0.09
inaccuracy:  0.65000        0.70000           64.87           -0.14            0.06
inaccuracy:  0.70000        0.75000           64.84           -0.12            0.05
inaccuracy:  0.75000        0.80000           65.62           -0.11            0.04
inaccuracy:  0.80000        0.85000           65.15           -0.11            0.04
inaccuracy:  0.85000        0.90000           64.39           -0.13            0.05
inaccuracy:  0.90000        0.95000           64.15           -0.14            0.05
inaccuracy:  0.95000        1.00000           63.94           -0.12            0.06
===================================================================================================================================
                BAR        
-----------------------------------------------------------------------------------------------------------------------------------
BAR-estimator:         λ             λ+δλ          ΔΔA             ΔA            C               Δδe            δe       
                          
-----------------------------------------------------------------------------------------------------------------------------------
BAR-estimator:      0.00000        0.05000        2.0492         2.0492         2.0492         0.0116         0.0116 
BAR-estimator:      0.05000        0.10000        1.1379         3.1871         1.1379         0.0107         0.0157 
BAR-estimator:      0.10000        0.15000        0.5653         3.7523         0.5653         0.0073         0.0174 
BAR-estimator:      0.15000        0.20000        0.2938         4.0461         0.2938         0.0055         0.0182 
BAR-estimator:      0.20000        0.25000        0.1425         4.1886         0.1425         0.0056         0.0191 
BAR-estimator:      0.25000        0.30000        0.0489         4.2375         0.0489         0.0049         0.0197 
BAR-estimator:      0.30000        0.35000       -0.0143         4.2231        -0.0143         0.0040         0.0201 
BAR-estimator:      0.35000        0.40000       -0.0675         4.1556        -0.0675         0.0034         0.0204 
BAR-estimator:      0.40000        0.45000       -0.0901         4.0656        -0.0901         0.0038         0.0207 
BAR-estimator:      0.45000        0.50000       -0.1182         3.9474        -0.1182         0.0031         0.0209 
BAR-estimator:      0.50000        0.55000       -0.2416         3.7058        -0.2416         0.0039         0.0213 
BAR-estimator:      0.55000        0.60000       -0.4726         3.2332        -0.4726         0.0039         0.0216 
BAR-estimator:      0.60000        0.65000       -0.6849         2.5483        -0.6849         0.0041         0.0220 
BAR-estimator:      0.65000        0.70000       -0.8769         1.6714        -0.8769         0.0040         0.0224 
BAR-estimator:      0.70000        0.75000       -1.0079         0.6635        -1.0079         0.0042         0.0228 
BAR-estimator:      0.75000        0.80000       -1.0890        -0.4255        -1.0890         0.0039         0.0231 
BAR-estimator:      0.80000        0.85000       -1.1137        -1.5392        -1.1137         0.0041         0.0235 
BAR-estimator:      0.85000        0.90000       -1.1119        -2.6512        -1.1119         0.0040         0.0238 
BAR-estimator:      0.90000        0.95000       -1.1045        -3.7557        -1.1045         0.0041         0.0242 
BAR-estimator:      0.95000        1.00000       -1.0824        -4.8380        -1.0824         0.0036         0.0244 
BAR-estimator: total free energy change is -4.838038743841842 , total error is 0.024427986073021178
