#========================================================================================
#                     Free energy perturbation    
#----------------------------------------------------------------------------------------
#forward/backward          λ              ΔΔA                 ΔA                  δε   
#                                                 
#----------------------------------------------------------------------------------------
forward:               0.0000              0.0000              0.0000              0.0000  
forward:               0.0500              1.6252              1.6252              0.0207  
forward:               0.1000              0.9822              2.6074              0.0274  
forward:               0.1500              0.5944              3.2018              0.0323  
forward:               0.2000              0.3490              3.5508              0.0339  
forward:               0.2500              0.2163              3.7672              0.0350  
forward:               0.3000              0.1327              3.8999              0.0357  
forward:               0.3500              0.0755              3.9754              0.0363  
forward:               0.4000              0.0261              4.0015              0.0368  
forward:               0.4500             -0.0075              3.9940              0.0372  
forward:               0.5000             -0.0204              3.9736              0.0376  
forward:               0.5500             -0.0300              3.9436              0.0380  
forward:               0.6000             -0.0417              3.9019              0.0383  
forward:               0.6500             -0.0618              3.8402              0.0385  
forward:               0.7000             -0.0846              3.7556              0.0388  
forward:               0.7500             -0.0915              3.6641              0.0390  
forward:               0.8000             -0.0955              3.5685              0.0392  
forward:               0.8500             -0.0996              3.4689              0.0394  
forward:               0.9000             -0.1179              3.3510              0.0396  
forward:               0.9500             -0.1168              3.2342              0.0398  
forward:               1.0000             -0.1250              3.1092              0.0400  
backward:              1.0000              0.0000              3.1092              0.0000  
backward:              0.9500              0.1240              3.2332              0.0052  
backward:              0.9000              0.1138              3.3470              0.0071  
backward:              0.8500              0.1096              3.4566              0.0084  
backward:              0.8000              0.1040              3.5606              0.0099  
backward:              0.7500              0.0972              3.6578              0.0110  
backward:              0.7000              0.0895              3.7473              0.0120  
backward:              0.6500              0.0736              3.8208              0.0131  
backward:              0.6000              0.0732              3.8940              0.0147  
backward:              0.5500              0.0442              3.9381              0.0162  
backward:              0.5000              0.0231              3.9612              0.0174  
backward:              0.4500              0.0123              3.9736              0.0185  
backward:              0.4000             -0.0095              3.9641              0.0195  
backward:              0.3500             -0.0186              3.9454              0.0207  
backward:              0.3000             -0.0812              3.8642              0.0225  
backward:              0.2500             -0.1254              3.7388              0.0231  
backward:              0.2000             -0.1951              3.5436              0.0251  
backward:              0.1500             -0.3399              3.2038              0.0282  
backward:              0.1000             -0.5963              2.6075              0.0335  
backward:              0.0500             -0.9742              1.6333              0.0402  
backward:              0.0000             -1.6648             -0.0315              0.0938  
Inaccuracy estimation
======================================================================================================
                   i        i+δi          P0_overlap_P1   δε(forward)/ε   δε(backward)/ε
======================================================================================================
inaccuracy:  0.00000        0.05000           37.39           -0.03            1.63
inaccuracy:  0.05000        0.10000           45.79           -0.03            1.06
inaccuracy:  0.10000        0.15000           53.88           -0.02            0.62
inaccuracy:  0.15000        0.20000           61.26           -0.03            0.38
inaccuracy:  0.20000        0.25000           64.71           -0.02            0.27
inaccuracy:  0.25000        0.30000           67.09           -0.03            0.20
inaccuracy:  0.30000        0.35000           69.53           -0.02            0.17
inaccuracy:  0.35000        0.40000           69.94           -0.02            0.15
inaccuracy:  0.40000        0.45000           73.12           -0.02            0.13
inaccuracy:  0.45000        0.50000           72.33           -0.01            0.14
inaccuracy:  0.50000        0.55000           71.92           -0.02            0.12
inaccuracy:  0.55000        0.60000           71.14           -0.01            0.12
inaccuracy:  0.60000        0.65000           71.74           -0.02            0.12
inaccuracy:  0.65000        0.70000           73.93           -0.02            0.10
inaccuracy:  0.70000        0.75000           73.25           -0.02            0.10
inaccuracy:  0.75000        0.80000           72.56           -0.02            0.11
inaccuracy:  0.80000        0.85000           71.94           -0.02            0.11
inaccuracy:  0.85000        0.90000           73.69           -0.02            0.10
inaccuracy:  0.90000        0.95000           73.02           -0.02            0.10
inaccuracy:  0.95000        1.00000           72.33           -0.02            0.10
===================================================================================================================================
                BAR        
-----------------------------------------------------------------------------------------------------------------------------------
BAR-estimator:         λ             λ+δλ          ΔΔA             ΔA            C               Δδe            δe       
                          
-----------------------------------------------------------------------------------------------------------------------------------
BAR-estimator:      0.00000        0.05000        1.6063         1.6063         1.6063         0.0110         0.0110 
BAR-estimator:      0.05000        0.10000        0.9987         2.6050         0.9987         0.0118         0.0161 
BAR-estimator:      0.10000        0.15000        0.5915         3.1965         0.5915         0.0081         0.0181 
BAR-estimator:      0.15000        0.20000        0.3503         3.5468         0.3503         0.0078         0.0197 
BAR-estimator:      0.20000        0.25000        0.2122         3.7590         0.2122         0.0057         0.0205 
BAR-estimator:      0.25000        0.30000        0.1296         3.8886         0.1296         0.0046         0.0210 
BAR-estimator:      0.30000        0.35000        0.0768         3.9653         0.0768         0.0043         0.0214 
BAR-estimator:      0.35000        0.40000        0.0248         3.9902         0.0248         0.0039         0.0218 
BAR-estimator:      0.40000        0.45000       -0.0004         3.9898        -0.0004         0.0037         0.0221 
BAR-estimator:      0.45000        0.50000       -0.0173         3.9725        -0.0173         0.0040         0.0225 
BAR-estimator:      0.50000        0.55000       -0.0274         3.9451        -0.0274         0.0036         0.0227 
BAR-estimator:      0.55000        0.60000       -0.0446         3.9005        -0.0446         0.0034         0.0230 
BAR-estimator:      0.60000        0.65000       -0.0649         3.8356        -0.0649         0.0030         0.0232 
BAR-estimator:      0.65000        0.70000       -0.0812         3.7544        -0.0812         0.0036         0.0235 
BAR-estimator:      0.70000        0.75000       -0.0914         3.6630        -0.0914         0.0033         0.0237 
BAR-estimator:      0.75000        0.80000       -0.0951         3.5679        -0.0951         0.0030         0.0239 
BAR-estimator:      0.80000        0.85000       -0.1009         3.4670        -0.1009         0.0034         0.0241 
BAR-estimator:      0.85000        0.90000       -0.1137         3.3533        -0.1137         0.0032         0.0244 
BAR-estimator:      0.90000        0.95000       -0.1152         3.2381        -0.1152         0.0034         0.0246 
BAR-estimator:      0.95000        1.00000       -0.1261         3.1119        -0.1261         0.0032         0.0248 
BAR-estimator: total free energy change is 3.111918209043333 , total error is 0.024803719161579682
