#========================================================================================
#                     Free energy perturbation    
#----------------------------------------------------------------------------------------
#forward/backward          λ              ΔΔA                 ΔA                  δε   
#                                                 
#----------------------------------------------------------------------------------------
forward:               0.0000              0.0000              0.0000              0.0000  
forward:               0.0500              1.8761              1.8761              0.0370  
forward:               0.1000              0.8851              2.7612              0.0403  
forward:               0.1500              0.4278              3.1890              0.0417  
forward:               0.2000              0.2019              3.3908              0.0425  
forward:               0.2500              0.1121              3.5030              0.0430  
forward:               0.3000              0.0280              3.5310              0.0434  
forward:               0.3500             -0.0057              3.5253              0.0437  
forward:               0.4000             -0.0453              3.4800              0.0440  
forward:               0.4500             -0.0693              3.4107              0.0442  
forward:               0.5000             -0.1022              3.3085              0.0444  
forward:               0.5500             -0.1353              3.1732              0.0446  
forward:               0.6000             -0.2407              2.9325              0.0448  
forward:               0.6500             -0.3047              2.6278              0.0450  
forward:               0.7000             -0.3604              2.2674              0.0452  
forward:               0.7500             -0.4038              1.8636              0.0453  
forward:               0.8000             -0.4483              1.4153              0.0455  
forward:               0.8500             -0.4711              0.9442              0.0457  
forward:               0.9000             -0.4948              0.4494              0.0459  
forward:               0.9500             -0.5175             -0.0680              0.0460  
forward:               1.0000             -0.5366             -0.6046              0.0461  
backward:              1.0000              0.0000             -0.6046              0.0000  
backward:              0.9500              0.5325             -0.0721              0.0044  
backward:              0.9000              0.5080              0.4359              0.0062  
backward:              0.8500              0.4968              0.9328              0.0077  
backward:              0.8000              0.4632              1.3959              0.0091  
backward:              0.7500              0.4443              1.8403              0.0100  
backward:              0.7000              0.4078              2.2481              0.0111  
backward:              0.6500              0.3604              2.6085              0.0120  
backward:              0.6000              0.3098              2.9183              0.0128  
backward:              0.5500              0.2375              3.1558              0.0136  
backward:              0.5000              0.1335              3.2893              0.0145  
backward:              0.4500              0.1023              3.3916              0.0151  
backward:              0.4000              0.0710              3.4627              0.0160  
backward:              0.3500              0.0469              3.5096              0.0168  
backward:              0.3000              0.0044              3.5140              0.0181  
backward:              0.2500             -0.0292              3.4849              0.0192  
backward:              0.2000             -0.1104              3.3745              0.0206  
backward:              0.1500             -0.2061              3.1684              0.0227  
backward:              0.1000             -0.4451              2.7233              0.0281  
backward:              0.0500             -0.9171              1.8062              0.0409  
backward:              0.0000             -1.8282             -0.0220              0.0701  
Inaccuracy estimation
======================================================================================================
                   i        i+δi          P0_overlap_P1   δε(forward)/ε   δε(backward)/ε
======================================================================================================
inaccuracy:  0.00000        0.05000           29.35           -0.03            3.28
inaccuracy:  0.05000        0.10000           47.42           -0.03            1.04
inaccuracy:  0.10000        0.15000           59.34           -0.02            0.48
inaccuracy:  0.15000        0.20000           66.27           -0.01            0.25
inaccuracy:  0.20000        0.25000           70.20           -0.01            0.18
inaccuracy:  0.25000        0.30000           72.55           -0.01            0.14
inaccuracy:  0.30000        0.35000           74.03           -0.01            0.12
inaccuracy:  0.35000        0.40000           74.08           -0.01            0.10
inaccuracy:  0.40000        0.45000           75.28           -0.02            0.09
inaccuracy:  0.45000        0.50000           76.18           -0.01            0.09
inaccuracy:  0.50000        0.55000           72.53           -0.04            0.10
inaccuracy:  0.55000        0.60000           73.34           -0.03            0.08
inaccuracy:  0.60000        0.65000           73.82           -0.04            0.07
inaccuracy:  0.65000        0.70000           74.63           -0.03            0.06
inaccuracy:  0.70000        0.75000           74.94           -0.04            0.06
inaccuracy:  0.75000        0.80000           75.51           -0.04            0.06
inaccuracy:  0.80000        0.85000           75.28           -0.04            0.05
inaccuracy:  0.85000        0.90000           73.93           -0.04            0.05
inaccuracy:  0.90000        0.95000           75.22           -0.04            0.05
inaccuracy:  0.95000        1.00000           74.76           -0.03            0.05
===================================================================================================================================
                BAR        
-----------------------------------------------------------------------------------------------------------------------------------
BAR-estimator:         λ             λ+δλ          ΔΔA             ΔA            C               Δδe            δe       
                          
-----------------------------------------------------------------------------------------------------------------------------------
BAR-estimator:      0.00000        0.05000        1.9072         1.9072         1.9072         0.0159         0.0159 
BAR-estimator:      0.05000        0.10000        0.9058         2.8130         0.9058         0.0091         0.0183 
BAR-estimator:      0.10000        0.15000        0.4370         3.2500         0.4370         0.0071         0.0196 
BAR-estimator:      0.15000        0.20000        0.2046         3.4546         0.2046         0.0056         0.0204 
BAR-estimator:      0.20000        0.25000        0.1132         3.5679         0.1132         0.0045         0.0209 
BAR-estimator:      0.25000        0.30000        0.0310         3.5989         0.0310         0.0038         0.0212 
BAR-estimator:      0.30000        0.35000       -0.0059         3.5930        -0.0059         0.0035         0.0215 
BAR-estimator:      0.35000        0.40000       -0.0470         3.5460        -0.0470         0.0034         0.0218 
BAR-estimator:      0.40000        0.45000       -0.0711         3.4749        -0.0711         0.0031         0.0220 
BAR-estimator:      0.45000        0.50000       -0.1008         3.3741        -0.1008         0.0028         0.0222 
BAR-estimator:      0.50000        0.55000       -0.1343         3.2398        -0.1343         0.0032         0.0224 
BAR-estimator:      0.55000        0.60000       -0.2389         3.0008        -0.2389         0.0032         0.0226 
BAR-estimator:      0.60000        0.65000       -0.3072         2.6937        -0.3072         0.0029         0.0228 
BAR-estimator:      0.65000        0.70000       -0.3605         2.3332        -0.3605         0.0029         0.0230 
BAR-estimator:      0.70000        0.75000       -0.4056         1.9276        -0.4056         0.0028         0.0232 
BAR-estimator:      0.75000        0.80000       -0.4455         1.4821        -0.4455         0.0030         0.0234 
BAR-estimator:      0.80000        0.85000       -0.4686         1.0136        -0.4686         0.0030         0.0236 
BAR-estimator:      0.85000        0.90000       -0.4978         0.5158        -0.4978         0.0034         0.0238 
BAR-estimator:      0.90000        0.95000       -0.5137         0.0021        -0.5137         0.0030         0.0240 
BAR-estimator:      0.95000        1.00000       -0.5330        -0.5309        -0.5330         0.0031         0.0242 
BAR-estimator: total free energy change is -0.5309285471729018 , total error is 0.02420196170555277
