#========================================================================================
#                     Free energy perturbation    
#----------------------------------------------------------------------------------------
#forward/backward          λ              ΔΔA                 ΔA                  δε   
#                                                 
#----------------------------------------------------------------------------------------
forward:               0.0000              0.0000              0.0000              0.0000  
forward:               0.0500              1.4508              1.4508              0.0229  
forward:               0.1000              0.7943              2.2451              0.0317  
forward:               0.1500              0.4091              2.6543              0.0332  
forward:               0.2000              0.2456              2.8999              0.0344  
forward:               0.2500              0.1459              3.0458              0.0351  
forward:               0.3000              0.0796              3.1254              0.0356  
forward:               0.3500              0.0311              3.1565              0.0360  
forward:               0.4000              0.0009              3.1574              0.0362  
forward:               0.4500             -0.0256              3.1318              0.0365  
forward:               0.5000             -0.0428              3.0889              0.0367  
forward:               0.5500             -0.0667              3.0222              0.0370  
forward:               0.6000             -0.1247              2.8975              0.0372  
forward:               0.6500             -0.1558              2.7417              0.0374  
forward:               0.7000             -0.1895              2.5521              0.0376  
forward:               0.7500             -0.2010              2.3512              0.0378  
forward:               0.8000             -0.2286              2.1225              0.0380  
forward:               0.8500             -0.2496              1.8729              0.0382  
forward:               0.9000             -0.2560              1.6169              0.0383  
forward:               0.9500             -0.2796              1.3373              0.0385  
forward:               1.0000             -0.2874              1.0499              0.0386  
backward:              1.0000              0.0000              1.0499              0.0000  
backward:              0.9500              0.2903              1.3403              0.0038  
backward:              0.9000              0.2731              1.6133              0.0054  
backward:              0.8500              0.2643              1.8776              0.0071  
backward:              0.8000              0.2414              2.1190              0.0081  
backward:              0.7500              0.2291              2.3481              0.0091  
backward:              0.7000              0.2081              2.5563              0.0100  
backward:              0.6500              0.1899              2.7461              0.0110  
backward:              0.6000              0.1499              2.8961              0.0118  
backward:              0.5500              0.1207              3.0168              0.0126  
backward:              0.5000              0.0671              3.0839              0.0135  
backward:              0.4500              0.0374              3.1213              0.0146  
backward:              0.4000              0.0207              3.1420              0.0155  
backward:              0.3500              0.0011              3.1432              0.0163  
backward:              0.3000             -0.0365              3.1067              0.0175  
backward:              0.2500             -0.0828              3.0239              0.0185  
backward:              0.2000             -0.1493              2.8746              0.0204  
backward:              0.1500             -0.2474              2.6272              0.0230  
backward:              0.1000             -0.4361              2.1911              0.0289  
backward:              0.0500             -0.7415              1.4496              0.0345  
backward:              0.0000             -1.3558              0.0937              0.0457  
Inaccuracy estimation
======================================================================================================
                   i        i+δi          P0_overlap_P1   δε(forward)/ε   δε(backward)/ε
======================================================================================================
inaccuracy:  0.00000        0.05000           37.26           -0.04            1.88
inaccuracy:  0.05000        0.10000           49.46           -0.02            0.85
inaccuracy:  0.10000        0.15000           61.72           -0.02            0.42
inaccuracy:  0.15000        0.20000           66.77           -0.01            0.25
inaccuracy:  0.20000        0.25000           70.22           -0.01            0.19
inaccuracy:  0.25000        0.30000           72.06           -0.01            0.14
inaccuracy:  0.30000        0.35000           74.39           -0.01            0.11
inaccuracy:  0.35000        0.40000           74.62           -0.01            0.11
inaccuracy:  0.40000        0.45000           76.10           -0.01            0.09
inaccuracy:  0.45000        0.50000           76.38           -0.01            0.10
inaccuracy:  0.50000        0.55000           74.48           -0.02            0.10
inaccuracy:  0.55000        0.60000           75.63           -0.02            0.08
inaccuracy:  0.60000        0.65000           75.78           -0.02            0.08
inaccuracy:  0.65000        0.70000           75.79           -0.02            0.08
inaccuracy:  0.70000        0.75000           75.40           -0.03            0.08
inaccuracy:  0.75000        0.80000           75.52           -0.02            0.07
inaccuracy:  0.80000        0.85000           76.01           -0.02            0.07
inaccuracy:  0.85000        0.90000           74.33           -0.03            0.07
inaccuracy:  0.90000        0.95000           76.72           -0.03            0.07
inaccuracy:  0.95000        1.00000           74.68           -0.03            0.07
===================================================================================================================================
                BAR        
-----------------------------------------------------------------------------------------------------------------------------------
BAR-estimator:         λ             λ+δλ          ΔΔA             ΔA            C               Δδe            δe       
                          
-----------------------------------------------------------------------------------------------------------------------------------
BAR-estimator:      0.00000        0.05000        1.4342         1.4342         1.4342         0.0119         0.0119 
BAR-estimator:      0.05000        0.10000        0.7892         2.2234         0.7892         0.0136         0.0180 
BAR-estimator:      0.10000        0.15000        0.4156         2.6390         0.4156         0.0066         0.0192 
BAR-estimator:      0.15000        0.20000        0.2470         2.8860         0.2470         0.0060         0.0201 
BAR-estimator:      0.20000        0.25000        0.1465         3.0325         0.1465         0.0044         0.0206 
BAR-estimator:      0.25000        0.30000        0.0785         3.1110         0.0785         0.0042         0.0210 
BAR-estimator:      0.30000        0.35000        0.0332         3.1441         0.0332         0.0034         0.0213 
BAR-estimator:      0.35000        0.40000       -0.0003         3.1439        -0.0003         0.0031         0.0215 
BAR-estimator:      0.40000        0.45000       -0.0232         3.1207        -0.0232         0.0020         0.0216 
BAR-estimator:      0.45000        0.50000       -0.0384         3.0823        -0.0384         0.0030         0.0218 
BAR-estimator:      0.50000        0.55000       -0.0644         3.0178        -0.0644         0.0032         0.0220 
BAR-estimator:      0.55000        0.60000       -0.1222         2.8956        -0.1222         0.0029         0.0222 
BAR-estimator:      0.60000        0.65000       -0.1524         2.7432        -0.1524         0.0028         0.0224 
BAR-estimator:      0.65000        0.70000       -0.1888         2.5544        -0.1888         0.0031         0.0226 
BAR-estimator:      0.70000        0.75000       -0.2036         2.3508        -0.2036         0.0029         0.0228 
BAR-estimator:      0.75000        0.80000       -0.2288         2.1220        -0.2288         0.0029         0.0230 
BAR-estimator:      0.80000        0.85000       -0.2461         1.8759        -0.2461         0.0030         0.0232 
BAR-estimator:      0.85000        0.90000       -0.2606         1.6153        -0.2606         0.0031         0.0234 
BAR-estimator:      0.90000        0.95000       -0.2763         1.3390        -0.2763         0.0031         0.0236 
BAR-estimator:      0.95000        1.00000       -0.2883         1.0507        -0.2883         0.0029         0.0238 
BAR-estimator: total free energy change is 1.0507166918691482 , total error is 0.023785134394151603
