#========================================================================================
#                     Free energy perturbation    
#----------------------------------------------------------------------------------------
#forward/backward          λ              ΔΔA                 ΔA                  δε   
#                                                 
#----------------------------------------------------------------------------------------
forward:               0.0000              0.0000              0.0000              0.0000  
forward:               0.0500              1.3544              1.3544              0.0085  
forward:               0.1000              0.7031              2.0575              0.0173  
forward:               0.1500              0.3544              2.4119              0.0203  
forward:               0.2000              0.1894              2.6013              0.0215  
forward:               0.2500              0.1142              2.7155              0.0224  
forward:               0.3000              0.0333              2.7488              0.0230  
forward:               0.3500              0.0064              2.7552              0.0238  
forward:               0.4000             -0.0317              2.7235              0.0242  
forward:               0.4500             -0.0476              2.6759              0.0245  
forward:               0.5000             -0.0879              2.5880              0.0249  
forward:               0.5500             -0.1937              2.3943              0.0255  
forward:               0.6000             -0.4124              1.9820              0.0261  
forward:               0.6500             -0.6111              1.3708              0.0268  
forward:               0.7000             -0.7840              0.5868              0.0282  
forward:               0.7500             -0.9302             -0.3434              0.0288  
forward:               0.8000             -1.0005             -1.3440              0.0293  
forward:               0.8500             -1.0348             -2.3788              0.0298  
forward:               0.9000             -1.0516             -3.4303              0.0301  
forward:               0.9500             -1.0351             -4.4654              0.0305  
forward:               1.0000             -1.0197             -5.4851              0.0308  
backward:              1.0000              0.0000             -5.4851              0.0000  
backward:              0.9500              1.0208             -4.4643              0.0057  
backward:              0.9000              1.0295             -3.4349              0.0081  
backward:              0.8500              1.0407             -2.3942              0.0099  
backward:              0.8000              1.0294             -1.3648              0.0116  
backward:              0.7500              1.0003             -0.3644              0.0138  
backward:              0.7000              0.9214              0.5569              0.0156  
backward:              0.6500              0.7891              1.3460              0.0174  
backward:              0.6000              0.6129              1.9589              0.0186  
backward:              0.5500              0.4162              2.3751              0.0199  
backward:              0.5000              0.1888              2.5639              0.0209  
backward:              0.4500              0.0835              2.6474              0.0213  
backward:              0.4000              0.0496              2.6970              0.0219  
backward:              0.3500              0.0268              2.7238              0.0226  
backward:              0.3000              0.0052              2.7290              0.0230  
backward:              0.2500             -0.0338              2.6952              0.0243  
backward:              0.2000             -0.0996              2.5956              0.0256  
backward:              0.1500             -0.1798              2.4158              0.0268  
backward:              0.1000             -0.3360              2.0798              0.0293  
backward:              0.0500             -0.7085              1.3713              0.0377  
backward:              0.0000             -1.4275             -0.0562              0.0704  
Inaccuracy estimation
======================================================================================================
                   i        i+δi          P0_overlap_P1   δε(forward)/ε   δε(backward)/ε
======================================================================================================
inaccuracy:  0.00000        0.05000           39.48           -0.04            1.36
inaccuracy:  0.05000        0.10000           50.41           -0.03            0.82
inaccuracy:  0.10000        0.15000           61.57           -0.01            0.42
inaccuracy:  0.15000        0.20000           67.70           -0.01            0.23
inaccuracy:  0.20000        0.25000           69.03           -0.01            0.17
inaccuracy:  0.25000        0.30000           72.99           -0.02            0.13
inaccuracy:  0.30000        0.35000           73.69           -0.01            0.12
inaccuracy:  0.35000        0.40000           76.07           -0.01            0.11
inaccuracy:  0.40000        0.45000           75.72           -0.01            0.09
inaccuracy:  0.45000        0.50000           76.87           -0.01            0.08
inaccuracy:  0.50000        0.55000           67.93           -0.07            0.12
inaccuracy:  0.55000        0.60000           67.56           -0.09            0.09
inaccuracy:  0.60000        0.65000           67.33           -0.12            0.07
inaccuracy:  0.65000        0.70000           66.68           -0.10            0.05
inaccuracy:  0.70000        0.75000           68.73           -0.11            0.04
inaccuracy:  0.75000        0.80000           68.21           -0.11            0.03
inaccuracy:  0.80000        0.85000           68.79           -0.10            0.03
inaccuracy:  0.85000        0.90000           69.23           -0.10            0.03
inaccuracy:  0.90000        0.95000           68.10           -0.10            0.04
inaccuracy:  0.95000        1.00000           67.40           -0.08            0.05
===================================================================================================================================
                BAR        
-----------------------------------------------------------------------------------------------------------------------------------
BAR-estimator:         λ             λ+δλ          ΔΔA             ΔA            C               Δδe            δe       
                          
-----------------------------------------------------------------------------------------------------------------------------------
BAR-estimator:      0.00000        0.05000        1.3493         1.3493         1.3493         0.0096         0.0096 
BAR-estimator:      0.05000        0.10000        0.7037         2.0530         0.7037         0.0093         0.0134 
BAR-estimator:      0.10000        0.15000        0.3557         2.4087         0.3557         0.0068         0.0150 
BAR-estimator:      0.15000        0.20000        0.1885         2.5972         0.1885         0.0045         0.0157 
BAR-estimator:      0.20000        0.25000        0.1058         2.7030         0.1058         0.0044         0.0163 
BAR-estimator:      0.25000        0.30000        0.0317         2.7347         0.0317         0.0039         0.0167 
BAR-estimator:      0.30000        0.35000        0.0037         2.7385         0.0037         0.0041         0.0172 
BAR-estimator:      0.35000        0.40000       -0.0287         2.7098        -0.0287         0.0033         0.0175 
BAR-estimator:      0.40000        0.45000       -0.0493         2.6604        -0.0493         0.0030         0.0178 
BAR-estimator:      0.45000        0.50000       -0.0856         2.5749        -0.0856         0.0026         0.0180 
BAR-estimator:      0.50000        0.55000       -0.1927         2.3822        -0.1927         0.0033         0.0183 
BAR-estimator:      0.55000        0.60000       -0.4144         1.9678        -0.4144         0.0039         0.0187 
BAR-estimator:      0.60000        0.65000       -0.6149         1.3528        -0.6149         0.0039         0.0191 
BAR-estimator:      0.65000        0.70000       -0.7864         0.5664        -0.7864         0.0046         0.0196 
BAR-estimator:      0.70000        0.75000       -0.9246        -0.3582        -0.9246         0.0043         0.0201 
BAR-estimator:      0.75000        0.80000       -1.0023        -1.3604        -1.0023         0.0040         0.0205 
BAR-estimator:      0.80000        0.85000       -1.0340        -2.3944        -1.0340         0.0036         0.0208 
BAR-estimator:      0.85000        0.90000       -1.0486        -3.4430        -1.0486         0.0041         0.0212 
BAR-estimator:      0.90000        0.95000       -1.0326        -4.4756        -1.0326         0.0041         0.0216 
BAR-estimator:      0.95000        1.00000       -1.0176        -5.4932        -1.0176         0.0035         0.0219 
BAR-estimator: total free energy change is -5.493214497284281 , total error is 0.021868191438913998
