#========================================================================================
#                     Free energy perturbation    
#----------------------------------------------------------------------------------------
#forward/backward          λ              ΔΔA                 ΔA                  δε   
#                                                 
#----------------------------------------------------------------------------------------
forward:               0.0000              0.0000              0.0000              0.0000  
forward:               0.0500              1.7408              1.7408              0.0251  
forward:               0.1000              0.8723              2.6131              0.0319  
forward:               0.1500              0.3922              3.0053              0.0344  
forward:               0.2000              0.1314              3.1366              0.0354  
forward:               0.2500              0.0182              3.1548              0.0359  
forward:               0.3000             -0.0652              3.0896              0.0367  
forward:               0.3500             -0.1127              2.9769              0.0370  
forward:               0.4000             -0.1663              2.8107              0.0374  
forward:               0.4500             -0.1884              2.6223              0.0378  
forward:               0.5000             -0.2191              2.4032              0.0380  
forward:               0.5500             -0.5624              1.8408              0.0389  
forward:               0.6000             -1.1253              0.7155              0.0397  
forward:               0.6500             -1.5988             -0.8833              0.0408  
forward:               0.7000             -2.0370             -2.9203              0.0421  
forward:               0.7500             -2.2908             -5.2111              0.0433  
forward:               0.8000             -2.4095             -7.6206              0.0439  
forward:               0.8500             -2.4311            -10.0517              0.0444  
forward:               0.9000             -2.4129            -12.4646              0.0449  
forward:               0.9500             -2.3779            -14.8426              0.0453  
forward:               1.0000             -2.3338            -17.1764              0.0457  
backward:              1.0000              0.0000            -17.1764              0.0000  
backward:              0.9500              2.3385            -14.8379              0.0114  
backward:              0.9000              2.3607            -12.4772              0.0144  
backward:              0.8500              2.4039            -10.0733              0.0178  
backward:              0.8000              2.4357             -7.6376              0.0193  
backward:              0.7500              2.3946             -5.2431              0.0211  
backward:              0.7000              2.2620             -2.9811              0.0230  
backward:              0.6500              2.0096             -0.9714              0.0250  
backward:              0.6000              1.6161              0.6446              0.0268  
backward:              0.5500              1.1179              1.7625              0.0284  
backward:              0.5000              0.5767              2.3392              0.0296  
backward:              0.4500              0.2225              2.5616              0.0300  
backward:              0.4000              0.1890              2.7506              0.0303  
backward:              0.3500              0.1599              2.9105              0.0307  
backward:              0.3000              0.1194              3.0299              0.0317  
backward:              0.2500              0.0828              3.1127              0.0324  
backward:              0.2000             -0.0078              3.1050              0.0333  
backward:              0.1500             -0.1474              2.9576              0.0373  
backward:              0.1000             -0.3590              2.5986              0.0402  
backward:              0.0500             -0.7870              1.8116              0.0526  
backward:              0.0000             -1.6432              0.1684              0.0665  
Inaccuracy estimation
======================================================================================================
                   i        i+δi          P0_overlap_P1   δε(forward)/ε   δε(backward)/ε
======================================================================================================
inaccuracy:  0.00000        0.05000           31.33           -0.04            2.56
inaccuracy:  0.05000        0.10000           42.97           -0.05            1.18
inaccuracy:  0.10000        0.15000           56.16           -0.03            0.52
inaccuracy:  0.15000        0.20000           65.41           -0.01            0.27
inaccuracy:  0.20000        0.25000           68.90           -0.01            0.18
inaccuracy:  0.25000        0.30000           70.58           -0.01            0.14
inaccuracy:  0.30000        0.35000           72.69           -0.01            0.12
inaccuracy:  0.35000        0.40000           75.91           -0.01            0.09
inaccuracy:  0.40000        0.45000           75.81           -0.01            0.08
inaccuracy:  0.45000        0.50000           75.85           -0.02            0.07
inaccuracy:  0.50000        0.55000           56.63           -0.20            0.20
inaccuracy:  0.55000        0.60000           58.07           -0.29            0.07
inaccuracy:  0.60000        0.65000           56.14           -0.37            0.00
inaccuracy:  0.65000        0.70000           58.78           -0.32           -0.06
inaccuracy:  0.70000        0.75000           60.22           -0.32           -0.09
inaccuracy:  0.75000        0.80000           59.92           -0.32           -0.10
inaccuracy:  0.80000        0.85000           59.27           -0.33           -0.11
inaccuracy:  0.85000        0.90000           58.29           -0.30           -0.10
inaccuracy:  0.90000        0.95000           57.42           -0.35           -0.08
inaccuracy:  0.95000        1.00000           55.63           -0.37           -0.08
===================================================================================================================================
                BAR        
-----------------------------------------------------------------------------------------------------------------------------------
BAR-estimator:         λ             λ+δλ          ΔΔA             ΔA            C               Δδe            δe       
                          
-----------------------------------------------------------------------------------------------------------------------------------
BAR-estimator:      0.00000        0.05000        1.7363         1.7363         1.7363         0.0140         0.0140 
BAR-estimator:      0.05000        0.10000        0.8475         2.5838         0.8475         0.0113         0.0179 
BAR-estimator:      0.10000        0.15000        0.3767         2.9605         0.3767         0.0086         0.0199 
BAR-estimator:      0.15000        0.20000        0.1319         3.0924         0.1319         0.0056         0.0207 
BAR-estimator:      0.20000        0.25000        0.0155         3.1079         0.0155         0.0045         0.0212 
BAR-estimator:      0.25000        0.30000       -0.0704         3.0375        -0.0704         0.0039         0.0215 
BAR-estimator:      0.30000        0.35000       -0.1151         2.9225        -0.1151         0.0037         0.0218 
BAR-estimator:      0.35000        0.40000       -0.1625         2.7600        -0.1625         0.0038         0.0222 
BAR-estimator:      0.40000        0.45000       -0.1879         2.5720        -0.1879         0.0030         0.0224 
BAR-estimator:      0.45000        0.50000       -0.2206         2.3515        -0.2206         0.0029         0.0225 
BAR-estimator:      0.50000        0.55000       -0.5562         1.7953        -0.5562         0.0049         0.0231 
BAR-estimator:      0.55000        0.60000       -1.1155         0.6798        -1.1155         0.0045         0.0235 
BAR-estimator:      0.60000        0.65000       -1.6136        -0.9338        -1.6136         0.0052         0.0241 
BAR-estimator:      0.65000        0.70000       -2.0216        -2.9554        -2.0216         0.0055         0.0247 
BAR-estimator:      0.70000        0.75000       -2.2740        -5.2294        -2.2740         0.0055         0.0253 
BAR-estimator:      0.75000        0.80000       -2.4002        -7.6296        -2.4002         0.0048         0.0258 
BAR-estimator:      0.80000        0.85000       -2.4268       -10.0564        -2.4268         0.0049         0.0262 
BAR-estimator:      0.85000        0.90000       -2.4120       -12.4684        -2.4120         0.0050         0.0267 
BAR-estimator:      0.90000        0.95000       -2.3729       -14.8413        -2.3729         0.0056         0.0273 
BAR-estimator:      0.95000        1.00000       -2.3387       -17.1801        -2.3387         0.0059         0.0279 
BAR-estimator: total free energy change is -17.180063055961753 , total error is 0.027886663340721825
