#========================================================================================
#                     Free energy perturbation    
#----------------------------------------------------------------------------------------
#forward/backward          λ              ΔΔA                 ΔA                  δε   
#                                                 
#----------------------------------------------------------------------------------------
forward:               0.0000              0.0000              0.0000              0.0000  
forward:               0.0500              1.0712              1.0712              0.0218  
forward:               0.1000              0.6092              1.6805              0.0247  
forward:               0.1500              0.3649              2.0454              0.0264  
forward:               0.2000              0.2149              2.2603              0.0268  
forward:               0.2500              0.1324              2.3927              0.0274  
forward:               0.3000              0.0709              2.4636              0.0280  
forward:               0.3500              0.0370              2.5006              0.0283  
forward:               0.4000              0.0069              2.5075              0.0287  
forward:               0.4500             -0.0098              2.4977              0.0289  
forward:               0.5000             -0.0229              2.4749              0.0292  
forward:               0.5500             -0.1019              2.3729              0.0296  
forward:               0.6000             -0.2187              2.1543              0.0299  
forward:               0.6500             -0.3108              1.8434              0.0302  
forward:               0.7000             -0.4021              1.4414              0.0305  
forward:               0.7500             -0.4726              0.9688              0.0308  
forward:               0.8000             -0.5359              0.4329              0.0310  
forward:               0.8500             -0.5816             -0.1487              0.0314  
forward:               0.9000             -0.6190             -0.7677              0.0316  
forward:               0.9500             -0.6492             -1.4168              0.0318  
forward:               1.0000             -0.6708             -2.0876              0.0320  
backward:              1.0000              0.0000             -2.0876              0.0000  
backward:              0.9500              0.6792             -1.4084              0.0041  
backward:              0.9000              0.6403             -0.7681              0.0065  
backward:              0.8500              0.6203             -0.1479              0.0080  
backward:              0.8000              0.5728              0.4250              0.0092  
backward:              0.7500              0.5284              0.9534              0.0103  
backward:              0.7000              0.4681              1.4215              0.0112  
backward:              0.6500              0.3980              1.8195              0.0122  
backward:              0.6000              0.3160              2.1355              0.0130  
backward:              0.5500              0.2175              2.3530              0.0139  
backward:              0.5000              0.1082              2.4612              0.0148  
backward:              0.4500              0.0272              2.4884              0.0155  
backward:              0.4000              0.0048              2.4932              0.0164  
backward:              0.3500             -0.0089              2.4843              0.0174  
backward:              0.3000             -0.0450              2.4393              0.0183  
backward:              0.2500             -0.0718              2.3674              0.0194  
backward:              0.2000             -0.1424              2.2251              0.0244  
backward:              0.1500             -0.2130              2.0120              0.0259  
backward:              0.1000             -0.3686              1.6434              0.0299  
backward:              0.0500             -0.5862              1.0572              0.0362  
backward:              0.0000             -1.1008             -0.0436              0.0442  
Inaccuracy estimation
======================================================================================================
                   i        i+δi          P0_overlap_P1   δε(forward)/ε   δε(backward)/ε
======================================================================================================
inaccuracy:  0.00000        0.05000           45.18           -0.02            1.20
inaccuracy:  0.05000        0.10000           54.16           -0.01            0.66
inaccuracy:  0.10000        0.15000           62.93           -0.02            0.34
inaccuracy:  0.15000        0.20000           68.63           -0.01            0.23
inaccuracy:  0.20000        0.25000           71.80           -0.01            0.17
inaccuracy:  0.25000        0.30000           73.75           -0.01            0.13
inaccuracy:  0.30000        0.35000           75.58           -0.01            0.11
inaccuracy:  0.35000        0.40000           75.85           -0.01            0.10
inaccuracy:  0.40000        0.45000           76.57           -0.01            0.10
inaccuracy:  0.45000        0.50000           75.98           -0.01            0.09
inaccuracy:  0.50000        0.55000           70.97           -0.04            0.10
inaccuracy:  0.55000        0.60000           72.50           -0.04            0.08
inaccuracy:  0.60000        0.65000           72.50           -0.05            0.08
inaccuracy:  0.65000        0.70000           72.79           -0.05            0.06
inaccuracy:  0.70000        0.75000           73.79           -0.05            0.06
inaccuracy:  0.75000        0.80000           74.49           -0.05            0.05
inaccuracy:  0.80000        0.85000           74.12           -0.04            0.05
inaccuracy:  0.85000        0.90000           72.93           -0.05            0.05
inaccuracy:  0.90000        0.95000           73.61           -0.05            0.05
inaccuracy:  0.95000        1.00000           71.86           -0.05            0.05
===================================================================================================================================
                BAR        
-----------------------------------------------------------------------------------------------------------------------------------
BAR-estimator:         λ             λ+δλ          ΔΔA             ΔA            C               Δδe            δe       
                          
-----------------------------------------------------------------------------------------------------------------------------------
BAR-estimator:      0.00000        0.05000        1.0943         1.0943         1.0943         0.0123         0.0123 
BAR-estimator:      0.05000        0.10000        0.6071         1.7014         0.6071         0.0081         0.0147 
BAR-estimator:      0.10000        0.15000        0.3596         2.0610         0.3596         0.0060         0.0159 
BAR-estimator:      0.15000        0.20000        0.2160         2.2770         0.2160         0.0049         0.0167 
BAR-estimator:      0.20000        0.25000        0.1340         2.4110         0.1340         0.0039         0.0171 
BAR-estimator:      0.25000        0.30000        0.0702         2.4812         0.0702         0.0038         0.0175 
BAR-estimator:      0.30000        0.35000        0.0382         2.5194         0.0382         0.0031         0.0178 
BAR-estimator:      0.35000        0.40000        0.0078         2.5273         0.0078         0.0033         0.0181 
BAR-estimator:      0.40000        0.45000       -0.0079         2.5194        -0.0079         0.0031         0.0184 
BAR-estimator:      0.45000        0.50000       -0.0257         2.4937        -0.0257         0.0028         0.0186 
BAR-estimator:      0.50000        0.55000       -0.1024         2.3912        -0.1024         0.0032         0.0189 
BAR-estimator:      0.55000        0.60000       -0.2218         2.1694        -0.2218         0.0031         0.0191 
BAR-estimator:      0.60000        0.65000       -0.3135         1.8559        -0.3135         0.0033         0.0194 
BAR-estimator:      0.65000        0.70000       -0.4030         1.4529        -0.4030         0.0030         0.0196 
BAR-estimator:      0.70000        0.75000       -0.4707         0.9823        -0.4707         0.0031         0.0199 
BAR-estimator:      0.75000        0.80000       -0.5318         0.4505        -0.5318         0.0032         0.0201 
BAR-estimator:      0.80000        0.85000       -0.5780        -0.1275        -0.5780         0.0034         0.0204 
BAR-estimator:      0.85000        0.90000       -0.6189        -0.7464        -0.6189         0.0032         0.0207 
BAR-estimator:      0.90000        0.95000       -0.6462        -1.3926        -0.6462         0.0033         0.0209 
BAR-estimator:      0.95000        1.00000       -0.6750        -2.0676        -0.6750         0.0031         0.0212 
BAR-estimator: total free energy change is -2.0676387953552737 , total error is 0.021153208369093027
