#========================================================================================
#                     Free energy perturbation    
#----------------------------------------------------------------------------------------
#forward/backward          λ              ΔΔA                 ΔA                  δε   
#                                                 
#----------------------------------------------------------------------------------------
forward:               0.0000              0.0000              0.0000              0.0000  
forward:               0.0500              3.0099              3.0099              0.0492  
forward:               0.1000              1.5847              4.5946              0.0586  
forward:               0.1500              0.6638              5.2584              0.0612  
forward:               0.2000              0.2498              5.5082              0.0631  
forward:               0.2500              0.0530              5.5612              0.0636  
forward:               0.3000             -0.0717              5.4895              0.0639  
forward:               0.3500             -0.1489              5.3406              0.0643  
forward:               0.4000             -0.1979              5.1427              0.0646  
forward:               0.4500             -0.2308              4.9119              0.0648  
forward:               0.5000             -0.2665              4.6454              0.0650  
forward:               0.5500             -0.5383              4.1071              0.0656  
forward:               0.6000             -1.0216              3.0855              0.0663  
forward:               0.6500             -1.5149              1.5707              0.0674  
forward:               0.7000             -1.8880             -0.3173              0.0681  
forward:               0.7500             -2.1441             -2.4614              0.0687  
forward:               0.8000             -2.2356             -4.6970              0.0692  
forward:               0.8500             -2.2489             -6.9459              0.0696  
forward:               0.9000             -2.2618             -9.2078              0.0701  
forward:               0.9500             -2.2387            -11.4465              0.0705  
forward:               1.0000             -2.2071            -13.6536              0.0707  
backward:              1.0000              0.0000            -13.6536              0.0000  
backward:              0.9500              2.1870            -11.4666              0.0139  
backward:              0.9000              2.2085             -9.2582              0.0175  
backward:              0.8500              2.2702             -6.9879              0.0199  
backward:              0.8000              2.2555             -4.7324              0.0218  
backward:              0.7500              2.2244             -2.5080              0.0256  
backward:              0.7000              2.1352             -0.3727              0.0277  
backward:              0.6500              1.9022              1.5295              0.0297  
backward:              0.6000              1.4737              3.0032              0.0324  
backward:              0.5500              0.9937              3.9969              0.0341  
backward:              0.5000              0.5267              4.5236              0.0353  
backward:              0.4500              0.2806              4.8042              0.0358  
backward:              0.4000              0.2408              5.0450              0.0363  
backward:              0.3500              0.1926              5.2376              0.0371  
backward:              0.3000              0.1377              5.3754              0.0380  
backward:              0.2500              0.0680              5.4434              0.0392  
backward:              0.2000             -0.0551              5.3882              0.0413  
backward:              0.1500             -0.2635              5.1247              0.0466  
backward:              0.1000             -0.6761              4.4486              0.0528  
backward:              0.0500             -1.5437              2.9049              0.0675  
backward:              0.0000             -3.0270             -0.1221              0.1621  
Inaccuracy estimation
======================================================================================================
                   i        i+δi          P0_overlap_P1   δε(forward)/ε   δε(backward)/ε
======================================================================================================
inaccuracy:  0.00000        0.05000           20.75            0.23            4.51
inaccuracy:  0.05000        0.10000           31.03           -0.10            2.32
inaccuracy:  0.10000        0.15000           45.33           -0.08            1.01
inaccuracy:  0.15000        0.20000           55.84           -0.05            0.52
inaccuracy:  0.20000        0.25000           61.50           -0.05            0.32
inaccuracy:  0.25000        0.30000           65.12           -0.04            0.22
inaccuracy:  0.30000        0.35000           67.48           -0.03            0.17
inaccuracy:  0.35000        0.40000           68.23           -0.04            0.15
inaccuracy:  0.40000        0.45000           68.05           -0.03            0.14
inaccuracy:  0.45000        0.50000           68.34           -0.03            0.12
inaccuracy:  0.50000        0.55000           56.17           -0.22            0.20
inaccuracy:  0.55000        0.60000           56.34           -0.30            0.10
inaccuracy:  0.60000        0.65000           55.73           -0.36            0.04
inaccuracy:  0.65000        0.70000           54.87           -0.38           -0.02
inaccuracy:  0.70000        0.75000           57.92           -0.34           -0.07
inaccuracy:  0.75000        0.80000           57.47           -0.32           -0.08
inaccuracy:  0.80000        0.85000           56.43           -0.33           -0.08
inaccuracy:  0.85000        0.90000           54.96           -0.32           -0.08
inaccuracy:  0.90000        0.95000           56.46           -0.34           -0.06
inaccuracy:  0.95000        1.00000           55.07           -0.30           -0.05
===================================================================================================================================
                BAR        
-----------------------------------------------------------------------------------------------------------------------------------
BAR-estimator:         λ             λ+δλ          ΔΔA             ΔA            C               Δδe            δe       
                          
-----------------------------------------------------------------------------------------------------------------------------------
BAR-estimator:      0.00000        0.05000        2.9829         2.9829         2.9829         0.0168         0.0168 
BAR-estimator:      0.05000        0.10000        1.5825         4.5654         1.5825         0.0181         0.0247 
BAR-estimator:      0.10000        0.15000        0.6681         5.2335         0.6681         0.0107         0.0269 
BAR-estimator:      0.15000        0.20000        0.2568         5.4903         0.2568         0.0097         0.0286 
BAR-estimator:      0.20000        0.25000        0.0591         5.5494         0.0591         0.0062         0.0292 
BAR-estimator:      0.25000        0.30000       -0.0697         5.4797        -0.0697         0.0050         0.0296 
BAR-estimator:      0.30000        0.35000       -0.1462         5.3335        -0.1462         0.0048         0.0300 
BAR-estimator:      0.35000        0.40000       -0.1963         5.1372        -0.1963         0.0054         0.0305 
BAR-estimator:      0.40000        0.45000       -0.2344         4.9029        -0.2344         0.0037         0.0307 
BAR-estimator:      0.45000        0.50000       -0.2728         4.6301        -0.2728         0.0035         0.0309 
BAR-estimator:      0.50000        0.55000       -0.5391         4.0910        -0.5391         0.0049         0.0313 
BAR-estimator:      0.55000        0.60000       -1.0194         3.0716        -1.0194         0.0051         0.0317 
BAR-estimator:      0.60000        0.65000       -1.5030         1.5686        -1.5030         0.0061         0.0323 
BAR-estimator:      0.65000        0.70000       -1.8931        -0.3245        -1.8931         0.0057         0.0328 
BAR-estimator:      0.70000        0.75000       -2.1384        -2.4629        -2.1384         0.0059         0.0333 
BAR-estimator:      0.75000        0.80000       -2.2360        -4.6989        -2.2360         0.0057         0.0338 
BAR-estimator:      0.80000        0.85000       -2.2491        -6.9480        -2.2491         0.0075         0.0346 
BAR-estimator:      0.85000        0.90000       -2.2641        -9.2122        -2.2641         0.0051         0.0350 
BAR-estimator:      0.90000        0.95000       -2.2268       -11.4390        -2.2268         0.0061         0.0355 
BAR-estimator:      0.95000        1.00000       -2.2002       -13.6391        -2.2002         0.0048         0.0359 
BAR-estimator: total free energy change is -13.639133252305506 , total error is 0.035869281300829524
