#========================================================================================
#                     Free energy perturbation    
#----------------------------------------------------------------------------------------
#forward/backward          λ              ΔΔA                 ΔA                  δε   
#                                                 
#----------------------------------------------------------------------------------------
forward:               0.0000              0.0000              0.0000              0.0000  
forward:               0.0500              1.7225              1.7225              0.0213  
forward:               0.1000              0.9105              2.6330              0.0262  
forward:               0.1500              0.4574              3.0904              0.0290  
forward:               0.2000              0.2373              3.3277              0.0304  
forward:               0.2500              0.1210              3.4487              0.0311  
forward:               0.3000              0.0674              3.5161              0.0318  
forward:               0.3500             -0.0001              3.5160              0.0322  
forward:               0.4000             -0.0394              3.4766              0.0326  
forward:               0.4500             -0.0675              3.4091              0.0328  
forward:               0.5000             -0.0906              3.3185              0.0331  
forward:               0.5500             -0.2263              3.0921              0.0339  
forward:               0.6000             -0.4937              2.5984              0.0345  
forward:               0.6500             -0.6894              1.9090              0.0352  
forward:               0.7000             -0.8581              1.0509              0.0360  
forward:               0.7500             -0.9917              0.0592              0.0370  
forward:               0.8000             -1.0509             -0.9917              0.0376  
forward:               0.8500             -1.0682             -2.0599              0.0381  
forward:               0.9000             -1.0588             -3.1187              0.0384  
forward:               0.9500             -1.0314             -4.1500              0.0386  
forward:               1.0000             -1.0254             -5.1754              0.0389  
backward:              1.0000              0.0000             -5.1754              0.0000  
backward:              0.9500              1.0135             -4.1619              0.0069  
backward:              0.9000              1.0351             -3.1268              0.0093  
backward:              0.8500              1.0554             -2.0714              0.0114  
backward:              0.8000              1.0549             -1.0164              0.0129  
backward:              0.7500              1.0498              0.0334              0.0148  
backward:              0.7000              0.9605              0.9939              0.0166  
backward:              0.6500              0.8769              1.8708              0.0188  
backward:              0.6000              0.6890              2.5597              0.0216  
backward:              0.5500              0.4960              3.0557              0.0226  
backward:              0.5000              0.2309              3.2866              0.0237  
backward:              0.4500              0.0943              3.3810              0.0241  
backward:              0.4000              0.0527              3.4337              0.0253  
backward:              0.3500              0.0404              3.4741              0.0259  
backward:              0.3000             -0.0071              3.4670              0.0268  
backward:              0.2500             -0.0534              3.4136              0.0279  
backward:              0.2000             -0.1187              3.2949              0.0291  
backward:              0.1500             -0.2397              3.0552              0.0306  
backward:              0.1000             -0.4600              2.5952              0.0355  
backward:              0.0500             -0.9559              1.6393              0.0507  
backward:              0.0000             -1.7035             -0.0642              0.0731  
Inaccuracy estimation
======================================================================================================
                   i        i+δi          P0_overlap_P1   δε(forward)/ε   δε(backward)/ε
======================================================================================================
inaccuracy:  0.00000        0.05000           33.96           -0.03            1.95
inaccuracy:  0.05000        0.10000           47.28           -0.04            1.00
inaccuracy:  0.10000        0.15000           58.20           -0.02            0.51
inaccuracy:  0.15000        0.20000           65.54           -0.02            0.26
inaccuracy:  0.20000        0.25000           69.18           -0.01            0.19
inaccuracy:  0.25000        0.30000           69.80           -0.01            0.16
inaccuracy:  0.30000        0.35000           73.85           -0.02            0.11
inaccuracy:  0.35000        0.40000           74.78           -0.01            0.11
inaccuracy:  0.40000        0.45000           75.82           -0.01            0.09
inaccuracy:  0.45000        0.50000           75.32           -0.02            0.08
inaccuracy:  0.50000        0.55000           64.89           -0.08            0.16
inaccuracy:  0.55000        0.60000           67.18           -0.10            0.09
inaccuracy:  0.60000        0.65000           67.48           -0.13            0.06
inaccuracy:  0.65000        0.70000           65.62           -0.15            0.05
inaccuracy:  0.70000        0.75000           68.87           -0.10            0.03
inaccuracy:  0.75000        0.80000           67.73           -0.09            0.04
inaccuracy:  0.80000        0.85000           68.24           -0.08            0.04
inaccuracy:  0.85000        0.90000           66.69           -0.10            0.05
inaccuracy:  0.90000        0.95000           66.61           -0.11            0.06
inaccuracy:  0.95000        1.00000           66.96           -0.11            0.06
===================================================================================================================================
                BAR        
-----------------------------------------------------------------------------------------------------------------------------------
BAR-estimator:         λ             λ+δλ          ΔΔA             ΔA            C               Δδe            δe       
                          
-----------------------------------------------------------------------------------------------------------------------------------
BAR-estimator:      0.00000        0.05000        1.7016         1.7016         1.7016         0.0119         0.0119 
BAR-estimator:      0.05000        0.10000        0.9064         2.6080         0.9064         0.0092         0.0151 
BAR-estimator:      0.10000        0.15000        0.4614         3.0694         0.4614         0.0071         0.0167 
BAR-estimator:      0.15000        0.20000        0.2378         3.3072         0.2378         0.0052         0.0175 
BAR-estimator:      0.20000        0.25000        0.1202         3.4274         0.1202         0.0048         0.0182 
BAR-estimator:      0.25000        0.30000        0.0596         3.4870         0.0596         0.0043         0.0186 
BAR-estimator:      0.30000        0.35000        0.0034         3.4904         0.0034         0.0038         0.0190 
BAR-estimator:      0.35000        0.40000       -0.0390         3.4514        -0.0390         0.0034         0.0193 
BAR-estimator:      0.40000        0.45000       -0.0647         3.3868        -0.0647         0.0031         0.0196 
BAR-estimator:      0.45000        0.50000       -0.0930         3.2938        -0.0930         0.0029         0.0198 
BAR-estimator:      0.50000        0.55000       -0.2284         3.0654        -0.2284         0.0045         0.0203 
BAR-estimator:      0.55000        0.60000       -0.4926         2.5728        -0.4926         0.0040         0.0207 
BAR-estimator:      0.60000        0.65000       -0.6919         1.8809        -0.6919         0.0042         0.0211 
BAR-estimator:      0.65000        0.70000       -0.8716         1.0093        -0.8716         0.0047         0.0216 
BAR-estimator:      0.70000        0.75000       -0.9809         0.0284        -0.9809         0.0043         0.0220 
BAR-estimator:      0.75000        0.80000       -1.0485        -1.0201        -1.0485         0.0042         0.0224 
BAR-estimator:      0.80000        0.85000       -1.0617        -2.0818        -1.0617         0.0036         0.0227 
BAR-estimator:      0.85000        0.90000       -1.0595        -3.1413        -1.0595         0.0041         0.0231 
BAR-estimator:      0.90000        0.95000       -1.0339        -4.1752        -1.0339         0.0039         0.0234 
BAR-estimator:      0.95000        1.00000       -1.0236        -5.1988        -1.0236         0.0037         0.0237 
BAR-estimator: total free energy change is -5.198825764198578 , total error is 0.023701993184431194
