#========================================================================================
#                     Free energy perturbation    
#----------------------------------------------------------------------------------------
#forward/backward          λ              ΔΔA                 ΔA                  δε   
#                                                 
#----------------------------------------------------------------------------------------
forward:               0.0000              0.0000              0.0000              0.0000  
forward:               0.0500              3.4493              3.4493              0.0609  
forward:               0.1000              1.9353              5.3845              0.0689  
forward:               0.1500              0.9060              6.2905              0.0720  
forward:               0.2000              0.3895              6.6800              0.0731  
forward:               0.2500              0.1449              6.8249              0.0740  
forward:               0.3000             -0.0380              6.7869              0.0746  
forward:               0.3500             -0.1178              6.6691              0.0750  
forward:               0.4000             -0.1863              6.4828              0.0752  
forward:               0.4500             -0.2524              6.2304              0.0756  
forward:               0.5000             -0.2863              5.9441              0.0759  
forward:               0.5500             -0.5001              5.4440              0.0764  
forward:               0.6000             -0.8517              4.5924              0.0769  
forward:               0.6500             -1.1621              3.4303              0.0777  
forward:               0.7000             -1.4009              2.0294              0.0784  
forward:               0.7500             -1.5468              0.4826              0.0790  
forward:               0.8000             -1.5811             -1.0985              0.0793  
forward:               0.8500             -1.5452             -2.6437              0.0796  
forward:               0.9000             -1.5175             -4.1612              0.0799  
forward:               0.9500             -1.4860             -5.6471              0.0801  
forward:               1.0000             -1.4501             -7.0972              0.0804  
backward:              1.0000              0.0000             -7.0972              0.0000  
backward:              0.9500              1.4452             -5.6520              0.0077  
backward:              0.9000              1.4761             -4.1759              0.0113  
backward:              0.8500              1.5139             -2.6619              0.0138  
backward:              0.8000              1.5464             -1.1155              0.0164  
backward:              0.7500              1.5611              0.4456              0.0212  
backward:              0.7000              1.5417              1.9872              0.0236  
backward:              0.6500              1.4067              3.3939              0.0268  
backward:              0.6000              1.1811              4.5750              0.0287  
backward:              0.5500              0.8513              5.4263              0.0309  
backward:              0.5000              0.4846              5.9109              0.0330  
backward:              0.4500              0.2859              6.1968              0.0339  
backward:              0.4000              0.2449              6.4417              0.0346  
backward:              0.3500              0.1842              6.6258              0.0363  
backward:              0.3000              0.1203              6.7461              0.0374  
backward:              0.2500              0.0168              6.7629              0.0398  
backward:              0.2000             -0.1127              6.6502              0.0426  
backward:              0.1500             -0.3562              6.2940              0.0456  
backward:              0.1000             -0.8433              5.4507              0.0537  
backward:              0.0500             -1.8692              3.5815              0.0846  
backward:              0.0000             -3.2289              0.3526              0.1038  
Inaccuracy estimation
======================================================================================================
                   i        i+δi          P0_overlap_P1   δε(forward)/ε   δε(backward)/ε
======================================================================================================
inaccuracy:  0.00000        0.05000           18.02            0.45            4.78
inaccuracy:  0.05000        0.10000           27.73           -0.08            2.78
inaccuracy:  0.10000        0.15000           39.89           -0.10            1.41
inaccuracy:  0.15000        0.20000           51.04           -0.07            0.67
inaccuracy:  0.20000        0.25000           55.52           -0.07            0.41
inaccuracy:  0.25000        0.30000           62.08           -0.04            0.27
inaccuracy:  0.30000        0.35000           63.24           -0.05            0.21
inaccuracy:  0.35000        0.40000           64.48           -0.05            0.18
inaccuracy:  0.40000        0.45000           67.65           -0.04            0.16
inaccuracy:  0.45000        0.50000           67.97           -0.05            0.14
inaccuracy:  0.50000        0.55000           57.44           -0.18            0.23
inaccuracy:  0.55000        0.60000           58.43           -0.23            0.12
inaccuracy:  0.60000        0.65000           56.75           -0.26            0.08
inaccuracy:  0.65000        0.70000           57.82           -0.29            0.04
inaccuracy:  0.70000        0.75000           58.84           -0.23            0.02
inaccuracy:  0.75000        0.80000           60.22           -0.22            0.02
inaccuracy:  0.80000        0.85000           58.64           -0.22            0.03
inaccuracy:  0.85000        0.90000           58.45           -0.22            0.05
inaccuracy:  0.90000        0.95000           57.97           -0.23            0.05
inaccuracy:  0.95000        1.00000           57.54           -0.18            0.06
===================================================================================================================================
                BAR        
-----------------------------------------------------------------------------------------------------------------------------------
BAR-estimator:         λ             λ+δλ          ΔΔA             ΔA            C               Δδe            δe       
                          
-----------------------------------------------------------------------------------------------------------------------------------
BAR-estimator:      0.00000        0.05000        3.4399         3.4399         3.4399         0.0183         0.0183 
BAR-estimator:      0.05000        0.10000        1.8819         5.3218         1.8819         0.0164         0.0246 
BAR-estimator:      0.10000        0.15000        0.9036         6.2253         0.9036         0.0116         0.0272 
BAR-estimator:      0.15000        0.20000        0.3802         6.6055         0.3802         0.0082         0.0284 
BAR-estimator:      0.20000        0.25000        0.1302         6.7357         0.1302         0.0077         0.0294 
BAR-estimator:      0.25000        0.30000       -0.0282         6.7074        -0.0282         0.0061         0.0300 
BAR-estimator:      0.30000        0.35000       -0.1164         6.5910        -0.1164         0.0054         0.0305 
BAR-estimator:      0.35000        0.40000       -0.1914         6.3997        -0.1914         0.0053         0.0310 
BAR-estimator:      0.40000        0.45000       -0.2474         6.1522        -0.2474         0.0051         0.0314 
BAR-estimator:      0.45000        0.50000       -0.2846         5.8677        -0.2846         0.0040         0.0317 
BAR-estimator:      0.50000        0.55000       -0.4981         5.3695        -0.4981         0.0052         0.0321 
BAR-estimator:      0.55000        0.60000       -0.8493         4.5203        -0.8493         0.0051         0.0325 
BAR-estimator:      0.60000        0.65000       -1.1665         3.3537        -1.1665         0.0055         0.0329 
BAR-estimator:      0.65000        0.70000       -1.4063         1.9475        -1.4063         0.0058         0.0335 
BAR-estimator:      0.70000        0.75000       -1.5436         0.4038        -1.5436         0.0059         0.0340 
BAR-estimator:      0.75000        0.80000       -1.5702        -1.1664        -1.5702         0.0054         0.0344 
BAR-estimator:      0.80000        0.85000       -1.5495        -2.7159        -1.5495         0.0051         0.0348 
BAR-estimator:      0.85000        0.90000       -1.5169        -4.2328        -1.5169         0.0053         0.0352 
BAR-estimator:      0.90000        0.95000       -1.4795        -5.7122        -1.4795         0.0049         0.0355 
BAR-estimator:      0.95000        1.00000       -1.4458        -7.1580        -1.4458         0.0053         0.0359 
BAR-estimator: total free energy change is -7.158033662852448 , total error is 0.03592301250816566
