#========================================================================================
#                     Free energy perturbation    
#----------------------------------------------------------------------------------------
#forward/backward          λ              ΔΔA                 ΔA                  δε   
#                                                 
#----------------------------------------------------------------------------------------
forward:               0.0000              0.0000              0.0000              0.0000  
forward:               0.0500              1.4201              1.4201              0.0209  
forward:               0.1000              0.8604              2.2805              0.0273  
forward:               0.1500              0.4908              2.7713              0.0304  
forward:               0.2000              0.2809              3.0521              0.0306  
forward:               0.2500              0.1686              3.2208              0.0314  
forward:               0.3000              0.0986              3.3194              0.0321  
forward:               0.3500              0.0643              3.3837              0.0326  
forward:               0.4000              0.0367              3.4204              0.0332  
forward:               0.4500              0.0150              3.4354              0.0335  
forward:               0.5000             -0.0179              3.4174              0.0339  
forward:               0.5500             -0.0229              3.3946              0.0342  
forward:               0.6000             -0.0460              3.3485              0.0345  
forward:               0.6500             -0.0492              3.2993              0.0347  
forward:               0.7000             -0.0502              3.2492              0.0349  
forward:               0.7500             -0.0599              3.1893              0.0351  
forward:               0.8000             -0.0709              3.1184              0.0354  
forward:               0.8500             -0.0775              3.0409              0.0354  
forward:               0.9000             -0.0886              2.9523              0.0357  
forward:               0.9500             -0.0847              2.8676              0.0358  
forward:               1.0000             -0.0908              2.7768              0.0360  
backward:              1.0000              0.0000              2.7768              0.0000  
backward:              0.9500              0.0948              2.8716              0.0044  
backward:              0.9000              0.0857              2.9573              0.0073  
backward:              0.8500              0.0894              3.0467              0.0084  
backward:              0.8000              0.0849              3.1315              0.0094  
backward:              0.7500              0.0855              3.2170              0.0105  
backward:              0.7000              0.0571              3.2741              0.0114  
backward:              0.6500              0.0607              3.3349              0.0127  
backward:              0.6000              0.0479              3.3828              0.0135  
backward:              0.5500              0.0403              3.4231              0.0144  
backward:              0.5000              0.0189              3.4420              0.0153  
backward:              0.4500              0.0081              3.4501              0.0166  
backward:              0.4000              0.0070              3.4571              0.0178  
backward:              0.3500             -0.0360              3.4211              0.0191  
backward:              0.3000             -0.0583              3.3628              0.0206  
backward:              0.2500             -0.1059              3.2569              0.0221  
backward:              0.2000             -0.1717              3.0852              0.0241  
backward:              0.1500             -0.2651              2.8201              0.0261  
backward:              0.1000             -0.4891              2.3310              0.0313  
backward:              0.0500             -0.8147              1.5163              0.0400  
backward:              0.0000             -1.5185             -0.0022              0.0717  
Inaccuracy estimation
======================================================================================================
                   i        i+δi          P0_overlap_P1   δε(forward)/ε   δε(backward)/ε
======================================================================================================
inaccuracy:  0.00000        0.05000           41.07           -0.04            1.26
inaccuracy:  0.05000        0.10000           48.02           -0.03            0.91
inaccuracy:  0.10000        0.15000           57.33           -0.03            0.51
inaccuracy:  0.15000        0.20000           63.98           -0.01            0.32
inaccuracy:  0.20000        0.25000           68.65           -0.01            0.23
inaccuracy:  0.25000        0.30000           71.08           -0.02            0.17
inaccuracy:  0.30000        0.35000           71.62           -0.01            0.15
inaccuracy:  0.35000        0.40000           71.78           -0.01            0.13
inaccuracy:  0.40000        0.45000           72.20           -0.02            0.13
inaccuracy:  0.45000        0.50000           74.95           -0.02            0.11
inaccuracy:  0.50000        0.55000           74.78           -0.01            0.10
inaccuracy:  0.55000        0.60000           74.99           -0.01            0.10
inaccuracy:  0.60000        0.65000           74.37           -0.01            0.09
inaccuracy:  0.65000        0.70000           73.46           -0.02            0.10
inaccuracy:  0.70000        0.75000           75.42           -0.02            0.10
inaccuracy:  0.75000        0.80000           73.92           -0.01            0.10
inaccuracy:  0.80000        0.85000           74.51           -0.01            0.09
inaccuracy:  0.85000        0.90000           75.25           -0.02            0.10
inaccuracy:  0.90000        0.95000           74.55           -0.01            0.09
inaccuracy:  0.95000        1.00000           74.43           -0.01            0.09
===================================================================================================================================
                BAR        
-----------------------------------------------------------------------------------------------------------------------------------
BAR-estimator:         λ             λ+δλ          ΔΔA             ΔA            C               Δδe            δe       
                          
-----------------------------------------------------------------------------------------------------------------------------------
BAR-estimator:      0.00000        0.05000        1.4250         1.4250         1.4250         0.0095         0.0095 
BAR-estimator:      0.05000        0.10000        0.8438         2.2688         0.8438         0.0104         0.0141 
BAR-estimator:      0.10000        0.15000        0.4870         2.7558         0.4870         0.0081         0.0162 
BAR-estimator:      0.15000        0.20000        0.2811         3.0369         0.2811         0.0055         0.0172 
BAR-estimator:      0.20000        0.25000        0.1715         3.2084         0.1715         0.0049         0.0179 
BAR-estimator:      0.25000        0.30000        0.1011         3.3095         0.1011         0.0042         0.0183 
BAR-estimator:      0.30000        0.35000        0.0633         3.3728         0.0633         0.0039         0.0187 
BAR-estimator:      0.35000        0.40000        0.0361         3.4089         0.0361         0.0041         0.0192 
BAR-estimator:      0.40000        0.45000        0.0058         3.4147         0.0058         0.0031         0.0194 
BAR-estimator:      0.45000        0.50000       -0.0150         3.3997        -0.0150         0.0033         0.0197 
BAR-estimator:      0.50000        0.55000       -0.0219         3.3778        -0.0219         0.0033         0.0200 
BAR-estimator:      0.55000        0.60000       -0.0445         3.3333        -0.0445         0.0031         0.0202 
BAR-estimator:      0.60000        0.65000       -0.0492         3.2841        -0.0492         0.0031         0.0205 
BAR-estimator:      0.65000        0.70000       -0.0562         3.2279        -0.0562         0.0032         0.0207 
BAR-estimator:      0.70000        0.75000       -0.0587         3.1692        -0.0587         0.0030         0.0209 
BAR-estimator:      0.75000        0.80000       -0.0761         3.0931        -0.0761         0.0035         0.0212 
BAR-estimator:      0.80000        0.85000       -0.0789         3.0142        -0.0789         0.0026         0.0214 
BAR-estimator:      0.85000        0.90000       -0.0887         2.9255        -0.0887         0.0032         0.0216 
BAR-estimator:      0.90000        0.95000       -0.0849         2.8406        -0.0849         0.0035         0.0219 
BAR-estimator:      0.95000        1.00000       -0.0917         2.7489        -0.0917         0.0031         0.0221 
BAR-estimator: total free energy change is 2.7488582736616842 , total error is 0.022130098954240996
