#========================================================================================
#                     Free energy perturbation    
#----------------------------------------------------------------------------------------
#forward/backward          λ              ΔΔA                 ΔA                  δε   
#                                                 
#----------------------------------------------------------------------------------------
forward:               0.0000              0.0000              0.0000              0.0000  
forward:               0.0500              1.6282              1.6282              0.0244  
forward:               0.1000              1.0048              2.6330              0.0324  
forward:               0.1500              0.5383              3.1714              0.0347  
forward:               0.2000              0.3002              3.4715              0.0360  
forward:               0.2500              0.1790              3.6506              0.0368  
forward:               0.3000              0.1044              3.7549              0.0375  
forward:               0.3500              0.0408              3.7957              0.0380  
forward:               0.4000              0.0022              3.7979              0.0385  
forward:               0.4500             -0.0122              3.7857              0.0387  
forward:               0.5000             -0.0363              3.7494              0.0391  
forward:               0.5500             -0.0474              3.7020              0.0393  
forward:               0.6000             -0.0746              3.6273              0.0396  
forward:               0.6500             -0.0757              3.5517              0.0398  
forward:               0.7000             -0.1004              3.4512              0.0400  
forward:               0.7500             -0.0997              3.3516              0.0403  
forward:               0.8000             -0.1148              3.2368              0.0404  
forward:               0.8500             -0.1068              3.1299              0.0406  
forward:               0.9000             -0.1213              3.0087              0.0407  
forward:               0.9500             -0.1230              2.8857              0.0409  
forward:               1.0000             -0.1364              2.7493              0.0410  
backward:              1.0000              0.0000              2.7493              0.0000  
backward:              0.9500              0.1285              2.8778              0.0046  
backward:              0.9000              0.1184              2.9962              0.0073  
backward:              0.8500              0.1194              3.1156              0.0089  
backward:              0.8000              0.1072              3.2228              0.0100  
backward:              0.7500              0.1083              3.3311              0.0113  
backward:              0.7000              0.0945              3.4256              0.0123  
backward:              0.6500              0.0899              3.5155              0.0133  
backward:              0.6000              0.0754              3.5909              0.0144  
backward:              0.5500              0.0751              3.6660              0.0154  
backward:              0.5000              0.0435              3.7096              0.0163  
backward:              0.4500              0.0388              3.7484              0.0173  
backward:              0.4000              0.0171              3.7655              0.0183  
backward:              0.3500             -0.0097              3.7558              0.0201  
backward:              0.3000             -0.0388              3.7170              0.0211  
backward:              0.2500             -0.0798              3.6372              0.0224  
backward:              0.2000             -0.1839              3.4533              0.0249  
backward:              0.1500             -0.2986              3.1547              0.0290  
backward:              0.1000             -0.5165              2.6382              0.0337  
backward:              0.0500             -0.9543              1.6839              0.0423  
backward:              0.0000             -1.6571              0.0268              0.0562  
Inaccuracy estimation
======================================================================================================
                   i        i+δi          P0_overlap_P1   δε(forward)/ε   δε(backward)/ε
======================================================================================================
inaccuracy:  0.00000        0.05000           37.40           -0.03            1.60
inaccuracy:  0.05000        0.10000           43.58           -0.04            1.16
inaccuracy:  0.10000        0.15000           54.46           -0.03            0.61
inaccuracy:  0.15000        0.20000           60.65           -0.02            0.35
inaccuracy:  0.20000        0.25000           66.19           -0.02            0.25
inaccuracy:  0.25000        0.30000           67.32           -0.02            0.19
inaccuracy:  0.30000        0.35000           70.15           -0.02            0.16
inaccuracy:  0.35000        0.40000           71.59           -0.02            0.14
inaccuracy:  0.40000        0.45000           71.64           -0.02            0.14
inaccuracy:  0.45000        0.50000           72.37           -0.01            0.12
inaccuracy:  0.50000        0.55000           73.08           -0.01            0.11
inaccuracy:  0.55000        0.60000           73.52           -0.01            0.11
inaccuracy:  0.60000        0.65000           73.47           -0.02            0.10
inaccuracy:  0.65000        0.70000           74.56           -0.02            0.10
inaccuracy:  0.70000        0.75000           74.22           -0.02            0.10
inaccuracy:  0.75000        0.80000           74.65           -0.01            0.10
inaccuracy:  0.80000        0.85000           73.51           -0.02            0.10
inaccuracy:  0.85000        0.90000           73.93           -0.02            0.10
inaccuracy:  0.90000        0.95000           73.98           -0.02            0.10
inaccuracy:  0.95000        1.00000           73.96           -0.02            0.09
===================================================================================================================================
                BAR        
-----------------------------------------------------------------------------------------------------------------------------------
BAR-estimator:         λ             λ+δλ          ΔΔA             ΔA            C               Δδe            δe       
                          
-----------------------------------------------------------------------------------------------------------------------------------
BAR-estimator:      0.00000        0.05000        1.6358         1.6358         1.6358         0.0128         0.0128 
BAR-estimator:      0.05000        0.10000        0.9993         2.6351         0.9993         0.0117         0.0174 
BAR-estimator:      0.10000        0.15000        0.5435         3.1786         0.5435         0.0085         0.0193 
BAR-estimator:      0.15000        0.20000        0.2912         3.4698         0.2912         0.0062         0.0203 
BAR-estimator:      0.20000        0.25000        0.1820         3.6519         0.1820         0.0051         0.0209 
BAR-estimator:      0.25000        0.30000        0.0955         3.7474         0.0955         0.0044         0.0214 
BAR-estimator:      0.30000        0.35000        0.0407         3.7881         0.0407         0.0041         0.0218 
BAR-estimator:      0.35000        0.40000        0.0047         3.7928         0.0047         0.0041         0.0222 
BAR-estimator:      0.40000        0.45000       -0.0128         3.7800        -0.0128         0.0032         0.0224 
BAR-estimator:      0.45000        0.50000       -0.0358         3.7442        -0.0358         0.0033         0.0226 
BAR-estimator:      0.50000        0.55000       -0.0471         3.6971        -0.0471         0.0033         0.0229 
BAR-estimator:      0.55000        0.60000       -0.0728         3.6243        -0.0728         0.0031         0.0231 
BAR-estimator:      0.60000        0.65000       -0.0771         3.5472        -0.0771         0.0032         0.0233 
BAR-estimator:      0.65000        0.70000       -0.0960         3.4513        -0.0960         0.0038         0.0236 
BAR-estimator:      0.70000        0.75000       -0.0963         3.3550        -0.0963         0.0032         0.0238 
BAR-estimator:      0.75000        0.80000       -0.1125         3.2424        -0.1125         0.0031         0.0240 
BAR-estimator:      0.80000        0.85000       -0.1075         3.1349        -0.1075         0.0028         0.0242 
BAR-estimator:      0.85000        0.90000       -0.1197         3.0152        -0.1197         0.0028         0.0244 
BAR-estimator:      0.90000        0.95000       -0.1224         2.8928        -0.1224         0.0036         0.0246 
BAR-estimator:      0.95000        1.00000       -0.1343         2.7585        -0.1343         0.0032         0.0248 
BAR-estimator: total free energy change is 2.7585176097360193 , total error is 0.024841177181782546
