#========================================================================================
#                     Free energy perturbation    
#----------------------------------------------------------------------------------------
#forward/backward          λ              ΔΔA                 ΔA                  δε   
#                                                 
#----------------------------------------------------------------------------------------
forward:               0.0000              0.0000              0.0000              0.0000  
forward:               0.0500              5.0099              5.0099              0.1229  
forward:               0.1000              2.1588              7.1687              0.1268  
forward:               0.1500              0.6620              7.8306              0.1287  
forward:               0.2000              0.1607              7.9913              0.1293  
forward:               0.2500             -0.0459              7.9455              0.1296  
forward:               0.3000             -0.1896              7.7559              0.1298  
forward:               0.3500             -0.2555              7.5004              0.1300  
forward:               0.4000             -0.3263              7.1741              0.1301  
forward:               0.4500             -0.3644              6.8098              0.1302  
forward:               0.5000             -0.3971              6.4126              0.1303  
forward:               0.5500             -0.4751              5.9376              0.1304  
forward:               0.6000             -0.5977              5.3398              0.1305  
forward:               0.6500             -0.6755              4.6644              0.1306  
forward:               0.7000             -0.7375              3.9269              0.1307  
forward:               0.7500             -0.7957              3.1312              0.1307  
forward:               0.8000             -0.8435              2.2877              0.1308  
forward:               0.8500             -0.8862              1.4015              0.1309  
forward:               0.9000             -0.9171              0.4843              0.1310  
forward:               0.9500             -0.9364             -0.4521              0.1310  
forward:               1.0000             -0.9707             -1.4228              0.1311  
backward:              1.0000              0.0000             -1.4228              0.0000  
backward:              0.9500              0.9683             -0.4545              0.0048  
backward:              0.9000              0.9418              0.4873              0.0081  
backward:              0.8500              0.9182              1.4055              0.0096  
backward:              0.8000              0.8725              2.2781              0.0109  
backward:              0.7500              0.8421              3.1202              0.0121  
backward:              0.7000              0.7831              3.9033              0.0132  
backward:              0.6500              0.7374              4.6407              0.0143  
backward:              0.6000              0.6713              5.3119              0.0153  
backward:              0.5500              0.5905              5.9024              0.0163  
backward:              0.5000              0.4879              6.3903              0.0175  
backward:              0.4500              0.4007              6.7910              0.0183  
backward:              0.4000              0.3646              7.1556              0.0196  
backward:              0.3500              0.3243              7.4799              0.0204  
backward:              0.3000              0.2615              7.7414              0.0219  
backward:              0.2500              0.1793              7.9207              0.0249  
backward:              0.2000              0.0369              7.9575              0.0280  
backward:              0.1500             -0.1377              7.8198              0.0325  
backward:              0.1000             -0.6942              7.1256              0.0465  
backward:              0.0500             -2.0822              5.0434              0.1338  
backward:              0.0000             -4.6467              0.3967              0.1713  
Inaccuracy estimation
======================================================================================================
                   i        i+δi          P0_overlap_P1   δε(forward)/ε   δε(backward)/ε
======================================================================================================
inaccuracy:  0.00000        0.05000           10.60            1.30            8.61
inaccuracy:  0.05000        0.10000           19.48           -0.10            4.31
inaccuracy:  0.10000        0.15000           42.37           -0.09            1.29
inaccuracy:  0.15000        0.20000           54.49           -0.06            0.51
inaccuracy:  0.20000        0.25000           61.19           -0.05            0.28
inaccuracy:  0.25000        0.30000           64.93           -0.04            0.19
inaccuracy:  0.30000        0.35000           66.41           -0.04            0.15
inaccuracy:  0.35000        0.40000           68.96           -0.04            0.13
inaccuracy:  0.40000        0.45000           68.87           -0.04            0.11
inaccuracy:  0.45000        0.50000           69.90           -0.03            0.10
inaccuracy:  0.50000        0.55000           66.29           -0.07            0.11
inaccuracy:  0.55000        0.60000           68.86           -0.07            0.08
inaccuracy:  0.60000        0.65000           69.43           -0.06            0.07
inaccuracy:  0.65000        0.70000           68.73           -0.07            0.06
inaccuracy:  0.70000        0.75000           70.28           -0.07            0.05
inaccuracy:  0.75000        0.80000           69.80           -0.07            0.05
inaccuracy:  0.80000        0.85000           69.88           -0.06            0.05
inaccuracy:  0.85000        0.90000           68.45           -0.07            0.04
inaccuracy:  0.90000        0.95000           68.18           -0.08            0.04
inaccuracy:  0.95000        1.00000           69.09           -0.08            0.04
===================================================================================================================================
                BAR        
-----------------------------------------------------------------------------------------------------------------------------------
BAR-estimator:         λ             λ+δλ          ΔΔA             ΔA            C               Δδe            δe       
                          
-----------------------------------------------------------------------------------------------------------------------------------
BAR-estimator:      0.00000        0.05000        4.9651         4.9651         4.9651         0.0287         0.0287 
BAR-estimator:      0.05000        0.10000        2.1813         7.1464         2.1813         0.0237         0.0372 
BAR-estimator:      0.10000        0.15000        0.6789         7.8253         0.6789         0.0130         0.0394 
BAR-estimator:      0.15000        0.20000        0.1561         7.9814         0.1561         0.0082         0.0402 
BAR-estimator:      0.20000        0.25000       -0.0453         7.9361        -0.0453         0.0057         0.0406 
BAR-estimator:      0.25000        0.30000       -0.1880         7.7481        -0.1880         0.0048         0.0409 
BAR-estimator:      0.30000        0.35000       -0.2585         7.4896        -0.2585         0.0041         0.0411 
BAR-estimator:      0.35000        0.40000       -0.3240         7.1656        -0.3240         0.0045         0.0413 
BAR-estimator:      0.40000        0.45000       -0.3646         6.8010        -0.3646         0.0035         0.0415 
BAR-estimator:      0.45000        0.50000       -0.3980         6.4030        -0.3980         0.0032         0.0416 
BAR-estimator:      0.50000        0.55000       -0.4801         5.9229        -0.4801         0.0039         0.0418 
BAR-estimator:      0.55000        0.60000       -0.5938         5.3291        -0.5938         0.0030         0.0419 
BAR-estimator:      0.60000        0.65000       -0.6714         4.6578        -0.6714         0.0033         0.0420 
BAR-estimator:      0.65000        0.70000       -0.7391         3.9187        -0.7391         0.0035         0.0422 
BAR-estimator:      0.70000        0.75000       -0.7901         3.1286        -0.7901         0.0034         0.0423 
BAR-estimator:      0.75000        0.80000       -0.8443         2.2842        -0.8443         0.0031         0.0424 
BAR-estimator:      0.80000        0.85000       -0.8803         1.4040        -0.8803         0.0035         0.0426 
BAR-estimator:      0.85000        0.90000       -0.9174         0.4866        -0.9174         0.0039         0.0428 
BAR-estimator:      0.90000        0.95000       -0.9401        -0.4535        -0.9401         0.0040         0.0429 
BAR-estimator:      0.95000        1.00000       -0.9681        -1.4216        -0.9681         0.0037         0.0431 
BAR-estimator: total free energy change is -1.4216356983505243 , total error is 0.043104406379581434
