#========================================================================================
#                     Free energy perturbation    
#----------------------------------------------------------------------------------------
#forward/backward          λ              ΔΔA                 ΔA                  δε   
#                                                 
#----------------------------------------------------------------------------------------
forward:               0.0000              0.0000              0.0000              0.0000  
forward:               0.0500              5.1327              5.1327              0.1047  
forward:               0.1000              2.7176              7.8503              0.1161  
forward:               0.1500              1.1673              9.0177              0.1191  
forward:               0.2000              0.4584              9.4761              0.1206  
forward:               0.2500              0.1062              9.5823              0.1214  
forward:               0.3000             -0.0949              9.4873              0.1217  
forward:               0.3500             -0.2181              9.2692              0.1220  
forward:               0.4000             -0.2722              8.9970              0.1221  
forward:               0.4500             -0.3470              8.6500              0.1223  
forward:               0.5000             -0.3940              8.2560              0.1224  
forward:               0.5500             -0.7226              7.5334              0.1228  
forward:               0.6000             -1.2810              6.2524              0.1231  
forward:               0.6500             -1.7604              4.4920              0.1234  
forward:               0.7000             -2.1562              2.3358              0.1237  
forward:               0.7500             -2.4467             -0.1109              0.1239  
forward:               0.8000             -2.6727             -2.7836              0.1242  
forward:               0.8500             -2.8126             -5.5962              0.1246  
forward:               0.9000             -2.9649             -8.5611              0.1263  
forward:               0.9500             -3.1177            -11.6788              0.1315  
forward:               1.0000             -3.2031            -14.8818              0.1339  
backward:              1.0000              0.0000            -14.8818              0.0000  
backward:              0.9500              3.2472            -11.6347              0.0115  
backward:              0.9000              3.0910             -8.5437              0.0148  
backward:              0.8500              3.0366             -5.5071              0.0239  
backward:              0.8000              2.8296             -2.6775              0.0265  
backward:              0.7500              2.6580             -0.0195              0.0299  
backward:              0.7000              2.4543              2.4348              0.0321  
backward:              0.6500              2.1383              4.5731              0.0343  
backward:              0.6000              1.7679              6.3410              0.0363  
backward:              0.5500              1.2832              7.6242              0.0370  
backward:              0.5000              0.7524              8.3766              0.0385  
backward:              0.4500              0.3740              8.7506              0.0394  
backward:              0.4000              0.3533              9.1039              0.0402  
backward:              0.3500              0.2936              9.3976              0.0410  
backward:              0.3000              0.1995              9.5970              0.0426  
backward:              0.2500              0.0728              9.6698              0.0447  
backward:              0.2000             -0.1366              9.5332              0.0497  
backward:              0.1500             -0.3817              9.1515              0.0531  
backward:              0.1000             -1.1900              7.9615              0.0764  
backward:              0.0500             -2.4878              5.4737              0.1082  
backward:              0.0000             -4.8877              0.5859              0.1406  
Inaccuracy estimation
======================================================================================================
                   i        i+δi          P0_overlap_P1   δε(forward)/ε   δε(backward)/ε
======================================================================================================
inaccuracy:  0.00000        0.05000            9.95            1.44            8.90
inaccuracy:  0.05000        0.10000           18.76            0.04            4.55
inaccuracy:  0.10000        0.15000           32.62           -0.15            2.01
inaccuracy:  0.15000        0.20000           44.39           -0.12            0.96
inaccuracy:  0.20000        0.25000           52.13           -0.09            0.51
inaccuracy:  0.25000        0.30000           57.76           -0.07            0.33
inaccuracy:  0.30000        0.35000           61.68           -0.07            0.23
inaccuracy:  0.35000        0.40000           61.09           -0.07            0.22
inaccuracy:  0.40000        0.45000           63.41           -0.06            0.18
inaccuracy:  0.45000        0.50000           64.10           -0.06            0.16
inaccuracy:  0.50000        0.55000           49.80           -0.33            0.27
inaccuracy:  0.55000        0.60000           51.72           -0.40            0.11
inaccuracy:  0.60000        0.65000           51.50           -0.43            0.01
inaccuracy:  0.65000        0.70000           52.75           -0.46           -0.06
inaccuracy:  0.70000        0.75000           52.93           -0.52           -0.10
inaccuracy:  0.75000        0.80000           52.85           -0.49           -0.13
inaccuracy:  0.80000        0.85000           51.36           -0.56           -0.19
inaccuracy:  0.85000        0.90000           48.06           -0.77           -0.26
inaccuracy:  0.90000        0.95000           51.11           -0.62           -0.22
inaccuracy:  0.95000        1.00000           47.48           -0.84           -0.28
===================================================================================================================================
                BAR        
-----------------------------------------------------------------------------------------------------------------------------------
BAR-estimator:         λ             λ+δλ          ΔΔA             ΔA            C               Δδe            δe       
                          
-----------------------------------------------------------------------------------------------------------------------------------
BAR-estimator:      0.00000        0.05000        5.1001         5.1001         5.1001         0.0617         0.0617 
BAR-estimator:      0.05000        0.10000        2.6620         7.7621         2.6620         0.0531         0.0814 
BAR-estimator:      0.10000        0.15000        1.1739         8.9359         1.1739         0.0197         0.0838 
BAR-estimator:      0.15000        0.20000        0.4433         9.3792         0.4433         0.0126         0.0847 
BAR-estimator:      0.20000        0.25000        0.1118         9.4911         0.1118         0.0088         0.0852 
BAR-estimator:      0.25000        0.30000       -0.0901         9.4010        -0.0901         0.0061         0.0854 
BAR-estimator:      0.30000        0.35000       -0.2115         9.1895        -0.2115         0.0057         0.0856 
BAR-estimator:      0.35000        0.40000       -0.2803         8.9092        -0.2803         0.0046         0.0857 
BAR-estimator:      0.40000        0.45000       -0.3509         8.5584        -0.3509         0.0041         0.0858 
BAR-estimator:      0.45000        0.50000       -0.3862         8.1722        -0.3862         0.0041         0.0859 
BAR-estimator:      0.50000        0.55000       -0.7308         7.4413        -0.7308         0.0051         0.0860 
BAR-estimator:      0.55000        0.60000       -1.2812         6.1601        -1.2812         0.0051         0.0862 
BAR-estimator:      0.60000        0.65000       -1.7636         4.3965        -1.7636         0.0056         0.0864 
BAR-estimator:      0.65000        0.70000       -2.1575         2.2390        -2.1575         0.0054         0.0865 
BAR-estimator:      0.70000        0.75000       -2.4560        -0.2170        -2.4560         0.0056         0.0867 
BAR-estimator:      0.75000        0.80000       -2.6687        -2.8857        -2.6687         0.0073         0.0870 
BAR-estimator:      0.80000        0.85000       -2.8319        -5.7176        -2.8319         0.0065         0.0873 
BAR-estimator:      0.85000        0.90000       -3.0111        -8.7287        -3.0111         0.0108         0.0880 
BAR-estimator:      0.90000        0.95000       -3.0979       -11.8266        -3.0979         0.0154         0.0893 
BAR-estimator:      0.95000        1.00000       -3.2308       -15.0574        -3.2308         0.0118         0.0901 
BAR-estimator: total free energy change is -15.057415614704887 , total error is 0.09008228697235997
