#========================================================================================
#                     Free energy perturbation    
#----------------------------------------------------------------------------------------
#forward/backward          λ              ΔΔA                 ΔA                  δε   
#                                                 
#----------------------------------------------------------------------------------------
forward:               0.0000              0.0000              0.0000              0.0000  
forward:               0.0500              1.2576              1.2576              0.0187  
forward:               0.1000              0.6353              1.8929              0.0224  
forward:               0.1500              0.3694              2.2623              0.0236  
forward:               0.2000              0.2083              2.4706              0.0247  
forward:               0.2500              0.1249              2.5955              0.0253  
forward:               0.3000              0.0753              2.6708              0.0258  
forward:               0.3500              0.0269              2.6976              0.0262  
forward:               0.4000             -0.0047              2.6930              0.0266  
forward:               0.4500             -0.0226              2.6703              0.0268  
forward:               0.5000             -0.0376              2.6328              0.0270  
forward:               0.5500             -0.0923              2.5405              0.0273  
forward:               0.6000             -0.1580              2.3825              0.0276  
forward:               0.6500             -0.1971              2.1853              0.0278  
forward:               0.7000             -0.2362              1.9491              0.0280  
forward:               0.7500             -0.2632              1.6859              0.0282  
forward:               0.8000             -0.2776              1.4083              0.0284  
forward:               0.8500             -0.2948              1.1135              0.0286  
forward:               0.9000             -0.3141              0.7993              0.0288  
forward:               0.9500             -0.3141              0.4852              0.0290  
forward:               1.0000             -0.3295              0.1558              0.0292  
backward:              1.0000              0.0000              0.1558              0.0000  
backward:              0.9500              0.3273              0.4831              0.0037  
backward:              0.9000              0.3176              0.8006              0.0060  
backward:              0.8500              0.3167              1.1174              0.0068  
backward:              0.8000              0.3023              1.4197              0.0077  
backward:              0.7500              0.2856              1.7052              0.0085  
backward:              0.7000              0.2593              1.9645              0.0096  
backward:              0.6500              0.2368              2.2013              0.0104  
backward:              0.6000              0.1962              2.3975              0.0111  
backward:              0.5500              0.1653              2.5628              0.0119  
backward:              0.5000              0.0882              2.6510              0.0127  
backward:              0.4500              0.0403              2.6912              0.0134  
backward:              0.4000              0.0134              2.7046              0.0142  
backward:              0.3500              0.0032              2.7078              0.0153  
backward:              0.3000             -0.0349              2.6728              0.0169  
backward:              0.2500             -0.0761              2.5967              0.0180  
backward:              0.2000             -0.1267              2.4700              0.0197  
backward:              0.1500             -0.2157              2.2542              0.0212  
backward:              0.1000             -0.3959              1.8583              0.0263  
backward:              0.0500             -0.6599              1.1984              0.0341  
backward:              0.0000             -1.2584             -0.0600              0.0498  
Inaccuracy estimation
======================================================================================================
                   i        i+δi          P0_overlap_P1   δε(forward)/ε   δε(backward)/ε
======================================================================================================
inaccuracy:  0.00000        0.05000           40.45           -0.03            1.74
inaccuracy:  0.05000        0.10000           55.81           -0.02            0.64
inaccuracy:  0.10000        0.15000           64.89           -0.02            0.32
inaccuracy:  0.15000        0.20000           70.61           -0.01            0.20
inaccuracy:  0.20000        0.25000           72.50           -0.01            0.14
inaccuracy:  0.25000        0.30000           74.90           -0.01            0.11
inaccuracy:  0.30000        0.35000           77.59           -0.01            0.09
inaccuracy:  0.35000        0.40000           77.58           -0.01            0.08
inaccuracy:  0.40000        0.45000           78.63           -0.01            0.07
inaccuracy:  0.45000        0.50000           78.40           -0.01            0.07
inaccuracy:  0.50000        0.55000           75.94           -0.02            0.08
inaccuracy:  0.55000        0.60000           75.11           -0.02            0.07
inaccuracy:  0.60000        0.65000           77.11           -0.02            0.06
inaccuracy:  0.65000        0.70000           77.14           -0.02            0.06
inaccuracy:  0.70000        0.75000           77.88           -0.02            0.05
inaccuracy:  0.75000        0.80000           77.10           -0.02            0.06
inaccuracy:  0.80000        0.85000           76.99           -0.02            0.05
inaccuracy:  0.85000        0.90000           77.73           -0.02            0.05
inaccuracy:  0.90000        0.95000           76.64           -0.02            0.05
inaccuracy:  0.95000        1.00000           77.46           -0.03            0.05
===================================================================================================================================
                BAR        
-----------------------------------------------------------------------------------------------------------------------------------
BAR-estimator:         λ             λ+δλ          ΔΔA             ΔA            C               Δδe            δe       
                          
-----------------------------------------------------------------------------------------------------------------------------------
BAR-estimator:      0.00000        0.05000        1.2633         1.2633         1.2633         0.0119         0.0119 
BAR-estimator:      0.05000        0.10000        0.6378         1.9011         0.6378         0.0058         0.0132 
BAR-estimator:      0.10000        0.15000        0.3723         2.2734         0.3723         0.0058         0.0145 
BAR-estimator:      0.15000        0.20000        0.2140         2.4874         0.2140         0.0047         0.0152 
BAR-estimator:      0.20000        0.25000        0.1244         2.6118         0.1244         0.0038         0.0157 
BAR-estimator:      0.25000        0.30000        0.0758         2.6876         0.0758         0.0035         0.0161 
BAR-estimator:      0.30000        0.35000        0.0308         2.7183         0.0308         0.0031         0.0164 
BAR-estimator:      0.35000        0.40000       -0.0041         2.7142        -0.0041         0.0030         0.0166 
BAR-estimator:      0.40000        0.45000       -0.0190         2.6952        -0.0190         0.0029         0.0169 
BAR-estimator:      0.45000        0.50000       -0.0376         2.6576        -0.0376         0.0027         0.0171 
BAR-estimator:      0.50000        0.55000       -0.0900         2.5676        -0.0900         0.0028         0.0173 
BAR-estimator:      0.55000        0.60000       -0.1619         2.4057        -0.1619         0.0027         0.0175 
BAR-estimator:      0.60000        0.65000       -0.1955         2.2101        -0.1955         0.0027         0.0177 
BAR-estimator:      0.65000        0.70000       -0.2371         1.9730        -0.2371         0.0026         0.0179 
BAR-estimator:      0.70000        0.75000       -0.2614         1.7116        -0.2614         0.0028         0.0181 
BAR-estimator:      0.75000        0.80000       -0.2811         1.4306        -0.2811         0.0026         0.0183 
BAR-estimator:      0.80000        0.85000       -0.2971         1.1335        -0.2971         0.0026         0.0185 
BAR-estimator:      0.85000        0.90000       -0.3137         0.8198        -0.3137         0.0026         0.0187 
BAR-estimator:      0.90000        0.95000       -0.3172         0.5026        -0.3172         0.0026         0.0189 
BAR-estimator:      0.95000        1.00000       -0.3299         0.1727        -0.3299         0.0027         0.0191 
BAR-estimator: total free energy change is 0.17272386497224623 , total error is 0.019068393961742498
