#========================================================================================
#                     Free energy perturbation    
#----------------------------------------------------------------------------------------
#forward/backward          λ              ΔΔA                 ΔA                  δε   
#                                                 
#----------------------------------------------------------------------------------------
forward:               0.0000              0.0000              0.0000              0.0000  
forward:               0.0500              2.9194              2.9194              0.0365  
forward:               0.1000              1.5416              4.4611              0.0450  
forward:               0.1500              0.6569              5.1179              0.0481  
forward:               0.2000              0.2502              5.3681              0.0494  
forward:               0.2500              0.0697              5.4379              0.0501  
forward:               0.3000             -0.0597              5.3782              0.0505  
forward:               0.3500             -0.1265              5.2517              0.0510  
forward:               0.4000             -0.1772              5.0745              0.0513  
forward:               0.4500             -0.2237              4.8508              0.0515  
forward:               0.5000             -0.2513              4.5995              0.0518  
forward:               0.5500             -0.3440              4.2555              0.0521  
forward:               0.6000             -0.5133              3.7422              0.0525  
forward:               0.6500             -0.6508              3.0914              0.0527  
forward:               0.7000             -0.7540              2.3374              0.0529  
forward:               0.7500             -0.8240              1.5134              0.0531  
forward:               0.8000             -0.9106              0.6028              0.0533  
forward:               0.8500             -0.9604             -0.3576              0.0535  
forward:               0.9000             -1.0048             -1.3623              0.0537  
forward:               0.9500             -1.0513             -2.4136              0.0539  
forward:               1.0000             -1.0839             -3.4974              0.0542  
backward:              1.0000              0.0000             -3.4974              0.0000  
backward:              0.9500              1.0829             -2.4146              0.0057  
backward:              0.9000              1.0467             -1.3679              0.0076  
backward:              0.8500              1.0051             -0.3628              0.0095  
backward:              0.8000              0.9548              0.5919              0.0116  
backward:              0.7500              0.8964              1.4883              0.0129  
backward:              0.7000              0.8220              2.3103              0.0144  
backward:              0.6500              0.7402              3.0505              0.0166  
backward:              0.6000              0.6452              3.6958              0.0177  
backward:              0.5500              0.5145              4.2102              0.0188  
backward:              0.5000              0.3456              4.5558              0.0199  
backward:              0.4500              0.2557              4.8115              0.0208  
backward:              0.4000              0.2130              5.0246              0.0218  
backward:              0.3500              0.1896              5.2142              0.0228  
backward:              0.3000              0.1295              5.3436              0.0244  
backward:              0.2500              0.0555              5.3992              0.0256  
backward:              0.2000             -0.0839              5.3153              0.0282  
backward:              0.1500             -0.2617              5.0536              0.0315  
backward:              0.1000             -0.6270              4.4267              0.0383  
backward:              0.0500             -1.4407              2.9860              0.0538  
backward:              0.0000             -2.8230              0.1630              0.0752  
Inaccuracy estimation
======================================================================================================
                   i        i+δi          P0_overlap_P1   δε(forward)/ε   δε(backward)/ε
======================================================================================================
inaccuracy:  0.00000        0.05000           22.15            0.17            3.93
inaccuracy:  0.05000        0.10000           32.05           -0.09            2.15
inaccuracy:  0.10000        0.15000           45.71           -0.06            0.97
inaccuracy:  0.15000        0.20000           57.61           -0.04            0.44
inaccuracy:  0.20000        0.25000           63.10           -0.04            0.29
inaccuracy:  0.25000        0.30000           66.44           -0.04            0.20
inaccuracy:  0.30000        0.35000           68.04           -0.03            0.16
inaccuracy:  0.35000        0.40000           68.41           -0.02            0.14
inaccuracy:  0.40000        0.45000           70.83           -0.02            0.11
inaccuracy:  0.45000        0.50000           70.73           -0.03            0.11
inaccuracy:  0.50000        0.55000           64.97           -0.07            0.15
inaccuracy:  0.55000        0.60000           66.34           -0.09            0.10
inaccuracy:  0.60000        0.65000           67.89           -0.08            0.08
inaccuracy:  0.65000        0.70000           68.18           -0.08            0.06
inaccuracy:  0.70000        0.75000           67.67           -0.08            0.06
inaccuracy:  0.75000        0.80000           68.48           -0.09            0.05
inaccuracy:  0.80000        0.85000           67.93           -0.09            0.05
inaccuracy:  0.85000        0.90000           68.07           -0.08            0.04
inaccuracy:  0.90000        0.95000           68.16           -0.10            0.04
inaccuracy:  0.95000        1.00000           67.14           -0.09            0.04
===================================================================================================================================
                BAR        
-----------------------------------------------------------------------------------------------------------------------------------
BAR-estimator:         λ             λ+δλ          ΔΔA             ΔA            C               Δδe            δe       
                          
-----------------------------------------------------------------------------------------------------------------------------------
BAR-estimator:      0.00000        0.05000        2.9020         2.9020         2.9020         0.0151         0.0151 
BAR-estimator:      0.05000        0.10000        1.5095         4.4114         1.5095         0.0172         0.0229 
BAR-estimator:      0.10000        0.15000        0.6513         5.0628         0.6513         0.0108         0.0253 
BAR-estimator:      0.15000        0.20000        0.2525         5.3153         0.2525         0.0070         0.0263 
BAR-estimator:      0.20000        0.25000        0.0724         5.3877         0.0724         0.0055         0.0269 
BAR-estimator:      0.25000        0.30000       -0.0562         5.3315        -0.0562         0.0047         0.0273 
BAR-estimator:      0.30000        0.35000       -0.1267         5.2048        -0.1267         0.0043         0.0276 
BAR-estimator:      0.35000        0.40000       -0.1808         5.0241        -0.1808         0.0039         0.0279 
BAR-estimator:      0.40000        0.45000       -0.2208         4.8032        -0.2208         0.0034         0.0281 
BAR-estimator:      0.45000        0.50000       -0.2527         4.5505        -0.2527         0.0033         0.0283 
BAR-estimator:      0.50000        0.55000       -0.3393         4.2112        -0.3393         0.0042         0.0286 
BAR-estimator:      0.55000        0.60000       -0.5142         3.6971        -0.5142         0.0038         0.0289 
BAR-estimator:      0.60000        0.65000       -0.6482         3.0489        -0.6482         0.0035         0.0291 
BAR-estimator:      0.65000        0.70000       -0.7529         2.2960        -0.7529         0.0036         0.0293 
BAR-estimator:      0.70000        0.75000       -0.8239         1.4722        -0.8239         0.0035         0.0295 
BAR-estimator:      0.75000        0.80000       -0.9056         0.5665        -0.9056         0.0038         0.0298 
BAR-estimator:      0.80000        0.85000       -0.9571        -0.3906        -0.9571         0.0036         0.0300 
BAR-estimator:      0.85000        0.90000       -1.0035        -1.3940        -1.0035         0.0038         0.0302 
BAR-estimator:      0.90000        0.95000       -1.0465        -2.4406        -1.0465         0.0037         0.0304 
BAR-estimator:      0.95000        1.00000       -1.0849        -3.5254        -1.0849         0.0039         0.0307 
BAR-estimator: total free energy change is -3.525431224198777 , total error is 0.030685033158268222
