#========================================================================================
#                     Free energy perturbation    
#----------------------------------------------------------------------------------------
#forward/backward          λ              ΔΔA                 ΔA                  δε   
#                                                 
#----------------------------------------------------------------------------------------
forward:               0.0000              0.0000              0.0000              0.0000  
forward:               0.0500              1.4307              1.4307              0.0214  
forward:               0.1000              0.8739              2.3046              0.0272  
forward:               0.1500              0.5104              2.8150              0.0310  
forward:               0.2000              0.3088              3.1238              0.0323  
forward:               0.2500              0.1866              3.3104              0.0337  
forward:               0.3000              0.1311              3.4415              0.0344  
forward:               0.3500              0.0730              3.5145              0.0348  
forward:               0.4000              0.0225              3.5370              0.0352  
forward:               0.4500              0.0082              3.5452              0.0356  
forward:               0.5000             -0.0232              3.5221              0.0359  
forward:               0.5500             -0.1312              3.3909              0.0363  
forward:               0.6000             -0.3039              3.0869              0.0367  
forward:               0.6500             -0.4426              2.6444              0.0372  
forward:               0.7000             -0.5736              2.0707              0.0376  
forward:               0.7500             -0.6627              1.4080              0.0381  
forward:               0.8000             -0.7144              0.6937              0.0385  
forward:               0.8500             -0.7613             -0.0676              0.0388  
forward:               0.9000             -0.7923             -0.8599              0.0391  
forward:               0.9500             -0.8012             -1.6611              0.0394  
forward:               1.0000             -0.8123             -2.4734              0.0397  
backward:              1.0000              0.0000             -2.4734              0.0000  
backward:              0.9500              0.8065             -1.6669              0.0071  
backward:              0.9000              0.7970             -0.8700              0.0092  
backward:              0.8500              0.7790             -0.0910              0.0114  
backward:              0.8000              0.7532              0.6622              0.0139  
backward:              0.7500              0.7299              1.3921              0.0150  
backward:              0.7000              0.6635              2.0555              0.0161  
backward:              0.6500              0.5588              2.6143              0.0179  
backward:              0.6000              0.4317              3.0460              0.0192  
backward:              0.5500              0.2968              3.3428              0.0202  
backward:              0.5000              0.1250              3.4678              0.0219  
backward:              0.4500              0.0197              3.4875              0.0230  
backward:              0.4000              0.0045              3.4920              0.0238  
backward:              0.3500             -0.0231              3.4689              0.0245  
backward:              0.3000             -0.0761              3.3928              0.0258  
backward:              0.2500             -0.1205              3.2723              0.0274  
backward:              0.2000             -0.2344              3.0380              0.0292  
backward:              0.1500             -0.3323              2.7057              0.0316  
backward:              0.1000             -0.5077              2.1980              0.0345  
backward:              0.0500             -0.8320              1.3659              0.0397  
backward:              0.0000             -1.4364             -0.0705              0.0511  
Inaccuracy estimation
======================================================================================================
                   i        i+δi          P0_overlap_P1   δε(forward)/ε   δε(backward)/ε
======================================================================================================
inaccuracy:  0.00000        0.05000           39.89           -0.03            1.46
inaccuracy:  0.05000        0.10000           47.80           -0.04            0.94
inaccuracy:  0.10000        0.15000           56.49           -0.01            0.53
inaccuracy:  0.15000        0.20000           63.66           -0.02            0.30
inaccuracy:  0.20000        0.25000           68.49           -0.01            0.22
inaccuracy:  0.25000        0.30000           67.19           -0.01            0.20
inaccuracy:  0.30000        0.35000           70.19           -0.02            0.16
inaccuracy:  0.35000        0.40000           71.70           -0.02            0.14
inaccuracy:  0.40000        0.45000           70.77           -0.01            0.13
inaccuracy:  0.45000        0.50000           72.86           -0.01            0.12
inaccuracy:  0.50000        0.55000           67.25           -0.06            0.15
inaccuracy:  0.55000        0.60000           68.13           -0.08            0.11
inaccuracy:  0.60000        0.65000           67.95           -0.08            0.10
inaccuracy:  0.65000        0.70000           68.53           -0.09            0.08
inaccuracy:  0.70000        0.75000           68.06           -0.08            0.08
inaccuracy:  0.75000        0.80000           67.17           -0.09            0.07
inaccuracy:  0.80000        0.85000           67.75           -0.08            0.07
inaccuracy:  0.85000        0.90000           67.97           -0.08            0.07
inaccuracy:  0.90000        0.95000           67.51           -0.08            0.07
inaccuracy:  0.95000        1.00000           67.41           -0.08            0.07
===================================================================================================================================
                BAR        
-----------------------------------------------------------------------------------------------------------------------------------
BAR-estimator:         λ             λ+δλ          ΔΔA             ΔA            C               Δδe            δe       
                          
-----------------------------------------------------------------------------------------------------------------------------------
BAR-estimator:      0.00000        0.05000        1.4412         1.4412         1.4412         0.0112         0.0112 
BAR-estimator:      0.05000        0.10000        0.8719         2.3131         0.8719         0.0097         0.0148 
BAR-estimator:      0.10000        0.15000        0.5231         2.8362         0.5231         0.0097         0.0177 
BAR-estimator:      0.15000        0.20000        0.3133         3.1495         0.3133         0.0058         0.0186 
BAR-estimator:      0.20000        0.25000        0.2013         3.3508         0.2013         0.0053         0.0193 
BAR-estimator:      0.25000        0.30000        0.1246         3.4754         0.1246         0.0045         0.0198 
BAR-estimator:      0.30000        0.35000        0.0747         3.5501         0.0747         0.0035         0.0202 
BAR-estimator:      0.35000        0.40000        0.0224         3.5725         0.0224         0.0038         0.0205 
BAR-estimator:      0.40000        0.45000        0.0029         3.5754         0.0029         0.0034         0.0208 
BAR-estimator:      0.45000        0.50000       -0.0231         3.5523        -0.0231         0.0037         0.0211 
BAR-estimator:      0.50000        0.55000       -0.1321         3.4202        -0.1321         0.0039         0.0215 
BAR-estimator:      0.55000        0.60000       -0.3024         3.1178        -0.3024         0.0037         0.0218 
BAR-estimator:      0.60000        0.65000       -0.4367         2.6811        -0.4367         0.0040         0.0222 
BAR-estimator:      0.65000        0.70000       -0.5706         2.1105        -0.5706         0.0039         0.0225 
BAR-estimator:      0.70000        0.75000       -0.6630         1.4475        -0.6630         0.0041         0.0229 
BAR-estimator:      0.75000        0.80000       -0.7232         0.7244        -0.7232         0.0040         0.0232 
BAR-estimator:      0.80000        0.85000       -0.7610        -0.0366        -0.7610         0.0039         0.0235 
BAR-estimator:      0.85000        0.90000       -0.7901        -0.8267        -0.7901         0.0039         0.0239 
BAR-estimator:      0.90000        0.95000       -0.8006        -1.6274        -0.8006         0.0041         0.0242 
BAR-estimator:      0.95000        1.00000       -0.8127        -2.4401        -0.8127         0.0040         0.0245 
BAR-estimator: total free energy change is -2.440101197917126 , total error is 0.02453199421598078
