#========================================================================================
#                     Free energy perturbation    
#----------------------------------------------------------------------------------------
#forward/backward          λ              ΔΔA                 ΔA                  δε   
#                                                 
#----------------------------------------------------------------------------------------
forward:               0.0000              0.0000              0.0000              0.0000  
forward:               0.0500              1.4575              1.4575              0.0229  
forward:               0.1000              0.8909              2.3484              0.0281  
forward:               0.1500              0.5479              2.8963              0.0306  
forward:               0.2000              0.3530              3.2492              0.0319  
forward:               0.2500              0.2234              3.4727              0.0330  
forward:               0.3000              0.1385              3.6111              0.0337  
forward:               0.3500              0.0855              3.6966              0.0342  
forward:               0.4000              0.0402              3.7368              0.0347  
forward:               0.4500              0.0152              3.7520              0.0352  
forward:               0.5000              0.0029              3.7549              0.0356  
forward:               0.5500             -0.0572              3.6977              0.0361  
forward:               0.6000             -0.1752              3.5225              0.0368  
forward:               0.6500             -0.2608              3.2617              0.0374  
forward:               0.7000             -0.3373              2.9244              0.0378  
forward:               0.7500             -0.4100              2.5144              0.0384  
forward:               0.8000             -0.4535              2.0609              0.0388  
forward:               0.8500             -0.4696              1.5912              0.0393  
forward:               0.9000             -0.4661              1.1252              0.0396  
forward:               0.9500             -0.4549              0.6703              0.0398  
forward:               1.0000             -0.4435              0.2268              0.0400  
backward:              1.0000              0.0000              0.2268              0.0000  
backward:              0.9500              0.4302              0.6570              0.0054  
backward:              0.9000              0.4635              1.1205              0.0075  
backward:              0.8500              0.4597              1.5802              0.0090  
backward:              0.8000              0.4587              2.0388              0.0114  
backward:              0.7500              0.4538              2.4926              0.0131  
backward:              0.7000              0.3967              2.8893              0.0149  
backward:              0.6500              0.3328              3.2221              0.0167  
backward:              0.6000              0.2380              3.4601              0.0181  
backward:              0.5500              0.1670              3.6272              0.0191  
backward:              0.5000              0.0657              3.6928              0.0201  
backward:              0.4500              0.0077              3.7006              0.0212  
backward:              0.4000             -0.0170              3.6836              0.0220  
backward:              0.3500             -0.0405              3.6431              0.0232  
backward:              0.3000             -0.0992              3.5439              0.0255  
backward:              0.2500             -0.1318              3.4120              0.0266  
backward:              0.2000             -0.2164              3.1956              0.0281  
backward:              0.1500             -0.3261              2.8695              0.0306  
backward:              0.1000             -0.5582              2.3113              0.0367  
backward:              0.0500             -0.8986              1.4127              0.0450  
backward:              0.0000             -1.5367             -0.1240              0.0823  
Inaccuracy estimation
======================================================================================================
                   i        i+δi          P0_overlap_P1   δε(forward)/ε   δε(backward)/ε
======================================================================================================
inaccuracy:  0.00000        0.05000           38.86           -0.04            1.49
inaccuracy:  0.05000        0.10000           47.54           -0.04            0.94
inaccuracy:  0.10000        0.15000           56.34           -0.04            0.55
inaccuracy:  0.15000        0.20000           60.82           -0.02            0.35
inaccuracy:  0.20000        0.25000           65.13           -0.02            0.26
inaccuracy:  0.25000        0.30000           68.05           -0.02            0.22
inaccuracy:  0.30000        0.35000           69.93           -0.01            0.16
inaccuracy:  0.35000        0.40000           71.02           -0.01            0.15
inaccuracy:  0.40000        0.45000           71.84           -0.02            0.14
inaccuracy:  0.45000        0.50000           71.05           -0.01            0.13
inaccuracy:  0.50000        0.55000           68.85           -0.04            0.15
inaccuracy:  0.55000        0.60000           70.13           -0.06            0.12
inaccuracy:  0.60000        0.65000           70.43           -0.05            0.11
inaccuracy:  0.65000        0.70000           69.47           -0.06            0.10
inaccuracy:  0.70000        0.75000           69.50           -0.05            0.09
inaccuracy:  0.75000        0.80000           69.81           -0.05            0.09
inaccuracy:  0.80000        0.85000           70.60           -0.05            0.09
inaccuracy:  0.85000        0.90000           69.82           -0.05            0.10
inaccuracy:  0.90000        0.95000           69.42           -0.06            0.10
inaccuracy:  0.95000        1.00000           69.75           -0.05            0.10
===================================================================================================================================
                BAR        
-----------------------------------------------------------------------------------------------------------------------------------
BAR-estimator:         λ             λ+δλ          ΔΔA             ΔA            C               Δδe            δe       
                          
-----------------------------------------------------------------------------------------------------------------------------------
BAR-estimator:      0.00000        0.05000        1.4623         1.4623         1.4623         0.0116         0.0116 
BAR-estimator:      0.05000        0.10000        0.8903         2.3525         0.8903         0.0097         0.0151 
BAR-estimator:      0.10000        0.15000        0.5446         2.8972         0.5446         0.0078         0.0170 
BAR-estimator:      0.15000        0.20000        0.3436         3.2408         0.3436         0.0062         0.0181 
BAR-estimator:      0.20000        0.25000        0.2238         3.4645         0.2238         0.0057         0.0190 
BAR-estimator:      0.25000        0.30000        0.1397         3.6042         0.1397         0.0048         0.0196 
BAR-estimator:      0.30000        0.35000        0.0895         3.6937         0.0895         0.0039         0.0200 
BAR-estimator:      0.35000        0.40000        0.0407         3.7344         0.0407         0.0040         0.0204 
BAR-estimator:      0.40000        0.45000        0.0170         3.7514         0.0170         0.0041         0.0208 
BAR-estimator:      0.45000        0.50000       -0.0014         3.7500        -0.0014         0.0037         0.0211 
BAR-estimator:      0.50000        0.55000       -0.0584         3.6916        -0.0584         0.0039         0.0215 
BAR-estimator:      0.55000        0.60000       -0.1685         3.5231        -0.1685         0.0042         0.0219 
BAR-estimator:      0.60000        0.65000       -0.2512         3.2719        -0.2512         0.0041         0.0223 
BAR-estimator:      0.65000        0.70000       -0.3344         2.9375        -0.3344         0.0042         0.0227 
BAR-estimator:      0.70000        0.75000       -0.4046         2.5330        -0.4046         0.0045         0.0231 
BAR-estimator:      0.75000        0.80000       -0.4512         2.0817        -0.4512         0.0038         0.0234 
BAR-estimator:      0.80000        0.85000       -0.4634         1.6183        -0.4634         0.0044         0.0238 
BAR-estimator:      0.85000        0.90000       -0.4627         1.1556        -0.4627         0.0039         0.0242 
BAR-estimator:      0.90000        0.95000       -0.4557         0.6998        -0.4557         0.0038         0.0245 
BAR-estimator:      0.95000        1.00000       -0.4378         0.2620        -0.4378         0.0035         0.0247 
BAR-estimator: total free energy change is 0.26197229534164795 , total error is 0.02470527582219178
