#========================================================================================
#                     Free energy perturbation    
#----------------------------------------------------------------------------------------
#forward/backward          λ              ΔΔA                 ΔA                  δε   
#                                                 
#----------------------------------------------------------------------------------------
forward:               0.0000              0.0000              0.0000              0.0000  
forward:               0.0500              4.9190              4.9190              0.0785  
forward:               0.1000              2.5297              7.4487              0.0931  
forward:               0.1500              1.1158              8.5645              0.0954  
forward:               0.2000              0.3993              8.9638              0.0965  
forward:               0.2500              0.0991              9.0629              0.0970  
forward:               0.3000             -0.0917              8.9711              0.0975  
forward:               0.3500             -0.1985              8.7727              0.0977  
forward:               0.4000             -0.2961              8.4766              0.0979  
forward:               0.4500             -0.3450              8.1316              0.0981  
forward:               0.5000             -0.4064              7.7252              0.0982  
forward:               0.5500             -0.4767              7.2485              0.0984  
forward:               0.6000             -0.5736              6.6749              0.0985  
forward:               0.6500             -0.6335              6.0414              0.0986  
forward:               0.7000             -0.6953              5.3461              0.0988  
forward:               0.7500             -0.7338              4.6123              0.0989  
forward:               0.8000             -0.7748              3.8376              0.0990  
forward:               0.8500             -0.8132              3.0243              0.0991  
forward:               0.9000             -0.8364              2.1879              0.0992  
forward:               0.9500             -0.8638              1.3240              0.0993  
forward:               1.0000             -0.8933              0.4307              0.0993  
backward:              1.0000              0.0000              0.4307              0.0000  
backward:              0.9500              0.8828              1.3135              0.0050  
backward:              0.9000              0.8610              2.1746              0.0081  
backward:              0.8500              0.8300              3.0046              0.0098  
backward:              0.8000              0.7985              3.8030              0.0112  
backward:              0.7500              0.7865              4.5896              0.0123  
backward:              0.7000              0.7305              5.3200              0.0134  
backward:              0.6500              0.6936              6.0136              0.0143  
backward:              0.6000              0.6433              6.6570              0.0155  
backward:              0.5500              0.5610              7.2179              0.0167  
backward:              0.5000              0.4696              7.6875              0.0184  
backward:              0.4500              0.3901              8.0776              0.0201  
backward:              0.4000              0.3532              8.4308              0.0214  
backward:              0.3500              0.2862              8.7169              0.0226  
backward:              0.3000              0.1903              8.9072              0.0244  
backward:              0.2500              0.0846              8.9918              0.0262  
backward:              0.2000             -0.0808              8.9110              0.0294  
backward:              0.1500             -0.4088              8.5022              0.0343  
backward:              0.1000             -1.0293              7.4729              0.0456  
backward:              0.0500             -2.3546              5.1183              0.0718  
backward:              0.0000             -4.5669              0.5513              0.1563  
Inaccuracy estimation
======================================================================================================
                   i        i+δi          P0_overlap_P1   δε(forward)/ε   δε(backward)/ε
======================================================================================================
inaccuracy:  0.00000        0.05000           11.10            1.25            8.31
inaccuracy:  0.05000        0.10000           21.18            0.03            4.04
inaccuracy:  0.10000        0.15000           35.81           -0.13            1.74
inaccuracy:  0.15000        0.20000           50.17           -0.07            0.70
inaccuracy:  0.20000        0.25000           56.68           -0.06            0.39
inaccuracy:  0.25000        0.30000           61.89           -0.05            0.25
inaccuracy:  0.30000        0.35000           64.43           -0.05            0.19
inaccuracy:  0.35000        0.40000           66.78           -0.04            0.14
inaccuracy:  0.40000        0.45000           67.17           -0.04            0.13
inaccuracy:  0.45000        0.50000           68.55           -0.04            0.11
inaccuracy:  0.50000        0.55000           66.79           -0.08            0.12
inaccuracy:  0.55000        0.60000           68.50           -0.06            0.09
inaccuracy:  0.60000        0.65000           67.79           -0.08            0.08
inaccuracy:  0.65000        0.70000           69.01           -0.07            0.07
inaccuracy:  0.70000        0.75000           68.81           -0.06            0.07
inaccuracy:  0.75000        0.80000           68.03           -0.07            0.06
inaccuracy:  0.80000        0.85000           69.68           -0.06            0.05
inaccuracy:  0.85000        0.90000           68.83           -0.07            0.05
inaccuracy:  0.90000        0.95000           69.32           -0.07            0.05
inaccuracy:  0.95000        1.00000           69.46           -0.07            0.05
===================================================================================================================================
                BAR        
-----------------------------------------------------------------------------------------------------------------------------------
BAR-estimator:         λ             λ+δλ          ΔΔA             ΔA            C               Δδe            δe       
                          
-----------------------------------------------------------------------------------------------------------------------------------
BAR-estimator:      0.00000        0.05000        4.8658         4.8658         4.8658         0.0221         0.0221 
BAR-estimator:      0.05000        0.10000        2.5116         7.3774         2.5116         0.0179         0.0284 
BAR-estimator:      0.10000        0.15000        1.0927         8.4701         1.0927         0.0122         0.0309 
BAR-estimator:      0.15000        0.20000        0.4039         8.8741         0.4039         0.0091         0.0322 
BAR-estimator:      0.20000        0.25000        0.0906         8.9647         0.0906         0.0063         0.0328 
BAR-estimator:      0.25000        0.30000       -0.0871         8.8776        -0.0871         0.0057         0.0333 
BAR-estimator:      0.30000        0.35000       -0.1956         8.6820        -0.1956         0.0046         0.0337 
BAR-estimator:      0.35000        0.40000       -0.2908         8.3912        -0.2908         0.0039         0.0339 
BAR-estimator:      0.40000        0.45000       -0.3470         8.0442        -0.3470         0.0037         0.0341 
BAR-estimator:      0.45000        0.50000       -0.4045         7.6397        -0.4045         0.0033         0.0342 
BAR-estimator:      0.50000        0.55000       -0.4752         7.1645        -0.4752         0.0043         0.0345 
BAR-estimator:      0.55000        0.60000       -0.5676         6.5969        -0.5676         0.0038         0.0347 
BAR-estimator:      0.60000        0.65000       -0.6386         5.9583        -0.6386         0.0034         0.0349 
BAR-estimator:      0.65000        0.70000       -0.6941         5.2642        -0.6941         0.0038         0.0351 
BAR-estimator:      0.70000        0.75000       -0.7319         4.5322        -0.7319         0.0037         0.0353 
BAR-estimator:      0.75000        0.80000       -0.7793         3.7529        -0.7793         0.0034         0.0355 
BAR-estimator:      0.80000        0.85000       -0.8085         2.9444        -0.8085         0.0034         0.0356 
BAR-estimator:      0.85000        0.90000       -0.8352         2.1093        -0.8352         0.0033         0.0358 
BAR-estimator:      0.90000        0.95000       -0.8615         1.2477        -0.8615         0.0036         0.0360 
BAR-estimator:      0.95000        1.00000       -0.8886         0.3591        -0.8886         0.0028         0.0361 
BAR-estimator: total free energy change is 0.35912835609815974 , total error is 0.036064147836795755
