#========================================================================================
#                     Free energy perturbation    
#----------------------------------------------------------------------------------------
#forward/backward          λ              ΔΔA                 ΔA                  δε   
#                                                 
#----------------------------------------------------------------------------------------
forward:               0.0000              0.0000              0.0000              0.0000  
forward:               0.0500              2.4419              2.4419              0.0299  
forward:               0.1000              1.3630              3.8050              0.0383  
forward:               0.1500              0.7112              4.5161              0.0414  
forward:               0.2000              0.3292              4.8453              0.0430  
forward:               0.2500              0.1292              4.9746              0.0441  
forward:               0.3000              0.0018              4.9764              0.0446  
forward:               0.3500             -0.0641              4.9123              0.0452  
forward:               0.4000             -0.1127              4.7996              0.0456  
forward:               0.4500             -0.1622              4.6373              0.0458  
forward:               0.5000             -0.1826              4.4548              0.0461  
forward:               0.5500             -0.3476              4.1071              0.0467  
forward:               0.6000             -0.7295              3.3777              0.0473  
forward:               0.6500             -1.0448              2.3328              0.0479  
forward:               0.7000             -1.3282              1.0047              0.0485  
forward:               0.7500             -1.5146             -0.5099              0.0490  
forward:               0.8000             -1.6330             -2.1429              0.0495  
forward:               0.8500             -1.7249             -3.8679              0.0500  
forward:               0.9000             -1.7702             -5.6380              0.0504  
forward:               0.9500             -1.8218             -7.4598              0.0507  
forward:               1.0000             -1.8281             -9.2879              0.0510  
backward:              1.0000              0.0000             -9.2879              0.0000  
backward:              0.9500              1.8199             -7.4680              0.0081  
backward:              0.9000              1.8061             -5.6619              0.0118  
backward:              0.8500              1.7782             -3.8837              0.0148  
backward:              0.8000              1.7137             -2.1700              0.0178  
backward:              0.7500              1.6450             -0.5250              0.0196  
backward:              0.7000              1.4943              0.9693              0.0212  
backward:              0.6500              1.3111              2.2803              0.0231  
backward:              0.6000              1.0436              3.3240              0.0249  
backward:              0.5500              0.7263              4.0502              0.0262  
backward:              0.5000              0.3705              4.4207              0.0275  
backward:              0.4500              0.1770              4.5978              0.0282  
backward:              0.4000              0.1671              4.7649              0.0289  
backward:              0.3500              0.1244              4.8892              0.0298  
backward:              0.3000              0.0511              4.9404              0.0307  
backward:              0.2500              0.0081              4.9485              0.0321  
backward:              0.2000             -0.1174              4.8311              0.0342  
backward:              0.1500             -0.3832              4.4479              0.0854  
backward:              0.1000             -0.6647              3.7831              0.0903  
backward:              0.0500             -1.3091              2.4741              0.1041  
backward:              0.0000             -2.5374             -0.0634              0.1281  
Inaccuracy estimation
======================================================================================================
                   i        i+δi          P0_overlap_P1   δε(forward)/ε   δε(backward)/ε
======================================================================================================
inaccuracy:  0.00000        0.05000           27.25            0.07            2.86
inaccuracy:  0.05000        0.10000           36.09           -0.08            1.83
inaccuracy:  0.10000        0.15000           44.99           -0.07            0.99
inaccuracy:  0.15000        0.20000           55.46           -0.04            0.52
inaccuracy:  0.20000        0.25000           61.32           -0.03            0.31
inaccuracy:  0.25000        0.30000           65.13           -0.03            0.22
inaccuracy:  0.30000        0.35000           67.71           -0.03            0.17
inaccuracy:  0.35000        0.40000           67.17           -0.04            0.15
inaccuracy:  0.40000        0.45000           69.93           -0.03            0.14
inaccuracy:  0.45000        0.50000           69.84           -0.02            0.13
inaccuracy:  0.50000        0.55000           58.25           -0.15            0.20
inaccuracy:  0.55000        0.60000           59.51           -0.19            0.12
inaccuracy:  0.60000        0.65000           58.59           -0.20            0.08
inaccuracy:  0.65000        0.70000           60.89           -0.19            0.04
inaccuracy:  0.70000        0.75000           62.34           -0.20            0.01
inaccuracy:  0.75000        0.80000           59.77           -0.22           -0.01
inaccuracy:  0.80000        0.85000           60.49           -0.22           -0.00
inaccuracy:  0.85000        0.90000           59.76           -0.24           -0.01
inaccuracy:  0.90000        0.95000           60.32           -0.22           -0.02
inaccuracy:  0.95000        1.00000           59.94           -0.24           -0.02
===================================================================================================================================
                BAR        
-----------------------------------------------------------------------------------------------------------------------------------
BAR-estimator:         λ             λ+δλ          ΔΔA             ΔA            C               Δδe            δe       
                          
-----------------------------------------------------------------------------------------------------------------------------------
BAR-estimator:      0.00000        0.05000        2.4374         2.4374         2.4374         0.0147         0.0147 
BAR-estimator:      0.05000        0.10000        1.3501         3.7875         1.3501         0.0121         0.0190 
BAR-estimator:      0.10000        0.15000        0.6826         4.4701         0.6826         0.0093         0.0212 
BAR-estimator:      0.15000        0.20000        0.3244         4.7945         0.3244         0.0077         0.0225 
BAR-estimator:      0.20000        0.25000        0.1258         4.9203         0.1258         0.0061         0.0233 
BAR-estimator:      0.25000        0.30000        0.0014         4.9217         0.0014         0.0046         0.0238 
BAR-estimator:      0.30000        0.35000       -0.0612         4.8605        -0.0612         0.0044         0.0242 
BAR-estimator:      0.35000        0.40000       -0.1210         4.7395        -0.1210         0.0043         0.0245 
BAR-estimator:      0.40000        0.45000       -0.1608         4.5786        -0.1608         0.0033         0.0248 
BAR-estimator:      0.45000        0.50000       -0.1806         4.3981        -0.1806         0.0034         0.0250 
BAR-estimator:      0.50000        0.55000       -0.3552         4.0429        -0.3552         0.0046         0.0254 
BAR-estimator:      0.55000        0.60000       -0.7246         3.3183        -0.7246         0.0049         0.0259 
BAR-estimator:      0.60000        0.65000       -1.0436         2.2747        -1.0436         0.0047         0.0263 
BAR-estimator:      0.65000        0.70000       -1.3259         0.9488        -1.3259         0.0044         0.0267 
BAR-estimator:      0.70000        0.75000       -1.5034        -0.5546        -1.5034         0.0051         0.0271 
BAR-estimator:      0.75000        0.80000       -1.6424        -2.1970        -1.6424         0.0051         0.0276 
BAR-estimator:      0.80000        0.85000       -1.7276        -3.9246        -1.7276         0.0045         0.0280 
BAR-estimator:      0.85000        0.90000       -1.7762        -5.7008        -1.7762         0.0051         0.0284 
BAR-estimator:      0.90000        0.95000       -1.8141        -7.5148        -1.8141         0.0048         0.0288 
BAR-estimator:      0.95000        1.00000       -1.8289        -9.3437        -1.8289         0.0050         0.0293 
BAR-estimator: total free energy change is -9.343699829153149 , total error is 0.029257693634699038
