#========================================================================================
#                     Free energy perturbation    
#----------------------------------------------------------------------------------------
#forward/backward          λ              ΔΔA                 ΔA                  δε   
#                                                 
#----------------------------------------------------------------------------------------
forward:               0.0000              0.0000              0.0000              0.0000  
forward:               0.0500              2.4672              2.4672              0.0334  
forward:               0.1000              1.3902              3.8573              0.0420  
forward:               0.1500              0.6225              4.4798              0.0442  
forward:               0.2000              0.3078              4.7877              0.0453  
forward:               0.2500              0.1260              4.9137              0.0460  
forward:               0.3000              0.0337              4.9474              0.0465  
forward:               0.3500             -0.0318              4.9156              0.0469  
forward:               0.4000             -0.0860              4.8296              0.0472  
forward:               0.4500             -0.1243              4.7053              0.0475  
forward:               0.5000             -0.1556              4.5498              0.0477  
forward:               0.5500             -0.2270              4.3228              0.0482  
forward:               0.6000             -0.3911              3.9317              0.0486  
forward:               0.6500             -0.5119              3.4198              0.0490  
forward:               0.7000             -0.6300              2.7898              0.0494  
forward:               0.7500             -0.7301              2.0597              0.0497  
forward:               0.8000             -0.8010              1.2587              0.0500  
forward:               0.8500             -0.8656              0.3932              0.0503  
forward:               0.9000             -0.9028             -0.5096              0.0505  
forward:               0.9500             -0.9503             -1.4599              0.0508  
forward:               1.0000             -0.9820             -2.4420              0.0510  
backward:              1.0000              0.0000             -2.4420              0.0000  
backward:              0.9500              0.9753             -1.4666              0.0055  
backward:              0.9000              0.9442             -0.5224              0.0085  
backward:              0.8500              0.9189              0.3965              0.0099  
backward:              0.8000              0.8503              1.2468              0.0117  
backward:              0.7500              0.7958              2.0426              0.0129  
backward:              0.7000              0.7116              2.7542              0.0145  
backward:              0.6500              0.6257              3.3799              0.0159  
backward:              0.6000              0.5173              3.8971              0.0173  
backward:              0.5500              0.3867              4.2838              0.0184  
backward:              0.5000              0.2400              4.5238              0.0199  
backward:              0.4500              0.1395              4.6633              0.0209  
backward:              0.4000              0.1220              4.7853              0.0217  
backward:              0.3500              0.0726              4.8579              0.0227  
backward:              0.3000              0.0396              4.8975              0.0243  
backward:              0.2500             -0.0286              4.8689              0.0260  
backward:              0.2000             -0.1528              4.7161              0.0324  
backward:              0.1500             -0.2908              4.4253              0.0355  
backward:              0.1000             -0.6370              3.7883              0.0413  
backward:              0.0500             -1.3485              2.4398              0.0515  
backward:              0.0000             -2.3202              0.1196              0.0649  
Inaccuracy estimation
======================================================================================================
                   i        i+δi          P0_overlap_P1   δε(forward)/ε   δε(backward)/ε
======================================================================================================
inaccuracy:  0.00000        0.05000           26.55            0.08            3.08
inaccuracy:  0.05000        0.10000           35.65           -0.07            1.75
inaccuracy:  0.10000        0.15000           49.82           -0.04            0.78
inaccuracy:  0.15000        0.20000           57.37           -0.03            0.43
inaccuracy:  0.20000        0.25000           64.47           -0.03            0.27
inaccuracy:  0.25000        0.30000           66.33           -0.03            0.20
inaccuracy:  0.30000        0.35000           68.19           -0.02            0.17
inaccuracy:  0.35000        0.40000           70.69           -0.03            0.14
inaccuracy:  0.40000        0.45000           71.09           -0.02            0.13
inaccuracy:  0.45000        0.50000           71.74           -0.02            0.11
inaccuracy:  0.50000        0.55000           65.08           -0.07            0.15
inaccuracy:  0.55000        0.60000           67.30           -0.06            0.11
inaccuracy:  0.60000        0.65000           67.33           -0.08            0.09
inaccuracy:  0.65000        0.70000           68.08           -0.07            0.08
inaccuracy:  0.70000        0.75000           69.65           -0.07            0.07
inaccuracy:  0.75000        0.80000           68.27           -0.07            0.06
inaccuracy:  0.80000        0.85000           68.98           -0.07            0.06
inaccuracy:  0.85000        0.90000           67.59           -0.09            0.06
inaccuracy:  0.90000        0.95000           68.64           -0.09            0.05
inaccuracy:  0.95000        1.00000           68.08           -0.08            0.05
===================================================================================================================================
                BAR        
-----------------------------------------------------------------------------------------------------------------------------------
BAR-estimator:         λ             λ+δλ          ΔΔA             ΔA            C               Δδe            δe       
                          
-----------------------------------------------------------------------------------------------------------------------------------
BAR-estimator:      0.00000        0.05000        2.4614         2.4614         2.4614         0.0138         0.0138 
BAR-estimator:      0.05000        0.10000        1.3641         3.8256         1.3641         0.0127         0.0188 
BAR-estimator:      0.10000        0.15000        0.6219         4.4475         0.6219         0.0088         0.0207 
BAR-estimator:      0.15000        0.20000        0.2992         4.7467         0.2992         0.0062         0.0216 
BAR-estimator:      0.20000        0.25000        0.1292         4.8759         0.1292         0.0053         0.0223 
BAR-estimator:      0.25000        0.30000        0.0294         4.9053         0.0294         0.0046         0.0227 
BAR-estimator:      0.30000        0.35000       -0.0369         4.8684        -0.0369         0.0043         0.0231 
BAR-estimator:      0.35000        0.40000       -0.0817         4.7867        -0.0817         0.0038         0.0235 
BAR-estimator:      0.40000        0.45000       -0.1231         4.6636        -0.1231         0.0035         0.0237 
BAR-estimator:      0.45000        0.50000       -0.1512         4.5124        -0.1512         0.0034         0.0239 
BAR-estimator:      0.50000        0.55000       -0.2311         4.2814        -0.2311         0.0042         0.0243 
BAR-estimator:      0.55000        0.60000       -0.3885         3.8929        -0.3885         0.0040         0.0246 
BAR-estimator:      0.60000        0.65000       -0.5167         3.3761        -0.5167         0.0037         0.0249 
BAR-estimator:      0.65000        0.70000       -0.6261         2.7500        -0.6261         0.0041         0.0253 
BAR-estimator:      0.70000        0.75000       -0.7218         2.0282        -0.7218         0.0043         0.0256 
BAR-estimator:      0.75000        0.80000       -0.7990         1.2292        -0.7990         0.0038         0.0259 
BAR-estimator:      0.80000        0.85000       -0.8589         0.3703        -0.8589         0.0041         0.0262 
BAR-estimator:      0.85000        0.90000       -0.9060        -0.5357        -0.9060         0.0041         0.0265 
BAR-estimator:      0.90000        0.95000       -0.9491        -1.4847        -0.9491         0.0052         0.0270 
BAR-estimator:      0.95000        1.00000       -0.9811        -2.4658        -0.9811         0.0037         0.0273 
BAR-estimator: total free energy change is -2.4658393410869563 , total error is 0.027289759377596073
