#========================================================================================
#                     Free energy perturbation    
#----------------------------------------------------------------------------------------
#forward/backward          λ              ΔΔA                 ΔA                  δε   
#                                                 
#----------------------------------------------------------------------------------------
forward:               0.0000              0.0000              0.0000              0.0000  
forward:               0.0500              1.7621              1.7621              0.0149  
forward:               0.1000              1.1024              2.8645              0.0248  
forward:               0.1500              0.6202              3.4847              0.0283  
forward:               0.2000              0.3146              3.7993              0.0294  
forward:               0.2500              0.1545              3.9538              0.0303  
forward:               0.3000              0.0680              4.0218              0.0312  
forward:               0.3500              0.0132              4.0351              0.0314  
forward:               0.4000             -0.0383              3.9968              0.0317  
forward:               0.4500             -0.0699              3.9269              0.0321  
forward:               0.5000             -0.0957              3.8312              0.0324  
forward:               0.5500             -0.1863              3.6450              0.0329  
forward:               0.6000             -0.3720              3.2730              0.0333  
forward:               0.6500             -0.5199              2.7531              0.0338  
forward:               0.7000             -0.6487              2.1044              0.0343  
forward:               0.7500             -0.7584              1.3460              0.0346  
forward:               0.8000             -0.8291              0.5169              0.0353  
forward:               0.8500             -0.8783             -0.3614              0.0361  
forward:               0.9000             -0.9120             -1.2735              0.0367  
forward:               0.9500             -0.9338             -2.2072              0.0373  
forward:               1.0000             -0.9442             -3.1515              0.0393  
backward:              1.0000              0.0000             -3.1515              0.0000  
backward:              0.9500              0.9886             -2.1629              0.0059  
backward:              0.9000              0.9335             -1.2293              0.0103  
backward:              0.8500              0.9411             -0.2882              0.0369  
backward:              0.8000              0.8737              0.5856              0.0377  
backward:              0.7500              0.8283              1.4138              0.0383  
backward:              0.7000              0.7511              2.1650              0.0388  
backward:              0.6500              0.6610              2.8259              0.0394  
backward:              0.6000              0.5377              3.3636              0.0400  
backward:              0.5500              0.3603              3.7239              0.0405  
backward:              0.5000              0.1934              3.9173              0.0411  
backward:              0.4500              0.0891              4.0064              0.0414  
backward:              0.4000              0.0778              4.0842              0.0417  
backward:              0.3500              0.0396              4.1238              0.0422  
backward:              0.3000             -0.0191              4.1047              0.0427  
backward:              0.2500             -0.0810              4.0237              0.0463  
backward:              0.2000             -0.1688              3.8549              0.0473  
backward:              0.1500             -0.3126              3.5422              0.0495  
backward:              0.1000             -0.5653              2.9770              0.0528  
backward:              0.0500             -1.0880              1.8889              0.0597  
backward:              0.0000             -1.7795              0.1095              0.0820  
Inaccuracy estimation
======================================================================================================
                   i        i+δi          P0_overlap_P1   δε(forward)/ε   δε(backward)/ε
======================================================================================================
inaccuracy:  0.00000        0.05000           35.07           -0.02            1.97
inaccuracy:  0.05000        0.10000           42.87           -0.05            1.22
inaccuracy:  0.10000        0.15000           49.76           -0.04            0.75
inaccuracy:  0.15000        0.20000           60.90           -0.03            0.37
inaccuracy:  0.20000        0.25000           65.55           -0.02            0.27
inaccuracy:  0.25000        0.30000           68.19           -0.02            0.19
inaccuracy:  0.30000        0.35000           70.04           -0.02            0.16
inaccuracy:  0.35000        0.40000           71.42           -0.02            0.14
inaccuracy:  0.40000        0.45000           72.17           -0.02            0.13
inaccuracy:  0.45000        0.50000           73.24           -0.02            0.12
inaccuracy:  0.50000        0.55000           66.02           -0.07            0.14
inaccuracy:  0.55000        0.60000           67.75           -0.09            0.11
inaccuracy:  0.60000        0.65000           65.79           -0.09            0.09
inaccuracy:  0.65000        0.70000           66.78           -0.10            0.08
inaccuracy:  0.70000        0.75000           67.00           -0.10            0.07
inaccuracy:  0.75000        0.80000           66.81           -0.09            0.06
inaccuracy:  0.80000        0.85000           65.72           -0.10            0.06
inaccuracy:  0.85000        0.90000           63.56           -0.15            0.07
inaccuracy:  0.90000        0.95000           65.32           -0.12            0.07
inaccuracy:  0.95000        1.00000           61.64           -0.15            0.07
===================================================================================================================================
                BAR        
-----------------------------------------------------------------------------------------------------------------------------------
BAR-estimator:         λ             λ+δλ          ΔΔA             ΔA            C               Δδe            δe       
                          
-----------------------------------------------------------------------------------------------------------------------------------
BAR-estimator:      0.00000        0.05000        1.7419         1.7419         1.7419         0.0091         0.0091 
BAR-estimator:      0.05000        0.10000        1.1025         2.8444         1.1025         0.0116         0.0148 
BAR-estimator:      0.10000        0.15000        0.6016         3.4461         0.6016         0.0232         0.0275 
BAR-estimator:      0.15000        0.20000        0.3127         3.7587         0.3127         0.0061         0.0282 
BAR-estimator:      0.20000        0.25000        0.1610         3.9197         0.1610         0.0049         0.0286 
BAR-estimator:      0.25000        0.30000        0.0688         3.9885         0.0688         0.0045         0.0290 
BAR-estimator:      0.30000        0.35000        0.0141         4.0026         0.0141         0.0045         0.0293 
BAR-estimator:      0.35000        0.40000       -0.0358         3.9668        -0.0358         0.0035         0.0295 
BAR-estimator:      0.40000        0.45000       -0.0710         3.8958        -0.0710         0.0034         0.0297 
BAR-estimator:      0.45000        0.50000       -0.0930         3.8028        -0.0930         0.0031         0.0299 
BAR-estimator:      0.50000        0.55000       -0.1870         3.6158        -0.1870         0.0030         0.0300 
BAR-estimator:      0.55000        0.60000       -0.3651         3.2507        -0.3651         0.0036         0.0302 
BAR-estimator:      0.60000        0.65000       -0.5288         2.7219        -0.5288         0.0035         0.0304 
BAR-estimator:      0.65000        0.70000       -0.6547         2.0672        -0.6547         0.0036         0.0306 
BAR-estimator:      0.70000        0.75000       -0.7564         1.3109        -0.7564         0.0033         0.0308 
BAR-estimator:      0.75000        0.80000       -0.8270         0.4838        -0.8270         0.0042         0.0311 
BAR-estimator:      0.80000        0.85000       -0.8771        -0.3932        -0.8771         0.0046         0.0314 
BAR-estimator:      0.85000        0.90000       -0.9281        -1.3213        -0.9281         0.0047         0.0318 
BAR-estimator:      0.90000        0.95000       -0.9349        -2.2562        -0.9349         0.0057         0.0323 
BAR-estimator:      0.95000        1.00000       -0.9699        -3.2261        -0.9699         0.0071         0.0331 
BAR-estimator: total free energy change is -3.226092779908603 , total error is 0.03305865322345275
