#========================================================================================
#                     Free energy perturbation    
#----------------------------------------------------------------------------------------
#forward/backward          λ              ΔΔA                 ΔA                  δε   
#                                                 
#----------------------------------------------------------------------------------------
forward:               0.0000              0.0000              0.0000              0.0000  
forward:               0.0500              1.5160              1.5160              0.0237  
forward:               0.1000              0.8645              2.3805              0.0278  
forward:               0.1500              0.4568              2.8373              0.0298  
forward:               0.2000              0.2577              3.0950              0.0313  
forward:               0.2500              0.1409              3.2359              0.0322  
forward:               0.3000              0.0576              3.2935              0.0327  
forward:               0.3500              0.0301              3.3236              0.0332  
forward:               0.4000             -0.0119              3.3117              0.0335  
forward:               0.4500             -0.0406              3.2711              0.0339  
forward:               0.5000             -0.0662              3.2048              0.0342  
forward:               0.5500             -0.2086              2.9962              0.0349  
forward:               0.6000             -0.4841              2.5122              0.0358  
forward:               0.6500             -0.7033              1.8088              0.0359  
forward:               0.7000             -0.8933              0.9155              0.0368  
forward:               0.7500             -1.0449             -0.1294              0.0374  
forward:               0.8000             -1.0942             -1.2236              0.0379  
forward:               0.8500             -1.1002             -2.3239              0.0385  
forward:               0.9000             -1.0990             -3.4228              0.0388  
forward:               0.9500             -1.0842             -4.5070              0.0393  
forward:               1.0000             -1.0701             -5.5771              0.0396  
backward:              1.0000              0.0000             -5.5771              0.0000  
backward:              0.9500              1.0813             -4.4959              0.0056  
backward:              0.9000              1.0759             -3.4200              0.0090  
backward:              0.8500              1.1034             -2.3165              0.0109  
backward:              0.8000              1.1035             -1.2130              0.0122  
backward:              0.7500              1.1022             -0.1108              0.0142  
backward:              0.7000              1.0186              0.9077              0.0170  
backward:              0.6500              0.9064              1.8141              0.0197  
backward:              0.6000              0.7090              2.5231              0.0225  
backward:              0.5500              0.4742              2.9973              0.0237  
backward:              0.5000              0.2049              3.2022              0.0249  
backward:              0.4500              0.0505              3.2527              0.0255  
backward:              0.4000              0.0281              3.2808              0.0264  
backward:              0.3500              0.0137              3.2945              0.0271  
backward:              0.3000             -0.0167              3.2778              0.0277  
backward:              0.2500             -0.0724              3.2054              0.0286  
backward:              0.2000             -0.1525              3.0529              0.0297  
backward:              0.1500             -0.2673              2.7856              0.0334  
backward:              0.1000             -0.4572              2.3284              0.0374  
backward:              0.0500             -0.8381              1.4903              0.0401  
backward:              0.0000             -1.6143             -0.1240              0.0585  
Inaccuracy estimation
======================================================================================================
                   i        i+δi          P0_overlap_P1   δε(forward)/ε   δε(backward)/ε
======================================================================================================
inaccuracy:  0.00000        0.05000           39.07           -0.03            1.51
inaccuracy:  0.05000        0.10000           47.06           -0.03            0.97
inaccuracy:  0.10000        0.15000           57.86           -0.02            0.51
inaccuracy:  0.15000        0.20000           64.54           -0.02            0.29
inaccuracy:  0.20000        0.25000           69.77           -0.01            0.19
inaccuracy:  0.25000        0.30000           72.18           -0.02            0.14
inaccuracy:  0.30000        0.35000           71.08           -0.01            0.13
inaccuracy:  0.35000        0.40000           73.63           -0.01            0.11
inaccuracy:  0.40000        0.45000           75.90           -0.01            0.10
inaccuracy:  0.45000        0.50000           76.54           -0.01            0.09
inaccuracy:  0.50000        0.55000           65.73           -0.08            0.17
inaccuracy:  0.55000        0.60000           66.83           -0.11            0.10
inaccuracy:  0.60000        0.65000           65.31           -0.14            0.08
inaccuracy:  0.65000        0.70000           64.57           -0.16            0.05
inaccuracy:  0.70000        0.75000           67.66           -0.12            0.04
inaccuracy:  0.75000        0.80000           65.28           -0.11            0.04
inaccuracy:  0.80000        0.85000           65.54           -0.12            0.05
inaccuracy:  0.85000        0.90000           65.10           -0.12            0.05
inaccuracy:  0.90000        0.95000           65.10           -0.09            0.06
inaccuracy:  0.95000        1.00000           63.78           -0.12            0.06
===================================================================================================================================
                BAR        
-----------------------------------------------------------------------------------------------------------------------------------
BAR-estimator:         λ             λ+δλ          ΔΔA             ΔA            C               Δδe            δe       
                          
-----------------------------------------------------------------------------------------------------------------------------------
BAR-estimator:      0.00000        0.05000        1.5421         1.5421         1.5421         0.0117         0.0117 
BAR-estimator:      0.05000        0.10000        0.8627         2.4047         0.8627         0.0097         0.0152 
BAR-estimator:      0.10000        0.15000        0.4551         2.8598         0.4551         0.0068         0.0166 
BAR-estimator:      0.15000        0.20000        0.2558         3.1156         0.2558         0.0062         0.0177 
BAR-estimator:      0.20000        0.25000        0.1461         3.2617         0.1461         0.0048         0.0184 
BAR-estimator:      0.25000        0.30000        0.0624         3.3241         0.0624         0.0044         0.0189 
BAR-estimator:      0.30000        0.35000        0.0228         3.3469         0.0228         0.0044         0.0194 
BAR-estimator:      0.35000        0.40000       -0.0120         3.3349        -0.0120         0.0038         0.0198 
BAR-estimator:      0.40000        0.45000       -0.0359         3.2989        -0.0359         0.0037         0.0201 
BAR-estimator:      0.45000        0.50000       -0.0600         3.2389        -0.0600         0.0031         0.0203 
BAR-estimator:      0.50000        0.55000       -0.2032         3.0357        -0.2032         0.0043         0.0208 
BAR-estimator:      0.55000        0.60000       -0.4774         2.5583        -0.4774         0.0045         0.0213 
BAR-estimator:      0.60000        0.65000       -0.7070         1.8513        -0.7070         0.0048         0.0218 
BAR-estimator:      0.65000        0.70000       -0.9010         0.9503        -0.9010         0.0047         0.0223 
BAR-estimator:      0.70000        0.75000       -1.0325        -0.0822        -1.0325         0.0049         0.0229 
BAR-estimator:      0.75000        0.80000       -1.0984        -1.1806        -1.0984         0.0044         0.0233 
BAR-estimator:      0.80000        0.85000       -1.1020        -2.2826        -1.1020         0.0044         0.0237 
BAR-estimator:      0.85000        0.90000       -1.1009        -3.3835        -1.1009         0.0051         0.0242 
BAR-estimator:      0.90000        0.95000       -1.0799        -4.4634        -1.0799         0.0046         0.0247 
BAR-estimator:      0.95000        1.00000       -1.0738        -5.5372        -1.0738         0.0047         0.0251 
BAR-estimator: total free energy change is -5.537225808780872 , total error is 0.02511195877225491
