#========================================================================================
#                     Free energy perturbation    
#----------------------------------------------------------------------------------------
#forward/backward          λ              ΔΔA                 ΔA                  δε   
#                                                 
#----------------------------------------------------------------------------------------
forward:               0.0000              0.0000              0.0000              0.0000  
forward:               0.0500              1.4608              1.4608              0.0247  
forward:               0.1000              0.8038              2.2646              0.0296  
forward:               0.1500              0.4146              2.6792              0.0316  
forward:               0.2000              0.2155              2.8948              0.0327  
forward:               0.2500              0.1355              3.0303              0.0334  
forward:               0.3000              0.0737              3.1040              0.0341  
forward:               0.3500              0.0190              3.1230              0.0346  
forward:               0.4000              0.0020              3.1250              0.0350  
forward:               0.4500             -0.0256              3.0993              0.0353  
forward:               0.5000             -0.0420              3.0573              0.0358  
forward:               0.5500             -0.1115              2.9458              0.0363  
forward:               0.6000             -0.2026              2.7432              0.0368  
forward:               0.6500             -0.3101              2.4331              0.0372  
forward:               0.7000             -0.4205              2.0126              0.0378  
forward:               0.7500             -0.4828              1.5298              0.0384  
forward:               0.8000             -0.5457              0.9841              0.0387  
forward:               0.8500             -0.5558              0.4283              0.0389  
forward:               0.9000             -0.5713             -0.1430              0.0392  
forward:               0.9500             -0.5700             -0.7130              0.0395  
forward:               1.0000             -0.5730             -1.2860              0.0398  
backward:              1.0000              0.0000             -1.2860              0.0000  
backward:              0.9500              0.5712             -0.7148              0.0053  
backward:              0.9000              0.5610             -0.1538              0.0079  
backward:              0.8500              0.5661              0.4124              0.0095  
backward:              0.8000              0.5562              0.9685              0.0112  
backward:              0.7500              0.5366              1.5051              0.0130  
backward:              0.7000              0.4961              2.0013              0.0142  
backward:              0.6500              0.4195              2.4207              0.0158  
backward:              0.6000              0.3140              2.7347              0.0170  
backward:              0.5500              0.2105              2.9451              0.0184  
backward:              0.5000              0.0986              3.0437              0.0189  
backward:              0.4500              0.0513              3.0950              0.0198  
backward:              0.4000              0.0206              3.1156              0.0207  
backward:              0.3500              0.0100              3.1256              0.0216  
backward:              0.3000             -0.0314              3.0942              0.0226  
backward:              0.2500             -0.0573              3.0369              0.0237  
backward:              0.2000             -0.1305              2.9064              0.0254  
backward:              0.1500             -0.2495              2.6569              0.0287  
backward:              0.1000             -0.4150              2.2418              0.0318  
backward:              0.0500             -0.7973              1.4446              0.0340  
backward:              0.0000             -1.4202              0.0244              0.0423  
Inaccuracy estimation
======================================================================================================
                   i        i+δi          P0_overlap_P1   δε(forward)/ε   δε(backward)/ε
======================================================================================================
inaccuracy:  0.00000        0.05000           37.55           -0.04            1.50
inaccuracy:  0.05000        0.10000           48.40           -0.03            0.94
inaccuracy:  0.10000        0.15000           58.37           -0.02            0.50
inaccuracy:  0.15000        0.20000           66.63           -0.01            0.29
inaccuracy:  0.20000        0.25000           68.12           -0.02            0.22
inaccuracy:  0.25000        0.30000           68.94           -0.02            0.18
inaccuracy:  0.30000        0.35000           72.76           -0.01            0.14
inaccuracy:  0.35000        0.40000           71.50           -0.02            0.12
inaccuracy:  0.40000        0.45000           73.64           -0.02            0.11
inaccuracy:  0.45000        0.50000           72.59           -0.01            0.12
inaccuracy:  0.50000        0.55000           71.11           -0.05            0.12
inaccuracy:  0.55000        0.60000           69.07           -0.06            0.12
inaccuracy:  0.60000        0.65000           68.81           -0.07            0.09
inaccuracy:  0.65000        0.70000           68.95           -0.07            0.08
inaccuracy:  0.70000        0.75000           68.18           -0.06            0.08
inaccuracy:  0.75000        0.80000           69.99           -0.05            0.07
inaccuracy:  0.80000        0.85000           69.44           -0.05            0.08
inaccuracy:  0.85000        0.90000           69.73           -0.06            0.08
inaccuracy:  0.90000        0.95000           69.42           -0.06            0.08
inaccuracy:  0.95000        1.00000           69.54           -0.05            0.08
===================================================================================================================================
                BAR        
-----------------------------------------------------------------------------------------------------------------------------------
BAR-estimator:         λ             λ+δλ          ΔΔA             ΔA            C               Δδe            δe       
                          
-----------------------------------------------------------------------------------------------------------------------------------
BAR-estimator:      0.00000        0.05000        1.4605         1.4605         1.4605         0.0130         0.0130 
BAR-estimator:      0.05000        0.10000        0.8069         2.2674         0.8069         0.0097         0.0163 
BAR-estimator:      0.10000        0.15000        0.4191         2.6865         0.4191         0.0070         0.0177 
BAR-estimator:      0.15000        0.20000        0.2328         2.9192         0.2328         0.0045         0.0183 
BAR-estimator:      0.20000        0.25000        0.1368         3.0561         0.1368         0.0047         0.0189 
BAR-estimator:      0.25000        0.30000        0.0688         3.1248         0.0688         0.0046         0.0194 
BAR-estimator:      0.30000        0.35000        0.0221         3.1469         0.0221         0.0035         0.0197 
BAR-estimator:      0.35000        0.40000       -0.0031         3.1438        -0.0031         0.0039         0.0201 
BAR-estimator:      0.40000        0.45000       -0.0250         3.1189        -0.0250         0.0036         0.0204 
BAR-estimator:      0.45000        0.50000       -0.0467         3.0721        -0.0467         0.0040         0.0208 
BAR-estimator:      0.50000        0.55000       -0.1029         2.9692        -0.1029         0.0036         0.0211 
BAR-estimator:      0.55000        0.60000       -0.2052         2.7640        -0.2052         0.0039         0.0215 
BAR-estimator:      0.60000        0.65000       -0.3154         2.4486        -0.3154         0.0041         0.0219 
BAR-estimator:      0.65000        0.70000       -0.4259         2.0227        -0.4259         0.0038         0.0222 
BAR-estimator:      0.70000        0.75000       -0.4896         1.5332        -0.4896         0.0045         0.0226 
BAR-estimator:      0.75000        0.80000       -0.5453         0.9878        -0.5453         0.0044         0.0231 
BAR-estimator:      0.80000        0.85000       -0.5579         0.4299        -0.5579         0.0051         0.0236 
BAR-estimator:      0.85000        0.90000       -0.5695        -0.1396        -0.5695         0.0036         0.0239 
BAR-estimator:      0.90000        0.95000       -0.5663        -0.7060        -0.5663         0.0037         0.0242 
BAR-estimator:      0.95000        1.00000       -0.5698        -1.2757        -0.5698         0.0040         0.0245 
BAR-estimator: total free energy change is -1.2757319531765026 , total error is 0.024515995151043066
