#========================================================================================
#                     Free energy perturbation    
#----------------------------------------------------------------------------------------
#forward/backward          λ              ΔΔA                 ΔA                  δε   
#                                                 
#----------------------------------------------------------------------------------------
forward:               0.0000              0.0000              0.0000              0.0000  
forward:               0.0500              1.6480              1.6480              0.0187  
forward:               0.1000              0.9111              2.5591              0.0230  
forward:               0.1500              0.5158              3.0749              0.0249  
forward:               0.2000              0.2895              3.3645              0.0265  
forward:               0.2500              0.1582              3.5226              0.0274  
forward:               0.3000              0.0850              3.6076              0.0281  
forward:               0.3500              0.0304              3.6381              0.0286  
forward:               0.4000             -0.0169              3.6212              0.0290  
forward:               0.4500             -0.0526              3.5686              0.0294  
forward:               0.5000             -0.0622              3.5063              0.0297  
forward:               0.5500             -0.1039              3.4025              0.0300  
forward:               0.6000             -0.1484              3.2541              0.0304  
forward:               0.6500             -0.1850              3.0691              0.0307  
forward:               0.7000             -0.2139              2.8552              0.0309  
forward:               0.7500             -0.2312              2.6240              0.0311  
forward:               0.8000             -0.2470              2.3770              0.0313  
forward:               0.8500             -0.2673              2.1097              0.0315  
forward:               0.9000             -0.2793              1.8304              0.0317  
forward:               0.9500             -0.2860              1.5444              0.0319  
forward:               1.0000             -0.3003              1.2441              0.0321  
backward:              1.0000              0.0000              1.2441              0.0000  
backward:              0.9500              0.2882              1.5323              0.0048  
backward:              0.9000              0.2839              1.8162              0.0071  
backward:              0.8500              0.2631              2.0793              0.0087  
backward:              0.8000              0.2629              2.3421              0.0096  
backward:              0.7500              0.2403              2.5825              0.0108  
backward:              0.7000              0.2428              2.8252              0.0114  
backward:              0.6500              0.2183              3.0435              0.0126  
backward:              0.6000              0.1868              3.2304              0.0132  
backward:              0.5500              0.1547              3.3850              0.0140  
backward:              0.5000              0.0932              3.4782              0.0151  
backward:              0.4500              0.0775              3.5557              0.0162  
backward:              0.4000              0.0492              3.6049              0.0169  
backward:              0.3500              0.0220              3.6269              0.0179  
backward:              0.3000             -0.0308              3.5961              0.0192  
backward:              0.2500             -0.0905              3.5056              0.0202  
backward:              0.2000             -0.1540              3.3516              0.0218  
backward:              0.1500             -0.2944              3.0572              0.0247  
backward:              0.1000             -0.5129              2.5442              0.0298  
backward:              0.0500             -0.9422              1.6021              0.0449  
backward:              0.0000             -1.5563              0.0458              0.0536  
Inaccuracy estimation
======================================================================================================
                   i        i+δi          P0_overlap_P1   δε(forward)/ε   δε(backward)/ε
======================================================================================================
inaccuracy:  0.00000        0.05000           34.32           -0.04            2.18
inaccuracy:  0.05000        0.10000           46.62           -0.05            1.02
inaccuracy:  0.10000        0.15000           55.54           -0.03            0.55
inaccuracy:  0.15000        0.20000           62.67           -0.02            0.34
inaccuracy:  0.20000        0.25000           65.85           -0.02            0.24
inaccuracy:  0.25000        0.30000           69.06           -0.03            0.19
inaccuracy:  0.30000        0.35000           69.93           -0.02            0.15
inaccuracy:  0.35000        0.40000           70.94           -0.02            0.14
inaccuracy:  0.40000        0.45000           72.50           -0.02            0.12
inaccuracy:  0.45000        0.50000           71.38           -0.02            0.12
inaccuracy:  0.50000        0.55000           71.62           -0.03            0.12
inaccuracy:  0.55000        0.60000           72.00           -0.03            0.11
inaccuracy:  0.60000        0.65000           72.55           -0.03            0.10
inaccuracy:  0.65000        0.70000           72.32           -0.03            0.09
inaccuracy:  0.70000        0.75000           71.55           -0.03            0.10
inaccuracy:  0.75000        0.80000           72.75           -0.03            0.10
inaccuracy:  0.80000        0.85000           73.15           -0.03            0.09
inaccuracy:  0.85000        0.90000           73.45           -0.03            0.08
inaccuracy:  0.90000        0.95000           72.50           -0.03            0.08
inaccuracy:  0.95000        1.00000           73.26           -0.03            0.08
===================================================================================================================================
                BAR        
-----------------------------------------------------------------------------------------------------------------------------------
BAR-estimator:         λ             λ+δλ          ΔΔA             ΔA            C               Δδe            δe       
                          
-----------------------------------------------------------------------------------------------------------------------------------
BAR-estimator:      0.00000        0.05000        1.6392         1.6392         1.6392         0.0096         0.0096 
BAR-estimator:      0.05000        0.10000        0.9099         2.5491         0.9099         0.0079         0.0124 
BAR-estimator:      0.10000        0.15000        0.5123         3.0614         0.5123         0.0056         0.0136 
BAR-estimator:      0.15000        0.20000        0.2938         3.3552         0.2938         0.0056         0.0147 
BAR-estimator:      0.20000        0.25000        0.1575         3.5127         0.1575         0.0045         0.0154 
BAR-estimator:      0.25000        0.30000        0.0867         3.5993         0.0867         0.0042         0.0159 
BAR-estimator:      0.30000        0.35000        0.0288         3.6281         0.0288         0.0036         0.0163 
BAR-estimator:      0.35000        0.40000       -0.0150         3.6132        -0.0150         0.0034         0.0167 
BAR-estimator:      0.40000        0.45000       -0.0516         3.5616        -0.0516         0.0031         0.0170 
BAR-estimator:      0.45000        0.50000       -0.0673         3.4943        -0.0673         0.0031         0.0173 
BAR-estimator:      0.50000        0.55000       -0.1005         3.3938        -0.1005         0.0032         0.0176 
BAR-estimator:      0.55000        0.60000       -0.1493         3.2446        -0.1493         0.0028         0.0178 
BAR-estimator:      0.60000        0.65000       -0.1861         3.0585        -0.1861         0.0029         0.0180 
BAR-estimator:      0.65000        0.70000       -0.2168         2.8416        -0.2168         0.0031         0.0183 
BAR-estimator:      0.70000        0.75000       -0.2350         2.6066        -0.2350         0.0027         0.0185 
BAR-estimator:      0.75000        0.80000       -0.2460         2.3606        -0.2460         0.0029         0.0187 
BAR-estimator:      0.80000        0.85000       -0.2641         2.0965        -0.2641         0.0029         0.0189 
BAR-estimator:      0.85000        0.90000       -0.2743         1.8222        -0.2743         0.0031         0.0192 
BAR-estimator:      0.90000        0.95000       -0.2853         1.5368        -0.2853         0.0029         0.0194 
BAR-estimator:      0.95000        1.00000       -0.2953         1.2416        -0.2953         0.0028         0.0196 
BAR-estimator: total free energy change is 1.2415917037271156 , total error is 0.0195741620250743
