#========================================================================================
#                     Free energy perturbation    
#----------------------------------------------------------------------------------------
#forward/backward          λ              ΔΔA                 ΔA                  δε   
#                                                 
#----------------------------------------------------------------------------------------
forward:               0.0000              0.0000              0.0000              0.0000  
forward:               0.0500              1.6578              1.6578              0.0260  
forward:               0.1000              0.9059              2.5637              0.0307  
forward:               0.1500              0.4699              3.0335              0.0328  
forward:               0.2000              0.2527              3.2862              0.0339  
forward:               0.2500              0.1236              3.4098              0.0351  
forward:               0.3000              0.0580              3.4678              0.0358  
forward:               0.3500             -0.0030              3.4648              0.0361  
forward:               0.4000             -0.0482              3.4167              0.0364  
forward:               0.4500             -0.0715              3.3452              0.0367  
forward:               0.5000             -0.1037              3.2415              0.0369  
forward:               0.5500             -0.2628              2.9787              0.0376  
forward:               0.6000             -0.5811              2.3975              0.0383  
forward:               0.6500             -0.8589              1.5386              0.0390  
forward:               0.7000             -1.0719              0.4667              0.0398  
forward:               0.7500             -1.2303             -0.7636              0.0403  
forward:               0.8000             -1.3257             -2.0893              0.0410  
forward:               0.8500             -1.3496             -3.4390              0.0414  
forward:               0.9000             -1.3660             -4.8050              0.0419  
forward:               0.9500             -1.3539             -6.1589              0.0423  
forward:               1.0000             -1.3416             -7.5005              0.0426  
backward:              1.0000              0.0000             -7.5005              0.0000  
backward:              0.9500              1.3203             -6.1802              0.0068  
backward:              0.9000              1.3561             -4.8241              0.0094  
backward:              0.8500              1.3567             -3.4674              0.0117  
backward:              0.8000              1.3513             -2.1162              0.0134  
backward:              0.7500              1.3003             -0.8159              0.0158  
backward:              0.7000              1.2331              0.4172              0.0185  
backward:              0.6500              1.0812              1.4984              0.0210  
backward:              0.6000              0.8402              2.3386              0.0227  
backward:              0.5500              0.5898              2.9284              0.0240  
backward:              0.5000              0.2467              3.1751              0.0304  
backward:              0.4500              0.1107              3.2858              0.0308  
backward:              0.4000              0.0820              3.3678              0.0313  
backward:              0.3500              0.0548              3.4226              0.0320  
backward:              0.3000             -0.0004              3.4223              0.0327  
backward:              0.2500             -0.0427              3.3796              0.0334  
backward:              0.2000             -0.1248              3.2548              0.0348  
backward:              0.1500             -0.2413              3.0134              0.0380  
backward:              0.1000             -0.4979              2.5156              0.0439  
backward:              0.0500             -0.9280              1.5876              0.0525  
backward:              0.0000             -1.6865             -0.0989              0.0612  
Inaccuracy estimation
======================================================================================================
                   i        i+δi          P0_overlap_P1   δε(forward)/ε   δε(backward)/ε
======================================================================================================
inaccuracy:  0.00000        0.05000           36.27           -0.03            1.69
inaccuracy:  0.05000        0.10000           46.64           -0.03            1.08
inaccuracy:  0.10000        0.15000           56.39           -0.03            0.53
inaccuracy:  0.15000        0.20000           63.22           -0.03            0.33
inaccuracy:  0.20000        0.25000           66.83           -0.02            0.21
inaccuracy:  0.25000        0.30000           69.24           -0.01            0.17
inaccuracy:  0.30000        0.35000           71.79           -0.01            0.13
inaccuracy:  0.35000        0.40000           71.73           -0.02            0.13
inaccuracy:  0.40000        0.45000           72.45           -0.01            0.12
inaccuracy:  0.45000        0.50000           73.91           -0.02            0.11
inaccuracy:  0.50000        0.55000           62.33           -0.10            0.20
inaccuracy:  0.55000        0.60000           63.33           -0.14            0.10
inaccuracy:  0.60000        0.65000           64.55           -0.15            0.06
inaccuracy:  0.65000        0.70000           63.64           -0.17            0.04
inaccuracy:  0.70000        0.75000           64.25           -0.16            0.03
inaccuracy:  0.75000        0.80000           65.99           -0.14            0.02
inaccuracy:  0.80000        0.85000           64.72           -0.15            0.02
inaccuracy:  0.85000        0.90000           63.94           -0.16            0.03
inaccuracy:  0.90000        0.95000           63.33           -0.14            0.03
inaccuracy:  0.95000        1.00000           63.82           -0.15            0.05
===================================================================================================================================
                BAR        
-----------------------------------------------------------------------------------------------------------------------------------
BAR-estimator:         λ             λ+δλ          ΔΔA             ΔA            C               Δδe            δe       
                          
-----------------------------------------------------------------------------------------------------------------------------------
BAR-estimator:      0.00000        0.05000        1.6842         1.6842         1.6842         0.0132         0.0132 
BAR-estimator:      0.05000        0.10000        0.9160         2.6001         0.9160         0.0097         0.0164 
BAR-estimator:      0.10000        0.15000        0.4692         3.0693         0.4692         0.0072         0.0179 
BAR-estimator:      0.15000        0.20000        0.2513         3.3206         0.2513         0.0042         0.0184 
BAR-estimator:      0.20000        0.25000        0.1225         3.4431         0.1225         0.0037         0.0188 
BAR-estimator:      0.25000        0.30000        0.0525         3.4956         0.0525         0.0049         0.0194 
BAR-estimator:      0.30000        0.35000       -0.0022         3.4933        -0.0022         0.0043         0.0199 
BAR-estimator:      0.35000        0.40000       -0.0530         3.4403        -0.0530         0.0036         0.0202 
BAR-estimator:      0.40000        0.45000       -0.0746         3.3657        -0.0746         0.0032         0.0204 
BAR-estimator:      0.45000        0.50000       -0.1055         3.2603        -0.1055         0.0031         0.0207 
BAR-estimator:      0.50000        0.55000       -0.2642         2.9960        -0.2642         0.0046         0.0212 
BAR-estimator:      0.55000        0.60000       -0.5879         2.4081        -0.5879         0.0047         0.0217 
BAR-estimator:      0.60000        0.65000       -0.8510         1.5571        -0.8510         0.0049         0.0222 
BAR-estimator:      0.65000        0.70000       -1.0749         0.4822        -1.0749         0.0048         0.0228 
BAR-estimator:      0.70000        0.75000       -1.2317        -0.7495        -1.2317         0.0039         0.0231 
BAR-estimator:      0.75000        0.80000       -1.3144        -2.0639        -1.3144         0.0046         0.0235 
BAR-estimator:      0.80000        0.85000       -1.3482        -3.4121        -1.3482         0.0043         0.0239 
BAR-estimator:      0.85000        0.90000       -1.3638        -4.7759        -1.3638         0.0042         0.0243 
BAR-estimator:      0.90000        0.95000       -1.3521        -6.1280        -1.3521         0.0043         0.0247 
BAR-estimator:      0.95000        1.00000       -1.3374        -7.4654        -1.3374         0.0051         0.0252 
BAR-estimator: total free energy change is -7.4653706520314485 , total error is 0.025213811297018187
