#========================================================================================
#                     Free energy perturbation    
#----------------------------------------------------------------------------------------
#forward/backward          λ              ΔΔA                 ΔA                  δε   
#                                                 
#----------------------------------------------------------------------------------------
forward:               0.0000              0.0000              0.0000              0.0000  
forward:               0.0500              1.4791              1.4791              0.0233  
forward:               0.1000              0.8924              2.3715              0.0283  
forward:               0.1500              0.4713              2.8428              0.0308  
forward:               0.2000              0.2625              3.1053              0.0322  
forward:               0.2500              0.1294              3.2347              0.0331  
forward:               0.3000              0.0523              3.2870              0.0338  
forward:               0.3500             -0.0000              3.2870              0.0344  
forward:               0.4000             -0.0389              3.2480              0.0349  
forward:               0.4500             -0.0752              3.1729              0.0356  
forward:               0.5000             -0.0866              3.0862              0.0360  
forward:               0.5500             -0.1500              2.9362              0.0362  
forward:               0.6000             -0.2514              2.6848              0.0366  
forward:               0.6500             -0.3100              2.3748              0.0368  
forward:               0.7000             -0.3769              1.9979              0.0370  
forward:               0.7500             -0.4207              1.5772              0.0372  
forward:               0.8000             -0.4569              1.1203              0.0374  
forward:               0.8500             -0.4905              0.6298              0.0376  
forward:               0.9000             -0.5194              0.1104              0.0379  
forward:               0.9500             -0.5393             -0.4288              0.0381  
forward:               1.0000             -0.5624             -0.9912              0.0383  
backward:              1.0000              0.0000             -0.9912              0.0000  
backward:              0.9500              0.5636             -0.4276              0.0040  
backward:              0.9000              0.5311              0.1035              0.0069  
backward:              0.8500              0.5196              0.6231              0.0084  
backward:              0.8000              0.4888              1.1119              0.0096  
backward:              0.7500              0.4545              1.5664              0.0110  
backward:              0.7000              0.4215              1.9879              0.0121  
backward:              0.6500              0.3708              2.3587              0.0133  
backward:              0.6000              0.3198              2.6785              0.0143  
backward:              0.5500              0.2430              2.9214              0.0155  
backward:              0.5000              0.1325              3.0539              0.0259  
backward:              0.4500              0.1062              3.1601              0.0264  
backward:              0.4000              0.0703              3.2304              0.0270  
backward:              0.3500              0.0510              3.2814              0.0278  
backward:              0.3000             -0.0029              3.2785              0.0287  
backward:              0.2500             -0.0625              3.2160              0.0302  
backward:              0.2000             -0.1249              3.0912              0.0314  
backward:              0.1500             -0.2261              2.8650              0.0331  
backward:              0.1000             -0.4602              2.4048              0.0386  
backward:              0.0500             -0.8566              1.5482              0.0609  
backward:              0.0000             -1.4486              0.0997              0.0686  
Inaccuracy estimation
======================================================================================================
                   i        i+δi          P0_overlap_P1   δε(forward)/ε   δε(backward)/ε
======================================================================================================
inaccuracy:  0.00000        0.05000           37.98           -0.04            1.57
inaccuracy:  0.05000        0.10000           45.31           -0.05            1.00
inaccuracy:  0.10000        0.15000           56.23           -0.03            0.55
inaccuracy:  0.15000        0.20000           60.63           -0.02            0.35
inaccuracy:  0.20000        0.25000           65.46           -0.02            0.23
inaccuracy:  0.25000        0.30000           69.13           -0.02            0.18
inaccuracy:  0.30000        0.35000           70.45           -0.02            0.15
inaccuracy:  0.35000        0.40000           70.18           -0.02            0.14
inaccuracy:  0.40000        0.45000           73.10           -0.01            0.12
inaccuracy:  0.45000        0.50000           70.64           -0.02            0.12
inaccuracy:  0.50000        0.55000           69.34           -0.04            0.13
inaccuracy:  0.55000        0.60000           70.93           -0.04            0.10
inaccuracy:  0.60000        0.65000           70.57           -0.04            0.10
inaccuracy:  0.65000        0.70000           71.28           -0.04            0.09
inaccuracy:  0.70000        0.75000           71.28           -0.03            0.09
inaccuracy:  0.75000        0.80000           71.11           -0.04            0.07
inaccuracy:  0.80000        0.85000           71.45           -0.05            0.08
inaccuracy:  0.85000        0.90000           71.32           -0.04            0.07
inaccuracy:  0.90000        0.95000           70.89           -0.04            0.07
inaccuracy:  0.95000        1.00000           70.71           -0.06            0.07
===================================================================================================================================
                BAR        
-----------------------------------------------------------------------------------------------------------------------------------
BAR-estimator:         λ             λ+δλ          ΔΔA             ΔA            C               Δδe            δe       
                          
-----------------------------------------------------------------------------------------------------------------------------------
BAR-estimator:      0.00000        0.05000        1.4754         1.4754         1.4754         0.0118         0.0118 
BAR-estimator:      0.05000        0.10000        0.8728         2.3481         0.8728         0.0093         0.0150 
BAR-estimator:      0.10000        0.15000        0.4726         2.8208         0.4726         0.0077         0.0169 
BAR-estimator:      0.15000        0.20000        0.2520         3.0728         0.2520         0.0061         0.0179 
BAR-estimator:      0.20000        0.25000        0.1265         3.1993         0.1265         0.0051         0.0186 
BAR-estimator:      0.25000        0.30000        0.0530         3.2523         0.0530         0.0038         0.0190 
BAR-estimator:      0.30000        0.35000        0.0019         3.2542         0.0019         0.0043         0.0195 
BAR-estimator:      0.35000        0.40000       -0.0430         3.2112        -0.0430         0.0041         0.0199 
BAR-estimator:      0.40000        0.45000       -0.0695         3.1418        -0.0695         0.0034         0.0202 
BAR-estimator:      0.45000        0.50000       -0.0956         3.0461        -0.0956         0.0031         0.0204 
BAR-estimator:      0.50000        0.55000       -0.1516         2.8946        -0.1516         0.0033         0.0207 
BAR-estimator:      0.55000        0.60000       -0.2500         2.6445        -0.2500         0.0037         0.0210 
BAR-estimator:      0.60000        0.65000       -0.3133         2.3312        -0.3133         0.0030         0.0212 
BAR-estimator:      0.65000        0.70000       -0.3749         1.9563        -0.3749         0.0033         0.0215 
BAR-estimator:      0.70000        0.75000       -0.4187         1.5376        -0.4187         0.0038         0.0218 
BAR-estimator:      0.75000        0.80000       -0.4579         1.0797        -0.4579         0.0032         0.0221 
BAR-estimator:      0.80000        0.85000       -0.4884         0.5913        -0.4884         0.0035         0.0223 
BAR-estimator:      0.85000        0.90000       -0.5188         0.0726        -0.5188         0.0037         0.0226 
BAR-estimator:      0.90000        0.95000       -0.5378        -0.4652        -0.5378         0.0034         0.0229 
BAR-estimator:      0.95000        1.00000       -0.5630        -1.0282        -0.5630         0.0035         0.0231 
BAR-estimator: total free energy change is -1.0282009904579037 , total error is 0.02314532890917701
