#========================================================================================
#                     Free energy perturbation    
#----------------------------------------------------------------------------------------
#forward/backward          λ              ΔΔA                 ΔA                  δε   
#                                                 
#----------------------------------------------------------------------------------------
forward:               0.0000              0.0000              0.0000              0.0000  
forward:               0.0500              2.9609              2.9609              0.0410  
forward:               0.1000              1.7081              4.6690              0.0498  
forward:               0.1500              0.8582              5.5272              0.0545  
forward:               0.2000              0.4103              5.9375              0.0563  
forward:               0.2500              0.1742              6.1117              0.0572  
forward:               0.3000              0.0454              6.1571              0.0580  
forward:               0.3500             -0.0470              6.1101              0.0585  
forward:               0.4000             -0.1053              6.0048              0.0589  
forward:               0.4500             -0.1459              5.8589              0.0593  
forward:               0.5000             -0.1850              5.6739              0.0596  
forward:               0.5500             -0.4421              5.2318              0.0604  
forward:               0.6000             -0.8689              4.3629              0.0614  
forward:               0.6500             -1.2648              3.0981              0.0624  
forward:               0.7000             -1.6133              1.4848              0.0638  
forward:               0.7500             -1.8422             -0.3574              0.0647  
forward:               0.8000             -1.9649             -2.3222              0.0652  
forward:               0.8500             -2.0195             -4.3418              0.0656  
forward:               0.9000             -2.0253             -6.3670              0.0661  
forward:               0.9500             -2.0169             -8.3839              0.0664  
forward:               1.0000             -2.0064            -10.3903              0.0667  
backward:              1.0000              0.0000            -10.3903              0.0000  
backward:              0.9500              1.9997             -8.3906              0.0114  
backward:              0.9000              2.0066             -6.3840              0.0152  
backward:              0.8500              2.0468             -4.3372              0.0176  
backward:              0.8000              2.0082             -2.3290              0.0232  
backward:              0.7500              1.9790             -0.3501              0.0242  
backward:              0.7000              1.8666              1.5165              0.0278  
backward:              0.6500              1.6442              3.1608              0.0306  
backward:              0.6000              1.2645              4.4253              0.0336  
backward:              0.5500              0.8688              5.2940              0.0350  
backward:              0.5000              0.4558              5.7498              0.0362  
backward:              0.4500              0.1842              5.9340              0.0368  
backward:              0.4000              0.1297              6.0636              0.0377  
backward:              0.3500              0.1091              6.1727              0.0389  
backward:              0.3000              0.0393              6.2119              0.0400  
backward:              0.2500             -0.0503              6.1616              0.0412  
backward:              0.2000             -0.1839              5.9778              0.0432  
backward:              0.1500             -0.4143              5.5635              0.0482  
backward:              0.1000             -0.8891              4.6744              0.0575  
backward:              0.0500             -1.6853              2.9891              0.0719  
backward:              0.0000             -3.0030             -0.0139              0.1168  
Inaccuracy estimation
======================================================================================================
                   i        i+δi          P0_overlap_P1   δε(forward)/ε   δε(backward)/ε
======================================================================================================
inaccuracy:  0.00000        0.05000           23.04            0.21            3.97
inaccuracy:  0.05000        0.10000           30.79           -0.08            2.44
inaccuracy:  0.10000        0.15000           42.82           -0.08            1.17
inaccuracy:  0.15000        0.20000           51.89           -0.05            0.60
inaccuracy:  0.20000        0.25000           58.48           -0.05            0.39
inaccuracy:  0.25000        0.30000           61.64           -0.05            0.28
inaccuracy:  0.30000        0.35000           64.03           -0.03            0.22
inaccuracy:  0.35000        0.40000           64.04           -0.03            0.19
inaccuracy:  0.40000        0.45000           66.73           -0.04            0.16
inaccuracy:  0.45000        0.50000           67.08           -0.03            0.16
inaccuracy:  0.50000        0.55000           55.47           -0.18            0.28
inaccuracy:  0.55000        0.60000           55.35           -0.27            0.14
inaccuracy:  0.60000        0.65000           55.12           -0.31            0.08
inaccuracy:  0.65000        0.70000           53.93           -0.35            0.02
inaccuracy:  0.70000        0.75000           54.89           -0.35           -0.03
inaccuracy:  0.75000        0.80000           56.02           -0.32           -0.03
inaccuracy:  0.80000        0.85000           56.02           -0.33           -0.04
inaccuracy:  0.85000        0.90000           55.50           -0.32           -0.03
inaccuracy:  0.90000        0.95000           55.12           -0.27           -0.02
inaccuracy:  0.95000        1.00000           55.10           -0.31           -0.02
===================================================================================================================================
                BAR        
-----------------------------------------------------------------------------------------------------------------------------------
BAR-estimator:         λ             λ+δλ          ΔΔA             ΔA            C               Δδe            δe       
                          
-----------------------------------------------------------------------------------------------------------------------------------
BAR-estimator:      0.00000        0.05000        3.0149         3.0149         3.0149         0.0170         0.0170 
BAR-estimator:      0.05000        0.10000        1.7067         4.7217         1.7067         0.0128         0.0212 
BAR-estimator:      0.10000        0.15000        0.8698         5.5915         0.8698         0.0125         0.0246 
BAR-estimator:      0.15000        0.20000        0.4057         5.9972         0.4057         0.0085         0.0260 
BAR-estimator:      0.20000        0.25000        0.1843         6.1815         0.1843         0.0066         0.0269 
BAR-estimator:      0.25000        0.30000        0.0435         6.2250         0.0435         0.0066         0.0277 
BAR-estimator:      0.30000        0.35000       -0.0474         6.1776        -0.0474         0.0053         0.0282 
BAR-estimator:      0.35000        0.40000       -0.1111         6.0666        -0.1111         0.0056         0.0287 
BAR-estimator:      0.40000        0.45000       -0.1437         5.9228        -0.1437         0.0043         0.0291 
BAR-estimator:      0.45000        0.50000       -0.1825         5.7404        -0.1825         0.0044         0.0294 
BAR-estimator:      0.50000        0.55000       -0.4401         5.3002        -0.4401         0.0050         0.0298 
BAR-estimator:      0.55000        0.60000       -0.8676         4.4326        -0.8676         0.0054         0.0303 
BAR-estimator:      0.60000        0.65000       -1.2583         3.1743        -1.2583         0.0059         0.0309 
BAR-estimator:      0.65000        0.70000       -1.6245         1.5498        -1.6245         0.0065         0.0315 
BAR-estimator:      0.70000        0.75000       -1.8545        -0.3047        -1.8545         0.0064         0.0322 
BAR-estimator:      0.75000        0.80000       -1.9679        -2.2727        -1.9679         0.0061         0.0327 
BAR-estimator:      0.80000        0.85000       -2.0199        -4.2926        -2.0199         0.0055         0.0332 
BAR-estimator:      0.85000        0.90000       -2.0354        -6.3280        -2.0354         0.0060         0.0338 
BAR-estimator:      0.90000        0.95000       -2.0134        -8.3415        -2.0134         0.0061         0.0343 
BAR-estimator:      0.95000        1.00000       -2.0095       -10.3509        -2.0095         0.0053         0.0347 
BAR-estimator: total free energy change is -10.350903937357737 , total error is 0.03471225566124899
