#========================================================================================
#                     Free energy perturbation    
#----------------------------------------------------------------------------------------
#forward/backward          λ              ΔΔA                 ΔA                  δε   
#                                                 
#----------------------------------------------------------------------------------------
forward:               0.0000              0.0000              0.0000              0.0000  
forward:               0.0500              1.1257              1.1257              0.0165  
forward:               0.1000              0.7021              1.8278              0.0221  
forward:               0.1500              0.4589              2.2867              0.0245  
forward:               0.2000              0.3012              2.5879              0.0260  
forward:               0.2500              0.2101              2.7980              0.0269  
forward:               0.3000              0.1466              2.9446              0.0276  
forward:               0.3500              0.1096              3.0542              0.0283  
forward:               0.4000              0.0750              3.1291              0.0284  
forward:               0.4500              0.0526              3.1817              0.0287  
forward:               0.5000              0.0331              3.2148              0.0290  
forward:               0.5500              0.0178              3.2326              0.0293  
forward:               0.6000             -0.0206              3.2120              0.0297  
forward:               0.6500             -0.0471              3.1648              0.0299  
forward:               0.7000             -0.0793              3.0856              0.0302  
forward:               0.7500             -0.0863              2.9993              0.0305  
forward:               0.8000             -0.1022              2.8971              0.0307  
forward:               0.8500             -0.1170              2.7801              0.0309  
forward:               0.9000             -0.1279              2.6521              0.0312  
forward:               0.9500             -0.1319              2.5202              0.0314  
forward:               1.0000             -0.1446              2.3756              0.0315  
backward:              1.0000              0.0000              2.3756              0.0000  
backward:              0.9500              0.1348              2.5103              0.0044  
backward:              0.9000              0.1340              2.6443              0.0063  
backward:              0.8500              0.1368              2.7811              0.0075  
backward:              0.8000              0.1167              2.8978              0.0091  
backward:              0.7500              0.1090              3.0069              0.0100  
backward:              0.7000              0.0903              3.0971              0.0108  
backward:              0.6500              0.0695              3.1666              0.0117  
backward:              0.6000              0.0394              3.2060              0.0127  
backward:              0.5500              0.0131              3.2191              0.0138  
backward:              0.5000             -0.0234              3.1956              0.0150  
backward:              0.4500             -0.0259              3.1697              0.0158  
backward:              0.4000             -0.0546              3.1151              0.0172  
backward:              0.3500             -0.0819              3.0332              0.0185  
backward:              0.3000             -0.0932              2.9399              0.0195  
backward:              0.2500             -0.1392              2.8008              0.0204  
backward:              0.2000             -0.2098              2.5910              0.0222  
backward:              0.1500             -0.2844              2.3067              0.0237  
backward:              0.1000             -0.4663              1.8403              0.0269  
backward:              0.0500             -0.7318              1.1086              0.0388  
backward:              0.0000             -1.1351             -0.0266              0.0506  
Inaccuracy estimation
======================================================================================================
                   i        i+δi          P0_overlap_P1   δε(forward)/ε   δε(backward)/ε
======================================================================================================
inaccuracy:  0.00000        0.05000           44.88           -0.03            1.03
inaccuracy:  0.05000        0.10000           54.38           -0.02            0.65
inaccuracy:  0.10000        0.15000           62.40           -0.02            0.38
inaccuracy:  0.15000        0.20000           65.88           -0.01            0.26
inaccuracy:  0.20000        0.25000           69.44           -0.01            0.19
inaccuracy:  0.25000        0.30000           71.59           -0.01            0.16
inaccuracy:  0.30000        0.35000           72.11           -0.01            0.14
inaccuracy:  0.35000        0.40000           74.58           -0.01            0.12
inaccuracy:  0.40000        0.45000           75.50           -0.01            0.11
inaccuracy:  0.45000        0.50000           74.85           -0.01            0.10
inaccuracy:  0.50000        0.55000           74.78           -0.02            0.10
inaccuracy:  0.55000        0.60000           75.17           -0.02            0.09
inaccuracy:  0.60000        0.65000           76.39           -0.02            0.09
inaccuracy:  0.65000        0.70000           76.29           -0.02            0.08
inaccuracy:  0.70000        0.75000           74.97           -0.02            0.08
inaccuracy:  0.75000        0.80000           75.17           -0.02            0.09
inaccuracy:  0.80000        0.85000           75.99           -0.02            0.08
inaccuracy:  0.85000        0.90000           74.93           -0.02            0.08
inaccuracy:  0.90000        0.95000           75.23           -0.02            0.08
inaccuracy:  0.95000        1.00000           76.04           -0.02            0.08
===================================================================================================================================
                BAR        
-----------------------------------------------------------------------------------------------------------------------------------
BAR-estimator:         λ             λ+δλ          ΔΔA             ΔA            C               Δδe            δe       
                          
-----------------------------------------------------------------------------------------------------------------------------------
BAR-estimator:      0.00000        0.05000        1.1175         1.1175         1.1175         0.0091         0.0091 
BAR-estimator:      0.05000        0.10000        0.7072         1.8246         0.7072         0.0088         0.0127 
BAR-estimator:      0.10000        0.15000        0.4608         2.2855         0.4608         0.0067         0.0143 
BAR-estimator:      0.15000        0.20000        0.2963         2.5817         0.2963         0.0059         0.0155 
BAR-estimator:      0.20000        0.25000        0.2062         2.7879         0.2062         0.0045         0.0161 
BAR-estimator:      0.25000        0.30000        0.1445         2.9324         0.1445         0.0043         0.0167 
BAR-estimator:      0.30000        0.35000        0.1031         3.0356         0.1031         0.0040         0.0172 
BAR-estimator:      0.35000        0.40000        0.0772         3.1128         0.0772         0.0035         0.0175 
BAR-estimator:      0.40000        0.45000        0.0525         3.1653         0.0525         0.0029         0.0178 
BAR-estimator:      0.45000        0.50000        0.0298         3.1952         0.0298         0.0031         0.0180 
BAR-estimator:      0.50000        0.55000        0.0189         3.2141         0.0189         0.0039         0.0185 
BAR-estimator:      0.55000        0.60000       -0.0181         3.1961        -0.0181         0.0033         0.0187 
BAR-estimator:      0.60000        0.65000       -0.0438         3.1522        -0.0438         0.0031         0.0190 
BAR-estimator:      0.65000        0.70000       -0.0752         3.0770        -0.0752         0.0032         0.0193 
BAR-estimator:      0.70000        0.75000       -0.0889         2.9881        -0.0889         0.0033         0.0195 
BAR-estimator:      0.75000        0.80000       -0.1030         2.8851        -0.1030         0.0028         0.0197 
BAR-estimator:      0.80000        0.85000       -0.1164         2.7687        -0.1164         0.0033         0.0200 
BAR-estimator:      0.85000        0.90000       -0.1305         2.6382        -0.1305         0.0029         0.0202 
BAR-estimator:      0.90000        0.95000       -0.1328         2.5054        -0.1328         0.0029         0.0204 
BAR-estimator:      0.95000        1.00000       -0.1407         2.3647        -0.1407         0.0031         0.0207 
BAR-estimator: total free energy change is 2.364655198310514 , total error is 0.020663986892341498
