#========================================================================================
#                     Free energy perturbation    
#----------------------------------------------------------------------------------------
#forward/backward          λ              ΔΔA                 ΔA                  δε   
#                                                 
#----------------------------------------------------------------------------------------
forward:               0.0000              0.0000              0.0000              0.0000  
forward:               0.0500              0.6763              0.6763              0.0129  
forward:               0.1000              0.3552              1.0315              0.0152  
forward:               0.1500              0.2331              1.2646              0.0162  
forward:               0.2000              0.1598              1.4244              0.0169  
forward:               0.2500              0.1223              1.5467              0.0176  
forward:               0.3000              0.0906              1.6373              0.0181  
forward:               0.3500              0.0628              1.7001              0.0185  
forward:               0.4000              0.0445              1.7446              0.0189  
forward:               0.4500              0.0267              1.7713              0.0195  
forward:               0.5000              0.0216              1.7930              0.0198  
forward:               0.5500             -0.0021              1.7908              0.0200  
forward:               0.6000             -0.0481              1.7427              0.0202  
forward:               0.6500             -0.0733              1.6694              0.0204  
forward:               0.7000             -0.1143              1.5551              0.0206  
forward:               0.7500             -0.1244              1.4308              0.0208  
forward:               0.8000             -0.1423              1.2885              0.0210  
forward:               0.8500             -0.1611              1.1274              0.0212  
forward:               0.9000             -0.1746              0.9528              0.0214  
forward:               0.9500             -0.1881              0.7647              0.0216  
forward:               1.0000             -0.1993              0.5654              0.0218  
backward:              1.0000              0.0000              0.5654              0.0000  
backward:              0.9500              0.1967              0.7621              0.0032  
backward:              0.9000              0.1872              0.9493              0.0042  
backward:              0.8500              0.1708              1.1201              0.0053  
backward:              0.8000              0.1539              1.2740              0.0069  
backward:              0.7500              0.1500              1.4240              0.0076  
backward:              0.7000              0.1179              1.5419              0.0084  
backward:              0.6500              0.1035              1.6454              0.0092  
backward:              0.6000              0.0757              1.7211              0.0099  
backward:              0.5500              0.0450              1.7661              0.0108  
backward:              0.5000              0.0019              1.7680              0.0116  
backward:              0.4500             -0.0139              1.7541              0.0122  
backward:              0.4000             -0.0359              1.7182              0.0128  
backward:              0.3500             -0.0460              1.6722              0.0134  
backward:              0.3000             -0.0626              1.6096              0.0140  
backward:              0.2500             -0.0816              1.5280              0.0147  
backward:              0.2000             -0.1123              1.4157              0.0156  
backward:              0.1500             -0.1518              1.2638              0.0166  
backward:              0.1000             -0.2212              1.0426              0.0180  
backward:              0.0500             -0.3522              0.6904              0.0206  
backward:              0.0000             -0.6607              0.0297              0.0319  
Inaccuracy estimation
======================================================================================================
                   i        i+δi          P0_overlap_P1   δε(forward)/ε   δε(backward)/ε
======================================================================================================
inaccuracy:  0.00000        0.05000           53.75           -0.01            1.03
inaccuracy:  0.05000        0.10000           67.52           -0.00            0.32
inaccuracy:  0.10000        0.15000           72.36           -0.00            0.17
inaccuracy:  0.15000        0.20000           75.91           -0.00            0.12
inaccuracy:  0.20000        0.25000           78.10           -0.01            0.10
inaccuracy:  0.25000        0.30000           78.48           -0.00            0.08
inaccuracy:  0.30000        0.35000           81.14           -0.00            0.08
inaccuracy:  0.35000        0.40000           80.68           -0.00            0.07
inaccuracy:  0.40000        0.45000           82.91           -0.01            0.06
inaccuracy:  0.45000        0.50000           80.99           -0.00            0.06
inaccuracy:  0.50000        0.55000           79.58           -0.01            0.06
inaccuracy:  0.55000        0.60000           80.32           -0.01            0.05
inaccuracy:  0.60000        0.65000           80.07           -0.01            0.05
inaccuracy:  0.65000        0.70000           82.71           -0.01            0.05
inaccuracy:  0.70000        0.75000           81.53           -0.01            0.04
inaccuracy:  0.75000        0.80000           80.13           -0.01            0.05
inaccuracy:  0.80000        0.85000           81.60           -0.01            0.05
inaccuracy:  0.85000        0.90000           81.33           -0.02            0.05
inaccuracy:  0.90000        0.95000           81.39           -0.01            0.05
inaccuracy:  0.95000        1.00000           80.79           -0.01            0.05
===================================================================================================================================
                BAR        
-----------------------------------------------------------------------------------------------------------------------------------
BAR-estimator:         λ             λ+δλ          ΔΔA             ΔA            C               Δδe            δe       
                          
-----------------------------------------------------------------------------------------------------------------------------------
BAR-estimator:      0.00000        0.05000        0.6820         0.6820         0.6820         0.0101         0.0101 
BAR-estimator:      0.05000        0.10000        0.3529         1.0350         0.3529         0.0061         0.0118 
BAR-estimator:      0.10000        0.15000        0.2299         1.2649         0.2299         0.0038         0.0124 
BAR-estimator:      0.15000        0.20000        0.1577         1.4226         0.1577         0.0030         0.0128 
BAR-estimator:      0.20000        0.25000        0.1196         1.5422         0.1196         0.0033         0.0132 
BAR-estimator:      0.25000        0.30000        0.0867         1.6288         0.0867         0.0030         0.0135 
BAR-estimator:      0.30000        0.35000        0.0644         1.6932         0.0644         0.0027         0.0138 
BAR-estimator:      0.35000        0.40000        0.0444         1.7376         0.0444         0.0026         0.0140 
BAR-estimator:      0.40000        0.45000        0.0308         1.7684         0.0308         0.0030         0.0143 
BAR-estimator:      0.45000        0.50000        0.0183         1.7868         0.0183         0.0025         0.0146 
BAR-estimator:      0.50000        0.55000       -0.0025         1.7843        -0.0025         0.0022         0.0147 
BAR-estimator:      0.55000        0.60000       -0.0469         1.7374        -0.0469         0.0024         0.0149 
BAR-estimator:      0.60000        0.65000       -0.0751         1.6623        -0.0751         0.0024         0.0151 
BAR-estimator:      0.65000        0.70000       -0.1091         1.5532        -0.1091         0.0022         0.0153 
BAR-estimator:      0.70000        0.75000       -0.1224         1.4307        -0.1224         0.0023         0.0154 
BAR-estimator:      0.75000        0.80000       -0.1448         1.2859        -0.1448         0.0023         0.0156 
BAR-estimator:      0.80000        0.85000       -0.1593         1.1266        -0.1593         0.0023         0.0158 
BAR-estimator:      0.85000        0.90000       -0.1735         0.9531        -0.1735         0.0022         0.0159 
BAR-estimator:      0.90000        0.95000       -0.1867         0.7664        -0.1867         0.0022         0.0161 
BAR-estimator:      0.95000        1.00000       -0.1981         0.5683        -0.1981         0.0021         0.0162 
BAR-estimator: total free energy change is 0.5682889859879758 , total error is 0.016220149722757874
