#========================================================================================
#                     Free energy perturbation    
#----------------------------------------------------------------------------------------
#forward/backward          λ              ΔΔA                 ΔA                  δε   
#                                                 
#----------------------------------------------------------------------------------------
forward:               0.0000              0.0000              0.0000              0.0000  
forward:               0.0500              1.9692              1.9692              0.0245  
forward:               0.1000              1.2158              3.1850              0.0306  
forward:               0.1500              0.6816              3.8665              0.0336  
forward:               0.2000              0.4029              4.2694              0.0350  
forward:               0.2500              0.2147              4.4842              0.0362  
forward:               0.3000              0.1396              4.6237              0.0369  
forward:               0.3500              0.0453              4.6690              0.0374  
forward:               0.4000              0.0097              4.6788              0.0380  
forward:               0.4500             -0.0522              4.6266              0.0384  
forward:               0.5000             -0.0742              4.5524              0.0387  
forward:               0.5500             -0.1762              4.3762              0.0391  
forward:               0.6000             -0.3461              4.0301              0.0395  
forward:               0.6500             -0.4976              3.5325              0.0399  
forward:               0.7000             -0.6127              2.9197              0.0403  
forward:               0.7500             -0.7032              2.2166              0.0407  
forward:               0.8000             -0.7568              1.4598              0.0411  
forward:               0.8500             -0.7895              0.6704              0.0415  
forward:               0.9000             -0.7915             -0.1212              0.0418  
forward:               0.9500             -0.8085             -0.9296              0.0423  
forward:               1.0000             -0.8114             -1.7410              0.0426  
backward:              1.0000              0.0000             -1.7410              0.0000  
backward:              0.9500              0.7971             -0.9439              0.0075  
backward:              0.9000              0.8054             -0.1385              0.0100  
backward:              0.8500              0.7967              0.6582              0.0119  
backward:              0.8000              0.7779              1.4361              0.0139  
backward:              0.7500              0.7629              2.1989              0.0153  
backward:              0.7000              0.7012              2.9001              0.0171  
backward:              0.6500              0.6099              3.5100              0.0184  
backward:              0.6000              0.4907              4.0007              0.0196  
backward:              0.5500              0.3510              4.3517              0.0209  
backward:              0.5000              0.1766              4.5283              0.0224  
backward:              0.4500              0.0755              4.6038              0.0232  
backward:              0.4000              0.0437              4.6475              0.0242  
backward:              0.3500              0.0098              4.6573              0.0245  
backward:              0.3000             -0.0504              4.6069              0.0259  
backward:              0.2500             -0.1270              4.4799              0.0277  
backward:              0.2000             -0.2358              4.2441              0.0294  
backward:              0.1500             -0.4251              3.8190              0.0346  
backward:              0.1000             -0.6969              3.1222              0.0394  
backward:              0.0500             -1.2095              1.9126              0.0501  
backward:              0.0000             -1.9593             -0.0467              0.0619  
Inaccuracy estimation
======================================================================================================
                   i        i+δi          P0_overlap_P1   δε(forward)/ε   δε(backward)/ε
======================================================================================================
inaccuracy:  0.00000        0.05000           31.92           -0.01            2.24
inaccuracy:  0.05000        0.10000           40.54           -0.06            1.42
inaccuracy:  0.10000        0.15000           50.06           -0.04            0.82
inaccuracy:  0.15000        0.20000           57.00           -0.04            0.50
inaccuracy:  0.20000        0.25000           62.82           -0.03            0.31
inaccuracy:  0.25000        0.30000           62.93           -0.03            0.27
inaccuracy:  0.30000        0.35000           65.92           -0.03            0.20
inaccuracy:  0.35000        0.40000           65.47           -0.03            0.19
inaccuracy:  0.40000        0.45000           68.60           -0.03            0.15
inaccuracy:  0.45000        0.50000           68.84           -0.03            0.15
inaccuracy:  0.50000        0.55000           63.71           -0.07            0.18
inaccuracy:  0.55000        0.60000           64.26           -0.09            0.15
inaccuracy:  0.60000        0.65000           65.08           -0.10            0.12
inaccuracy:  0.65000        0.70000           65.23           -0.11            0.10
inaccuracy:  0.70000        0.75000           64.84           -0.10            0.09
inaccuracy:  0.75000        0.80000           64.37           -0.11            0.09
inaccuracy:  0.80000        0.85000           64.88           -0.10            0.09
inaccuracy:  0.85000        0.90000           64.11           -0.09            0.09
inaccuracy:  0.90000        0.95000           64.37           -0.09            0.10
inaccuracy:  0.95000        1.00000           64.73           -0.09            0.10
===================================================================================================================================
                BAR        
-----------------------------------------------------------------------------------------------------------------------------------
BAR-estimator:         λ             λ+δλ          ΔΔA             ΔA            C               Δδe            δe       
                          
-----------------------------------------------------------------------------------------------------------------------------------
BAR-estimator:      0.00000        0.05000        1.9821         1.9821         1.9821         0.0108         0.0108 
BAR-estimator:      0.05000        0.10000        1.2257         3.2078         1.2257         0.0110         0.0154 
BAR-estimator:      0.10000        0.15000        0.7007         3.9086         0.7007         0.0082         0.0174 
BAR-estimator:      0.15000        0.20000        0.4104         4.3190         0.4104         0.0065         0.0186 
BAR-estimator:      0.20000        0.25000        0.2265         4.5455         0.2265         0.0053         0.0193 
BAR-estimator:      0.25000        0.30000        0.1352         4.6807         0.1352         0.0048         0.0199 
BAR-estimator:      0.30000        0.35000        0.0465         4.7272         0.0465         0.0050         0.0205 
BAR-estimator:      0.35000        0.40000       -0.0005         4.7267        -0.0005         0.0045         0.0210 
BAR-estimator:      0.40000        0.45000       -0.0511         4.6756        -0.0511         0.0036         0.0213 
BAR-estimator:      0.45000        0.50000       -0.0747         4.6009        -0.0747         0.0033         0.0216 
BAR-estimator:      0.50000        0.55000       -0.1708         4.4301        -0.1708         0.0039         0.0219 
BAR-estimator:      0.55000        0.60000       -0.3433         4.0867        -0.3433         0.0038         0.0223 
BAR-estimator:      0.60000        0.65000       -0.4945         3.5922        -0.4945         0.0040         0.0226 
BAR-estimator:      0.65000        0.70000       -0.6140         2.9782        -0.6140         0.0040         0.0230 
BAR-estimator:      0.70000        0.75000       -0.7044         2.2738        -0.7044         0.0035         0.0232 
BAR-estimator:      0.75000        0.80000       -0.7600         1.5138        -0.7600         0.0038         0.0235 
BAR-estimator:      0.80000        0.85000       -0.7865         0.7273        -0.7865         0.0039         0.0239 
BAR-estimator:      0.85000        0.90000       -0.7951        -0.0678        -0.7951         0.0041         0.0242 
BAR-estimator:      0.90000        0.95000       -0.8062        -0.8740        -0.8062         0.0038         0.0245 
BAR-estimator:      0.95000        1.00000       -0.8053        -1.6792        -0.8053         0.0039         0.0248 
BAR-estimator: total free energy change is -1.6792499521686763 , total error is 0.02482866532435159
