#========================================================================================
#                     Free energy perturbation    
#----------------------------------------------------------------------------------------
#forward/backward          λ              ΔΔA                 ΔA                  δε   
#                                                 
#----------------------------------------------------------------------------------------
forward:               0.0000              0.0000              0.0000              0.0000  
forward:               0.0500              1.6454              1.6454              0.0255  
forward:               0.1000              0.8774              2.5229              0.0296  
forward:               0.1500              0.5116              3.0345              0.0324  
forward:               0.2000              0.2901              3.3246              0.0334  
forward:               0.2500              0.1982              3.5228              0.0343  
forward:               0.3000              0.0882              3.6110              0.0349  
forward:               0.3500              0.0447              3.6557              0.0355  
forward:               0.4000              0.0003              3.6560              0.0359  
forward:               0.4500             -0.0221              3.6339              0.0362  
forward:               0.5000             -0.0407              3.5932              0.0365  
forward:               0.5500             -0.0827              3.5105              0.0368  
forward:               0.6000             -0.1254              3.3851              0.0371  
forward:               0.6500             -0.1686              3.2165              0.0374  
forward:               0.7000             -0.1979              3.0187              0.0375  
forward:               0.7500             -0.2213              2.7974              0.0377  
forward:               0.8000             -0.2485              2.5488              0.0379  
forward:               0.8500             -0.2660              2.2829              0.0381  
forward:               0.9000             -0.2887              1.9942              0.0383  
forward:               0.9500             -0.3092              1.6850              0.0385  
forward:               1.0000             -0.3179              1.3671              0.0386  
backward:              1.0000              0.0000              1.3671              0.0000  
backward:              0.9500              0.3197              1.6868              0.0043  
backward:              0.9000              0.3061              1.9929              0.0059  
backward:              0.8500              0.2890              2.2820              0.0075  
backward:              0.8000              0.2605              2.5425              0.0078  
backward:              0.7500              0.2512              2.7938              0.0090  
backward:              0.7000              0.2228              3.0166              0.0102  
backward:              0.6500              0.2006              3.2172              0.0113  
backward:              0.6000              0.1597              3.3769              0.0124  
backward:              0.5500              0.1387              3.5156              0.0134  
backward:              0.5000              0.0728              3.5884              0.0147  
backward:              0.4500              0.0413              3.6296              0.0158  
backward:              0.4000              0.0165              3.6461              0.0172  
backward:              0.3500             -0.0079              3.6382              0.0183  
backward:              0.3000             -0.0354              3.6028              0.0192  
backward:              0.2500             -0.1018              3.5010              0.0209  
backward:              0.2000             -0.1777              3.3233              0.0224  
backward:              0.1500             -0.3040              3.0193              0.0256  
backward:              0.1000             -0.5208              2.4985              0.0291  
backward:              0.0500             -0.8686              1.6299              0.0423  
backward:              0.0000             -1.6533             -0.0234              0.0726  
Inaccuracy estimation
======================================================================================================
                   i        i+δi          P0_overlap_P1   δε(forward)/ε   δε(backward)/ε
======================================================================================================
inaccuracy:  0.00000        0.05000           34.93           -0.03            2.24
inaccuracy:  0.05000        0.10000           47.74           -0.03            0.97
inaccuracy:  0.10000        0.15000           57.13           -0.02            0.51
inaccuracy:  0.15000        0.20000           64.83           -0.02            0.30
inaccuracy:  0.20000        0.25000           65.41           -0.02            0.23
inaccuracy:  0.25000        0.30000           69.93           -0.01            0.17
inaccuracy:  0.30000        0.35000           71.16           -0.02            0.16
inaccuracy:  0.35000        0.40000           73.19           -0.01            0.12
inaccuracy:  0.40000        0.45000           73.09           -0.02            0.12
inaccuracy:  0.45000        0.50000           73.00           -0.02            0.11
inaccuracy:  0.50000        0.55000           72.55           -0.02            0.11
inaccuracy:  0.55000        0.60000           71.84           -0.03            0.11
inaccuracy:  0.60000        0.65000           73.22           -0.02            0.09
inaccuracy:  0.65000        0.70000           73.30           -0.02            0.09
inaccuracy:  0.70000        0.75000           73.20           -0.03            0.09
inaccuracy:  0.75000        0.80000           73.12           -0.03            0.08
inaccuracy:  0.80000        0.85000           73.74           -0.03            0.08
inaccuracy:  0.85000        0.90000           73.76           -0.03            0.08
inaccuracy:  0.90000        0.95000           74.22           -0.03            0.08
inaccuracy:  0.95000        1.00000           74.12           -0.04            0.08
===================================================================================================================================
                BAR        
-----------------------------------------------------------------------------------------------------------------------------------
BAR-estimator:         λ             λ+δλ          ΔΔA             ΔA            C               Δδe            δe       
                          
-----------------------------------------------------------------------------------------------------------------------------------
BAR-estimator:      0.00000        0.05000        1.6410         1.6410         1.6410         0.0140         0.0140 
BAR-estimator:      0.05000        0.10000        0.8756         2.5166         0.8756         0.0084         0.0163 
BAR-estimator:      0.10000        0.15000        0.5157         3.0322         0.5157         0.0080         0.0182 
BAR-estimator:      0.15000        0.20000        0.2967         3.3289         0.2967         0.0053         0.0189 
BAR-estimator:      0.20000        0.25000        0.1928         3.5217         0.1928         0.0052         0.0196 
BAR-estimator:      0.25000        0.30000        0.0931         3.6148         0.0931         0.0055         0.0204 
BAR-estimator:      0.30000        0.35000        0.0441         3.6589         0.0441         0.0043         0.0208 
BAR-estimator:      0.35000        0.40000        0.0027         3.6616         0.0027         0.0033         0.0211 
BAR-estimator:      0.40000        0.45000       -0.0204         3.6412        -0.0204         0.0035         0.0214 
BAR-estimator:      0.45000        0.50000       -0.0425         3.5987        -0.0425         0.0034         0.0217 
BAR-estimator:      0.50000        0.55000       -0.0780         3.5207        -0.0780         0.0033         0.0219 
BAR-estimator:      0.55000        0.60000       -0.1301         3.3907        -0.1301         0.0033         0.0222 
BAR-estimator:      0.60000        0.65000       -0.1663         3.2244        -0.1663         0.0030         0.0224 
BAR-estimator:      0.65000        0.70000       -0.1989         3.0254        -0.1989         0.0028         0.0225 
BAR-estimator:      0.70000        0.75000       -0.2226         2.8028        -0.2226         0.0031         0.0227 
BAR-estimator:      0.75000        0.80000       -0.2507         2.5522        -0.2507         0.0033         0.0230 
BAR-estimator:      0.80000        0.85000       -0.2654         2.2868        -0.2654         0.0038         0.0233 
BAR-estimator:      0.85000        0.90000       -0.2885         1.9983        -0.2885         0.0031         0.0235 
BAR-estimator:      0.90000        0.95000       -0.3069         1.6914        -0.3069         0.0031         0.0237 
BAR-estimator:      0.95000        1.00000       -0.3176         1.3738        -0.3176         0.0033         0.0239 
BAR-estimator: total free energy change is 1.373779308996131 , total error is 0.023934849844618793
