#========================================================================================
#                     Free energy perturbation    
#----------------------------------------------------------------------------------------
#forward/backward          λ              ΔΔA                 ΔA                  δε   
#                                                 
#----------------------------------------------------------------------------------------
forward:               0.0000              0.0000              0.0000              0.0000  
forward:               0.0500              2.9449              2.9449              0.0668  
forward:               0.1000              1.4753              4.4202              0.0725  
forward:               0.1500              0.6807              5.1009              0.0741  
forward:               0.2000              0.2333              5.3342              0.0750  
forward:               0.2500              0.0620              5.3962              0.0755  
forward:               0.3000             -0.0436              5.3526              0.0759  
forward:               0.3500             -0.1416              5.2110              0.0761  
forward:               0.4000             -0.2070              5.0040              0.0764  
forward:               0.4500             -0.2360              4.7680              0.0765  
forward:               0.5000             -0.2778              4.4903              0.0766  
forward:               0.5500             -0.5667              3.9236              0.0773  
forward:               0.6000             -1.1087              2.8148              0.0778  
forward:               0.6500             -1.5709              1.2439              0.0785  
forward:               0.7000             -1.9217             -0.6778              0.0793  
forward:               0.7500             -2.1697             -2.8475              0.0798  
forward:               0.8000             -2.3189             -5.1664              0.0804  
forward:               0.8500             -2.4097             -7.5762              0.0806  
forward:               0.9000             -2.4367            -10.0129              0.0809  
forward:               0.9500             -2.4528            -12.4656              0.0811  
forward:               1.0000             -2.4809            -14.9465              0.0814  
backward:              1.0000              0.0000            -14.9465              0.0000  
backward:              0.9500              2.4548            -12.4918              0.0096  
backward:              0.9000              2.4465            -10.0452              0.0142  
backward:              0.8500              2.4366             -7.6087              0.0175  
backward:              0.8000              2.3924             -5.2163              0.0197  
backward:              0.7500              2.3175             -2.8987              0.0225  
backward:              0.7000              2.1779             -0.7208              0.0246  
backward:              0.6500              1.9224              1.2016              0.0270  
backward:              0.6000              1.5645              2.7661              0.0291  
backward:              0.5500              1.0852              3.8513              0.0308  
backward:              0.5000              0.5694              4.4207              0.0331  
backward:              0.4500              0.2730              4.6937              0.0336  
backward:              0.4000              0.2321              4.9258              0.0344  
backward:              0.3500              0.1917              5.1175              0.0351  
backward:              0.3000              0.1409              5.2584              0.0358  
backward:              0.2500              0.0590              5.3175              0.0370  
backward:              0.2000             -0.0406              5.2769              0.0381  
backward:              0.1500             -0.2488              5.0281              0.0410  
backward:              0.1000             -0.6667              4.3614              0.0565  
backward:              0.0500             -1.4420              2.9194              0.0694  
backward:              0.0000             -2.9538             -0.0344              0.1138  
Inaccuracy estimation
======================================================================================================
                   i        i+δi          P0_overlap_P1   δε(forward)/ε   δε(backward)/ε
======================================================================================================
inaccuracy:  0.00000        0.05000           20.75            0.20            4.17
inaccuracy:  0.05000        0.10000           32.99           -0.09            2.20
inaccuracy:  0.10000        0.15000           45.00           -0.06            1.02
inaccuracy:  0.15000        0.20000           57.39           -0.04            0.46
inaccuracy:  0.20000        0.25000           61.20           -0.03            0.30
inaccuracy:  0.25000        0.30000           64.78           -0.04            0.22
inaccuracy:  0.30000        0.35000           68.12           -0.03            0.16
inaccuracy:  0.35000        0.40000           70.27           -0.03            0.13
inaccuracy:  0.40000        0.45000           70.49           -0.03            0.13
inaccuracy:  0.45000        0.50000           71.02           -0.03            0.11
inaccuracy:  0.50000        0.55000           54.56           -0.24            0.25
inaccuracy:  0.55000        0.60000           56.96           -0.29            0.09
inaccuracy:  0.60000        0.65000           55.47           -0.34            0.02
inaccuracy:  0.65000        0.70000           56.38           -0.35           -0.04
inaccuracy:  0.70000        0.75000           56.96           -0.35           -0.08
inaccuracy:  0.75000        0.80000           57.75           -0.33           -0.10
inaccuracy:  0.80000        0.85000           56.81           -0.35           -0.09
inaccuracy:  0.85000        0.90000           55.47           -0.40           -0.10
inaccuracy:  0.90000        0.95000           55.88           -0.38           -0.10
inaccuracy:  0.95000        1.00000           55.31           -0.31           -0.09
===================================================================================================================================
                BAR        
-----------------------------------------------------------------------------------------------------------------------------------
BAR-estimator:         λ             λ+δλ          ΔΔA             ΔA            C               Δδe            δe       
                          
-----------------------------------------------------------------------------------------------------------------------------------
BAR-estimator:      0.00000        0.05000        2.9756         2.9756         2.9756         0.0176         0.0176 
BAR-estimator:      0.05000        0.10000        1.4879         4.4635         1.4879         0.0152         0.0232 
BAR-estimator:      0.10000        0.15000        0.6771         5.1407         0.6771         0.0111         0.0258 
BAR-estimator:      0.15000        0.20000        0.2424         5.3831         0.2424         0.0068         0.0267 
BAR-estimator:      0.20000        0.25000        0.0561         5.4391         0.0561         0.0059         0.0273 
BAR-estimator:      0.25000        0.30000       -0.0492         5.3899        -0.0492         0.0051         0.0278 
BAR-estimator:      0.30000        0.35000       -0.1413         5.2486        -0.1413         0.0046         0.0281 
BAR-estimator:      0.35000        0.40000       -0.2011         5.0474        -0.2011         0.0043         0.0285 
BAR-estimator:      0.40000        0.45000       -0.2347         4.8127        -0.2347         0.0043         0.0288 
BAR-estimator:      0.45000        0.50000       -0.2760         4.5368        -0.2760         0.0033         0.0290 
BAR-estimator:      0.50000        0.55000       -0.5658         3.9709        -0.5658         0.0054         0.0295 
BAR-estimator:      0.55000        0.60000       -1.0996         2.8713        -1.0996         0.0058         0.0300 
BAR-estimator:      0.60000        0.65000       -1.5666         1.3047        -1.5666         0.0056         0.0306 
BAR-estimator:      0.65000        0.70000       -1.9205        -0.6158        -1.9205         0.0058         0.0311 
BAR-estimator:      0.70000        0.75000       -2.1764        -2.7922        -2.1764         0.0054         0.0316 
BAR-estimator:      0.75000        0.80000       -2.3180        -5.1102        -2.3180         0.0057         0.0321 
BAR-estimator:      0.80000        0.85000       -2.4051        -7.5152        -2.4051         0.0048         0.0324 
BAR-estimator:      0.85000        0.90000       -2.4417        -9.9570        -2.4417         0.0045         0.0327 
BAR-estimator:      0.90000        0.95000       -2.4559       -12.4129        -2.4559         0.0070         0.0335 
BAR-estimator:      0.95000        1.00000       -2.4701       -14.8830        -2.4701         0.0054         0.0339 
BAR-estimator: total free energy change is -14.88301349662162 , total error is 0.03392771747289417
