#========================================================================================
#                     Free energy perturbation    
#----------------------------------------------------------------------------------------
#forward/backward          λ              ΔΔA                 ΔA                  δε   
#                                                 
#----------------------------------------------------------------------------------------
forward:               0.0000              0.0000              0.0000              0.0000  
forward:               0.0500              1.3896              1.3896              0.0160  
forward:               0.1000              0.8569              2.2465              0.0210  
forward:               0.1500              0.4803              2.7268              0.0229  
forward:               0.2000              0.2642              2.9910              0.0245  
forward:               0.2500              0.1484              3.1395              0.0254  
forward:               0.3000              0.0624              3.2019              0.0260  
forward:               0.3500              0.0085              3.2104              0.0265  
forward:               0.4000             -0.0319              3.1785              0.0269  
forward:               0.4500             -0.0744              3.1041              0.0273  
forward:               0.5000             -0.0840              3.0200              0.0276  
forward:               0.5500             -0.1506              2.8694              0.0279  
forward:               0.6000             -0.2419              2.6276              0.0283  
forward:               0.6500             -0.3282              2.2993              0.0286  
forward:               0.7000             -0.3935              1.9058              0.0289  
forward:               0.7500             -0.4480              1.4578              0.0292  
forward:               0.8000             -0.4990              0.9588              0.0295  
forward:               0.8500             -0.5297              0.4291              0.0297  
forward:               0.9000             -0.5539             -0.1248              0.0300  
forward:               0.9500             -0.5845             -0.7093              0.0301  
forward:               1.0000             -0.5990             -1.3083              0.0303  
backward:              1.0000              0.0000             -1.3083              0.0000  
backward:              0.9500              0.5937             -0.7146              0.0045  
backward:              0.9000              0.5843             -0.1303              0.0068  
backward:              0.8500              0.5610              0.4307              0.0079  
backward:              0.8000              0.5344              0.9651              0.0095  
backward:              0.7500              0.4993              1.4643              0.0106  
backward:              0.7000              0.4548              1.9192              0.0117  
backward:              0.6500              0.3856              2.3047              0.0128  
backward:              0.6000              0.3328              2.6376              0.0138  
backward:              0.5500              0.2438              2.8813              0.0149  
backward:              0.5000              0.1591              3.0404              0.0159  
backward:              0.4500              0.0744              3.1148              0.0168  
backward:              0.4000              0.0678              3.1826              0.0177  
backward:              0.3500              0.0382              3.2208              0.0187  
backward:              0.3000             -0.0051              3.2157              0.0198  
backward:              0.2500             -0.0561              3.1596              0.0210  
backward:              0.2000             -0.1480              3.0116              0.0228  
backward:              0.1500             -0.2787              2.7329              0.0259  
backward:              0.1000             -0.4796              2.2533              0.0307  
backward:              0.0500             -0.8273              1.4261              0.0351  
backward:              0.0000             -1.3014              0.1247              0.0423  
Inaccuracy estimation
======================================================================================================
                   i        i+δi          P0_overlap_P1   δε(forward)/ε   δε(backward)/ε
======================================================================================================
inaccuracy:  0.00000        0.05000           40.05           -0.04            1.42
inaccuracy:  0.05000        0.10000           47.66           -0.05            0.92
inaccuracy:  0.10000        0.15000           56.70           -0.03            0.55
inaccuracy:  0.15000        0.20000           62.70           -0.03            0.34
inaccuracy:  0.20000        0.25000           66.25           -0.01            0.23
inaccuracy:  0.25000        0.30000           69.03           -0.02            0.18
inaccuracy:  0.30000        0.35000           70.10           -0.02            0.15
inaccuracy:  0.35000        0.40000           71.92           -0.02            0.14
inaccuracy:  0.40000        0.45000           73.11           -0.02            0.12
inaccuracy:  0.45000        0.50000           73.38           -0.02            0.11
inaccuracy:  0.50000        0.55000           69.35           -0.04            0.12
inaccuracy:  0.55000        0.60000           70.35           -0.04            0.10
inaccuracy:  0.60000        0.65000           71.11           -0.05            0.09
inaccuracy:  0.65000        0.70000           72.00           -0.04            0.08
inaccuracy:  0.70000        0.75000           70.82           -0.05            0.08
inaccuracy:  0.75000        0.80000           71.26           -0.05            0.07
inaccuracy:  0.80000        0.85000           71.20           -0.06            0.07
inaccuracy:  0.85000        0.90000           70.29           -0.05            0.07
inaccuracy:  0.90000        0.95000           70.58           -0.05            0.07
inaccuracy:  0.95000        1.00000           71.08           -0.06            0.07
===================================================================================================================================
                BAR        
-----------------------------------------------------------------------------------------------------------------------------------
BAR-estimator:         λ             λ+δλ          ΔΔA             ΔA            C               Δδe            δe       
                          
-----------------------------------------------------------------------------------------------------------------------------------
BAR-estimator:      0.00000        0.05000        1.3665         1.3665         1.3665         0.0084         0.0084 
BAR-estimator:      0.05000        0.10000        0.8420         2.2084         0.8420         0.0078         0.0115 
BAR-estimator:      0.10000        0.15000        0.4866         2.6950         0.4866         0.0057         0.0128 
BAR-estimator:      0.15000        0.20000        0.2674         2.9624         0.2674         0.0057         0.0140 
BAR-estimator:      0.20000        0.25000        0.1457         3.1081         0.1457         0.0045         0.0147 
BAR-estimator:      0.25000        0.30000        0.0609         3.1690         0.0609         0.0039         0.0152 
BAR-estimator:      0.30000        0.35000        0.0063         3.1754         0.0063         0.0035         0.0156 
BAR-estimator:      0.35000        0.40000       -0.0334         3.1420        -0.0334         0.0033         0.0160 
BAR-estimator:      0.40000        0.45000       -0.0714         3.0706        -0.0714         0.0032         0.0163 
BAR-estimator:      0.45000        0.50000       -0.0821         2.9884        -0.0821         0.0022         0.0165 
BAR-estimator:      0.50000        0.55000       -0.1551         2.8334        -0.1551         0.0032         0.0168 
BAR-estimator:      0.55000        0.60000       -0.2439         2.5895        -0.2439         0.0032         0.0171 
BAR-estimator:      0.60000        0.65000       -0.3281         2.2614        -0.3281         0.0030         0.0173 
BAR-estimator:      0.65000        0.70000       -0.3920         1.8694        -0.3920         0.0030         0.0176 
BAR-estimator:      0.70000        0.75000       -0.4490         1.4204        -0.4490         0.0032         0.0179 
BAR-estimator:      0.75000        0.80000       -0.4998         0.9206        -0.4998         0.0031         0.0181 
BAR-estimator:      0.80000        0.85000       -0.5303         0.3903        -0.5303         0.0032         0.0184 
BAR-estimator:      0.85000        0.90000       -0.5555        -0.1651        -0.5555         0.0034         0.0187 
BAR-estimator:      0.90000        0.95000       -0.5838        -0.7489        -0.5838         0.0033         0.0190 
BAR-estimator:      0.95000        1.00000       -0.5968        -1.3457        -0.5968         0.0033         0.0193 
BAR-estimator: total free energy change is -1.3457034686747864 , total error is 0.019325331516475093
