#========================================================================================
#                     Free energy perturbation    
#----------------------------------------------------------------------------------------
#forward/backward          λ              ΔΔA                 ΔA                  δε   
#                                                 
#----------------------------------------------------------------------------------------
forward:               0.0000              0.0000              0.0000              0.0000  
forward:               0.0500              2.8240              2.8240              0.0300  
forward:               0.1000              1.5683              4.3923              0.0377  
forward:               0.1500              0.7620              5.1543              0.0406  
forward:               0.2000              0.3609              5.5152              0.0420  
forward:               0.2500              0.1557              5.6709              0.0427  
forward:               0.3000              0.0222              5.6931              0.0432  
forward:               0.3500             -0.0614              5.6318              0.0436  
forward:               0.4000             -0.1167              5.5151              0.0441  
forward:               0.4500             -0.1573              5.3578              0.0444  
forward:               0.5000             -0.2047              5.1531              0.0446  
forward:               0.5500             -0.4066              4.7464              0.0452  
forward:               0.6000             -0.7341              4.0124              0.0457  
forward:               0.6500             -1.0356              2.9768              0.0463  
forward:               0.7000             -1.2613              1.7154              0.0469  
forward:               0.7500             -1.4650              0.2505              0.0476  
forward:               0.8000             -1.5657             -1.3152              0.0480  
forward:               0.8500             -1.6754             -2.9906              0.0488  
forward:               0.9000             -1.7348             -4.7255              0.0495  
forward:               0.9500             -1.7861             -6.5116              0.0507  
forward:               1.0000             -1.8427             -8.3542              0.0526  
backward:              1.0000              0.0000             -8.3542              0.0000  
backward:              0.9500              1.8604             -6.4938              0.0134  
backward:              0.9000              1.7697             -4.7242              0.0159  
backward:              0.8500              1.7049             -3.0192              0.0192  
backward:              0.8000              1.6689             -1.3503              0.0213  
backward:              0.7500              1.5795              0.2292              0.0239  
backward:              0.7000              1.4654              1.6946              0.0252  
backward:              0.6500              1.2586              2.9532              0.0270  
backward:              0.6000              1.0125              3.9658              0.0364  
backward:              0.5500              0.7429              4.7087              0.0378  
backward:              0.5000              0.4175              5.1262              0.0387  
backward:              0.4500              0.2068              5.3330              0.0391  
backward:              0.4000              0.1562              5.4892              0.0395  
backward:              0.3500              0.1351              5.6243              0.0401  
backward:              0.3000              0.0563              5.6806              0.0409  
backward:              0.2500             -0.0377              5.6428              0.0422  
backward:              0.2000             -0.1694              5.4735              0.0444  
backward:              0.1500             -0.3769              5.0965              0.0469  
backward:              0.1000             -0.7568              4.3398              0.0513  
backward:              0.0500             -1.4770              2.8628              0.0754  
backward:              0.0000             -2.7513              0.1114              0.0945  
Inaccuracy estimation
======================================================================================================
                   i        i+δi          P0_overlap_P1   δε(forward)/ε   δε(backward)/ε
======================================================================================================
inaccuracy:  0.00000        0.05000           22.78            0.16            3.97
inaccuracy:  0.05000        0.10000           32.36           -0.07            2.25
inaccuracy:  0.10000        0.15000           46.52           -0.06            0.97
inaccuracy:  0.15000        0.20000           55.17           -0.04            0.48
inaccuracy:  0.20000        0.25000           61.44           -0.04            0.30
inaccuracy:  0.25000        0.30000           64.82           -0.03            0.24
inaccuracy:  0.30000        0.35000           66.74           -0.03            0.18
inaccuracy:  0.35000        0.40000           67.08           -0.03            0.16
inaccuracy:  0.40000        0.45000           69.15           -0.03            0.14
inaccuracy:  0.45000        0.50000           70.26           -0.04            0.11
inaccuracy:  0.50000        0.55000           59.94           -0.16            0.18
inaccuracy:  0.55000        0.60000           60.05           -0.17            0.11
inaccuracy:  0.60000        0.65000           59.84           -0.20            0.07
inaccuracy:  0.65000        0.70000           60.46           -0.23            0.04
inaccuracy:  0.70000        0.75000           61.78           -0.20            0.01
inaccuracy:  0.75000        0.80000           60.80           -0.21            0.00
inaccuracy:  0.80000        0.85000           60.80           -0.19           -0.01
inaccuracy:  0.85000        0.90000           60.74           -0.25           -0.00
inaccuracy:  0.90000        0.95000           59.69           -0.26           -0.01
inaccuracy:  0.95000        1.00000           57.14           -0.25           -0.01
===================================================================================================================================
                BAR        
-----------------------------------------------------------------------------------------------------------------------------------
BAR-estimator:         λ             λ+δλ          ΔΔA             ΔA            C               Δδe            δe       
                          
-----------------------------------------------------------------------------------------------------------------------------------
BAR-estimator:      0.00000        0.05000        2.8096         2.8096         2.8096         0.0166         0.0166 
BAR-estimator:      0.05000        0.10000        1.5572         4.3668         1.5572         0.0162         0.0232 
BAR-estimator:      0.10000        0.15000        0.7674         5.1342         0.7674         0.0100         0.0252 
BAR-estimator:      0.15000        0.20000        0.3621         5.4964         0.3621         0.0073         0.0263 
BAR-estimator:      0.20000        0.25000        0.1560         5.6524         0.1560         0.0055         0.0268 
BAR-estimator:      0.25000        0.30000        0.0293         5.6817         0.0293         0.0046         0.0272 
BAR-estimator:      0.30000        0.35000       -0.0590         5.6227        -0.0590         0.0032         0.0274 
BAR-estimator:      0.35000        0.40000       -0.1221         5.5006        -0.1221         0.0042         0.0277 
BAR-estimator:      0.40000        0.45000       -0.1557         5.3449        -0.1557         0.0036         0.0280 
BAR-estimator:      0.45000        0.50000       -0.2060         5.1389        -0.2060         0.0035         0.0282 
BAR-estimator:      0.50000        0.55000       -0.4082         4.7307        -0.4082         0.0044         0.0285 
BAR-estimator:      0.55000        0.60000       -0.7369         3.9938        -0.7369         0.0040         0.0288 
BAR-estimator:      0.60000        0.65000       -1.0333         2.9604        -1.0333         0.0045         0.0292 
BAR-estimator:      0.65000        0.70000       -1.2652         1.6952        -1.2652         0.0045         0.0295 
BAR-estimator:      0.70000        0.75000       -1.4627         0.2325        -1.4627         0.0048         0.0299 
BAR-estimator:      0.75000        0.80000       -1.5730        -1.3405        -1.5730         0.0044         0.0302 
BAR-estimator:      0.80000        0.85000       -1.6683        -3.0088        -1.6683         0.0051         0.0306 
BAR-estimator:      0.85000        0.90000       -1.7323        -4.7412        -1.7323         0.0045         0.0310 
BAR-estimator:      0.90000        0.95000       -1.7880        -6.5292        -1.7880         0.0063         0.0316 
BAR-estimator:      0.95000        1.00000       -1.8527        -8.3819        -1.8527         0.0073         0.0324 
BAR-estimator: total free energy change is -8.381889585536632 , total error is 0.03242451139186714
