#========================================================================================
#                     Free energy perturbation    
#----------------------------------------------------------------------------------------
#forward/backward          λ              ΔΔA                 ΔA                  δε   
#                                                 
#----------------------------------------------------------------------------------------
forward:               0.0000              0.0000              0.0000              0.0000  
forward:               0.0500              1.6363              1.6363              0.0214  
forward:               0.1000              0.8366              2.4729              0.0269  
forward:               0.1500              0.4408              2.9137              0.0286  
forward:               0.2000              0.2354              3.1491              0.0298  
forward:               0.2500              0.1349              3.2840              0.0306  
forward:               0.3000              0.0799              3.3639              0.0311  
forward:               0.3500              0.0258              3.3897              0.0316  
forward:               0.4000              0.0026              3.3923              0.0319  
forward:               0.4500             -0.0272              3.3651              0.0322  
forward:               0.5000             -0.0511              3.3140              0.0325  
forward:               0.5500             -0.1224              3.1917              0.0329  
forward:               0.6000             -0.2562              2.9354              0.0331  
forward:               0.6500             -0.3603              2.5751              0.0335  
forward:               0.7000             -0.4424              2.1328              0.0338  
forward:               0.7500             -0.4981              1.6347              0.0341  
forward:               0.8000             -0.5359              1.0988              0.0344  
forward:               0.8500             -0.5840              0.5148              0.0347  
forward:               0.9000             -0.6022             -0.0874              0.0350  
forward:               0.9500             -0.6169             -0.7043              0.0354  
forward:               1.0000             -0.6391             -1.3434              0.0356  
backward:              1.0000              0.0000             -1.3434              0.0000  
backward:              0.9500              0.6364             -0.7070              0.0049  
backward:              0.9000              0.6130             -0.0940              0.0067  
backward:              0.8500              0.6087              0.5147              0.0087  
backward:              0.8000              0.5855              1.1001              0.0099  
backward:              0.7500              0.5462              1.6464              0.0104  
backward:              0.7000              0.4995              2.1459              0.0115  
backward:              0.6500              0.4280              2.5739              0.0130  
backward:              0.6000              0.3496              2.9235              0.0141  
backward:              0.5500              0.2596              3.1831              0.0153  
backward:              0.5000              0.1109              3.2940              0.0170  
backward:              0.4500              0.0534              3.3474              0.0178  
backward:              0.4000              0.0254              3.3728              0.0184  
backward:              0.3500              0.0061              3.3789              0.0192  
backward:              0.3000             -0.0343              3.3446              0.0201  
backward:              0.2500             -0.0781              3.2665              0.0212  
backward:              0.2000             -0.1476              3.1189              0.0226  
backward:              0.1500             -0.2444              2.8745              0.0242  
backward:              0.1000             -0.4519              2.4226              0.0309  
backward:              0.0500             -0.7828              1.6399              0.0400  
backward:              0.0000             -1.5680              0.0719              0.0563  
Inaccuracy estimation
======================================================================================================
                   i        i+δi          P0_overlap_P1   δε(forward)/ε   δε(backward)/ε
======================================================================================================
inaccuracy:  0.00000        0.05000           35.58           -0.03            1.89
inaccuracy:  0.05000        0.10000           47.65           -0.04            0.97
inaccuracy:  0.10000        0.15000           59.49           -0.01            0.44
inaccuracy:  0.15000        0.20000           67.71           -0.01            0.27
inaccuracy:  0.20000        0.25000           71.22           -0.01            0.18
inaccuracy:  0.25000        0.30000           72.43           -0.01            0.14
inaccuracy:  0.30000        0.35000           75.14           -0.01            0.11
inaccuracy:  0.35000        0.40000           74.58           -0.01            0.11
inaccuracy:  0.40000        0.45000           75.98           -0.01            0.09
inaccuracy:  0.45000        0.50000           76.43           -0.01            0.09
inaccuracy:  0.50000        0.55000           70.90           -0.04            0.12
inaccuracy:  0.55000        0.60000           72.03           -0.05            0.09
inaccuracy:  0.60000        0.65000           73.72           -0.05            0.07
inaccuracy:  0.65000        0.70000           73.70           -0.04            0.06
inaccuracy:  0.70000        0.75000           73.33           -0.05            0.06
inaccuracy:  0.75000        0.80000           72.29           -0.05            0.05
inaccuracy:  0.80000        0.85000           72.53           -0.05            0.06
inaccuracy:  0.85000        0.90000           71.81           -0.05            0.06
inaccuracy:  0.90000        0.95000           72.64           -0.05            0.06
inaccuracy:  0.95000        1.00000           72.25           -0.05            0.06
===================================================================================================================================
                BAR        
-----------------------------------------------------------------------------------------------------------------------------------
BAR-estimator:         λ             λ+δλ          ΔΔA             ΔA            C               Δδe            δe       
                          
-----------------------------------------------------------------------------------------------------------------------------------
BAR-estimator:      0.00000        0.05000        1.6068         1.6068         1.6068         0.0138         0.0138 
BAR-estimator:      0.05000        0.10000        0.8201         2.4269         0.8201         0.0102         0.0172 
BAR-estimator:      0.10000        0.15000        0.4394         2.8663         0.4394         0.0065         0.0184 
BAR-estimator:      0.15000        0.20000        0.2421         3.1084         0.2421         0.0055         0.0192 
BAR-estimator:      0.20000        0.25000        0.1401         3.2485         0.1401         0.0044         0.0197 
BAR-estimator:      0.25000        0.30000        0.0793         3.3278         0.0793         0.0038         0.0201 
BAR-estimator:      0.30000        0.35000        0.0312         3.3590         0.0312         0.0035         0.0204 
BAR-estimator:      0.35000        0.40000       -0.0013         3.3577        -0.0013         0.0032         0.0206 
BAR-estimator:      0.40000        0.45000       -0.0266         3.3311        -0.0266         0.0032         0.0209 
BAR-estimator:      0.45000        0.50000       -0.0523         3.2788        -0.0523         0.0031         0.0211 
BAR-estimator:      0.50000        0.55000       -0.1192         3.1595        -0.1192         0.0034         0.0214 
BAR-estimator:      0.55000        0.60000       -0.2583         2.9012        -0.2583         0.0032         0.0216 
BAR-estimator:      0.60000        0.65000       -0.3567         2.5445        -0.3567         0.0039         0.0219 
BAR-estimator:      0.65000        0.70000       -0.4366         2.1080        -0.4366         0.0033         0.0222 
BAR-estimator:      0.70000        0.75000       -0.4975         1.6105        -0.4975         0.0029         0.0224 
BAR-estimator:      0.75000        0.80000       -0.5415         1.0690        -0.5415         0.0032         0.0226 
BAR-estimator:      0.80000        0.85000       -0.5822         0.4868        -0.5822         0.0034         0.0229 
BAR-estimator:      0.85000        0.90000       -0.6035        -0.1167        -0.6035         0.0032         0.0231 
BAR-estimator:      0.90000        0.95000       -0.6151        -0.7318        -0.6151         0.0032         0.0233 
BAR-estimator:      0.95000        1.00000       -0.6368        -1.3686        -0.6368         0.0035         0.0236 
BAR-estimator: total free energy change is -1.3686110229684658 , total error is 0.02356512581577411
