#========================================================================================
#                     Free energy perturbation    
#----------------------------------------------------------------------------------------
#forward/backward          λ              ΔΔA                 ΔA                  δε   
#                                                 
#----------------------------------------------------------------------------------------
forward:               0.0000              0.0000              0.0000              0.0000  
forward:               0.0500              1.9811              1.9811              0.0369  
forward:               0.1000              1.1385              3.1196              0.0437  
forward:               0.1500              0.6218              3.7414              0.0485  
forward:               0.2000              0.3143              4.0557              0.0492  
forward:               0.2500              0.1697              4.2254              0.0499  
forward:               0.3000              0.0644              4.2898              0.0505  
forward:               0.3500              0.0045              4.2943              0.0509  
forward:               0.4000             -0.0493              4.2449              0.0512  
forward:               0.4500             -0.0850              4.1599              0.0515  
forward:               0.5000             -0.1186              4.0413              0.0519  
forward:               0.5500             -0.2270              3.8143              0.0522  
forward:               0.6000             -0.4418              3.3726              0.0526  
forward:               0.6500             -0.6178              2.7547              0.0530  
forward:               0.7000             -0.7685              1.9863              0.0533  
forward:               0.7500             -0.8691              1.1171              0.0536  
forward:               0.8000             -0.9405              0.1766              0.0540  
forward:               0.8500             -0.9766             -0.7999              0.0542  
forward:               0.9000             -0.9925             -1.7924              0.0544  
forward:               0.9500             -1.0036             -2.7960              0.0548  
forward:               1.0000             -0.9953             -3.7913              0.0550  
backward:              1.0000              0.0000             -3.7913              0.0000  
backward:              0.9500              0.9913             -2.7999              0.0092  
backward:              0.9000              1.0019             -1.7980              0.0112  
backward:              0.8500              0.9889             -0.8091              0.0130  
backward:              0.8000              0.9614              0.1523              0.0144  
backward:              0.7500              0.9427              1.0950              0.0158  
backward:              0.7000              0.8659              1.9609              0.0172  
backward:              0.6500              0.7667              2.7276              0.0184  
backward:              0.6000              0.6125              3.3401              0.0197  
backward:              0.5500              0.4425              3.7826              0.0212  
backward:              0.5000              0.2295              4.0122              0.0225  
backward:              0.4500              0.1253              4.1375              0.0232  
backward:              0.4000              0.0788              4.2162              0.0241  
backward:              0.3500              0.0490              4.2652              0.0251  
backward:              0.3000              0.0137              4.2789              0.0259  
backward:              0.2500             -0.0612              4.2177              0.0275  
backward:              0.2000             -0.1698              4.0479              0.0295  
backward:              0.1500             -0.3165              3.7314              0.0323  
backward:              0.1000             -0.6223              3.1091              0.0378  
backward:              0.0500             -1.1234              1.9857              0.0462  
backward:              0.0000             -2.0916             -0.1059              0.0821  
Inaccuracy estimation
======================================================================================================
                   i        i+δi          P0_overlap_P1   δε(forward)/ε   δε(backward)/ε
======================================================================================================
inaccuracy:  0.00000        0.05000           32.61           -0.01            2.22
inaccuracy:  0.05000        0.10000           40.76           -0.06            1.43
inaccuracy:  0.10000        0.15000           50.86           -0.04            0.74
inaccuracy:  0.15000        0.20000           58.88           -0.03            0.39
inaccuracy:  0.20000        0.25000           64.17           -0.03            0.28
inaccuracy:  0.25000        0.30000           66.89           -0.02            0.20
inaccuracy:  0.30000        0.35000           67.77           -0.02            0.17
inaccuracy:  0.35000        0.40000           69.84           -0.02            0.14
inaccuracy:  0.40000        0.45000           71.06           -0.03            0.13
inaccuracy:  0.45000        0.50000           71.07           -0.02            0.13
inaccuracy:  0.50000        0.55000           63.78           -0.08            0.16
inaccuracy:  0.55000        0.60000           64.89           -0.10            0.12
inaccuracy:  0.60000        0.65000           65.52           -0.10            0.09
inaccuracy:  0.65000        0.70000           65.19           -0.11            0.07
inaccuracy:  0.70000        0.75000           66.06           -0.10            0.06
inaccuracy:  0.75000        0.80000           66.43           -0.10            0.06
inaccuracy:  0.80000        0.85000           66.90           -0.09            0.06
inaccuracy:  0.85000        0.90000           65.88           -0.10            0.06
inaccuracy:  0.90000        0.95000           65.58           -0.11            0.06
inaccuracy:  0.95000        1.00000           64.10           -0.11            0.07
===================================================================================================================================
                BAR        
-----------------------------------------------------------------------------------------------------------------------------------
BAR-estimator:         λ             λ+δλ          ΔΔA             ΔA            C               Δδe            δe       
                          
-----------------------------------------------------------------------------------------------------------------------------------
BAR-estimator:      0.00000        0.05000        2.0269         2.0269         2.0269         0.0162         0.0162 
BAR-estimator:      0.05000        0.10000        1.1510         3.1779         1.1510         0.0119         0.0201 
BAR-estimator:      0.10000        0.15000        0.6275         3.8054         0.6275         0.0093         0.0222 
BAR-estimator:      0.15000        0.20000        0.3099         4.1153         0.3099         0.0066         0.0231 
BAR-estimator:      0.20000        0.25000        0.1688         4.2842         0.1688         0.0054         0.0238 
BAR-estimator:      0.25000        0.30000        0.0634         4.3476         0.0634         0.0050         0.0243 
BAR-estimator:      0.30000        0.35000       -0.0009         4.3466        -0.0009         0.0043         0.0247 
BAR-estimator:      0.35000        0.40000       -0.0496         4.2971        -0.0496         0.0046         0.0251 
BAR-estimator:      0.40000        0.45000       -0.0837         4.2133        -0.0837         0.0043         0.0255 
BAR-estimator:      0.45000        0.50000       -0.1192         4.0941        -0.1192         0.0040         0.0258 
BAR-estimator:      0.50000        0.55000       -0.2303         3.8638        -0.2303         0.0045         0.0262 
BAR-estimator:      0.55000        0.60000       -0.4386         3.4252        -0.4386         0.0041         0.0265 
BAR-estimator:      0.60000        0.65000       -0.6113         2.8140        -0.6113         0.0041         0.0268 
BAR-estimator:      0.65000        0.70000       -0.7691         2.0448        -0.7691         0.0042         0.0272 
BAR-estimator:      0.70000        0.75000       -0.8676         1.1772        -0.8676         0.0037         0.0274 
BAR-estimator:      0.75000        0.80000       -0.9425         0.2347        -0.9425         0.0041         0.0277 
BAR-estimator:      0.80000        0.85000       -0.9682        -0.7335        -0.9682         0.0044         0.0281 
BAR-estimator:      0.85000        0.90000       -0.9875        -1.7211        -0.9875         0.0045         0.0284 
BAR-estimator:      0.90000        0.95000       -1.0027        -2.7238        -1.0027         0.0041         0.0287 
BAR-estimator:      0.95000        1.00000       -0.9960        -3.7198        -0.9960         0.0041         0.0290 
BAR-estimator: total free energy change is -3.7197956105547565 , total error is 0.02899363123824245
