#========================================================================================
#                     Free energy perturbation    
#----------------------------------------------------------------------------------------
#forward/backward          λ              ΔΔA                 ΔA                  δε   
#                                                 
#----------------------------------------------------------------------------------------
forward:               0.0000              0.0000              0.0000              0.0000  
forward:               0.0500              1.5856              1.5856              0.0320  
forward:               0.1000              0.8867              2.4723              0.0365  
forward:               0.1500              0.4374              2.9098              0.0383  
forward:               0.2000              0.2309              3.1407              0.0395  
forward:               0.2500              0.1051              3.2458              0.0400  
forward:               0.3000              0.0229              3.2687              0.0404  
forward:               0.3500             -0.0169              3.2518              0.0406  
forward:               0.4000             -0.0595              3.1923              0.0409  
forward:               0.4500             -0.0909              3.1014              0.0412  
forward:               0.5000             -0.1084              2.9930              0.0414  
forward:               0.5500             -0.2476              2.7454              0.0418  
forward:               0.6000             -0.4903              2.2551              0.0420  
forward:               0.6500             -0.6754              1.5798              0.0424  
forward:               0.7000             -0.8111              0.7687              0.0427  
forward:               0.7500             -0.9267             -0.1580              0.0430  
forward:               0.8000             -1.0193             -1.1773              0.0434  
forward:               0.8500             -1.0647             -2.2420              0.0437  
forward:               0.9000             -1.1072             -3.3492              0.0439  
forward:               0.9500             -1.1275             -4.4767              0.0442  
forward:               1.0000             -1.1396             -5.6163              0.0444  
backward:              1.0000              0.0000             -5.6163              0.0000  
backward:              0.9500              1.1495             -4.4668              0.0061  
backward:              0.9000              1.1263             -3.3405              0.0091  
backward:              0.8500              1.1022             -2.2383              0.0111  
backward:              0.8000              1.0589             -1.1794              0.0124  
backward:              0.7500              1.0096             -0.1697              0.0136  
backward:              0.7000              0.9177              0.7480              0.0160  
backward:              0.6500              0.8209              1.5688              0.0172  
backward:              0.6000              0.6763              2.2451              0.0183  
backward:              0.5500              0.4910              2.7361              0.0194  
backward:              0.5000              0.2382              2.9743              0.0208  
backward:              0.4500              0.1127              3.0870              0.0215  
backward:              0.4000              0.0837              3.1707              0.0221  
backward:              0.3500              0.0606              3.2313              0.0228  
backward:              0.3000              0.0303              3.2616              0.0235  
backward:              0.2500             -0.0169              3.2447              0.0243  
backward:              0.2000             -0.0989              3.1458              0.0256  
backward:              0.1500             -0.2391              2.9066              0.0310  
backward:              0.1000             -0.4235              2.4831              0.0344  
backward:              0.0500             -0.8707              1.6124              0.0415  
backward:              0.0000             -1.5495              0.0629              0.0522  
Inaccuracy estimation
======================================================================================================
                   i        i+δi          P0_overlap_P1   δε(forward)/ε   δε(backward)/ε
======================================================================================================
inaccuracy:  0.00000        0.05000           36.51           -0.03            1.56
inaccuracy:  0.05000        0.10000           46.22           -0.03            1.04
inaccuracy:  0.10000        0.15000           57.60           -0.03            0.50
inaccuracy:  0.15000        0.20000           63.53           -0.02            0.31
inaccuracy:  0.20000        0.25000           68.69           -0.02            0.19
inaccuracy:  0.25000        0.30000           70.96           -0.01            0.15
inaccuracy:  0.30000        0.35000           71.68           -0.02            0.12
inaccuracy:  0.35000        0.40000           74.08           -0.02            0.11
inaccuracy:  0.40000        0.45000           74.98           -0.02            0.09
inaccuracy:  0.45000        0.50000           74.85           -0.01            0.10
inaccuracy:  0.50000        0.55000           65.32           -0.08            0.14
inaccuracy:  0.55000        0.60000           67.00           -0.10            0.09
inaccuracy:  0.60000        0.65000           68.32           -0.09            0.06
inaccuracy:  0.65000        0.70000           67.48           -0.11            0.05
inaccuracy:  0.70000        0.75000           68.54           -0.10            0.04
inaccuracy:  0.75000        0.80000           69.11           -0.10            0.03
inaccuracy:  0.80000        0.85000           67.87           -0.09            0.03
inaccuracy:  0.85000        0.90000           68.17           -0.09            0.03
inaccuracy:  0.90000        0.95000           67.18           -0.09            0.03
inaccuracy:  0.95000        1.00000           66.18           -0.10            0.03
===================================================================================================================================
                BAR        
-----------------------------------------------------------------------------------------------------------------------------------
BAR-estimator:         λ             λ+δλ          ΔΔA             ΔA            C               Δδe            δe       
                          
-----------------------------------------------------------------------------------------------------------------------------------
BAR-estimator:      0.00000        0.05000        1.5793         1.5793         1.5793         0.0121         0.0121 
BAR-estimator:      0.05000        0.10000        0.8919         2.4713         0.8919         0.0100         0.0157 
BAR-estimator:      0.10000        0.15000        0.4344         2.9057         0.4344         0.0073         0.0173 
BAR-estimator:      0.15000        0.20000        0.2269         3.1326         0.2269         0.0061         0.0183 
BAR-estimator:      0.20000        0.25000        0.1025         3.2351         0.1025         0.0042         0.0188 
BAR-estimator:      0.25000        0.30000        0.0203         3.2554         0.0203         0.0040         0.0192 
BAR-estimator:      0.30000        0.35000       -0.0230         3.2324        -0.0230         0.0030         0.0194 
BAR-estimator:      0.35000        0.40000       -0.0608         3.1716        -0.0608         0.0035         0.0198 
BAR-estimator:      0.40000        0.45000       -0.0906         3.0810        -0.0906         0.0031         0.0200 
BAR-estimator:      0.45000        0.50000       -0.1094         2.9716        -0.1094         0.0026         0.0202 
BAR-estimator:      0.50000        0.55000       -0.2457         2.7259        -0.2457         0.0040         0.0206 
BAR-estimator:      0.55000        0.60000       -0.4921         2.2338        -0.4921         0.0038         0.0209 
BAR-estimator:      0.60000        0.65000       -0.6752         1.5587        -0.6752         0.0035         0.0212 
BAR-estimator:      0.65000        0.70000       -0.8171         0.7415        -0.8171         0.0039         0.0215 
BAR-estimator:      0.70000        0.75000       -0.9241        -0.1826        -0.9241         0.0035         0.0218 
BAR-estimator:      0.75000        0.80000       -1.0159        -1.1985        -1.0159         0.0038         0.0222 
BAR-estimator:      0.80000        0.85000       -1.0649        -2.2634        -1.0649         0.0039         0.0225 
BAR-estimator:      0.85000        0.90000       -1.1043        -3.3677        -1.1043         0.0037         0.0228 
BAR-estimator:      0.90000        0.95000       -1.1265        -4.4942        -1.1265         0.0033         0.0230 
BAR-estimator:      0.95000        1.00000       -1.1445        -5.6387        -1.1445         0.0040         0.0234 
BAR-estimator: total free energy change is -5.638662785157772 , total error is 0.02338728449432389
