#========================================================================================
#                     Free energy perturbation    
#----------------------------------------------------------------------------------------
#forward/backward          λ              ΔΔA                 ΔA                  δε   
#                                                 
#----------------------------------------------------------------------------------------
forward:               0.0000              0.0000              0.0000              0.0000  
forward:               0.0500              1.7224              1.7224              0.0195  
forward:               0.1000              0.9584              2.6809              0.0241  
forward:               0.1500              0.5449              3.2258              0.0256  
forward:               0.2000              0.3177              3.5435              0.0268  
forward:               0.2500              0.1909              3.7343              0.0277  
forward:               0.3000              0.1173              3.8516              0.0284  
forward:               0.3500              0.0613              3.9129              0.0288  
forward:               0.4000              0.0156              3.9285              0.0294  
forward:               0.4500             -0.0113              3.9172              0.0295  
forward:               0.5000             -0.0296              3.8876              0.0298  
forward:               0.5500             -0.1050              3.7827              0.0301  
forward:               0.6000             -0.2127              3.5700              0.0304  
forward:               0.6500             -0.3078              3.2621              0.0308  
forward:               0.7000             -0.3810              2.8811              0.0312  
forward:               0.7500             -0.4491              2.4320              0.0314  
forward:               0.8000             -0.5085              1.9235              0.0317  
forward:               0.8500             -0.5653              1.3582              0.0319  
forward:               0.9000             -0.6037              0.7545              0.0322  
forward:               0.9500             -0.6494              0.1051              0.0324  
forward:               1.0000             -0.6757             -0.5706              0.0327  
backward:              1.0000              0.0000             -0.5706              0.0000  
backward:              0.9500              0.6680              0.0973              0.0044  
backward:              0.9000              0.6414              0.7387              0.0070  
backward:              0.8500              0.5965              1.3352              0.0085  
backward:              0.8000              0.5601              1.8953              0.0097  
backward:              0.7500              0.5036              2.3989              0.0115  
backward:              0.7000              0.4479              2.8468              0.0128  
backward:              0.6500              0.3786              3.2254              0.0140  
backward:              0.6000              0.3066              3.5321              0.0149  
backward:              0.5500              0.1984              3.7305              0.0158  
backward:              0.5000              0.1003              3.8308              0.0169  
backward:              0.4500              0.0335              3.8643              0.0176  
backward:              0.4000              0.0078              3.8721              0.0178  
backward:              0.3500             -0.0247              3.8473              0.0189  
backward:              0.3000             -0.0673              3.7801              0.0203  
backward:              0.2500             -0.1191              3.6609              0.0219  
backward:              0.2000             -0.1960              3.4649              0.0238  
backward:              0.1500             -0.3282              3.1367              0.0273  
backward:              0.1000             -0.5530              2.5837              0.0388  
backward:              0.0500             -0.9559              1.6278              0.0503  
backward:              0.0000             -1.6549             -0.0271              0.0588  
Inaccuracy estimation
======================================================================================================
                   i        i+δi          P0_overlap_P1   δε(forward)/ε   δε(backward)/ε
======================================================================================================
inaccuracy:  0.00000        0.05000           32.47           -0.03            2.31
inaccuracy:  0.05000        0.10000           45.97           -0.04            1.03
inaccuracy:  0.10000        0.15000           56.43           -0.02            0.52
inaccuracy:  0.15000        0.20000           63.27           -0.01            0.31
inaccuracy:  0.20000        0.25000           67.67           -0.01            0.22
inaccuracy:  0.25000        0.30000           69.65           -0.02            0.17
inaccuracy:  0.30000        0.35000           71.40           -0.01            0.14
inaccuracy:  0.35000        0.40000           73.40           -0.01            0.12
inaccuracy:  0.40000        0.45000           73.88           -0.01            0.11
inaccuracy:  0.45000        0.50000           73.10           -0.02            0.10
inaccuracy:  0.50000        0.55000           70.26           -0.04            0.12
inaccuracy:  0.55000        0.60000           71.50           -0.05            0.10
inaccuracy:  0.60000        0.65000           71.77           -0.05            0.09
inaccuracy:  0.65000        0.70000           71.87           -0.05            0.08
inaccuracy:  0.70000        0.75000           71.19           -0.05            0.07
inaccuracy:  0.75000        0.80000           71.47           -0.05            0.07
inaccuracy:  0.80000        0.85000           71.89           -0.05            0.07
inaccuracy:  0.85000        0.90000           71.29           -0.06            0.06
inaccuracy:  0.90000        0.95000           71.86           -0.05            0.06
inaccuracy:  0.95000        1.00000           71.52           -0.06            0.06
===================================================================================================================================
                BAR        
-----------------------------------------------------------------------------------------------------------------------------------
BAR-estimator:         λ             λ+δλ          ΔΔA             ΔA            C               Δδe            δe       
                          
-----------------------------------------------------------------------------------------------------------------------------------
BAR-estimator:      0.00000        0.05000        1.7072         1.7072         1.7072         0.0103         0.0103 
BAR-estimator:      0.05000        0.10000        0.9500         2.6572         0.9500         0.0080         0.0131 
BAR-estimator:      0.10000        0.15000        0.5407         3.1979         0.5407         0.0062         0.0145 
BAR-estimator:      0.15000        0.20000        0.3208         3.5187         0.3208         0.0053         0.0154 
BAR-estimator:      0.20000        0.25000        0.1926         3.7113         0.1926         0.0047         0.0161 
BAR-estimator:      0.25000        0.30000        0.1184         3.8297         0.1184         0.0029         0.0164 
BAR-estimator:      0.30000        0.35000        0.0624         3.8921         0.0624         0.0035         0.0167 
BAR-estimator:      0.35000        0.40000        0.0197         3.9118         0.0197         0.0038         0.0172 
BAR-estimator:      0.40000        0.45000       -0.0104         3.9014        -0.0104         0.0024         0.0173 
BAR-estimator:      0.45000        0.50000       -0.0307         3.8707        -0.0307         0.0028         0.0175 
BAR-estimator:      0.50000        0.55000       -0.1017         3.7690        -0.1017         0.0030         0.0178 
BAR-estimator:      0.55000        0.60000       -0.2074         3.5616        -0.2074         0.0032         0.0181 
BAR-estimator:      0.60000        0.65000       -0.3055         3.2561        -0.3055         0.0037         0.0185 
BAR-estimator:      0.65000        0.70000       -0.3812         2.8749        -0.3812         0.0033         0.0188 
BAR-estimator:      0.70000        0.75000       -0.4515         2.4235        -0.4515         0.0030         0.0190 
BAR-estimator:      0.75000        0.80000       -0.5078         1.9156        -0.5078         0.0032         0.0192 
BAR-estimator:      0.80000        0.85000       -0.5638         1.3518        -0.5638         0.0031         0.0195 
BAR-estimator:      0.85000        0.90000       -0.6007         0.7511        -0.6007         0.0032         0.0198 
BAR-estimator:      0.90000        0.95000       -0.6460         0.1051        -0.6460         0.0036         0.0201 
BAR-estimator:      0.95000        1.00000       -0.6711        -0.5660        -0.6711         0.0032         0.0203 
BAR-estimator: total free energy change is -0.5660235597941867 , total error is 0.02033965925986673
