#========================================================================================
#                     Free energy perturbation    
#----------------------------------------------------------------------------------------
#forward/backward          λ              ΔΔA                 ΔA                  δε   
#                                                 
#----------------------------------------------------------------------------------------
forward:               0.0000              0.0000              0.0000              0.0000  
forward:               0.0500              1.8035              1.8035              0.0261  
forward:               0.1000              1.0074              2.8109              0.0346  
forward:               0.1500              0.5213              3.3321              0.0361  
forward:               0.2000              0.2747              3.6068              0.0371  
forward:               0.2500              0.1396              3.7465              0.0379  
forward:               0.3000              0.0744              3.8209              0.0385  
forward:               0.3500              0.0149              3.8358              0.0390  
forward:               0.4000             -0.0340              3.8018              0.0393  
forward:               0.4500             -0.0586              3.7432              0.0397  
forward:               0.5000             -0.0837              3.6596              0.0399  
forward:               0.5500             -0.2300              3.4296              0.0405  
forward:               0.6000             -0.4839              2.9456              0.0411  
forward:               0.6500             -0.6865              2.2591              0.0420  
forward:               0.7000             -0.8610              1.3981              0.0428  
forward:               0.7500             -0.9884              0.4097              0.0434  
forward:               0.8000             -1.0345             -0.6248              0.0440  
forward:               0.8500             -1.0332             -1.6581              0.0443  
forward:               0.9000             -1.0310             -2.6890              0.0448  
forward:               0.9500             -1.0038             -3.6929              0.0451  
forward:               1.0000             -0.9941             -4.6870              0.0453  
backward:              1.0000              0.0000             -4.6870              0.0000  
backward:              0.9500              0.9858             -3.7011              0.0065  
backward:              0.9000              1.0073             -2.6939              0.0095  
backward:              0.8500              1.0307             -1.6631              0.0120  
backward:              0.8000              1.0438             -0.6193              0.0137  
backward:              0.7500              1.0193              0.4000              0.0161  
backward:              0.7000              1.0007              1.4007              0.0189  
backward:              0.6500              0.8509              2.2516              0.0199  
backward:              0.6000              0.6903              2.9419              0.0218  
backward:              0.5500              0.4485              3.3904              0.0238  
backward:              0.5000              0.2257              3.6161              0.0284  
backward:              0.4500              0.0805              3.6966              0.0293  
backward:              0.4000              0.0632              3.7598              0.0299  
backward:              0.3500              0.0390              3.7988              0.0305  
backward:              0.3000             -0.0249              3.7739              0.0312  
backward:              0.2500             -0.0562              3.7177              0.0323  
backward:              0.2000             -0.1426              3.5751              0.0336  
backward:              0.1500             -0.2779              3.2972              0.0360  
backward:              0.1000             -0.5127              2.7844              0.0403  
backward:              0.0500             -1.0245              1.7599              0.0471  
backward:              0.0000             -1.8091             -0.0492              0.0607  
Inaccuracy estimation
======================================================================================================
                   i        i+δi          P0_overlap_P1   δε(forward)/ε   δε(backward)/ε
======================================================================================================
inaccuracy:  0.00000        0.05000           34.95           -0.02            1.86
inaccuracy:  0.05000        0.10000           44.87           -0.04            1.11
inaccuracy:  0.10000        0.15000           55.38           -0.02            0.59
inaccuracy:  0.15000        0.20000           62.84           -0.02            0.35
inaccuracy:  0.20000        0.25000           67.52           -0.02            0.23
inaccuracy:  0.25000        0.30000           67.74           -0.02            0.18
inaccuracy:  0.30000        0.35000           71.01           -0.02            0.14
inaccuracy:  0.35000        0.40000           71.50           -0.01            0.12
inaccuracy:  0.40000        0.45000           72.77           -0.02            0.12
inaccuracy:  0.45000        0.50000           73.52           -0.02            0.10
inaccuracy:  0.50000        0.55000           64.73           -0.08            0.16
inaccuracy:  0.55000        0.60000           67.79           -0.10            0.10
inaccuracy:  0.60000        0.65000           64.56           -0.14            0.08
inaccuracy:  0.65000        0.70000           66.09           -0.14            0.06
inaccuracy:  0.70000        0.75000           64.37           -0.12            0.05
inaccuracy:  0.75000        0.80000           66.79           -0.11            0.05
inaccuracy:  0.80000        0.85000           65.22           -0.13            0.05
inaccuracy:  0.85000        0.90000           65.48           -0.10            0.06
inaccuracy:  0.90000        0.95000           64.73           -0.10            0.07
inaccuracy:  0.95000        1.00000           65.02           -0.10            0.07
===================================================================================================================================
                BAR        
-----------------------------------------------------------------------------------------------------------------------------------
BAR-estimator:         λ             λ+δλ          ΔΔA             ΔA            C               Δδe            δe       
                          
-----------------------------------------------------------------------------------------------------------------------------------
BAR-estimator:      0.00000        0.05000        1.8116         1.8116         1.8116         0.0058         0.0058 
BAR-estimator:      0.05000        0.10000        1.0194         2.8310         1.0194         0.0132         0.0144 
BAR-estimator:      0.10000        0.15000        0.5242         3.3552         0.5242         0.0076         0.0163 
BAR-estimator:      0.15000        0.20000        0.2776         3.6328         0.2776         0.0060         0.0173 
BAR-estimator:      0.20000        0.25000        0.1436         3.7764         0.1436         0.0053         0.0181 
BAR-estimator:      0.25000        0.30000        0.0663         3.8427         0.0663         0.0060         0.0191 
BAR-estimator:      0.30000        0.35000        0.0191         3.8619         0.0191         0.0050         0.0198 
BAR-estimator:      0.35000        0.40000       -0.0372         3.8246        -0.0372         0.0042         0.0202 
BAR-estimator:      0.40000        0.45000       -0.0590         3.7657        -0.0590         0.0038         0.0205 
BAR-estimator:      0.45000        0.50000       -0.0845         3.6812        -0.0845         0.0040         0.0209 
BAR-estimator:      0.50000        0.55000       -0.2269         3.4542        -0.2269         0.0044         0.0214 
BAR-estimator:      0.55000        0.60000       -0.4679         2.9863        -0.4679         0.0043         0.0218 
BAR-estimator:      0.60000        0.65000       -0.6872         2.2991        -0.6872         0.0049         0.0223 
BAR-estimator:      0.65000        0.70000       -0.8563         1.4428        -0.8563         0.0047         0.0228 
BAR-estimator:      0.70000        0.75000       -0.9961         0.4467        -0.9961         0.0047         0.0233 
BAR-estimator:      0.75000        0.80000       -1.0284        -0.5817        -1.0284         0.0048         0.0238 
BAR-estimator:      0.80000        0.85000       -1.0392        -1.6209        -1.0392         0.0041         0.0242 
BAR-estimator:      0.85000        0.90000       -1.0300        -2.6509        -1.0300         0.0048         0.0246 
BAR-estimator:      0.90000        0.95000       -1.0070        -3.6578        -1.0070         0.0044         0.0250 
BAR-estimator:      0.95000        1.00000       -0.9931        -4.6509        -0.9931         0.0040         0.0253 
BAR-estimator: total free energy change is -4.650900091338345 , total error is 0.02534855513906407
