#========================================================================================
#                     Free energy perturbation    
#----------------------------------------------------------------------------------------
#forward/backward          λ              ΔΔA                 ΔA                  δε   
#                                                 
#----------------------------------------------------------------------------------------
forward:               0.0000              0.0000              0.0000              0.0000  
forward:               0.0500              2.1675              2.1675              0.0285  
forward:               0.1000              1.2720              3.4395              0.0338  
forward:               0.1500              0.7247              4.1641              0.0374  
forward:               0.2000              0.4629              4.6271              0.0403  
forward:               0.2500              0.2480              4.8751              0.0413  
forward:               0.3000              0.1340              5.0091              0.0420  
forward:               0.3500              0.0632              5.0722              0.0427  
forward:               0.4000             -0.0006              5.0717              0.0431  
forward:               0.4500             -0.0417              5.0300              0.0436  
forward:               0.5000             -0.0805              4.9495              0.0442  
forward:               0.5500             -0.1783              4.7712              0.0447  
forward:               0.6000             -0.3707              4.4005              0.0453  
forward:               0.6500             -0.5115              3.8890              0.0458  
forward:               0.7000             -0.6457              3.2433              0.0459  
forward:               0.7500             -0.7411              2.5022              0.0464  
forward:               0.8000             -0.7986              1.7036              0.0467  
forward:               0.8500             -0.8400              0.8636              0.0470  
forward:               0.9000             -0.8588              0.0048              0.0473  
forward:               0.9500             -0.8728             -0.8680              0.0475  
forward:               1.0000             -0.8851             -1.7531              0.0478  
backward:              1.0000              0.0000             -1.7531              0.0000  
backward:              0.9500              0.8792             -0.8739              0.0069  
backward:              0.9000              0.8717             -0.0022              0.0092  
backward:              0.8500              0.8572              0.8550              0.0123  
backward:              0.8000              0.8420              1.6971              0.0146  
backward:              0.7500              0.8110              2.5081              0.0160  
backward:              0.7000              0.7404              3.2485              0.0173  
backward:              0.6500              0.6436              3.8921              0.0189  
backward:              0.6000              0.5090              4.4011              0.0204  
backward:              0.5500              0.3587              4.7598              0.0217  
backward:              0.5000              0.1871              4.9469              0.0232  
backward:              0.4500              0.0657              5.0127              0.0242  
backward:              0.4000              0.0392              5.0519              0.0254  
backward:              0.3500             -0.0246              5.0273              0.0270  
backward:              0.3000             -0.0660              4.9614              0.0282  
backward:              0.2500             -0.1333              4.8280              0.0299  
backward:              0.2000             -0.2518              4.5762              0.0327  
backward:              0.1500             -0.4656              4.1106              0.0424  
backward:              0.1000             -0.7329              3.3777              0.0512  
backward:              0.0500             -1.2375              2.1402              0.0583  
backward:              0.0000             -2.2219             -0.0817              0.1375  
Inaccuracy estimation
======================================================================================================
                   i        i+δi          P0_overlap_P1   δε(forward)/ε   δε(backward)/ε
======================================================================================================
inaccuracy:  0.00000        0.05000           29.69            0.02            2.57
inaccuracy:  0.05000        0.10000           39.66           -0.06            1.51
inaccuracy:  0.10000        0.15000           48.63           -0.06            0.82
inaccuracy:  0.15000        0.20000           54.37           -0.04            0.55
inaccuracy:  0.20000        0.25000           60.59           -0.03            0.34
inaccuracy:  0.25000        0.30000           63.20           -0.04            0.26
inaccuracy:  0.30000        0.35000           64.99           -0.03            0.21
inaccuracy:  0.35000        0.40000           67.65           -0.02            0.18
inaccuracy:  0.40000        0.45000           67.63           -0.03            0.18
inaccuracy:  0.45000        0.50000           68.82           -0.03            0.16
inaccuracy:  0.50000        0.55000           62.32           -0.08            0.20
inaccuracy:  0.55000        0.60000           64.06           -0.09            0.14
inaccuracy:  0.60000        0.65000           64.08           -0.10            0.12
inaccuracy:  0.65000        0.70000           64.48           -0.10            0.10
inaccuracy:  0.70000        0.75000           64.64           -0.10            0.09
inaccuracy:  0.75000        0.80000           64.19           -0.11            0.09
inaccuracy:  0.80000        0.85000           64.77           -0.11            0.09
inaccuracy:  0.85000        0.90000           63.55           -0.11            0.09
inaccuracy:  0.90000        0.95000           64.55           -0.11            0.08
inaccuracy:  0.95000        1.00000           63.51           -0.11            0.09
===================================================================================================================================
                BAR        
-----------------------------------------------------------------------------------------------------------------------------------
BAR-estimator:         λ             λ+δλ          ΔΔA             ΔA            C               Δδe            δe       
                          
-----------------------------------------------------------------------------------------------------------------------------------
BAR-estimator:      0.00000        0.05000        2.1365         2.1365         2.1365         0.0134         0.0134 
BAR-estimator:      0.05000        0.10000        1.2692         3.4057         1.2692         0.0097         0.0166 
BAR-estimator:      0.10000        0.15000        0.7326         4.1383         0.7326         0.0154         0.0226 
BAR-estimator:      0.15000        0.20000        0.4549         4.5931         0.4549         0.0072         0.0237 
BAR-estimator:      0.20000        0.25000        0.2487         4.8418         0.2487         0.0055         0.0244 
BAR-estimator:      0.25000        0.30000        0.1331         4.9749         0.1331         0.0049         0.0248 
BAR-estimator:      0.30000        0.35000        0.0639         5.0388         0.0639         0.0048         0.0253 
BAR-estimator:      0.35000        0.40000        0.0080         5.0468         0.0080         0.0044         0.0257 
BAR-estimator:      0.40000        0.45000       -0.0373         5.0096        -0.0373         0.0043         0.0260 
BAR-estimator:      0.45000        0.50000       -0.0736         4.9360        -0.0736         0.0038         0.0263 
BAR-estimator:      0.50000        0.55000       -0.1824         4.7537        -0.1824         0.0046         0.0267 
BAR-estimator:      0.55000        0.60000       -0.3635         4.3901        -0.3635         0.0044         0.0271 
BAR-estimator:      0.60000        0.65000       -0.5121         3.8780        -0.5121         0.0046         0.0275 
BAR-estimator:      0.65000        0.70000       -0.6479         3.2301        -0.6479         0.0038         0.0277 
BAR-estimator:      0.70000        0.75000       -0.7402         2.4900        -0.7402         0.0046         0.0281 
BAR-estimator:      0.75000        0.80000       -0.8042         1.6857        -0.8042         0.0040         0.0284 
BAR-estimator:      0.80000        0.85000       -0.8366         0.8491        -0.8366         0.0054         0.0289 
BAR-estimator:      0.85000        0.90000       -0.8634        -0.0143        -0.8634         0.0042         0.0292 
BAR-estimator:      0.90000        0.95000       -0.8695        -0.8839        -0.8695         0.0043         0.0295 
BAR-estimator:      0.95000        1.00000       -0.8840        -1.7679        -0.8840         0.0042         0.0298 
BAR-estimator: total free energy change is -1.7678631751685427 , total error is 0.029824602945746202
