#========================================================================================
#                     Free energy perturbation    
#----------------------------------------------------------------------------------------
#forward/backward          λ              ΔΔA                 ΔA                  δε   
#                                                 
#----------------------------------------------------------------------------------------
forward:               0.0000              0.0000              0.0000              0.0000  
forward:               0.0500              2.7504              2.7504              0.0507  
forward:               0.1000              1.4334              4.1838              0.0547  
forward:               0.1500              0.6242              4.8080              0.0570  
forward:               0.2000              0.2470              5.0550              0.0572  
forward:               0.2500              0.0934              5.1484              0.0579  
forward:               0.3000             -0.0072              5.1412              0.0583  
forward:               0.3500             -0.0829              5.0583              0.0586  
forward:               0.4000             -0.1185              4.9399              0.0589  
forward:               0.4500             -0.1699              4.7699              0.0592  
forward:               0.5000             -0.2013              4.5686              0.0596  
forward:               0.5500             -0.2839              4.2847              0.0600  
forward:               0.6000             -0.5148              3.7699              0.0603  
forward:               0.6500             -0.6610              3.1089              0.0606  
forward:               0.7000             -0.8044              2.3045              0.0609  
forward:               0.7500             -0.9151              1.3894              0.0612  
forward:               0.8000             -1.0189              0.3705              0.0615  
forward:               0.8500             -1.0861             -0.7155              0.0617  
forward:               0.9000             -1.1703             -1.8859              0.0620  
forward:               0.9500             -1.2113             -3.0972              0.0623  
forward:               1.0000             -1.2561             -4.3533              0.0626  
backward:              1.0000              0.0000             -4.3533              0.0000  
backward:              0.9500              1.2489             -3.1044              0.0073  
backward:              0.9000              1.1798             -1.9246              0.0242  
backward:              0.8500              1.1734             -0.7512              0.0249  
backward:              0.8000              1.0996              0.3484              0.0259  
backward:              0.7500              1.0167              1.3651              0.0266  
backward:              0.7000              0.9089              2.2740              0.0269  
backward:              0.6500              0.7956              3.0697              0.0278  
backward:              0.6000              0.6555              3.7252              0.0295  
backward:              0.5500              0.5118              4.2370              0.0303  
backward:              0.5000              0.2900              4.5270              0.0314  
backward:              0.4500              0.1983              4.7253              0.0320  
backward:              0.4000              0.1683              4.8936              0.0325  
backward:              0.3500              0.1342              5.0278              0.0331  
backward:              0.3000              0.0723              5.1001              0.0341  
backward:              0.2500              0.0183              5.1184              0.0353  
backward:              0.2000             -0.1037              5.0147              0.0393  
backward:              0.1500             -0.2652              4.7495              0.0417  
backward:              0.1000             -0.6405              4.1091              0.0489  
backward:              0.0500             -1.7579              2.3512              0.2927  
backward:              0.0000             -2.7944             -0.4432              0.2997  
Inaccuracy estimation
======================================================================================================
                   i        i+δi          P0_overlap_P1   δε(forward)/ε   δε(backward)/ε
======================================================================================================
inaccuracy:  0.00000        0.05000           23.77            0.13            3.56
inaccuracy:  0.05000        0.10000           33.27           -0.08            2.06
inaccuracy:  0.10000        0.15000           48.27           -0.05            0.86
inaccuracy:  0.15000        0.20000           59.51           -0.04            0.40
inaccuracy:  0.20000        0.25000           63.18           -0.03            0.27
inaccuracy:  0.25000        0.30000           65.69           -0.03            0.20
inaccuracy:  0.30000        0.35000           69.09           -0.02            0.17
inaccuracy:  0.35000        0.40000           68.32           -0.03            0.15
inaccuracy:  0.40000        0.45000           70.58           -0.03            0.12
inaccuracy:  0.45000        0.50000           70.73           -0.02            0.11
inaccuracy:  0.50000        0.55000           63.18           -0.09            0.16
inaccuracy:  0.55000        0.60000           66.24           -0.10            0.11
inaccuracy:  0.60000        0.65000           66.15           -0.09            0.09
inaccuracy:  0.65000        0.70000           66.84           -0.10            0.07
inaccuracy:  0.70000        0.75000           67.10           -0.10            0.06
inaccuracy:  0.75000        0.80000           66.52           -0.09            0.05
inaccuracy:  0.80000        0.85000           66.37           -0.11            0.04
inaccuracy:  0.85000        0.90000           66.30           -0.10            0.03
inaccuracy:  0.90000        0.95000           66.58           -0.11            0.03
inaccuracy:  0.95000        1.00000           66.54           -0.12            0.03
===================================================================================================================================
                BAR        
-----------------------------------------------------------------------------------------------------------------------------------
BAR-estimator:         λ             λ+δλ          ΔΔA             ΔA            C               Δδe            δe       
                          
-----------------------------------------------------------------------------------------------------------------------------------
BAR-estimator:      0.00000        0.05000        2.8024         2.8024         2.8024         0.0174         0.0174 
BAR-estimator:      0.05000        0.10000        1.4319         4.2343         1.4319         0.0111         0.0207 
BAR-estimator:      0.10000        0.15000        0.6221         4.8564         0.6221         0.0094         0.0227 
BAR-estimator:      0.15000        0.20000        0.2524         5.1089         0.2524         0.0042         0.0231 
BAR-estimator:      0.20000        0.25000        0.0932         5.2021         0.0932         0.0059         0.0238 
BAR-estimator:      0.25000        0.30000       -0.0129         5.1892        -0.0129         0.0044         0.0242 
BAR-estimator:      0.30000        0.35000       -0.0792         5.1100        -0.0792         0.0042         0.0246 
BAR-estimator:      0.35000        0.40000       -0.1241         4.9858        -0.1241         0.0040         0.0249 
BAR-estimator:      0.40000        0.45000       -0.1674         4.8184        -0.1674         0.0043         0.0253 
BAR-estimator:      0.45000        0.50000       -0.2012         4.6173        -0.2012         0.0036         0.0255 
BAR-estimator:      0.50000        0.55000       -0.2869         4.3304        -0.2869         0.0048         0.0260 
BAR-estimator:      0.55000        0.60000       -0.5091         3.8213        -0.5091         0.0039         0.0263 
BAR-estimator:      0.60000        0.65000       -0.6598         3.1615        -0.6598         0.0040         0.0266 
BAR-estimator:      0.65000        0.70000       -0.8015         2.3600        -0.8015         0.0041         0.0269 
BAR-estimator:      0.70000        0.75000       -0.9097         1.4503        -0.9097         0.0038         0.0272 
BAR-estimator:      0.75000        0.80000       -1.0193         0.4310        -1.0193         0.0043         0.0275 
BAR-estimator:      0.80000        0.85000       -1.0920        -0.6611        -1.0920         0.0040         0.0278 
BAR-estimator:      0.85000        0.90000       -1.1696        -1.8307        -1.1696         0.0042         0.0281 
BAR-estimator:      0.90000        0.95000       -1.2087        -3.0394        -1.2087         0.0045         0.0285 
BAR-estimator:      0.95000        1.00000       -1.2567        -4.2961        -1.2567         0.0044         0.0288 
BAR-estimator: total free energy change is -4.296092838839539 , total error is 0.02879050125185123
