#========================================================================================
#                     Free energy perturbation    
#----------------------------------------------------------------------------------------
#forward/backward          λ              ΔΔA                 ΔA                  δε   
#                                                 
#----------------------------------------------------------------------------------------
forward:               0.0000              0.0000              0.0000              0.0000  
forward:               0.0500              1.6667              1.6667              0.0268  
forward:               0.1000              0.9463              2.6130              0.0313  
forward:               0.1500              0.5348              3.1477              0.0336  
forward:               0.2000              0.3075              3.4553              0.0348  
forward:               0.2500              0.1695              3.6248              0.0358  
forward:               0.3000              0.0888              3.7136              0.0365  
forward:               0.3500              0.0539              3.7675              0.0370  
forward:               0.4000              0.0035              3.7710              0.0376  
forward:               0.4500             -0.0280              3.7430              0.0379  
forward:               0.5000             -0.0554              3.6875              0.0382  
forward:               0.5500             -0.1802              3.5073              0.0387  
forward:               0.6000             -0.3702              3.1371              0.0391  
forward:               0.6500             -0.5339              2.6032              0.0395  
forward:               0.7000             -0.6754              1.9278              0.0399  
forward:               0.7500             -0.7816              1.1462              0.0403  
forward:               0.8000             -0.8645              0.2817              0.0407  
forward:               0.8500             -0.9209             -0.6392              0.0410  
forward:               0.9000             -0.9741             -1.6133              0.0413  
forward:               0.9500             -0.9909             -2.6042              0.0415  
forward:               1.0000             -1.0170             -3.6212              0.0418  
backward:              1.0000              0.0000             -3.6212              0.0000  
backward:              0.9500              1.0290             -2.5922              0.0052  
backward:              0.9000              0.9860             -1.6062              0.0079  
backward:              0.8500              0.9650             -0.6412              0.0102  
backward:              0.8000              0.9121              0.2709              0.0127  
backward:              0.7500              0.8628              1.1336              0.0142  
backward:              0.7000              0.7666              1.9002              0.0154  
backward:              0.6500              0.6592              2.5594              0.0170  
backward:              0.6000              0.5260              3.0853              0.0181  
backward:              0.5500              0.3695              3.4548              0.0196  
backward:              0.5000              0.1794              3.6342              0.0208  
backward:              0.4500              0.0494              3.6835              0.0216  
backward:              0.4000              0.0281              3.7117              0.0224  
backward:              0.3500             -0.0034              3.7083              0.0235  
backward:              0.3000             -0.0505              3.6578              0.0245  
backward:              0.2500             -0.1026              3.5552              0.0259  
backward:              0.2000             -0.1855              3.3698              0.0273  
backward:              0.1500             -0.3203              3.0495              0.0301  
backward:              0.1000             -0.5334              2.5161              0.0350  
backward:              0.0500             -0.9442              1.5720              0.0534  
backward:              0.0000             -1.6585             -0.0865              0.0699  
Inaccuracy estimation
======================================================================================================
                   i        i+δi          P0_overlap_P1   δε(forward)/ε   δε(backward)/ε
======================================================================================================
inaccuracy:  0.00000        0.05000           34.12           -0.03            2.09
inaccuracy:  0.05000        0.10000           46.26           -0.04            1.04
inaccuracy:  0.10000        0.15000           56.67           -0.03            0.51
inaccuracy:  0.15000        0.20000           63.40           -0.01            0.30
inaccuracy:  0.20000        0.25000           68.22           -0.02            0.22
inaccuracy:  0.25000        0.30000           70.83           -0.01            0.18
inaccuracy:  0.30000        0.35000           70.68           -0.01            0.15
inaccuracy:  0.35000        0.40000           72.01           -0.01            0.14
inaccuracy:  0.40000        0.45000           73.71           -0.01            0.12
inaccuracy:  0.45000        0.50000           73.97           -0.01            0.10
inaccuracy:  0.50000        0.55000           66.23           -0.06            0.14
inaccuracy:  0.55000        0.60000           68.03           -0.07            0.10
inaccuracy:  0.60000        0.65000           69.08           -0.08            0.08
inaccuracy:  0.65000        0.70000           69.30           -0.09            0.07
inaccuracy:  0.70000        0.75000           70.18           -0.07            0.06
inaccuracy:  0.75000        0.80000           68.69           -0.08            0.05
inaccuracy:  0.80000        0.85000           68.44           -0.07            0.04
inaccuracy:  0.85000        0.90000           69.18           -0.07            0.04
inaccuracy:  0.90000        0.95000           68.57           -0.09            0.04
inaccuracy:  0.95000        1.00000           67.19           -0.10            0.04
===================================================================================================================================
                BAR        
-----------------------------------------------------------------------------------------------------------------------------------
BAR-estimator:         λ             λ+δλ          ΔΔA             ΔA            C               Δδe            δe       
                          
-----------------------------------------------------------------------------------------------------------------------------------
BAR-estimator:      0.00000        0.05000        1.6629         1.6629         1.6629         0.0126         0.0126 
BAR-estimator:      0.05000        0.10000        0.9394         2.6023         0.9394         0.0093         0.0156 
BAR-estimator:      0.10000        0.15000        0.5325         3.1348         0.5325         0.0079         0.0175 
BAR-estimator:      0.15000        0.20000        0.3129         3.4477         0.3129         0.0058         0.0185 
BAR-estimator:      0.20000        0.25000        0.1769         3.6246         0.1769         0.0053         0.0192 
BAR-estimator:      0.25000        0.30000        0.0984         3.7230         0.0984         0.0045         0.0197 
BAR-estimator:      0.30000        0.35000        0.0534         3.7765         0.0534         0.0044         0.0202 
BAR-estimator:      0.35000        0.40000        0.0047         3.7811         0.0047         0.0043         0.0207 
BAR-estimator:      0.40000        0.45000       -0.0249         3.7562        -0.0249         0.0036         0.0210 
BAR-estimator:      0.45000        0.50000       -0.0535         3.7027        -0.0535         0.0034         0.0213 
BAR-estimator:      0.50000        0.55000       -0.1801         3.5227        -0.1801         0.0041         0.0216 
BAR-estimator:      0.55000        0.60000       -0.3683         3.1543        -0.3683         0.0039         0.0220 
BAR-estimator:      0.60000        0.65000       -0.5279         2.6264        -0.5279         0.0039         0.0223 
BAR-estimator:      0.65000        0.70000       -0.6684         1.9580        -0.6684         0.0039         0.0227 
BAR-estimator:      0.70000        0.75000       -0.7723         1.1857        -0.7723         0.0040         0.0230 
BAR-estimator:      0.75000        0.80000       -0.8634         0.3223        -0.8634         0.0040         0.0234 
BAR-estimator:      0.80000        0.85000       -0.9200        -0.5977        -0.9200         0.0044         0.0238 
BAR-estimator:      0.85000        0.90000       -0.9677        -1.5654        -0.9677         0.0046         0.0242 
BAR-estimator:      0.90000        0.95000       -0.9918        -2.5572        -0.9918         0.0036         0.0245 
BAR-estimator:      0.95000        1.00000       -1.0235        -3.5807        -1.0235         0.0037         0.0248 
BAR-estimator: total free energy change is -3.5807294408541606 , total error is 0.024763539521358582
