#========================================================================================
#                     Free energy perturbation    
#----------------------------------------------------------------------------------------
#forward/backward          λ              ΔΔA                 ΔA                  δε   
#                                                 
#----------------------------------------------------------------------------------------
forward:               0.0000              0.0000              0.0000              0.0000  
forward:               0.0500              1.3171              1.3171              0.0187  
forward:               0.1000              0.7372              2.0544              0.0231  
forward:               0.1500              0.4122              2.4665              0.0253  
forward:               0.2000              0.2641              2.7306              0.0260  
forward:               0.2500              0.1639              2.8946              0.0266  
forward:               0.3000              0.0885              2.9831              0.0272  
forward:               0.3500              0.0739              3.0570              0.0275  
forward:               0.4000              0.0406              3.0976              0.0279  
forward:               0.4500              0.0103              3.1079              0.0283  
forward:               0.5000             -0.0076              3.1004              0.0287  
forward:               0.5500             -0.0317              3.0686              0.0290  
forward:               0.6000             -0.0911              2.9776              0.0292  
forward:               0.6500             -0.1333              2.8443              0.0296  
forward:               0.7000             -0.1721              2.6722              0.0298  
forward:               0.7500             -0.2106              2.4616              0.0299  
forward:               0.8000             -0.2401              2.2215              0.0301  
forward:               0.8500             -0.2616              1.9600              0.0303  
forward:               0.9000             -0.2884              1.6715              0.0305  
forward:               0.9500             -0.2975              1.3741              0.0307  
forward:               1.0000             -0.3142              1.0599              0.0308  
backward:              1.0000              0.0000              1.0599              0.0000  
backward:              0.9500              0.3177              1.3776              0.0041  
backward:              0.9000              0.2959              1.6735              0.0057  
backward:              0.8500              0.2877              1.9612              0.0069  
backward:              0.8000              0.2600              2.2212              0.0075  
backward:              0.7500              0.2342              2.4554              0.0088  
backward:              0.7000              0.2095              2.6649              0.0098  
backward:              0.6500              0.1747              2.8396              0.0105  
backward:              0.6000              0.1344              2.9740              0.0115  
backward:              0.5500              0.0950              3.0690              0.0125  
backward:              0.5000              0.0238              3.0928              0.0134  
backward:              0.4500             -0.0002              3.0926              0.0144  
backward:              0.4000             -0.0161              3.0765              0.0152  
backward:              0.3500             -0.0403              3.0362              0.0165  
backward:              0.3000             -0.0599              2.9763              0.0175  
backward:              0.2500             -0.1111              2.8652              0.0188  
backward:              0.2000             -0.1601              2.7050              0.0202  
backward:              0.1500             -0.2524              2.4526              0.0220  
backward:              0.1000             -0.4064              2.0462              0.0263  
backward:              0.0500             -0.7362              1.3100              0.0326  
backward:              0.0000             -1.3265             -0.0164              0.0505  
Inaccuracy estimation
======================================================================================================
                   i        i+δi          P0_overlap_P1   δε(forward)/ε   δε(backward)/ε
======================================================================================================
inaccuracy:  0.00000        0.05000           41.68           -0.04            1.35
inaccuracy:  0.05000        0.10000           52.21           -0.02            0.78
inaccuracy:  0.10000        0.15000           61.20           -0.02            0.39
inaccuracy:  0.15000        0.20000           66.56           -0.02            0.27
inaccuracy:  0.20000        0.25000           70.80           -0.01            0.18
inaccuracy:  0.25000        0.30000           74.67           -0.01            0.13
inaccuracy:  0.30000        0.35000           73.26           -0.01            0.14
inaccuracy:  0.35000        0.40000           74.43           -0.01            0.11
inaccuracy:  0.40000        0.45000           76.14           -0.01            0.10
inaccuracy:  0.45000        0.50000           76.48           -0.01            0.10
inaccuracy:  0.50000        0.55000           74.54           -0.02            0.10
inaccuracy:  0.55000        0.60000           74.75           -0.03            0.09
inaccuracy:  0.60000        0.65000           74.72           -0.02            0.08
inaccuracy:  0.65000        0.70000           74.29           -0.02            0.08
inaccuracy:  0.70000        0.75000           75.09           -0.03            0.07
inaccuracy:  0.75000        0.80000           76.11           -0.02            0.07
inaccuracy:  0.80000        0.85000           75.26           -0.02            0.07
inaccuracy:  0.85000        0.90000           75.84           -0.02            0.07
inaccuracy:  0.90000        0.95000           75.08           -0.03            0.07
inaccuracy:  0.95000        1.00000           75.23           -0.03            0.07
===================================================================================================================================
                BAR        
-----------------------------------------------------------------------------------------------------------------------------------
BAR-estimator:         λ             λ+δλ          ΔΔA             ΔA            C               Δδe            δe       
                          
-----------------------------------------------------------------------------------------------------------------------------------
BAR-estimator:      0.00000        0.05000        1.2951         1.2951         1.2951         0.0103         0.0103 
BAR-estimator:      0.05000        0.10000        0.7485         2.0436         0.7485         0.0086         0.0135 
BAR-estimator:      0.10000        0.15000        0.4096         2.4532         0.4096         0.0070         0.0152 
BAR-estimator:      0.15000        0.20000        0.2642         2.7174         0.2642         0.0044         0.0158 
BAR-estimator:      0.20000        0.25000        0.1636         2.8810         0.1636         0.0047         0.0165 
BAR-estimator:      0.25000        0.30000        0.0981         2.9790         0.0981         0.0039         0.0170 
BAR-estimator:      0.30000        0.35000        0.0717         3.0507         0.0717         0.0034         0.0173 
BAR-estimator:      0.35000        0.40000        0.0386         3.0893         0.0386         0.0032         0.0176 
BAR-estimator:      0.40000        0.45000        0.0132         3.1025         0.0132         0.0033         0.0179 
BAR-estimator:      0.45000        0.50000       -0.0031         3.0994        -0.0031         0.0031         0.0182 
BAR-estimator:      0.50000        0.55000       -0.0294         3.0700        -0.0294         0.0030         0.0184 
BAR-estimator:      0.55000        0.60000       -0.0913         2.9787        -0.0913         0.0029         0.0187 
BAR-estimator:      0.60000        0.65000       -0.1336         2.8450        -0.1336         0.0032         0.0189 
BAR-estimator:      0.65000        0.70000       -0.1731         2.6720        -0.1731         0.0030         0.0192 
BAR-estimator:      0.70000        0.75000       -0.2106         2.4614        -0.2106         0.0027         0.0194 
BAR-estimator:      0.75000        0.80000       -0.2371         2.2243        -0.2371         0.0027         0.0196 
BAR-estimator:      0.80000        0.85000       -0.2614         1.9629        -0.2614         0.0034         0.0198 
BAR-estimator:      0.85000        0.90000       -0.2870         1.6759        -0.2870         0.0029         0.0200 
BAR-estimator:      0.90000        0.95000       -0.2957         1.3803        -0.2957         0.0033         0.0203 
BAR-estimator:      0.95000        1.00000       -0.3146         1.0656        -0.3146         0.0028         0.0205 
BAR-estimator: total free energy change is 1.065627067177068 , total error is 0.02049755688354998
