#========================================================================================
#                     Free energy perturbation    
#----------------------------------------------------------------------------------------
#forward/backward          λ              ΔΔA                 ΔA                  δε   
#                                                 
#----------------------------------------------------------------------------------------
forward:               0.0000              0.0000              0.0000              0.0000  
forward:               0.0500              1.5075              1.5075              0.0208  
forward:               0.1000              0.9220              2.4295              0.0262  
forward:               0.1500              0.5521              2.9816              0.0293  
forward:               0.2000              0.3174              3.2990              0.0307  
forward:               0.2500              0.1906              3.4897              0.0316  
forward:               0.3000              0.1009              3.5906              0.0322  
forward:               0.3500              0.0365              3.6271              0.0327  
forward:               0.4000             -0.0037              3.6234              0.0332  
forward:               0.4500             -0.0415              3.5819              0.0336  
forward:               0.5000             -0.0662              3.5157              0.0341  
forward:               0.5500             -0.2216              3.2941              0.0348  
forward:               0.6000             -0.4396              2.8545              0.0356  
forward:               0.6500             -0.6328              2.2216              0.0366  
forward:               0.7000             -0.8017              1.4200              0.0378  
forward:               0.7500             -0.8893              0.5306              0.0385  
forward:               0.8000             -0.9171             -0.3865              0.0390  
forward:               0.8500             -0.8740             -1.2605              0.0395  
forward:               0.9000             -0.8404             -2.1009              0.0399  
forward:               0.9500             -0.7718             -2.8727              0.0401  
forward:               1.0000             -0.7453             -3.6180              0.0404  
backward:              1.0000              0.0000             -3.6180              0.0000  
backward:              0.9500              0.7332             -2.8848              0.0069  
backward:              0.9000              0.7933             -2.0916              0.0088  
backward:              0.8500              0.8283             -1.2633              0.0109  
backward:              0.8000              0.8701             -0.3932              0.0128  
backward:              0.7500              0.9071              0.5139              0.0157  
backward:              0.7000              0.8848              1.3987              0.0180  
backward:              0.6500              0.7962              2.1949              0.0204  
backward:              0.6000              0.6435              2.8384              0.0218  
backward:              0.5500              0.4270              3.2654              0.0233  
backward:              0.5000              0.2222              3.4876              0.0242  
backward:              0.4500              0.0601              3.5477              0.0245  
backward:              0.4000              0.0421              3.5898              0.0252  
backward:              0.3500             -0.0060              3.5838              0.0265  
backward:              0.3000             -0.0500              3.5338              0.0274  
backward:              0.2500             -0.0964              3.4375              0.0288  
backward:              0.2000             -0.1975              3.2399              0.0303  
backward:              0.1500             -0.3063              2.9336              0.0331  
backward:              0.1000             -0.5383              2.3954              0.0378  
backward:              0.0500             -0.9528              1.4426              0.0514  
backward:              0.0000             -1.5603             -0.1177              0.0707  
Inaccuracy estimation
======================================================================================================
                   i        i+δi          P0_overlap_P1   δε(forward)/ε   δε(backward)/ε
======================================================================================================
inaccuracy:  0.00000        0.05000           38.40           -0.04            1.60
inaccuracy:  0.05000        0.10000           46.87           -0.04            1.02
inaccuracy:  0.10000        0.15000           54.26           -0.03            0.57
inaccuracy:  0.15000        0.20000           60.84           -0.03            0.38
inaccuracy:  0.20000        0.25000           65.31           -0.02            0.24
inaccuracy:  0.25000        0.30000           67.52           -0.02            0.21
inaccuracy:  0.30000        0.35000           69.92           -0.01            0.15
inaccuracy:  0.35000        0.40000           70.49           -0.01            0.14
inaccuracy:  0.40000        0.45000           72.03           -0.01            0.13
inaccuracy:  0.45000        0.50000           72.54           -0.02            0.11
inaccuracy:  0.50000        0.55000           65.24           -0.08            0.18
inaccuracy:  0.55000        0.60000           65.60           -0.12            0.12
inaccuracy:  0.60000        0.65000           63.77           -0.14            0.09
inaccuracy:  0.65000        0.70000           64.26           -0.13            0.08
inaccuracy:  0.70000        0.75000           64.92           -0.14            0.07
inaccuracy:  0.75000        0.80000           66.02           -0.12            0.07
inaccuracy:  0.80000        0.85000           65.02           -0.10            0.08
inaccuracy:  0.85000        0.90000           64.71           -0.09            0.09
inaccuracy:  0.90000        0.95000           62.91           -0.12            0.11
inaccuracy:  0.95000        1.00000           64.47           -0.10            0.11
===================================================================================================================================
                BAR        
-----------------------------------------------------------------------------------------------------------------------------------
BAR-estimator:         λ             λ+δλ          ΔΔA             ΔA            C               Δδe            δe       
                          
-----------------------------------------------------------------------------------------------------------------------------------
BAR-estimator:      0.00000        0.05000        1.5140         1.5140         1.5140         0.0110         0.0110 
BAR-estimator:      0.05000        0.10000        0.9253         2.4393         0.9253         0.0089         0.0142 
BAR-estimator:      0.10000        0.15000        0.5456         2.9850         0.5456         0.0081         0.0163 
BAR-estimator:      0.15000        0.20000        0.3131         3.2981         0.3131         0.0057         0.0173 
BAR-estimator:      0.20000        0.25000        0.1930         3.4911         0.1930         0.0051         0.0181 
BAR-estimator:      0.25000        0.30000        0.1001         3.5912         0.1001         0.0047         0.0187 
BAR-estimator:      0.30000        0.35000        0.0407         3.6319         0.0407         0.0044         0.0192 
BAR-estimator:      0.35000        0.40000       -0.0027         3.6291        -0.0027         0.0042         0.0196 
BAR-estimator:      0.40000        0.45000       -0.0396         3.5896        -0.0396         0.0038         0.0200 
BAR-estimator:      0.45000        0.50000       -0.0657         3.5238        -0.0657         0.0038         0.0204 
BAR-estimator:      0.50000        0.55000       -0.2163         3.3075        -0.2163         0.0040         0.0207 
BAR-estimator:      0.55000        0.60000       -0.4360         2.8715        -0.4360         0.0043         0.0212 
BAR-estimator:      0.60000        0.65000       -0.6369         2.2346        -0.6369         0.0049         0.0218 
BAR-estimator:      0.65000        0.70000       -0.8012         1.4334        -0.8012         0.0053         0.0224 
BAR-estimator:      0.70000        0.75000       -0.8916         0.5417        -0.8916         0.0048         0.0229 
BAR-estimator:      0.75000        0.80000       -0.9125        -0.3708        -0.9125         0.0043         0.0233 
BAR-estimator:      0.80000        0.85000       -0.8733        -1.2441        -0.8733         0.0047         0.0238 
BAR-estimator:      0.85000        0.90000       -0.8353        -2.0794        -0.8353         0.0041         0.0241 
BAR-estimator:      0.90000        0.95000       -0.7797        -2.8592        -0.7797         0.0048         0.0246 
BAR-estimator:      0.95000        1.00000       -0.7408        -3.6000        -0.7408         0.0054         0.0252 
BAR-estimator: total free energy change is -3.599964944190765 , total error is 0.02516417229774345
