#========================================================================================
#                     Free energy perturbation    
#----------------------------------------------------------------------------------------
#forward/backward          λ              ΔΔA                 ΔA                  δε   
#                                                 
#----------------------------------------------------------------------------------------
forward:               0.0000              0.0000              0.0000              0.0000  
forward:               0.0500              1.5393              1.5393              0.0177  
forward:               0.1000              0.9607              2.5000              0.0229  
forward:               0.1500              0.5370              3.0370              0.0263  
forward:               0.2000              0.3144              3.3514              0.0281  
forward:               0.2500              0.1640              3.5153              0.0291  
forward:               0.3000              0.0952              3.6105              0.0297  
forward:               0.3500              0.0344              3.6449              0.0302  
forward:               0.4000             -0.0018              3.6431              0.0306  
forward:               0.4500             -0.0300              3.6131              0.0308  
forward:               0.5000             -0.0452              3.5679              0.0311  
forward:               0.5500             -0.1668              3.4011              0.0318  
forward:               0.6000             -0.3605              3.0406              0.0322  
forward:               0.6500             -0.5274              2.5132              0.0327  
forward:               0.7000             -0.6534              1.8597              0.0331  
forward:               0.7500             -0.7361              1.1237              0.0334  
forward:               0.8000             -0.7971              0.3266              0.0338  
forward:               0.8500             -0.8120             -0.4853              0.0342  
forward:               0.9000             -0.8265             -1.3118              0.0345  
forward:               0.9500             -0.8138             -2.1256              0.0348  
forward:               1.0000             -0.8102             -2.9359              0.0350  
backward:              1.0000              0.0000             -2.9359              0.0000  
backward:              0.9500              0.8157             -2.1202              0.0058  
backward:              0.9000              0.8148             -1.3054              0.0081  
backward:              0.8500              0.9612             -0.3442              0.0107  
backward:              0.8000              1.3116              0.9674              0.0124  
backward:              0.7500              1.2256              2.1929              0.0140  
backward:              0.7000              0.8141              3.0070              0.0727  
backward:              0.6500              0.6491              3.6561              0.0729  
backward:              0.6000              0.5255              4.1817              0.0731  
backward:              0.5500              0.3602              4.5418              0.0734  
backward:              0.5000              0.1726              4.7145              0.0737  
backward:              0.4500              0.0526              4.7671              0.0739  
backward:              0.4000              0.0329              4.8000              0.0741  
backward:              0.3500             -0.0022              4.7979              0.0743  
backward:              0.3000             -0.0421              4.7558              0.0746  
backward:              0.2500             -0.0979              4.6579              0.0750  
backward:              0.2000             -0.1939              4.4640              0.0757  
backward:              0.1500             -0.3012              4.1627              0.0765  
backward:              0.1000             -0.5391              3.6236              0.0777  
backward:              0.0500             -0.9318              2.6918              0.0798  
backward:              0.0000             -1.5952              1.0966              0.0902  
Inaccuracy estimation
======================================================================================================
                   i        i+δi          P0_overlap_P1   δε(forward)/ε   δε(backward)/ε
======================================================================================================
inaccuracy:  0.00000        0.05000           38.03           -0.04            1.52
inaccuracy:  0.05000        0.10000           46.10           -0.04            1.03
inaccuracy:  0.10000        0.15000           55.52           -0.03            0.56
inaccuracy:  0.15000        0.20000           61.16           -0.02            0.35
inaccuracy:  0.20000        0.25000           67.50           -0.02            0.23
inaccuracy:  0.25000        0.30000           68.46           -0.02            0.19
inaccuracy:  0.30000        0.35000           70.76           -0.02            0.16
inaccuracy:  0.35000        0.40000           71.50           -0.02            0.14
inaccuracy:  0.40000        0.45000           72.12           -0.02            0.13
inaccuracy:  0.45000        0.50000           71.67           -0.02            0.12
inaccuracy:  0.50000        0.55000           65.20           -0.08            0.15
inaccuracy:  0.55000        0.60000           66.99           -0.09            0.11
inaccuracy:  0.60000        0.65000           66.91           -0.08            0.09
inaccuracy:  0.65000        0.70000           67.42           -0.09            0.08
inaccuracy:  0.70000        0.75000           61.50           -0.22            0.07
inaccuracy:  0.75000        0.80000           39.18           -0.70            0.07
inaccuracy:  0.80000        0.85000           35.05           -0.85            0.07
inaccuracy:  0.85000        0.90000           57.19           -0.41            0.07
inaccuracy:  0.90000        0.95000           66.75           -0.08            0.08
inaccuracy:  0.95000        1.00000           65.98           -0.08            0.08
===================================================================================================================================
                BAR        
-----------------------------------------------------------------------------------------------------------------------------------
BAR-estimator:         λ             λ+δλ          ΔΔA             ΔA            C               Δδe            δe       
                          
-----------------------------------------------------------------------------------------------------------------------------------
BAR-estimator:      0.00000        0.05000        1.5253         1.5253         1.5253         0.0102         0.0102 
BAR-estimator:      0.05000        0.10000        0.9599         2.4852         0.9599         0.0082         0.0131 
BAR-estimator:      0.10000        0.15000        0.5440         3.0292         0.5440         0.0068         0.0148 
BAR-estimator:      0.15000        0.20000        0.3141         3.3433         0.3141         0.0062         0.0160 
BAR-estimator:      0.20000        0.25000        0.1762         3.5195         0.1762         0.0055         0.0170 
BAR-estimator:      0.25000        0.30000        0.0951         3.6146         0.0951         0.0314         0.0357 
BAR-estimator:      0.30000        0.35000        0.0374         3.6520         0.0374         0.0037         0.0359 
BAR-estimator:      0.35000        0.40000       -0.0012         3.6508        -0.0012         0.0034         0.0360 
BAR-estimator:      0.40000        0.45000       -0.0292         3.6216        -0.0292         0.0030         0.0362 
BAR-estimator:      0.45000        0.50000       -0.0482         3.5734        -0.0482         0.0036         0.0363 
BAR-estimator:      0.50000        0.55000       -0.1673         3.4061        -0.1673         0.0036         0.0365 
BAR-estimator:      0.55000        0.60000       -0.3617         3.0444        -0.3617         0.0028         0.0366 
BAR-estimator:      0.60000        0.65000       -0.5250         2.5194        -0.5250         0.0035         0.0368 
BAR-estimator:      0.65000        0.70000       -0.6516         1.8678        -0.6516         0.0034         0.0370 
BAR-estimator:      0.70000        0.75000       -0.7896         1.0783        -0.7896         0.0039         0.0372 
BAR-estimator:      0.75000        0.80000       -1.0336         0.0447        -1.0336         0.0047         0.0375 
BAR-estimator:      0.80000        0.85000       -1.0840        -1.0393        -1.0840         0.0047         0.0378 
BAR-estimator:      0.85000        0.90000       -0.9258        -1.9651        -0.9258         0.0044         0.0380 
BAR-estimator:      0.90000        0.95000       -0.8140        -2.7791        -0.8140         0.0038         0.0382 
BAR-estimator:      0.95000        1.00000       -0.8087        -3.5879        -0.8087         0.0034         0.0383 
BAR-estimator: total free energy change is -3.5878758565219746 , total error is 0.038342311371887754
