#========================================================================================
#                     Free energy perturbation    
#----------------------------------------------------------------------------------------
#forward/backward          λ              ΔΔA                 ΔA                  δε   
#                                                 
#----------------------------------------------------------------------------------------
forward:               0.0000              0.0000              0.0000              0.0000  
forward:               0.0500              1.2553              1.2553              0.0193  
forward:               0.1000              0.7947              2.0500              0.0236  
forward:               0.1500              0.5201              2.5700              0.0266  
forward:               0.2000              0.3271              2.8972              0.0284  
forward:               0.2500              0.2514              3.1486              0.0291  
forward:               0.3000              0.1774              3.3260              0.0300  
forward:               0.3500              0.1265              3.4525              0.0305  
forward:               0.4000              0.0943              3.5468              0.0309  
forward:               0.4500              0.0604              3.6072              0.0313  
forward:               0.5000              0.0457              3.6529              0.0318  
forward:               0.5500              0.0337              3.6866              0.0325  
forward:               0.6000             -0.0136              3.6730              0.0328  
forward:               0.6500             -0.0526              3.6205              0.0330  
forward:               0.7000             -0.0712              3.5492              0.0333  
forward:               0.7500             -0.0893              3.4599              0.0335  
forward:               0.8000             -0.1070              3.3529              0.0339  
forward:               0.8500             -0.1143              3.2386              0.0341  
forward:               0.9000             -0.1272              3.1114              0.0343  
forward:               0.9500             -0.1235              2.9878              0.0344  
forward:               1.0000             -0.1275              2.8603              0.0346  
backward:              1.0000              0.0000              2.8603              0.0000  
backward:              0.9500              0.1323              2.9926              0.0046  
backward:              0.9000              0.1176              3.1103              0.0064  
backward:              0.8500              0.1197              3.2300              0.0080  
backward:              0.8000              0.0994              3.3294              0.0092  
backward:              0.7500              0.1021              3.4315              0.0106  
backward:              0.7000              0.0844              3.5159              0.0125  
backward:              0.6500              0.0786              3.5945              0.0134  
backward:              0.6000              0.0566              3.6511              0.0142  
backward:              0.5500              0.0219              3.6730              0.0152  
backward:              0.5000             -0.0301              3.6429              0.0162  
backward:              0.4500             -0.0500              3.5929              0.0170  
backward:              0.4000             -0.0683              3.5246              0.0185  
backward:              0.3500             -0.1049              3.4197              0.0195  
backward:              0.3000             -0.1237              3.2960              0.0207  
backward:              0.2500             -0.1763              3.1197              0.0220  
backward:              0.2000             -0.2218              2.8979              0.0247  
backward:              0.1500             -0.3427              2.5552              0.0269  
backward:              0.1000             -0.5097              2.0455              0.0320  
backward:              0.0500             -0.7991              1.2464              0.0394  
backward:              0.0000             -1.2643             -0.0179              0.0469  
Inaccuracy estimation
======================================================================================================
                   i        i+δi          P0_overlap_P1   δε(forward)/ε   δε(backward)/ε
======================================================================================================
inaccuracy:  0.00000        0.05000           43.36           -0.03            1.19
inaccuracy:  0.05000        0.10000           53.16           -0.02            0.74
inaccuracy:  0.10000        0.15000           59.63           -0.02            0.42
inaccuracy:  0.15000        0.20000           65.82           -0.01            0.28
inaccuracy:  0.20000        0.25000           66.83           -0.01            0.24
inaccuracy:  0.25000        0.30000           69.99           -0.01            0.18
inaccuracy:  0.30000        0.35000           71.97           -0.02            0.14
inaccuracy:  0.35000        0.40000           73.58           -0.01            0.13
inaccuracy:  0.40000        0.45000           74.54           -0.02            0.11
inaccuracy:  0.45000        0.50000           74.30           -0.01            0.11
inaccuracy:  0.50000        0.55000           72.94           -0.02            0.13
inaccuracy:  0.55000        0.60000           72.69           -0.02            0.11
inaccuracy:  0.60000        0.65000           73.69           -0.02            0.10
inaccuracy:  0.65000        0.70000           73.11           -0.02            0.10
inaccuracy:  0.70000        0.75000           74.42           -0.02            0.09
inaccuracy:  0.75000        0.80000           74.34           -0.02            0.09
inaccuracy:  0.80000        0.85000           75.64           -0.02            0.08
inaccuracy:  0.85000        0.90000           75.37           -0.02            0.09
inaccuracy:  0.90000        0.95000           74.79           -0.02            0.09
inaccuracy:  0.95000        1.00000           73.80           -0.02            0.09
===================================================================================================================================
                BAR        
-----------------------------------------------------------------------------------------------------------------------------------
BAR-estimator:         λ             λ+δλ          ΔΔA             ΔA            C               Δδe            δe       
                          
-----------------------------------------------------------------------------------------------------------------------------------
BAR-estimator:      0.00000        0.05000        1.2606         1.2606         1.2606         0.0107         0.0107 
BAR-estimator:      0.05000        0.10000        0.8029         2.0635         0.8029         0.0090         0.0140 
BAR-estimator:      0.10000        0.15000        0.5170         2.5805         0.5170         0.0077         0.0160 
BAR-estimator:      0.15000        0.20000        0.3359         2.9164         0.3359         0.0063         0.0172 
BAR-estimator:      0.20000        0.25000        0.2436         3.1600         0.2436         0.0043         0.0177 
BAR-estimator:      0.25000        0.30000        0.1772         3.3371         0.1772         0.0046         0.0183 
BAR-estimator:      0.30000        0.35000        0.1255         3.4627         0.1255         0.0037         0.0187 
BAR-estimator:      0.35000        0.40000        0.0996         3.5622         0.0996         0.0035         0.0190 
BAR-estimator:      0.40000        0.45000        0.0623         3.6245         0.0623         0.0034         0.0193 
BAR-estimator:      0.45000        0.50000        0.0458         3.6703         0.0458         0.0036         0.0196 
BAR-estimator:      0.50000        0.55000        0.0345         3.7049         0.0345         0.0043         0.0201 
BAR-estimator:      0.55000        0.60000       -0.0191         3.6858        -0.0191         0.0034         0.0204 
BAR-estimator:      0.60000        0.65000       -0.0547         3.6311        -0.0547         0.0030         0.0206 
BAR-estimator:      0.65000        0.70000       -0.0749         3.5562        -0.0749         0.0031         0.0208 
BAR-estimator:      0.70000        0.75000       -0.0888         3.4674        -0.0888         0.0031         0.0211 
BAR-estimator:      0.75000        0.80000       -0.1062         3.3612        -0.1062         0.0030         0.0213 
BAR-estimator:      0.80000        0.85000       -0.1100         3.2512        -0.1100         0.0034         0.0216 
BAR-estimator:      0.85000        0.90000       -0.1265         3.1246        -0.1265         0.0033         0.0218 
BAR-estimator:      0.90000        0.95000       -0.1229         3.0018        -0.1229         0.0029         0.0220 
BAR-estimator:      0.95000        1.00000       -0.1306         2.8711        -0.1306         0.0033         0.0222 
BAR-estimator: total free energy change is 2.8711390125520455 , total error is 0.022243546930006512
