#========================================================================================
#                     Free energy perturbation    
#----------------------------------------------------------------------------------------
#forward/backward          λ              ΔΔA                 ΔA                  δε   
#                                                 
#----------------------------------------------------------------------------------------
forward:               0.0000              0.0000              0.0000              0.0000  
forward:               0.0500              4.2045              4.2045              0.0529  
forward:               0.1000              2.0088              6.2133              0.0604  
forward:               0.1500              0.8982              7.1116              0.0641  
forward:               0.2000              0.3462              7.4578              0.0653  
forward:               0.2500              0.0556              7.5134              0.0660  
forward:               0.3000             -0.0982              7.4152              0.0666  
forward:               0.3500             -0.2045              7.2107              0.0667  
forward:               0.4000             -0.2762              6.9345              0.0668  
forward:               0.4500             -0.3325              6.6020              0.0669  
forward:               0.5000             -0.3815              6.2205              0.0670  
forward:               0.5500             -0.6660              5.5544              0.0674  
forward:               0.6000             -1.1230              4.4314              0.0679  
forward:               0.6500             -1.4790              2.9525              0.0684  
forward:               0.7000             -1.7902              1.1623              0.0689  
forward:               0.7500             -1.9939             -0.8316              0.0694  
forward:               0.8000             -2.1289             -2.9605              0.0697  
forward:               0.8500             -2.2243             -5.1848              0.0701  
forward:               0.9000             -2.3124             -7.4972              0.0703  
forward:               0.9500             -2.3706             -9.8679              0.0709  
forward:               1.0000             -2.4692            -12.3371              0.0713  
backward:              1.0000              0.0000            -12.3371              0.0000  
backward:              0.9500              2.4197             -9.9173              0.0109  
backward:              0.9000              2.3380             -7.5793              0.0143  
backward:              0.8500              2.3462             -5.2331              0.0181  
backward:              0.8000              2.3109             -2.9222              0.0215  
backward:              0.7500              2.1454             -0.7768              0.0234  
backward:              0.7000              2.0808              1.3040              0.0249  
backward:              0.6500              1.7703              3.0743              0.0266  
backward:              0.6000              1.4735              4.5478              0.0281  
backward:              0.5500              1.0955              5.6433              0.0295  
backward:              0.5000              0.6512              6.2945              0.0310  
backward:              0.4500              0.3749              6.6694              0.0318  
backward:              0.4000              0.3067              6.9761              0.0330  
backward:              0.3500              0.2868              7.2628              0.0338  
backward:              0.3000              0.2030              7.4658              0.0353  
backward:              0.2500              0.1110              7.5768              0.0369  
backward:              0.2000             -0.0552              7.5216              0.0416  
backward:              0.1500             -0.3330              7.1886              0.0460  
backward:              0.1000             -0.8834              6.3052              0.0547  
backward:              0.0500             -2.0729              4.2323              0.1120  
backward:              0.0000             -4.0565              0.1758              0.1602  
Inaccuracy estimation
======================================================================================================
                   i        i+δi          P0_overlap_P1   δε(forward)/ε   δε(backward)/ε
======================================================================================================
inaccuracy:  0.00000        0.05000           13.84            0.80            6.85
inaccuracy:  0.05000        0.10000           25.26           -0.09            3.27
inaccuracy:  0.10000        0.15000           39.00           -0.13            1.44
inaccuracy:  0.15000        0.20000           49.70           -0.08            0.69
inaccuracy:  0.20000        0.25000           56.32           -0.05            0.42
inaccuracy:  0.25000        0.30000           59.93           -0.07            0.28
inaccuracy:  0.30000        0.35000           61.36           -0.05            0.22
inaccuracy:  0.35000        0.40000           63.23           -0.06            0.18
inaccuracy:  0.40000        0.45000           66.07           -0.04            0.15
inaccuracy:  0.45000        0.50000           66.64           -0.06            0.15
inaccuracy:  0.50000        0.55000           54.65           -0.24            0.22
inaccuracy:  0.55000        0.60000           55.72           -0.26            0.11
inaccuracy:  0.60000        0.65000           55.45           -0.32            0.04
inaccuracy:  0.65000        0.70000           56.76           -0.29           -0.01
inaccuracy:  0.70000        0.75000           52.79           -0.49           -0.06
inaccuracy:  0.75000        0.80000           56.77           -0.35           -0.07
inaccuracy:  0.80000        0.85000           52.12           -0.46           -0.11
inaccuracy:  0.85000        0.90000           53.81           -0.45           -0.09
inaccuracy:  0.90000        0.95000           55.47           -0.37           -0.09
inaccuracy:  0.95000        1.00000           55.51           -0.35           -0.09
===================================================================================================================================
                BAR        
-----------------------------------------------------------------------------------------------------------------------------------
BAR-estimator:         λ             λ+δλ          ΔΔA             ΔA            C               Δδe            δe       
                          
-----------------------------------------------------------------------------------------------------------------------------------
BAR-estimator:      0.00000        0.05000        4.1217         4.1217         4.1217         0.0200         0.0200 
BAR-estimator:      0.05000        0.10000        2.0131         6.1347         2.0131         0.0207         0.0288 
BAR-estimator:      0.10000        0.15000        0.9006         7.0353         0.9006         0.0111         0.0308 
BAR-estimator:      0.15000        0.20000        0.3469         7.3822         0.3469         0.0080         0.0318 
BAR-estimator:      0.20000        0.25000        0.0562         7.4384         0.0562         0.0065         0.0325 
BAR-estimator:      0.25000        0.30000       -0.1021         7.3363        -0.1021         0.0054         0.0329 
BAR-estimator:      0.30000        0.35000       -0.2045         7.1318        -0.2045         0.0048         0.0333 
BAR-estimator:      0.35000        0.40000       -0.2822         6.8496        -0.2822         0.0038         0.0335 
BAR-estimator:      0.40000        0.45000       -0.3255         6.5241        -0.3255         0.0043         0.0338 
BAR-estimator:      0.45000        0.50000       -0.3784         6.1457        -0.3784         0.0037         0.0340 
BAR-estimator:      0.50000        0.55000       -0.6531         5.4926        -0.6531         0.0048         0.0343 
BAR-estimator:      0.55000        0.60000       -1.1071         4.3855        -1.1071         0.0047         0.0346 
BAR-estimator:      0.60000        0.65000       -1.4789         2.9066        -1.4789         0.0041         0.0349 
BAR-estimator:      0.65000        0.70000       -1.7777         1.1289        -1.7777         0.0050         0.0352 
BAR-estimator:      0.70000        0.75000       -2.0392        -0.9103        -2.0392         0.0051         0.0356 
BAR-estimator:      0.75000        0.80000       -2.1351        -3.0454        -2.1351         0.0046         0.0359 
BAR-estimator:      0.80000        0.85000       -2.2769        -5.3223        -2.2769         0.0051         0.0362 
BAR-estimator:      0.85000        0.90000       -2.3361        -7.6584        -2.3361         0.0053         0.0366 
BAR-estimator:      0.90000        0.95000       -2.3600       -10.0185        -2.3600         0.0065         0.0372 
BAR-estimator:      0.95000        1.00000       -2.4369       -12.4553        -2.4369         0.0044         0.0375 
BAR-estimator: total free energy change is -12.455344968079197 , total error is 0.03745166657980387
