#========================================================================================
#                     Free energy perturbation    
#----------------------------------------------------------------------------------------
#forward/backward          λ              ΔΔA                 ΔA                  δε   
#                                                 
#----------------------------------------------------------------------------------------
forward:               0.0000              0.0000              0.0000              0.0000  
forward:               0.0500              1.2422              1.2422              0.0190  
forward:               0.1000              0.6361              1.8783              0.0245  
forward:               0.1500              0.3651              2.2434              0.0268  
forward:               0.2000              0.2019              2.4453              0.0276  
forward:               0.2500              0.1278              2.5731              0.0283  
forward:               0.3000              0.0622              2.6353              0.0289  
forward:               0.3500              0.0343              2.6696              0.0295  
forward:               0.4000             -0.0046              2.6650              0.0299  
forward:               0.4500             -0.0149              2.6500              0.0304  
forward:               0.5000             -0.0468              2.6032              0.0307  
forward:               0.5500             -0.0809              2.5223              0.0311  
forward:               0.6000             -0.1883              2.3340              0.0315  
forward:               0.6500             -0.2844              2.0496              0.0320  
forward:               0.7000             -0.3814              1.6682              0.0324  
forward:               0.7500             -0.4400              1.2283              0.0328  
forward:               0.8000             -0.4985              0.7298              0.0331  
forward:               0.8500             -0.5126              0.2172              0.0334  
forward:               0.9000             -0.5238             -0.3066              0.0338  
forward:               0.9500             -0.5353             -0.8419              0.0341  
forward:               1.0000             -0.5323             -1.3743              0.0343  
backward:              1.0000              0.0000             -1.3743              0.0000  
backward:              0.9500              0.5241             -0.8501              0.0050  
backward:              0.9000              0.5189             -0.3312              0.0082  
backward:              0.8500              0.5374              0.2062              0.0103  
backward:              0.8000              0.5145              0.7208              0.0115  
backward:              0.7500              0.4917              1.2125              0.0127  
backward:              0.7000              0.4480              1.6605              0.0141  
backward:              0.6500              0.3691              2.0296              0.0154  
backward:              0.6000              0.2910              2.3206              0.0164  
backward:              0.5500              0.1842              2.5048              0.0174  
backward:              0.5000              0.0904              2.5952              0.0186  
backward:              0.4500              0.0439              2.6391              0.0192  
backward:              0.4000              0.0165              2.6556              0.0201  
backward:              0.3500              0.0071              2.6627              0.0209  
backward:              0.3000             -0.0348              2.6279              0.0217  
backward:              0.2500             -0.0629              2.5650              0.0228  
backward:              0.2000             -0.1227              2.4423              0.0236  
backward:              0.1500             -0.2037              2.2387              0.0258  
backward:              0.1000             -0.3595              1.8791              0.0289  
backward:              0.0500             -0.6191              1.2600              0.0339  
backward:              0.0000             -1.1951              0.0649              0.0418  
Inaccuracy estimation
======================================================================================================
                   i        i+δi          P0_overlap_P1   δε(forward)/ε   δε(backward)/ε
======================================================================================================
inaccuracy:  0.00000        0.05000           41.61           -0.04            1.19
inaccuracy:  0.05000        0.10000           52.30           -0.01            0.76
inaccuracy:  0.10000        0.15000           60.86           -0.01            0.40
inaccuracy:  0.15000        0.20000           66.85           -0.02            0.24
inaccuracy:  0.20000        0.25000           70.59           -0.01            0.18
inaccuracy:  0.25000        0.30000           71.66           -0.01            0.14
inaccuracy:  0.30000        0.35000           73.52           -0.01            0.12
inaccuracy:  0.35000        0.40000           74.14           -0.01            0.11
inaccuracy:  0.40000        0.45000           74.30           -0.01            0.11
inaccuracy:  0.45000        0.50000           75.68           -0.01            0.09
inaccuracy:  0.50000        0.55000           70.47           -0.04            0.12
inaccuracy:  0.55000        0.60000           71.74           -0.05            0.10
inaccuracy:  0.60000        0.65000           71.13           -0.06            0.09
inaccuracy:  0.65000        0.70000           71.74           -0.05            0.08
inaccuracy:  0.70000        0.75000           70.66           -0.05            0.08
inaccuracy:  0.75000        0.80000           72.22           -0.05            0.07
inaccuracy:  0.80000        0.85000           71.59           -0.05            0.07
inaccuracy:  0.85000        0.90000           70.33           -0.05            0.07
inaccuracy:  0.90000        0.95000           72.10           -0.04            0.08
inaccuracy:  0.95000        1.00000           70.85           -0.05            0.08
===================================================================================================================================
                BAR        
-----------------------------------------------------------------------------------------------------------------------------------
BAR-estimator:         λ             λ+δλ          ΔΔA             ΔA            C               Δδe            δe       
                          
-----------------------------------------------------------------------------------------------------------------------------------
BAR-estimator:      0.00000        0.05000        1.2301         1.2301         1.2301         0.0108         0.0108 
BAR-estimator:      0.05000        0.10000        0.6389         1.8690         0.6389         0.0098         0.0146 
BAR-estimator:      0.10000        0.15000        0.3628         2.2318         0.3628         0.0073         0.0163 
BAR-estimator:      0.15000        0.20000        0.1998         2.4315         0.1998         0.0046         0.0169 
BAR-estimator:      0.20000        0.25000        0.1256         2.5571         0.1256         0.0043         0.0175 
BAR-estimator:      0.25000        0.30000        0.0609         2.6180         0.0609         0.0041         0.0180 
BAR-estimator:      0.30000        0.35000        0.0339         2.6520         0.0339         0.0042         0.0184 
BAR-estimator:      0.35000        0.40000       -0.0051         2.6469        -0.0051         0.0036         0.0188 
BAR-estimator:      0.40000        0.45000       -0.0164         2.6304        -0.0164         0.0035         0.0191 
BAR-estimator:      0.45000        0.50000       -0.0448         2.5856        -0.0448         0.0034         0.0194 
BAR-estimator:      0.50000        0.55000       -0.0826         2.5030        -0.0826         0.0033         0.0197 
BAR-estimator:      0.55000        0.60000       -0.1852         2.3178        -0.1852         0.0033         0.0199 
BAR-estimator:      0.60000        0.65000       -0.2858         2.0321        -0.2858         0.0035         0.0203 
BAR-estimator:      0.65000        0.70000       -0.3772         1.6548        -0.3772         0.0036         0.0206 
BAR-estimator:      0.70000        0.75000       -0.4435         1.2114        -0.4435         0.0037         0.0209 
BAR-estimator:      0.75000        0.80000       -0.4931         0.7183        -0.4931         0.0035         0.0212 
BAR-estimator:      0.80000        0.85000       -0.5152         0.2031        -0.5152         0.0034         0.0215 
BAR-estimator:      0.85000        0.90000       -0.5292        -0.3261        -0.5292         0.0036         0.0218 
BAR-estimator:      0.90000        0.95000       -0.5296        -0.8557        -0.5296         0.0036         0.0221 
BAR-estimator:      0.95000        1.00000       -0.5281        -1.3838        -0.5281         0.0039         0.0224 
BAR-estimator: total free energy change is -1.3837714987383332 , total error is 0.022404668380876337
