#========================================================================================
#                     Free energy perturbation    
#----------------------------------------------------------------------------------------
#forward/backward          λ              ΔΔA                 ΔA                  δε   
#                                                 
#----------------------------------------------------------------------------------------
forward:               0.0000              0.0000              0.0000              0.0000  
forward:               0.0500              1.1759              1.1759              0.0184  
forward:               0.1000              0.6342              1.8101              0.0230  
forward:               0.1500              0.3807              2.1908              0.0247  
forward:               0.2000              0.2286              2.4194              0.0257  
forward:               0.2500              0.1650              2.5844              0.0265  
forward:               0.3000              0.1013              2.6857              0.0270  
forward:               0.3500              0.0536              2.7394              0.0275  
forward:               0.4000              0.0216              2.7609              0.0278  
forward:               0.4500              0.0031              2.7641              0.0283  
forward:               0.5000             -0.0192              2.7448              0.0286  
forward:               0.5500             -0.0417              2.7031              0.0291  
forward:               0.6000             -0.0934              2.6098              0.0294  
forward:               0.6500             -0.1286              2.4812              0.0296  
forward:               0.7000             -0.1627              2.3186              0.0299  
forward:               0.7500             -0.1788              2.1398              0.0301  
forward:               0.8000             -0.1957              1.9441              0.0303  
forward:               0.8500             -0.2240              1.7201              0.0305  
forward:               0.9000             -0.2353              1.4848              0.0307  
forward:               0.9500             -0.2496              1.2351              0.0309  
forward:               1.0000             -0.2628              0.9724              0.0310  
backward:              1.0000              0.0000              0.9724              0.0000  
backward:              0.9500              0.2615              1.2339              0.0042  
backward:              0.9000              0.2417              1.4756              0.0058  
backward:              0.8500              0.2333              1.7089              0.0070  
backward:              0.8000              0.2157              1.9246              0.0079  
backward:              0.7500              0.2094              2.1340              0.0088  
backward:              0.7000              0.1825              2.3165              0.0098  
backward:              0.6500              0.1609              2.4774              0.0110  
backward:              0.6000              0.1245              2.6019              0.0118  
backward:              0.5500              0.0907              2.6926              0.0125  
backward:              0.5000              0.0438              2.7364              0.0132  
backward:              0.4500              0.0179              2.7544              0.0141  
backward:              0.4000             -0.0026              2.7518              0.0149  
backward:              0.3500             -0.0231              2.7287              0.0159  
backward:              0.3000             -0.0677              2.6610              0.0171  
backward:              0.2500             -0.0882              2.5728              0.0182  
backward:              0.2000             -0.1390              2.4339              0.0199  
backward:              0.1500             -0.2306              2.2033              0.0215  
backward:              0.1000             -0.3650              1.8383              0.0239  
backward:              0.0500             -0.6407              1.1976              0.0317  
backward:              0.0000             -1.1104              0.0872              0.0455  
Inaccuracy estimation
======================================================================================================
                   i        i+δi          P0_overlap_P1   δε(forward)/ε   δε(backward)/ε
======================================================================================================
inaccuracy:  0.00000        0.05000           41.73           -0.03            1.58
inaccuracy:  0.05000        0.10000           56.10           -0.01            0.62
inaccuracy:  0.10000        0.15000           62.75           -0.01            0.34
inaccuracy:  0.15000        0.20000           68.25           -0.01            0.22
inaccuracy:  0.20000        0.25000           69.91           -0.01            0.17
inaccuracy:  0.25000        0.30000           72.91           -0.01            0.13
inaccuracy:  0.30000        0.35000           76.07           -0.01            0.11
inaccuracy:  0.35000        0.40000           76.41           -0.01            0.09
inaccuracy:  0.40000        0.45000           77.37           -0.01            0.09
inaccuracy:  0.45000        0.50000           77.74           -0.01            0.09
inaccuracy:  0.50000        0.55000           75.74           -0.01            0.09
inaccuracy:  0.55000        0.60000           76.74           -0.02            0.08
inaccuracy:  0.60000        0.65000           76.95           -0.01            0.07
inaccuracy:  0.65000        0.70000           77.12           -0.02            0.07
inaccuracy:  0.70000        0.75000           76.67           -0.02            0.07
inaccuracy:  0.75000        0.80000           75.53           -0.02            0.07
inaccuracy:  0.80000        0.85000           77.76           -0.02            0.06
inaccuracy:  0.85000        0.90000           76.88           -0.02            0.06
inaccuracy:  0.90000        0.95000           77.11           -0.02            0.06
inaccuracy:  0.95000        1.00000           76.35           -0.02            0.07
===================================================================================================================================
                BAR        
-----------------------------------------------------------------------------------------------------------------------------------
BAR-estimator:         λ             λ+δλ          ΔΔA             ΔA            C               Δδe            δe       
                          
-----------------------------------------------------------------------------------------------------------------------------------
BAR-estimator:      0.00000        0.05000        1.1685         1.1685         1.1685         0.0109         0.0109 
BAR-estimator:      0.05000        0.10000        0.6389         1.8075         0.6389         0.0090         0.0142 
BAR-estimator:      0.10000        0.15000        0.3756         2.1831         0.3756         0.0064         0.0155 
BAR-estimator:      0.15000        0.20000        0.2259         2.4090         0.2259         0.0047         0.0162 
BAR-estimator:      0.20000        0.25000        0.1558         2.5647         0.1558         0.0043         0.0168 
BAR-estimator:      0.25000        0.30000        0.0978         2.6625         0.0978         0.0036         0.0172 
BAR-estimator:      0.30000        0.35000        0.0585         2.7210         0.0585         0.0036         0.0176 
BAR-estimator:      0.35000        0.40000        0.0219         2.7430         0.0219         0.0030         0.0178 
BAR-estimator:      0.40000        0.45000        0.0051         2.7480         0.0051         0.0037         0.0182 
BAR-estimator:      0.45000        0.50000       -0.0185         2.7296        -0.0185         0.0028         0.0184 
BAR-estimator:      0.50000        0.55000       -0.0422         2.6873        -0.0422         0.0030         0.0187 
BAR-estimator:      0.55000        0.60000       -0.0919         2.5955        -0.0919         0.0024         0.0188 
BAR-estimator:      0.60000        0.65000       -0.1255         2.4700        -0.1255         0.0029         0.0190 
BAR-estimator:      0.65000        0.70000       -0.1622         2.3078        -0.1622         0.0031         0.0193 
BAR-estimator:      0.70000        0.75000       -0.1794         2.1283        -0.1794         0.0028         0.0195 
BAR-estimator:      0.75000        0.80000       -0.2015         1.9269        -0.2015         0.0030         0.0197 
BAR-estimator:      0.80000        0.85000       -0.2212         1.7056        -0.2212         0.0027         0.0199 
BAR-estimator:      0.85000        0.90000       -0.2347         1.4709        -0.2347         0.0027         0.0201 
BAR-estimator:      0.90000        0.95000       -0.2468         1.2241        -0.2468         0.0027         0.0203 
BAR-estimator:      0.95000        1.00000       -0.2623         0.9619        -0.2623         0.0027         0.0204 
BAR-estimator: total free energy change is 0.9618714346251679 , total error is 0.02043595134128323
