#========================================================================================
#                     Free energy perturbation    
#----------------------------------------------------------------------------------------
#forward/backward          λ              ΔΔA                 ΔA                  δε   
#                                                 
#----------------------------------------------------------------------------------------
forward:               0.0000              0.0000              0.0000              0.0000  
forward:               0.0500              1.4573              1.4573              0.0199  
forward:               0.1000              0.7981              2.2554              0.0250  
forward:               0.1500              0.4281              2.6836              0.0268  
forward:               0.2000              0.2276              2.9112              0.0280  
forward:               0.2500              0.1487              3.0600              0.0286  
forward:               0.3000              0.0744              3.1344              0.0290  
forward:               0.3500              0.0308              3.1652              0.0294  
forward:               0.4000             -0.0041              3.1610              0.0297  
forward:               0.4500             -0.0346              3.1264              0.0298  
forward:               0.5000             -0.0582              3.0682              0.0301  
forward:               0.5500             -0.1097              2.9585              0.0303  
forward:               0.6000             -0.1823              2.7761              0.0306  
forward:               0.6500             -0.2275              2.5486              0.0308  
forward:               0.7000             -0.2770              2.2716              0.0310  
forward:               0.7500             -0.2988              1.9728              0.0312  
forward:               0.8000             -0.3209              1.6519              0.0314  
forward:               0.8500             -0.3354              1.3165              0.0316  
forward:               0.9000             -0.3546              0.9619              0.0317  
forward:               0.9500             -0.3648              0.5971              0.0319  
forward:               1.0000             -0.3780              0.2191              0.0320  
backward:              1.0000              0.0000              0.2191              0.0000  
backward:              0.9500              0.3787              0.5978              0.0035  
backward:              0.9000              0.3615              0.9593              0.0051  
backward:              0.8500              0.3531              1.3124              0.0063  
backward:              0.8000              0.3394              1.6517              0.0073  
backward:              0.7500              0.3187              1.9704              0.0082  
backward:              0.7000              0.2959              2.2663              0.0091  
backward:              0.6500              0.2775              2.5438              0.0099  
backward:              0.6000              0.2384              2.7823              0.0107  
backward:              0.5500              0.1793              2.9616              0.0116  
backward:              0.5000              0.1080              3.0696              0.0124  
backward:              0.4500              0.0460              3.1157              0.0134  
backward:              0.4000              0.0329              3.1486              0.0142  
backward:              0.3500              0.0062              3.1548              0.0151  
backward:              0.3000             -0.0353              3.1194              0.0161  
backward:              0.2500             -0.0789              3.0405              0.0172  
backward:              0.2000             -0.1542              2.8864              0.0199  
backward:              0.1500             -0.2416              2.6448              0.0221  
backward:              0.1000             -0.3990              2.2458              0.0251  
backward:              0.0500             -0.8011              1.4447              0.0357  
backward:              0.0000             -1.5469             -0.1022              0.1090  
Inaccuracy estimation
======================================================================================================
                   i        i+δi          P0_overlap_P1   δε(forward)/ε   δε(backward)/ε
======================================================================================================
inaccuracy:  0.00000        0.05000           38.60           -0.03            1.86
inaccuracy:  0.05000        0.10000           50.91           -0.03            0.79
inaccuracy:  0.10000        0.15000           60.46           -0.02            0.44
inaccuracy:  0.15000        0.20000           69.03           -0.01            0.22
inaccuracy:  0.20000        0.25000           71.98           -0.01            0.16
inaccuracy:  0.25000        0.30000           74.84           -0.01            0.12
inaccuracy:  0.30000        0.35000           76.08           -0.01            0.10
inaccuracy:  0.35000        0.40000           76.16           -0.01            0.09
inaccuracy:  0.40000        0.45000           77.83           -0.01            0.08
inaccuracy:  0.45000        0.50000           78.88           -0.01            0.07
inaccuracy:  0.50000        0.55000           75.44           -0.02            0.09
inaccuracy:  0.55000        0.60000           76.09           -0.02            0.07
inaccuracy:  0.60000        0.65000           75.57           -0.03            0.06
inaccuracy:  0.65000        0.70000           76.70           -0.02            0.05
inaccuracy:  0.70000        0.75000           77.41           -0.03            0.05
inaccuracy:  0.75000        0.80000           76.90           -0.03            0.05
inaccuracy:  0.80000        0.85000           76.68           -0.02            0.05
inaccuracy:  0.85000        0.90000           77.23           -0.03            0.05
inaccuracy:  0.90000        0.95000           77.17           -0.03            0.05
inaccuracy:  0.95000        1.00000           77.09           -0.03            0.05
===================================================================================================================================
                BAR        
-----------------------------------------------------------------------------------------------------------------------------------
BAR-estimator:         λ             λ+δλ          ΔΔA             ΔA            C               Δδe            δe       
                          
-----------------------------------------------------------------------------------------------------------------------------------
BAR-estimator:      0.00000        0.05000        1.4770         1.4770         1.4770         0.0113         0.0113 
BAR-estimator:      0.05000        0.10000        0.7936         2.2706         0.7936         0.0099         0.0150 
BAR-estimator:      0.10000        0.15000        0.4235         2.6941         0.4235         0.0064         0.0163 
BAR-estimator:      0.15000        0.20000        0.2319         2.9260         0.2319         0.0053         0.0171 
BAR-estimator:      0.20000        0.25000        0.1508         3.0768         0.1508         0.0041         0.0176 
BAR-estimator:      0.25000        0.30000        0.0762         3.1530         0.0762         0.0034         0.0180 
BAR-estimator:      0.30000        0.35000        0.0326         3.1857         0.0326         0.0034         0.0183 
BAR-estimator:      0.35000        0.40000       -0.0060         3.1797        -0.0060         0.0029         0.0185 
BAR-estimator:      0.40000        0.45000       -0.0340         3.1457        -0.0340         0.0021         0.0186 
BAR-estimator:      0.45000        0.50000       -0.0548         3.0909        -0.0548         0.0028         0.0188 
BAR-estimator:      0.50000        0.55000       -0.1084         2.9825        -0.1084         0.0029         0.0191 
BAR-estimator:      0.55000        0.60000       -0.1819         2.8006        -0.1819         0.0027         0.0193 
BAR-estimator:      0.60000        0.65000       -0.2313         2.5693        -0.2313         0.0028         0.0195 
BAR-estimator:      0.65000        0.70000       -0.2782         2.2911        -0.2782         0.0026         0.0196 
BAR-estimator:      0.70000        0.75000       -0.2986         1.9925        -0.2986         0.0028         0.0198 
BAR-estimator:      0.75000        0.80000       -0.3216         1.6709        -0.3216         0.0031         0.0201 
BAR-estimator:      0.80000        0.85000       -0.3366         1.3343        -0.3366         0.0027         0.0203 
BAR-estimator:      0.85000        0.90000       -0.3533         0.9810        -0.3533         0.0029         0.0205 
BAR-estimator:      0.90000        0.95000       -0.3644         0.6166        -0.3644         0.0032         0.0207 
BAR-estimator:      0.95000        1.00000       -0.3782         0.2384        -0.3782         0.0026         0.0209 
BAR-estimator: total free energy change is 0.23839186644452698 , total error is 0.020882343738510636
