#========================================================================================
#                     Free energy perturbation    
#----------------------------------------------------------------------------------------
#forward/backward          λ              ΔΔA                 ΔA                  δε   
#                                                 
#----------------------------------------------------------------------------------------
forward:               0.0000              0.0000              0.0000              0.0000  
forward:               0.0500              1.2507              1.2507              0.0197  
forward:               0.1000              0.7861              2.0368              0.0248  
forward:               0.1500              0.4359              2.4728              0.0276  
forward:               0.2000              0.2617              2.7344              0.0289  
forward:               0.2500              0.1552              2.8896              0.0297  
forward:               0.3000              0.1060              2.9956              0.0304  
forward:               0.3500              0.0537              3.0493              0.0311  
forward:               0.4000              0.0116              3.0609              0.0313  
forward:               0.4500             -0.0150              3.0459              0.0316  
forward:               0.5000             -0.0246              3.0213              0.0322  
forward:               0.5500             -0.1363              2.8850              0.0325  
forward:               0.6000             -0.2983              2.5868              0.0329  
forward:               0.6500             -0.4659              2.1209              0.0338  
forward:               0.7000             -0.6099              1.5110              0.0348  
forward:               0.7500             -0.6871              0.8238              0.0354  
forward:               0.8000             -0.7247              0.0991              0.0359  
forward:               0.8500             -0.7373             -0.6382              0.0363  
forward:               0.9000             -0.7217             -1.3599              0.0367  
forward:               0.9500             -0.6775             -2.0374              0.0369  
forward:               1.0000             -0.6743             -2.7117              0.0372  
backward:              1.0000              0.0000             -2.7117              0.0000  
backward:              0.9500              0.6600             -2.0517              0.0074  
backward:              0.9000              0.6936             -1.3581              0.0092  
backward:              0.8500              0.7202             -0.6380              0.0110  
backward:              0.8000              0.7326              0.0946              0.0123  
backward:              0.7500              0.7336              0.8282              0.0135  
backward:              0.7000              0.6993              1.5275              0.0159  
backward:              0.6500              0.5910              2.1184              0.0178  
backward:              0.6000              0.4478              2.5662              0.0196  
backward:              0.5500              0.3122              2.8784              0.0207  
backward:              0.5000              0.1322              3.0106              0.0217  
backward:              0.4500              0.0298              3.0405              0.0222  
backward:              0.4000             -0.0016              3.0388              0.0231  
backward:              0.3500             -0.0165              3.0224              0.0238  
backward:              0.3000             -0.0568              2.9656              0.0248  
backward:              0.2500             -0.0882              2.8774              0.0258  
backward:              0.2000             -0.1716              2.7059              0.0289  
backward:              0.1500             -0.2674              2.4384              0.0305  
backward:              0.1000             -0.4629              1.9755              0.0330  
backward:              0.0500             -0.8013              1.1742              0.0403  
backward:              0.0000             -1.2833             -0.1091              0.0463  
Inaccuracy estimation
======================================================================================================
                   i        i+δi          P0_overlap_P1   δε(forward)/ε   δε(backward)/ε
======================================================================================================
inaccuracy:  0.00000        0.05000           44.06           -0.03            1.15
inaccuracy:  0.05000        0.10000           50.64           -0.02            0.79
inaccuracy:  0.10000        0.15000           60.62           -0.01            0.45
inaccuracy:  0.15000        0.20000           66.46           -0.01            0.29
inaccuracy:  0.20000        0.25000           69.41           -0.01            0.19
inaccuracy:  0.25000        0.30000           69.66           -0.01            0.17
inaccuracy:  0.30000        0.35000           71.97           -0.01            0.14
inaccuracy:  0.35000        0.40000           74.87           -0.01            0.12
inaccuracy:  0.40000        0.45000           75.60           -0.01            0.11
inaccuracy:  0.45000        0.50000           74.34           -0.01            0.11
inaccuracy:  0.50000        0.55000           68.20           -0.06            0.16
inaccuracy:  0.55000        0.60000           67.38           -0.09            0.11
inaccuracy:  0.60000        0.65000           68.55           -0.08            0.08
inaccuracy:  0.65000        0.70000           68.70           -0.09            0.07
inaccuracy:  0.70000        0.75000           67.00           -0.10            0.07
inaccuracy:  0.75000        0.80000           67.57           -0.07            0.07
inaccuracy:  0.80000        0.85000           68.75           -0.08            0.07
inaccuracy:  0.85000        0.90000           68.43           -0.07            0.08
inaccuracy:  0.90000        0.95000           66.49           -0.09            0.09
inaccuracy:  0.95000        1.00000           67.39           -0.06            0.09
===================================================================================================================================
                BAR        
-----------------------------------------------------------------------------------------------------------------------------------
BAR-estimator:         λ             λ+δλ          ΔΔA             ΔA            C               Δδe            δe       
                          
-----------------------------------------------------------------------------------------------------------------------------------
BAR-estimator:      0.00000        0.05000        1.2749         1.2749         1.2749         0.0105         0.0105 
BAR-estimator:      0.05000        0.10000        0.7853         2.0602         0.7853         0.0091         0.0139 
BAR-estimator:      0.10000        0.15000        0.4507         2.5109         0.4507         0.0078         0.0159 
BAR-estimator:      0.15000        0.20000        0.2734         2.7843         0.2734         0.0052         0.0168 
BAR-estimator:      0.20000        0.25000        0.1567         2.9410         0.1567         0.0046         0.0174 
BAR-estimator:      0.25000        0.30000        0.1017         3.0427         0.1017         0.0048         0.0180 
BAR-estimator:      0.30000        0.35000        0.0528         3.0955         0.0528         0.0044         0.0186 
BAR-estimator:      0.35000        0.40000        0.0162         3.1117         0.0162         0.0041         0.0190 
BAR-estimator:      0.40000        0.45000       -0.0093         3.1024        -0.0093         0.0033         0.0193 
BAR-estimator:      0.45000        0.50000       -0.0249         3.0775        -0.0249         0.0041         0.0197 
BAR-estimator:      0.50000        0.55000       -0.1348         2.9427        -0.1348         0.0032         0.0200 
BAR-estimator:      0.55000        0.60000       -0.3020         2.6407        -0.3020         0.0035         0.0203 
BAR-estimator:      0.60000        0.65000       -0.4578         2.1830        -0.4578         0.0053         0.0209 
BAR-estimator:      0.65000        0.70000       -0.6005         1.5825        -0.6005         0.0043         0.0214 
BAR-estimator:      0.70000        0.75000       -0.6925         0.8900        -0.6925         0.0043         0.0218 
BAR-estimator:      0.75000        0.80000       -0.7265         0.1635        -0.7265         0.0040         0.0222 
BAR-estimator:      0.80000        0.85000       -0.7331        -0.5697        -0.7331         0.0037         0.0225 
BAR-estimator:      0.85000        0.90000       -0.7190        -1.2887        -0.7190         0.0040         0.0228 
BAR-estimator:      0.90000        0.95000       -0.6847        -1.9734        -0.6847         0.0046         0.0233 
BAR-estimator:      0.95000        1.00000       -0.6716        -2.6450        -0.6716         0.0041         0.0237 
BAR-estimator: total free energy change is -2.644978457254817 , total error is 0.02366163257276078
