#========================================================================================
#                     Free energy perturbation    
#----------------------------------------------------------------------------------------
#forward/backward          λ              ΔΔA                 ΔA                  δε   
#                                                 
#----------------------------------------------------------------------------------------
forward:               0.0000              0.0000              0.0000              0.0000  
forward:               0.0500              1.4832              1.4832              0.0242  
forward:               0.1000              0.9324              2.4156              0.0294  
forward:               0.1500              0.5393              2.9549              0.0321  
forward:               0.2000              0.3147              3.2696              0.0333  
forward:               0.2500              0.2066              3.4762              0.0343  
forward:               0.3000              0.1002              3.5763              0.0347  
forward:               0.3500              0.0541              3.6305              0.0353  
forward:               0.4000              0.0201              3.6506              0.0357  
forward:               0.4500              0.0009              3.6515              0.0361  
forward:               0.5000             -0.0309              3.6206              0.0364  
forward:               0.5500             -0.1291              3.4915              0.0368  
forward:               0.6000             -0.2990              3.1925              0.0373  
forward:               0.6500             -0.4594              2.7331              0.0380  
forward:               0.7000             -0.6012              2.1318              0.0389  
forward:               0.7500             -0.7022              1.4296              0.0395  
forward:               0.8000             -0.7285              0.7011              0.0399  
forward:               0.8500             -0.7308             -0.0297              0.0404  
forward:               0.9000             -0.6994             -0.7291              0.0405  
forward:               0.9500             -0.6750             -1.4041              0.0408  
forward:               1.0000             -0.6444             -2.0486              0.0411  
backward:              1.0000              0.0000             -2.0486              0.0000  
backward:              0.9500              0.6499             -1.3987              0.0062  
backward:              0.9000              0.6683             -0.7303              0.0089  
backward:              0.8500              0.6905             -0.0398              0.0150  
backward:              0.8000              0.7374              0.6976              0.0170  
backward:              0.7500              0.7259              1.4234              0.0187  
backward:              0.7000              0.7040              2.1274              0.0201  
backward:              0.6500              0.5974              2.7248              0.0218  
backward:              0.6000              0.4722              3.1969              0.0236  
backward:              0.5500              0.3102              3.5071              0.0247  
backward:              0.5000              0.1466              3.6537              0.0256  
backward:              0.4500              0.0403              3.6941              0.0262  
backward:              0.4000              0.0139              3.7080              0.0269  
backward:              0.3500             -0.0204              3.6876              0.0276  
backward:              0.3000             -0.0703              3.6173              0.0287  
backward:              0.2500             -0.1232              3.4941              0.0300  
backward:              0.2000             -0.1974              3.2967              0.0315  
backward:              0.1500             -0.3099              2.9868              0.0339  
backward:              0.1000             -0.5095              2.4772              0.0364  
backward:              0.0500             -0.9478              1.5294              0.0563  
backward:              0.0000             -1.5380             -0.0086              0.0691  
Inaccuracy estimation
======================================================================================================
                   i        i+δi          P0_overlap_P1   δε(forward)/ε   δε(backward)/ε
======================================================================================================
inaccuracy:  0.00000        0.05000           37.92           -0.03            1.54
inaccuracy:  0.05000        0.10000           45.97           -0.04            1.00
inaccuracy:  0.10000        0.15000           54.87           -0.03            0.59
inaccuracy:  0.15000        0.20000           62.12           -0.02            0.35
inaccuracy:  0.20000        0.25000           65.44           -0.02            0.24
inaccuracy:  0.25000        0.30000           69.63           -0.01            0.17
inaccuracy:  0.30000        0.35000           71.20           -0.02            0.16
inaccuracy:  0.35000        0.40000           71.12           -0.02            0.14
inaccuracy:  0.40000        0.45000           70.92           -0.01            0.14
inaccuracy:  0.45000        0.50000           71.93           -0.01            0.13
inaccuracy:  0.50000        0.55000           66.26           -0.08            0.17
inaccuracy:  0.55000        0.60000           66.20           -0.09            0.12
inaccuracy:  0.60000        0.65000           65.61           -0.10            0.10
inaccuracy:  0.65000        0.70000           65.59           -0.10            0.09
inaccuracy:  0.70000        0.75000           66.58           -0.09            0.08
inaccuracy:  0.75000        0.80000           66.54           -0.10            0.07
inaccuracy:  0.80000        0.85000           66.47           -0.08            0.08
inaccuracy:  0.85000        0.90000           65.90           -0.09            0.09
inaccuracy:  0.90000        0.95000           66.81           -0.09            0.09
inaccuracy:  0.95000        1.00000           64.95           -0.08            0.10
===================================================================================================================================
                BAR        
-----------------------------------------------------------------------------------------------------------------------------------
BAR-estimator:         λ             λ+δλ          ΔΔA             ΔA            C               Δδe            δe       
                          
-----------------------------------------------------------------------------------------------------------------------------------
BAR-estimator:      0.00000        0.05000        1.4996         1.4996         1.4996         0.0124         0.0124 
BAR-estimator:      0.05000        0.10000        0.9240         2.4237         0.9240         0.0095         0.0157 
BAR-estimator:      0.10000        0.15000        0.5376         2.9613         0.5376         0.0079         0.0176 
BAR-estimator:      0.15000        0.20000        0.3103         3.2716         0.3103         0.0059         0.0185 
BAR-estimator:      0.20000        0.25000        0.2033         3.4750         0.2033         0.0055         0.0194 
BAR-estimator:      0.25000        0.30000        0.1059         3.5809         0.1059         0.0041         0.0198 
BAR-estimator:      0.30000        0.35000        0.0610         3.6419         0.0610         0.0044         0.0203 
BAR-estimator:      0.35000        0.40000        0.0199         3.6618         0.0199         0.0043         0.0207 
BAR-estimator:      0.40000        0.45000       -0.0031         3.6587        -0.0031         0.0039         0.0211 
BAR-estimator:      0.45000        0.50000       -0.0326         3.6261        -0.0326         0.0035         0.0214 
BAR-estimator:      0.50000        0.55000       -0.1331         3.4930        -0.1331         0.0038         0.0217 
BAR-estimator:      0.55000        0.60000       -0.3042         3.1888        -0.3042         0.0039         0.0220 
BAR-estimator:      0.60000        0.65000       -0.4647         2.7241        -0.4647         0.0043         0.0225 
BAR-estimator:      0.65000        0.70000       -0.5988         2.1253        -0.5988         0.0056         0.0231 
BAR-estimator:      0.70000        0.75000       -0.7020         1.4233        -0.7020         0.0047         0.0236 
BAR-estimator:      0.75000        0.80000       -0.7324         0.6908        -0.7324         0.0042         0.0240 
BAR-estimator:      0.80000        0.85000       -0.7356        -0.0448        -0.7356         0.0039         0.0243 
BAR-estimator:      0.85000        0.90000       -0.7044        -0.7492        -0.7044         0.0040         0.0246 
BAR-estimator:      0.90000        0.95000       -0.6754        -1.4246        -0.6754         0.0042         0.0250 
BAR-estimator:      0.95000        1.00000       -0.6476        -2.0722        -0.6476         0.0041         0.0253 
BAR-estimator: total free energy change is -2.072212046643296 , total error is 0.0253314340375324
