#========================================================================================
#                     Free energy perturbation    
#----------------------------------------------------------------------------------------
#forward/backward          λ              ΔΔA                 ΔA                  δε   
#                                                 
#----------------------------------------------------------------------------------------
forward:               0.0000              0.0000              0.0000              0.0000  
forward:               0.0500              1.7961              1.7961              0.0241  
forward:               0.1000              1.0721              2.8682              0.0312  
forward:               0.1500              0.5602              3.4284              0.0361  
forward:               0.2000              0.2703              3.6987              0.0374  
forward:               0.2500              0.1412              3.8400              0.0383  
forward:               0.3000              0.0346              3.8746              0.0388  
forward:               0.3500             -0.0202              3.8543              0.0394  
forward:               0.4000             -0.0608              3.7936              0.0399  
forward:               0.4500             -0.0896              3.7040              0.0401  
forward:               0.5000             -0.1129              3.5911              0.0403  
forward:               0.5500             -0.2400              3.3510              0.0409  
forward:               0.6000             -0.5103              2.8407              0.0414  
forward:               0.6500             -0.7564              2.0844              0.0420  
forward:               0.7000             -0.9282              1.1561              0.0425  
forward:               0.7500             -1.0747              0.0815              0.0430  
forward:               0.8000             -1.1647             -1.0832              0.0433  
forward:               0.8500             -1.2165             -2.2997              0.0438  
forward:               0.9000             -1.2527             -3.5524              0.0441  
forward:               0.9500             -1.2521             -4.8044              0.0444  
forward:               1.0000             -1.2615             -6.0659              0.0447  
backward:              1.0000              0.0000             -6.0659              0.0000  
backward:              0.9500              1.2706             -4.7953              0.0053  
backward:              0.9000              1.2450             -3.5503              0.0098  
backward:              0.8500              1.2350             -2.3153              0.0123  
backward:              0.8000              1.1987             -1.1166              0.0138  
backward:              0.7500              1.1763              0.0597              0.0154  
backward:              0.7000              1.0703              1.1300              0.0170  
backward:              0.6500              0.9345              2.0645              0.0187  
backward:              0.6000              0.7429              2.8074              0.0204  
backward:              0.5500              0.5022              3.3096              0.0217  
backward:              0.5000              0.2452              3.5549              0.0229  
backward:              0.4500              0.1096              3.6644              0.0239  
backward:              0.4000              0.0818              3.7462              0.0246  
backward:              0.3500              0.0637              3.8099              0.0254  
backward:              0.3000              0.0317              3.8416              0.0264  
backward:              0.2500             -0.0594              3.7822              0.0341  
backward:              0.2000             -0.1315              3.6507              0.0354  
backward:              0.1500             -0.2812              3.3695              0.0377  
backward:              0.1000             -0.5485              2.8209              0.0459  
backward:              0.0500             -1.0582              1.7627              0.0546  
backward:              0.0000             -1.7212              0.0415              0.0637  
Inaccuracy estimation
======================================================================================================
                   i        i+δi          P0_overlap_P1   δε(forward)/ε   δε(backward)/ε
======================================================================================================
inaccuracy:  0.00000        0.05000           35.74           -0.02            2.00
inaccuracy:  0.05000        0.10000           42.03           -0.05            1.23
inaccuracy:  0.10000        0.15000           51.66           -0.04            0.69
inaccuracy:  0.15000        0.20000           62.22           -0.02            0.37
inaccuracy:  0.20000        0.25000           65.33           -0.03            0.27
inaccuracy:  0.25000        0.30000           69.32           -0.02            0.19
inaccuracy:  0.30000        0.35000           69.84           -0.01            0.16
inaccuracy:  0.35000        0.40000           71.55           -0.02            0.14
inaccuracy:  0.40000        0.45000           73.05           -0.02            0.11
inaccuracy:  0.45000        0.50000           72.81           -0.02            0.10
inaccuracy:  0.50000        0.55000           63.49           -0.09            0.16
inaccuracy:  0.55000        0.60000           64.15           -0.12            0.11
inaccuracy:  0.60000        0.65000           65.27           -0.12            0.08
inaccuracy:  0.65000        0.70000           64.62           -0.14            0.06
inaccuracy:  0.70000        0.75000           66.08           -0.12            0.04
inaccuracy:  0.75000        0.80000           65.73           -0.12            0.03
inaccuracy:  0.80000        0.85000           67.54           -0.12            0.03
inaccuracy:  0.85000        0.90000           66.73           -0.11            0.03
inaccuracy:  0.90000        0.95000           65.35           -0.13            0.03
inaccuracy:  0.95000        1.00000           63.91           -0.13            0.03
===================================================================================================================================
                BAR        
-----------------------------------------------------------------------------------------------------------------------------------
BAR-estimator:         λ             λ+δλ          ΔΔA             ΔA            C               Δδe            δe       
                          
-----------------------------------------------------------------------------------------------------------------------------------
BAR-estimator:      0.00000        0.05000        1.7733         1.7733         1.7733         0.0064         0.0064 
BAR-estimator:      0.05000        0.10000        1.0600         2.8332         1.0600         0.0107         0.0125 
BAR-estimator:      0.10000        0.15000        0.5476         3.3809         0.5476         0.0118         0.0172 
BAR-estimator:      0.15000        0.20000        0.2786         3.6595         0.2786         0.0062         0.0183 
BAR-estimator:      0.20000        0.25000        0.1396         3.7991         0.1396         0.0052         0.0190 
BAR-estimator:      0.25000        0.30000        0.0386         3.8377         0.0386         0.0046         0.0195 
BAR-estimator:      0.30000        0.35000       -0.0217         3.8160        -0.0217         0.0046         0.0201 
BAR-estimator:      0.35000        0.40000       -0.0597         3.7563        -0.0597         0.0043         0.0205 
BAR-estimator:      0.40000        0.45000       -0.0856         3.6707        -0.0856         0.0030         0.0207 
BAR-estimator:      0.45000        0.50000       -0.1117         3.5590        -0.1117         0.0031         0.0210 
BAR-estimator:      0.50000        0.55000       -0.2375         3.3215        -0.2375         0.0040         0.0213 
BAR-estimator:      0.55000        0.60000       -0.5054         2.8161        -0.5054         0.0044         0.0218 
BAR-estimator:      0.60000        0.65000       -0.7476         2.0685        -0.7476         0.0043         0.0222 
BAR-estimator:      0.65000        0.70000       -0.9329         1.1357        -0.9329         0.0045         0.0227 
BAR-estimator:      0.70000        0.75000       -1.0744         0.0613        -1.0744         0.0046         0.0231 
BAR-estimator:      0.75000        0.80000       -1.1700        -1.1087        -1.1700         0.0039         0.0235 
BAR-estimator:      0.80000        0.85000       -1.2083        -2.3170        -1.2083         0.0043         0.0238 
BAR-estimator:      0.85000        0.90000       -1.2472        -3.5642        -1.2472         0.0043         0.0242 
BAR-estimator:      0.90000        0.95000       -1.2538        -4.8180        -1.2538         0.0045         0.0247 
BAR-estimator:      0.95000        1.00000       -1.2675        -6.0855        -1.2675         0.0043         0.0250 
BAR-estimator: total free energy change is -6.085476721478653 , total error is 0.025021115326175618
