#========================================================================================
#                     Free energy perturbation    
#----------------------------------------------------------------------------------------
#forward/backward          λ              ΔΔA                 ΔA                  δε   
#                                                 
#----------------------------------------------------------------------------------------
forward:               0.0000              0.0000              0.0000              0.0000  
forward:               0.0500              0.6720              0.6720              0.0130  
forward:               0.1000              0.4180              1.0900              0.0155  
forward:               0.1500              0.2610              1.3510              0.0172  
forward:               0.2000              0.1694              1.5205              0.0183  
forward:               0.2500              0.1252              1.6457              0.0191  
forward:               0.3000              0.0835              1.7291              0.0197  
forward:               0.3500              0.0606              1.7897              0.0201  
forward:               0.4000              0.0357              1.8254              0.0206  
forward:               0.4500              0.0231              1.8485              0.0213  
forward:               0.5000             -0.0097              1.8388              0.0217  
forward:               0.5500             -0.1830              1.6557              0.0226  
forward:               0.6000             -0.5137              1.1420              0.0235  
forward:               0.6500             -0.8155              0.3265              0.0244  
forward:               0.7000             -1.0620             -0.7355              0.0255  
forward:               0.7500             -1.2287             -1.9642              0.0261  
forward:               0.8000             -1.3260             -3.2902              0.0266  
forward:               0.8500             -1.3803             -4.6705              0.0272  
forward:               0.9000             -1.4222             -6.0927              0.0278  
forward:               0.9500             -1.4267             -7.5194              0.0281  
forward:               1.0000             -1.4329             -8.9523              0.0286  
backward:              1.0000              0.0000             -8.9523              0.0000  
backward:              0.9500              1.4267             -7.5255              0.0070  
backward:              0.9000              1.4207             -6.1048              0.0101  
backward:              0.8500              1.4254             -4.6794              0.0121  
backward:              0.8000              1.3832             -3.2962              0.0140  
backward:              0.7500              1.3254             -1.9708              0.0155  
backward:              0.7000              1.2295             -0.7413              0.0166  
backward:              0.6500              1.0638              0.3225              0.0179  
backward:              0.6000              0.8017              1.1241              0.0192  
backward:              0.5500              0.5120              1.6362              0.0198  
backward:              0.5000              0.1886              1.8248              0.0209  
backward:              0.4500             -0.0030              1.8218              0.0214  
backward:              0.4000             -0.0222              1.7996              0.0220  
backward:              0.3500             -0.0329              1.7667              0.0225  
backward:              0.3000             -0.0600              1.7068              0.0231  
backward:              0.2500             -0.0778              1.6290              0.0237  
backward:              0.2000             -0.1207              1.5083              0.0245  
backward:              0.1500             -0.1787              1.3296              0.0257  
backward:              0.1000             -0.2565              1.0731              0.0275  
backward:              0.0500             -0.4041              0.6690              0.0303  
backward:              0.0000             -0.6883             -0.0193              0.0361  
Inaccuracy estimation
======================================================================================================
                   i        i+δi          P0_overlap_P1   δε(forward)/ε   δε(backward)/ε
======================================================================================================
inaccuracy:  0.00000        0.05000           56.53           -0.01            0.57
inaccuracy:  0.05000        0.10000           63.62           -0.01            0.38
inaccuracy:  0.10000        0.15000           69.49           -0.00            0.22
inaccuracy:  0.15000        0.20000           74.25           -0.00            0.15
inaccuracy:  0.20000        0.25000           75.18           -0.00            0.13
inaccuracy:  0.25000        0.30000           76.45           -0.00            0.10
inaccuracy:  0.30000        0.35000           77.60           -0.00            0.09
inaccuracy:  0.35000        0.40000           78.43           -0.01            0.09
inaccuracy:  0.40000        0.45000           78.32           -0.00            0.07
inaccuracy:  0.45000        0.50000           81.92           -0.01            0.07
inaccuracy:  0.50000        0.55000           65.33           -0.10            0.16
inaccuracy:  0.55000        0.60000           65.75           -0.14            0.08
inaccuracy:  0.60000        0.65000           65.48           -0.14            0.05
inaccuracy:  0.65000        0.70000           65.49           -0.15            0.03
inaccuracy:  0.70000        0.75000           67.53           -0.14            0.01
inaccuracy:  0.75000        0.80000           66.83           -0.13            0.01
inaccuracy:  0.80000        0.85000           66.58           -0.16            0.01
inaccuracy:  0.85000        0.90000           66.22           -0.12            0.01
inaccuracy:  0.90000        0.95000           66.09           -0.15            0.01
inaccuracy:  0.95000        1.00000           65.54           -0.13            0.01
===================================================================================================================================
                BAR        
-----------------------------------------------------------------------------------------------------------------------------------
BAR-estimator:         λ             λ+δλ          ΔΔA             ΔA            C               Δδe            δe       
                          
-----------------------------------------------------------------------------------------------------------------------------------
BAR-estimator:      0.00000        0.05000        0.6795         0.6795         0.6795         0.0081         0.0081 
BAR-estimator:      0.05000        0.10000        0.4166         1.0962         0.4166         0.0057         0.0099 
BAR-estimator:      0.10000        0.15000        0.2613         1.3575         0.2613         0.0051         0.0112 
BAR-estimator:      0.15000        0.20000        0.1712         1.5287         0.1712         0.0041         0.0119 
BAR-estimator:      0.20000        0.25000        0.1237         1.6523         0.1237         0.0039         0.0125 
BAR-estimator:      0.25000        0.30000        0.0807         1.7330         0.0807         0.0033         0.0129 
BAR-estimator:      0.30000        0.35000        0.0597         1.7927         0.0597         0.0028         0.0132 
BAR-estimator:      0.35000        0.40000        0.0341         1.8268         0.0341         0.0030         0.0136 
BAR-estimator:      0.40000        0.45000        0.0212         1.8480         0.0212         0.0026         0.0138 
BAR-estimator:      0.45000        0.50000       -0.0046         1.8434        -0.0046         0.0027         0.0141 
BAR-estimator:      0.50000        0.55000       -0.1847         1.6586        -0.1847         0.0033         0.0144 
BAR-estimator:      0.55000        0.60000       -0.5122         1.1464        -0.5122         0.0042         0.0151 
BAR-estimator:      0.60000        0.65000       -0.8062         0.3402        -0.8062         0.0041         0.0156 
BAR-estimator:      0.65000        0.70000       -1.0616        -0.7214        -1.0616         0.0037         0.0160 
BAR-estimator:      0.70000        0.75000       -1.2273        -1.9486        -1.2273         0.0041         0.0166 
BAR-estimator:      0.75000        0.80000       -1.3267        -3.2753        -1.3267         0.0038         0.0170 
BAR-estimator:      0.80000        0.85000       -1.3844        -4.6597        -1.3844         0.0041         0.0175 
BAR-estimator:      0.85000        0.90000       -1.4215        -6.0812        -1.4215         0.0043         0.0180 
BAR-estimator:      0.90000        0.95000       -1.4257        -7.5069        -1.4257         0.0042         0.0185 
BAR-estimator:      0.95000        1.00000       -1.4328        -8.9397        -1.4328         0.0044         0.0190 
BAR-estimator: total free energy change is -8.939716675161668 , total error is 0.018988066181480506
