#========================================================================================
#                     Free energy perturbation    
#----------------------------------------------------------------------------------------
#forward/backward          λ              ΔΔA                 ΔA                  δε   
#                                                 
#----------------------------------------------------------------------------------------
forward:               0.0000              0.0000              0.0000              0.0000  
forward:               0.0500              1.5802              1.5802              0.0254  
forward:               0.1000              0.8792              2.4594              0.0309  
forward:               0.1500              0.4747              2.9340              0.0338  
forward:               0.2000              0.2721              3.2061              0.0350  
forward:               0.2500              0.1380              3.3441              0.0357  
forward:               0.3000              0.0765              3.4206              0.0363  
forward:               0.3500              0.0133              3.4340              0.0366  
forward:               0.4000             -0.0178              3.4162              0.0371  
forward:               0.4500             -0.0469              3.3693              0.0374  
forward:               0.5000             -0.0720              3.2973              0.0377  
forward:               0.5500             -0.1391              3.1582              0.0380  
forward:               0.6000             -0.2820              2.8762              0.0384  
forward:               0.6500             -0.4079              2.4683              0.0388  
forward:               0.7000             -0.5262              1.9421              0.0393  
forward:               0.7500             -0.6173              1.3249              0.0397  
forward:               0.8000             -0.7013              0.6235              0.0401  
forward:               0.8500             -0.7257             -0.1022              0.0403  
forward:               0.9000             -0.7577             -0.8598              0.0406  
forward:               0.9500             -0.7606             -1.6204              0.0408  
forward:               1.0000             -0.7708             -2.3912              0.0411  
backward:              1.0000              0.0000             -2.3912              0.0000  
backward:              0.9500              0.7757             -1.6155              0.0062  
backward:              0.9000              0.7768             -0.8386              0.0082  
backward:              0.8500              0.7548             -0.0839              0.0101  
backward:              0.8000              0.7291              0.6452              0.0117  
backward:              0.7500              0.6961              1.3413              0.0131  
backward:              0.7000              0.6311              1.9724              0.0143  
backward:              0.6500              0.5443              2.5167              0.0155  
backward:              0.6000              0.4002              2.9170              0.0182  
backward:              0.5500              0.2863              3.2033              0.0193  
backward:              0.5000              0.1330              3.3363              0.0205  
backward:              0.4500              0.0667              3.4030              0.0211  
backward:              0.4000              0.0340              3.4370              0.0220  
backward:              0.3500              0.0167              3.4536              0.0229  
backward:              0.3000             -0.0308              3.4228              0.0240  
backward:              0.2500             -0.0798              3.3430              0.0253  
backward:              0.2000             -0.1616              3.1814              0.0267  
backward:              0.1500             -0.2466              2.9348              0.0293  
backward:              0.1000             -0.4967              2.4382              0.0354  
backward:              0.0500             -0.8448              1.5933              0.0426  
backward:              0.0000             -1.5770              0.0163              0.0522  
Inaccuracy estimation
======================================================================================================
                   i        i+δi          P0_overlap_P1   δε(forward)/ε   δε(backward)/ε
======================================================================================================
inaccuracy:  0.00000        0.05000           36.24           -0.03            1.71
inaccuracy:  0.05000        0.10000           45.94           -0.04            1.05
inaccuracy:  0.10000        0.15000           58.08           -0.02            0.51
inaccuracy:  0.15000        0.20000           62.13           -0.02            0.30
inaccuracy:  0.20000        0.25000           69.58           -0.01            0.21
inaccuracy:  0.25000        0.30000           69.45           -0.01            0.16
inaccuracy:  0.30000        0.35000           73.29           -0.01            0.13
inaccuracy:  0.35000        0.40000           73.15           -0.01            0.12
inaccuracy:  0.40000        0.45000           74.86           -0.02            0.10
inaccuracy:  0.45000        0.50000           74.84           -0.01            0.10
inaccuracy:  0.50000        0.55000           69.29           -0.06            0.12
inaccuracy:  0.55000        0.60000           68.60           -0.07            0.11
inaccuracy:  0.60000        0.65000           69.27           -0.07            0.09
inaccuracy:  0.65000        0.70000           67.64           -0.08            0.08
inaccuracy:  0.70000        0.75000           68.44           -0.07            0.07
inaccuracy:  0.75000        0.80000           70.08           -0.07            0.06
inaccuracy:  0.80000        0.85000           69.45           -0.08            0.06
inaccuracy:  0.85000        0.90000           69.61           -0.07            0.06
inaccuracy:  0.90000        0.95000           68.14           -0.08            0.06
inaccuracy:  0.95000        1.00000           68.80           -0.08            0.06
===================================================================================================================================
                BAR        
-----------------------------------------------------------------------------------------------------------------------------------
BAR-estimator:         λ             λ+δλ          ΔΔA             ΔA            C               Δδe            δe       
                          
-----------------------------------------------------------------------------------------------------------------------------------
BAR-estimator:      0.00000        0.05000        1.6201         1.6201         1.6201         0.0125         0.0125 
BAR-estimator:      0.05000        0.10000        0.8763         2.4964         0.8763         0.0096         0.0158 
BAR-estimator:      0.10000        0.15000        0.4783         2.9748         0.4783         0.0083         0.0178 
BAR-estimator:      0.15000        0.20000        0.2627         3.2375         0.2627         0.0059         0.0188 
BAR-estimator:      0.20000        0.25000        0.1496         3.3872         0.1496         0.0049         0.0194 
BAR-estimator:      0.25000        0.30000        0.0750         3.4621         0.0750         0.0043         0.0199 
BAR-estimator:      0.30000        0.35000        0.0195         3.4817         0.0195         0.0037         0.0202 
BAR-estimator:      0.35000        0.40000       -0.0168         3.4648        -0.0168         0.0035         0.0205 
BAR-estimator:      0.40000        0.45000       -0.0434         3.4215        -0.0434         0.0034         0.0208 
BAR-estimator:      0.45000        0.50000       -0.0697         3.3517        -0.0697         0.0031         0.0210 
BAR-estimator:      0.50000        0.55000       -0.1386         3.2131        -0.1386         0.0034         0.0213 
BAR-estimator:      0.55000        0.60000       -0.2867         2.9264        -0.2867         0.0037         0.0216 
BAR-estimator:      0.60000        0.65000       -0.4063         2.5201        -0.4063         0.0039         0.0220 
BAR-estimator:      0.65000        0.70000       -0.5353         1.9848        -0.5353         0.0041         0.0223 
BAR-estimator:      0.70000        0.75000       -0.6236         1.3612        -0.6236         0.0051         0.0229 
BAR-estimator:      0.75000        0.80000       -0.6987         0.6626        -0.6987         0.0038         0.0232 
BAR-estimator:      0.80000        0.85000       -0.7288        -0.0663        -0.7288         0.0035         0.0235 
BAR-estimator:      0.85000        0.90000       -0.7568        -0.8231        -0.7568         0.0041         0.0238 
BAR-estimator:      0.90000        0.95000       -0.7682        -1.5913        -0.7682         0.0036         0.0241 
BAR-estimator:      0.95000        1.00000       -0.7738        -2.3651        -0.7738         0.0036         0.0244 
BAR-estimator: total free energy change is -2.3650590978842665 , total error is 0.02439505079014931
