#========================================================================================
#                     Free energy perturbation    
#----------------------------------------------------------------------------------------
#forward/backward          λ              ΔΔA                 ΔA                  δε   
#                                                 
#----------------------------------------------------------------------------------------
forward:               0.0000              0.0000              0.0000              0.0000  
forward:               0.0500              1.6681              1.6681              0.0205  
forward:               0.1000              1.0579              2.7261              0.0252  
forward:               0.1500              0.5943              3.3203              0.0307  
forward:               0.2000              0.3115              3.6319              0.0321  
forward:               0.2500              0.1731              3.8049              0.0329  
forward:               0.3000              0.0647              3.8696              0.0334  
forward:               0.3500              0.0183              3.8879              0.0339  
forward:               0.4000             -0.0399              3.8480              0.0342  
forward:               0.4500             -0.0688              3.7792              0.0345  
forward:               0.5000             -0.1003              3.6789              0.0348  
forward:               0.5500             -0.2956              3.3833              0.0353  
forward:               0.6000             -0.6176              2.7657              0.0359  
forward:               0.6500             -0.9167              1.8490              0.0367  
forward:               0.7000             -1.1456              0.7034              0.0378  
forward:               0.7500             -1.3108             -0.6073              0.0390  
forward:               0.8000             -1.3926             -1.9999              0.0396  
forward:               0.8500             -1.4241             -3.4240              0.0401  
forward:               0.9000             -1.4487             -4.8726              0.0405  
forward:               0.9500             -1.4517             -6.3243              0.0409  
forward:               1.0000             -1.4276             -7.7519              0.0423  
backward:              1.0000              0.0000             -7.7519              0.0000  
backward:              0.9500              1.4348             -6.3172              0.0081  
backward:              0.9000              1.4374             -4.8798              0.0112  
backward:              0.8500              1.4463             -3.4335              0.0176  
backward:              0.8000              1.4308             -2.0027              0.0193  
backward:              0.7500              1.3963             -0.6064              0.0205  
backward:              0.7000              1.2904              0.6840              0.0221  
backward:              0.6500              1.1434              1.8274              0.0236  
backward:              0.6000              0.8914              2.7188              0.0248  
backward:              0.5500              0.6258              3.3446              0.0258  
backward:              0.5000              0.2827              3.6273              0.0273  
backward:              0.4500              0.1016              3.7289              0.0278  
backward:              0.4000              0.0704              3.7992              0.0284  
backward:              0.3500              0.0395              3.8387              0.0292  
backward:              0.3000             -0.0174              3.8213              0.0300  
backward:              0.2500             -0.0786              3.7427              0.0310  
backward:              0.2000             -0.1659              3.5767              0.0323  
backward:              0.1500             -0.3353              3.2414              0.0358  
backward:              0.1000             -0.5957              2.6457              0.0383  
backward:              0.0500             -1.1523              1.4934              0.1172  
backward:              0.0000             -1.6315             -0.1381              0.1253  
Inaccuracy estimation
======================================================================================================
                   i        i+δi          P0_overlap_P1   δε(forward)/ε   δε(backward)/ε
======================================================================================================
inaccuracy:  0.00000        0.05000           35.62           -0.03            1.80
inaccuracy:  0.05000        0.10000           43.41           -0.06            1.16
inaccuracy:  0.10000        0.15000           52.89           -0.03            0.67
inaccuracy:  0.15000        0.20000           60.11           -0.03            0.38
inaccuracy:  0.20000        0.25000           63.88           -0.02            0.27
inaccuracy:  0.25000        0.30000           67.76           -0.02            0.20
inaccuracy:  0.30000        0.35000           68.30           -0.02            0.18
inaccuracy:  0.35000        0.40000           69.72           -0.02            0.14
inaccuracy:  0.40000        0.45000           70.70           -0.02            0.14
inaccuracy:  0.45000        0.50000           71.60           -0.03            0.12
inaccuracy:  0.50000        0.55000           60.90           -0.13            0.17
inaccuracy:  0.55000        0.60000           60.42           -0.17            0.12
inaccuracy:  0.60000        0.65000           61.95           -0.16            0.08
inaccuracy:  0.65000        0.70000           61.05           -0.15            0.05
inaccuracy:  0.70000        0.75000           62.95           -0.19            0.03
inaccuracy:  0.75000        0.80000           62.35           -0.21            0.02
inaccuracy:  0.80000        0.85000           61.65           -0.20            0.02
inaccuracy:  0.85000        0.90000           61.47           -0.19            0.03
inaccuracy:  0.90000        0.95000           61.74           -0.18            0.03
inaccuracy:  0.95000        1.00000           59.09           -0.20            0.04
===================================================================================================================================
                BAR        
-----------------------------------------------------------------------------------------------------------------------------------
BAR-estimator:         λ             λ+δλ          ΔΔA             ΔA            C               Δδe            δe       
                          
-----------------------------------------------------------------------------------------------------------------------------------
BAR-estimator:      0.00000        0.05000        1.6550         1.6550         1.6550         0.0112         0.0112 
BAR-estimator:      0.05000        0.10000        1.0492         2.7042         1.0492         0.0096         0.0148 
BAR-estimator:      0.10000        0.15000        0.6024         3.3066         0.6024         0.0123         0.0192 
BAR-estimator:      0.15000        0.20000        0.3146         3.6212         0.3146         0.0071         0.0205 
BAR-estimator:      0.20000        0.25000        0.1715         3.7927         0.1715         0.0051         0.0211 
BAR-estimator:      0.25000        0.30000        0.0737         3.8664         0.0737         0.0042         0.0215 
BAR-estimator:      0.30000        0.35000        0.0192         3.8855         0.0192         0.0044         0.0219 
BAR-estimator:      0.35000        0.40000       -0.0399         3.8457        -0.0399         0.0029         0.0221 
BAR-estimator:      0.40000        0.45000       -0.0696         3.7761        -0.0696         0.0034         0.0224 
BAR-estimator:      0.45000        0.50000       -0.1011         3.6750        -0.1011         0.0033         0.0226 
BAR-estimator:      0.50000        0.55000       -0.2933         3.3817        -0.2933         0.0040         0.0230 
BAR-estimator:      0.55000        0.60000       -0.6215         2.7602        -0.6215         0.0039         0.0233 
BAR-estimator:      0.60000        0.65000       -0.9054         1.8549        -0.9054         0.0041         0.0237 
BAR-estimator:      0.65000        0.70000       -1.1407         0.7142        -1.1407         0.0044         0.0241 
BAR-estimator:      0.70000        0.75000       -1.3056        -0.5914        -1.3056         0.0039         0.0244 
BAR-estimator:      0.75000        0.80000       -1.3942        -1.9857        -1.3942         0.0046         0.0248 
BAR-estimator:      0.80000        0.85000       -1.4279        -3.4136        -1.4279         0.0045         0.0252 
BAR-estimator:      0.85000        0.90000       -1.4436        -4.8571        -1.4436         0.0051         0.0257 
BAR-estimator:      0.90000        0.95000       -1.4435        -6.3006        -1.4435         0.0057         0.0264 
BAR-estimator:      0.95000        1.00000       -1.4293        -7.7299        -1.4293         0.0060         0.0270 
BAR-estimator: total free energy change is -7.729865956443453 , total error is 0.02703081215915632
