#========================================================================================
#                     Free energy perturbation    
#----------------------------------------------------------------------------------------
#forward/backward          λ              ΔΔA                 ΔA                  δε   
#                                                 
#----------------------------------------------------------------------------------------
forward:               0.0000              0.0000              0.0000              0.0000  
forward:               0.0500              4.7058              4.7058              0.0713  
forward:               0.1000              2.0166              6.7223              0.0881  
forward:               0.1500              0.6705              7.3929              0.0903  
forward:               0.2000              0.2249              7.6177              0.0911  
forward:               0.2500              0.0073              7.6250              0.0915  
forward:               0.3000             -0.1005              7.5245              0.0916  
forward:               0.3500             -0.1884              7.3362              0.0918  
forward:               0.4000             -0.2514              7.0848              0.0921  
forward:               0.4500             -0.2797              6.8051              0.0923  
forward:               0.5000             -0.3254              6.4797              0.0924  
forward:               0.5500             -0.3952              6.0845              0.0925  
forward:               0.6000             -0.4834              5.6011              0.0927  
forward:               0.6500             -0.5451              5.0560              0.0928  
forward:               0.7000             -0.5893              4.4667              0.0929  
forward:               0.7500             -0.6221              3.8446              0.0930  
forward:               0.8000             -0.6602              3.1843              0.0931  
forward:               0.8500             -0.6753              2.5091              0.0931  
forward:               0.9000             -0.7051              1.8040              0.0932  
forward:               0.9500             -0.7158              1.0882              0.0933  
forward:               1.0000             -0.7333              0.3549              0.0934  
backward:              1.0000              0.0000              0.3549              0.0000  
backward:              0.9500              0.7330              1.0879              0.0045  
backward:              0.9000              0.7074              1.7953              0.0062  
backward:              0.8500              0.7108              2.5062              0.0076  
backward:              0.8000              0.6756              3.1818              0.0100  
backward:              0.7500              0.6534              3.8352              0.0110  
backward:              0.7000              0.6108              4.4460              0.0121  
backward:              0.6500              0.5759              5.0219              0.0133  
backward:              0.6000              0.5449              5.5668              0.0142  
backward:              0.5500              0.4734              6.0402              0.0149  
backward:              0.5000              0.3985              6.4387              0.0162  
backward:              0.4500              0.3275              6.7662              0.0170  
backward:              0.4000              0.2791              7.0453              0.0183  
backward:              0.3500              0.2465              7.2918              0.0196  
backward:              0.3000              0.1862              7.4780              0.0210  
backward:              0.2500              0.0999              7.5779              0.0233  
backward:              0.2000             -0.0413              7.5366              0.0347  
backward:              0.1500             -0.2177              7.3189              0.0379  
backward:              0.1000             -0.6397              6.6791              0.0495  
backward:              0.0500             -1.8601              4.8191              0.0949  
backward:              0.0000             -4.3784              0.4407              0.1543  
Inaccuracy estimation
======================================================================================================
                   i        i+δi          P0_overlap_P1   δε(forward)/ε   δε(backward)/ε
======================================================================================================
inaccuracy:  0.00000        0.05000           11.60            1.04            7.84
inaccuracy:  0.05000        0.10000           21.52           -0.10            3.82
inaccuracy:  0.10000        0.15000           43.87           -0.08            1.17
inaccuracy:  0.15000        0.20000           54.88           -0.04            0.51
inaccuracy:  0.20000        0.25000           62.64           -0.05            0.29
inaccuracy:  0.25000        0.30000           64.61           -0.03            0.20
inaccuracy:  0.30000        0.35000           66.63           -0.04            0.15
inaccuracy:  0.35000        0.40000           69.06           -0.03            0.13
inaccuracy:  0.40000        0.45000           69.85           -0.03            0.11
inaccuracy:  0.45000        0.50000           70.37           -0.04            0.10
inaccuracy:  0.50000        0.55000           68.12           -0.06            0.11
inaccuracy:  0.55000        0.60000           70.13           -0.06            0.08
inaccuracy:  0.60000        0.65000           70.47           -0.05            0.08
inaccuracy:  0.65000        0.70000           71.28           -0.06            0.06
inaccuracy:  0.70000        0.75000           71.64           -0.06            0.06
inaccuracy:  0.75000        0.80000           70.54           -0.05            0.06
inaccuracy:  0.80000        0.85000           70.50           -0.06            0.06
inaccuracy:  0.85000        0.90000           70.61           -0.07            0.06
inaccuracy:  0.90000        0.95000           70.90           -0.06            0.06
inaccuracy:  0.95000        1.00000           69.91           -0.06            0.06
===================================================================================================================================
                BAR        
-----------------------------------------------------------------------------------------------------------------------------------
BAR-estimator:         λ             λ+δλ          ΔΔA             ΔA            C               Δδe            δe       
                          
-----------------------------------------------------------------------------------------------------------------------------------
BAR-estimator:      0.00000        0.05000        4.5959         4.5959         4.5959         0.0212         0.0212 
BAR-estimator:      0.05000        0.10000        1.9939         6.5899         1.9939         0.0225         0.0309 
BAR-estimator:      0.10000        0.15000        0.6702         7.2601         0.6702         0.0126         0.0334 
BAR-estimator:      0.15000        0.20000        0.2240         7.4841         0.2240         0.0095         0.0347 
BAR-estimator:      0.20000        0.25000        0.0127         7.4968         0.0127         0.0055         0.0351 
BAR-estimator:      0.25000        0.30000       -0.1035         7.3933        -0.1035         0.0048         0.0355 
BAR-estimator:      0.30000        0.35000       -0.1894         7.2038        -0.1894         0.0041         0.0357 
BAR-estimator:      0.35000        0.40000       -0.2483         6.9555        -0.2483         0.0046         0.0360 
BAR-estimator:      0.40000        0.45000       -0.2788         6.6767        -0.2788         0.0026         0.0361 
BAR-estimator:      0.45000        0.50000       -0.3257         6.3510        -0.3257         0.0035         0.0363 
BAR-estimator:      0.50000        0.55000       -0.3954         5.9556        -0.3954         0.0036         0.0364 
BAR-estimator:      0.55000        0.60000       -0.4801         5.4755        -0.4801         0.0034         0.0366 
BAR-estimator:      0.60000        0.65000       -0.5430         4.9325        -0.5430         0.0036         0.0368 
BAR-estimator:      0.65000        0.70000       -0.5856         4.3470        -0.5856         0.0033         0.0369 
BAR-estimator:      0.70000        0.75000       -0.6172         3.7298        -0.6172         0.0032         0.0371 
BAR-estimator:      0.75000        0.80000       -0.6588         3.0710        -0.6588         0.0033         0.0372 
BAR-estimator:      0.80000        0.85000       -0.6778         2.3932        -0.6778         0.0033         0.0374 
BAR-estimator:      0.85000        0.90000       -0.7065         1.6867        -0.7065         0.0035         0.0375 
BAR-estimator:      0.90000        0.95000       -0.7128         0.9739        -0.7128         0.0037         0.0377 
BAR-estimator:      0.95000        1.00000       -0.7336         0.2403        -0.7336         0.0030         0.0378 
BAR-estimator: total free energy change is 0.24025409185882352 , total error is 0.03783960921214546
