#========================================================================================
#                     Free energy perturbation    
#----------------------------------------------------------------------------------------
#forward/backward          λ              ΔΔA                 ΔA                  δε   
#                                                 
#----------------------------------------------------------------------------------------
forward:               0.0000              0.0000              0.0000              0.0000  
forward:               0.0500              1.4633              1.4633              0.0182  
forward:               0.1000              0.8998              2.3631              0.0223  
forward:               0.1500              0.5451              2.9082              0.0245  
forward:               0.2000              0.3161              3.2243              0.0259  
forward:               0.2500              0.2001              3.4244              0.0268  
forward:               0.3000              0.1280              3.5524              0.0276  
forward:               0.3500              0.0752              3.6277              0.0282  
forward:               0.4000              0.0305              3.6582              0.0286  
forward:               0.4500              0.0041              3.6623              0.0289  
forward:               0.5000             -0.0216              3.6407              0.0293  
forward:               0.5500             -0.1276              3.5131              0.0297  
forward:               0.6000             -0.3031              3.2100              0.0301  
forward:               0.6500             -0.4548              2.7552              0.0306  
forward:               0.7000             -0.5836              2.1716              0.0310  
forward:               0.7500             -0.6853              1.4863              0.0314  
forward:               0.8000             -0.7547              0.7316              0.0318  
forward:               0.8500             -0.7925             -0.0609              0.0321  
forward:               0.9000             -0.8235             -0.8844              0.0324  
forward:               0.9500             -0.8417             -1.7261              0.0326  
forward:               1.0000             -0.8549             -2.5810              0.0329  
backward:              1.0000              0.0000             -2.5810              0.0000  
backward:              0.9500              0.8477             -1.7333              0.0055  
backward:              0.9000              0.8306             -0.9026              0.0098  
backward:              0.8500              0.8271             -0.0756              0.0113  
backward:              0.8000              0.7866              0.7110              0.0121  
backward:              0.7500              0.7483              1.4593              0.0133  
backward:              0.7000              0.6892              2.1485              0.0147  
backward:              0.6500              0.5887              2.7372              0.0160  
backward:              0.6000              0.4503              3.1876              0.0172  
backward:              0.5500              0.2844              3.4720              0.0181  
backward:              0.5000              0.1173              3.5893              0.0193  
backward:              0.4500              0.0210              3.6103              0.0199  
backward:              0.4000             -0.0080              3.6023              0.0215  
backward:              0.3500             -0.0298              3.5725              0.0223  
backward:              0.3000             -0.0780              3.4945              0.0237  
backward:              0.2500             -0.1304              3.3641              0.0250  
backward:              0.2000             -0.2476              3.1165              0.0327  
backward:              0.1500             -0.3061              2.8104              0.0343  
backward:              0.1000             -0.5241              2.2863              0.0377  
backward:              0.0500             -0.9339              1.3524              0.0619  
backward:              0.0000             -1.4248             -0.0724              0.0658  
Inaccuracy estimation
======================================================================================================
                   i        i+δi          P0_overlap_P1   δε(forward)/ε   δε(backward)/ε
======================================================================================================
inaccuracy:  0.00000        0.05000           39.66           -0.03            1.45
inaccuracy:  0.05000        0.10000           48.43           -0.03            0.91
inaccuracy:  0.10000        0.15000           55.77           -0.04            0.57
inaccuracy:  0.15000        0.20000           63.00           -0.02            0.35
inaccuracy:  0.20000        0.25000           66.88           -0.02            0.22
inaccuracy:  0.25000        0.30000           68.36           -0.02            0.19
inaccuracy:  0.30000        0.35000           70.09           -0.01            0.16
inaccuracy:  0.35000        0.40000           71.44           -0.01            0.14
inaccuracy:  0.40000        0.45000           72.89           -0.01            0.12
inaccuracy:  0.45000        0.50000           73.25           -0.02            0.12
inaccuracy:  0.50000        0.55000           67.70           -0.07            0.14
inaccuracy:  0.55000        0.60000           68.06           -0.08            0.12
inaccuracy:  0.60000        0.65000           67.36           -0.08            0.09
inaccuracy:  0.65000        0.70000           66.24           -0.09            0.08
inaccuracy:  0.70000        0.75000           67.73           -0.08            0.07
inaccuracy:  0.75000        0.80000           68.58           -0.07            0.07
inaccuracy:  0.80000        0.85000           67.95           -0.08            0.07
inaccuracy:  0.85000        0.90000           67.74           -0.09            0.07
inaccuracy:  0.90000        0.95000           67.75           -0.09            0.07
inaccuracy:  0.95000        1.00000           67.68           -0.08            0.07
===================================================================================================================================
                BAR        
-----------------------------------------------------------------------------------------------------------------------------------
BAR-estimator:         λ             λ+δλ          ΔΔA             ΔA            C               Δδe            δe       
                          
-----------------------------------------------------------------------------------------------------------------------------------
BAR-estimator:      0.00000        0.05000        1.4605         1.4605         1.4605         0.0082         0.0082 
BAR-estimator:      0.05000        0.10000        0.9031         2.3636         0.9031         0.0077         0.0112 
BAR-estimator:      0.10000        0.15000        0.5334         2.8970         0.5334         0.0066         0.0130 
BAR-estimator:      0.15000        0.20000        0.3172         3.2142         0.3172         0.0055         0.0141 
BAR-estimator:      0.20000        0.25000        0.2064         3.4207         0.2064         0.0045         0.0148 
BAR-estimator:      0.25000        0.30000        0.1284         3.5490         0.1284         0.0047         0.0155 
BAR-estimator:      0.30000        0.35000        0.0760         3.6251         0.0760         0.0046         0.0162 
BAR-estimator:      0.35000        0.40000        0.0306         3.6556         0.0306         0.0035         0.0166 
BAR-estimator:      0.40000        0.45000        0.0055         3.6611         0.0055         0.0031         0.0169 
BAR-estimator:      0.45000        0.50000       -0.0194         3.6418        -0.0194         0.0032         0.0171 
BAR-estimator:      0.50000        0.55000       -0.1249         3.5169        -0.1249         0.0034         0.0175 
BAR-estimator:      0.55000        0.60000       -0.2928         3.2241        -0.2928         0.0034         0.0178 
BAR-estimator:      0.60000        0.65000       -0.4513         2.7728        -0.4513         0.0036         0.0182 
BAR-estimator:      0.65000        0.70000       -0.5876         2.1853        -0.5876         0.0037         0.0185 
BAR-estimator:      0.70000        0.75000       -0.6875         1.4978        -0.6875         0.0037         0.0189 
BAR-estimator:      0.75000        0.80000       -0.7502         0.7476        -0.7502         0.0034         0.0192 
BAR-estimator:      0.80000        0.85000       -0.7924        -0.0449        -0.7924         0.0035         0.0195 
BAR-estimator:      0.85000        0.90000       -0.8233        -0.8682        -0.8233         0.0037         0.0199 
BAR-estimator:      0.90000        0.95000       -0.8388        -1.7070        -0.8388         0.0035         0.0202 
BAR-estimator:      0.95000        1.00000       -0.8500        -2.5570        -0.8500         0.0033         0.0204 
BAR-estimator: total free energy change is -2.5570243407915076 , total error is 0.020433847236053532
