#========================================================================================
#                     Free energy perturbation    
#----------------------------------------------------------------------------------------
#forward/backward          λ              ΔΔA                 ΔA                  δε   
#                                                 
#----------------------------------------------------------------------------------------
forward:               0.0000              0.0000              0.0000              0.0000  
forward:               0.0500              2.3890              2.3890              0.0355  
forward:               0.1000              1.3133              3.7023              0.0410  
forward:               0.1500              0.6832              4.3855              0.0436  
forward:               0.2000              0.3612              4.7467              0.0454  
forward:               0.2500              0.1724              4.9191              0.0462  
forward:               0.3000              0.0606              4.9798              0.0469  
forward:               0.3500             -0.0067              4.9730              0.0473  
forward:               0.4000             -0.0627              4.9104              0.0478  
forward:               0.4500             -0.1051              4.8052              0.0481  
forward:               0.5000             -0.1424              4.6628              0.0487  
forward:               0.5500             -0.2662              4.3966              0.0491  
forward:               0.6000             -0.4793              3.9172              0.0496  
forward:               0.6500             -0.6538              3.2634              0.0501  
forward:               0.7000             -0.7725              2.4909              0.0505  
forward:               0.7500             -0.8646              1.6263              0.0509  
forward:               0.8000             -0.9317              0.6946              0.0513  
forward:               0.8500             -0.9472             -0.2526              0.0516  
forward:               0.9000             -0.9774             -1.2300              0.0519  
forward:               0.9500             -0.9806             -2.2107              0.0521  
forward:               1.0000             -1.0011             -3.2118              0.0523  
backward:              1.0000              0.0000             -3.2118              0.0000  
backward:              0.9500              0.9905             -2.2213              0.0086  
backward:              0.9000              0.9836             -1.2377              0.0116  
backward:              0.8500              0.9773             -0.2604              0.0138  
backward:              0.8000              0.9469              0.6866              0.0154  
backward:              0.7500              0.9276              1.6142              0.0161  
backward:              0.7000              0.8499              2.4641              0.0172  
backward:              0.6500              0.7620              3.2261              0.0190  
backward:              0.6000              0.6484              3.8744              0.0200  
backward:              0.5500              0.4701              4.3446              0.0218  
backward:              0.5000              0.2581              4.6026              0.0239  
backward:              0.4500              0.1399              4.7426              0.0247  
backward:              0.4000              0.1149              4.8574              0.0255  
backward:              0.3500              0.0739              4.9314              0.0268  
backward:              0.3000              0.0026              4.9340              0.0283  
backward:              0.2500             -0.0428              4.8911              0.0297  
backward:              0.2000             -0.1884              4.7027              0.0317  
backward:              0.1500             -0.3174              4.3853              0.0338  
backward:              0.1000             -0.6664              3.7188              0.0398  
backward:              0.0500             -1.2908              2.4280              0.0529  
backward:              0.0000             -2.2180              0.2100              0.0627  
Inaccuracy estimation
======================================================================================================
                   i        i+δi          P0_overlap_P1   δε(forward)/ε   δε(backward)/ε
======================================================================================================
inaccuracy:  0.00000        0.05000           27.01            0.07            2.85
inaccuracy:  0.05000        0.10000           37.57           -0.07            1.63
inaccuracy:  0.10000        0.15000           48.39           -0.06            0.87
inaccuracy:  0.15000        0.20000           55.12           -0.03            0.50
inaccuracy:  0.20000        0.25000           62.23           -0.03            0.30
inaccuracy:  0.25000        0.30000           64.05           -0.02            0.24
inaccuracy:  0.30000        0.35000           66.68           -0.03            0.19
inaccuracy:  0.35000        0.40000           67.16           -0.02            0.16
inaccuracy:  0.40000        0.45000           68.58           -0.03            0.15
inaccuracy:  0.45000        0.50000           69.70           -0.02            0.13
inaccuracy:  0.50000        0.55000           62.53           -0.09            0.19
inaccuracy:  0.55000        0.60000           63.74           -0.10            0.12
inaccuracy:  0.60000        0.65000           64.90           -0.11            0.10
inaccuracy:  0.65000        0.70000           65.54           -0.11            0.08
inaccuracy:  0.70000        0.75000           66.26           -0.11            0.07
inaccuracy:  0.75000        0.80000           65.37           -0.11            0.07
inaccuracy:  0.80000        0.85000           64.44           -0.11            0.07
inaccuracy:  0.85000        0.90000           64.47           -0.12            0.07
inaccuracy:  0.90000        0.95000           63.09           -0.11            0.07
inaccuracy:  0.95000        1.00000           64.34           -0.12            0.07
===================================================================================================================================
                BAR        
-----------------------------------------------------------------------------------------------------------------------------------
BAR-estimator:         λ             λ+δλ          ΔΔA             ΔA            C               Δδe            δe       
                          
-----------------------------------------------------------------------------------------------------------------------------------
BAR-estimator:      0.00000        0.05000        2.3416         2.3416         2.3416         0.0162         0.0162 
BAR-estimator:      0.05000        0.10000        1.3109         3.6526         1.3109         0.0111         0.0197 
BAR-estimator:      0.10000        0.15000        0.6861         4.3386         0.6861         0.0088         0.0215 
BAR-estimator:      0.15000        0.20000        0.3509         4.6895         0.3509         0.0075         0.0228 
BAR-estimator:      0.20000        0.25000        0.1775         4.8670         0.1775         0.0058         0.0235 
BAR-estimator:      0.25000        0.30000        0.0558         4.9228         0.0558         0.0051         0.0241 
BAR-estimator:      0.30000        0.35000       -0.0094         4.9134        -0.0094         0.0048         0.0246 
BAR-estimator:      0.35000        0.40000       -0.0673         4.8462        -0.0673         0.0048         0.0250 
BAR-estimator:      0.40000        0.45000       -0.1077         4.7384        -0.1077         0.0040         0.0253 
BAR-estimator:      0.45000        0.50000       -0.1412         4.5972        -0.1412         0.0047         0.0258 
BAR-estimator:      0.50000        0.55000       -0.2655         4.3317        -0.2655         0.0045         0.0261 
BAR-estimator:      0.55000        0.60000       -0.4795         3.8521        -0.4795         0.0045         0.0265 
BAR-estimator:      0.60000        0.65000       -0.6512         3.2009        -0.6512         0.0041         0.0269 
BAR-estimator:      0.65000        0.70000       -0.7705         2.4304        -0.7705         0.0046         0.0272 
BAR-estimator:      0.70000        0.75000       -0.8568         1.5736        -0.8568         0.0045         0.0276 
BAR-estimator:      0.75000        0.80000       -0.9282         0.6454        -0.9282         0.0062         0.0283 
BAR-estimator:      0.80000        0.85000       -0.9511        -0.3057        -0.9511         0.0042         0.0286 
BAR-estimator:      0.85000        0.90000       -0.9794        -1.2850        -0.9794         0.0042         0.0289 
BAR-estimator:      0.90000        0.95000       -0.9843        -2.2693        -0.9843         0.0045         0.0293 
BAR-estimator:      0.95000        1.00000       -0.9948        -3.2641        -0.9948         0.0048         0.0297 
BAR-estimator: total free energy change is -3.264098923825423 , total error is 0.02966836100141377
