#========================================================================================
#                     Free energy perturbation    
#----------------------------------------------------------------------------------------
#forward/backward          λ              ΔΔA                 ΔA                  δε   
#                                                 
#----------------------------------------------------------------------------------------
forward:               0.0000              0.0000              0.0000              0.0000  
forward:               0.0500              3.9881              3.9881              0.0608  
forward:               0.1000              2.2357              6.2239              0.0714  
forward:               0.1500              1.1991              7.4230              0.0764  
forward:               0.2000              0.5253              7.9483              0.0784  
forward:               0.2500              0.1845              8.1328              0.0794  
forward:               0.3000              0.0055              8.1383              0.0800  
forward:               0.3500             -0.1065              8.0318              0.0804  
forward:               0.4000             -0.1903              7.8415              0.0808  
forward:               0.4500             -0.2488              7.5927              0.0811  
forward:               0.5000             -0.2969              7.2958              0.0813  
forward:               0.5500             -0.5723              6.7235              0.0818  
forward:               0.6000             -1.0484              5.6751              0.0824  
forward:               0.6500             -1.4212              4.2539              0.0829  
forward:               0.7000             -1.7104              2.5435              0.0834  
forward:               0.7500             -1.9247              0.6188              0.0839  
forward:               0.8000             -2.0674             -1.4486              0.0843  
forward:               0.8500             -2.1161             -3.5647              0.0846  
forward:               0.9000             -2.1317             -5.6963              0.0850  
forward:               0.9500             -2.1211             -7.8174              0.0853  
forward:               1.0000             -2.1126             -9.9300              0.0856  
backward:              1.0000              0.0000             -9.9300              0.0000  
backward:              0.9500              2.0887             -7.8413              0.0136  
backward:              0.9000              2.1435             -5.6977              0.0157  
backward:              0.8500              2.1265             -3.5712              0.0183  
backward:              0.8000              2.0958             -1.4754              0.0220  
backward:              0.7500              2.0422              0.5667              0.0246  
backward:              0.7000              1.9302              2.4969              0.0268  
backward:              0.6500              1.7089              4.2058              0.0289  
backward:              0.6000              1.4039              5.6096              0.0308  
backward:              0.5500              1.0340              6.6437              0.0322  
backward:              0.5000              0.5646              7.2082              0.0348  
backward:              0.4500              0.2953              7.5035              0.0358  
backward:              0.4000              0.2421              7.7456              0.0374  
backward:              0.3500              0.1982              7.9438              0.0385  
backward:              0.3000              0.1034              8.0472              0.0409  
backward:              0.2500             -0.0022              8.0450              0.0440  
backward:              0.2000             -0.1684              7.8766              0.0461  
backward:              0.1500             -0.5017              7.3749              0.0527  
backward:              0.1000             -1.1537              6.2211              0.0671  
backward:              0.0500             -3.3529              2.8682              0.5106  
backward:              0.0000             -3.8071             -0.9389              0.5235  
Inaccuracy estimation
======================================================================================================
                   i        i+δi          P0_overlap_P1   δε(forward)/ε   δε(backward)/ε
======================================================================================================
inaccuracy:  0.00000        0.05000           14.95            0.66            6.66
inaccuracy:  0.05000        0.10000           25.41           -0.03            3.32
inaccuracy:  0.10000        0.15000           34.91           -0.14            1.74
inaccuracy:  0.15000        0.20000           46.03           -0.10            0.89
inaccuracy:  0.20000        0.25000           53.55           -0.09            0.51
inaccuracy:  0.25000        0.30000           57.27           -0.06            0.34
inaccuracy:  0.30000        0.35000           59.84           -0.07            0.26
inaccuracy:  0.35000        0.40000           61.15           -0.06            0.22
inaccuracy:  0.40000        0.45000           63.13           -0.07            0.19
inaccuracy:  0.45000        0.50000           63.96           -0.06            0.19
inaccuracy:  0.50000        0.55000           52.35           -0.27            0.28
inaccuracy:  0.55000        0.60000           53.83           -0.27            0.15
inaccuracy:  0.60000        0.65000           54.66           -0.34            0.07
inaccuracy:  0.65000        0.70000           53.85           -0.33            0.02
inaccuracy:  0.70000        0.75000           55.18           -0.32           -0.02
inaccuracy:  0.75000        0.80000           56.68           -0.32           -0.04
inaccuracy:  0.80000        0.85000           55.76           -0.30           -0.04
inaccuracy:  0.85000        0.90000           54.97           -0.36           -0.04
inaccuracy:  0.90000        0.95000           53.62           -0.37           -0.05
inaccuracy:  0.95000        1.00000           54.43           -0.34           -0.03
===================================================================================================================================
                BAR        
-----------------------------------------------------------------------------------------------------------------------------------
BAR-estimator:         λ             λ+δλ          ΔΔA             ΔA            C               Δδe            δe       
                          
-----------------------------------------------------------------------------------------------------------------------------------
BAR-estimator:      0.00000        0.05000        4.0066         4.0066         4.0066         0.0194         0.0194 
BAR-estimator:      0.05000        0.10000        2.2640         6.2705         2.2640         0.0158         0.0251 
BAR-estimator:      0.10000        0.15000        1.1760         7.4466         1.1760         0.0147         0.0290 
BAR-estimator:      0.15000        0.20000        0.5286         7.9751         0.5286         0.0132         0.0319 
BAR-estimator:      0.20000        0.25000        0.1851         8.1603         0.1851         0.0069         0.0326 
BAR-estimator:      0.25000        0.30000       -0.0008         8.1594        -0.0008         0.0066         0.0333 
BAR-estimator:      0.30000        0.35000       -0.1118         8.0476        -0.1118         0.0055         0.0337 
BAR-estimator:      0.35000        0.40000       -0.1948         7.8528        -0.1948         0.0051         0.0341 
BAR-estimator:      0.40000        0.45000       -0.2511         7.6018        -0.2511         0.0047         0.0344 
BAR-estimator:      0.45000        0.50000       -0.2963         7.3055        -0.2963         0.0046         0.0347 
BAR-estimator:      0.50000        0.55000       -0.5684         6.7371        -0.5684         0.0053         0.0351 
BAR-estimator:      0.55000        0.60000       -1.0317         5.7055        -1.0317         0.0057         0.0356 
BAR-estimator:      0.60000        0.65000       -1.4139         4.2915        -1.4139         0.0055         0.0360 
BAR-estimator:      0.65000        0.70000       -1.7135         2.5780        -1.7135         0.0057         0.0365 
BAR-estimator:      0.70000        0.75000       -1.9210         0.6571        -1.9210         0.0056         0.0369 
BAR-estimator:      0.75000        0.80000       -2.0593        -1.4022        -2.0593         0.0049         0.0372 
BAR-estimator:      0.80000        0.85000       -2.1071        -3.5093        -2.1071         0.0060         0.0377 
BAR-estimator:      0.85000        0.90000       -2.1269        -5.6362        -2.1269         0.0061         0.0382 
BAR-estimator:      0.90000        0.95000       -2.1296        -7.7658        -2.1296         0.0041         0.0384 
BAR-estimator:      0.95000        1.00000       -2.1064        -9.8723        -2.1064         0.0053         0.0388 
BAR-estimator: total free energy change is -9.872275829968835 , total error is 0.03876824716286834
