#========================================================================================
#                     Free energy perturbation    
#----------------------------------------------------------------------------------------
#forward/backward          λ              ΔΔA                 ΔA                  δε   
#                                                 
#----------------------------------------------------------------------------------------
forward:               0.0000              0.0000              0.0000              0.0000  
forward:               0.0500              2.3696              2.3696              0.0296  
forward:               0.1000              1.1507              3.5203              0.0371  
forward:               0.1500              0.5370              4.0573              0.0378  
forward:               0.2000              0.2427              4.3000              0.0389  
forward:               0.2500              0.0910              4.3910              0.0396  
forward:               0.3000             -0.0160              4.3749              0.0401  
forward:               0.3500             -0.0566              4.3183              0.0404  
forward:               0.4000             -0.1131              4.2052              0.0407  
forward:               0.4500             -0.1391              4.0661              0.0410  
forward:               0.5000             -0.1759              3.8902              0.0412  
forward:               0.5500             -0.2645              3.6257              0.0414  
forward:               0.6000             -0.4062              3.2195              0.0417  
forward:               0.6500             -0.4881              2.7314              0.0419  
forward:               0.7000             -0.5914              2.1401              0.0421  
forward:               0.7500             -0.6579              1.4822              0.0423  
forward:               0.8000             -0.7340              0.7482              0.0425  
forward:               0.8500             -0.7915             -0.0432              0.0428  
forward:               0.9000             -0.8476             -0.8908              0.0429  
forward:               0.9500             -0.8865             -1.7773              0.0431  
forward:               1.0000             -0.9313             -2.7087              0.0433  
backward:              1.0000              0.0000             -2.7087              0.0000  
backward:              0.9500              0.9249             -1.7838              0.0047  
backward:              0.9000              0.8855             -0.8983              0.0063  
backward:              0.8500              0.8412             -0.0571              0.0079  
backward:              0.8000              0.7926              0.7355              0.0091  
backward:              0.7500              0.7281              1.4637              0.0103  
backward:              0.7000              0.6569              2.1206              0.0114  
backward:              0.6500              0.5883              2.7089              0.0124  
backward:              0.6000              0.5031              3.2120              0.0133  
backward:              0.5500              0.3939              3.6059              0.0143  
backward:              0.5000              0.2613              3.8672              0.0153  
backward:              0.4500              0.1738              4.0411              0.0160  
backward:              0.4000              0.1333              4.1743              0.0167  
backward:              0.3500              0.1053              4.2796              0.0177  
backward:              0.3000              0.0583              4.3380              0.0188  
backward:              0.2500             -0.0027              4.3353              0.0204  
backward:              0.2000             -0.0965              4.2388              0.0223  
backward:              0.1500             -0.2309              4.0079              0.0258  
backward:              0.1000             -0.5415              3.4664              0.0311  
backward:              0.0500             -1.1115              2.3549              0.0440  
backward:              0.0000             -2.1316              0.2233              0.0575  
Inaccuracy estimation
======================================================================================================
                   i        i+δi          P0_overlap_P1   δε(forward)/ε   δε(backward)/ε
======================================================================================================
inaccuracy:  0.00000        0.05000           27.08            0.06            3.33
inaccuracy:  0.05000        0.10000           40.13           -0.06            1.51
inaccuracy:  0.10000        0.15000           53.73           -0.03            0.64
inaccuracy:  0.15000        0.20000           61.58           -0.02            0.37
inaccuracy:  0.20000        0.25000           67.85           -0.02            0.21
inaccuracy:  0.25000        0.30000           71.23           -0.02            0.15
inaccuracy:  0.30000        0.35000           71.97           -0.02            0.13
inaccuracy:  0.35000        0.40000           74.29           -0.02            0.11
inaccuracy:  0.40000        0.45000           73.67           -0.01            0.09
inaccuracy:  0.45000        0.50000           74.85           -0.02            0.09
inaccuracy:  0.50000        0.55000           69.99           -0.05            0.11
inaccuracy:  0.55000        0.60000           71.60           -0.05            0.08
inaccuracy:  0.60000        0.65000           70.02           -0.06            0.07
inaccuracy:  0.65000        0.70000           72.22           -0.06            0.05
inaccuracy:  0.70000        0.75000           71.90           -0.06            0.05
inaccuracy:  0.75000        0.80000           72.33           -0.06            0.04
inaccuracy:  0.80000        0.85000           71.61           -0.07            0.04
inaccuracy:  0.85000        0.90000           72.28           -0.06            0.03
inaccuracy:  0.90000        0.95000           71.60           -0.07            0.03
inaccuracy:  0.95000        1.00000           71.47           -0.06            0.03
===================================================================================================================================
                BAR        
-----------------------------------------------------------------------------------------------------------------------------------
BAR-estimator:         λ             λ+δλ          ΔΔA             ΔA            C               Δδe            δe       
                          
-----------------------------------------------------------------------------------------------------------------------------------
BAR-estimator:      0.00000        0.05000        2.3189         2.3189         2.3189         0.0143         0.0143 
BAR-estimator:      0.05000        0.10000        1.1633         3.4822         1.1633         0.0124         0.0189 
BAR-estimator:      0.10000        0.15000        0.5389         4.0210         0.5389         0.0086         0.0208 
BAR-estimator:      0.15000        0.20000        0.2429         4.2639         0.2429         0.0059         0.0216 
BAR-estimator:      0.20000        0.25000        0.0930         4.3570         0.0930         0.0048         0.0221 
BAR-estimator:      0.25000        0.30000       -0.0102         4.3468        -0.0102         0.0038         0.0224 
BAR-estimator:      0.30000        0.35000       -0.0566         4.2902        -0.0566         0.0035         0.0227 
BAR-estimator:      0.35000        0.40000       -0.1098         4.1804        -0.1098         0.0034         0.0229 
BAR-estimator:      0.40000        0.45000       -0.1385         4.0419        -0.1385         0.0030         0.0231 
BAR-estimator:      0.45000        0.50000       -0.1749         3.8670        -0.1749         0.0029         0.0233 
BAR-estimator:      0.50000        0.55000       -0.2627         3.6043        -0.2627         0.0033         0.0235 
BAR-estimator:      0.55000        0.60000       -0.3987         3.2056        -0.3987         0.0032         0.0238 
BAR-estimator:      0.60000        0.65000       -0.4941         2.7115        -0.4941         0.0032         0.0240 
BAR-estimator:      0.65000        0.70000       -0.5900         2.1215        -0.5900         0.0032         0.0242 
BAR-estimator:      0.70000        0.75000       -0.6580         1.4636        -0.6580         0.0029         0.0244 
BAR-estimator:      0.75000        0.80000       -0.7329         0.7307        -0.7329         0.0033         0.0246 
BAR-estimator:      0.80000        0.85000       -0.7937        -0.0631        -0.7937         0.0034         0.0248 
BAR-estimator:      0.85000        0.90000       -0.8436        -0.9066        -0.8436         0.0033         0.0250 
BAR-estimator:      0.90000        0.95000       -0.8866        -1.7933        -0.8866         0.0036         0.0253 
BAR-estimator:      0.95000        1.00000       -0.9282        -2.7214        -0.9282         0.0039         0.0256 
BAR-estimator: total free energy change is -2.7214244996225387 , total error is 0.025597534319964057
