#========================================================================================
#                     Free energy perturbation    
#----------------------------------------------------------------------------------------
#forward/backward          λ              ΔΔA                 ΔA                  δε   
#                                                 
#----------------------------------------------------------------------------------------
forward:               0.0000              0.0000              0.0000              0.0000  
forward:               0.0500              1.5986              1.5986              0.0211  
forward:               0.1000              0.8719              2.4705              0.0286  
forward:               0.1500              0.4624              2.9329              0.0308  
forward:               0.2000              0.2575              3.1903              0.0319  
forward:               0.2500              0.1339              3.3243              0.0327  
forward:               0.3000              0.0703              3.3946              0.0333  
forward:               0.3500              0.0174              3.4120              0.0336  
forward:               0.4000             -0.0142              3.3978              0.0340  
forward:               0.4500             -0.0331              3.3647              0.0342  
forward:               0.5000             -0.0619              3.3028              0.0345  
forward:               0.5500             -0.2110              3.0918              0.0352  
forward:               0.6000             -0.4783              2.6134              0.0358  
forward:               0.6500             -0.7239              1.8895              0.0367  
forward:               0.7000             -0.9079              0.9817              0.0374  
forward:               0.7500             -1.0370             -0.0553              0.0381  
forward:               0.8000             -1.1173             -1.1726              0.0387  
forward:               0.8500             -1.1384             -2.3110              0.0391  
forward:               0.9000             -1.1376             -3.4486              0.0395  
forward:               0.9500             -1.1358             -4.5843              0.0397  
forward:               1.0000             -1.1220             -5.7063              0.0400  
backward:              1.0000              0.0000             -5.7063              0.0000  
backward:              0.9500              1.1084             -4.5979              0.0086  
backward:              0.9000              1.1334             -3.4646              0.0109  
backward:              0.8500              1.1452             -2.3193              0.0129  
backward:              0.8000              1.1379             -1.1815              0.0147  
backward:              0.7500              1.1171             -0.0644              0.0179  
backward:              0.7000              1.0475              0.9831              0.0204  
backward:              0.6500              0.8969              1.8800              0.0224  
backward:              0.6000              0.7123              2.5924              0.0239  
backward:              0.5500              0.4830              3.0754              0.0251  
backward:              0.5000              0.2134              3.2889              0.0261  
backward:              0.4500              0.0784              3.3673              0.0266  
backward:              0.4000              0.0362              3.4034              0.0272  
backward:              0.3500              0.0124              3.4159              0.0279  
backward:              0.3000             -0.0227              3.3932              0.0285  
backward:              0.2500             -0.0782              3.3150              0.0292  
backward:              0.2000             -0.1419              3.1731              0.0302  
backward:              0.1500             -0.2545              2.9186              0.0327  
backward:              0.1000             -0.4482              2.4704              0.0368  
backward:              0.0500             -0.9109              1.5596              0.0529  
backward:              0.0000             -1.6228             -0.0633              0.0662  
Inaccuracy estimation
======================================================================================================
                   i        i+δi          P0_overlap_P1   δε(forward)/ε   δε(backward)/ε
======================================================================================================
inaccuracy:  0.00000        0.05000           38.12           -0.03            1.55
inaccuracy:  0.05000        0.10000           47.81           -0.03            1.00
inaccuracy:  0.10000        0.15000           57.20           -0.02            0.52
inaccuracy:  0.15000        0.20000           63.95           -0.01            0.29
inaccuracy:  0.20000        0.25000           69.77           -0.01            0.20
inaccuracy:  0.25000        0.30000           71.12           -0.01            0.15
inaccuracy:  0.30000        0.35000           72.66           -0.01            0.13
inaccuracy:  0.35000        0.40000           73.50           -0.01            0.12
inaccuracy:  0.40000        0.45000           74.12           -0.01            0.11
inaccuracy:  0.45000        0.50000           73.39           -0.01            0.10
inaccuracy:  0.50000        0.55000           64.19           -0.09            0.19
inaccuracy:  0.55000        0.60000           65.27           -0.14            0.10
inaccuracy:  0.60000        0.65000           66.47           -0.13            0.07
inaccuracy:  0.65000        0.70000           66.04           -0.14            0.05
inaccuracy:  0.70000        0.75000           64.41           -0.13            0.04
inaccuracy:  0.75000        0.80000           65.39           -0.13            0.04
inaccuracy:  0.80000        0.85000           65.72           -0.11            0.04
inaccuracy:  0.85000        0.90000           64.19           -0.11            0.05
inaccuracy:  0.90000        0.95000           65.43           -0.13            0.05
inaccuracy:  0.95000        1.00000           64.40           -0.11            0.06
===================================================================================================================================
                BAR        
-----------------------------------------------------------------------------------------------------------------------------------
BAR-estimator:         λ             λ+δλ          ΔΔA             ΔA            C               Δδe            δe       
                          
-----------------------------------------------------------------------------------------------------------------------------------
BAR-estimator:      0.00000        0.05000        1.6012         1.6012         1.6012         0.0111         0.0111 
BAR-estimator:      0.05000        0.10000        0.8792         2.4804         0.8792         0.0111         0.0157 
BAR-estimator:      0.10000        0.15000        0.4600         2.9405         0.4600         0.0070         0.0172 
BAR-estimator:      0.15000        0.20000        0.2558         3.1963         0.2558         0.0055         0.0180 
BAR-estimator:      0.20000        0.25000        0.1407         3.3370         0.1407         0.0047         0.0186 
BAR-estimator:      0.25000        0.30000        0.0710         3.4080         0.0710         0.0044         0.0192 
BAR-estimator:      0.30000        0.35000        0.0196         3.4276         0.0196         0.0041         0.0196 
BAR-estimator:      0.35000        0.40000       -0.0129         3.4147        -0.0129         0.0037         0.0199 
BAR-estimator:      0.40000        0.45000       -0.0355         3.3791        -0.0355         0.0039         0.0203 
BAR-estimator:      0.45000        0.50000       -0.0673         3.3118        -0.0673         0.0032         0.0206 
BAR-estimator:      0.50000        0.55000       -0.2044         3.1074        -0.2044         0.0044         0.0210 
BAR-estimator:      0.55000        0.60000       -0.4827         2.6248        -0.4827         0.0045         0.0215 
BAR-estimator:      0.60000        0.65000       -0.7169         1.9079        -0.7169         0.0044         0.0219 
BAR-estimator:      0.65000        0.70000       -0.9046         1.0033        -0.9046         0.0044         0.0224 
BAR-estimator:      0.70000        0.75000       -1.0422        -0.0389        -1.0422         0.0043         0.0228 
BAR-estimator:      0.75000        0.80000       -1.1200        -1.1589        -1.1200         0.0045         0.0232 
BAR-estimator:      0.80000        0.85000       -1.1398        -2.2987        -1.1398         0.0041         0.0236 
BAR-estimator:      0.85000        0.90000       -1.1405        -3.4392        -1.1405         0.0044         0.0240 
BAR-estimator:      0.90000        0.95000       -1.1384        -4.5776        -1.1384         0.0041         0.0244 
BAR-estimator:      0.95000        1.00000       -1.1224        -5.7000        -1.1224         0.0044         0.0247 
BAR-estimator: total free energy change is -5.6999958204593035 , total error is 0.024738599376551124
