#========================================================================================
#                     Free energy perturbation    
#----------------------------------------------------------------------------------------
#forward/backward          λ              ΔΔA                 ΔA                  δε   
#                                                 
#----------------------------------------------------------------------------------------
forward:               0.0000              0.0000              0.0000              0.0000  
forward:               0.0500              1.7507              1.7507              0.0251  
forward:               0.1000              0.9578              2.7085              0.0319  
forward:               0.1500              0.4668              3.1753              0.0344  
forward:               0.2000              0.2044              3.3798              0.0357  
forward:               0.2500              0.0752              3.4550              0.0364  
forward:               0.3000             -0.0174              3.4376              0.0369  
forward:               0.3500             -0.0643              3.3733              0.0374  
forward:               0.4000             -0.1145              3.2588              0.0378  
forward:               0.4500             -0.1488              3.1100              0.0383  
forward:               0.5000             -0.1754              2.9346              0.0385  
forward:               0.5500             -0.5541              2.3805              0.0393  
forward:               0.6000             -1.1464              1.2341              0.0403  
forward:               0.6500             -1.6571             -0.4230              0.0415  
forward:               0.7000             -2.0793             -2.5023              0.0427  
forward:               0.7500             -2.3483             -4.8506              0.0436  
forward:               0.8000             -2.4841             -7.3347              0.0443  
forward:               0.8500             -2.5365             -9.8712              0.0448  
forward:               0.9000             -2.5274            -12.3986              0.0453  
forward:               0.9500             -2.4992            -14.8978              0.0457  
forward:               1.0000             -2.4791            -17.3769              0.0462  
backward:              1.0000              0.0000            -17.3769              0.0000  
backward:              0.9500              2.4614            -14.9155              0.0085  
backward:              0.9000              2.4816            -12.4339              0.0122  
backward:              0.8500              2.5258             -9.9081              0.0156  
backward:              0.8000              2.5391             -7.3690              0.0176  
backward:              0.7500              2.4869             -4.8820              0.0198  
backward:              0.7000              2.3458             -2.5362              0.0225  
backward:              0.6500              2.0792             -0.4570              0.0244  
backward:              0.6000              1.6538              1.1968              0.0263  
backward:              0.5500              1.1235              2.3204              0.0278  
backward:              0.5000              0.5803              2.9007              0.0295  
backward:              0.4500              0.1737              3.0744              0.0300  
backward:              0.4000              0.1420              3.2164              0.0305  
backward:              0.3500              0.0992              3.3156              0.0311  
backward:              0.3000              0.0669              3.3825              0.0318  
backward:              0.2500              0.0168              3.3993              0.0326  
backward:              0.2000             -0.0752              3.3241              0.0338  
backward:              0.1500             -0.2207              3.1034              0.0358  
backward:              0.1000             -0.5162              2.5873              0.0429  
backward:              0.0500             -1.0332              1.5541              0.0698  
backward:              0.0000             -1.7463             -0.1922              0.0814  
Inaccuracy estimation
======================================================================================================
                   i        i+δi          P0_overlap_P1   δε(forward)/ε   δε(backward)/ε
======================================================================================================
inaccuracy:  0.00000        0.05000           34.56           -0.03            1.85
inaccuracy:  0.05000        0.10000           44.15           -0.06            1.15
inaccuracy:  0.10000        0.15000           55.97           -0.03            0.59
inaccuracy:  0.15000        0.20000           63.21           -0.02            0.32
inaccuracy:  0.20000        0.25000           67.16           -0.02            0.21
inaccuracy:  0.25000        0.30000           70.60           -0.02            0.16
inaccuracy:  0.30000        0.35000           71.42           -0.02            0.12
inaccuracy:  0.35000        0.40000           73.97           -0.01            0.10
inaccuracy:  0.40000        0.45000           74.33           -0.02            0.09
inaccuracy:  0.45000        0.50000           74.64           -0.02            0.09
inaccuracy:  0.50000        0.55000           54.07           -0.25            0.22
inaccuracy:  0.55000        0.60000           57.17           -0.28            0.07
inaccuracy:  0.60000        0.65000           56.15           -0.39            0.00
inaccuracy:  0.65000        0.70000           56.56           -0.42           -0.06
inaccuracy:  0.70000        0.75000           57.32           -0.39           -0.10
inaccuracy:  0.75000        0.80000           57.58           -0.39           -0.11
inaccuracy:  0.80000        0.85000           57.17           -0.31           -0.12
inaccuracy:  0.85000        0.90000           56.53           -0.36           -0.11
inaccuracy:  0.90000        0.95000           56.57           -0.35           -0.10
inaccuracy:  0.95000        1.00000           55.16           -0.34           -0.09
===================================================================================================================================
                BAR        
-----------------------------------------------------------------------------------------------------------------------------------
BAR-estimator:         λ             λ+δλ          ΔΔA             ΔA            C               Δδe            δe       
                          
-----------------------------------------------------------------------------------------------------------------------------------
BAR-estimator:      0.00000        0.05000        1.7595         1.7595         1.7595         0.0112         0.0112 
BAR-estimator:      0.05000        0.10000        0.9593         2.7188         0.9593         0.0103         0.0153 
BAR-estimator:      0.10000        0.15000        0.4799         3.1987         0.4799         0.0085         0.0175 
BAR-estimator:      0.15000        0.20000        0.2075         3.4062         0.2075         0.0066         0.0187 
BAR-estimator:      0.20000        0.25000        0.0776         3.4838         0.0776         0.0047         0.0193 
BAR-estimator:      0.25000        0.30000       -0.0145         3.4693        -0.0145         0.0045         0.0198 
BAR-estimator:      0.30000        0.35000       -0.0660         3.4033        -0.0660         0.0035         0.0201 
BAR-estimator:      0.35000        0.40000       -0.1098         3.2935        -0.1098         0.0037         0.0204 
BAR-estimator:      0.40000        0.45000       -0.1467         3.1468        -0.1467         0.0037         0.0208 
BAR-estimator:      0.45000        0.50000       -0.1741         2.9727        -0.1741         0.0039         0.0211 
BAR-estimator:      0.50000        0.55000       -0.5711         2.4017        -0.5711         0.0051         0.0217 
BAR-estimator:      0.55000        0.60000       -1.1346         1.2671        -1.1346         0.0048         0.0223 
BAR-estimator:      0.60000        0.65000       -1.6597        -0.3926        -1.6597         0.0055         0.0229 
BAR-estimator:      0.65000        0.70000       -2.0783        -2.4709        -2.0783         0.0058         0.0236 
BAR-estimator:      0.70000        0.75000       -2.3495        -4.8204        -2.3495         0.0056         0.0243 
BAR-estimator:      0.75000        0.80000       -2.4917        -7.3120        -2.4917         0.0052         0.0248 
BAR-estimator:      0.80000        0.85000       -2.5336        -9.8457        -2.5336         0.0047         0.0253 
BAR-estimator:      0.85000        0.90000       -2.5270       -12.3726        -2.5270         0.0056         0.0259 
BAR-estimator:      0.90000        0.95000       -2.4934       -14.8660        -2.4934         0.0053         0.0264 
BAR-estimator:      0.95000        1.00000       -2.4734       -17.3394        -2.4734         0.0059         0.0271 
BAR-estimator: total free energy change is -17.339425796855522 , total error is 0.027080623311698
