#========================================================================================
#                     Free energy perturbation    
#----------------------------------------------------------------------------------------
#forward/backward          λ              ΔΔA                 ΔA                  δε   
#                                                 
#----------------------------------------------------------------------------------------
forward:               0.0000              0.0000              0.0000              0.0000  
forward:               0.0500              1.5575              1.5575              0.0180  
forward:               0.1000              0.9611              2.5186              0.0233  
forward:               0.1500              0.5470              3.0656              0.0267  
forward:               0.2000              0.3340              3.3995              0.0279  
forward:               0.2500              0.2036              3.6031              0.0289  
forward:               0.3000              0.1167              3.7198              0.0295  
forward:               0.3500              0.0575              3.7773              0.0300  
forward:               0.4000              0.0156              3.7929              0.0304  
forward:               0.4500             -0.0158              3.7771              0.0308  
forward:               0.5000             -0.0332              3.7439              0.0312  
forward:               0.5500             -0.1434              3.6004              0.0317  
forward:               0.6000             -0.3150              3.2855              0.0323  
forward:               0.6500             -0.5120              2.7734              0.0330  
forward:               0.7000             -0.6721              2.1013              0.0337  
forward:               0.7500             -0.7636              1.3377              0.0342  
forward:               0.8000             -0.7990              0.5387              0.0347  
forward:               0.8500             -0.7653             -0.2265              0.0352  
forward:               0.9000             -0.7411             -0.9677              0.0354  
forward:               0.9500             -0.7147             -1.6824              0.0357  
forward:               1.0000             -0.6774             -2.3598              0.0360  
backward:              1.0000              0.0000             -2.3598              0.0000  
backward:              0.9500              0.6864             -1.6734              0.0059  
backward:              0.9000              0.7005             -0.9729              0.0084  
backward:              0.8500              0.7402             -0.2327              0.0105  
backward:              0.8000              0.7551              0.5224              0.0146  
backward:              0.7500              0.7852              1.3076              0.0160  
backward:              0.7000              0.7790              2.0866              0.0180  
backward:              0.6500              0.6600              2.7466              0.0194  
backward:              0.6000              0.4911              3.2377              0.0208  
backward:              0.5500              0.3128              3.5505              0.0218  
backward:              0.5000              0.1522              3.7027              0.0225  
backward:              0.4500              0.0448              3.7475              0.0232  
backward:              0.4000              0.0129              3.7604              0.0238  
backward:              0.3500             -0.0173              3.7432              0.0246  
backward:              0.3000             -0.0641              3.6791              0.0257  
backward:              0.2500             -0.1038              3.5753              0.0270  
backward:              0.2000             -0.2231              3.3522              0.0298  
backward:              0.1500             -0.3381              3.0141              0.0318  
backward:              0.1000             -0.5209              2.4932              0.0341  
backward:              0.0500             -0.9091              1.5842              0.0381  
backward:              0.0000             -1.5794              0.0047              0.0520  
Inaccuracy estimation
======================================================================================================
                   i        i+δi          P0_overlap_P1   δε(forward)/ε   δε(backward)/ε
======================================================================================================
inaccuracy:  0.00000        0.05000           37.43           -0.03            1.61
inaccuracy:  0.05000        0.10000           46.59           -0.04            1.01
inaccuracy:  0.10000        0.15000           54.67           -0.03            0.59
inaccuracy:  0.15000        0.20000           60.98           -0.03            0.36
inaccuracy:  0.20000        0.25000           66.02           -0.02            0.23
inaccuracy:  0.25000        0.30000           67.50           -0.02            0.21
inaccuracy:  0.30000        0.35000           70.50           -0.01            0.16
inaccuracy:  0.35000        0.40000           71.39           -0.02            0.14
inaccuracy:  0.40000        0.45000           72.40           -0.02            0.13
inaccuracy:  0.45000        0.50000           71.49           -0.01            0.13
inaccuracy:  0.50000        0.55000           66.93           -0.08            0.15
inaccuracy:  0.55000        0.60000           66.60           -0.10            0.12
inaccuracy:  0.60000        0.65000           66.07           -0.10            0.10
inaccuracy:  0.65000        0.70000           65.53           -0.09            0.08
inaccuracy:  0.70000        0.75000           65.77           -0.10            0.08
inaccuracy:  0.75000        0.80000           68.63           -0.07            0.07
inaccuracy:  0.80000        0.85000           67.04           -0.08            0.08
inaccuracy:  0.85000        0.90000           66.07           -0.08            0.09
inaccuracy:  0.90000        0.95000           66.14           -0.08            0.09
inaccuracy:  0.95000        1.00000           64.51           -0.10            0.10
===================================================================================================================================
                BAR        
-----------------------------------------------------------------------------------------------------------------------------------
BAR-estimator:         λ             λ+δλ          ΔΔA             ΔA            C               Δδe            δe       
                          
-----------------------------------------------------------------------------------------------------------------------------------
BAR-estimator:      0.00000        0.05000        1.5622         1.5622         1.5622         0.0095         0.0095 
BAR-estimator:      0.05000        0.10000        0.9525         2.5148         0.9525         0.0071         0.0118 
BAR-estimator:      0.10000        0.15000        0.5406         3.0554         0.5406         0.0085         0.0146 
BAR-estimator:      0.15000        0.20000        0.3340         3.3894         0.3340         0.0064         0.0160 
BAR-estimator:      0.20000        0.25000        0.2014         3.5908         0.2014         0.0047         0.0166 
BAR-estimator:      0.25000        0.30000        0.1114         3.7021         0.1114         0.0047         0.0173 
BAR-estimator:      0.30000        0.35000        0.0597         3.7618         0.0597         0.0040         0.0177 
BAR-estimator:      0.35000        0.40000        0.0173         3.7791         0.0173         0.0036         0.0181 
BAR-estimator:      0.40000        0.45000       -0.0128         3.7663        -0.0128         0.0032         0.0184 
BAR-estimator:      0.45000        0.50000       -0.0355         3.7308        -0.0355         0.0032         0.0187 
BAR-estimator:      0.50000        0.55000       -0.1435         3.5874        -0.1435         0.0036         0.0190 
BAR-estimator:      0.55000        0.60000       -0.3127         3.2746        -0.3127         0.0038         0.0194 
BAR-estimator:      0.60000        0.65000       -0.5035         2.7711        -0.5035         0.0041         0.0198 
BAR-estimator:      0.65000        0.70000       -0.6644         2.1068        -0.6644         0.0044         0.0203 
BAR-estimator:      0.70000        0.75000       -0.7696         1.3372        -0.7696         0.0046         0.0208 
BAR-estimator:      0.75000        0.80000       -0.7896         0.5476        -0.7896         0.0042         0.0212 
BAR-estimator:      0.80000        0.85000       -0.7645        -0.2169        -0.7645         0.0037         0.0216 
BAR-estimator:      0.85000        0.90000       -0.7420        -0.9588        -0.7420         0.0037         0.0219 
BAR-estimator:      0.90000        0.95000       -0.7104        -1.6693        -0.7104         0.0041         0.0223 
BAR-estimator:      0.95000        1.00000       -0.6843        -2.3535        -0.6843         0.0036         0.0225 
BAR-estimator: total free energy change is -2.35353127626261 , total error is 0.022539093685075964
