#========================================================================================
#                     Free energy perturbation    
#----------------------------------------------------------------------------------------
#forward/backward          λ              ΔΔA                 ΔA                  δε   
#                                                 
#----------------------------------------------------------------------------------------
forward:               0.0000              0.0000              0.0000              0.0000  
forward:               0.0500              1.9426              1.9426              0.0219  
forward:               0.1000              1.1907              3.1333              0.0254  
forward:               0.1500              0.7139              3.8472              0.0283  
forward:               0.2000              0.4287              4.2759              0.0302  
forward:               0.2500              0.2724              4.5483              0.0313  
forward:               0.3000              0.1568              4.7052              0.0322  
forward:               0.3500              0.0696              4.7748              0.0329  
forward:               0.4000              0.0185              4.7933              0.0334  
forward:               0.4500             -0.0155              4.7778              0.0338  
forward:               0.5000             -0.0330              4.7448              0.0341  
forward:               0.5500             -0.1040              4.6408              0.0345  
forward:               0.6000             -0.1829              4.4579              0.0351  
forward:               0.6500             -0.2958              4.1621              0.0358  
forward:               0.7000             -0.3661              3.7959              0.0363  
forward:               0.7500             -0.4480              3.3479              0.0368  
forward:               0.8000             -0.4795              2.8684              0.0373  
forward:               0.8500             -0.4983              2.3701              0.0377  
forward:               0.9000             -0.5079              1.8622              0.0380  
forward:               0.9500             -0.5067              1.3555              0.0385  
forward:               1.0000             -0.4984              0.8572              0.0388  
backward:              1.0000              0.0000              0.8572              0.0000  
backward:              0.9500              0.4980              1.3552              0.0067  
backward:              0.9000              0.5115              1.8667              0.0089  
backward:              0.8500              0.5103              2.3770              0.0111  
backward:              0.8000              0.4944              2.8714              0.0125  
backward:              0.7500              0.4755              3.3469              0.0145  
backward:              0.7000              0.4311              3.7780              0.0159  
backward:              0.6500              0.3580              4.1360              0.0172  
backward:              0.6000              0.2737              4.4097              0.0188  
backward:              0.5500              0.1984              4.6081              0.0205  
backward:              0.5000              0.0974              4.7054              0.0221  
backward:              0.4500              0.0551              4.7605              0.0231  
backward:              0.4000              0.0126              4.7731              0.0242  
backward:              0.3500             -0.0238              4.7493              0.0252  
backward:              0.3000             -0.0784              4.6709              0.0262  
backward:              0.2500             -0.1529              4.5179              0.0276  
backward:              0.2000             -0.2505              4.2675              0.0321  
backward:              0.1500             -0.4141              3.8534              0.0349  
backward:              0.1000             -0.6885              3.1650              0.0387  
backward:              0.0500             -1.1316              2.0334              0.0442  
backward:              0.0000             -1.9565              0.0768              0.0719  
Inaccuracy estimation
======================================================================================================
                   i        i+δi          P0_overlap_P1   δε(forward)/ε   δε(backward)/ε
======================================================================================================
inaccuracy:  0.00000        0.05000           32.46           -0.01            2.14
inaccuracy:  0.05000        0.10000           41.21           -0.06            1.36
inaccuracy:  0.10000        0.15000           49.00           -0.04            0.80
inaccuracy:  0.15000        0.20000           56.51           -0.04            0.48
inaccuracy:  0.20000        0.25000           59.83           -0.04            0.36
inaccuracy:  0.25000        0.30000           63.82           -0.03            0.25
inaccuracy:  0.30000        0.35000           67.40           -0.03            0.21
inaccuracy:  0.35000        0.40000           67.98           -0.03            0.18
inaccuracy:  0.40000        0.45000           68.07           -0.02            0.17
inaccuracy:  0.45000        0.50000           67.50           -0.02            0.17
inaccuracy:  0.50000        0.55000           67.14           -0.05            0.16
inaccuracy:  0.55000        0.60000           66.10           -0.06            0.15
inaccuracy:  0.60000        0.65000           67.60           -0.07            0.12
inaccuracy:  0.65000        0.70000           67.45           -0.07            0.12
inaccuracy:  0.70000        0.75000           67.57           -0.07            0.11
inaccuracy:  0.75000        0.80000           67.40           -0.08            0.11
inaccuracy:  0.80000        0.85000           67.19           -0.06            0.10
inaccuracy:  0.85000        0.90000           66.43           -0.06            0.11
inaccuracy:  0.90000        0.95000           66.07           -0.06            0.11
inaccuracy:  0.95000        1.00000           66.32           -0.08            0.11
===================================================================================================================================
                BAR        
-----------------------------------------------------------------------------------------------------------------------------------
BAR-estimator:         λ             λ+δλ          ΔΔA             ΔA            C               Δδe            δe       
                          
-----------------------------------------------------------------------------------------------------------------------------------
BAR-estimator:      0.00000        0.05000        1.9128         1.9128         1.9128         0.0113         0.0113 
BAR-estimator:      0.05000        0.10000        1.1843         3.0971         1.1843         0.0089         0.0144 
BAR-estimator:      0.10000        0.15000        0.7049         3.8020         0.7049         0.0110         0.0181 
BAR-estimator:      0.15000        0.20000        0.4210         4.2230         0.4210         0.0066         0.0192 
BAR-estimator:      0.20000        0.25000        0.2659         4.4889         0.2659         0.0061         0.0202 
BAR-estimator:      0.25000        0.30000        0.1563         4.6451         0.1563         0.0049         0.0208 
BAR-estimator:      0.30000        0.35000        0.0779         4.7230         0.0779         0.0046         0.0213 
BAR-estimator:      0.35000        0.40000        0.0224         4.7454         0.0224         0.0041         0.0217 
BAR-estimator:      0.40000        0.45000       -0.0147         4.7308        -0.0147         0.0041         0.0221 
BAR-estimator:      0.45000        0.50000       -0.0379         4.6929        -0.0379         0.0038         0.0224 
BAR-estimator:      0.50000        0.55000       -0.1005         4.5923        -0.1005         0.0036         0.0227 
BAR-estimator:      0.55000        0.60000       -0.1907         4.4016        -0.1907         0.0037         0.0230 
BAR-estimator:      0.60000        0.65000       -0.2876         4.1140        -0.2876         0.0039         0.0233 
BAR-estimator:      0.65000        0.70000       -0.3630         3.7510        -0.3630         0.0042         0.0237 
BAR-estimator:      0.70000        0.75000       -0.4405         3.3105        -0.4405         0.0043         0.0241 
BAR-estimator:      0.75000        0.80000       -0.4769         2.8336        -0.4769         0.0041         0.0244 
BAR-estimator:      0.80000        0.85000       -0.4993         2.3343        -0.4993         0.0037         0.0247 
BAR-estimator:      0.85000        0.90000       -0.5087         1.8257        -0.5087         0.0039         0.0250 
BAR-estimator:      0.90000        0.95000       -0.5070         1.3187        -0.5070         0.0044         0.0254 
BAR-estimator:      0.95000        1.00000       -0.5005         0.8182        -0.5005         0.0037         0.0257 
BAR-estimator: total free energy change is 0.8182064839488129 , total error is 0.02565149124661708
