#========================================================================================
#                     Free energy perturbation    
#----------------------------------------------------------------------------------------
#forward/backward          λ              ΔΔA                 ΔA                  δε   
#                                                 
#----------------------------------------------------------------------------------------
forward:               0.0000              0.0000              0.0000              0.0000  
forward:               0.0500              1.2106              1.2106              0.0225  
forward:               0.1000              0.7652              1.9758              0.0266  
forward:               0.1500              0.4660              2.4418              0.0293  
forward:               0.2000              0.2894              2.7311              0.0307  
forward:               0.2500              0.1776              2.9087              0.0316  
forward:               0.3000              0.1149              3.0236              0.0322  
forward:               0.3500              0.0699              3.0935              0.0333  
forward:               0.4000              0.0318              3.1253              0.0333  
forward:               0.4500              0.0119              3.1372              0.0336  
forward:               0.5000             -0.0141              3.1231              0.0339  
forward:               0.5500             -0.1064              3.0167              0.0344  
forward:               0.6000             -0.2849              2.7318              0.0349  
forward:               0.6500             -0.4365              2.2953              0.0353  
forward:               0.7000             -0.5731              1.7222              0.0358  
forward:               0.7500             -0.6672              1.0550              0.0362  
forward:               0.8000             -0.7455              0.3095              0.0365  
forward:               0.8500             -0.7659             -0.4564              0.0368  
forward:               0.9000             -0.7965             -1.2529              0.0372  
forward:               0.9500             -0.8001             -2.0531              0.0374  
forward:               1.0000             -0.8143             -2.8674              0.0377  
backward:              1.0000              0.0000             -2.8674              0.0000  
backward:              0.9500              0.8167             -2.0507              0.0061  
backward:              0.9000              0.8078             -1.2430              0.0084  
backward:              0.8500              0.7977             -0.4452              0.0102  
backward:              0.8000              0.7718              0.3266              0.0116  
backward:              0.7500              0.7346              1.0612              0.0130  
backward:              0.7000              0.6709              1.7322              0.0144  
backward:              0.6500              0.5690              2.3012              0.0161  
backward:              0.6000              0.4269              2.7280              0.0179  
backward:              0.5500              0.2795              3.0075              0.0189  
backward:              0.5000              0.0866              3.0940              0.0204  
backward:              0.4500              0.0080              3.1021              0.0210  
backward:              0.4000             -0.0129              3.0891              0.0216  
backward:              0.3500             -0.0411              3.0480              0.0224  
backward:              0.3000             -0.0743              2.9738              0.0234  
backward:              0.2500             -0.1194              2.8544              0.0244  
backward:              0.2000             -0.1920              2.6624              0.0270  
backward:              0.1500             -0.2792              2.3832              0.0288  
backward:              0.1000             -0.4596              1.9236              0.0320  
backward:              0.0500             -0.7791              1.1446              0.0453  
backward:              0.0000             -1.2377             -0.0932              0.0571  
Inaccuracy estimation
======================================================================================================
                   i        i+δi          P0_overlap_P1   δε(forward)/ε   δε(backward)/ε
======================================================================================================
inaccuracy:  0.00000        0.05000           44.37           -0.03            1.10
inaccuracy:  0.05000        0.10000           52.35           -0.02            0.74
inaccuracy:  0.10000        0.15000           58.99           -0.02            0.43
inaccuracy:  0.15000        0.20000           64.77           -0.01            0.28
inaccuracy:  0.20000        0.25000           69.10           -0.01            0.19
inaccuracy:  0.25000        0.30000           71.84           -0.01            0.17
inaccuracy:  0.30000        0.35000           72.60           -0.02            0.15
inaccuracy:  0.35000        0.40000           74.24           -0.01            0.12
inaccuracy:  0.40000        0.45000           74.52           -0.01            0.11
inaccuracy:  0.45000        0.50000           75.15           -0.01            0.11
inaccuracy:  0.50000        0.55000           68.70           -0.06            0.12
inaccuracy:  0.55000        0.60000           69.52           -0.08            0.10
inaccuracy:  0.60000        0.65000           68.41           -0.08            0.09
inaccuracy:  0.65000        0.70000           68.37           -0.07            0.07
inaccuracy:  0.70000        0.75000           68.65           -0.08            0.07
inaccuracy:  0.75000        0.80000           70.44           -0.07            0.06
inaccuracy:  0.80000        0.85000           68.64           -0.09            0.06
inaccuracy:  0.85000        0.90000           68.69           -0.07            0.06
inaccuracy:  0.90000        0.95000           67.37           -0.08            0.07
inaccuracy:  0.95000        1.00000           67.74           -0.07            0.07
===================================================================================================================================
                BAR        
-----------------------------------------------------------------------------------------------------------------------------------
BAR-estimator:         λ             λ+δλ          ΔΔA             ΔA            C               Δδe            δe       
                          
-----------------------------------------------------------------------------------------------------------------------------------
BAR-estimator:      0.00000        0.05000        1.2128         1.2128         1.2128         0.0131         0.0131 
BAR-estimator:      0.05000        0.10000        0.7739         1.9867         0.7739         0.0085         0.0156 
BAR-estimator:      0.10000        0.15000        0.4602         2.4469         0.4602         0.0085         0.0178 
BAR-estimator:      0.15000        0.20000        0.2876         2.7345         0.2876         0.0057         0.0186 
BAR-estimator:      0.20000        0.25000        0.1808         2.9153         0.1808         0.0049         0.0193 
BAR-estimator:      0.25000        0.30000        0.1208         3.0361         0.1208         0.0045         0.0198 
BAR-estimator:      0.30000        0.35000        0.0725         3.1086         0.0725         0.0054         0.0205 
BAR-estimator:      0.35000        0.40000        0.0364         3.1450         0.0364         0.0035         0.0208 
BAR-estimator:      0.40000        0.45000        0.0141         3.1591         0.0141         0.0032         0.0211 
BAR-estimator:      0.45000        0.50000       -0.0101         3.1491        -0.0101         0.0031         0.0213 
BAR-estimator:      0.50000        0.55000       -0.1000         3.0490        -0.1000         0.0038         0.0216 
BAR-estimator:      0.55000        0.60000       -0.2797         2.7693        -0.2797         0.0036         0.0219 
BAR-estimator:      0.60000        0.65000       -0.4334         2.3359        -0.4334         0.0033         0.0222 
BAR-estimator:      0.65000        0.70000       -0.5754         1.7605        -0.5754         0.0042         0.0226 
BAR-estimator:      0.70000        0.75000       -0.6677         1.0928        -0.6677         0.0037         0.0229 
BAR-estimator:      0.75000        0.80000       -0.7401         0.3527        -0.7401         0.0038         0.0232 
BAR-estimator:      0.80000        0.85000       -0.7685        -0.4158        -0.7685         0.0036         0.0235 
BAR-estimator:      0.85000        0.90000       -0.7974        -1.2132        -0.7974         0.0041         0.0238 
BAR-estimator:      0.90000        0.95000       -0.8019        -2.0151        -0.8019         0.0041         0.0242 
BAR-estimator:      0.95000        1.00000       -0.8155        -2.8306        -0.8155         0.0041         0.0245 
BAR-estimator: total free energy change is -2.830648941649814 , total error is 0.02453675880921033
