#========================================================================================
#                     Free energy perturbation    
#----------------------------------------------------------------------------------------
#forward/backward          λ              ΔΔA                 ΔA                  δε   
#                                                 
#----------------------------------------------------------------------------------------
forward:               0.0000              0.0000              0.0000              0.0000  
forward:               0.0500              1.7690              1.7690              0.0262  
forward:               0.1000              0.9530              2.7220              0.0312  
forward:               0.1500              0.5041              3.2260              0.0334  
forward:               0.2000              0.2762              3.5023              0.0346  
forward:               0.2500              0.1518              3.6540              0.0354  
forward:               0.3000              0.0791              3.7331              0.0359  
forward:               0.3500              0.0280              3.7611              0.0364  
forward:               0.4000             -0.0136              3.7474              0.0367  
forward:               0.4500             -0.0385              3.7090              0.0370  
forward:               0.5000             -0.0617              3.6473              0.0373  
forward:               0.5500             -0.1260              3.5213              0.0379  
forward:               0.6000             -0.2610              3.2603              0.0383  
forward:               0.6500             -0.3574              2.9029              0.0386  
forward:               0.7000             -0.4355              2.4675              0.0390  
forward:               0.7500             -0.5167              1.9508              0.0393  
forward:               0.8000             -0.5776              1.3731              0.0396  
forward:               0.8500             -0.6148              0.7583              0.0399  
forward:               0.9000             -0.6587              0.0996              0.0401  
forward:               0.9500             -0.6850             -0.5854              0.0404  
forward:               1.0000             -0.7024             -1.2877              0.0406  
backward:              1.0000              0.0000             -1.2877              0.0000  
backward:              0.9500              0.6936             -0.5941              0.0064  
backward:              0.9000              0.6732              0.0792              0.0084  
backward:              0.8500              0.6607              0.7399              0.0101  
backward:              0.8000              0.6181              1.3580              0.0113  
backward:              0.7500              0.5806              1.9387              0.0124  
backward:              0.7000              0.5069              2.4456              0.0137  
backward:              0.6500              0.4459              2.8915              0.0148  
backward:              0.6000              0.3608              3.2523              0.0159  
backward:              0.5500              0.2515              3.5038              0.0172  
backward:              0.5000              0.1084              3.6122              0.0182  
backward:              0.4500              0.0728              3.6850              0.0190  
backward:              0.4000              0.0394              3.7243              0.0198  
backward:              0.3500             -0.0054              3.7189              0.0207  
backward:              0.3000             -0.0448              3.6741              0.0220  
backward:              0.2500             -0.0639              3.6103              0.0229  
backward:              0.2000             -0.1506              3.4597              0.0259  
backward:              0.1500             -0.2652              3.1945              0.0283  
backward:              0.1000             -0.5011              2.6934              0.0337  
backward:              0.0500             -0.9722              1.7212              0.0459  
backward:              0.0000             -1.6935              0.0277              0.0633  
Inaccuracy estimation
======================================================================================================
                   i        i+δi          P0_overlap_P1   δε(forward)/ε   δε(backward)/ε
======================================================================================================
inaccuracy:  0.00000        0.05000           33.76           -0.03            2.10
inaccuracy:  0.05000        0.10000           46.08           -0.03            1.10
inaccuracy:  0.10000        0.15000           57.15           -0.02            0.55
inaccuracy:  0.15000        0.20000           63.14           -0.02            0.31
inaccuracy:  0.20000        0.25000           68.20           -0.01            0.20
inaccuracy:  0.25000        0.30000           69.87           -0.01            0.16
inaccuracy:  0.30000        0.35000           73.73           -0.02            0.13
inaccuracy:  0.35000        0.40000           74.63           -0.01            0.11
inaccuracy:  0.40000        0.45000           73.96           -0.01            0.10
inaccuracy:  0.45000        0.50000           74.59           -0.02            0.10
inaccuracy:  0.50000        0.55000           70.78           -0.04            0.11
inaccuracy:  0.55000        0.60000           71.19           -0.05            0.09
inaccuracy:  0.60000        0.65000           71.89           -0.05            0.08
inaccuracy:  0.65000        0.70000           70.60           -0.05            0.07
inaccuracy:  0.70000        0.75000           72.09           -0.05            0.06
inaccuracy:  0.75000        0.80000           71.81           -0.06            0.06
inaccuracy:  0.80000        0.85000           71.94           -0.05            0.06
inaccuracy:  0.85000        0.90000           71.80           -0.06            0.05
inaccuracy:  0.90000        0.95000           72.27           -0.05            0.05
inaccuracy:  0.95000        1.00000           71.42           -0.06            0.05
===================================================================================================================================
                BAR        
-----------------------------------------------------------------------------------------------------------------------------------
BAR-estimator:         λ             λ+δλ          ΔΔA             ΔA            C               Δδe            δe       
                          
-----------------------------------------------------------------------------------------------------------------------------------
BAR-estimator:      0.00000        0.05000        1.7518         1.7518         1.7518         0.0131         0.0131 
BAR-estimator:      0.05000        0.10000        0.9598         2.7116         0.9598         0.0103         0.0167 
BAR-estimator:      0.10000        0.15000        0.5043         3.2160         0.5043         0.0080         0.0185 
BAR-estimator:      0.15000        0.20000        0.2693         3.4853         0.2693         0.0059         0.0194 
BAR-estimator:      0.20000        0.25000        0.1501         3.6354         0.1501         0.0047         0.0200 
BAR-estimator:      0.25000        0.30000        0.0751         3.7105         0.0751         0.0043         0.0204 
BAR-estimator:      0.30000        0.35000        0.0354         3.7460         0.0354         0.0040         0.0208 
BAR-estimator:      0.35000        0.40000       -0.0077         3.7383        -0.0077         0.0038         0.0212 
BAR-estimator:      0.40000        0.45000       -0.0393         3.6989        -0.0393         0.0029         0.0214 
BAR-estimator:      0.45000        0.50000       -0.0650         3.6339        -0.0650         0.0038         0.0217 
BAR-estimator:      0.50000        0.55000       -0.1205         3.5135        -0.1205         0.0044         0.0222 
BAR-estimator:      0.55000        0.60000       -0.2585         3.2550        -0.2585         0.0032         0.0224 
BAR-estimator:      0.60000        0.65000       -0.3586         2.8964        -0.3586         0.0033         0.0226 
BAR-estimator:      0.65000        0.70000       -0.4395         2.4569        -0.4395         0.0038         0.0230 
BAR-estimator:      0.70000        0.75000       -0.5146         1.9423        -0.5146         0.0033         0.0232 
BAR-estimator:      0.75000        0.80000       -0.5764         1.3658        -0.5764         0.0047         0.0237 
BAR-estimator:      0.80000        0.85000       -0.6154         0.7504        -0.6154         0.0037         0.0240 
BAR-estimator:      0.85000        0.90000       -0.6594         0.0910        -0.6594         0.0034         0.0242 
BAR-estimator:      0.90000        0.95000       -0.6792        -0.5882        -0.6792         0.0036         0.0245 
BAR-estimator:      0.95000        1.00000       -0.7002        -1.2883        -0.7002         0.0038         0.0248 
BAR-estimator: total free energy change is -1.2883329680983249 , total error is 0.024758505928567907
