#========================================================================================
#                     Free energy perturbation    
#----------------------------------------------------------------------------------------
#forward/backward          λ              ΔΔA                 ΔA                  δε   
#                                                 
#----------------------------------------------------------------------------------------
forward:               0.0000              0.0000              0.0000              0.0000  
forward:               0.0500              2.6359              2.6359              0.0292  
forward:               0.1000              1.5221              4.1579              0.0368  
forward:               0.1500              0.7841              4.9421              0.0397  
forward:               0.2000              0.4082              5.3502              0.0422  
forward:               0.2500              0.2010              5.5512              0.0438  
forward:               0.3000              0.0640              5.6152              0.0443  
forward:               0.3500             -0.0241              5.5910              0.0445  
forward:               0.4000             -0.0967              5.4944              0.0449  
forward:               0.4500             -0.1384              5.3560              0.0454  
forward:               0.5000             -0.1714              5.1845              0.0456  
forward:               0.5500             -0.3992              4.7853              0.0461  
forward:               0.6000             -0.7792              4.0061              0.0467  
forward:               0.6500             -1.1120              2.8941              0.0474  
forward:               0.7000             -1.3658              1.5283              0.0481  
forward:               0.7500             -1.5418             -0.0135              0.0487  
forward:               0.8000             -1.6035             -1.6170              0.0490  
forward:               0.8500             -1.6160             -3.2330              0.0495  
forward:               0.9000             -1.6052             -4.8382              0.0498  
forward:               0.9500             -1.5581             -6.3964              0.0501  
forward:               1.0000             -1.5181             -7.9145              0.0507  
backward:              1.0000              0.0000             -7.9145              0.0000  
backward:              0.9500              1.5162             -6.3983              0.0126  
backward:              0.9000              1.5559             -4.8424              0.0148  
backward:              0.8500              1.5799             -3.2625              0.0170  
backward:              0.8000              1.6204             -1.6421              0.0190  
backward:              0.7500              1.6059             -0.0362              0.0205  
backward:              0.7000              1.5425              1.5062              0.0227  
backward:              0.6500              1.3755              2.8818              0.0253  
backward:              0.6000              1.0983              3.9800              0.0269  
backward:              0.5500              0.7674              4.7475              0.0284  
backward:              0.5000              0.3913              5.1387              0.0299  
backward:              0.4500              0.1715              5.3103              0.0306  
backward:              0.4000              0.1316              5.4419              0.0315  
backward:              0.3500              0.0860              5.5279              0.0337  
backward:              0.3000              0.0231              5.5509              0.0349  
backward:              0.2500             -0.0587              5.4923              0.0361  
backward:              0.2000             -0.2205              5.2718              0.0382  
backward:              0.1500             -0.3851              4.8867              0.0404  
backward:              0.1000             -0.8751              4.0116              0.0983  
backward:              0.0500             -1.4783              2.5333              0.1152  
backward:              0.0000             -2.4791              0.0542              0.1208  
Inaccuracy estimation
======================================================================================================
                   i        i+δi          P0_overlap_P1   δε(forward)/ε   δε(backward)/ε
======================================================================================================
inaccuracy:  0.00000        0.05000           24.74            0.10            3.31
inaccuracy:  0.05000        0.10000           32.91           -0.08            2.09
inaccuracy:  0.10000        0.15000           45.60           -0.06            1.01
inaccuracy:  0.15000        0.20000           53.71           -0.04            0.57
inaccuracy:  0.20000        0.25000           58.85           -0.05            0.37
inaccuracy:  0.25000        0.30000           61.83           -0.03            0.27
inaccuracy:  0.30000        0.35000           64.53           -0.03            0.20
inaccuracy:  0.35000        0.40000           66.00           -0.04            0.18
inaccuracy:  0.40000        0.45000           66.86           -0.03            0.16
inaccuracy:  0.45000        0.50000           68.04           -0.04            0.15
inaccuracy:  0.50000        0.55000           57.85           -0.16            0.20
inaccuracy:  0.55000        0.60000           59.13           -0.21            0.13
inaccuracy:  0.60000        0.65000           58.23           -0.25            0.08
inaccuracy:  0.65000        0.70000           57.41           -0.25            0.05
inaccuracy:  0.70000        0.75000           58.19           -0.22            0.02
inaccuracy:  0.75000        0.80000           59.01           -0.24            0.02
inaccuracy:  0.80000        0.85000           57.86           -0.22            0.02
inaccuracy:  0.85000        0.90000           59.47           -0.23            0.03
inaccuracy:  0.90000        0.95000           57.43           -0.20            0.04
inaccuracy:  0.95000        1.00000           57.08           -0.25            0.05
===================================================================================================================================
                BAR        
-----------------------------------------------------------------------------------------------------------------------------------
BAR-estimator:         λ             λ+δλ          ΔΔA             ΔA            C               Δδe            δe       
                          
-----------------------------------------------------------------------------------------------------------------------------------
BAR-estimator:      0.00000        0.05000        2.6014         2.6014         2.6014         0.0133         0.0133 
BAR-estimator:      0.05000        0.10000        1.4993         4.1007         1.4993         0.0127         0.0184 
BAR-estimator:      0.10000        0.15000        0.7928         4.8935         0.7928         0.0087         0.0203 
BAR-estimator:      0.15000        0.20000        0.4074         5.3009         0.4074         0.0070         0.0215 
BAR-estimator:      0.20000        0.25000        0.2041         5.5050         0.2041         0.0064         0.0224 
BAR-estimator:      0.25000        0.30000        0.0602         5.5652         0.0602         0.0069         0.0235 
BAR-estimator:      0.30000        0.35000       -0.0273         5.5379        -0.0273         0.0036         0.0238 
BAR-estimator:      0.35000        0.40000       -0.0964         5.4415        -0.0964         0.0044         0.0242 
BAR-estimator:      0.40000        0.45000       -0.1385         5.3030        -0.1385         0.0039         0.0245 
BAR-estimator:      0.45000        0.50000       -0.1691         5.1339        -0.1691         0.0034         0.0247 
BAR-estimator:      0.50000        0.55000       -0.3980         4.7359        -0.3980         0.0043         0.0251 
BAR-estimator:      0.55000        0.60000       -0.7742         3.9617        -0.7742         0.0043         0.0255 
BAR-estimator:      0.60000        0.65000       -1.1031         2.8586        -1.1031         0.0047         0.0259 
BAR-estimator:      0.65000        0.70000       -1.3710         1.4876        -1.3710         0.0050         0.0264 
BAR-estimator:      0.70000        0.75000       -1.5436        -0.0560        -1.5436         0.0055         0.0269 
BAR-estimator:      0.75000        0.80000       -1.6020        -1.6580        -1.6020         0.0048         0.0274 
BAR-estimator:      0.80000        0.85000       -1.6194        -3.2774        -1.6194         0.0052         0.0278 
BAR-estimator:      0.85000        0.90000       -1.5954        -4.8729        -1.5954         0.0045         0.0282 
BAR-estimator:      0.90000        0.95000       -1.5530        -6.4258        -1.5530         0.0044         0.0286 
BAR-estimator:      0.95000        1.00000       -1.5204        -7.9462        -1.5204         0.0054         0.0291 
BAR-estimator: total free energy change is -7.9462085386710495 , total error is 0.029051993648117714
