#========================================================================================
#                     Free energy perturbation    
#----------------------------------------------------------------------------------------
#forward/backward          λ              ΔΔA                 ΔA                  δε   
#                                                 
#----------------------------------------------------------------------------------------
forward:               0.0000              0.0000              0.0000              0.0000  
forward:               0.0500              1.4033              1.4033              0.0256  
forward:               0.1000              0.7825              2.1858              0.0330  
forward:               0.1500              0.4434              2.6292              0.0349  
forward:               0.2000              0.2799              2.9091              0.0358  
forward:               0.2500              0.1686              3.0777              0.0364  
forward:               0.3000              0.0975              3.1752              0.0368  
forward:               0.3500              0.0524              3.2276              0.0373  
forward:               0.4000              0.0126              3.2402              0.0376  
forward:               0.4500             -0.0080              3.2322              0.0379  
forward:               0.5000             -0.0271              3.2051              0.0381  
forward:               0.5500             -0.0601              3.1450              0.0384  
forward:               0.6000             -0.1127              3.0323              0.0387  
forward:               0.6500             -0.1475              2.8848              0.0389  
forward:               0.7000             -0.1799              2.7049              0.0391  
forward:               0.7500             -0.2021              2.5028              0.0392  
forward:               0.8000             -0.2299              2.2729              0.0394  
forward:               0.8500             -0.2475              2.0254              0.0396  
forward:               0.9000             -0.2676              1.7578              0.0397  
forward:               0.9500             -0.2789              1.4789              0.0399  
forward:               1.0000             -0.2895              1.1894              0.0400  
backward:              1.0000              0.0000              1.1894              0.0000  
backward:              0.9500              0.2879              1.4773              0.0044  
backward:              0.9000              0.2700              1.7473              0.0062  
backward:              0.8500              0.2681              2.0154              0.0075  
backward:              0.8000              0.2456              2.2610              0.0087  
backward:              0.7500              0.2354              2.4964              0.0095  
backward:              0.7000              0.1985              2.6949              0.0105  
backward:              0.6500              0.1738              2.8687              0.0114  
backward:              0.6000              0.1448              3.0136              0.0121  
backward:              0.5500              0.1096              3.1232              0.0132  
backward:              0.5000              0.0564              3.1796              0.0145  
backward:              0.4500              0.0411              3.2207              0.0154  
backward:              0.4000              0.0132              3.2338              0.0163  
backward:              0.3500             -0.0091              3.2248              0.0173  
backward:              0.3000             -0.0466              3.1782              0.0186  
backward:              0.2500             -0.0927              3.0855              0.0198  
backward:              0.2000             -0.1538              2.9317              0.0206  
backward:              0.1500             -0.2630              2.6687              0.0234  
backward:              0.1000             -0.4295              2.2392              0.0259  
backward:              0.0500             -0.7865              1.4527              0.0340  
backward:              0.0000             -1.4687             -0.0161              0.0786  
Inaccuracy estimation
======================================================================================================
                   i        i+δi          P0_overlap_P1   δε(forward)/ε   δε(backward)/ε
======================================================================================================
inaccuracy:  0.00000        0.05000           37.88           -0.04            1.90
inaccuracy:  0.05000        0.10000           51.01           -0.02            0.82
inaccuracy:  0.10000        0.15000           59.83           -0.01            0.43
inaccuracy:  0.15000        0.20000           63.70           -0.02            0.28
inaccuracy:  0.20000        0.25000           68.18           -0.01            0.20
inaccuracy:  0.25000        0.30000           70.99           -0.02            0.16
inaccuracy:  0.30000        0.35000           72.68           -0.01            0.13
inaccuracy:  0.35000        0.40000           73.78           -0.02            0.11
inaccuracy:  0.40000        0.45000           74.27           -0.01            0.10
inaccuracy:  0.45000        0.50000           73.85           -0.01            0.10
inaccuracy:  0.50000        0.55000           73.57           -0.02            0.10
inaccuracy:  0.55000        0.60000           74.53           -0.02            0.09
inaccuracy:  0.60000        0.65000           75.58           -0.02            0.08
inaccuracy:  0.65000        0.70000           75.27           -0.02            0.08
inaccuracy:  0.70000        0.75000           74.80           -0.02            0.08
inaccuracy:  0.75000        0.80000           75.00           -0.02            0.08
inaccuracy:  0.80000        0.85000           75.23           -0.02            0.07
inaccuracy:  0.85000        0.90000           75.58           -0.03            0.07
inaccuracy:  0.90000        0.95000           75.82           -0.02            0.07
inaccuracy:  0.95000        1.00000           75.04           -0.02            0.07
===================================================================================================================================
                BAR        
-----------------------------------------------------------------------------------------------------------------------------------
BAR-estimator:         λ             λ+δλ          ΔΔA             ΔA            C               Δδe            δe       
                          
-----------------------------------------------------------------------------------------------------------------------------------
BAR-estimator:      0.00000        0.05000        1.4070         1.4070         1.4070         0.0146         0.0146 
BAR-estimator:      0.05000        0.10000        0.7781         2.1851         0.7781         0.0122         0.0190 
BAR-estimator:      0.10000        0.15000        0.4446         2.6298         0.4446         0.0074         0.0204 
BAR-estimator:      0.15000        0.20000        0.2677         2.8974         0.2677         0.0053         0.0211 
BAR-estimator:      0.20000        0.25000        0.1648         3.0622         0.1648         0.0044         0.0215 
BAR-estimator:      0.25000        0.30000        0.0961         3.1583         0.0961         0.0039         0.0219 
BAR-estimator:      0.30000        0.35000        0.0514         3.2097         0.0514         0.0035         0.0222 
BAR-estimator:      0.35000        0.40000        0.0099         3.2196         0.0099         0.0033         0.0224 
BAR-estimator:      0.40000        0.45000       -0.0089         3.2107        -0.0089         0.0022         0.0225 
BAR-estimator:      0.45000        0.50000       -0.0325         3.1781        -0.0325         0.0030         0.0227 
BAR-estimator:      0.50000        0.55000       -0.0632         3.1149        -0.0632         0.0033         0.0230 
BAR-estimator:      0.55000        0.60000       -0.1120         3.0029        -0.1120         0.0030         0.0232 
BAR-estimator:      0.60000        0.65000       -0.1449         2.8579        -0.1449         0.0030         0.0234 
BAR-estimator:      0.65000        0.70000       -0.1773         2.6806        -0.1773         0.0030         0.0235 
BAR-estimator:      0.70000        0.75000       -0.2015         2.4791        -0.2015         0.0029         0.0237 
BAR-estimator:      0.75000        0.80000       -0.2303         2.2487        -0.2303         0.0029         0.0239 
BAR-estimator:      0.80000        0.85000       -0.2470         2.0018        -0.2470         0.0032         0.0241 
BAR-estimator:      0.85000        0.90000       -0.2660         1.7357        -0.2660         0.0028         0.0243 
BAR-estimator:      0.90000        0.95000       -0.2743         1.4614        -0.2743         0.0028         0.0244 
BAR-estimator:      0.95000        1.00000       -0.2899         1.1715        -0.2899         0.0033         0.0247 
BAR-estimator: total free energy change is 1.1715281754263254 , total error is 0.02465615251940705
