#========================================================================================
#                     Free energy perturbation    
#----------------------------------------------------------------------------------------
#forward/backward          λ              ΔΔA                 ΔA                  δε   
#                                                 
#----------------------------------------------------------------------------------------
forward:               0.0000              0.0000              0.0000              0.0000  
forward:               0.0500              1.5390              1.5390              0.0232  
forward:               0.1000              0.9700              2.5090              0.0283  
forward:               0.1500              0.5837              3.0927              0.0308  
forward:               0.2000              0.3637              3.4564              0.0329  
forward:               0.2500              0.2643              3.7206              0.0339  
forward:               0.3000              0.1685              3.8891              0.0347  
forward:               0.3500              0.1158              4.0050              0.0352  
forward:               0.4000              0.0740              4.0790              0.0356  
forward:               0.4500              0.0443              4.1233              0.0360  
forward:               0.5000              0.0073              4.1306              0.0365  
forward:               0.5500             -0.0032              4.1274              0.0370  
forward:               0.6000             -0.0457              4.0817              0.0373  
forward:               0.6500             -0.0627              4.0190              0.0377  
forward:               0.7000             -0.1156              3.9034              0.0379  
forward:               0.7500             -0.1086              3.7947              0.0382  
forward:               0.8000             -0.1207              3.6740              0.0384  
forward:               0.8500             -0.1373              3.5367              0.0386  
forward:               0.9000             -0.1539              3.3828              0.0388  
forward:               0.9500             -0.1467              3.2361              0.0390  
forward:               1.0000             -0.1541              3.0820              0.0392  
backward:              1.0000              0.0000              3.0820              0.0000  
backward:              0.9500              0.1638              3.2458              0.0050  
backward:              0.9000              0.1416              3.3874              0.0071  
backward:              0.8500              0.1381              3.5255              0.0086  
backward:              0.8000              0.1224              3.6479              0.0103  
backward:              0.7500              0.1309              3.7788              0.0123  
backward:              0.7000              0.1092              3.8881              0.0133  
backward:              0.6500              0.0919              3.9799              0.0152  
backward:              0.6000              0.0680              4.0479              0.0163  
backward:              0.5500              0.0460              4.0939              0.0172  
backward:              0.5000             -0.0071              4.0869              0.0184  
backward:              0.4500             -0.0062              4.0806              0.0204  
backward:              0.4000             -0.0588              4.0218              0.0272  
backward:              0.3500             -0.0694              3.9524              0.0280  
backward:              0.3000             -0.1203              3.8321              0.0291  
backward:              0.2500             -0.1608              3.6713              0.0327  
backward:              0.2000             -0.2680              3.4033              0.0349  
backward:              0.1500             -0.4862              2.9171              0.1137  
backward:              0.1000             -0.5684              2.3487              0.1144  
backward:              0.0500             -1.0077              1.3409              0.1189  
backward:              0.0000             -1.5316             -0.1907              0.1233  
Inaccuracy estimation
======================================================================================================
                   i        i+δi          P0_overlap_P1   δε(forward)/ε   δε(backward)/ε
======================================================================================================
inaccuracy:  0.00000        0.05000           38.54           -0.03            1.65
inaccuracy:  0.05000        0.10000           47.77           -0.04            0.95
inaccuracy:  0.10000        0.15000           55.85           -0.03            0.60
inaccuracy:  0.15000        0.20000           62.40           -0.03            0.35
inaccuracy:  0.20000        0.25000           64.44           -0.02            0.27
inaccuracy:  0.25000        0.30000           66.34           -0.02            0.22
inaccuracy:  0.30000        0.35000           68.76           -0.02            0.17
inaccuracy:  0.35000        0.40000           69.74           -0.02            0.16
inaccuracy:  0.40000        0.45000           70.15           -0.02            0.14
inaccuracy:  0.45000        0.50000           71.21           -0.02            0.14
inaccuracy:  0.50000        0.55000           71.22           -0.02            0.13
inaccuracy:  0.55000        0.60000           72.00           -0.03            0.12
inaccuracy:  0.60000        0.65000           71.28           -0.03            0.12
inaccuracy:  0.65000        0.70000           73.69           -0.02            0.11
inaccuracy:  0.70000        0.75000           71.51           -0.02            0.11
inaccuracy:  0.75000        0.80000           71.38           -0.02            0.11
inaccuracy:  0.80000        0.85000           72.84           -0.03            0.10
inaccuracy:  0.85000        0.90000           73.39           -0.02            0.10
inaccuracy:  0.90000        0.95000           72.26           -0.02            0.10
inaccuracy:  0.95000        1.00000           70.61           -0.03            0.10
===================================================================================================================================
                BAR        
-----------------------------------------------------------------------------------------------------------------------------------
BAR-estimator:         λ             λ+δλ          ΔΔA             ΔA            C               Δδe            δe       
                          
-----------------------------------------------------------------------------------------------------------------------------------
BAR-estimator:      0.00000        0.05000        1.5526         1.5526         1.5526         0.0119         0.0119 
BAR-estimator:      0.05000        0.10000        0.9687         2.5213         0.9687         0.0093         0.0151 
BAR-estimator:      0.10000        0.15000        0.5910         3.1123         0.5910         0.0075         0.0169 
BAR-estimator:      0.15000        0.20000        0.3631         3.4754         0.3631         0.0067         0.0182 
BAR-estimator:      0.20000        0.25000        0.2646         3.7400         0.2646         0.0055         0.0190 
BAR-estimator:      0.25000        0.30000        0.1617         3.9017         0.1617         0.0049         0.0196 
BAR-estimator:      0.30000        0.35000        0.1160         4.0177         0.1160         0.0041         0.0200 
BAR-estimator:      0.35000        0.40000        0.0734         4.0912         0.0734         0.0037         0.0204 
BAR-estimator:      0.40000        0.45000        0.0412         4.1324         0.0412         0.0035         0.0207 
BAR-estimator:      0.45000        0.50000        0.0078         4.1402         0.0078         0.0042         0.0211 
BAR-estimator:      0.50000        0.55000       -0.0010         4.1392        -0.0010         0.0039         0.0214 
BAR-estimator:      0.55000        0.60000       -0.0461         4.0931        -0.0461         0.0033         0.0217 
BAR-estimator:      0.60000        0.65000       -0.0664         4.0267        -0.0664         0.0039         0.0220 
BAR-estimator:      0.65000        0.70000       -0.1067         3.9200        -0.1067         0.0030         0.0222 
BAR-estimator:      0.70000        0.75000       -0.1071         3.8129        -0.1071         0.0034         0.0225 
BAR-estimator:      0.75000        0.80000       -0.1248         3.6881        -0.1248         0.0035         0.0228 
BAR-estimator:      0.80000        0.85000       -0.1329         3.5552        -0.1329         0.0039         0.0231 
BAR-estimator:      0.85000        0.90000       -0.1483         3.4069        -0.1483         0.0034         0.0234 
BAR-estimator:      0.90000        0.95000       -0.1455         3.2614        -0.1455         0.0032         0.0236 
BAR-estimator:      0.95000        1.00000       -0.1591         3.1023        -0.1591         0.0034         0.0238 
BAR-estimator: total free energy change is 3.1022658070236293 , total error is 0.023828260581363288
