#========================================================================================
#                     Free energy perturbation    
#----------------------------------------------------------------------------------------
#forward/backward          λ              ΔΔA                 ΔA                  δε   
#                                                 
#----------------------------------------------------------------------------------------
forward:               0.0000              0.0000              0.0000              0.0000  
forward:               0.0500              1.5716              1.5716              0.0274  
forward:               0.1000              0.9094              2.4809              0.0326  
forward:               0.1500              0.4885              2.9694              0.0344  
forward:               0.2000              0.2792              3.2486              0.0355  
forward:               0.2500              0.1709              3.4195              0.0365  
forward:               0.3000              0.0963              3.5158              0.0371  
forward:               0.3500              0.0602              3.5760              0.0375  
forward:               0.4000              0.0189              3.5949              0.0379  
forward:               0.4500             -0.0133              3.5816              0.0381  
forward:               0.5000             -0.0376              3.5440              0.0384  
forward:               0.5500             -0.0723              3.4717              0.0387  
forward:               0.6000             -0.2061              3.2656              0.0390  
forward:               0.6500             -0.3127              2.9529              0.0394  
forward:               0.7000             -0.4032              2.5497              0.0397  
forward:               0.7500             -0.4676              2.0821              0.0398  
forward:               0.8000             -0.5180              1.5641              0.0401  
forward:               0.8500             -0.5719              0.9922              0.0404  
forward:               0.9000             -0.6130              0.3792              0.0407  
forward:               0.9500             -0.6275             -0.2483              0.0409  
forward:               1.0000             -0.6465             -0.8948              0.0412  
backward:              1.0000              0.0000             -0.8948              0.0000  
backward:              0.9500              0.6432             -0.2516              0.0051  
backward:              0.9000              0.6313              0.3796              0.0074  
backward:              0.8500              0.6060              0.9856              0.0090  
backward:              0.8000              0.5573              1.5429              0.0109  
backward:              0.7500              0.5213              2.0642              0.0123  
backward:              0.7000              0.4606              2.5248              0.0134  
backward:              0.6500              0.3924              2.9172              0.0147  
backward:              0.6000              0.3089              3.2261              0.0157  
backward:              0.5500              0.2096              3.4357              0.0167  
backward:              0.5000              0.0749              3.5106              0.0183  
backward:              0.4500              0.0273              3.5380              0.0190  
backward:              0.4000              0.0135              3.5514              0.0198  
backward:              0.3500             -0.0139              3.5375              0.0207  
backward:              0.3000             -0.0469              3.4907              0.0217  
backward:              0.2500             -0.0960              3.3947              0.0229  
backward:              0.2000             -0.1842              3.2105              0.0244  
backward:              0.1500             -0.2892              2.9212              0.0278  
backward:              0.1000             -0.4939              2.4273              0.0319  
backward:              0.0500             -0.8704              1.5569              0.0378  
backward:              0.0000             -1.5866             -0.0297              0.0484  
Inaccuracy estimation
======================================================================================================
                   i        i+δi          P0_overlap_P1   δε(forward)/ε   δε(backward)/ε
======================================================================================================
inaccuracy:  0.00000        0.05000           37.76           -0.03            1.57
inaccuracy:  0.05000        0.10000           47.35           -0.04            1.00
inaccuracy:  0.10000        0.15000           57.83           -0.01            0.53
inaccuracy:  0.15000        0.20000           65.33           -0.02            0.30
inaccuracy:  0.20000        0.25000           69.15           -0.01            0.19
inaccuracy:  0.25000        0.30000           70.62           -0.01            0.16
inaccuracy:  0.30000        0.35000           71.25           -0.01            0.15
inaccuracy:  0.35000        0.40000           73.07           -0.01            0.13
inaccuracy:  0.40000        0.45000           74.40           -0.01            0.11
inaccuracy:  0.45000        0.50000           75.27           -0.02            0.09
inaccuracy:  0.50000        0.55000           69.37           -0.05            0.13
inaccuracy:  0.55000        0.60000           71.15           -0.05            0.10
inaccuracy:  0.60000        0.65000           71.73           -0.04            0.09
inaccuracy:  0.65000        0.70000           72.93           -0.05            0.07
inaccuracy:  0.70000        0.75000           72.37           -0.05            0.07
inaccuracy:  0.75000        0.80000           71.24           -0.05            0.07
inaccuracy:  0.80000        0.85000           72.70           -0.05            0.06
inaccuracy:  0.85000        0.90000           72.12           -0.06            0.06
inaccuracy:  0.90000        0.95000           71.39           -0.06            0.06
inaccuracy:  0.95000        1.00000           71.91           -0.06            0.06
===================================================================================================================================
                BAR        
-----------------------------------------------------------------------------------------------------------------------------------
BAR-estimator:         λ             λ+δλ          ΔΔA             ΔA            C               Δδe            δe       
                          
-----------------------------------------------------------------------------------------------------------------------------------
BAR-estimator:      0.00000        0.05000        1.6139         1.6139         1.6139         0.0130         0.0130 
BAR-estimator:      0.05000        0.10000        0.9019         2.5159         0.9019         0.0099         0.0164 
BAR-estimator:      0.10000        0.15000        0.4891         3.0050         0.4891         0.0073         0.0180 
BAR-estimator:      0.15000        0.20000        0.2858         3.2908         0.2858         0.0057         0.0188 
BAR-estimator:      0.20000        0.25000        0.1771         3.4679         0.1771         0.0053         0.0196 
BAR-estimator:      0.25000        0.30000        0.0970         3.5649         0.0970         0.0054         0.0203 
BAR-estimator:      0.30000        0.35000        0.0545         3.6195         0.0545         0.0041         0.0207 
BAR-estimator:      0.35000        0.40000        0.0201         3.6396         0.0201         0.0035         0.0210 
BAR-estimator:      0.40000        0.45000       -0.0122         3.6274        -0.0122         0.0032         0.0212 
BAR-estimator:      0.45000        0.50000       -0.0345         3.5928        -0.0345         0.0032         0.0215 
BAR-estimator:      0.50000        0.55000       -0.0752         3.5177        -0.0752         0.0038         0.0218 
BAR-estimator:      0.55000        0.60000       -0.2060         3.3117        -0.2060         0.0036         0.0221 
BAR-estimator:      0.60000        0.65000       -0.3106         3.0011        -0.3106         0.0038         0.0224 
BAR-estimator:      0.65000        0.70000       -0.3993         2.6017        -0.3993         0.0034         0.0227 
BAR-estimator:      0.70000        0.75000       -0.4635         2.1382        -0.4635         0.0037         0.0230 
BAR-estimator:      0.75000        0.80000       -0.5217         1.6165        -0.5217         0.0033         0.0232 
BAR-estimator:      0.80000        0.85000       -0.5685         1.0480        -0.5685         0.0036         0.0235 
BAR-estimator:      0.85000        0.90000       -0.6108         0.4372        -0.6108         0.0038         0.0238 
BAR-estimator:      0.90000        0.95000       -0.6284        -0.1912        -0.6284         0.0037         0.0241 
BAR-estimator:      0.95000        1.00000       -0.6464        -0.8376        -0.6464         0.0041         0.0244 
BAR-estimator: total free energy change is -0.8376320739013424 , total error is 0.02442724114596465
