#========================================================================================
#                     Free energy perturbation    
#----------------------------------------------------------------------------------------
#forward/backward          λ              ΔΔA                 ΔA                  δε   
#                                                 
#----------------------------------------------------------------------------------------
forward:               0.0000              0.0000              0.0000              0.0000  
forward:               0.0500              1.5544              1.5544              0.0219  
forward:               0.1000              0.9289              2.4832              0.0276  
forward:               0.1500              0.5050              2.9883              0.0304  
forward:               0.2000              0.3129              3.3012              0.0318  
forward:               0.2500              0.1791              3.4804              0.0328  
forward:               0.3000              0.1039              3.5843              0.0331  
forward:               0.3500              0.0602              3.6445              0.0338  
forward:               0.4000              0.0109              3.6554              0.0343  
forward:               0.4500             -0.0136              3.6418              0.0346  
forward:               0.5000             -0.0295              3.6123              0.0349  
forward:               0.5500             -0.1155              3.4969              0.0355  
forward:               0.6000             -0.2965              3.2004              0.0363  
forward:               0.6500             -0.5370              2.6634              0.0376  
forward:               0.7000             -0.7426              1.9207              0.0394  
forward:               0.7500             -0.8115              1.1092              0.0400  
forward:               0.8000             -0.8058              0.3034              0.0405  
forward:               0.8500             -0.7538             -0.4504              0.0408  
forward:               0.9000             -0.6975             -1.1479              0.0411  
forward:               0.9500             -0.6418             -1.7896              0.0413  
forward:               1.0000             -0.5919             -2.3815              0.0415  
backward:              1.0000              0.0000             -2.3815              0.0000  
backward:              0.9500              0.5871             -1.7944              0.0076  
backward:              0.9000              0.6325             -1.1619              0.0099  
backward:              0.8500              0.7036             -0.4583              0.0124  
backward:              0.8000              0.7501              0.2918              0.0137  
backward:              0.7500              0.8034              1.0952              0.0149  
backward:              0.7000              0.8160              1.9112              0.0172  
backward:              0.6500              0.7128              2.6241              0.0215  
backward:              0.6000              0.5098              3.1338              0.0242  
backward:              0.5500              0.3001              3.4340              0.0253  
backward:              0.5000              0.1172              3.5512              0.0263  
backward:              0.4500              0.0286              3.5798              0.0271  
backward:              0.4000              0.0123              3.5921              0.0278  
backward:              0.3500             -0.0068              3.5852              0.0286  
backward:              0.3000             -0.0532              3.5320              0.0296  
backward:              0.2500             -0.1048              3.4273              0.0312  
backward:              0.2000             -0.1976              3.2297              0.0336  
backward:              0.1500             -0.3058              2.9239              0.0365  
backward:              0.1000             -0.5154              2.4085              0.0398  
backward:              0.0500             -0.9251              1.4834              0.0524  
backward:              0.0000             -1.5712             -0.0878              0.0753  
Inaccuracy estimation
======================================================================================================
                   i        i+δi          P0_overlap_P1   δε(forward)/ε   δε(backward)/ε
======================================================================================================
inaccuracy:  0.00000        0.05000           38.56           -0.03            1.63
inaccuracy:  0.05000        0.10000           45.85           -0.04            1.04
inaccuracy:  0.10000        0.15000           56.92           -0.03            0.58
inaccuracy:  0.15000        0.20000           60.79           -0.02            0.37
inaccuracy:  0.20000        0.25000           66.91           -0.01            0.24
inaccuracy:  0.25000        0.30000           69.04           -0.01            0.18
inaccuracy:  0.30000        0.35000           69.42           -0.02            0.16
inaccuracy:  0.35000        0.40000           70.87           -0.02            0.14
inaccuracy:  0.40000        0.45000           72.30           -0.02            0.13
inaccuracy:  0.45000        0.50000           72.70           -0.02            0.12
inaccuracy:  0.50000        0.55000           68.13           -0.09            0.15
inaccuracy:  0.55000        0.60000           65.96           -0.11            0.12
inaccuracy:  0.60000        0.65000           65.33           -0.11            0.10
inaccuracy:  0.65000        0.70000           65.93           -0.09            0.08
inaccuracy:  0.70000        0.75000           66.07           -0.07            0.07
inaccuracy:  0.75000        0.80000           67.85           -0.07            0.07
inaccuracy:  0.80000        0.85000           68.38           -0.05            0.08
inaccuracy:  0.85000        0.90000           66.43           -0.06            0.09
inaccuracy:  0.90000        0.95000           66.89           -0.07            0.10
inaccuracy:  0.95000        1.00000           66.23           -0.06            0.11
===================================================================================================================================
                BAR        
-----------------------------------------------------------------------------------------------------------------------------------
BAR-estimator:         λ             λ+δλ          ΔΔA             ΔA            C               Δδe            δe       
                          
-----------------------------------------------------------------------------------------------------------------------------------
BAR-estimator:      0.00000        0.05000        1.5662         1.5662         1.5662         0.0116         0.0116 
BAR-estimator:      0.05000        0.10000        0.9223         2.4885         0.9223         0.0094         0.0150 
BAR-estimator:      0.10000        0.15000        0.5210         3.0095         0.5210         0.0074         0.0167 
BAR-estimator:      0.15000        0.20000        0.3073         3.3168         0.3073         0.0062         0.0178 
BAR-estimator:      0.20000        0.25000        0.1865         3.5032         0.1865         0.0055         0.0186 
BAR-estimator:      0.25000        0.30000        0.1036         3.6068         0.1036         0.0051         0.0193 
BAR-estimator:      0.30000        0.35000        0.0583         3.6652         0.0583         0.0063         0.0203 
BAR-estimator:      0.35000        0.40000        0.0087         3.6738         0.0087         0.0048         0.0209 
BAR-estimator:      0.40000        0.45000       -0.0133         3.6606        -0.0133         0.0038         0.0212 
BAR-estimator:      0.45000        0.50000       -0.0296         3.6310        -0.0296         0.0034         0.0215 
BAR-estimator:      0.50000        0.55000       -0.1174         3.5136        -0.1174         0.0045         0.0220 
BAR-estimator:      0.55000        0.60000       -0.2978         3.2158        -0.2978         0.0037         0.0223 
BAR-estimator:      0.60000        0.65000       -0.5218         2.6940        -0.5218         0.0053         0.0229 
BAR-estimator:      0.65000        0.70000       -0.7302         1.9638        -0.7302         0.0071         0.0240 
BAR-estimator:      0.70000        0.75000       -0.8133         1.1505        -0.8133         0.0046         0.0244 
BAR-estimator:      0.75000        0.80000       -0.8038         0.3466        -0.8038         0.0048         0.0249 
BAR-estimator:      0.80000        0.85000       -0.7472        -0.4006        -0.7472         0.0041         0.0252 
BAR-estimator:      0.85000        0.90000       -0.7032        -1.1038        -0.7032         0.0043         0.0256 
BAR-estimator:      0.90000        0.95000       -0.6391        -1.7429        -0.6391         0.0042         0.0259 
BAR-estimator:      0.95000        1.00000       -0.5918        -2.3347        -0.5918         0.0040         0.0262 
BAR-estimator: total free energy change is -2.3346921841254176 , total error is 0.026226266870651598
