#========================================================================================
#                     Free energy perturbation    
#----------------------------------------------------------------------------------------
#forward/backward          λ              ΔΔA                 ΔA                  δε   
#                                                 
#----------------------------------------------------------------------------------------
forward:               0.0000              0.0000              0.0000              0.0000  
forward:               0.0500              2.1363              2.1363              0.0337  
forward:               0.1000              1.2051              3.3414              0.0417  
forward:               0.1500              0.5952              3.9366              0.0440  
forward:               0.2000              0.3037              4.2403              0.0454  
forward:               0.2500              0.1538              4.3941              0.0460  
forward:               0.3000              0.0530              4.4471              0.0466  
forward:               0.3500              0.0042              4.4514              0.0471  
forward:               0.4000             -0.0455              4.4059              0.0474  
forward:               0.4500             -0.0565              4.3493              0.0477  
forward:               0.5000             -0.0958              4.2536              0.0479  
forward:               0.5500             -0.1357              4.1179              0.0483  
forward:               0.6000             -0.2523              3.8656              0.0487  
forward:               0.6500             -0.3290              3.5366              0.0491  
forward:               0.7000             -0.4141              3.1226              0.0494  
forward:               0.7500             -0.4872              2.6354              0.0498  
forward:               0.8000             -0.5509              2.0844              0.0502  
forward:               0.8500             -0.5832              1.5013              0.0505  
forward:               0.9000             -0.6196              0.8817              0.0508  
forward:               0.9500             -0.6399              0.2418              0.0510  
forward:               1.0000             -0.6582             -0.4164              0.0513  
backward:              1.0000              0.0000             -0.4164              0.0000  
backward:              0.9500              0.6559              0.2395              0.0052  
backward:              0.9000              0.6363              0.8757              0.0078  
backward:              0.8500              0.6112              1.4869              0.0097  
backward:              0.8000              0.5895              2.0764              0.0116  
backward:              0.7500              0.5517              2.6281              0.0139  
backward:              0.7000              0.4744              3.1025              0.0153  
backward:              0.6500              0.4187              3.5212              0.0164  
backward:              0.6000              0.3321              3.8533              0.0186  
backward:              0.5500              0.2616              4.1149              0.0197  
backward:              0.5000              0.1417              4.2567              0.0210  
backward:              0.4500              0.1009              4.3576              0.0218  
backward:              0.4000              0.0653              4.4229              0.0227  
backward:              0.3500              0.0373              4.4602              0.0236  
backward:              0.3000              0.0018              4.4621              0.0247  
backward:              0.2500             -0.0443              4.4178              0.0258  
backward:              0.2000             -0.1459              4.2719              0.0276  
backward:              0.1500             -0.3338              3.9381              0.0350  
backward:              0.1000             -0.6339              3.3042              0.0445  
backward:              0.0500             -1.1403              2.1638              0.0525  
backward:              0.0000             -2.1781             -0.0143              0.1086  
Inaccuracy estimation
======================================================================================================
                   i        i+δi          P0_overlap_P1   δε(forward)/ε   δε(backward)/ε
======================================================================================================
inaccuracy:  0.00000        0.05000           30.25            0.02            2.45
inaccuracy:  0.05000        0.10000           38.81           -0.06            1.57
inaccuracy:  0.10000        0.15000           51.65           -0.04            0.71
inaccuracy:  0.15000        0.20000           59.72           -0.02            0.37
inaccuracy:  0.20000        0.25000           64.37           -0.02            0.27
inaccuracy:  0.25000        0.30000           67.80           -0.02            0.20
inaccuracy:  0.30000        0.35000           68.92           -0.02            0.17
inaccuracy:  0.35000        0.40000           71.39           -0.02            0.14
inaccuracy:  0.40000        0.45000           70.14           -0.02            0.14
inaccuracy:  0.45000        0.50000           71.67           -0.01            0.12
inaccuracy:  0.50000        0.55000           67.35           -0.05            0.14
inaccuracy:  0.55000        0.60000           68.72           -0.06            0.12
inaccuracy:  0.60000        0.65000           68.67           -0.05            0.11
inaccuracy:  0.65000        0.70000           69.46           -0.06            0.09
inaccuracy:  0.70000        0.75000           70.17           -0.06            0.08
inaccuracy:  0.75000        0.80000           69.25           -0.05            0.08
inaccuracy:  0.80000        0.85000           69.60           -0.06            0.07
inaccuracy:  0.85000        0.90000           69.80           -0.05            0.07
inaccuracy:  0.90000        0.95000           69.27           -0.06            0.08
inaccuracy:  0.95000        1.00000           69.33           -0.06            0.07
===================================================================================================================================
                BAR        
-----------------------------------------------------------------------------------------------------------------------------------
BAR-estimator:         λ             λ+δλ          ΔΔA             ΔA            C               Δδe            δe       
                          
-----------------------------------------------------------------------------------------------------------------------------------
BAR-estimator:      0.00000        0.05000        2.1319         2.1319         2.1319         0.0143         0.0143 
BAR-estimator:      0.05000        0.10000        1.1980         3.3298         1.1980         0.0134         0.0196 
BAR-estimator:      0.10000        0.15000        0.5991         3.9290         0.5991         0.0096         0.0218 
BAR-estimator:      0.15000        0.20000        0.3044         4.2333         0.3044         0.0075         0.0231 
BAR-estimator:      0.20000        0.25000        0.1546         4.3880         0.1546         0.0058         0.0238 
BAR-estimator:      0.25000        0.30000        0.0529         4.4409         0.0529         0.0051         0.0243 
BAR-estimator:      0.30000        0.35000        0.0035         4.4444         0.0035         0.0047         0.0248 
BAR-estimator:      0.35000        0.40000       -0.0419         4.4025        -0.0419         0.0044         0.0252 
BAR-estimator:      0.40000        0.45000       -0.0595         4.3430        -0.0595         0.0036         0.0254 
BAR-estimator:      0.45000        0.50000       -0.0965         4.2465        -0.0965         0.0035         0.0257 
BAR-estimator:      0.50000        0.55000       -0.1393         4.1073        -0.1393         0.0041         0.0260 
BAR-estimator:      0.55000        0.60000       -0.2564         3.8508        -0.2564         0.0038         0.0263 
BAR-estimator:      0.60000        0.65000       -0.3288         3.5220        -0.3288         0.0031         0.0265 
BAR-estimator:      0.65000        0.70000       -0.4168         3.1052        -0.4168         0.0039         0.0267 
BAR-estimator:      0.70000        0.75000       -0.4824         2.6228        -0.4824         0.0041         0.0271 
BAR-estimator:      0.75000        0.80000       -0.5529         2.0699        -0.5529         0.0041         0.0274 
BAR-estimator:      0.80000        0.85000       -0.5857         1.4842        -0.5857         0.0047         0.0278 
BAR-estimator:      0.85000        0.90000       -0.6171         0.8671        -0.6171         0.0045         0.0281 
BAR-estimator:      0.90000        0.95000       -0.6392         0.2279        -0.6392         0.0041         0.0284 
BAR-estimator:      0.95000        1.00000       -0.6568        -0.4289        -0.6568         0.0040         0.0287 
BAR-estimator: total free energy change is -0.4288889259084461 , total error is 0.028714527197141713
