#========================================================================================
#                     Free energy perturbation    
#----------------------------------------------------------------------------------------
#forward/backward          λ              ΔΔA                 ΔA                  δε   
#                                                 
#----------------------------------------------------------------------------------------
forward:               0.0000              0.0000              0.0000              0.0000  
forward:               0.0500              1.2762              1.2762              0.0181  
forward:               0.1000              0.7549              2.0311              0.0233  
forward:               0.1500              0.4313              2.4624              0.0256  
forward:               0.2000              0.2788              2.7412              0.0267  
forward:               0.2500              0.1638              2.9050              0.0275  
forward:               0.3000              0.0964              3.0014              0.0282  
forward:               0.3500              0.0669              3.0683              0.0287  
forward:               0.4000              0.0345              3.1028              0.0291  
forward:               0.4500              0.0192              3.1220              0.0294  
forward:               0.5000              0.0009              3.1229              0.0298  
forward:               0.5500             -0.0404              3.0825              0.0302  
forward:               0.6000             -0.0957              2.9867              0.0305  
forward:               0.6500             -0.1316              2.8551              0.0307  
forward:               0.7000             -0.1681              2.6871              0.0309  
forward:               0.7500             -0.2027              2.4843              0.0312  
forward:               0.8000             -0.2357              2.2486              0.0314  
forward:               0.8500             -0.2500              1.9986              0.0316  
forward:               0.9000             -0.2659              1.7327              0.0319  
forward:               0.9500             -0.2835              1.4492              0.0320  
forward:               1.0000             -0.3036              1.1456              0.0322  
backward:              1.0000              0.0000              1.1456              0.0000  
backward:              0.9500              0.3013              1.4469              0.0049  
backward:              0.9000              0.2805              1.7274              0.0068  
backward:              0.8500              0.2626              1.9900              0.0082  
backward:              0.8000              0.2437              2.2337              0.0092  
backward:              0.7500              0.2329              2.4667              0.0100  
backward:              0.7000              0.1969              2.6635              0.0111  
backward:              0.6500              0.1746              2.8382              0.0119  
backward:              0.6000              0.1435              2.9817              0.0128  
backward:              0.5500              0.1015              3.0832              0.0139  
backward:              0.5000              0.0294              3.1126              0.0150  
backward:              0.4500              0.0018              3.1144              0.0177  
backward:              0.4000             -0.0237              3.0907              0.0187  
backward:              0.3500             -0.0436              3.0471              0.0194  
backward:              0.3000             -0.0663              2.9808              0.0204  
backward:              0.2500             -0.1073              2.8735              0.0216  
backward:              0.2000             -0.1728              2.7007              0.0229  
backward:              0.1500             -0.2734              2.4273              0.0249  
backward:              0.1000             -0.4614              1.9658              0.0298  
backward:              0.0500             -0.7377              1.2282              0.0357  
backward:              0.0000             -1.2789             -0.0507              0.0489  
Inaccuracy estimation
======================================================================================================
                   i        i+δi          P0_overlap_P1   δε(forward)/ε   δε(backward)/ε
======================================================================================================
inaccuracy:  0.00000        0.05000           43.12           -0.03            1.38
inaccuracy:  0.05000        0.10000           51.97           -0.03            0.77
inaccuracy:  0.10000        0.15000           62.26           -0.02            0.41
inaccuracy:  0.15000        0.20000           66.07           -0.01            0.27
inaccuracy:  0.20000        0.25000           71.00           -0.01            0.17
inaccuracy:  0.25000        0.30000           73.16           -0.01            0.14
inaccuracy:  0.30000        0.35000           74.07           -0.01            0.13
inaccuracy:  0.35000        0.40000           75.25           -0.01            0.10
inaccuracy:  0.40000        0.45000           75.23           -0.01            0.10
inaccuracy:  0.45000        0.50000           74.82           -0.01            0.10
inaccuracy:  0.50000        0.55000           74.62           -0.02            0.10
inaccuracy:  0.55000        0.60000           74.14           -0.02            0.10
inaccuracy:  0.60000        0.65000           74.10           -0.03            0.09
inaccuracy:  0.65000        0.70000           74.99           -0.02            0.09
inaccuracy:  0.70000        0.75000           75.07           -0.03            0.08
inaccuracy:  0.75000        0.80000           75.68           -0.02            0.08
inaccuracy:  0.80000        0.85000           75.36           -0.02            0.07
inaccuracy:  0.85000        0.90000           74.65           -0.03            0.07
inaccuracy:  0.90000        0.95000           74.59           -0.02            0.07
inaccuracy:  0.95000        1.00000           75.50           -0.02            0.07
===================================================================================================================================
                BAR        
-----------------------------------------------------------------------------------------------------------------------------------
BAR-estimator:         λ             λ+δλ          ΔΔA             ΔA            C               Δδe            δe       
                          
-----------------------------------------------------------------------------------------------------------------------------------
BAR-estimator:      0.00000        0.05000        1.2689         1.2689         1.2689         0.0104         0.0104 
BAR-estimator:      0.05000        0.10000        0.7616         2.0305         0.7616         0.0089         0.0137 
BAR-estimator:      0.10000        0.15000        0.4423         2.4728         0.4423         0.0070         0.0154 
BAR-estimator:      0.15000        0.20000        0.2772         2.7500         0.2772         0.0053         0.0163 
BAR-estimator:      0.20000        0.25000        0.1664         2.9164         0.1664         0.0045         0.0169 
BAR-estimator:      0.25000        0.30000        0.1014         3.0178         0.1014         0.0043         0.0174 
BAR-estimator:      0.30000        0.35000        0.0675         3.0853         0.0675         0.0037         0.0178 
BAR-estimator:      0.35000        0.40000        0.0363         3.1216         0.0363         0.0032         0.0181 
BAR-estimator:      0.40000        0.45000        0.0202         3.1418         0.0202         0.0032         0.0184 
BAR-estimator:      0.45000        0.50000       -0.0023         3.1395        -0.0023         0.0032         0.0186 
BAR-estimator:      0.50000        0.55000       -0.0371         3.1024        -0.0371         0.0022         0.0188 
BAR-estimator:      0.55000        0.60000       -0.0955         3.0069        -0.0955         0.0031         0.0190 
BAR-estimator:      0.60000        0.65000       -0.1370         2.8699        -0.1370         0.0029         0.0192 
BAR-estimator:      0.65000        0.70000       -0.1689         2.7009        -0.1689         0.0029         0.0195 
BAR-estimator:      0.70000        0.75000       -0.2018         2.4991        -0.2018         0.0032         0.0197 
BAR-estimator:      0.75000        0.80000       -0.2336         2.2655        -0.2336         0.0028         0.0199 
BAR-estimator:      0.80000        0.85000       -0.2480         2.0176        -0.2480         0.0029         0.0201 
BAR-estimator:      0.85000        0.90000       -0.2670         1.7506        -0.2670         0.0032         0.0204 
BAR-estimator:      0.90000        0.95000       -0.2831         1.4675        -0.2831         0.0034         0.0207 
BAR-estimator:      0.95000        1.00000       -0.3014         1.1661        -0.3014         0.0031         0.0209 
BAR-estimator: total free energy change is 1.166143209942854 , total error is 0.02090268997094652
