#========================================================================================
#                     Free energy perturbation    
#----------------------------------------------------------------------------------------
#forward/backward          λ              ΔΔA                 ΔA                  δε   
#                                                 
#----------------------------------------------------------------------------------------
forward:               0.0000              0.0000              0.0000              0.0000  
forward:               0.0500              2.6083              2.6083              0.0374  
forward:               0.1000              1.5963              4.2046              0.0423  
forward:               0.1500              0.9202              5.1247              0.0459  
forward:               0.2000              0.5094              5.6341              0.0478  
forward:               0.2500              0.2873              5.9214              0.0487  
forward:               0.3000              0.1299              6.0514              0.0494  
forward:               0.3500              0.0559              6.1072              0.0499  
forward:               0.4000             -0.0204              6.0869              0.0503  
forward:               0.4500             -0.0664              6.0205              0.0506  
forward:               0.5000             -0.0978              5.9227              0.0510  
forward:               0.5500             -0.2137              5.7090              0.0514  
forward:               0.6000             -0.3947              5.3143              0.0518  
forward:               0.6500             -0.5528              4.7614              0.0522  
forward:               0.7000             -0.6995              4.0619              0.0525  
forward:               0.7500             -0.7986              3.2633              0.0528  
forward:               0.8000             -0.8684              2.3948              0.0530  
forward:               0.8500             -0.9174              1.4774              0.0534  
forward:               0.9000             -0.9393              0.5382              0.0537  
forward:               0.9500             -0.9800             -0.4418              0.0539  
forward:               1.0000             -0.9803             -1.4221              0.0542  
backward:              1.0000              0.0000             -1.4221              0.0000  
backward:              0.9500              0.9820             -0.4401              0.0071  
backward:              0.9000              0.9612              0.5211              0.0102  
backward:              0.8500              0.9398              1.4609              0.0121  
backward:              0.8000              0.9128              2.3737              0.0139  
backward:              0.7500              0.8612              3.2349              0.0161  
backward:              0.7000              0.7991              4.0340              0.0178  
backward:              0.6500              0.7015              4.7355              0.0201  
backward:              0.6000              0.5438              5.2793              0.0224  
backward:              0.5500              0.3905              5.6698              0.0237  
backward:              0.5000              0.2157              5.8854              0.0247  
backward:              0.4500              0.1041              5.9895              0.0258  
backward:              0.4000              0.0635              6.0530              0.0267  
backward:              0.3500              0.0068              6.0598              0.0287  
backward:              0.3000             -0.0414              6.0183              0.0301  
backward:              0.2500             -0.1419              5.8764              0.0320  
backward:              0.2000             -0.3273              5.5491              0.0407  
backward:              0.1500             -0.5165              5.0326              0.0445  
backward:              0.1000             -0.8972              4.1354              0.0511  
backward:              0.0500             -1.5816              2.5538              0.0633  
backward:              0.0000             -2.5728             -0.0190              0.0930  
Inaccuracy estimation
======================================================================================================
                   i        i+δi          P0_overlap_P1   δε(forward)/ε   δε(backward)/ε
======================================================================================================
inaccuracy:  0.00000        0.05000           25.04            0.11            3.33
inaccuracy:  0.05000        0.10000           34.76           -0.07            1.96
inaccuracy:  0.10000        0.15000           42.84           -0.08            1.14
inaccuracy:  0.15000        0.20000           51.83           -0.05            0.65
inaccuracy:  0.20000        0.25000           55.96           -0.04            0.41
inaccuracy:  0.25000        0.30000           61.45           -0.04            0.31
inaccuracy:  0.30000        0.35000           62.65           -0.04            0.27
inaccuracy:  0.35000        0.40000           63.88           -0.05            0.21
inaccuracy:  0.40000        0.45000           65.68           -0.03            0.19
inaccuracy:  0.45000        0.50000           65.56           -0.04            0.19
inaccuracy:  0.50000        0.55000           62.16           -0.09            0.20
inaccuracy:  0.55000        0.60000           62.18           -0.13            0.16
inaccuracy:  0.60000        0.65000           61.94           -0.11            0.15
inaccuracy:  0.65000        0.70000           62.08           -0.12            0.11
inaccuracy:  0.70000        0.75000           62.23           -0.10            0.11
inaccuracy:  0.75000        0.80000           62.92           -0.13            0.10
inaccuracy:  0.80000        0.85000           63.09           -0.13            0.09
inaccuracy:  0.85000        0.90000           62.51           -0.13            0.09
inaccuracy:  0.90000        0.95000           63.44           -0.10            0.09
inaccuracy:  0.95000        1.00000           62.23           -0.12            0.09
===================================================================================================================================
                BAR        
-----------------------------------------------------------------------------------------------------------------------------------
BAR-estimator:         λ             λ+δλ          ΔΔA             ΔA            C               Δδe            δe       
                          
-----------------------------------------------------------------------------------------------------------------------------------
BAR-estimator:      0.00000        0.05000        2.6121         2.6121         2.6121         0.0127         0.0127 
BAR-estimator:      0.05000        0.10000        1.5777         4.1897         1.5777         0.0100         0.0162 
BAR-estimator:      0.10000        0.15000        0.9073         5.0971         0.9073         0.0099         0.0190 
BAR-estimator:      0.15000        0.20000        0.5165         5.6136         0.5165         0.0068         0.0202 
BAR-estimator:      0.20000        0.25000        0.2819         5.8955         0.2819         0.0060         0.0210 
BAR-estimator:      0.25000        0.30000        0.1358         6.0314         0.1358         0.0049         0.0216 
BAR-estimator:      0.30000        0.35000        0.0526         6.0840         0.0526         0.0045         0.0221 
BAR-estimator:      0.35000        0.40000       -0.0200         6.0640        -0.0200         0.0046         0.0226 
BAR-estimator:      0.40000        0.45000       -0.0643         5.9996        -0.0643         0.0041         0.0229 
BAR-estimator:      0.45000        0.50000       -0.0996         5.9001        -0.0996         0.0038         0.0232 
BAR-estimator:      0.50000        0.55000       -0.2128         5.6872        -0.2128         0.0041         0.0236 
BAR-estimator:      0.55000        0.60000       -0.3948         5.2925        -0.3948         0.0037         0.0239 
BAR-estimator:      0.60000        0.65000       -0.5503         4.7421        -0.5503         0.0043         0.0243 
BAR-estimator:      0.65000        0.70000       -0.7052         4.0369        -0.7052         0.0040         0.0246 
BAR-estimator:      0.70000        0.75000       -0.7981         3.2388        -0.7981         0.0045         0.0250 
BAR-estimator:      0.75000        0.80000       -0.8679         2.3709        -0.8679         0.0042         0.0254 
BAR-estimator:      0.80000        0.85000       -0.9185         1.4524        -0.9185         0.0045         0.0258 
BAR-estimator:      0.85000        0.90000       -0.9394         0.5130        -0.9394         0.0036         0.0260 
BAR-estimator:      0.90000        0.95000       -0.9696        -0.4566        -0.9696         0.0040         0.0263 
BAR-estimator:      0.95000        1.00000       -0.9779        -1.4345        -0.9779         0.0043         0.0267 
BAR-estimator: total free energy change is -1.4344603240210676 , total error is 0.02667597189330691
