#========================================================================================
#                     Free energy perturbation    
#----------------------------------------------------------------------------------------
#forward/backward          λ              ΔΔA                 ΔA                  δε   
#                                                 
#----------------------------------------------------------------------------------------
forward:               0.0000              0.0000              0.0000              0.0000  
forward:               0.0500              5.7882              5.7882              0.1011  
forward:               0.1000              3.1524              8.9406              0.1230  
forward:               0.1500              1.1513             10.0918              0.1259  
forward:               0.2000              0.3488             10.4406              0.1267  
forward:               0.2500              0.0081             10.4488              0.1271  
forward:               0.3000             -0.1808             10.2679              0.1273  
forward:               0.3500             -0.2790              9.9889              0.1275  
forward:               0.4000             -0.3608              9.6281              0.1277  
forward:               0.4500             -0.4142              9.2139              0.1278  
forward:               0.5000             -0.4709              8.7430              0.1279  
forward:               0.5500             -0.5161              8.2269              0.1280  
forward:               0.6000             -0.5503              7.6766              0.1281  
forward:               0.6500             -0.5794              7.0972              0.1282  
forward:               0.7000             -0.6271              6.4701              0.1283  
forward:               0.7500             -0.6420              5.8281              0.1284  
forward:               0.8000             -0.6749              5.1533              0.1284  
forward:               0.8500             -0.6962              4.4571              0.1285  
forward:               0.9000             -0.7205              3.7366              0.1286  
forward:               0.9500             -0.7271              3.0095              0.1286  
forward:               1.0000             -0.7597              2.2498              0.1287  
backward:              1.0000              0.0000              2.2498              0.0000  
backward:              0.9500              0.7486              2.9984              0.0048  
backward:              0.9000              0.7322              3.7305              0.0067  
backward:              0.8500              0.7141              4.4446              0.0079  
backward:              0.8000              0.6864              5.1310              0.0098  
backward:              0.7500              0.6695              5.8005              0.0114  
backward:              0.7000              0.6477              6.4482              0.0125  
backward:              0.6500              0.6144              7.0626              0.0140  
backward:              0.6000              0.5893              7.6519              0.0149  
backward:              0.5500              0.5532              8.2051              0.0159  
backward:              0.5000              0.5084              8.7134              0.0173  
backward:              0.4500              0.4733              9.1867              0.0186  
backward:              0.4000              0.4176              9.6043              0.0199  
backward:              0.3500              0.3692              9.9735              0.0214  
backward:              0.3000              0.2925             10.2661              0.0231  
backward:              0.2500              0.1630             10.4291              0.0253  
backward:              0.2000             -0.0044             10.4246              0.0281  
backward:              0.1500             -0.3299             10.0948              0.0362  
backward:              0.1000             -1.1652              8.9296              0.0975  
backward:              0.0500             -2.8895              6.0401              0.1317  
backward:              0.0000             -5.6420              0.3981              0.1759  
Inaccuracy estimation
======================================================================================================
                   i        i+δi          P0_overlap_P1   δε(forward)/ε   δε(backward)/ε
======================================================================================================
inaccuracy:  0.00000        0.05000            8.50            1.92           10.49
inaccuracy:  0.05000        0.10000           16.82            0.22            5.17
inaccuracy:  0.10000        0.15000           32.28           -0.14            2.15
inaccuracy:  0.15000        0.20000           49.02           -0.10            0.74
inaccuracy:  0.20000        0.25000           57.59           -0.07            0.36
inaccuracy:  0.25000        0.30000           62.97           -0.06            0.24
inaccuracy:  0.30000        0.35000           63.93           -0.05            0.18
inaccuracy:  0.35000        0.40000           65.58           -0.05            0.15
inaccuracy:  0.40000        0.45000           66.72           -0.05            0.12
inaccuracy:  0.45000        0.50000           67.96           -0.04            0.10
inaccuracy:  0.50000        0.55000           69.36           -0.05            0.09
inaccuracy:  0.55000        0.60000           69.19           -0.04            0.08
inaccuracy:  0.60000        0.65000           69.02           -0.05            0.08
inaccuracy:  0.65000        0.70000           70.63           -0.05            0.07
inaccuracy:  0.70000        0.75000           69.85           -0.06            0.07
inaccuracy:  0.75000        0.80000           69.79           -0.05            0.06
inaccuracy:  0.80000        0.85000           70.09           -0.05            0.06
inaccuracy:  0.85000        0.90000           70.33           -0.05            0.06
inaccuracy:  0.90000        0.95000           69.53           -0.05            0.06
inaccuracy:  0.95000        1.00000           70.52           -0.05            0.05
===================================================================================================================================
                BAR        
-----------------------------------------------------------------------------------------------------------------------------------
BAR-estimator:         λ             λ+δλ          ΔΔA             ΔA            C               Δδe            δe       
                          
-----------------------------------------------------------------------------------------------------------------------------------
BAR-estimator:      0.00000        0.05000        5.8721         5.8721         5.8721         0.0259         0.0259 
BAR-estimator:      0.05000        0.10000        3.0719         8.9440         3.0719         0.0205         0.0330 
BAR-estimator:      0.10000        0.15000        1.1643        10.1083         1.1643         0.0153         0.0364 
BAR-estimator:      0.15000        0.20000        0.3438        10.4521         0.3438         0.0090         0.0375 
BAR-estimator:      0.20000        0.25000        0.0095        10.4616         0.0095         0.0066         0.0381 
BAR-estimator:      0.25000        0.30000       -0.1726        10.2891        -0.1726         0.0053         0.0384 
BAR-estimator:      0.30000        0.35000       -0.2841        10.0050        -0.2841         0.0046         0.0387 
BAR-estimator:      0.35000        0.40000       -0.3606         9.6444        -0.3606         0.0041         0.0389 
BAR-estimator:      0.40000        0.45000       -0.4175         9.2269        -0.4175         0.0034         0.0391 
BAR-estimator:      0.45000        0.50000       -0.4734         8.7535        -0.4734         0.0036         0.0392 
BAR-estimator:      0.50000        0.55000       -0.5110         8.2425        -0.5110         0.0036         0.0394 
BAR-estimator:      0.55000        0.60000       -0.5515         7.6910        -0.5515         0.0033         0.0395 
BAR-estimator:      0.60000        0.65000       -0.5817         7.1093        -0.5817         0.0035         0.0397 
BAR-estimator:      0.65000        0.70000       -0.6214         6.4879        -0.6214         0.0033         0.0398 
BAR-estimator:      0.70000        0.75000       -0.6439         5.8441        -0.6439         0.0035         0.0400 
BAR-estimator:      0.75000        0.80000       -0.6751         5.1690        -0.6751         0.0037         0.0402 
BAR-estimator:      0.80000        0.85000       -0.6917         4.4773        -0.6917         0.0035         0.0403 
BAR-estimator:      0.85000        0.90000       -0.7186         3.7588        -0.7186         0.0035         0.0405 
BAR-estimator:      0.90000        0.95000       -0.7289         3.0299        -0.7289         0.0041         0.0407 
BAR-estimator:      0.95000        1.00000       -0.7539         2.2760        -0.7539         0.0031         0.0408 
BAR-estimator: total free energy change is 2.275999392963028 , total error is 0.04077817223870472
