#========================================================================================
#                     Free energy perturbation    
#----------------------------------------------------------------------------------------
#forward/backward          λ              ΔΔA                 ΔA                  δε   
#                                                 
#----------------------------------------------------------------------------------------
forward:               0.0000              0.0000              0.0000              0.0000  
forward:               0.0500              0.8543              0.8543              0.0148  
forward:               0.1000              0.4811              1.3354              0.0176  
forward:               0.1500              0.3039              1.6393              0.0191  
forward:               0.2000              0.2017              1.8411              0.0204  
forward:               0.2500              0.1600              2.0010              0.0214  
forward:               0.3000              0.1081              2.1091              0.0220  
forward:               0.3500              0.0766              2.1858              0.0224  
forward:               0.4000              0.0628              2.2486              0.0228  
forward:               0.4500              0.0425              2.2911              0.0231  
forward:               0.5000              0.0360              2.3272              0.0234  
forward:               0.5500              0.0005              2.3277              0.0238  
forward:               0.6000             -0.0556              2.2721              0.0241  
forward:               0.6500             -0.1078              2.1643              0.0244  
forward:               0.7000             -0.1417              2.0226              0.0247  
forward:               0.7500             -0.1823              1.8403              0.0249  
forward:               0.8000             -0.2100              1.6303              0.0252  
forward:               0.8500             -0.2323              1.3980              0.0254  
forward:               0.9000             -0.2625              1.1355              0.0256  
forward:               0.9500             -0.2695              0.8661              0.0258  
forward:               1.0000             -0.2913              0.5748              0.0260  
backward:              1.0000              0.0000              0.5748              0.0000  
backward:              0.9500              0.2753              0.8502              0.0041  
backward:              0.9000              0.2703              1.1205              0.0055  
backward:              0.8500              0.2517              1.3722              0.0066  
backward:              0.8000              0.2381              1.6103              0.0074  
backward:              0.7500              0.2109              1.8212              0.0085  
backward:              0.7000              0.1814              2.0027              0.0094  
backward:              0.6500              0.1549              2.1576              0.0101  
backward:              0.6000              0.1070              2.2646              0.0109  
backward:              0.5500              0.0516              2.3162              0.0120  
backward:              0.5000             -0.0154              2.3008              0.0131  
backward:              0.4500             -0.0384              2.2624              0.0138  
backward:              0.4000             -0.0470              2.2154              0.0145  
backward:              0.3500             -0.0650              2.1504              0.0153  
backward:              0.3000             -0.0838              2.0666              0.0161  
backward:              0.2500             -0.1136              1.9530              0.0172  
backward:              0.2000             -0.1492              1.8038              0.0181  
backward:              0.1500             -0.2156              1.5882              0.0199  
backward:              0.1000             -0.3000              1.2882              0.0213  
backward:              0.0500             -0.4548              0.8334              0.0249  
backward:              0.0000             -0.8131              0.0203              0.0318  
Inaccuracy estimation
======================================================================================================
                   i        i+δi          P0_overlap_P1   δε(forward)/ε   δε(backward)/ε
======================================================================================================
inaccuracy:  0.00000        0.05000           49.78           -0.01            0.98
inaccuracy:  0.05000        0.10000           61.48           -0.01            0.44
inaccuracy:  0.10000        0.15000           69.65           -0.00            0.23
inaccuracy:  0.15000        0.20000           74.32           -0.00            0.17
inaccuracy:  0.20000        0.25000           74.50           -0.01            0.13
inaccuracy:  0.25000        0.30000           76.97           -0.00            0.11
inaccuracy:  0.30000        0.35000           79.01           -0.00            0.09
inaccuracy:  0.35000        0.40000           78.76           -0.01            0.08
inaccuracy:  0.40000        0.45000           79.97           -0.00            0.08
inaccuracy:  0.45000        0.50000           79.27           -0.00            0.08
inaccuracy:  0.50000        0.55000           77.83           -0.02            0.08
inaccuracy:  0.55000        0.60000           77.17           -0.02            0.08
inaccuracy:  0.60000        0.65000           77.07           -0.02            0.07
inaccuracy:  0.65000        0.70000           76.20           -0.02            0.07
inaccuracy:  0.70000        0.75000           77.80           -0.02            0.06
inaccuracy:  0.75000        0.80000           77.69           -0.03            0.06
inaccuracy:  0.80000        0.85000           76.88           -0.02            0.06
inaccuracy:  0.85000        0.90000           79.30           -0.02            0.05
inaccuracy:  0.90000        0.95000           77.42           -0.02            0.06
inaccuracy:  0.95000        1.00000           78.29           -0.02            0.05
===================================================================================================================================
                BAR        
-----------------------------------------------------------------------------------------------------------------------------------
BAR-estimator:         λ             λ+δλ          ΔΔA             ΔA            C               Δδe            δe       
                          
-----------------------------------------------------------------------------------------------------------------------------------
BAR-estimator:      0.00000        0.05000        0.8481         0.8481         0.8481         0.0092         0.0092 
BAR-estimator:      0.05000        0.10000        0.4749         1.3231         0.4749         0.0065         0.0112 
BAR-estimator:      0.10000        0.15000        0.3044         1.6274         0.3044         0.0047         0.0122 
BAR-estimator:      0.15000        0.20000        0.2082         1.8356         0.2082         0.0047         0.0130 
BAR-estimator:      0.20000        0.25000        0.1575         1.9932         0.1575         0.0045         0.0138 
BAR-estimator:      0.25000        0.30000        0.1097         2.1028         0.1097         0.0028         0.0141 
BAR-estimator:      0.30000        0.35000        0.0805         2.1833         0.0805         0.0029         0.0144 
BAR-estimator:      0.35000        0.40000        0.0636         2.2469         0.0636         0.0028         0.0146 
BAR-estimator:      0.40000        0.45000        0.0458         2.2927         0.0458         0.0029         0.0149 
BAR-estimator:      0.45000        0.50000        0.0374         2.3302         0.0374         0.0027         0.0152 
BAR-estimator:      0.50000        0.55000        0.0061         2.3363         0.0061         0.0029         0.0154 
BAR-estimator:      0.55000        0.60000       -0.0547         2.2815        -0.0547         0.0025         0.0156 
BAR-estimator:      0.60000        0.65000       -0.1065         2.1751        -0.1065         0.0027         0.0159 
BAR-estimator:      0.65000        0.70000       -0.1467         2.0283        -0.1467         0.0029         0.0161 
BAR-estimator:      0.70000        0.75000       -0.1822         1.8462        -0.1822         0.0026         0.0163 
BAR-estimator:      0.75000        0.80000       -0.2107         1.6355        -0.2107         0.0031         0.0166 
BAR-estimator:      0.80000        0.85000       -0.2338         1.4017        -0.2338         0.0028         0.0169 
BAR-estimator:      0.85000        0.90000       -0.2567         1.1450        -0.2567         0.0024         0.0170 
BAR-estimator:      0.90000        0.95000       -0.2702         0.8748        -0.2702         0.0028         0.0173 
BAR-estimator:      0.95000        1.00000       -0.2857         0.5890        -0.2857         0.0027         0.0175 
BAR-estimator: total free energy change is 0.5890408072171165 , total error is 0.01748970297404784
