#========================================================================================
#                     Free energy perturbation    
#----------------------------------------------------------------------------------------
#forward/backward          λ              ΔΔA                 ΔA                  δε   
#                                                 
#----------------------------------------------------------------------------------------
forward:               0.0000              0.0000              0.0000              0.0000  
forward:               0.0500              1.8887              1.8887              0.0295  
forward:               0.1000              0.9911              2.8797              0.0360  
forward:               0.1500              0.4774              3.3571              0.0381  
forward:               0.2000              0.2457              3.6028              0.0396  
forward:               0.2500              0.1340              3.7368              0.0405  
forward:               0.3000              0.0474              3.7842              0.0411  
forward:               0.3500              0.0110              3.7952              0.0416  
forward:               0.4000             -0.0216              3.7736              0.0419  
forward:               0.4500             -0.0537              3.7198              0.0423  
forward:               0.5000             -0.0860              3.6339              0.0426  
forward:               0.5500             -0.0796              3.5543              0.0428  
forward:               0.6000             -0.1081              3.4461              0.0431  
forward:               0.6500             -0.1077              3.3384              0.0433  
forward:               0.7000             -0.1291              3.2094              0.0436  
forward:               0.7500             -0.1288              3.0806              0.0438  
forward:               0.8000             -0.1373              2.9434              0.0440  
forward:               0.8500             -0.1459              2.7974              0.0442  
forward:               0.9000             -0.1515              2.6460              0.0444  
forward:               0.9500             -0.1526              2.4933              0.0445  
forward:               1.0000             -0.1647              2.3286              0.0447  
backward:              1.0000              0.0000              2.3286              0.0000  
backward:              0.9500              0.1522              2.4808              0.0051  
backward:              0.9000              0.1494              2.6303              0.0070  
backward:              0.8500              0.1359              2.7662              0.0096  
backward:              0.8000              0.1402              2.9064              0.0109  
backward:              0.7500              0.1414              3.0478              0.0119  
backward:              0.7000              0.1218              3.1696              0.0130  
backward:              0.6500              0.1155              3.2851              0.0142  
backward:              0.6000              0.1127              3.3978              0.0154  
backward:              0.5500              0.1019              3.4996              0.0164  
backward:              0.5000              0.0880              3.5877              0.0173  
backward:              0.4500              0.0748              3.6625              0.0183  
backward:              0.4000              0.0533              3.7158              0.0194  
backward:              0.3500              0.0329              3.7487              0.0205  
backward:              0.3000             -0.0017              3.7470              0.0218  
backward:              0.2500             -0.0558              3.6912              0.0234  
backward:              0.2000             -0.1182              3.5730              0.0250  
backward:              0.1500             -0.2332              3.3398              0.0280  
backward:              0.1000             -0.4948              2.8450              0.0345  
backward:              0.0500             -1.0451              1.7999              0.0602  
backward:              0.0000             -1.8404             -0.0404              0.0713  
Inaccuracy estimation
======================================================================================================
                   i        i+δi          P0_overlap_P1   δε(forward)/ε   δε(backward)/ε
======================================================================================================
inaccuracy:  0.00000        0.05000           33.56           -0.02            1.96
inaccuracy:  0.05000        0.10000           41.94           -0.05            1.29
inaccuracy:  0.10000        0.15000           55.11           -0.03            0.61
inaccuracy:  0.15000        0.20000           61.34           -0.04            0.36
inaccuracy:  0.20000        0.25000           64.91           -0.03            0.24
inaccuracy:  0.25000        0.30000           68.55           -0.02            0.18
inaccuracy:  0.30000        0.35000           69.48           -0.02            0.17
inaccuracy:  0.35000        0.40000           69.47           -0.02            0.14
inaccuracy:  0.40000        0.45000           71.67           -0.02            0.12
inaccuracy:  0.45000        0.50000           72.99           -0.01            0.12
inaccuracy:  0.50000        0.55000           71.58           -0.02            0.12
inaccuracy:  0.55000        0.60000           73.04           -0.02            0.11
inaccuracy:  0.60000        0.65000           71.70           -0.02            0.10
inaccuracy:  0.65000        0.70000           73.22           -0.02            0.11
inaccuracy:  0.70000        0.75000           73.14           -0.02            0.10
inaccuracy:  0.75000        0.80000           72.34           -0.02            0.11
inaccuracy:  0.80000        0.85000           73.28           -0.02            0.10
inaccuracy:  0.85000        0.90000           72.46           -0.02            0.10
inaccuracy:  0.90000        0.95000           73.20           -0.02            0.10
inaccuracy:  0.95000        1.00000           73.39           -0.02            0.10
===================================================================================================================================
                BAR        
-----------------------------------------------------------------------------------------------------------------------------------
BAR-estimator:         λ             λ+δλ          ΔΔA             ΔA            C               Δδe            δe       
                          
-----------------------------------------------------------------------------------------------------------------------------------
BAR-estimator:      0.00000        0.05000        1.8675         1.8675         1.8675         0.0136         0.0136 
BAR-estimator:      0.05000        0.10000        0.9965         2.8639         0.9965         0.0120         0.0181 
BAR-estimator:      0.10000        0.15000        0.4784         3.3423         0.4784         0.0081         0.0198 
BAR-estimator:      0.15000        0.20000        0.2394         3.5816         0.2394         0.0067         0.0209 
BAR-estimator:      0.20000        0.25000        0.1297         3.7114         0.1297         0.0054         0.0216 
BAR-estimator:      0.25000        0.30000        0.0488         3.7601         0.0488         0.0048         0.0222 
BAR-estimator:      0.30000        0.35000        0.0077         3.7678         0.0077         0.0040         0.0225 
BAR-estimator:      0.35000        0.40000       -0.0258         3.7420        -0.0258         0.0038         0.0228 
BAR-estimator:      0.40000        0.45000       -0.0555         3.6865        -0.0555         0.0035         0.0231 
BAR-estimator:      0.45000        0.50000       -0.0806         3.6060        -0.0806         0.0035         0.0234 
BAR-estimator:      0.50000        0.55000       -0.0827         3.5232        -0.0827         0.0035         0.0236 
BAR-estimator:      0.55000        0.60000       -0.1068         3.4164        -0.1068         0.0033         0.0238 
BAR-estimator:      0.60000        0.65000       -0.1113         3.3051        -0.1113         0.0033         0.0241 
BAR-estimator:      0.65000        0.70000       -0.1256         3.1795        -0.1256         0.0032         0.0243 
BAR-estimator:      0.70000        0.75000       -0.1273         3.0522        -0.1273         0.0035         0.0245 
BAR-estimator:      0.75000        0.80000       -0.1379         2.9143        -0.1379         0.0032         0.0247 
BAR-estimator:      0.80000        0.85000       -0.1443         2.7701        -0.1443         0.0031         0.0249 
BAR-estimator:      0.85000        0.90000       -0.1488         2.6212        -0.1488         0.0033         0.0252 
BAR-estimator:      0.90000        0.95000       -0.1514         2.4699        -0.1514         0.0031         0.0253 
BAR-estimator:      0.95000        1.00000       -0.1617         2.3082        -0.1617         0.0037         0.0256 
BAR-estimator: total free energy change is 2.3082228763105253 , total error is 0.02560663876161876
