#========================================================================================
#                     Free energy perturbation    
#----------------------------------------------------------------------------------------
#forward/backward          λ              ΔΔA                 ΔA                  δε   
#                                                 
#----------------------------------------------------------------------------------------
forward:               0.0000              0.0000              0.0000              0.0000  
forward:               0.0500              4.0434              4.0434              0.0421  
forward:               0.1000              2.2982              6.3416              0.0533  
forward:               0.1500              1.1403              7.4819              0.0587  
forward:               0.2000              0.4711              7.9529              0.0611  
forward:               0.2500              0.1702              8.1231              0.0622  
forward:               0.3000             -0.0209              8.1022              0.0628  
forward:               0.3500             -0.1307              7.9716              0.0634  
forward:               0.4000             -0.2076              7.7640              0.0636  
forward:               0.4500             -0.2697              7.4943              0.0638  
forward:               0.5000             -0.3081              7.1862              0.0641  
forward:               0.5500             -0.4643              6.7219              0.0648  
forward:               0.6000             -0.5920              6.1299              0.0650  
forward:               0.6500             -0.6985              5.4314              0.0652  
forward:               0.7000             -0.7769              4.6545              0.0654  
forward:               0.7500             -0.8327              3.8218              0.0656  
forward:               0.8000             -0.8617              2.9600              0.0657  
forward:               0.8500             -0.8854              2.0746              0.0659  
forward:               0.9000             -0.8949              1.1797              0.0660  
forward:               0.9500             -0.9136              0.2661              0.0662  
forward:               1.0000             -0.9166             -0.6505              0.0664  
backward:              1.0000              0.0000             -0.6505              0.0000  
backward:              0.9500              0.9253              0.2748              0.0061  
backward:              0.9000              0.9001              1.1750              0.0099  
backward:              0.8500              0.8937              2.0686              0.0129  
backward:              0.8000              0.8870              2.9556              0.0144  
backward:              0.7500              0.8575              3.8131              0.0156  
backward:              0.7000              0.8284              4.6415              0.0175  
backward:              0.6500              0.7769              5.4185              0.0191  
backward:              0.6000              0.6930              6.1115              0.0208  
backward:              0.5500              0.6118              6.7233              0.0220  
backward:              0.5000              0.4573              7.1806              0.0233  
backward:              0.4500              0.3144              7.4950              0.0245  
backward:              0.4000              0.2633              7.7583              0.0260  
backward:              0.3500              0.2025              7.9608              0.0277  
backward:              0.3000              0.1148              8.0756              0.0297  
backward:              0.2500              0.0105              8.0861              0.0343  
backward:              0.2000             -0.1596              7.9265              0.0381  
backward:              0.1500             -0.4805              7.4460              0.0487  
backward:              0.1000             -1.1708              6.2752              0.0634  
backward:              0.0500             -2.2712              4.0039              0.0874  
backward:              0.0000             -3.7372              0.2667              0.1084  
Inaccuracy estimation
======================================================================================================
                   i        i+δi          P0_overlap_P1   δε(forward)/ε   δε(backward)/ε
======================================================================================================
inaccuracy:  0.00000        0.05000           15.79            0.69            5.82
inaccuracy:  0.05000        0.10000           24.08           -0.04            3.52
inaccuracy:  0.10000        0.15000           34.32           -0.14            1.77
inaccuracy:  0.15000        0.20000           46.50           -0.09            0.88
inaccuracy:  0.20000        0.25000           52.53           -0.09            0.50
inaccuracy:  0.25000        0.30000           57.88           -0.07            0.36
inaccuracy:  0.30000        0.35000           60.29           -0.06            0.26
inaccuracy:  0.35000        0.40000           62.32           -0.05            0.23
inaccuracy:  0.40000        0.45000           64.00           -0.06            0.19
inaccuracy:  0.45000        0.50000           63.45           -0.06            0.17
inaccuracy:  0.50000        0.55000           60.31           -0.09            0.19
inaccuracy:  0.55000        0.60000           61.47           -0.11            0.16
inaccuracy:  0.60000        0.65000           62.36           -0.11            0.12
inaccuracy:  0.65000        0.70000           62.80           -0.12            0.10
inaccuracy:  0.70000        0.75000           63.44           -0.10            0.10
inaccuracy:  0.75000        0.80000           63.89           -0.12            0.09
inaccuracy:  0.80000        0.85000           63.06           -0.11            0.10
inaccuracy:  0.85000        0.90000           62.64           -0.13            0.09
inaccuracy:  0.90000        0.95000           62.34           -0.10            0.10
inaccuracy:  0.95000        1.00000           61.60           -0.12            0.10
===================================================================================================================================
                BAR        
-----------------------------------------------------------------------------------------------------------------------------------
BAR-estimator:         λ             λ+δλ          ΔΔA             ΔA            C               Δδe            δe       
                          
-----------------------------------------------------------------------------------------------------------------------------------
BAR-estimator:      0.00000        0.05000        3.9501         3.9501         3.9501         0.0166         0.0166 
BAR-estimator:      0.05000        0.10000        2.3030         6.2531         2.3030         0.0139         0.0217 
BAR-estimator:      0.10000        0.15000        1.1394         7.3926         1.1394         0.0137         0.0256 
BAR-estimator:      0.15000        0.20000        0.4787         7.8713         0.4787         0.0100         0.0275 
BAR-estimator:      0.20000        0.25000        0.1607         8.0320         0.1607         0.0073         0.0285 
BAR-estimator:      0.25000        0.30000       -0.0179         8.0141        -0.0179         0.0058         0.0291 
BAR-estimator:      0.30000        0.35000       -0.1262         7.8879        -0.1262         0.0054         0.0296 
BAR-estimator:      0.35000        0.40000       -0.2036         7.6843        -0.2036         0.0042         0.0299 
BAR-estimator:      0.40000        0.45000       -0.2684         7.4159        -0.2684         0.0040         0.0301 
BAR-estimator:      0.45000        0.50000       -0.3124         7.1035        -0.3124         0.0039         0.0304 
BAR-estimator:      0.50000        0.55000       -0.4566         6.6469        -0.4566         0.0052         0.0308 
BAR-estimator:      0.55000        0.60000       -0.5973         6.0496        -0.5973         0.0038         0.0311 
BAR-estimator:      0.60000        0.65000       -0.6987         5.3509        -0.6987         0.0039         0.0313 
BAR-estimator:      0.65000        0.70000       -0.7820         4.5689        -0.7820         0.0037         0.0315 
BAR-estimator:      0.70000        0.75000       -0.8286         3.7403        -0.8286         0.0038         0.0318 
BAR-estimator:      0.75000        0.80000       -0.8578         2.8825        -0.8578         0.0033         0.0319 
BAR-estimator:      0.80000        0.85000       -0.8824         2.0001        -0.8824         0.0041         0.0322 
BAR-estimator:      0.85000        0.90000       -0.8983         1.1019        -0.8983         0.0045         0.0325 
BAR-estimator:      0.90000        0.95000       -0.9105         0.1914        -0.9105         0.0048         0.0328 
BAR-estimator:      0.95000        1.00000       -0.9176        -0.7263        -0.9176         0.0039         0.0331 
BAR-estimator: total free energy change is -0.7262821148407792 , total error is 0.03306596564876057
