#========================================================================================
#                     Free energy perturbation    
#----------------------------------------------------------------------------------------
#forward/backward          λ              ΔΔA                 ΔA                  δε   
#                                                 
#----------------------------------------------------------------------------------------
forward:               0.0000              0.0000              0.0000              0.0000  
forward:               0.0500              1.7193              1.7193              0.0244  
forward:               0.1000              1.0966              2.8158              0.0308  
forward:               0.1500              0.6288              3.4446              0.0316  
forward:               0.2000              0.2970              3.7416              0.0330  
forward:               0.2500              0.1631              3.9047              0.0343  
forward:               0.3000              0.0643              3.9690              0.0350  
forward:               0.3500              0.0162              3.9852              0.0356  
forward:               0.4000             -0.0467              3.9384              0.0365  
forward:               0.4500             -0.0736              3.8648              0.0369  
forward:               0.5000             -0.1035              3.7614              0.0372  
forward:               0.5500             -0.2616              3.4998              0.0380  
forward:               0.6000             -0.6087              2.8910              0.0388  
forward:               0.6500             -0.9127              1.9783              0.0397  
forward:               0.7000             -1.1737              0.8046              0.0404  
forward:               0.7500             -1.3465             -0.5419              0.0410  
forward:               0.8000             -1.4789             -2.0209              0.0416  
forward:               0.8500             -1.5679             -3.5888              0.0421  
forward:               0.9000             -1.6240             -5.2128              0.0429  
forward:               0.9500             -1.6451             -6.8578              0.0432  
forward:               1.0000             -1.6602             -8.5180              0.0436  
backward:              1.0000              0.0000             -8.5180              0.0000  
backward:              0.9500              1.6417             -6.8763              0.0082  
backward:              0.9000              1.6380             -5.2383              0.0115  
backward:              0.8500              1.6262             -3.6121              0.0135  
backward:              0.8000              1.5791             -2.0330              0.0156  
backward:              0.7500              1.4880             -0.5451              0.0177  
backward:              0.7000              1.3607              0.8156              0.0199  
backward:              0.6500              1.1651              1.9807              0.0221  
backward:              0.6000              0.8963              2.8770              0.0237  
backward:              0.5500              0.6164              3.4933              0.0253  
backward:              0.5000              0.2504              3.7437              0.0272  
backward:              0.4500              0.1057              3.8494              0.0280  
backward:              0.4000              0.0776              3.9270              0.0288  
backward:              0.3500              0.0517              3.9787              0.0296  
backward:              0.3000             -0.0009              3.9778              0.0306  
backward:              0.2500             -0.0538              3.9240              0.0316  
backward:              0.2000             -0.1701              3.7539              0.0349  
backward:              0.1500             -0.3340              3.4199              0.0378  
backward:              0.1000             -0.5797              2.8402              0.0418  
backward:              0.0500             -1.0779              1.7623              0.0510  
backward:              0.0000             -1.6685              0.0939              0.0591  
Inaccuracy estimation
======================================================================================================
                   i        i+δi          P0_overlap_P1   δε(forward)/ε   δε(backward)/ε
======================================================================================================
inaccuracy:  0.00000        0.05000           36.74           -0.03            1.78
inaccuracy:  0.05000        0.10000           42.99           -0.06            1.23
inaccuracy:  0.10000        0.15000           49.93           -0.04            0.74
inaccuracy:  0.15000        0.20000           60.68           -0.02            0.40
inaccuracy:  0.20000        0.25000           63.60           -0.03            0.27
inaccuracy:  0.25000        0.30000           65.84           -0.02            0.21
inaccuracy:  0.30000        0.35000           66.50           -0.02            0.19
inaccuracy:  0.35000        0.40000           69.72           -0.02            0.16
inaccuracy:  0.40000        0.45000           70.20           -0.03            0.14
inaccuracy:  0.45000        0.50000           70.18           -0.02            0.13
inaccuracy:  0.50000        0.55000           61.53           -0.12            0.19
inaccuracy:  0.55000        0.60000           59.79           -0.16            0.13
inaccuracy:  0.60000        0.65000           61.25           -0.16            0.08
inaccuracy:  0.65000        0.70000           61.24           -0.17            0.05
inaccuracy:  0.70000        0.75000           61.12           -0.19            0.03
inaccuracy:  0.75000        0.80000           62.44           -0.17            0.01
inaccuracy:  0.80000        0.85000           62.68           -0.18           -0.00
inaccuracy:  0.85000        0.90000           63.45           -0.15           -0.01
inaccuracy:  0.90000        0.95000           62.47           -0.19           -0.00
inaccuracy:  0.95000        1.00000           62.45           -0.16            0.00
===================================================================================================================================
                BAR        
-----------------------------------------------------------------------------------------------------------------------------------
BAR-estimator:         λ             λ+δλ          ΔΔA             ΔA            C               Δδe            δe       
                          
-----------------------------------------------------------------------------------------------------------------------------------
BAR-estimator:      0.00000        0.05000        1.7139         1.7139         1.7139         0.0120         0.0120 
BAR-estimator:      0.05000        0.10000        1.0951         2.8089         1.0951         0.0101         0.0157 
BAR-estimator:      0.10000        0.15000        0.6180         3.4269         0.6180         0.0090         0.0181 
BAR-estimator:      0.15000        0.20000        0.3053         3.7322         0.3053         0.0065         0.0192 
BAR-estimator:      0.20000        0.25000        0.1667         3.8989         0.1667         0.0060         0.0202 
BAR-estimator:      0.25000        0.30000        0.0619         3.9608         0.0619         0.0048         0.0207 
BAR-estimator:      0.30000        0.35000        0.0085         3.9694         0.0085         0.0041         0.0211 
BAR-estimator:      0.35000        0.40000       -0.0450         3.9244        -0.0450         0.0049         0.0217 
BAR-estimator:      0.40000        0.45000       -0.0764         3.8480        -0.0764         0.0039         0.0220 
BAR-estimator:      0.45000        0.50000       -0.1061         3.7419        -0.1061         0.0036         0.0223 
BAR-estimator:      0.50000        0.55000       -0.2550         3.4869        -0.2550         0.0049         0.0229 
BAR-estimator:      0.55000        0.60000       -0.6150         2.8720        -0.6150         0.0059         0.0236 
BAR-estimator:      0.60000        0.65000       -0.9081         1.9639        -0.9081         0.0051         0.0242 
BAR-estimator:      0.65000        0.70000       -1.1736         0.7904        -1.1736         0.0046         0.0246 
BAR-estimator:      0.70000        0.75000       -1.3539        -0.5635        -1.3539         0.0055         0.0252 
BAR-estimator:      0.75000        0.80000       -1.4851        -2.0486        -1.4851         0.0050         0.0257 
BAR-estimator:      0.80000        0.85000       -1.5712        -3.6198        -1.5712         0.0047         0.0262 
BAR-estimator:      0.85000        0.90000       -1.6195        -5.2392        -1.6195         0.0056         0.0267 
BAR-estimator:      0.90000        0.95000       -1.6400        -6.8792        -1.6400         0.0052         0.0272 
BAR-estimator:      0.95000        1.00000       -1.6530        -8.5323        -1.6530         0.0044         0.0276 
BAR-estimator: total free energy change is -8.53225374043772 , total error is 0.027598467232424068
