#========================================================================================
#                     Free energy perturbation    
#----------------------------------------------------------------------------------------
#forward/backward          λ              ΔΔA                 ΔA                  δε   
#                                                 
#----------------------------------------------------------------------------------------
forward:               0.0000              0.0000              0.0000              0.0000  
forward:               0.0500              2.1740              2.1740              0.0309  
forward:               0.1000              1.1787              3.3527              0.0379  
forward:               0.1500              0.5174              3.8701              0.0404  
forward:               0.2000              0.2412              4.1113              0.0414  
forward:               0.2500              0.0924              4.2037              0.0420  
forward:               0.3000              0.0150              4.2188              0.0425  
forward:               0.3500             -0.0469              4.1719              0.0429  
forward:               0.4000             -0.0895              4.0824              0.0433  
forward:               0.4500             -0.1195              3.9629              0.0436  
forward:               0.5000             -0.1510              3.8119              0.0438  
forward:               0.5500             -0.3035              3.5084              0.0443  
forward:               0.6000             -0.6345              2.8739              0.0448  
forward:               0.6500             -0.8972              1.9768              0.0454  
forward:               0.7000             -1.1234              0.8533              0.0462  
forward:               0.7500             -1.2922             -0.4389              0.0468  
forward:               0.8000             -1.3782             -1.8171              0.0472  
forward:               0.8500             -1.4281             -3.2452              0.0476  
forward:               0.9000             -1.4717             -4.7168              0.0480  
forward:               0.9500             -1.4712             -6.1880              0.0483  
forward:               1.0000             -1.4671             -7.6552              0.0485  
backward:              1.0000              0.0000             -7.6552              0.0000  
backward:              0.9500              1.4695             -6.1857              0.0091  
backward:              0.9000              1.4638             -4.7219              0.0125  
backward:              0.8500              1.4688             -3.2531              0.0144  
backward:              0.8000              1.4334             -1.8197              0.0157  
backward:              0.7500              1.3867             -0.4330              0.0175  
backward:              0.7000              1.2639              0.8309              0.0203  
backward:              0.6500              1.1236              1.9545              0.0226  
backward:              0.6000              0.9049              2.8594              0.0239  
backward:              0.5500              0.6401              3.4995              0.0250  
backward:              0.5000              0.3271              3.8267              0.0261  
backward:              0.4500              0.1505              3.9772              0.0266  
backward:              0.4000              0.1113              4.0884              0.0271  
backward:              0.3500              0.0985              4.1870              0.0278  
backward:              0.3000              0.0468              4.2338              0.0285  
backward:              0.2500             -0.0004              4.2334              0.0294  
backward:              0.2000             -0.0991              4.1343              0.0306  
backward:              0.1500             -0.2211              3.9132              0.0323  
backward:              0.1000             -0.5119              3.4013              0.0436  
backward:              0.0500             -1.1180              2.2833              0.0572  
backward:              0.0000             -2.0833              0.2001              0.0690  
Inaccuracy estimation
======================================================================================================
                   i        i+δi          P0_overlap_P1   δε(forward)/ε   δε(backward)/ε
======================================================================================================
inaccuracy:  0.00000        0.05000           29.55            0.01            2.45
inaccuracy:  0.05000        0.10000           38.68           -0.06            1.53
inaccuracy:  0.10000        0.15000           52.51           -0.04            0.68
inaccuracy:  0.15000        0.20000           61.80           -0.03            0.37
inaccuracy:  0.20000        0.25000           67.26           -0.01            0.22
inaccuracy:  0.25000        0.30000           68.42           -0.02            0.19
inaccuracy:  0.30000        0.35000           71.01           -0.01            0.14
inaccuracy:  0.35000        0.40000           71.31           -0.02            0.13
inaccuracy:  0.40000        0.45000           73.28           -0.02            0.11
inaccuracy:  0.45000        0.50000           73.96           -0.02            0.10
inaccuracy:  0.50000        0.55000           60.03           -0.12            0.19
inaccuracy:  0.55000        0.60000           63.29           -0.14            0.10
inaccuracy:  0.60000        0.65000           63.30           -0.16            0.07
inaccuracy:  0.65000        0.70000           63.81           -0.18            0.04
inaccuracy:  0.70000        0.75000           65.56           -0.15            0.03
inaccuracy:  0.75000        0.80000           63.62           -0.20            0.01
inaccuracy:  0.80000        0.85000           63.52           -0.17            0.02
inaccuracy:  0.85000        0.90000           63.70           -0.14            0.01
inaccuracy:  0.90000        0.95000           63.47           -0.14            0.02
inaccuracy:  0.95000        1.00000           62.76           -0.19            0.02
===================================================================================================================================
                BAR        
-----------------------------------------------------------------------------------------------------------------------------------
BAR-estimator:         λ             λ+δλ          ΔΔA             ΔA            C               Δδe            δe       
                          
-----------------------------------------------------------------------------------------------------------------------------------
BAR-estimator:      0.00000        0.05000        2.1445         2.1445         2.1445         0.0141         0.0141 
BAR-estimator:      0.05000        0.10000        1.1501         3.2946         1.1501         0.0120         0.0185 
BAR-estimator:      0.10000        0.15000        0.5217         3.8163         0.5217         0.0090         0.0206 
BAR-estimator:      0.15000        0.20000        0.2364         4.0527         0.2364         0.0060         0.0214 
BAR-estimator:      0.20000        0.25000        0.0960         4.1487         0.0960         0.0050         0.0220 
BAR-estimator:      0.25000        0.30000        0.0124         4.1611         0.0124         0.0046         0.0225 
BAR-estimator:      0.30000        0.35000       -0.0470         4.1142        -0.0470         0.0044         0.0229 
BAR-estimator:      0.35000        0.40000       -0.0930         4.0212        -0.0930         0.0039         0.0233 
BAR-estimator:      0.40000        0.45000       -0.1156         3.9055        -0.1156         0.0035         0.0235 
BAR-estimator:      0.45000        0.50000       -0.1495         3.7561        -0.1495         0.0033         0.0238 
BAR-estimator:      0.50000        0.55000       -0.3138         3.4422        -0.3138         0.0040         0.0241 
BAR-estimator:      0.55000        0.60000       -0.6379         2.8044        -0.6379         0.0040         0.0244 
BAR-estimator:      0.60000        0.65000       -0.8987         1.9057        -0.8987         0.0044         0.0248 
BAR-estimator:      0.65000        0.70000       -1.1247         0.7810        -1.1247         0.0050         0.0253 
BAR-estimator:      0.70000        0.75000       -1.2779        -0.4969        -1.2779         0.0046         0.0257 
BAR-estimator:      0.75000        0.80000       -1.3860        -1.8830        -1.3860         0.0043         0.0261 
BAR-estimator:      0.80000        0.85000       -1.4328        -3.3158        -1.4328         0.0043         0.0264 
BAR-estimator:      0.85000        0.90000       -1.4697        -4.7855        -1.4697         0.0049         0.0269 
BAR-estimator:      0.90000        0.95000       -1.4688        -6.2543        -1.4688         0.0041         0.0272 
BAR-estimator:      0.95000        1.00000       -1.4688        -7.7231        -1.4688         0.0046         0.0276 
BAR-estimator: total free energy change is -7.723124130077964 , total error is 0.02758652560305456
