#========================================================================================
#                     Free energy perturbation    
#----------------------------------------------------------------------------------------
#forward/backward          λ              ΔΔA                 ΔA                  δε   
#                                                 
#----------------------------------------------------------------------------------------
forward:               0.0000              0.0000              0.0000              0.0000  
forward:               0.0500              1.6123              1.6123              0.0235  
forward:               0.1000              0.8129              2.4252              0.0285  
forward:               0.1500              0.4170              2.8422              0.0305  
forward:               0.2000              0.2328              3.0750              0.0316  
forward:               0.2500              0.1090              3.1840              0.0324  
forward:               0.3000              0.0250              3.2090              0.0330  
forward:               0.3500             -0.0118              3.1972              0.0333  
forward:               0.4000             -0.0548              3.1424              0.0337  
forward:               0.4500             -0.0706              3.0718              0.0341  
forward:               0.5000             -0.0930              2.9788              0.0343  
forward:               0.5500             -0.2156              2.7633              0.0347  
forward:               0.6000             -0.4368              2.3265              0.0352  
forward:               0.6500             -0.6188              1.7077              0.0359  
forward:               0.7000             -0.8052              0.9025              0.0366  
forward:               0.7500             -0.9283             -0.0259              0.0372  
forward:               0.8000             -1.0006             -1.0264              0.0377  
forward:               0.8500             -1.0226             -2.0490              0.0380  
forward:               0.9000             -1.0238             -3.0728              0.0384  
forward:               0.9500             -1.0249             -4.0977              0.0387  
forward:               1.0000             -0.9909             -5.0887              0.0389  
backward:              1.0000              0.0000             -5.0887              0.0000  
backward:              0.9500              0.9842             -4.1044              0.0057  
backward:              0.9000              1.0007             -3.1038              0.0084  
backward:              0.8500              1.0360             -2.0678              0.0101  
backward:              0.8000              1.0314             -1.0363              0.0120  
backward:              0.7500              0.9984             -0.0379              0.0134  
backward:              0.7000              0.9259              0.8881              0.0152  
backward:              0.6500              0.7990              1.6870              0.0166  
backward:              0.6000              0.6101              2.2971              0.0185  
backward:              0.5500              0.4179              2.7150              0.0198  
backward:              0.5000              0.2190              2.9340              0.0208  
backward:              0.4500              0.1000              3.0340              0.0213  
backward:              0.4000              0.0720              3.1060              0.0220  
backward:              0.3500              0.0459              3.1519              0.0227  
backward:              0.3000              0.0030              3.1549              0.0235  
backward:              0.2500             -0.0279              3.1271              0.0246  
backward:              0.2000             -0.1097              3.0174              0.0258  
backward:              0.1500             -0.2105              2.8069              0.0283  
backward:              0.1000             -0.4142              2.3926              0.0322  
backward:              0.0500             -0.8646              1.5280              0.0418  
backward:              0.0000             -1.5083              0.0197              0.0564  
Inaccuracy estimation
======================================================================================================
                   i        i+δi          P0_overlap_P1   δε(forward)/ε   δε(backward)/ε
======================================================================================================
inaccuracy:  0.00000        0.05000           33.83           -0.04            1.84
inaccuracy:  0.05000        0.10000           49.13           -0.03            0.96
inaccuracy:  0.10000        0.15000           58.40           -0.02            0.50
inaccuracy:  0.15000        0.20000           62.76           -0.02            0.31
inaccuracy:  0.20000        0.25000           69.11           -0.02            0.20
inaccuracy:  0.25000        0.30000           71.24           -0.01            0.15
inaccuracy:  0.30000        0.35000           73.05           -0.02            0.13
inaccuracy:  0.35000        0.40000           74.19           -0.02            0.11
inaccuracy:  0.40000        0.45000           73.79           -0.01            0.11
inaccuracy:  0.45000        0.50000           74.00           -0.01            0.10
inaccuracy:  0.50000        0.55000           66.66           -0.08            0.14
inaccuracy:  0.55000        0.60000           67.66           -0.08            0.10
inaccuracy:  0.60000        0.65000           66.72           -0.10            0.07
inaccuracy:  0.65000        0.70000           67.01           -0.11            0.06
inaccuracy:  0.70000        0.75000           67.57           -0.11            0.05
inaccuracy:  0.75000        0.80000           67.45           -0.10            0.04
inaccuracy:  0.80000        0.85000           66.83           -0.11            0.04
inaccuracy:  0.85000        0.90000           66.44           -0.11            0.05
inaccuracy:  0.90000        0.95000           68.20           -0.08            0.05
inaccuracy:  0.95000        1.00000           66.63           -0.09            0.06
===================================================================================================================================
                BAR        
-----------------------------------------------------------------------------------------------------------------------------------
BAR-estimator:         λ             λ+δλ          ΔΔA             ΔA            C               Δδe            δe       
                          
-----------------------------------------------------------------------------------------------------------------------------------
BAR-estimator:      0.00000        0.05000        1.5926         1.5926         1.5926         0.0117         0.0117 
BAR-estimator:      0.05000        0.10000        0.8402         2.4328         0.8402         0.0098         0.0153 
BAR-estimator:      0.10000        0.15000        0.4206         2.8534         0.4206         0.0073         0.0169 
BAR-estimator:      0.15000        0.20000        0.2218         3.0752         0.2218         0.0055         0.0178 
BAR-estimator:      0.20000        0.25000        0.1095         3.1846         0.1095         0.0046         0.0184 
BAR-estimator:      0.25000        0.30000        0.0261         3.2107         0.0261         0.0045         0.0189 
BAR-estimator:      0.30000        0.35000       -0.0076         3.2031        -0.0076         0.0038         0.0193 
BAR-estimator:      0.35000        0.40000       -0.0513         3.1518        -0.0513         0.0036         0.0196 
BAR-estimator:      0.40000        0.45000       -0.0702         3.0816        -0.0702         0.0036         0.0199 
BAR-estimator:      0.45000        0.50000       -0.0949         2.9868        -0.0949         0.0025         0.0201 
BAR-estimator:      0.50000        0.55000       -0.2148         2.7720        -0.2148         0.0037         0.0204 
BAR-estimator:      0.55000        0.60000       -0.4299         2.3421        -0.4299         0.0030         0.0206 
BAR-estimator:      0.60000        0.65000       -0.6170         1.7251        -0.6170         0.0040         0.0210 
BAR-estimator:      0.65000        0.70000       -0.7986         0.9264        -0.7986         0.0044         0.0215 
BAR-estimator:      0.70000        0.75000       -0.9258         0.0007        -0.9258         0.0043         0.0219 
BAR-estimator:      0.75000        0.80000       -1.0005        -0.9998        -1.0005         0.0043         0.0223 
BAR-estimator:      0.80000        0.85000       -1.0274        -2.0272        -1.0274         0.0038         0.0226 
BAR-estimator:      0.85000        0.90000       -1.0289        -3.0561        -1.0289         0.0041         0.0230 
BAR-estimator:      0.90000        0.95000       -1.0133        -4.0695        -1.0133         0.0045         0.0235 
BAR-estimator:      0.95000        1.00000       -0.9869        -5.0564        -0.9869         0.0041         0.0238 
BAR-estimator: total free energy change is -5.056400166984515 , total error is 0.023816759607924058
