#========================================================================================
#                     Free energy perturbation    
#----------------------------------------------------------------------------------------
#forward/backward          λ              ΔΔA                 ΔA                  δε   
#                                                 
#----------------------------------------------------------------------------------------
forward:               0.0000              0.0000              0.0000              0.0000  
forward:               0.0500              1.2909              1.2909              0.0259  
forward:               0.1000              0.6439              1.9348              0.0310  
forward:               0.1500              0.2582              2.1930              0.0324  
forward:               0.2000              0.0930              2.2860              0.0331  
forward:               0.2500             -0.0172              2.2689              0.0336  
forward:               0.3000             -0.0894              2.1795              0.0342  
forward:               0.3500             -0.1297              2.0498              0.0344  
forward:               0.4000             -0.1691              1.8806              0.0347  
forward:               0.4500             -0.1938              1.6868              0.0348  
forward:               0.5000             -0.2164              1.4704              0.0351  
forward:               0.5500             -0.6927              0.7777              0.0361  
forward:               0.6000             -1.4080             -0.6303              0.0374  
forward:               0.6500             -1.9903             -2.6206              0.0389  
forward:               0.7000             -2.5131             -5.1338              0.0404  
forward:               0.7500             -2.7995             -7.9333              0.0419  
forward:               0.8000             -2.8775            -10.8108              0.0426  
forward:               0.8500             -2.8177            -13.6285              0.0433  
forward:               0.9000             -2.6817            -16.3102              0.0439  
forward:               0.9500             -2.5583            -18.8685              0.0445  
forward:               1.0000             -2.3951            -21.2636              0.0449  
backward:              1.0000              0.0000            -21.2636              0.0000  
backward:              0.9500              2.4092            -18.8545              0.0113  
backward:              0.9000              2.5298            -16.3247              0.0152  
backward:              0.8500              2.6822            -13.6425              0.0189  
backward:              0.8000              2.8004            -10.8421              0.0223  
backward:              0.7500              2.8849             -7.9572              0.0241  
backward:              0.7000              2.8140             -5.1432              0.0265  
backward:              0.6500              2.5260             -2.6172              0.0280  
backward:              0.6000              2.0281             -0.5891              0.0300  
backward:              0.5500              1.3765              0.7874              0.0317  
backward:              0.5000              0.6906              1.4781              0.0335  
backward:              0.4500              0.2077              1.6858              0.0339  
backward:              0.4000              0.1934              1.8791              0.0342  
backward:              0.3500              0.1638              2.0430              0.0346  
backward:              0.3000              0.1207              2.1637              0.0353  
backward:              0.2500              0.0881              2.2517              0.0358  
backward:              0.2000              0.0229              2.2746              0.0364  
backward:              0.1500             -0.0784              2.1962              0.0378  
backward:              0.1000             -0.2869              1.9093              0.0397  
backward:              0.0500             -0.6629              1.2464              0.0665  
backward:              0.0000             -1.2884             -0.0420              0.0728  
Inaccuracy estimation
======================================================================================================
                   i        i+δi          P0_overlap_P1   δε(forward)/ε   δε(backward)/ε
======================================================================================================
inaccuracy:  0.00000        0.05000           37.51           -0.05            1.49
inaccuracy:  0.05000        0.10000           49.26           -0.04            0.88
inaccuracy:  0.10000        0.15000           62.50           -0.02            0.37
inaccuracy:  0.15000        0.20000           66.07           -0.01            0.23
inaccuracy:  0.20000        0.25000           70.40           -0.02            0.16
inaccuracy:  0.25000        0.30000           74.00           -0.01            0.12
inaccuracy:  0.30000        0.35000           75.17           -0.01            0.09
inaccuracy:  0.35000        0.40000           75.69           -0.02            0.09
inaccuracy:  0.40000        0.45000           76.49           -0.02            0.08
inaccuracy:  0.45000        0.50000           77.27           -0.02            0.07
inaccuracy:  0.50000        0.55000           54.30           -0.28            0.25
inaccuracy:  0.55000        0.60000           55.18           -0.39            0.04
inaccuracy:  0.60000        0.65000           51.87           -0.52           -0.05
inaccuracy:  0.65000        0.70000           53.52           -0.57           -0.12
inaccuracy:  0.70000        0.75000           53.77           -0.51           -0.18
inaccuracy:  0.75000        0.80000           55.65           -0.45           -0.19
inaccuracy:  0.80000        0.85000           54.42           -0.43           -0.15
inaccuracy:  0.85000        0.90000           52.63           -0.43           -0.14
inaccuracy:  0.90000        0.95000           52.45           -0.40           -0.09
inaccuracy:  0.95000        1.00000           50.92           -0.50           -0.07
===================================================================================================================================
                BAR        
-----------------------------------------------------------------------------------------------------------------------------------
BAR-estimator:         λ             λ+δλ          ΔΔA             ΔA            C               Δδe            δe       
                          
-----------------------------------------------------------------------------------------------------------------------------------
BAR-estimator:      0.00000        0.05000        1.3101         1.3101         1.3101         0.0132         0.0132 
BAR-estimator:      0.05000        0.10000        0.6446         1.9548         0.6446         0.0098         0.0164 
BAR-estimator:      0.10000        0.15000        0.2665         2.2213         0.2665         0.0062         0.0176 
BAR-estimator:      0.15000        0.20000        0.0859         2.3071         0.0859         0.0047         0.0182 
BAR-estimator:      0.20000        0.25000       -0.0191         2.2880        -0.0191         0.0042         0.0187 
BAR-estimator:      0.25000        0.30000       -0.0878         2.2002        -0.0878         0.0041         0.0191 
BAR-estimator:      0.30000        0.35000       -0.1279         2.0723        -0.1279         0.0033         0.0194 
BAR-estimator:      0.35000        0.40000       -0.1666         1.9057        -0.1666         0.0031         0.0197 
BAR-estimator:      0.40000        0.45000       -0.1928         1.7129        -0.1928         0.0032         0.0199 
BAR-estimator:      0.45000        0.50000       -0.2135         1.4994        -0.2135         0.0026         0.0201 
BAR-estimator:      0.50000        0.55000       -0.6884         0.8110        -0.6884         0.0055         0.0208 
BAR-estimator:      0.55000        0.60000       -1.3909        -0.5800        -1.3909         0.0055         0.0215 
BAR-estimator:      0.60000        0.65000       -2.0128        -2.5927        -2.0128         0.0049         0.0221 
BAR-estimator:      0.65000        0.70000       -2.5198        -5.1126        -2.5198         0.0063         0.0230 
BAR-estimator:      0.70000        0.75000       -2.8022        -7.9148        -2.8022         0.0061         0.0238 
BAR-estimator:      0.75000        0.80000       -2.8758       -10.7905        -2.8758         0.0052         0.0243 
BAR-estimator:      0.80000        0.85000       -2.8176       -13.6082        -2.8176         0.0054         0.0249 
BAR-estimator:      0.85000        0.90000       -2.6804       -16.2886        -2.6804         0.0052         0.0255 
BAR-estimator:      0.90000        0.95000       -2.5403       -18.8289        -2.5403         0.0058         0.0261 
BAR-estimator:      0.95000        1.00000       -2.4006       -21.2295        -2.4006         0.0059         0.0268 
BAR-estimator: total free energy change is -21.22947551505845 , total error is 0.026783367322766233
