#========================================================================================
#                     Free energy perturbation    
#----------------------------------------------------------------------------------------
#forward/backward          λ              ΔΔA                 ΔA                  δε   
#                                                 
#----------------------------------------------------------------------------------------
forward:               0.0000              0.0000              0.0000              0.0000  
forward:               0.0500              1.0682              1.0682              0.0180  
forward:               0.1000              0.6504              1.7186              0.0229  
forward:               0.1500              0.3831              2.1017              0.0254  
forward:               0.2000              0.2349              2.3366              0.0264  
forward:               0.2500              0.1451              2.4816              0.0272  
forward:               0.3000              0.0989              2.5805              0.0278  
forward:               0.3500              0.0627              2.6433              0.0283  
forward:               0.4000              0.0292              2.6724              0.0287  
forward:               0.4500              0.0225              2.6949              0.0289  
forward:               0.5000              0.0015              2.6965              0.0293  
forward:               0.5500             -0.1135              2.5829              0.0298  
forward:               0.6000             -0.2712              2.3118              0.0305  
forward:               0.6500             -0.4366              1.8752              0.0314  
forward:               0.7000             -0.5610              1.3142              0.0321  
forward:               0.7500             -0.6633              0.6509              0.0328  
forward:               0.8000             -0.7114             -0.0606              0.0333  
forward:               0.8500             -0.7001             -0.7607              0.0337  
forward:               0.9000             -0.6730             -1.4337              0.0341  
forward:               0.9500             -0.6553             -2.0890              0.0344  
forward:               1.0000             -0.6272             -2.7163              0.0347  
backward:              1.0000              0.0000             -2.7163              0.0000  
backward:              0.9500              0.6296             -2.0867              0.0069  
backward:              0.9000              0.6477             -1.4390              0.0091  
backward:              0.8500              0.6702             -0.7688              0.0119  
backward:              0.8000              0.6977             -0.0711              0.0134  
backward:              0.7500              0.6922              0.6211              0.0151  
backward:              0.7000              0.6443              1.2653              0.0168  
backward:              0.6500              0.5909              1.8562              0.0180  
backward:              0.6000              0.4312              2.2874              0.0191  
backward:              0.5500              0.2774              2.5647              0.0199  
backward:              0.5000              0.1147              2.6794              0.0208  
backward:              0.4500             -0.0062              2.6732              0.0214  
backward:              0.4000             -0.0204              2.6528              0.0221  
backward:              0.3500             -0.0420              2.6109              0.0229  
backward:              0.3000             -0.0759              2.5349              0.0239  
backward:              0.2500             -0.0826              2.4524              0.0245  
backward:              0.2000             -0.1530              2.2994              0.0259  
backward:              0.1500             -0.2399              2.0595              0.0281  
backward:              0.1000             -0.4119              1.6476              0.0316  
backward:              0.0500             -0.6284              1.0191              0.0364  
backward:              0.0000             -1.0771             -0.0580              0.0452  
Inaccuracy estimation
======================================================================================================
                   i        i+δi          P0_overlap_P1   δε(forward)/ε   δε(backward)/ε
======================================================================================================
inaccuracy:  0.00000        0.05000           46.02           -0.03            0.92
inaccuracy:  0.05000        0.10000           54.53           -0.01            0.62
inaccuracy:  0.10000        0.15000           63.40           -0.01            0.36
inaccuracy:  0.15000        0.20000           68.67           -0.01            0.24
inaccuracy:  0.20000        0.25000           71.74           -0.01            0.16
inaccuracy:  0.25000        0.30000           72.13           -0.01            0.15
inaccuracy:  0.30000        0.35000           75.57           -0.01            0.12
inaccuracy:  0.35000        0.40000           75.97           -0.01            0.11
inaccuracy:  0.40000        0.45000           75.24           -0.01            0.11
inaccuracy:  0.45000        0.50000           75.94           -0.01            0.09
inaccuracy:  0.50000        0.55000           69.13           -0.05            0.14
inaccuracy:  0.55000        0.60000           69.07           -0.08            0.09
inaccuracy:  0.60000        0.65000           68.75           -0.07            0.08
inaccuracy:  0.65000        0.70000           65.95           -0.10            0.07
inaccuracy:  0.70000        0.75000           70.54           -0.08            0.06
inaccuracy:  0.75000        0.80000           70.49           -0.07            0.06
inaccuracy:  0.80000        0.85000           69.49           -0.06            0.07
inaccuracy:  0.85000        0.90000           67.63           -0.07            0.08
inaccuracy:  0.90000        0.95000           68.46           -0.06            0.08
inaccuracy:  0.95000        1.00000           67.66           -0.07            0.10
===================================================================================================================================
                BAR        
-----------------------------------------------------------------------------------------------------------------------------------
BAR-estimator:         λ             λ+δλ          ΔΔA             ΔA            C               Δδe            δe       
                          
-----------------------------------------------------------------------------------------------------------------------------------
BAR-estimator:      0.00000        0.05000        1.0590         1.0590         1.0590         0.0101         0.0101 
BAR-estimator:      0.05000        0.10000        0.6453         1.7043         0.6453         0.0084         0.0132 
BAR-estimator:      0.10000        0.15000        0.3847         2.0890         0.3847         0.0070         0.0149 
BAR-estimator:      0.15000        0.20000        0.2351         2.3241         0.2351         0.0050         0.0157 
BAR-estimator:      0.20000        0.25000        0.1464         2.4705         0.1464         0.0046         0.0164 
BAR-estimator:      0.25000        0.30000        0.0940         2.5645         0.0940         0.0043         0.0169 
BAR-estimator:      0.30000        0.35000        0.0690         2.6335         0.0690         0.0039         0.0174 
BAR-estimator:      0.35000        0.40000        0.0342         2.6677         0.0342         0.0034         0.0177 
BAR-estimator:      0.40000        0.45000        0.0215         2.6892         0.0215         0.0032         0.0180 
BAR-estimator:      0.45000        0.50000        0.0012         2.6904         0.0012         0.0032         0.0183 
BAR-estimator:      0.50000        0.55000       -0.1087         2.5817        -0.1087         0.0037         0.0186 
BAR-estimator:      0.55000        0.60000       -0.2754         2.3063        -0.2754         0.0033         0.0189 
BAR-estimator:      0.60000        0.65000       -0.4301         1.8762        -0.4301         0.0039         0.0193 
BAR-estimator:      0.65000        0.70000       -0.5780         1.2982        -0.5780         0.0043         0.0198 
BAR-estimator:      0.70000        0.75000       -0.6568         0.6415        -0.6568         0.0041         0.0202 
BAR-estimator:      0.75000        0.80000       -0.7047        -0.0632        -0.7047         0.0040         0.0206 
BAR-estimator:      0.80000        0.85000       -0.6971        -0.7603        -0.6971         0.0042         0.0211 
BAR-estimator:      0.85000        0.90000       -0.6754        -1.4357        -0.6754         0.0041         0.0215 
BAR-estimator:      0.90000        0.95000       -0.6530        -2.0888        -0.6530         0.0046         0.0219 
BAR-estimator:      0.95000        1.00000       -0.6239        -2.7127        -0.6239         0.0039         0.0223 
BAR-estimator: total free energy change is -2.712654155618767 , total error is 0.022280107793995644
