#========================================================================================
#                     Free energy perturbation    
#----------------------------------------------------------------------------------------
#forward/backward          λ              ΔΔA                 ΔA                  δε   
#                                                 
#----------------------------------------------------------------------------------------
forward:               0.0000              0.0000              0.0000              0.0000  
forward:               0.0500              1.3179              1.3179              0.0190  
forward:               0.1000              0.7358              2.0537              0.0232  
forward:               0.1500              0.4481              2.5018              0.0247  
forward:               0.2000              0.2799              2.7817              0.0261  
forward:               0.2500              0.1773              2.9589              0.0270  
forward:               0.3000              0.1298              3.0888              0.0290  
forward:               0.3500              0.0772              3.1660              0.0292  
forward:               0.4000              0.0424              3.2084              0.0296  
forward:               0.4500              0.0323              3.2407              0.0300  
forward:               0.5000             -0.0036              3.2371              0.0302  
forward:               0.5500             -0.0639              3.1732              0.0306  
forward:               0.6000             -0.1604              3.0128              0.0309  
forward:               0.6500             -0.2254              2.7873              0.0314  
forward:               0.7000             -0.2788              2.5085              0.0315  
forward:               0.7500             -0.3237              2.1848              0.0318  
forward:               0.8000             -0.3572              1.8276              0.0320  
forward:               0.8500             -0.3673              1.4603              0.0323  
forward:               0.9000             -0.3911              1.0691              0.0325  
forward:               0.9500             -0.3965              0.6726              0.0327  
forward:               1.0000             -0.4098              0.2628              0.0329  
backward:              1.0000              0.0000              0.2628              0.0000  
backward:              0.9500              0.4181              0.6809              0.0044  
backward:              0.9000              0.3970              1.0779              0.0063  
backward:              0.8500              0.3884              1.4663              0.0078  
backward:              0.8000              0.3658              1.8321              0.0094  
backward:              0.7500              0.3567              2.1888              0.0106  
backward:              0.7000              0.3224              2.5111              0.0119  
backward:              0.6500              0.2684              2.7795              0.0134  
backward:              0.6000              0.2284              3.0078              0.0143  
backward:              0.5500              0.1566              3.1644              0.0152  
backward:              0.5000              0.0531              3.2175              0.0165  
backward:              0.4500              0.0005              3.2180              0.0176  
backward:              0.4000             -0.0190              3.1989              0.0184  
backward:              0.3500             -0.0472              3.1517              0.0195  
backward:              0.3000             -0.0892              3.0625              0.0210  
backward:              0.2500             -0.1272              2.9354              0.0222  
backward:              0.2000             -0.2082              2.7271              0.0247  
backward:              0.1500             -0.2881              2.4390              0.0266  
backward:              0.1000             -0.4639              1.9751              0.0300  
backward:              0.0500             -0.7639              1.2112              0.0358  
backward:              0.0000             -1.3299             -0.1187              0.0650  
Inaccuracy estimation
======================================================================================================
                   i        i+δi          P0_overlap_P1   δε(forward)/ε   δε(backward)/ε
======================================================================================================
inaccuracy:  0.00000        0.05000           41.49           -0.03            1.52
inaccuracy:  0.05000        0.10000           53.44           -0.02            0.68
inaccuracy:  0.10000        0.15000           61.99           -0.01            0.41
inaccuracy:  0.15000        0.20000           67.04           -0.01            0.26
inaccuracy:  0.20000        0.25000           71.59           -0.01            0.18
inaccuracy:  0.25000        0.30000           71.04           -0.01            0.15
inaccuracy:  0.30000        0.35000           74.17           -0.01            0.13
inaccuracy:  0.35000        0.40000           74.84           -0.01            0.12
inaccuracy:  0.40000        0.45000           73.90           -0.01            0.11
inaccuracy:  0.45000        0.50000           75.63           -0.01            0.09
inaccuracy:  0.50000        0.55000           72.08           -0.03            0.12
inaccuracy:  0.55000        0.60000           72.89           -0.03            0.09
inaccuracy:  0.60000        0.65000           72.90           -0.04            0.09
inaccuracy:  0.65000        0.70000           74.04           -0.03            0.08
inaccuracy:  0.70000        0.75000           73.88           -0.04            0.07
inaccuracy:  0.75000        0.80000           73.63           -0.03            0.08
inaccuracy:  0.80000        0.85000           73.08           -0.04            0.07
inaccuracy:  0.85000        0.90000           72.79           -0.03            0.07
inaccuracy:  0.90000        0.95000           73.45           -0.04            0.08
inaccuracy:  0.95000        1.00000           71.71           -0.05            0.08
===================================================================================================================================
                BAR        
-----------------------------------------------------------------------------------------------------------------------------------
BAR-estimator:         λ             λ+δλ          ΔΔA             ΔA            C               Δδe            δe       
                          
-----------------------------------------------------------------------------------------------------------------------------------
BAR-estimator:      0.00000        0.05000        1.3182         1.3182         1.3182         0.0112         0.0112 
BAR-estimator:      0.05000        0.10000        0.7462         2.0644         0.7462         0.0080         0.0138 
BAR-estimator:      0.10000        0.15000        0.4527         2.5171         0.4527         0.0058         0.0149 
BAR-estimator:      0.15000        0.20000        0.2837         2.8008         0.2837         0.0057         0.0160 
BAR-estimator:      0.20000        0.25000        0.1862         2.9870         0.1862         0.0047         0.0167 
BAR-estimator:      0.25000        0.30000        0.1278         3.1149         0.1278         0.0064         0.0179 
BAR-estimator:      0.30000        0.35000        0.0806         3.1955         0.0806         0.0032         0.0181 
BAR-estimator:      0.35000        0.40000        0.0428         3.2383         0.0428         0.0034         0.0184 
BAR-estimator:      0.40000        0.45000        0.0282         3.2665         0.0282         0.0032         0.0187 
BAR-estimator:      0.45000        0.50000       -0.0039         3.2626        -0.0039         0.0033         0.0190 
BAR-estimator:      0.50000        0.55000       -0.0593         3.2033        -0.0593         0.0035         0.0193 
BAR-estimator:      0.55000        0.60000       -0.1583         3.0450        -0.1583         0.0041         0.0198 
BAR-estimator:      0.60000        0.65000       -0.2250         2.8200        -0.2250         0.0036         0.0201 
BAR-estimator:      0.65000        0.70000       -0.2765         2.5435        -0.2765         0.0035         0.0204 
BAR-estimator:      0.70000        0.75000       -0.3228         2.2208        -0.3228         0.0028         0.0206 
BAR-estimator:      0.75000        0.80000       -0.3556         1.8652        -0.3556         0.0022         0.0207 
BAR-estimator:      0.80000        0.85000       -0.3689         1.4963        -0.3689         0.0029         0.0209 
BAR-estimator:      0.85000        0.90000       -0.3918         1.1045        -0.3918         0.0032         0.0211 
BAR-estimator:      0.90000        0.95000       -0.3961         0.7085        -0.3961         0.0033         0.0214 
BAR-estimator:      0.95000        1.00000       -0.4136         0.2949        -0.4136         0.0030         0.0216 
BAR-estimator: total free energy change is 0.29487687138632707 , total error is 0.021588983252199538
