#========================================================================================
#                     Free energy perturbation    
#----------------------------------------------------------------------------------------
#forward/backward          λ              ΔΔA                 ΔA                  δε   
#                                                 
#----------------------------------------------------------------------------------------
forward:               0.0000              0.0000              0.0000              0.0000  
forward:               0.0500              2.9441              2.9441              0.0448  
forward:               0.1000              1.7636              4.7076              0.0516  
forward:               0.1500              0.9150              5.6226              0.0545  
forward:               0.2000              0.4859              6.1085              0.0558  
forward:               0.2500              0.2403              6.3489              0.0569  
forward:               0.3000              0.0833              6.4322              0.0580  
forward:               0.3500              0.0161              6.4482              0.0586  
forward:               0.4000             -0.0586              6.3897              0.0590  
forward:               0.4500             -0.1131              6.2766              0.0593  
forward:               0.5000             -0.1575              6.1191              0.0596  
forward:               0.5500             -0.2812              5.8379              0.0600  
forward:               0.6000             -0.5256              5.3123              0.0605  
forward:               0.6500             -0.7540              4.5583              0.0609  
forward:               0.7000             -0.9430              3.6154              0.0614  
forward:               0.7500             -1.0814              2.5340              0.0616  
forward:               0.8000             -1.1442              1.3898              0.0620  
forward:               0.8500             -1.1968              0.1930              0.0623  
forward:               0.9000             -1.2074             -1.0144              0.0626  
forward:               0.9500             -1.2096             -2.2240              0.0629  
forward:               1.0000             -1.2092             -3.4333              0.0630  
backward:              1.0000              0.0000             -3.4333              0.0000  
backward:              0.9500              1.1908             -2.2425              0.0075  
backward:              0.9000              1.2074             -1.0350              0.0109  
backward:              0.8500              1.1982              0.1632              0.0159  
backward:              0.8000              1.1860              1.3492              0.0177  
backward:              0.7500              1.1378              2.4870              0.0193  
backward:              0.7000              1.0861              3.5730              0.0212  
backward:              0.6500              0.9458              4.5189              0.0231  
backward:              0.6000              0.7809              5.2998              0.0244  
backward:              0.5500              0.5043              5.8041              0.0254  
backward:              0.5000              0.2800              6.0841              0.0271  
backward:              0.4500              0.1390              6.2231              0.0281  
backward:              0.4000              0.1126              6.3357              0.0290  
backward:              0.3500              0.0655              6.4012              0.0300  
backward:              0.3000             -0.0068              6.3944              0.0320  
backward:              0.2500             -0.0847              6.3098              0.0352  
backward:              0.2000             -0.2098              6.0999              0.0371  
backward:              0.1500             -0.4563              5.6436              0.0412  
backward:              0.1000             -0.8869              4.7567              0.0478  
backward:              0.0500             -1.7100              3.0467              0.0707  
backward:              0.0000             -2.9223              0.1244              0.0990  
Inaccuracy estimation
======================================================================================================
                   i        i+δi          P0_overlap_P1   δε(forward)/ε   δε(backward)/ε
======================================================================================================
inaccuracy:  0.00000        0.05000           22.12            0.20            4.20
inaccuracy:  0.05000        0.10000           31.34           -0.07            2.27
inaccuracy:  0.10000        0.15000           41.61           -0.07            1.21
inaccuracy:  0.15000        0.20000           50.53           -0.05            0.67
inaccuracy:  0.20000        0.25000           55.77           -0.06            0.43
inaccuracy:  0.25000        0.30000           60.33           -0.04            0.32
inaccuracy:  0.30000        0.35000           61.74           -0.04            0.25
inaccuracy:  0.35000        0.40000           63.94           -0.05            0.21
inaccuracy:  0.40000        0.45000           65.83           -0.04            0.18
inaccuracy:  0.45000        0.50000           66.37           -0.04            0.16
inaccuracy:  0.50000        0.55000           60.14           -0.14            0.21
inaccuracy:  0.55000        0.60000           60.84           -0.14            0.14
inaccuracy:  0.60000        0.65000           58.52           -0.20            0.12
inaccuracy:  0.65000        0.70000           60.09           -0.18            0.10
inaccuracy:  0.70000        0.75000           61.21           -0.17            0.08
inaccuracy:  0.75000        0.80000           61.40           -0.15            0.07
inaccuracy:  0.80000        0.85000           61.59           -0.15            0.07
inaccuracy:  0.85000        0.90000           60.94           -0.16            0.07
inaccuracy:  0.90000        0.95000           59.87           -0.17            0.07
inaccuracy:  0.95000        1.00000           59.81           -0.15            0.08
===================================================================================================================================
                BAR        
-----------------------------------------------------------------------------------------------------------------------------------
BAR-estimator:         λ             λ+δλ          ΔΔA             ΔA            C               Δδe            δe       
                          
-----------------------------------------------------------------------------------------------------------------------------------
BAR-estimator:      0.00000        0.05000        2.9647         2.9647         2.9647         0.0137         0.0137 
BAR-estimator:      0.05000        0.10000        1.7338         4.6985         1.7338         0.0102         0.0170 
BAR-estimator:      0.10000        0.15000        0.9176         5.6161         0.9176         0.0124         0.0211 
BAR-estimator:      0.15000        0.20000        0.4776         6.0937         0.4776         0.0074         0.0224 
BAR-estimator:      0.20000        0.25000        0.2308         6.3246         0.2308         0.0070         0.0234 
BAR-estimator:      0.25000        0.30000        0.0851         6.4097         0.0851         0.0072         0.0245 
BAR-estimator:      0.30000        0.35000        0.0116         6.4213         0.0116         0.0052         0.0250 
BAR-estimator:      0.35000        0.40000       -0.0589         6.3623        -0.0589         0.0045         0.0254 
BAR-estimator:      0.40000        0.45000       -0.1103         6.2520        -0.1103         0.0043         0.0258 
BAR-estimator:      0.45000        0.50000       -0.1523         6.0998        -0.1523         0.0039         0.0261 
BAR-estimator:      0.50000        0.55000       -0.2828         5.8170        -0.2828         0.0045         0.0265 
BAR-estimator:      0.55000        0.60000       -0.5164         5.3006        -0.5164         0.0045         0.0269 
BAR-estimator:      0.60000        0.65000       -0.7668         4.5338        -0.7668         0.0042         0.0272 
BAR-estimator:      0.65000        0.70000       -0.9434         3.5904        -0.9434         0.0050         0.0276 
BAR-estimator:      0.70000        0.75000       -1.0849         2.5055        -1.0849         0.0044         0.0280 
BAR-estimator:      0.75000        0.80000       -1.1411         1.3644        -1.1411         0.0044         0.0283 
BAR-estimator:      0.80000        0.85000       -1.1921         0.1723        -1.1921         0.0049         0.0288 
BAR-estimator:      0.85000        0.90000       -1.2024        -1.0301        -1.2024         0.0042         0.0291 
BAR-estimator:      0.90000        0.95000       -1.2100        -2.2401        -1.2100         0.0046         0.0294 
BAR-estimator:      0.95000        1.00000       -1.2039        -3.4440        -1.2039         0.0040         0.0297 
BAR-estimator: total free energy change is -3.444001128666514 , total error is 0.02969386728098466
