#========================================================================================
#                     Free energy perturbation    
#----------------------------------------------------------------------------------------
#forward/backward          λ              ΔΔA                 ΔA                  δε   
#                                                 
#----------------------------------------------------------------------------------------
forward:               0.0000              0.0000              0.0000              0.0000  
forward:               0.0500              1.6620              1.6620              0.0098  
forward:               0.1000              0.8076              2.4696              0.0174  
forward:               0.1500              0.3754              2.8450              0.0200  
forward:               0.2000              0.1426              2.9876              0.0213  
forward:               0.2500              0.0301              3.0176              0.0221  
forward:               0.3000             -0.0503              2.9673              0.0227  
forward:               0.3500             -0.1021              2.8652              0.0232  
forward:               0.4000             -0.1295              2.7357              0.0237  
forward:               0.4500             -0.1610              2.5747              0.0241  
forward:               0.5000             -0.1944              2.3803              0.0244  
forward:               0.5500             -0.5395              1.8408              0.0257  
forward:               0.6000             -1.0778              0.7630              0.0272  
forward:               0.6500             -1.5745             -0.8115              0.0286  
forward:               0.7000             -1.9722             -2.7837              0.0302  
forward:               0.7500             -2.2058             -4.9895              0.0313  
forward:               0.8000             -2.3457             -7.3352              0.0323  
forward:               0.8500             -2.3638             -9.6990              0.0332  
forward:               0.9000             -2.3517            -12.0507              0.0338  
forward:               0.9500             -2.3264            -14.3771              0.0339  
forward:               1.0000             -2.2813            -16.6584              0.0343  
backward:              1.0000              0.0000            -16.6584              0.0000  
backward:              0.9500              2.2743            -14.3841              0.0098  
backward:              0.9000              2.3339            -12.0502              0.0131  
backward:              0.8500              2.3509             -9.6993              0.0160  
backward:              0.8000              2.3600             -7.3393              0.0178  
backward:              0.7500              2.3376             -5.0018              0.0199  
backward:              0.7000              2.2096             -2.7921              0.0224  
backward:              0.6500              1.9710             -0.8212              0.0245  
backward:              0.6000              1.5523              0.7311              0.0268  
backward:              0.5500              1.0806              1.8117              0.0279  
backward:              0.5000              0.5366              2.3483              0.0290  
backward:              0.4500              0.1910              2.5392              0.0296  
backward:              0.4000              0.1619              2.7011              0.0301  
backward:              0.3500              0.1272              2.8282              0.0306  
backward:              0.3000              0.0878              2.9161              0.0311  
backward:              0.2500              0.0354              2.9515              0.0319  
backward:              0.2000             -0.0352              2.9162              0.0327  
backward:              0.1500             -0.1535              2.7627              0.0340  
backward:              0.1000             -0.3711              2.3916              0.0382  
backward:              0.0500             -0.8577              1.5339              0.0601  
backward:              0.0000             -1.6318             -0.0979              0.0779  
Inaccuracy estimation
======================================================================================================
                   i        i+δi          P0_overlap_P1   δε(forward)/ε   δε(backward)/ε
======================================================================================================
inaccuracy:  0.00000        0.05000           33.37           -0.04            2.00
inaccuracy:  0.05000        0.10000           46.20           -0.03            1.02
inaccuracy:  0.10000        0.15000           57.76           -0.02            0.49
inaccuracy:  0.15000        0.20000           66.22           -0.02            0.26
inaccuracy:  0.20000        0.25000           70.70           -0.02            0.16
inaccuracy:  0.25000        0.30000           73.43           -0.02            0.12
inaccuracy:  0.30000        0.35000           75.34           -0.02            0.10
inaccuracy:  0.35000        0.40000           74.90           -0.01            0.09
inaccuracy:  0.40000        0.45000           76.01           -0.02            0.08
inaccuracy:  0.45000        0.50000           77.38           -0.02            0.07
inaccuracy:  0.50000        0.55000           57.35           -0.19            0.18
inaccuracy:  0.55000        0.60000           57.92           -0.28            0.07
inaccuracy:  0.60000        0.65000           58.18           -0.34            0.00
inaccuracy:  0.65000        0.70000           57.97           -0.33           -0.05
inaccuracy:  0.70000        0.75000           58.81           -0.35           -0.08
inaccuracy:  0.75000        0.80000           58.89           -0.30           -0.08
inaccuracy:  0.80000        0.85000           58.90           -0.33           -0.10
inaccuracy:  0.85000        0.90000           58.12           -0.30           -0.08
inaccuracy:  0.90000        0.95000           56.63           -0.32           -0.08
inaccuracy:  0.95000        1.00000           56.71           -0.28           -0.07
===================================================================================================================================
                BAR        
-----------------------------------------------------------------------------------------------------------------------------------
BAR-estimator:         λ             λ+δλ          ΔΔA             ΔA            C               Δδe            δe       
                          
-----------------------------------------------------------------------------------------------------------------------------------
BAR-estimator:      0.00000        0.05000        1.6520         1.6520         1.6520         0.0125         0.0125 
BAR-estimator:      0.05000        0.10000        0.8013         2.4534         0.8013         0.0040         0.0132 
BAR-estimator:      0.10000        0.15000        0.3719         2.8253         0.3719         0.0069         0.0148 
BAR-estimator:      0.15000        0.20000        0.1481         2.9733         0.1481         0.0050         0.0157 
BAR-estimator:      0.20000        0.25000        0.0313         3.0046         0.0313         0.0041         0.0162 
BAR-estimator:      0.25000        0.30000       -0.0461         2.9586        -0.0461         0.0041         0.0167 
BAR-estimator:      0.30000        0.35000       -0.0966         2.8619        -0.0966         0.0035         0.0171 
BAR-estimator:      0.35000        0.40000       -0.1289         2.7330        -0.1289         0.0037         0.0175 
BAR-estimator:      0.40000        0.45000       -0.1606         2.5725        -0.1606         0.0032         0.0178 
BAR-estimator:      0.45000        0.50000       -0.1945         2.3780        -0.1945         0.0027         0.0180 
BAR-estimator:      0.50000        0.55000       -0.5360         1.8419        -0.5360         0.0045         0.0185 
BAR-estimator:      0.55000        0.60000       -1.0783         0.7637        -1.0783         0.0051         0.0192 
BAR-estimator:      0.60000        0.65000       -1.5645        -0.8009        -1.5645         0.0054         0.0200 
BAR-estimator:      0.65000        0.70000       -1.9715        -2.7724        -1.9715         0.0055         0.0207 
BAR-estimator:      0.70000        0.75000       -2.2099        -4.9824        -2.2099         0.0053         0.0214 
BAR-estimator:      0.75000        0.80000       -2.3431        -7.3255        -2.3431         0.0053         0.0220 
BAR-estimator:      0.80000        0.85000       -2.3619        -9.6874        -2.3619         0.0048         0.0225 
BAR-estimator:      0.85000        0.90000       -2.3501       -12.0374        -2.3501         0.0047         0.0230 
BAR-estimator:      0.90000        0.95000       -2.3254       -14.3628        -2.3254         0.0051         0.0236 
BAR-estimator:      0.95000        1.00000       -2.2731       -16.6359        -2.2731         0.0051         0.0241 
BAR-estimator: total free energy change is -16.63592464262244 , total error is 0.024134581672825024
