#========================================================================================
#                     Free energy perturbation    
#----------------------------------------------------------------------------------------
#forward/backward          λ              ΔΔA                 ΔA                  δε   
#                                                 
#----------------------------------------------------------------------------------------
forward:               0.0000              0.0000              0.0000              0.0000  
forward:               0.0500              1.5246              1.5246              0.0254  
forward:               0.1000              0.7935              2.3181              0.0323  
forward:               0.1500              0.3606              2.6787              0.0338  
forward:               0.2000              0.1648              2.8436              0.0347  
forward:               0.2500              0.0783              2.9218              0.0354  
forward:               0.3000              0.0168              2.9386              0.0359  
forward:               0.3500             -0.0206              2.9181              0.0363  
forward:               0.4000             -0.0553              2.8628              0.0367  
forward:               0.4500             -0.0622              2.8006              0.0370  
forward:               0.5000             -0.0873              2.7133              0.0372  
forward:               0.5500             -0.1356              2.5777              0.0377  
forward:               0.6000             -0.2852              2.2925              0.0386  
forward:               0.6500             -0.5298              1.7626              0.0398  
forward:               0.7000             -0.7207              1.0419              0.0407  
forward:               0.7500             -0.8171              0.2248              0.0414  
forward:               0.8000             -0.8252             -0.6004              0.0417  
forward:               0.8500             -0.7910             -1.3914              0.0420  
forward:               0.9000             -0.7519             -2.1433              0.0421  
forward:               0.9500             -0.6969             -2.8402              0.0423  
forward:               1.0000             -0.6718             -3.5120              0.0425  
backward:              1.0000              0.0000             -3.5120              0.0000  
backward:              0.9500              0.6780             -2.8339              0.0052  
backward:              0.9000              0.7037             -2.1302              0.0074  
backward:              0.8500              0.7430             -1.3872              0.0093  
backward:              0.8000              0.7888             -0.5984              0.0107  
backward:              0.7500              0.8271              0.2287              0.0127  
backward:              0.7000              0.8122              1.0409              0.0147  
backward:              0.6500              0.7176              1.7584              0.0178  
backward:              0.6000              0.5124              2.2708              0.0206  
backward:              0.5500              0.3083              2.5791              0.0220  
backward:              0.5000              0.1256              2.7048              0.0230  
backward:              0.4500              0.0792              2.7840              0.0237  
backward:              0.4000              0.0696              2.8536              0.0243  
backward:              0.3500              0.0513              2.9049              0.0249  
backward:              0.3000              0.0248              2.9297              0.0256  
backward:              0.2500             -0.0259              2.9038              0.0268  
backward:              0.2000             -0.0810              2.8228              0.0279  
backward:              0.1500             -0.1478              2.6749              0.0293  
backward:              0.1000             -0.3651              2.3099              0.0325  
backward:              0.0500             -0.8105              1.4994              0.0476  
backward:              0.0000             -1.5790             -0.0796              0.0845  
Inaccuracy estimation
======================================================================================================
                   i        i+δi          P0_overlap_P1   δε(forward)/ε   δε(backward)/ε
======================================================================================================
inaccuracy:  0.00000        0.05000           36.77           -0.05            1.56
inaccuracy:  0.05000        0.10000           46.49           -0.04            0.99
inaccuracy:  0.10000        0.15000           59.02           -0.02            0.49
inaccuracy:  0.15000        0.20000           65.17           -0.02            0.27
inaccuracy:  0.20000        0.25000           69.56           -0.02            0.18
inaccuracy:  0.25000        0.30000           71.40           -0.01            0.15
inaccuracy:  0.30000        0.35000           72.01           -0.01            0.13
inaccuracy:  0.35000        0.40000           73.37           -0.01            0.12
inaccuracy:  0.40000        0.45000           72.77           -0.02            0.12
inaccuracy:  0.45000        0.50000           74.02           -0.01            0.10
inaccuracy:  0.50000        0.55000           70.19           -0.07            0.12
inaccuracy:  0.55000        0.60000           65.57           -0.11            0.11
inaccuracy:  0.60000        0.65000           65.01           -0.10            0.09
inaccuracy:  0.65000        0.70000           65.43           -0.07            0.08
inaccuracy:  0.70000        0.75000           68.36           -0.07            0.06
inaccuracy:  0.75000        0.80000           69.21           -0.07            0.06
inaccuracy:  0.80000        0.85000           70.16           -0.05            0.06
inaccuracy:  0.85000        0.90000           69.89           -0.05            0.07
inaccuracy:  0.90000        0.95000           68.08           -0.06            0.08
inaccuracy:  0.95000        1.00000           68.09           -0.07            0.08
===================================================================================================================================
                BAR        
-----------------------------------------------------------------------------------------------------------------------------------
BAR-estimator:         λ             λ+δλ          ΔΔA             ΔA            C               Δδe            δe       
                          
-----------------------------------------------------------------------------------------------------------------------------------
BAR-estimator:      0.00000        0.05000        1.5262         1.5262         1.5262         0.0115         0.0115 
BAR-estimator:      0.05000        0.10000        0.7865         2.3127         0.7865         0.0124         0.0169 
BAR-estimator:      0.10000        0.15000        0.3625         2.6752         0.3625         0.0065         0.0181 
BAR-estimator:      0.15000        0.20000        0.1635         2.8387         0.1635         0.0061         0.0191 
BAR-estimator:      0.20000        0.25000        0.0810         2.9196         0.0810         0.0046         0.0196 
BAR-estimator:      0.25000        0.30000        0.0205         2.9401         0.0205         0.0044         0.0201 
BAR-estimator:      0.30000        0.35000       -0.0202         2.9200        -0.0202         0.0045         0.0206 
BAR-estimator:      0.35000        0.40000       -0.0523         2.8677        -0.0523         0.0042         0.0210 
BAR-estimator:      0.40000        0.45000       -0.0649         2.8028        -0.0649         0.0037         0.0214 
BAR-estimator:      0.45000        0.50000       -0.0851         2.7177        -0.0851         0.0033         0.0216 
BAR-estimator:      0.50000        0.55000       -0.1304         2.5873        -0.1304         0.0039         0.0220 
BAR-estimator:      0.55000        0.60000       -0.2983         2.2890        -0.2983         0.0041         0.0223 
BAR-estimator:      0.60000        0.65000       -0.5207         1.7683        -0.5207         0.0051         0.0229 
BAR-estimator:      0.65000        0.70000       -0.7171         1.0511        -0.7171         0.0052         0.0235 
BAR-estimator:      0.70000        0.75000       -0.8131         0.2380        -0.8131         0.0049         0.0240 
BAR-estimator:      0.75000        0.80000       -0.8288        -0.5908        -0.8288         0.0038         0.0243 
BAR-estimator:      0.80000        0.85000       -0.7887        -1.3795        -0.7887         0.0036         0.0246 
BAR-estimator:      0.85000        0.90000       -0.7472        -2.1268        -0.7472         0.0037         0.0248 
BAR-estimator:      0.90000        0.95000       -0.6992        -2.8260        -0.6992         0.0038         0.0251 
BAR-estimator:      0.95000        1.00000       -0.6705        -3.4965        -0.6705         0.0038         0.0254 
BAR-estimator: total free energy change is -3.496526104141067 , total error is 0.02540997547312835
