#========================================================================================
#                     Free energy perturbation    
#----------------------------------------------------------------------------------------
#forward/backward          λ              ΔΔA                 ΔA                  δε   
#                                                 
#----------------------------------------------------------------------------------------
forward:               0.0000              0.0000              0.0000              0.0000  
forward:               0.0500              1.6486              1.6486              0.0224  
forward:               0.1000              0.9886              2.6372              0.0286  
forward:               0.1500              0.6071              3.2444              0.0307  
forward:               0.2000              0.3785              3.6228              0.0322  
forward:               0.2500              0.2363              3.8591              0.0332  
forward:               0.3000              0.1472              4.0063              0.0351  
forward:               0.3500              0.0939              4.1001              0.0357  
forward:               0.4000              0.0535              4.1537              0.0364  
forward:               0.4500              0.0243              4.1780              0.0367  
forward:               0.5000              0.0053              4.1833              0.0371  
forward:               0.5500             -0.0222              4.1610              0.0374  
forward:               0.6000             -0.0328              4.1283              0.0376  
forward:               0.6500             -0.0489              4.0794              0.0379  
forward:               0.7000             -0.0707              4.0086              0.0381  
forward:               0.7500             -0.0762              3.9324              0.0384  
forward:               0.8000             -0.0804              3.8520              0.0386  
forward:               0.8500             -0.0910              3.7610              0.0389  
forward:               0.9000             -0.0972              3.6638              0.0390  
forward:               0.9500             -0.1114              3.5524              0.0392  
forward:               1.0000             -0.1137              3.4386              0.0394  
backward:              1.0000              0.0000              3.4386              0.0000  
backward:              0.9500              0.1197              3.5583              0.0048  
backward:              0.9000              0.1028              3.6611              0.0067  
backward:              0.8500              0.0916              3.7527              0.0082  
backward:              0.8000              0.0928              3.8456              0.0095  
backward:              0.7500              0.0823              3.9278              0.0109  
backward:              0.7000              0.0674              3.9952              0.0120  
backward:              0.6500              0.0690              4.0641              0.0132  
backward:              0.6000              0.0475              4.1117              0.0146  
backward:              0.5500              0.0355              4.1472              0.0158  
backward:              0.5000              0.0093              4.1564              0.0172  
backward:              0.4500              0.0055              4.1619              0.0182  
backward:              0.4000             -0.0171              4.1448              0.0193  
backward:              0.3500             -0.0681              4.0767              0.0210  
backward:              0.3000             -0.1038              3.9729              0.0222  
backward:              0.2500             -0.1403              3.8326              0.0240  
backward:              0.2000             -0.2687              3.5638              0.0392  
backward:              0.1500             -0.3552              3.2086              0.0416  
backward:              0.1000             -0.5960              2.6126              0.0468  
backward:              0.0500             -0.9786              1.6340              0.0600  
backward:              0.0000             -1.6160              0.0180              0.0729  
Inaccuracy estimation
======================================================================================================
                   i        i+δi          P0_overlap_P1   δε(forward)/ε   δε(backward)/ε
======================================================================================================
inaccuracy:  0.00000        0.05000           36.99           -0.03            1.79
inaccuracy:  0.05000        0.10000           45.75           -0.04            1.10
inaccuracy:  0.10000        0.15000           53.77           -0.03            0.60
inaccuracy:  0.15000        0.20000           59.49           -0.03            0.39
inaccuracy:  0.20000        0.25000           64.73           -0.02            0.27
inaccuracy:  0.25000        0.30000           66.83           -0.02            0.22
inaccuracy:  0.30000        0.35000           69.28           -0.02            0.18
inaccuracy:  0.35000        0.40000           70.56           -0.02            0.16
inaccuracy:  0.40000        0.45000           69.94           -0.02            0.15
inaccuracy:  0.45000        0.50000           70.25           -0.02            0.14
inaccuracy:  0.50000        0.55000           72.22           -0.02            0.13
inaccuracy:  0.55000        0.60000           71.07           -0.02            0.13
inaccuracy:  0.60000        0.65000           71.70           -0.02            0.13
inaccuracy:  0.65000        0.70000           71.89           -0.02            0.11
inaccuracy:  0.70000        0.75000           72.98           -0.02            0.11
inaccuracy:  0.75000        0.80000           71.32           -0.02            0.11
inaccuracy:  0.80000        0.85000           72.22           -0.02            0.11
inaccuracy:  0.85000        0.90000           72.64           -0.02            0.11
inaccuracy:  0.90000        0.95000           72.58           -0.02            0.11
inaccuracy:  0.95000        1.00000           71.22           -0.03            0.11
===================================================================================================================================
                BAR        
-----------------------------------------------------------------------------------------------------------------------------------
BAR-estimator:         λ             λ+δλ          ΔΔA             ΔA            C               Δδe            δe       
                          
-----------------------------------------------------------------------------------------------------------------------------------
BAR-estimator:      0.00000        0.05000        1.6299         1.6299         1.6299         0.0123         0.0123 
BAR-estimator:      0.05000        0.10000        0.9977         2.6276         0.9977         0.0099         0.0157 
BAR-estimator:      0.10000        0.15000        0.6002         3.2278         0.6002         0.0075         0.0174 
BAR-estimator:      0.15000        0.20000        0.3701         3.5979         0.3701         0.0070         0.0188 
BAR-estimator:      0.20000        0.25000        0.2370         3.8349         0.2370         0.0052         0.0195 
BAR-estimator:      0.25000        0.30000        0.1467         3.9816         0.1467         0.0068         0.0206 
BAR-estimator:      0.30000        0.35000        0.0989         4.0805         0.0989         0.0046         0.0211 
BAR-estimator:      0.35000        0.40000        0.0569         4.1374         0.0569         0.0041         0.0215 
BAR-estimator:      0.40000        0.45000        0.0204         4.1578         0.0204         0.0040         0.0219 
BAR-estimator:      0.45000        0.50000        0.0006         4.1584         0.0006         0.0035         0.0222 
BAR-estimator:      0.50000        0.55000       -0.0185         4.1399        -0.0185         0.0035         0.0225 
BAR-estimator:      0.55000        0.60000       -0.0326         4.1073        -0.0326         0.0032         0.0227 
BAR-estimator:      0.60000        0.65000       -0.0492         4.0581        -0.0492         0.0035         0.0230 
BAR-estimator:      0.65000        0.70000       -0.0716         3.9865        -0.0716         0.0031         0.0232 
BAR-estimator:      0.70000        0.75000       -0.0725         3.9140        -0.0725         0.0034         0.0234 
BAR-estimator:      0.75000        0.80000       -0.0833         3.8307        -0.0833         0.0032         0.0236 
BAR-estimator:      0.80000        0.85000       -0.0896         3.7411        -0.0896         0.0033         0.0238 
BAR-estimator:      0.85000        0.90000       -0.0948         3.6463        -0.0948         0.0033         0.0241 
BAR-estimator:      0.90000        0.95000       -0.1077         3.5386        -0.1077         0.0035         0.0243 
BAR-estimator:      0.95000        1.00000       -0.1151         3.4235        -0.1151         0.0033         0.0245 
BAR-estimator: total free energy change is 3.4234990514211336 , total error is 0.02453488882242369
