#========================================================================================
#                     Free energy perturbation    
#----------------------------------------------------------------------------------------
#forward/backward          λ              ΔΔA                 ΔA                  δε   
#                                                 
#----------------------------------------------------------------------------------------
forward:               0.0000              0.0000              0.0000              0.0000  
forward:               0.0500              1.7467              1.7467              0.0271  
forward:               0.1000              0.9075              2.6542              0.0321  
forward:               0.1500              0.4432              3.0973              0.0339  
forward:               0.2000              0.2391              3.3364              0.0350  
forward:               0.2500              0.1314              3.4678              0.0359  
forward:               0.3000              0.0474              3.5152              0.0363  
forward:               0.3500              0.0034              3.5186              0.0367  
forward:               0.4000             -0.0349              3.4838              0.0372  
forward:               0.4500             -0.0682              3.4155              0.0374  
forward:               0.5000             -0.0931              3.3225              0.0377  
forward:               0.5500             -0.2281              3.0944              0.0381  
forward:               0.6000             -0.5106              2.5838              0.0388  
forward:               0.6500             -0.7126              1.8712              0.0399  
forward:               0.7000             -0.9138              0.9574              0.0406  
forward:               0.7500             -1.0109             -0.0534              0.0412  
forward:               0.8000             -1.0792             -1.1326              0.0418  
forward:               0.8500             -1.0849             -2.2176              0.0421  
forward:               0.9000             -1.0743             -3.2919              0.0425  
forward:               0.9500             -1.0533             -4.3451              0.0428  
forward:               1.0000             -1.0435             -5.3886              0.0430  
backward:              1.0000              0.0000             -5.3886              0.0000  
backward:              0.9500              1.0495             -4.3391              0.0066  
backward:              0.9000              1.0571             -3.2820              0.0089  
backward:              0.8500              1.0769             -2.2051              0.0112  
backward:              0.8000              1.0641             -1.1410              0.0148  
backward:              0.7500              1.0618             -0.0792              0.0163  
backward:              0.7000              1.0168              0.9376              0.0177  
backward:              0.6500              0.8963              1.8339              0.0203  
backward:              0.6000              0.7230              2.5569              0.0214  
backward:              0.5500              0.5134              3.0703              0.0219  
backward:              0.5000              0.2319              3.3022              0.0231  
backward:              0.4500              0.0905              3.3927              0.0236  
backward:              0.4000              0.0649              3.4576              0.0242  
backward:              0.3500              0.0294              3.4870              0.0250  
backward:              0.3000             -0.0142              3.4728              0.0258  
backward:              0.2500             -0.0488              3.4240              0.0269  
backward:              0.2000             -0.1266              3.2974              0.0281  
backward:              0.1500             -0.2485              3.0489              0.0303  
backward:              0.1000             -0.4622              2.5868              0.0327  
backward:              0.0500             -0.9389              1.6478              0.0598  
backward:              0.0000             -1.6849             -0.0371              0.0682  
Inaccuracy estimation
======================================================================================================
                   i        i+δi          P0_overlap_P1   δε(forward)/ε   δε(backward)/ε
======================================================================================================
inaccuracy:  0.00000        0.05000           34.51           -0.03            1.96
inaccuracy:  0.05000        0.10000           45.87           -0.03            1.07
inaccuracy:  0.10000        0.15000           59.99           -0.02            0.48
inaccuracy:  0.15000        0.20000           66.13           -0.02            0.28
inaccuracy:  0.20000        0.25000           68.80           -0.02            0.20
inaccuracy:  0.25000        0.30000           71.74           -0.01            0.14
inaccuracy:  0.30000        0.35000           73.67           -0.01            0.12
inaccuracy:  0.35000        0.40000           74.43           -0.01            0.10
inaccuracy:  0.40000        0.45000           75.81           -0.01            0.09
inaccuracy:  0.45000        0.50000           75.48           -0.01            0.08
inaccuracy:  0.50000        0.55000           64.53           -0.08            0.16
inaccuracy:  0.55000        0.60000           66.58           -0.10            0.09
inaccuracy:  0.60000        0.65000           66.11           -0.13            0.06
inaccuracy:  0.65000        0.70000           67.57           -0.13            0.04
inaccuracy:  0.70000        0.75000           66.73           -0.13            0.04
inaccuracy:  0.75000        0.80000           67.89           -0.10            0.04
inaccuracy:  0.80000        0.85000           67.65           -0.10            0.04
inaccuracy:  0.85000        0.90000           65.92           -0.11            0.05
inaccuracy:  0.90000        0.95000           65.69           -0.12            0.06
inaccuracy:  0.95000        1.00000           64.82           -0.12            0.07
===================================================================================================================================
                BAR        
-----------------------------------------------------------------------------------------------------------------------------------
BAR-estimator:         λ             λ+δλ          ΔΔA             ΔA            C               Δδe            δe       
                          
-----------------------------------------------------------------------------------------------------------------------------------
BAR-estimator:      0.00000        0.05000        1.7226         1.7226         1.7226         0.0125         0.0125 
BAR-estimator:      0.05000        0.10000        0.9049         2.6275         0.9049         0.0104         0.0163 
BAR-estimator:      0.10000        0.15000        0.4543         3.0818         0.4543         0.0071         0.0177 
BAR-estimator:      0.15000        0.20000        0.2408         3.3227         0.2408         0.0051         0.0185 
BAR-estimator:      0.20000        0.25000        0.1311         3.4538         0.1311         0.0053         0.0192 
BAR-estimator:      0.25000        0.30000        0.0479         3.5016         0.0479         0.0041         0.0196 
BAR-estimator:      0.30000        0.35000        0.0052         3.5068         0.0052         0.0041         0.0200 
BAR-estimator:      0.35000        0.40000       -0.0329         3.4739        -0.0329         0.0042         0.0205 
BAR-estimator:      0.40000        0.45000       -0.0666         3.4073        -0.0666         0.0033         0.0207 
BAR-estimator:      0.45000        0.50000       -0.0932         3.3141        -0.0932         0.0029         0.0209 
BAR-estimator:      0.50000        0.55000       -0.2285         3.0856        -0.2285         0.0037         0.0213 
BAR-estimator:      0.55000        0.60000       -0.5065         2.5792        -0.5065         0.0045         0.0217 
BAR-estimator:      0.60000        0.65000       -0.7175         1.8617        -0.7175         0.0049         0.0223 
BAR-estimator:      0.65000        0.70000       -0.9055         0.9562        -0.9055         0.0044         0.0227 
BAR-estimator:      0.70000        0.75000       -1.0148        -0.0587        -1.0148         0.0043         0.0231 
BAR-estimator:      0.75000        0.80000       -1.0737        -1.1324        -1.0737         0.0045         0.0236 
BAR-estimator:      0.80000        0.85000       -1.0783        -2.2107        -1.0783         0.0037         0.0239 
BAR-estimator:      0.85000        0.90000       -1.0763        -3.2870        -1.0763         0.0040         0.0242 
BAR-estimator:      0.90000        0.95000       -1.0565        -4.3434        -1.0565         0.0038         0.0245 
BAR-estimator:      0.95000        1.00000       -1.0464        -5.3898        -1.0464         0.0045         0.0249 
BAR-estimator: total free energy change is -5.389820659712606 , total error is 0.024902112863683483
