#========================================================================================
#                     Free energy perturbation    
#----------------------------------------------------------------------------------------
#forward/backward          λ              ΔΔA                 ΔA                  δε   
#                                                 
#----------------------------------------------------------------------------------------
forward:               0.0000              0.0000              0.0000              0.0000  
forward:               0.0500              1.6894              1.6894              0.0261  
forward:               0.1000              1.0235              2.7129              0.0316  
forward:               0.1500              0.6159              3.3288              0.0343  
forward:               0.2000              0.3454              3.6742              0.0357  
forward:               0.2500              0.2263              3.9005              0.0366  
forward:               0.3000              0.1283              4.0288              0.0373  
forward:               0.3500              0.0770              4.1058              0.0379  
forward:               0.4000              0.0253              4.1311              0.0384  
forward:               0.4500             -0.0101              4.1211              0.0386  
forward:               0.5000             -0.0433              4.0778              0.0387  
forward:               0.5500             -0.1459              3.9319              0.0392  
forward:               0.6000             -0.3255              3.6063              0.0397  
forward:               0.6500             -0.4737              3.1326              0.0402  
forward:               0.7000             -0.6245              2.5081              0.0407  
forward:               0.7500             -0.7225              1.7856              0.0411  
forward:               0.8000             -0.7848              1.0009              0.0414  
forward:               0.8500             -0.8248              0.1761              0.0417  
forward:               0.9000             -0.8507             -0.6746              0.0421  
forward:               0.9500             -0.8632             -1.5378              0.0423  
forward:               1.0000             -0.8723             -2.4101              0.0426  
backward:              1.0000              0.0000             -2.4101              0.0000  
backward:              0.9500              0.8825             -1.5276              0.0079  
backward:              0.9000              0.8635             -0.6640              0.0105  
backward:              0.8500              0.8511              0.1871              0.0122  
backward:              0.8000              0.8151              1.0022              0.0134  
backward:              0.7500              0.7838              1.7860              0.0153  
backward:              0.7000              0.7261              2.5121              0.0166  
backward:              0.6500              0.6317              3.1438              0.0182  
backward:              0.6000              0.4754              3.6193              0.0198  
backward:              0.5500              0.2967              3.9160              0.0209  
backward:              0.5000              0.1412              4.0572              0.0223  
backward:              0.4500              0.0226              4.0798              0.0233  
backward:              0.4000              0.0057              4.0855              0.0240  
backward:              0.3500             -0.0191              4.0664              0.0250  
backward:              0.3000             -0.0599              4.0065              0.0259  
backward:              0.2500             -0.1259              3.8806              0.0295  
backward:              0.2000             -0.2518              3.6289              0.0336  
backward:              0.1500             -0.3735              3.2553              0.0370  
backward:              0.1000             -0.5947              2.6606              0.0404  
backward:              0.0500             -1.0100              1.6506              0.0466  
backward:              0.0000             -1.8075             -0.1569              0.1227  
Inaccuracy estimation
======================================================================================================
                   i        i+δi          P0_overlap_P1   δε(forward)/ε   δε(backward)/ε
======================================================================================================
inaccuracy:  0.00000        0.05000           36.21           -0.03            1.78
inaccuracy:  0.05000        0.10000           45.57           -0.04            1.11
inaccuracy:  0.10000        0.15000           52.87           -0.04            0.66
inaccuracy:  0.15000        0.20000           61.25           -0.02            0.39
inaccuracy:  0.20000        0.25000           65.01           -0.02            0.26
inaccuracy:  0.25000        0.30000           66.60           -0.02            0.22
inaccuracy:  0.30000        0.35000           67.16           -0.03            0.18
inaccuracy:  0.35000        0.40000           69.38           -0.02            0.15
inaccuracy:  0.40000        0.45000           70.70           -0.02            0.14
inaccuracy:  0.45000        0.50000           72.53           -0.02            0.13
inaccuracy:  0.50000        0.55000           65.99           -0.07            0.15
inaccuracy:  0.55000        0.60000           66.84           -0.08            0.11
inaccuracy:  0.60000        0.65000           65.52           -0.09            0.11
inaccuracy:  0.65000        0.70000           65.86           -0.09            0.09
inaccuracy:  0.70000        0.75000           66.28           -0.09            0.08
inaccuracy:  0.75000        0.80000           66.42           -0.10            0.07
inaccuracy:  0.80000        0.85000           67.40           -0.09            0.07
inaccuracy:  0.85000        0.90000           66.18           -0.08            0.07
inaccuracy:  0.90000        0.95000           65.89           -0.10            0.07
inaccuracy:  0.95000        1.00000           64.72           -0.11            0.08
===================================================================================================================================
                BAR        
-----------------------------------------------------------------------------------------------------------------------------------
BAR-estimator:         λ             λ+δλ          ΔΔA             ΔA            C               Δδe            δe       
                          
-----------------------------------------------------------------------------------------------------------------------------------
BAR-estimator:      0.00000        0.05000        1.6968         1.6968         1.6968         0.0123         0.0123 
BAR-estimator:      0.05000        0.10000        1.0326         2.7294         1.0326         0.0100         0.0159 
BAR-estimator:      0.10000        0.15000        0.6197         3.3491         0.6197         0.0086         0.0180 
BAR-estimator:      0.15000        0.20000        0.3543         3.7034         0.3543         0.0062         0.0191 
BAR-estimator:      0.20000        0.25000        0.2283         3.9318         0.2283         0.0053         0.0198 
BAR-estimator:      0.25000        0.30000        0.1298         4.0616         0.1298         0.0046         0.0203 
BAR-estimator:      0.30000        0.35000        0.0715         4.1331         0.0715         0.0046         0.0209 
BAR-estimator:      0.35000        0.40000        0.0244         4.1575         0.0244         0.0039         0.0212 
BAR-estimator:      0.40000        0.45000       -0.0086         4.1488        -0.0086         0.0037         0.0215 
BAR-estimator:      0.45000        0.50000       -0.0358         4.1130        -0.0358         0.0035         0.0218 
BAR-estimator:      0.50000        0.55000       -0.1410         3.9720        -0.1410         0.0041         0.0222 
BAR-estimator:      0.55000        0.60000       -0.3161         3.6559        -0.3161         0.0039         0.0225 
BAR-estimator:      0.60000        0.65000       -0.4729         3.1829        -0.4729         0.0041         0.0229 
BAR-estimator:      0.65000        0.70000       -0.6246         2.5583        -0.6246         0.0041         0.0233 
BAR-estimator:      0.70000        0.75000       -0.7244         1.8339        -0.7244         0.0041         0.0236 
BAR-estimator:      0.75000        0.80000       -0.7885         1.0455        -0.7885         0.0038         0.0239 
BAR-estimator:      0.80000        0.85000       -0.8222         0.2233        -0.8222         0.0039         0.0242 
BAR-estimator:      0.85000        0.90000       -0.8481        -0.6248        -0.8481         0.0041         0.0246 
BAR-estimator:      0.90000        0.95000       -0.8661        -1.4909        -0.8661         0.0038         0.0249 
BAR-estimator:      0.95000        1.00000       -0.8756        -2.3665        -0.8756         0.0041         0.0252 
BAR-estimator: total free energy change is -2.3665387400423805 , total error is 0.025214007829901013
