#========================================================================================
#                     Free energy perturbation    
#----------------------------------------------------------------------------------------
#forward/backward          λ              ΔΔA                 ΔA                  δε   
#                                                 
#----------------------------------------------------------------------------------------
forward:               0.0000              0.0000              0.0000              0.0000  
forward:               0.0500              3.1617              3.1617              0.0440  
forward:               0.1000              1.6547              4.8164              0.0524  
forward:               0.1500              0.7838              5.6002              0.0554  
forward:               0.2000              0.3584              5.9587              0.0568  
forward:               0.2500              0.1455              6.1042              0.0576  
forward:               0.3000              0.0155              6.1197              0.0585  
forward:               0.3500             -0.0961              6.0236              0.0589  
forward:               0.4000             -0.1641              5.8595              0.0591  
forward:               0.4500             -0.2011              5.6583              0.0595  
forward:               0.5000             -0.2484              5.4099              0.0598  
forward:               0.5500             -0.5103              4.8996              0.0603  
forward:               0.6000             -0.9416              3.9580              0.0610  
forward:               0.6500             -1.3156              2.6424              0.0620  
forward:               0.7000             -1.6040              1.0384              0.0630  
forward:               0.7500             -1.7743             -0.7359              0.0638  
forward:               0.8000             -1.8485             -2.5844              0.0645  
forward:               0.8500             -1.8456             -4.4300              0.0653  
forward:               0.9000             -1.8117             -6.2418              0.0657  
forward:               0.9500             -1.7842             -8.0260              0.0661  
forward:               1.0000             -1.7339             -9.7599              0.0662  
backward:              1.0000              0.0000             -9.7599              0.0000  
backward:              0.9500              1.7251             -8.0348              0.0092  
backward:              0.9000              1.7693             -6.2655              0.0144  
backward:              0.8500              1.7912             -4.4743              0.0182  
backward:              0.8000              1.8457             -2.6286              0.0218  
backward:              0.7500              1.8540             -0.7746              0.0238  
backward:              0.7000              1.7660              0.9915              0.0282  
backward:              0.6500              1.6118              2.6032              0.0307  
backward:              0.6000              1.3304              3.9336              0.0324  
backward:              0.5500              0.9319              4.8655              0.0340  
backward:              0.5000              0.5091              5.3745              0.0356  
backward:              0.4500              0.2483              5.6228              0.0363  
backward:              0.4000              0.2001              5.8229              0.0371  
backward:              0.3500              0.1603              5.9832              0.0382  
backward:              0.3000              0.0957              6.0789              0.0395  
backward:              0.2500              0.0134              6.0923              0.0403  
backward:              0.2000             -0.1209              5.9714              0.0422  
backward:              0.1500             -0.3839              5.5875              0.0462  
backward:              0.1000             -0.8015              4.7860              0.0524  
backward:              0.0500             -1.5608              3.2252              0.0606  
backward:              0.0000             -3.1276              0.0976              0.1143  
Inaccuracy estimation
======================================================================================================
                   i        i+δi          P0_overlap_P1   δε(forward)/ε   δε(backward)/ε
======================================================================================================
inaccuracy:  0.00000        0.05000           18.91            0.27            4.82
inaccuracy:  0.05000        0.10000           31.14           -0.10            2.38
inaccuracy:  0.10000        0.15000           42.83           -0.09            1.12
inaccuracy:  0.15000        0.20000           52.68           -0.07            0.57
inaccuracy:  0.20000        0.25000           56.47           -0.06            0.39
inaccuracy:  0.25000        0.30000           59.80           -0.05            0.29
inaccuracy:  0.30000        0.35000           63.22           -0.05            0.22
inaccuracy:  0.35000        0.40000           65.36           -0.05            0.19
inaccuracy:  0.40000        0.45000           66.03           -0.04            0.17
inaccuracy:  0.45000        0.50000           66.30           -0.05            0.15
inaccuracy:  0.50000        0.55000           54.62           -0.21            0.27
inaccuracy:  0.55000        0.60000           56.45           -0.26            0.12
inaccuracy:  0.60000        0.65000           54.94           -0.33            0.07
inaccuracy:  0.65000        0.70000           55.39           -0.30            0.02
inaccuracy:  0.70000        0.75000           55.62           -0.33           -0.00
inaccuracy:  0.75000        0.80000           56.99           -0.31           -0.01
inaccuracy:  0.80000        0.85000           55.24           -0.27           -0.00
inaccuracy:  0.85000        0.90000           56.07           -0.33            0.02
inaccuracy:  0.90000        0.95000           54.73           -0.27            0.02
inaccuracy:  0.95000        1.00000           54.21           -0.32            0.04
===================================================================================================================================
                BAR        
-----------------------------------------------------------------------------------------------------------------------------------
BAR-estimator:         λ             λ+δλ          ΔΔA             ΔA            C               Δδe            δe       
                          
-----------------------------------------------------------------------------------------------------------------------------------
BAR-estimator:      0.00000        0.05000        3.1912         3.1912         3.1912         0.0176         0.0176 
BAR-estimator:      0.05000        0.10000        1.6438         4.8350         1.6438         0.0126         0.0217 
BAR-estimator:      0.10000        0.15000        0.7937         5.6287         0.7937         0.0105         0.0241 
BAR-estimator:      0.15000        0.20000        0.3647         5.9933         0.3647         0.0084         0.0255 
BAR-estimator:      0.20000        0.25000        0.1342         6.1276         0.1342         0.0065         0.0263 
BAR-estimator:      0.25000        0.30000        0.0087         6.1362         0.0087         0.0066         0.0271 
BAR-estimator:      0.30000        0.35000       -0.0990         6.0372        -0.0990         0.0054         0.0276 
BAR-estimator:      0.35000        0.40000       -0.1604         5.8768        -0.1604         0.0041         0.0279 
BAR-estimator:      0.40000        0.45000       -0.2004         5.6764        -0.2004         0.0047         0.0283 
BAR-estimator:      0.45000        0.50000       -0.2496         5.4268        -0.2496         0.0041         0.0286 
BAR-estimator:      0.50000        0.55000       -0.5065         4.9203        -0.5065         0.0055         0.0292 
BAR-estimator:      0.55000        0.60000       -0.9393         3.9811        -0.9393         0.0051         0.0296 
BAR-estimator:      0.60000        0.65000       -1.3209         2.6602        -1.3209         0.0057         0.0301 
BAR-estimator:      0.65000        0.70000       -1.6090         1.0512        -1.6090         0.0079         0.0311 
BAR-estimator:      0.70000        0.75000       -1.7781        -0.7269        -1.7781         0.0061         0.0317 
BAR-estimator:      0.75000        0.80000       -1.8484        -2.5753        -1.8484         0.0058         0.0323 
BAR-estimator:      0.80000        0.85000       -1.8474        -4.4226        -1.8474         0.0067         0.0330 
BAR-estimator:      0.85000        0.90000       -1.8112        -6.2338        -1.8112         0.0055         0.0334 
BAR-estimator:      0.90000        0.95000       -1.7797        -8.0135        -1.7797         0.0056         0.0339 
BAR-estimator:      0.95000        1.00000       -1.7308        -9.7443        -1.7308         0.0046         0.0342 
BAR-estimator: total free energy change is -9.74433582934708 , total error is 0.03418364054071942
