#========================================================================================
#                     Free energy perturbation    
#----------------------------------------------------------------------------------------
#forward/backward          λ              ΔΔA                 ΔA                  δε   
#                                                 
#----------------------------------------------------------------------------------------
forward:               0.0000              0.0000              0.0000              0.0000  
forward:               0.0500              1.5500              1.5500              0.0215  
forward:               0.1000              0.8133              2.3633              0.0285  
forward:               0.1500              0.3746              2.7379              0.0304  
forward:               0.2000              0.1732              2.9110              0.0313  
forward:               0.2500              0.0883              2.9994              0.0319  
forward:               0.3000              0.0263              3.0256              0.0326  
forward:               0.3500             -0.0200              3.0057              0.0330  
forward:               0.4000             -0.0442              2.9615              0.0334  
forward:               0.4500             -0.0617              2.8998              0.0337  
forward:               0.5000             -0.0856              2.8142              0.0340  
forward:               0.5500             -0.1849              2.6293              0.0345  
forward:               0.6000             -0.3897              2.2397              0.0352  
forward:               0.6500             -0.5577              1.6820              0.0361  
forward:               0.7000             -0.7597              0.9223              0.0370  
forward:               0.7500             -0.8492              0.0731              0.0375  
forward:               0.8000             -0.8463             -0.7732              0.0379  
forward:               0.8500             -0.8017             -1.5749              0.0382  
forward:               0.9000             -0.7599             -2.3348              0.0385  
forward:               0.9500             -0.7054             -3.0402              0.0387  
forward:               1.0000             -0.6812             -3.7214              0.0388  
backward:              1.0000              0.0000             -3.7214              0.0000  
backward:              0.9500              0.6680             -3.0534              0.0065  
backward:              0.9000              0.6996             -2.3538              0.0105  
backward:              0.8500              0.7628             -1.5910              0.0125  
backward:              0.8000              0.8025             -0.7885              0.0159  
backward:              0.7500              0.8439              0.0554              0.0172  
backward:              0.7000              0.8551              0.9105              0.0191  
backward:              0.6500              0.7455              1.6560              0.0207  
backward:              0.6000              0.5769              2.2329              0.0228  
backward:              0.5500              0.3718              2.6047              0.0237  
backward:              0.5000              0.1800              2.7847              0.0247  
backward:              0.4500              0.0865              2.8712              0.0253  
backward:              0.4000              0.0569              2.9281              0.0258  
backward:              0.3500              0.0398              2.9679              0.0265  
backward:              0.3000              0.0116              2.9795              0.0276  
backward:              0.2500             -0.0195              2.9600              0.0281  
backward:              0.2000             -0.0903              2.8696              0.0293  
backward:              0.1500             -0.1866              2.6830              0.0311  
backward:              0.1000             -0.3657              2.3174              0.0349  
backward:              0.0500             -0.8616              1.4558              0.0553  
backward:              0.0000             -1.4972             -0.0415              0.0651  
Inaccuracy estimation
======================================================================================================
                   i        i+δi          P0_overlap_P1   δε(forward)/ε   δε(backward)/ε
======================================================================================================
inaccuracy:  0.00000        0.05000           37.27           -0.04            1.64
inaccuracy:  0.05000        0.10000           45.11           -0.03            1.02
inaccuracy:  0.10000        0.15000           59.50           -0.02            0.50
inaccuracy:  0.15000        0.20000           67.45           -0.01            0.27
inaccuracy:  0.20000        0.25000           69.57           -0.02            0.19
inaccuracy:  0.25000        0.30000           70.91           -0.02            0.16
inaccuracy:  0.30000        0.35000           72.95           -0.02            0.13
inaccuracy:  0.35000        0.40000           73.67           -0.01            0.11
inaccuracy:  0.40000        0.45000           74.56           -0.01            0.11
inaccuracy:  0.45000        0.50000           74.37           -0.01            0.10
inaccuracy:  0.50000        0.55000           68.14           -0.08            0.14
inaccuracy:  0.55000        0.60000           68.96           -0.09            0.10
inaccuracy:  0.60000        0.65000           64.40           -0.13            0.09
inaccuracy:  0.65000        0.70000           66.72           -0.10            0.07
inaccuracy:  0.70000        0.75000           67.30           -0.09            0.06
inaccuracy:  0.75000        0.80000           68.79           -0.08            0.06
inaccuracy:  0.80000        0.85000           67.77           -0.07            0.07
inaccuracy:  0.85000        0.90000           67.40           -0.07            0.08
inaccuracy:  0.90000        0.95000           66.36           -0.08            0.09
inaccuracy:  0.95000        1.00000           66.34           -0.07            0.10
===================================================================================================================================
                BAR        
-----------------------------------------------------------------------------------------------------------------------------------
BAR-estimator:         λ             λ+δλ          ΔΔA             ΔA            C               Δδe            δe       
                          
-----------------------------------------------------------------------------------------------------------------------------------
BAR-estimator:      0.00000        0.05000        1.5412         1.5412         1.5412         0.0115         0.0115 
BAR-estimator:      0.05000        0.10000        0.8126         2.3538         0.8126         0.0111         0.0160 
BAR-estimator:      0.10000        0.15000        0.3774         2.7312         0.3774         0.0070         0.0174 
BAR-estimator:      0.15000        0.20000        0.1817         2.9129         0.1817         0.0045         0.0180 
BAR-estimator:      0.20000        0.25000        0.0907         3.0035         0.0907         0.0047         0.0186 
BAR-estimator:      0.25000        0.30000        0.0254         3.0289         0.0254         0.0045         0.0191 
BAR-estimator:      0.30000        0.35000       -0.0177         3.0112        -0.0177         0.0042         0.0196 
BAR-estimator:      0.35000        0.40000       -0.0426         2.9686        -0.0426         0.0036         0.0199 
BAR-estimator:      0.40000        0.45000       -0.0598         2.9088        -0.0598         0.0033         0.0202 
BAR-estimator:      0.45000        0.50000       -0.0854         2.8234        -0.0854         0.0031         0.0204 
BAR-estimator:      0.50000        0.55000       -0.1835         2.6399        -0.1835         0.0037         0.0208 
BAR-estimator:      0.55000        0.60000       -0.3782         2.2616        -0.3782         0.0038         0.0211 
BAR-estimator:      0.60000        0.65000       -0.5667         1.6949        -0.5667         0.0045         0.0216 
BAR-estimator:      0.65000        0.70000       -0.7528         0.9421        -0.7528         0.0050         0.0222 
BAR-estimator:      0.70000        0.75000       -0.8507         0.0914        -0.8507         0.0039         0.0225 
BAR-estimator:      0.75000        0.80000       -0.8475        -0.7561        -0.8475         0.0040         0.0229 
BAR-estimator:      0.80000        0.85000       -0.8027        -1.5588        -0.8027         0.0033         0.0231 
BAR-estimator:      0.85000        0.90000       -0.7602        -2.3190        -0.7602         0.0044         0.0235 
BAR-estimator:      0.90000        0.95000       -0.7092        -3.0282        -0.7092         0.0037         0.0238 
BAR-estimator:      0.95000        1.00000       -0.6766        -3.7047        -0.6766         0.0041         0.0241 
BAR-estimator: total free energy change is -3.704731527360665 , total error is 0.024145591091226038
