#========================================================================================
#                     Free energy perturbation    
#----------------------------------------------------------------------------------------
#forward/backward          λ              ΔΔA                 ΔA                  δε   
#                                                 
#----------------------------------------------------------------------------------------
forward:               0.0000              0.0000              0.0000              0.0000  
forward:               0.0500              1.2215              1.2215              0.0190  
forward:               0.1000              0.6956              1.9171              0.0229  
forward:               0.1500              0.3918              2.3089              0.0250  
forward:               0.2000              0.2009              2.5098              0.0266  
forward:               0.2500              0.1155              2.6252              0.0270  
forward:               0.3000              0.0415              2.6667              0.0277  
forward:               0.3500             -0.0074              2.6594              0.0282  
forward:               0.4000             -0.0470              2.6124              0.0286  
forward:               0.4500             -0.0696              2.5428              0.0290  
forward:               0.5000             -0.0906              2.4522              0.0293  
forward:               0.5500             -0.2480              2.2041              0.0299  
forward:               0.6000             -0.4954              1.7088              0.0304  
forward:               0.6500             -0.6953              1.0135              0.0308  
forward:               0.7000             -0.8546              0.1589              0.0314  
forward:               0.7500             -0.9773             -0.8185              0.0318  
forward:               0.8000             -1.0700             -1.8884              0.0322  
forward:               0.8500             -1.1142             -3.0026              0.0325  
forward:               0.9000             -1.1643             -4.1669              0.0328  
forward:               0.9500             -1.1783             -5.3452              0.0332  
forward:               1.0000             -1.2152             -6.5605              0.0334  
backward:              1.0000              0.0000             -6.5605              0.0000  
backward:              0.9500              1.1989             -5.3616              0.0058  
backward:              0.9000              1.1832             -4.1783              0.0077  
backward:              0.8500              1.1561             -3.0222              0.0097  
backward:              0.8000              1.1204             -1.9018              0.0111  
backward:              0.7500              1.0713             -0.8305              0.0127  
backward:              0.7000              0.9875              0.1570              0.0138  
backward:              0.6500              0.8537              1.0107              0.0151  
backward:              0.6000              0.7023              1.7130              0.0163  
backward:              0.5500              0.4946              2.2075              0.0174  
backward:              0.5000              0.2542              2.4618              0.0185  
backward:              0.4500              0.0965              2.5582              0.0190  
backward:              0.4000              0.0684              2.6266              0.0196  
backward:              0.3500              0.0372              2.6638              0.0206  
backward:              0.3000              0.0064              2.6701              0.0214  
backward:              0.2500             -0.0398              2.6303              0.0224  
backward:              0.2000             -0.1126              2.5177              0.0239  
backward:              0.1500             -0.1919              2.3258              0.0254  
backward:              0.1000             -0.3848              1.9410              0.0286  
backward:              0.0500             -0.7048              1.2362              0.0390  
backward:              0.0000             -1.2135              0.0227              0.0488  
Inaccuracy estimation
======================================================================================================
                   i        i+δi          P0_overlap_P1   δε(forward)/ε   δε(backward)/ε
======================================================================================================
inaccuracy:  0.00000        0.05000           41.53           -0.04            1.36
inaccuracy:  0.05000        0.10000           52.13           -0.03            0.72
inaccuracy:  0.10000        0.15000           60.21           -0.02            0.39
inaccuracy:  0.15000        0.20000           65.72           -0.02            0.26
inaccuracy:  0.20000        0.25000           69.16           -0.01            0.19
inaccuracy:  0.25000        0.30000           72.23           -0.01            0.14
inaccuracy:  0.30000        0.35000           74.01           -0.01            0.12
inaccuracy:  0.35000        0.40000           75.24           -0.01            0.10
inaccuracy:  0.40000        0.45000           75.12           -0.01            0.09
inaccuracy:  0.45000        0.50000           75.22           -0.01            0.09
inaccuracy:  0.50000        0.55000           64.73           -0.08            0.14
inaccuracy:  0.55000        0.60000           66.93           -0.09            0.09
inaccuracy:  0.60000        0.65000           66.66           -0.11            0.07
inaccuracy:  0.65000        0.70000           67.94           -0.11            0.05
inaccuracy:  0.70000        0.75000           67.41           -0.11            0.04
inaccuracy:  0.75000        0.80000           67.86           -0.10            0.03
inaccuracy:  0.80000        0.85000           67.16           -0.10            0.03
inaccuracy:  0.85000        0.90000           68.67           -0.10            0.03
inaccuracy:  0.90000        0.95000           67.12           -0.12            0.03
inaccuracy:  0.95000        1.00000           68.23           -0.09            0.03
===================================================================================================================================
                BAR        
-----------------------------------------------------------------------------------------------------------------------------------
BAR-estimator:         λ             λ+δλ          ΔΔA             ΔA            C               Δδe            δe       
                          
-----------------------------------------------------------------------------------------------------------------------------------
BAR-estimator:      0.00000        0.05000        1.2188         1.2188         1.2188         0.0101         0.0101 
BAR-estimator:      0.05000        0.10000        0.6876         1.9064         0.6876         0.0083         0.0131 
BAR-estimator:      0.10000        0.15000        0.3875         2.2938         0.3875         0.0064         0.0146 
BAR-estimator:      0.15000        0.20000        0.2014         2.4953         0.2014         0.0052         0.0155 
BAR-estimator:      0.20000        0.25000        0.1137         2.6090         0.1137         0.0045         0.0161 
BAR-estimator:      0.25000        0.30000        0.0411         2.6501         0.0411         0.0021         0.0163 
BAR-estimator:      0.30000        0.35000       -0.0048         2.6454        -0.0048         0.0037         0.0167 
BAR-estimator:      0.35000        0.40000       -0.0435         2.6019        -0.0435         0.0032         0.0170 
BAR-estimator:      0.40000        0.45000       -0.0690         2.5329        -0.0690         0.0037         0.0174 
BAR-estimator:      0.45000        0.50000       -0.0934         2.4395        -0.0934         0.0029         0.0176 
BAR-estimator:      0.50000        0.55000       -0.2509         2.1886        -0.2509         0.0037         0.0180 
BAR-estimator:      0.55000        0.60000       -0.4941         1.6945        -0.4941         0.0040         0.0184 
BAR-estimator:      0.60000        0.65000       -0.7000         0.9945        -0.7000         0.0035         0.0188 
BAR-estimator:      0.65000        0.70000       -0.8558         0.1387        -0.8558         0.0036         0.0191 
BAR-estimator:      0.70000        0.75000       -0.9833        -0.8446        -0.9833         0.0037         0.0195 
BAR-estimator:      0.75000        0.80000       -1.0704        -1.9150        -1.0704         0.0044         0.0200 
BAR-estimator:      0.80000        0.85000       -1.1157        -3.0307        -1.1157         0.0036         0.0203 
BAR-estimator:      0.85000        0.90000       -1.1605        -4.1912        -1.1605         0.0037         0.0206 
BAR-estimator:      0.90000        0.95000       -1.1822        -5.3734        -1.1822         0.0038         0.0210 
BAR-estimator:      0.95000        1.00000       -1.2065        -6.5799        -1.2065         0.0037         0.0213 
BAR-estimator: total free energy change is -6.579885608671102 , total error is 0.02128514152032535
