#========================================================================================
#                     Free energy perturbation    
#----------------------------------------------------------------------------------------
#forward/backward          λ              ΔΔA                 ΔA                  δε   
#                                                 
#----------------------------------------------------------------------------------------
forward:               0.0000              0.0000              0.0000              0.0000  
forward:               0.0500              1.4596              1.4596              0.0205  
forward:               0.1000              0.9188              2.3784              0.0267  
forward:               0.1500              0.5463              2.9247              0.0298  
forward:               0.2000              0.3403              3.2651              0.0314  
forward:               0.2500              0.2303              3.4954              0.0323  
forward:               0.3000              0.1311              3.6265              0.0330  
forward:               0.3500              0.0809              3.7074              0.0336  
forward:               0.4000              0.0424              3.7498              0.0342  
forward:               0.4500              0.0183              3.7682              0.0346  
forward:               0.5000              0.0042              3.7723              0.0349  
forward:               0.5500             -0.0571              3.7152              0.0354  
forward:               0.6000             -0.1660              3.5492              0.0359  
forward:               0.6500             -0.2624              3.2869              0.0364  
forward:               0.7000             -0.3631              2.9238              0.0366  
forward:               0.7500             -0.4275              2.4963              0.0370  
forward:               0.8000             -0.4800              2.0162              0.0374  
forward:               0.8500             -0.5006              1.5157              0.0378  
forward:               0.9000             -0.5025              1.0132              0.0382  
forward:               0.9500             -0.4899              0.5234              0.0385  
forward:               1.0000             -0.4886              0.0348              0.0389  
backward:              1.0000              0.0000              0.0348              0.0000  
backward:              0.9500              0.4916              0.5264              0.0043  
backward:              0.9000              0.4786              1.0050              0.0070  
backward:              0.8500              0.4936              1.4986              0.0088  
backward:              0.8000              0.5002              1.9988              0.0106  
backward:              0.7500              0.4804              2.4792              0.0122  
backward:              0.7000              0.4295              2.9087              0.0146  
backward:              0.6500              0.3772              3.2860              0.0172  
backward:              0.6000              0.2560              3.5420              0.0185  
backward:              0.5500              0.1534              3.6954              0.0197  
backward:              0.5000              0.0597              3.7551              0.0209  
backward:              0.4500              0.0006              3.7556              0.0217  
backward:              0.4000             -0.0091              3.7465              0.0225  
backward:              0.3500             -0.0381              3.7084              0.0231  
backward:              0.3000             -0.0851              3.6233              0.0242  
backward:              0.2500             -0.1347              3.4886              0.0255  
backward:              0.2000             -0.2248              3.2638              0.0275  
backward:              0.1500             -0.3214              2.9423              0.0298  
backward:              0.1000             -0.5544              2.3879              0.0341  
backward:              0.0500             -0.8907              1.4972              0.0395  
backward:              0.0000             -1.4034              0.0938              0.0507  
Inaccuracy estimation
======================================================================================================
                   i        i+δi          P0_overlap_P1   δε(forward)/ε   δε(backward)/ε
======================================================================================================
inaccuracy:  0.00000        0.05000           39.88           -0.03            1.45
inaccuracy:  0.05000        0.10000           47.10           -0.04            0.94
inaccuracy:  0.10000        0.15000           55.86           -0.02            0.58
inaccuracy:  0.15000        0.20000           61.30           -0.02            0.36
inaccuracy:  0.20000        0.25000           65.66           -0.03            0.25
inaccuracy:  0.25000        0.30000           68.61           -0.02            0.19
inaccuracy:  0.30000        0.35000           70.36           -0.01            0.17
inaccuracy:  0.35000        0.40000           71.18           -0.01            0.16
inaccuracy:  0.40000        0.45000           71.29           -0.02            0.13
inaccuracy:  0.45000        0.50000           71.69           -0.01            0.13
inaccuracy:  0.50000        0.55000           69.07           -0.05            0.14
inaccuracy:  0.55000        0.60000           69.98           -0.06            0.12
inaccuracy:  0.60000        0.65000           69.42           -0.06            0.10
inaccuracy:  0.65000        0.70000           67.27           -0.06            0.10
inaccuracy:  0.70000        0.75000           69.10           -0.06            0.09
inaccuracy:  0.75000        0.80000           70.09           -0.05            0.09
inaccuracy:  0.80000        0.85000           69.28           -0.04            0.08
inaccuracy:  0.85000        0.90000           70.09           -0.05            0.09
inaccuracy:  0.90000        0.95000           70.11           -0.05            0.09
inaccuracy:  0.95000        1.00000           69.39           -0.05            0.10
===================================================================================================================================
                BAR        
-----------------------------------------------------------------------------------------------------------------------------------
BAR-estimator:         λ             λ+δλ          ΔΔA             ΔA            C               Δδe            δe       
                          
-----------------------------------------------------------------------------------------------------------------------------------
BAR-estimator:      0.00000        0.05000        1.4530         1.4530         1.4530         0.0110         0.0110 
BAR-estimator:      0.05000        0.10000        0.9160         2.3690         0.9160         0.0097         0.0147 
BAR-estimator:      0.10000        0.15000        0.5575         2.9264         0.5575         0.0081         0.0168 
BAR-estimator:      0.15000        0.20000        0.3386         3.2650         0.3386         0.0065         0.0180 
BAR-estimator:      0.20000        0.25000        0.2271         3.4921         0.2271         0.0052         0.0187 
BAR-estimator:      0.25000        0.30000        0.1315         3.6236         0.1315         0.0051         0.0194 
BAR-estimator:      0.30000        0.35000        0.0820         3.7056         0.0820         0.0047         0.0200 
BAR-estimator:      0.35000        0.40000        0.0447         3.7503         0.0447         0.0043         0.0204 
BAR-estimator:      0.40000        0.45000        0.0162         3.7665         0.0162         0.0037         0.0207 
BAR-estimator:      0.45000        0.50000        0.0022         3.7687         0.0022         0.0035         0.0210 
BAR-estimator:      0.50000        0.55000       -0.0576         3.7112        -0.0576         0.0038         0.0214 
BAR-estimator:      0.55000        0.60000       -0.1622         3.5490        -0.1622         0.0038         0.0217 
BAR-estimator:      0.60000        0.65000       -0.2622         3.2867        -0.2622         0.0039         0.0221 
BAR-estimator:      0.65000        0.70000       -0.3723         2.9144        -0.3723         0.0044         0.0225 
BAR-estimator:      0.70000        0.75000       -0.4301         2.4843        -0.4301         0.0041         0.0228 
BAR-estimator:      0.75000        0.80000       -0.4802         2.0041        -0.4802         0.0040         0.0232 
BAR-estimator:      0.80000        0.85000       -0.5003         1.5037        -0.5003         0.0039         0.0235 
BAR-estimator:      0.85000        0.90000       -0.4982         1.0055        -0.4982         0.0041         0.0239 
BAR-estimator:      0.90000        0.95000       -0.4842         0.5213        -0.4842         0.0042         0.0242 
BAR-estimator:      0.95000        1.00000       -0.4868         0.0345        -0.4868         0.0040         0.0246 
BAR-estimator: total free energy change is 0.03449307397093726 , total error is 0.02455364712121537
