#========================================================================================
#                     Free energy perturbation    
#----------------------------------------------------------------------------------------
#forward/backward          λ              ΔΔA                 ΔA                  δε   
#                                                 
#----------------------------------------------------------------------------------------
forward:               0.0000              0.0000              0.0000              0.0000  
forward:               0.0500              1.5875              1.5875              0.0254  
forward:               0.1000              1.0026              2.5901              0.0304  
forward:               0.1500              0.5657              3.1558              0.0328  
forward:               0.2000              0.3317              3.4876              0.0344  
forward:               0.2500              0.2031              3.6906              0.0355  
forward:               0.3000              0.0867              3.7773              0.0362  
forward:               0.3500              0.0367              3.8140              0.0370  
forward:               0.4000             -0.0067              3.8074              0.0374  
forward:               0.4500             -0.0331              3.7742              0.0378  
forward:               0.5000             -0.0710              3.7032              0.0381  
forward:               0.5500             -0.2219              3.4813              0.0387  
forward:               0.6000             -0.4803              3.0010              0.0393  
forward:               0.6500             -0.7271              2.2739              0.0400  
forward:               0.7000             -0.9336              1.3403              0.0408  
forward:               0.7500             -1.0822              0.2581              0.0416  
forward:               0.8000             -1.1424             -0.8844              0.0421  
forward:               0.8500             -1.1687             -2.0531              0.0425  
forward:               0.9000             -1.1817             -3.2348              0.0428  
forward:               0.9500             -1.1671             -4.4019              0.0432  
forward:               1.0000             -1.1382             -5.5400              0.0435  
backward:              1.0000              0.0000             -5.5400              0.0000  
backward:              0.9500              1.1338             -4.4062              0.0103  
backward:              0.9000              1.1614             -3.2449              0.0125  
backward:              0.8500              1.1702             -2.0746              0.0146  
backward:              0.8000              1.1675             -0.9071              0.0162  
backward:              0.7500              1.1530              0.2458              0.0177  
backward:              0.7000              1.0536              1.2994              0.0196  
backward:              0.6500              0.9274              2.2268              0.0213  
backward:              0.6000              0.7218              2.9486              0.0227  
backward:              0.5500              0.4878              3.4364              0.0241  
backward:              0.5000              0.2136              3.6500              0.0251  
backward:              0.4500              0.0657              3.7157              0.0258  
backward:              0.4000              0.0328              3.7485              0.0267  
backward:              0.3500              0.0176              3.7661              0.0275  
backward:              0.3000             -0.0321              3.7340              0.0287  
backward:              0.2500             -0.1081              3.6259              0.0307  
backward:              0.2000             -0.1770              3.4489              0.0323  
backward:              0.1500             -0.3298              3.1190              0.0342  
backward:              0.1000             -0.5461              2.5729              0.0378  
backward:              0.0500             -0.9607              1.6123              0.0432  
backward:              0.0000             -1.5705              0.0417              0.0589  
Inaccuracy estimation
======================================================================================================
                   i        i+δi          P0_overlap_P1   δε(forward)/ε   δε(backward)/ε
======================================================================================================
inaccuracy:  0.00000        0.05000           36.86           -0.04            1.64
inaccuracy:  0.05000        0.10000           44.31           -0.04            1.12
inaccuracy:  0.10000        0.15000           53.38           -0.04            0.61
inaccuracy:  0.15000        0.20000           60.47           -0.03            0.40
inaccuracy:  0.20000        0.25000           62.13           -0.02            0.29
inaccuracy:  0.25000        0.30000           67.62           -0.02            0.20
inaccuracy:  0.30000        0.35000           68.18           -0.03            0.18
inaccuracy:  0.35000        0.40000           69.33           -0.02            0.17
inaccuracy:  0.40000        0.45000           70.37           -0.02            0.14
inaccuracy:  0.45000        0.50000           70.80           -0.02            0.13
inaccuracy:  0.50000        0.55000           63.10           -0.11            0.18
inaccuracy:  0.55000        0.60000           62.50           -0.14            0.13
inaccuracy:  0.60000        0.65000           63.65           -0.16            0.10
inaccuracy:  0.65000        0.70000           62.76           -0.13            0.07
inaccuracy:  0.70000        0.75000           65.21           -0.13            0.05
inaccuracy:  0.75000        0.80000           63.72           -0.13            0.05
inaccuracy:  0.80000        0.85000           63.70           -0.14            0.05
inaccuracy:  0.85000        0.90000           63.83           -0.13            0.05
inaccuracy:  0.90000        0.95000           62.57           -0.14            0.06
inaccuracy:  0.95000        1.00000           62.58           -0.15            0.06
===================================================================================================================================
                BAR        
-----------------------------------------------------------------------------------------------------------------------------------
BAR-estimator:         λ             λ+δλ          ΔΔA             ΔA            C               Δδe            δe       
                          
-----------------------------------------------------------------------------------------------------------------------------------
BAR-estimator:      0.00000        0.05000        1.5721         1.5721         1.5721         0.0119         0.0119 
BAR-estimator:      0.05000        0.10000        1.0003         2.5724         1.0003         0.0096         0.0153 
BAR-estimator:      0.10000        0.15000        0.5684         3.1408         0.5684         0.0080         0.0173 
BAR-estimator:      0.15000        0.20000        0.3398         3.4806         0.3398         0.0067         0.0185 
BAR-estimator:      0.20000        0.25000        0.1971         3.6777         0.1971         0.0053         0.0193 
BAR-estimator:      0.25000        0.30000        0.0927         3.7703         0.0927         0.0048         0.0198 
BAR-estimator:      0.30000        0.35000        0.0358         3.8062         0.0358         0.0051         0.0205 
BAR-estimator:      0.35000        0.40000       -0.0069         3.7993        -0.0069         0.0041         0.0209 
BAR-estimator:      0.40000        0.45000       -0.0348         3.7645        -0.0348         0.0039         0.0213 
BAR-estimator:      0.45000        0.50000       -0.0712         3.6934        -0.0712         0.0035         0.0216 
BAR-estimator:      0.50000        0.55000       -0.2122         3.4812        -0.2122         0.0044         0.0220 
BAR-estimator:      0.55000        0.60000       -0.4814         2.9997        -0.4814         0.0051         0.0226 
BAR-estimator:      0.60000        0.65000       -0.7201         2.2797        -0.7201         0.0046         0.0231 
BAR-estimator:      0.65000        0.70000       -0.9285         1.3511        -0.9285         0.0051         0.0236 
BAR-estimator:      0.70000        0.75000       -1.0700         0.2812        -1.0700         0.0049         0.0241 
BAR-estimator:      0.75000        0.80000       -1.1443        -0.8631        -1.1443         0.0045         0.0245 
BAR-estimator:      0.80000        0.85000       -1.1669        -2.0300        -1.1669         0.0043         0.0249 
BAR-estimator:      0.85000        0.90000       -1.1774        -3.2074        -1.1774         0.0044         0.0253 
BAR-estimator:      0.90000        0.95000       -1.1670        -4.3744        -1.1670         0.0041         0.0257 
BAR-estimator:      0.95000        1.00000       -1.1382        -5.5126        -1.1382         0.0043         0.0260 
BAR-estimator: total free energy change is -5.512596833480465 , total error is 0.026012886030889172
