#========================================================================================
#                     Free energy perturbation    
#----------------------------------------------------------------------------------------
#forward/backward          λ              ΔΔA                 ΔA                  δε   
#                                                 
#----------------------------------------------------------------------------------------
forward:               0.0000              0.0000              0.0000              0.0000  
forward:               0.0500              0.8500              0.8500              0.0200  
forward:               0.1000              0.5343              1.3842              0.0225  
forward:               0.1500              0.3249              1.7092              0.0242  
forward:               0.2000              0.2039              1.9131              0.0250  
forward:               0.2500              0.1403              2.0534              0.0257  
forward:               0.3000              0.0879              2.1413              0.0263  
forward:               0.3500              0.0491              2.1905              0.0267  
forward:               0.4000              0.0269              2.2174              0.0273  
forward:               0.4500              0.0058              2.2233              0.0275  
forward:               0.5000             -0.0073              2.2160              0.0279  
forward:               0.5500             -0.2229              1.9930              0.0289  
forward:               0.6000             -0.5564              1.4366              0.0300  
forward:               0.6500             -0.8853              0.5513              0.0303  
forward:               0.7000             -1.1773             -0.6260              0.0319  
forward:               0.7500             -1.3766             -2.0026              0.0329  
forward:               0.8000             -1.4620             -3.4646              0.0337  
forward:               0.8500             -1.4865             -4.9512              0.0341  
forward:               0.9000             -1.4963             -6.4475              0.0345  
forward:               0.9500             -1.4844             -7.9319              0.0347  
forward:               1.0000             -1.4697             -9.4016              0.0351  
backward:              1.0000              0.0000             -9.4016              0.0000  
backward:              0.9500              1.4703             -7.9313              0.0060  
backward:              0.9000              1.4890             -6.4423              0.0081  
backward:              0.8500              1.4945             -4.9479              0.0106  
backward:              0.8000              1.4930             -3.4548              0.0144  
backward:              0.7500              1.4484             -2.0064              0.0161  
backward:              0.7000              1.3544             -0.6520              0.0185  
backward:              0.6500              1.1673              0.5153              0.0211  
backward:              0.6000              0.8779              1.3932              0.0233  
backward:              0.5500              0.5553              1.9485              0.0248  
backward:              0.5000              0.2136              2.1620              0.0261  
backward:              0.4500              0.0155              2.1776              0.0264  
backward:              0.4000             -0.0045              2.1731              0.0270  
backward:              0.3500             -0.0240              2.1491              0.0276  
backward:              0.3000             -0.0513              2.0978              0.0281  
backward:              0.2500             -0.0737              2.0241              0.0288  
backward:              0.2000             -0.1360              1.8881              0.0299  
backward:              0.1500             -0.2237              1.6644              0.0311  
backward:              0.1000             -0.3024              1.3620              0.0321  
backward:              0.0500             -0.5248              0.8372              0.0352  
backward:              0.0000             -0.8375             -0.0003              0.0397  
Inaccuracy estimation
======================================================================================================
                   i        i+δi          P0_overlap_P1   δε(forward)/ε   δε(backward)/ε
======================================================================================================
inaccuracy:  0.00000        0.05000           50.77           -0.02            0.75
inaccuracy:  0.05000        0.10000           58.67           -0.02            0.50
inaccuracy:  0.10000        0.15000           65.57           -0.01            0.32
inaccuracy:  0.15000        0.20000           71.21           -0.01            0.19
inaccuracy:  0.20000        0.25000           72.38           -0.01            0.16
inaccuracy:  0.25000        0.30000           73.59           -0.01            0.13
inaccuracy:  0.30000        0.35000           76.89           -0.01            0.11
inaccuracy:  0.35000        0.40000           75.65           -0.01            0.09
inaccuracy:  0.40000        0.45000           77.18           -0.01            0.09
inaccuracy:  0.45000        0.50000           76.45           -0.01            0.09
inaccuracy:  0.50000        0.55000           64.94           -0.10            0.16
inaccuracy:  0.55000        0.60000           63.73           -0.14            0.09
inaccuracy:  0.60000        0.65000           63.47           -0.20            0.06
inaccuracy:  0.65000        0.70000           63.68           -0.17            0.03
inaccuracy:  0.70000        0.75000           64.94           -0.15            0.01
inaccuracy:  0.75000        0.80000           64.57           -0.15            0.01
inaccuracy:  0.80000        0.85000           64.01           -0.15            0.00
inaccuracy:  0.85000        0.90000           63.84           -0.15            0.01
inaccuracy:  0.90000        0.95000           63.91           -0.16            0.01
inaccuracy:  0.95000        1.00000           63.35           -0.15            0.02
===================================================================================================================================
                BAR        
-----------------------------------------------------------------------------------------------------------------------------------
BAR-estimator:         λ             λ+δλ          ΔΔA             ΔA            C               Δδe            δe       
                          
-----------------------------------------------------------------------------------------------------------------------------------
BAR-estimator:      0.00000        0.05000        0.8581         0.8581         0.8581         0.0110         0.0110 
BAR-estimator:      0.05000        0.10000        0.5342         1.3924         0.5342         0.0068         0.0129 
BAR-estimator:      0.10000        0.15000        0.3252         1.7176         0.3252         0.0060         0.0142 
BAR-estimator:      0.15000        0.20000        0.2101         1.9276         0.2101         0.0046         0.0149 
BAR-estimator:      0.20000        0.25000        0.1381         2.0658         0.1381         0.0042         0.0155 
BAR-estimator:      0.25000        0.30000        0.0830         2.1488         0.0830         0.0040         0.0160 
BAR-estimator:      0.30000        0.35000        0.0514         2.2002         0.0514         0.0038         0.0165 
BAR-estimator:      0.35000        0.40000        0.0236         2.2239         0.0236         0.0037         0.0169 
BAR-estimator:      0.40000        0.45000        0.0056         2.2295         0.0056         0.0031         0.0172 
BAR-estimator:      0.45000        0.50000       -0.0106         2.2190        -0.0106         0.0032         0.0174 
BAR-estimator:      0.50000        0.55000       -0.2184         2.0005        -0.2184         0.0045         0.0180 
BAR-estimator:      0.55000        0.60000       -0.5535         1.4471        -0.5535         0.0045         0.0186 
BAR-estimator:      0.60000        0.65000       -0.8774         0.5697        -0.8774         0.0052         0.0193 
BAR-estimator:      0.65000        0.70000       -1.1721        -0.6025        -1.1721         0.0057         0.0201 
BAR-estimator:      0.70000        0.75000       -1.3674        -1.9699        -1.3674         0.0051         0.0207 
BAR-estimator:      0.75000        0.80000       -1.4565        -3.4264        -1.4565         0.0048         0.0213 
BAR-estimator:      0.80000        0.85000       -1.4872        -4.9136        -1.4872         0.0044         0.0217 
BAR-estimator:      0.85000        0.90000       -1.4960        -6.4096        -1.4960         0.0042         0.0221 
BAR-estimator:      0.90000        0.95000       -1.4862        -7.8959        -1.4862         0.0042         0.0225 
BAR-estimator:      0.95000        1.00000       -1.4708        -9.3667        -1.4708         0.0044         0.0230 
BAR-estimator: total free energy change is -9.366695190416198 , total error is 0.02296060471101743
