#========================================================================================
#                     Free energy perturbation    
#----------------------------------------------------------------------------------------
#forward/backward          λ              ΔΔA                 ΔA                  δε   
#                                                 
#----------------------------------------------------------------------------------------
forward:               0.0000              0.0000              0.0000              0.0000  
forward:               0.0500              1.7104              1.7104              0.0288  
forward:               0.1000              0.8818              2.5922              0.0351  
forward:               0.1500              0.4581              3.0503              0.0371  
forward:               0.2000              0.2343              3.2846              0.0382  
forward:               0.2500              0.1213              3.4059              0.0387  
forward:               0.3000              0.0398              3.4457              0.0395  
forward:               0.3500             -0.0260              3.4197              0.0398  
forward:               0.4000             -0.0641              3.3556              0.0401  
forward:               0.4500             -0.0883              3.2673              0.0405  
forward:               0.5000             -0.1160              3.1513              0.0407  
forward:               0.5500             -0.2625              2.8888              0.0412  
forward:               0.6000             -0.5415              2.3473              0.0417  
forward:               0.6500             -0.7801              1.5672              0.0421  
forward:               0.7000             -0.9822              0.5851              0.0427  
forward:               0.7500             -1.1239             -0.5389              0.0431  
forward:               0.8000             -1.2268             -1.7656              0.0434  
forward:               0.8500             -1.2853             -3.0510              0.0438  
forward:               0.9000             -1.3132             -4.3641              0.0440  
forward:               0.9500             -1.3110             -5.6751              0.0443  
forward:               1.0000             -1.3149             -6.9900              0.0446  
backward:              1.0000              0.0000             -6.9900              0.0000  
backward:              0.9500              1.3217             -5.6682              0.0054  
backward:              0.9000              1.3188             -4.3495              0.0090  
backward:              0.8500              1.3059             -3.0435              0.0107  
backward:              0.8000              1.2886             -1.7550              0.0121  
backward:              0.7500              1.2261             -0.5289              0.0135  
backward:              0.7000              1.1194              0.5905              0.0152  
backward:              0.6500              0.9785              1.5690              0.0171  
backward:              0.6000              0.7705              2.3395              0.0183  
backward:              0.5500              0.5385              2.8779              0.0197  
backward:              0.5000              0.2613              3.1392              0.0217  
backward:              0.4500              0.1084              3.2477              0.0222  
backward:              0.4000              0.0892              3.3368              0.0229  
backward:              0.3500              0.0585              3.3954              0.0236  
backward:              0.3000              0.0167              3.4121              0.0244  
backward:              0.2500             -0.0324              3.3797              0.0266  
backward:              0.2000             -0.1243              3.2554              0.0286  
backward:              0.1500             -0.2112              3.0442              0.0305  
backward:              0.1000             -0.4850              2.5592              0.0365  
backward:              0.0500             -0.9133              1.6459              0.0452  
backward:              0.0000             -1.6643             -0.0184              0.0587  
Inaccuracy estimation
======================================================================================================
                   i        i+δi          P0_overlap_P1   δε(forward)/ε   δε(backward)/ε
======================================================================================================
inaccuracy:  0.00000        0.05000           33.86           -0.03            1.87
inaccuracy:  0.05000        0.10000           46.74           -0.04            1.01
inaccuracy:  0.10000        0.15000           56.80           -0.02            0.51
inaccuracy:  0.15000        0.20000           62.69           -0.02            0.33
inaccuracy:  0.20000        0.25000           66.97           -0.01            0.22
inaccuracy:  0.25000        0.30000           69.25           -0.01            0.16
inaccuracy:  0.30000        0.35000           72.81           -0.02            0.13
inaccuracy:  0.35000        0.40000           73.37           -0.02            0.11
inaccuracy:  0.40000        0.45000           73.99           -0.01            0.10
inaccuracy:  0.45000        0.50000           75.00           -0.01            0.09
inaccuracy:  0.50000        0.55000           63.82           -0.08            0.16
inaccuracy:  0.55000        0.60000           64.99           -0.13            0.09
inaccuracy:  0.60000        0.65000           65.87           -0.12            0.07
inaccuracy:  0.65000        0.70000           65.09           -0.14            0.05
inaccuracy:  0.70000        0.75000           66.53           -0.14            0.03
inaccuracy:  0.75000        0.80000           66.41           -0.14            0.02
inaccuracy:  0.80000        0.85000           66.33           -0.12            0.02
inaccuracy:  0.85000        0.90000           66.48           -0.11            0.02
inaccuracy:  0.90000        0.95000           65.08           -0.13            0.02
inaccuracy:  0.95000        1.00000           64.40           -0.13            0.02
===================================================================================================================================
                BAR        
-----------------------------------------------------------------------------------------------------------------------------------
BAR-estimator:         λ             λ+δλ          ΔΔA             ΔA            C               Δδe            δe       
                          
-----------------------------------------------------------------------------------------------------------------------------------
BAR-estimator:      0.00000        0.05000        1.6890         1.6890         1.6890         0.0139         0.0139 
BAR-estimator:      0.05000        0.10000        0.8989         2.5879         0.8989         0.0112         0.0179 
BAR-estimator:      0.10000        0.15000        0.4609         3.0488         0.4609         0.0066         0.0190 
BAR-estimator:      0.15000        0.20000        0.2323         3.2811         0.2323         0.0059         0.0199 
BAR-estimator:      0.20000        0.25000        0.1171         3.3982         0.1171         0.0045         0.0204 
BAR-estimator:      0.25000        0.30000        0.0355         3.4337         0.0355         0.0050         0.0210 
BAR-estimator:      0.30000        0.35000       -0.0240         3.4097        -0.0240         0.0038         0.0213 
BAR-estimator:      0.35000        0.40000       -0.0638         3.3459        -0.0638         0.0034         0.0216 
BAR-estimator:      0.40000        0.45000       -0.0881         3.2578        -0.0881         0.0036         0.0219 
BAR-estimator:      0.45000        0.50000       -0.1133         3.1445        -0.1133         0.0032         0.0221 
BAR-estimator:      0.50000        0.55000       -0.2589         2.8856        -0.2589         0.0040         0.0225 
BAR-estimator:      0.55000        0.60000       -0.5397         2.3458        -0.5397         0.0041         0.0229 
BAR-estimator:      0.60000        0.65000       -0.7710         1.5748        -0.7710         0.0038         0.0232 
BAR-estimator:      0.65000        0.70000       -0.9852         0.5896        -0.9852         0.0044         0.0236 
BAR-estimator:      0.70000        0.75000       -1.1204        -0.5308        -1.1204         0.0041         0.0240 
BAR-estimator:      0.75000        0.80000       -1.2244        -1.7552        -1.2244         0.0040         0.0243 
BAR-estimator:      0.80000        0.85000       -1.2823        -3.0375        -1.2823         0.0039         0.0246 
BAR-estimator:      0.85000        0.90000       -1.3069        -4.3443        -1.3069         0.0039         0.0249 
BAR-estimator:      0.90000        0.95000       -1.3097        -5.6540        -1.3097         0.0042         0.0253 
BAR-estimator:      0.95000        1.00000       -1.3171        -6.9711        -1.3171         0.0040         0.0256 
BAR-estimator: total free energy change is -6.971115049700051 , total error is 0.025588513551310935
