#========================================================================================
#                     Free energy perturbation    
#----------------------------------------------------------------------------------------
#forward/backward          λ              ΔΔA                 ΔA                  δε   
#                                                 
#----------------------------------------------------------------------------------------
forward:               0.0000              0.0000              0.0000              0.0000  
forward:               0.0500              1.1713              1.1713              0.0185  
forward:               0.1000              0.7220              1.8933              0.0218  
forward:               0.1500              0.4521              2.3454              0.0243  
forward:               0.2000              0.2711              2.6165              0.0270  
forward:               0.2500              0.1819              2.7984              0.0285  
forward:               0.3000              0.1329              2.9313              0.0294  
forward:               0.3500              0.0841              3.0154              0.0298  
forward:               0.4000              0.0505              3.0659              0.0303  
forward:               0.4500              0.0300              3.0959              0.0307  
forward:               0.5000              0.0147              3.1106              0.0311  
forward:               0.5500              0.0098              3.1204              0.0314  
forward:               0.6000             -0.0060              3.1144              0.0318  
forward:               0.6500             -0.0228              3.0916              0.0320  
forward:               0.7000             -0.0324              3.0593              0.0323  
forward:               0.7500             -0.0286              3.0307              0.0326  
forward:               0.8000             -0.0475              2.9832              0.0327  
forward:               0.8500             -0.0435              2.9397              0.0329  
forward:               0.9000             -0.0512              2.8885              0.0331  
forward:               0.9500             -0.0577              2.8308              0.0333  
forward:               1.0000             -0.0628              2.7681              0.0335  
backward:              1.0000              0.0000              2.7681              0.0000  
backward:              0.9500              0.0660              2.8340              0.0040  
backward:              0.9000              0.0546              2.8886              0.0057  
backward:              0.8500              0.0594              2.9480              0.0070  
backward:              0.8000              0.0385              2.9865              0.0083  
backward:              0.7500              0.0445              3.0310              0.0104  
backward:              0.7000              0.0275              3.0585              0.0122  
backward:              0.6500              0.0289              3.0874              0.0132  
backward:              0.6000              0.0143              3.1017              0.0141  
backward:              0.5500              0.0110              3.1127              0.0150  
backward:              0.5000             -0.0207              3.0920              0.0159  
backward:              0.4500             -0.0161              3.0759              0.0167  
backward:              0.4000             -0.0382              3.0378              0.0175  
backward:              0.3500             -0.0570              2.9807              0.0184  
backward:              0.3000             -0.0961              2.8847              0.0199  
backward:              0.2500             -0.1347              2.7499              0.0216  
backward:              0.2000             -0.1874              2.5625              0.0236  
backward:              0.1500             -0.3094              2.2531              0.0302  
backward:              0.1000             -0.4291              1.8240              0.0333  
backward:              0.0500             -0.7568              1.0672              0.0410  
backward:              0.0000             -1.1916             -0.1244              0.0470  
Inaccuracy estimation
======================================================================================================
                   i        i+δi          P0_overlap_P1   δε(forward)/ε   δε(backward)/ε
======================================================================================================
inaccuracy:  0.00000        0.05000           44.56           -0.03            1.06
inaccuracy:  0.05000        0.10000           53.63           -0.02            0.71
inaccuracy:  0.10000        0.15000           59.46           -0.01            0.43
inaccuracy:  0.15000        0.20000           66.43           -0.01            0.26
inaccuracy:  0.20000        0.25000           69.35           -0.01            0.19
inaccuracy:  0.25000        0.30000           71.04           -0.01            0.15
inaccuracy:  0.30000        0.35000           73.33           -0.01            0.13
inaccuracy:  0.35000        0.40000           74.54           -0.01            0.12
inaccuracy:  0.40000        0.45000           75.64           -0.01            0.11
inaccuracy:  0.45000        0.50000           74.75           -0.01            0.10
inaccuracy:  0.50000        0.55000           75.60           -0.01            0.09
inaccuracy:  0.55000        0.60000           74.86           -0.01            0.10
inaccuracy:  0.60000        0.65000           75.86           -0.01            0.09
inaccuracy:  0.65000        0.70000           76.10           -0.01            0.09
inaccuracy:  0.70000        0.75000           75.57           -0.01            0.09
inaccuracy:  0.75000        0.80000           75.36           -0.01            0.09
inaccuracy:  0.80000        0.85000           75.95           -0.02            0.09
inaccuracy:  0.85000        0.90000           74.91           -0.01            0.08
inaccuracy:  0.90000        0.95000           76.40           -0.01            0.09
inaccuracy:  0.95000        1.00000           75.26           -0.01            0.09
===================================================================================================================================
                BAR        
-----------------------------------------------------------------------------------------------------------------------------------
BAR-estimator:         λ             λ+δλ          ΔΔA             ΔA            C               Δδe            δe       
                          
-----------------------------------------------------------------------------------------------------------------------------------
BAR-estimator:      0.00000        0.05000        1.1814         1.1814         1.1814         0.0094         0.0094 
BAR-estimator:      0.05000        0.10000        0.7317         1.9131         0.7317         0.0063         0.0113 
BAR-estimator:      0.10000        0.15000        0.4482         2.3612         0.4482         0.0069         0.0132 
BAR-estimator:      0.15000        0.20000        0.2752         2.6364         0.2752         0.0073         0.0151 
BAR-estimator:      0.20000        0.25000        0.1849         2.8213         0.1849         0.0046         0.0158 
BAR-estimator:      0.25000        0.30000        0.1313         2.9527         0.1313         0.0044         0.0164 
BAR-estimator:      0.30000        0.35000        0.0864         3.0390         0.0864         0.0035         0.0168 
BAR-estimator:      0.35000        0.40000        0.0527         3.0917         0.0527         0.0036         0.0172 
BAR-estimator:      0.40000        0.45000        0.0336         3.1253         0.0336         0.0034         0.0175 
BAR-estimator:      0.45000        0.50000        0.0143         3.1395         0.0143         0.0034         0.0178 
BAR-estimator:      0.50000        0.55000        0.0121         3.1516         0.0121         0.0031         0.0181 
BAR-estimator:      0.55000        0.60000       -0.0073         3.1444        -0.0073         0.0034         0.0184 
BAR-estimator:      0.60000        0.65000       -0.0200         3.1244        -0.0200         0.0030         0.0187 
BAR-estimator:      0.65000        0.70000       -0.0314         3.0930        -0.0314         0.0031         0.0189 
BAR-estimator:      0.70000        0.75000       -0.0298         3.0632        -0.0298         0.0030         0.0192 
BAR-estimator:      0.75000        0.80000       -0.0475         3.0157        -0.0475         0.0031         0.0194 
BAR-estimator:      0.80000        0.85000       -0.0426         2.9731        -0.0426         0.0029         0.0196 
BAR-estimator:      0.85000        0.90000       -0.0543         2.9188        -0.0543         0.0029         0.0198 
BAR-estimator:      0.90000        0.95000       -0.0562         2.8626        -0.0562         0.0032         0.0201 
BAR-estimator:      0.95000        1.00000       -0.0631         2.7995        -0.0631         0.0030         0.0203 
BAR-estimator: total free energy change is 2.7994740143362526 , total error is 0.020309388345007316
