#========================================================================================
#                     Free energy perturbation    
#----------------------------------------------------------------------------------------
#forward/backward          λ              ΔΔA                 ΔA                  δε   
#                                                 
#----------------------------------------------------------------------------------------
forward:               0.0000              0.0000              0.0000              0.0000  
forward:               0.0500              1.7408              1.7408              0.0181  
forward:               0.1000              1.0933              2.8340              0.0242  
forward:               0.1500              0.6453              3.4793              0.0279  
forward:               0.2000              0.3640              3.8433              0.0296  
forward:               0.2500              0.2142              4.0575              0.0308  
forward:               0.3000              0.1157              4.1732              0.0315  
forward:               0.3500              0.0611              4.2343              0.0322  
forward:               0.4000              0.0088              4.2431              0.0327  
forward:               0.4500             -0.0211              4.2220              0.0333  
forward:               0.5000             -0.0565              4.1655              0.0336  
forward:               0.5500             -0.1633              4.0023              0.0341  
forward:               0.6000             -0.3300              3.6723              0.0346  
forward:               0.6500             -0.4904              3.1819              0.0350  
forward:               0.7000             -0.6111              2.5708              0.0354  
forward:               0.7500             -0.7035              1.8673              0.0359  
forward:               0.8000             -0.7487              1.1186              0.0364  
forward:               0.8500             -0.7809              0.3378              0.0368  
forward:               0.9000             -0.8083             -0.4706              0.0371  
forward:               0.9500             -0.7973             -1.2678              0.0373  
forward:               1.0000             -0.7851             -2.0529              0.0376  
backward:              1.0000              0.0000             -2.0529              0.0000  
backward:              0.9500              0.7899             -1.2630              0.0064  
backward:              0.9000              0.8060             -0.4570              0.0088  
backward:              0.8500              0.7894              0.3325              0.0128  
backward:              0.8000              0.7877              1.1201              0.0145  
backward:              0.7500              0.7712              1.8913              0.0161  
backward:              0.7000              0.7014              2.5927              0.0173  
backward:              0.6500              0.6068              3.1994              0.0183  
backward:              0.6000              0.4866              3.6861              0.0193  
backward:              0.5500              0.3392              4.0252              0.0207  
backward:              0.5000              0.1525              4.1778              0.0219  
backward:              0.4500              0.0598              4.2376              0.0228  
backward:              0.4000              0.0418              4.2794              0.0235  
backward:              0.3500             -0.0025              4.2769              0.0246  
backward:              0.3000             -0.0547              4.2222              0.0258  
backward:              0.2500             -0.1232              4.0990              0.0275  
backward:              0.2000             -0.2142              3.8849              0.0296  
backward:              0.1500             -0.3735              3.5114              0.0317  
backward:              0.1000             -0.6246              2.8867              0.0373  
backward:              0.0500             -1.0811              1.8056              0.0445  
backward:              0.0000             -1.7396              0.0660              0.0537  
Inaccuracy estimation
======================================================================================================
                   i        i+δi          P0_overlap_P1   δε(forward)/ε   δε(backward)/ε
======================================================================================================
inaccuracy:  0.00000        0.05000           35.26           -0.03            1.85
inaccuracy:  0.05000        0.10000           43.77           -0.06            1.24
inaccuracy:  0.10000        0.15000           51.70           -0.04            0.70
inaccuracy:  0.15000        0.20000           59.33           -0.03            0.41
inaccuracy:  0.20000        0.25000           62.78           -0.02            0.30
inaccuracy:  0.25000        0.30000           66.22           -0.02            0.22
inaccuracy:  0.30000        0.35000           67.82           -0.02            0.20
inaccuracy:  0.35000        0.40000           68.61           -0.03            0.17
inaccuracy:  0.40000        0.45000           68.73           -0.03            0.15
inaccuracy:  0.45000        0.50000           70.18           -0.02            0.14
inaccuracy:  0.50000        0.55000           65.99           -0.07            0.16
inaccuracy:  0.55000        0.60000           65.31           -0.10            0.14
inaccuracy:  0.60000        0.65000           66.10           -0.09            0.11
inaccuracy:  0.65000        0.70000           65.84           -0.10            0.09
inaccuracy:  0.70000        0.75000           66.27           -0.09            0.08
inaccuracy:  0.75000        0.80000           65.33           -0.11            0.08
inaccuracy:  0.80000        0.85000           65.84           -0.10            0.08
inaccuracy:  0.85000        0.90000           65.67           -0.08            0.08
inaccuracy:  0.90000        0.95000           64.92           -0.09            0.08
inaccuracy:  0.95000        1.00000           64.65           -0.10            0.09
===================================================================================================================================
                BAR        
-----------------------------------------------------------------------------------------------------------------------------------
BAR-estimator:         λ             λ+δλ          ΔΔA             ΔA            C               Δδe            δe       
                          
-----------------------------------------------------------------------------------------------------------------------------------
BAR-estimator:      0.00000        0.05000        1.7542         1.7542         1.7542         0.0090         0.0090 
BAR-estimator:      0.05000        0.10000        1.0942         2.8484         1.0942         0.0089         0.0127 
BAR-estimator:      0.10000        0.15000        0.6406         3.4889         0.6406         0.0076         0.0148 
BAR-estimator:      0.15000        0.20000        0.3723         3.8612         0.3723         0.0069         0.0163 
BAR-estimator:      0.20000        0.25000        0.2131         4.0744         0.2131         0.0056         0.0173 
BAR-estimator:      0.25000        0.30000        0.1202         4.1946         0.1202         0.0050         0.0180 
BAR-estimator:      0.30000        0.35000        0.0595         4.2540         0.0595         0.0045         0.0185 
BAR-estimator:      0.35000        0.40000        0.0075         4.2616         0.0075         0.0040         0.0189 
BAR-estimator:      0.40000        0.45000       -0.0270         4.2345        -0.0270         0.0034         0.0193 
BAR-estimator:      0.45000        0.50000       -0.0576         4.1770        -0.0576         0.0033         0.0195 
BAR-estimator:      0.50000        0.55000       -0.1597         4.0173        -0.1597         0.0040         0.0199 
BAR-estimator:      0.55000        0.60000       -0.3342         3.6830        -0.3342         0.0038         0.0203 
BAR-estimator:      0.60000        0.65000       -0.4869         3.1961        -0.4869         0.0037         0.0206 
BAR-estimator:      0.65000        0.70000       -0.6123         2.5839        -0.6123         0.0033         0.0209 
BAR-estimator:      0.70000        0.75000       -0.7032         1.8807        -0.7032         0.0040         0.0213 
BAR-estimator:      0.75000        0.80000       -0.7573         1.1234        -0.7573         0.0038         0.0216 
BAR-estimator:      0.80000        0.85000       -0.7844         0.3390        -0.7844         0.0037         0.0220 
BAR-estimator:      0.85000        0.90000       -0.8022        -0.4632        -0.8022         0.0036         0.0222 
BAR-estimator:      0.90000        0.95000       -0.8011        -1.2643        -0.8011         0.0036         0.0225 
BAR-estimator:      0.95000        1.00000       -0.7894        -2.0537        -0.7894         0.0042         0.0229 
BAR-estimator: total free energy change is -2.053746267780566 , total error is 0.02292720485852782
