#========================================================================================
#                     Free energy perturbation    
#----------------------------------------------------------------------------------------
#forward/backward          λ              ΔΔA                 ΔA                  δε   
#                                                 
#----------------------------------------------------------------------------------------
forward:               0.0000              0.0000              0.0000              0.0000  
forward:               0.0500              2.5601              2.5601              0.0324  
forward:               0.1000              1.5543              4.1145              0.0390  
forward:               0.1500              0.7969              4.9113              0.0417  
forward:               0.2000              0.4528              5.3641              0.0427  
forward:               0.2500              0.2320              5.5961              0.0440  
forward:               0.3000              0.1212              5.7173              0.0447  
forward:               0.3500              0.0406              5.7579              0.0452  
forward:               0.4000             -0.0270              5.7308              0.0457  
forward:               0.4500             -0.0732              5.6576              0.0461  
forward:               0.5000             -0.1017              5.5560              0.0464  
forward:               0.5500             -0.1561              5.3999              0.0467  
forward:               0.6000             -0.2664              5.1334              0.0471  
forward:               0.6500             -0.3485              4.7849              0.0474  
forward:               0.7000             -0.4269              4.3580              0.0477  
forward:               0.7500             -0.4889              3.8692              0.0480  
forward:               0.8000             -0.5462              3.3230              0.0483  
forward:               0.8500             -0.5926              2.7304              0.0486  
forward:               0.9000             -0.6183              2.1120              0.0489  
forward:               0.9500             -0.6553              1.4567              0.0492  
forward:               1.0000             -0.6613              0.7954              0.0494  
backward:              1.0000              0.0000              0.7954              0.0000  
backward:              0.9500              0.6675              1.4629              0.0059  
backward:              0.9000              0.6389              2.1018              0.0086  
backward:              0.8500              0.6252              2.7269              0.0106  
backward:              0.8000              0.5853              3.3122              0.0129  
backward:              0.7500              0.5438              3.8560              0.0148  
backward:              0.7000              0.5042              4.3602              0.0160  
backward:              0.6500              0.4045              4.7647              0.0175  
backward:              0.6000              0.3574              5.1221              0.0186  
backward:              0.5500              0.2587              5.3808              0.0196  
backward:              0.5000              0.1522              5.5330              0.0209  
backward:              0.4500              0.1113              5.6444              0.0218  
backward:              0.4000              0.0665              5.7108              0.0229  
backward:              0.3500              0.0191              5.7299              0.0244  
backward:              0.3000             -0.0393              5.6906              0.0259  
backward:              0.2500             -0.1072              5.5834              0.0280  
backward:              0.2000             -0.2408              5.3425              0.0301  
backward:              0.1500             -0.4291              4.9134              0.0337  
backward:              0.1000             -0.7758              4.1376              0.0388  
backward:              0.0500             -1.4537              2.6839              0.0522  
backward:              0.0000             -2.6076              0.0762              0.1013  
Inaccuracy estimation
======================================================================================================
                   i        i+δi          P0_overlap_P1   δε(forward)/ε   δε(backward)/ε
======================================================================================================
inaccuracy:  0.00000        0.05000           25.77            0.08            3.28
inaccuracy:  0.05000        0.10000           33.38           -0.07            2.02
inaccuracy:  0.10000        0.15000           46.20           -0.06            1.01
inaccuracy:  0.15000        0.20000           54.41           -0.05            0.55
inaccuracy:  0.20000        0.25000           60.43           -0.03            0.36
inaccuracy:  0.25000        0.30000           61.78           -0.03            0.29
inaccuracy:  0.30000        0.35000           64.88           -0.04            0.22
inaccuracy:  0.35000        0.40000           66.90           -0.03            0.20
inaccuracy:  0.40000        0.45000           67.30           -0.02            0.17
inaccuracy:  0.45000        0.50000           67.76           -0.04            0.16
inaccuracy:  0.50000        0.55000           65.77           -0.06            0.17
inaccuracy:  0.55000        0.60000           66.80           -0.05            0.14
inaccuracy:  0.60000        0.65000           65.58           -0.07            0.13
inaccuracy:  0.65000        0.70000           67.36           -0.05            0.11
inaccuracy:  0.70000        0.75000           65.98           -0.07            0.11
inaccuracy:  0.75000        0.80000           66.30           -0.07            0.10
inaccuracy:  0.80000        0.85000           66.80           -0.08            0.10
inaccuracy:  0.85000        0.90000           65.71           -0.06            0.10
inaccuracy:  0.90000        0.95000           67.45           -0.06            0.10
inaccuracy:  0.95000        1.00000           65.94           -0.08            0.10
===================================================================================================================================
                BAR        
-----------------------------------------------------------------------------------------------------------------------------------
BAR-estimator:         λ             λ+δλ          ΔΔA             ΔA            C               Δδe            δe       
                          
-----------------------------------------------------------------------------------------------------------------------------------
BAR-estimator:      0.00000        0.05000        2.5649         2.5649         2.5649         0.0129         0.0129 
BAR-estimator:      0.05000        0.10000        1.5268         4.0917         1.5268         0.0111         0.0170 
BAR-estimator:      0.10000        0.15000        0.8034         4.8951         0.8034         0.0091         0.0193 
BAR-estimator:      0.15000        0.20000        0.4454         5.3406         0.4454         0.0061         0.0203 
BAR-estimator:      0.20000        0.25000        0.2343         5.5748         0.2343         0.0066         0.0213 
BAR-estimator:      0.25000        0.30000        0.1191         5.6939         0.1191         0.0054         0.0220 
BAR-estimator:      0.30000        0.35000        0.0374         5.7313         0.0374         0.0046         0.0225 
BAR-estimator:      0.35000        0.40000       -0.0223         5.7090        -0.0223         0.0043         0.0229 
BAR-estimator:      0.40000        0.45000       -0.0710         5.6380        -0.0710         0.0043         0.0233 
BAR-estimator:      0.45000        0.50000       -0.1042         5.5339        -0.1042         0.0033         0.0235 
BAR-estimator:      0.50000        0.55000       -0.1515         5.3823        -0.1515         0.0037         0.0238 
BAR-estimator:      0.55000        0.60000       -0.2617         5.1206        -0.2617         0.0039         0.0241 
BAR-estimator:      0.60000        0.65000       -0.3508         4.7698        -0.3508         0.0037         0.0244 
BAR-estimator:      0.65000        0.70000       -0.4198         4.3500        -0.4198         0.0037         0.0247 
BAR-estimator:      0.70000        0.75000       -0.4948         3.8553        -0.4948         0.0040         0.0250 
BAR-estimator:      0.75000        0.80000       -0.5488         3.3064        -0.5488         0.0042         0.0253 
BAR-estimator:      0.80000        0.85000       -0.5903         2.7161        -0.5903         0.0041         0.0257 
BAR-estimator:      0.85000        0.90000       -0.6192         2.0969        -0.6192         0.0040         0.0260 
BAR-estimator:      0.90000        0.95000       -0.6479         1.4490        -0.6479         0.0041         0.0263 
BAR-estimator:      0.95000        1.00000       -0.6619         0.7871        -0.6619         0.0035         0.0265 
BAR-estimator: total free energy change is 0.7871382827663727 , total error is 0.026524726669001138
