#========================================================================================
#                     Free energy perturbation    
#----------------------------------------------------------------------------------------
#forward/backward          λ              ΔΔA                 ΔA                  δε   
#                                                 
#----------------------------------------------------------------------------------------
forward:               0.0000              0.0000              0.0000              0.0000  
forward:               0.0500              4.8952              4.8952              0.1472  
forward:               0.1000              2.6130              7.5082              0.1530  
forward:               0.1500              1.2281              8.7363              0.1558  
forward:               0.2000              0.5391              9.2754              0.1567  
forward:               0.2500              0.1854              9.4609              0.1573  
forward:               0.3000             -0.0203              9.4405              0.1576  
forward:               0.3500             -0.1254              9.3151              0.1578  
forward:               0.4000             -0.2020              9.1131              0.1579  
forward:               0.4500             -0.2782              8.8349              0.1581  
forward:               0.5000             -0.3209              8.5140              0.1582  
forward:               0.5500             -0.5693              7.9447              0.1585  
forward:               0.6000             -1.0038              6.9409              0.1587  
forward:               0.6500             -1.3529              5.5880              0.1589  
forward:               0.7000             -1.7239              3.8641              0.1591  
forward:               0.7500             -1.8918              1.9723              0.1595  
forward:               0.8000             -2.0715             -0.0992              0.1597  
forward:               0.8500             -2.2229             -2.3220              0.1600  
forward:               0.9000             -2.4262             -4.7483              0.1610  
forward:               0.9500             -2.4872             -7.2354              0.1619  
forward:               1.0000             -2.5497             -9.7851              0.1631  
backward:              1.0000              0.0000             -9.7851              0.0000  
backward:              0.9500              2.5188             -7.2664              0.0196  
backward:              0.9000              2.4233             -4.8431              0.0215  
backward:              0.8500              2.3356             -2.5075              0.0235  
backward:              0.8000              2.1666             -0.3409              0.0516  
backward:              0.7500              2.0748              1.7339              0.0527  
backward:              0.7000              1.8678              3.6017              0.0539  
backward:              0.6500              1.6629              5.2646              0.0555  
backward:              0.6000              1.3529              6.6175              0.0562  
backward:              0.5500              1.0037              7.6213              0.0572  
backward:              0.5000              0.5746              8.1958              0.0582  
backward:              0.4500              0.3086              8.5044              0.0589  
backward:              0.4000              0.2722              8.7766              0.0597  
backward:              0.3500              0.2017              8.9783              0.0604  
backward:              0.3000              0.1225              9.1008              0.0614  
backward:              0.2500              0.0304              9.1312              0.0623  
backward:              0.2000             -0.1747              8.9566              0.0637  
backward:              0.1500             -0.5430              8.4135              0.0672  
backward:              0.1000             -1.1516              7.2619              0.0793  
backward:              0.0500             -2.5255              4.7364              0.1041  
backward:              0.0000             -4.8471             -0.1106              0.1861  
Inaccuracy estimation
======================================================================================================
                   i        i+δi          P0_overlap_P1   δε(forward)/ε   δε(backward)/ε
======================================================================================================
inaccuracy:  0.00000        0.05000            9.21            1.45            9.20
inaccuracy:  0.05000        0.10000           21.04            0.07            4.15
inaccuracy:  0.10000        0.15000           32.24           -0.15            2.00
inaccuracy:  0.15000        0.20000           45.41           -0.11            0.90
inaccuracy:  0.20000        0.25000           52.54           -0.08            0.56
inaccuracy:  0.25000        0.30000           56.56           -0.07            0.37
inaccuracy:  0.30000        0.35000           59.01           -0.06            0.30
inaccuracy:  0.35000        0.40000           60.28           -0.07            0.24
inaccuracy:  0.40000        0.45000           62.38           -0.06            0.19
inaccuracy:  0.45000        0.50000           63.79           -0.04            0.18
inaccuracy:  0.50000        0.55000           52.64           -0.25            0.26
inaccuracy:  0.55000        0.60000           53.53           -0.31            0.15
inaccuracy:  0.60000        0.65000           54.77           -0.31            0.08
inaccuracy:  0.65000        0.70000           56.63           -0.27            0.02
inaccuracy:  0.70000        0.75000           55.93           -0.32           -0.01
inaccuracy:  0.75000        0.80000           54.15           -0.34           -0.04
inaccuracy:  0.80000        0.85000           54.33           -0.44           -0.07
inaccuracy:  0.85000        0.90000           57.43           -0.30           -0.08
inaccuracy:  0.90000        0.95000           55.70           -0.36           -0.09
inaccuracy:  0.95000        1.00000           53.43           -0.41           -0.12
===================================================================================================================================
                BAR        
-----------------------------------------------------------------------------------------------------------------------------------
BAR-estimator:         λ             λ+δλ          ΔΔA             ΔA            C               Δδe            δe       
                          
-----------------------------------------------------------------------------------------------------------------------------------
BAR-estimator:      0.00000        0.05000        5.0328         5.0328         5.0328         0.0246         0.0246 
BAR-estimator:      0.05000        0.10000        2.6028         7.6356         2.6028         0.0183         0.0307 
BAR-estimator:      0.10000        0.15000        1.2190         8.8546         1.2190         0.0154         0.0344 
BAR-estimator:      0.15000        0.20000        0.5516         9.4063         0.5516         0.0103         0.0359 
BAR-estimator:      0.20000        0.25000        0.1940         9.6003         0.1940         0.0087         0.0369 
BAR-estimator:      0.25000        0.30000       -0.0199         9.5804        -0.0199         0.0063         0.0375 
BAR-estimator:      0.30000        0.35000       -0.1230         9.4575        -0.1230         0.0055         0.0379 
BAR-estimator:      0.35000        0.40000       -0.2028         9.2547        -0.2028         0.0051         0.0382 
BAR-estimator:      0.40000        0.45000       -0.2784         8.9763        -0.2784         0.0047         0.0385 
BAR-estimator:      0.45000        0.50000       -0.3117         8.6646        -0.3117         0.0045         0.0388 
BAR-estimator:      0.50000        0.55000       -0.5725         8.0921        -0.5725         0.0058         0.0392 
BAR-estimator:      0.55000        0.60000       -1.0048         7.0873        -1.0048         0.0050         0.0395 
BAR-estimator:      0.60000        0.65000       -1.3539         5.7334        -1.3539         0.0049         0.0398 
BAR-estimator:      0.65000        0.70000       -1.6891         4.0443        -1.6891         0.0049         0.0401 
BAR-estimator:      0.70000        0.75000       -1.8776         2.1667        -1.8776         0.0074         0.0408 
BAR-estimator:      0.75000        0.80000       -2.0751         0.0916        -2.0751         0.0051         0.0411 
BAR-estimator:      0.80000        0.85000       -2.2273        -2.1357        -2.2273         0.0051         0.0414 
BAR-estimator:      0.85000        0.90000       -2.3707        -4.5064        -2.3707         0.0093         0.0424 
BAR-estimator:      0.90000        0.95000       -2.4479        -6.9543        -2.4479         0.0078         0.0432 
BAR-estimator:      0.95000        1.00000       -2.5394        -9.4937        -2.5394         0.0057         0.0435 
BAR-estimator: total free energy change is -9.493674859313058 , total error is 0.0435356859923199
