#========================================================================================
#                     Free energy perturbation    
#----------------------------------------------------------------------------------------
#forward/backward          λ              ΔΔA                 ΔA                  δε   
#                                                 
#----------------------------------------------------------------------------------------
forward:               0.0000              0.0000              0.0000              0.0000  
forward:               0.0500              0.2521              0.2521              0.0071  
forward:               0.1000              0.1896              0.4417              0.0089  
forward:               0.1500              0.1657              0.6074              0.0099  
forward:               0.2000              0.1496              0.7570              0.0106  
forward:               0.2500              0.1374              0.8944              0.0114  
forward:               0.3000              0.1293              1.0237              0.0120  
forward:               0.3500              0.1302              1.1539              0.0126  
forward:               0.4000              0.1156              1.2695              0.0129  
forward:               0.4500              0.1180              1.3876              0.0134  
forward:               0.5000              0.1099              1.4975              0.0137  
forward:               0.5500              0.1062              1.6036              0.0140  
forward:               0.6000              0.0971              1.7008              0.0142  
forward:               0.6500              0.0987              1.7995              0.0145  
forward:               0.7000              0.0946              1.8940              0.0149  
forward:               0.7500              0.0940              1.9880              0.0152  
forward:               0.8000              0.0844              2.0724              0.0155  
forward:               0.8500              0.0913              2.1637              0.0157  
forward:               0.9000              0.0828              2.2465              0.0159  
forward:               0.9500              0.0829              2.3294              0.0160  
forward:               1.0000              0.0811              2.4105              0.0162  
backward:              1.0000              0.0000              2.4105              0.0000  
backward:              0.9500             -0.0799              2.3305              0.0032  
backward:              0.9000             -0.0860              2.2445              0.0044  
backward:              0.8500             -0.0873              2.1572              0.0053  
backward:              0.8000             -0.0838              2.0735              0.0061  
backward:              0.7500             -0.0850              1.9884              0.0067  
backward:              0.7000             -0.0927              1.8957              0.0073  
backward:              0.6500             -0.0926              1.8031              0.0079  
backward:              0.6000             -0.1014              1.7017              0.0085  
backward:              0.5500             -0.1008              1.6009              0.0091  
backward:              0.5000             -0.1107              1.4902              0.0096  
backward:              0.4500             -0.1051              1.3851              0.0108  
backward:              0.4000             -0.1143              1.2708              0.0113  
backward:              0.3500             -0.1075              1.1633              0.0120  
backward:              0.3000             -0.1258              1.0375              0.0127  
backward:              0.2500             -0.1358              0.9017              0.0143  
backward:              0.2000             -0.1412              0.7605              0.0148  
backward:              0.1500             -0.1473              0.6132              0.0154  
backward:              0.1000             -0.1804              0.4328              0.0162  
backward:              0.0500             -0.1901              0.2427              0.0171  
backward:              0.0000             -0.2593             -0.0166              0.0198  
Inaccuracy estimation
======================================================================================================
                   i        i+δi          P0_overlap_P1   δε(forward)/ε   δε(backward)/ε
======================================================================================================
inaccuracy:  0.00000        0.05000           75.62           -0.00            0.18
inaccuracy:  0.05000        0.10000           80.09           -0.00            0.12
inaccuracy:  0.10000        0.15000           83.65           -0.00            0.09
inaccuracy:  0.15000        0.20000           81.55           -0.00            0.08
inaccuracy:  0.20000        0.25000           83.16           -0.00            0.07
inaccuracy:  0.25000        0.30000           83.35           -0.00            0.07
inaccuracy:  0.30000        0.35000           82.51           -0.00            0.07
inaccuracy:  0.35000        0.40000           82.26           -0.00            0.06
inaccuracy:  0.40000        0.45000           82.98           -0.00            0.06
inaccuracy:  0.45000        0.50000           82.67           -0.00            0.06
inaccuracy:  0.50000        0.55000           84.00           -0.00            0.05
inaccuracy:  0.55000        0.60000           84.46           -0.00            0.05
inaccuracy:  0.60000        0.65000           84.20           -0.00            0.05
inaccuracy:  0.65000        0.70000           83.60           -0.00            0.06
inaccuracy:  0.70000        0.75000           83.45           -0.00            0.06
inaccuracy:  0.75000        0.80000           84.07           -0.00            0.05
inaccuracy:  0.80000        0.85000           82.56           -0.00            0.05
inaccuracy:  0.85000        0.90000           84.10           -0.00            0.05
inaccuracy:  0.90000        0.95000           83.79           -0.00            0.05
inaccuracy:  0.95000        1.00000           83.16           -0.00            0.05
===================================================================================================================================
                BAR        
-----------------------------------------------------------------------------------------------------------------------------------
BAR-estimator:         λ             λ+δλ          ΔΔA             ΔA            C               Δδe            δe       
                          
-----------------------------------------------------------------------------------------------------------------------------------
BAR-estimator:      0.00000        0.05000        0.2513         0.2513         0.2513         0.0050         0.0050 
BAR-estimator:      0.05000        0.10000        0.1909         0.4422         0.1909         0.0037         0.0062 
BAR-estimator:      0.10000        0.15000        0.1724         0.6146         0.1724         0.0030         0.0069 
BAR-estimator:      0.15000        0.20000        0.1492         0.7638         0.1492         0.0027         0.0074 
BAR-estimator:      0.20000        0.25000        0.1389         0.9027         0.1389         0.0028         0.0079 
BAR-estimator:      0.25000        0.30000        0.1304         1.0331         0.1304         0.0025         0.0083 
BAR-estimator:      0.30000        0.35000        0.1299         1.1629         0.1299         0.0025         0.0087 
BAR-estimator:      0.35000        0.40000        0.1125         1.2754         0.1125         0.0022         0.0090 
BAR-estimator:      0.40000        0.45000        0.1166         1.3920         0.1166         0.0024         0.0093 
BAR-estimator:      0.45000        0.50000        0.1072         1.4993         0.1072         0.0022         0.0095 
BAR-estimator:      0.50000        0.55000        0.1080         1.6073         0.1080         0.0024         0.0098 
BAR-estimator:      0.55000        0.60000        0.0990         1.7063         0.0990         0.0020         0.0100 
BAR-estimator:      0.60000        0.65000        0.1002         1.8066         0.1002         0.0022         0.0103 
BAR-estimator:      0.65000        0.70000        0.0945         1.9010         0.0945         0.0025         0.0106 
BAR-estimator:      0.70000        0.75000        0.0933         1.9943         0.0933         0.0024         0.0108 
BAR-estimator:      0.75000        0.80000        0.0846         2.0789         0.0846         0.0022         0.0110 
BAR-estimator:      0.80000        0.85000        0.0877         2.1667         0.0877         0.0019         0.0112 
BAR-estimator:      0.85000        0.90000        0.0842         2.2509         0.0842         0.0021         0.0114 
BAR-estimator:      0.90000        0.95000        0.0837         2.3346         0.0837         0.0021         0.0116 
BAR-estimator:      0.95000        1.00000        0.0802         2.4148         0.0802         0.0020         0.0118 
BAR-estimator: total free energy change is 2.4147836874191135 , total error is 0.011768753211237383
